====
Starting job 2043560 at Fri 24 Apr 02:39:58 BST 2020 for user dc-rope1.
Running on nodes: m6004
====
434
('03', '001_z014p000', '002_z013p000', '003_z012p000')
Reading in 'PartType1/ParticleIDs' for z = 13.0 using 8 thread(s) took 16.221377s
Reading in 'PartType1/ParticleIDs' for z = 13.0 using 8 thread(s) took 0.18543s
Reading in 'PartType1/GroupNumber' for z = 13.0 using 8 thread(s) took 0.07849s
Reading in 'PartType1/SubGroupNumber' for z = 13.0 using 8 thread(s) took 0.084942s
Reading in 'PartType1/GroupNumber' for z = 14.0 using 8 thread(s) took 2.736275s
Reading in 'PartType1/SubGroupNumber' for z = 14.0 using 8 thread(s) took 0.473794s
Reading in 'PartType1/ParticleIDs' for z = 14.0 using 8 thread(s) took 0.484654s
Reading in 'PartType1/GroupNumber' for z = 12.0 using 8 thread(s) took 3.873426s
Reading in 'PartType1/SubGroupNumber' for z = 12.0 using 8 thread(s) took 1.137279s
Reading in 'PartType1/ParticleIDs' for z = 12.0 using 8 thread(s) took 1.51903s
Graph progress:  0 % 4710.0
Graph progress:  1 % 2129.0
Graph progress:  2 % 6767.0
Graph progress:  3 % 17581.0
Graph progress:  4 % 6534.0
Graph progress:  5 % 6441.0
Graph progress:  6 % 23377.0
Graph progress:  7 % 12164.00001
Graph progress:  8 % 13180.0
Graph progress:  9 % 19528.0
Graph progress:  10 % 21680.0
Graph progress:  11 % 11702.0
Graph progress:  12 % 7252.0
Graph progress:  13 % 21944.0
Graph progress:  14 % 690.00001
Graph progress:  15 % 8084.0
Graph progress:  16 % 14232.0
Graph progress:  17 % 3836.0
Graph progress:  18 % 97.00002
Graph progress:  19 % 70.0
Graph progress:  20 % 12467.0
Graph progress:  21 % 6569.0
Graph progress:  22 % 5453.00001
Graph progress:  23 % 6510.0
Graph progress:  24 % 10832.0
Graph progress:  25 % 19693.0
Graph progress:  26 % 13105.0
Graph progress:  27 % 12310.0
Graph progress:  28 % 14576.0
Graph progress:  29 % 7790.0
Graph progress:  30 % 22346.0
Graph progress:  31 % 512.00001
Graph progress:  32 % 13212.0
Graph progress:  33 % 34.00001
Graph progress:  34 % 3542.0
Graph progress:  35 % 12348.0
Graph progress:  36 % 19392.0
Graph progress:  37 % 416.00001
Graph progress:  38 % 14104.0
Graph progress:  39 % 22715.0
Graph progress:  40 % 18572.0
Graph progress:  41 % 5938.0
Graph progress:  42 % 10505.0
Graph progress:  43 % 8351.0
Graph progress:  44 % 6444.0
Graph progress:  45 % 19021.0
Graph progress:  46 % 1304.0
Graph progress:  47 % 14.00001
Graph progress:  48 % 11380.0
Graph progress:  49 % 3268.0
Graph progress:  50 % 6339.0
Graph progress:  51 % 17144.0
Graph progress:  52 % 14640.0
Graph progress:  53 % 22021.0
Graph progress:  54 % 8803.0
Graph progress:  55 % 23308.0
Graph progress:  56 % 17815.0
Graph progress:  57 % 8180.0
Graph progress:  58 % 15712.0
Graph progress:  59 % 14788.0
Graph progress:  60 % 2967.0
Graph progress:  61 % 6399.0
Graph progress:  62 % 19317.0
Graph progress:  63 % 1145.0
Graph progress:  64 % 20148.0
Graph progress:  65 % 20146.0
Graph progress:  66 % 15085.0
Graph progress:  67 % 13526.0
Graph progress:  68 % 13791.0
Graph progress:  69 % 8536.0
Graph progress:  70 % 16342.0
Graph progress:  71 % 20591.0
Graph progress:  72 % 19291.0
Graph progress:  73 % 5388.0
Graph progress:  74 % 2153.0
Graph progress:  75 % 14752.0
Graph progress:  76 % 21389.0
Graph progress:  77 % 16287.0
Graph progress:  78 % 13459.0
Graph progress:  79 % 11269.0
Graph progress:  80 % 10615.0
Graph progress:  81 % 8995.0
Graph progress:  82 % 4724.0
Graph progress:  83 % 7549.0
Graph progress:  84 % 4873.0
Graph progress:  85 % 5035.0
Graph progress:  86 % 20958.0
Graph progress:  87 % 17674.0
Graph progress:  88 % 11051.0
Graph progress:  89 % 1559.0
Graph progress:  90 % 4953.0
Graph progress:  91 % 13174.0
Graph progress:  92 % 9214.0
Graph progress:  93 % 4329.0
Graph progress:  94 % 8748.0
Graph progress:  95 % 1481.0
Graph progress:  96 % 5943.0
Graph progress:  97 % 1183.00001
Graph progress:  98 % 21205.0
Graph progress:  99 % 12764.00001
Processed 26231 halos in snapshot 002_z013p000 of particle type 1
Reading in 'PartType4/ParticleIDs' for z = 13.0 using 8 thread(s) took 0.471739s
Reading in 'PartType4/ParticleIDs' for z = 14.0 using 8 thread(s) took 0.588506s
Reading in 'Subhalo/SubGroupNumber' for z = 14.0 using 8 thread(s) took 0.714294s
Reading in 'Subhalo/GroupNumber' for z = 14.0 using 8 thread(s) took 0.621348s
Reading in 'Subhalo/ApertureMeasurements/Mass/030kpc' for z = 14.0 using 8 thread(s) took 0.639442s
Reading in 'PartType4/Mass' for z = 14.0 using 8 thread(s) took 0.589294s
Reading in 'PartType4/ParticleIDs' for z = 12.0 using 8 thread(s) took 1.982669s
Reading in 'Subhalo/SubGroupNumber' for z = 12.0 using 8 thread(s) took 3.533052s
Reading in 'Subhalo/GroupNumber' for z = 12.0 using 8 thread(s) took 0.49573s
Reading in 'Subhalo/ApertureMeasurements/Mass/030kpc' for z = 12.0 using 8 thread(s) took 0.507499s
Reading in 'PartType4/Mass' for z = 12.0 using 8 thread(s) took 0.436618s
Reading in 'PartType4/ParticleIDs' for z = 13.0 using 8 thread(s) took 0.43618s
Reading in 'PartType4/GroupNumber' for z = 13.0 using 8 thread(s) took 0.462447s
Reading in 'PartType4/SubGroupNumber' for z = 13.0 using 8 thread(s) took 0.435493s
Reading in 'PartType4/GroupNumber' for z = 14.0 using 8 thread(s) took 0.427533s
Reading in 'PartType4/SubGroupNumber' for z = 14.0 using 8 thread(s) took 0.436378s
Reading in 'PartType4/ParticleIDs' for z = 14.0 using 8 thread(s) took 0.436573s
Reading in 'PartType4/GroupNumber' for z = 12.0 using 8 thread(s) took 0.431825s
Reading in 'PartType4/SubGroupNumber' for z = 12.0 using 8 thread(s) took 0.447772s
Reading in 'PartType4/ParticleIDs' for z = 12.0 using 8 thread(s) took 0.437949s
Graph progress:  0 % 30.0
Graph progress:  1 % 158.0
Graph progress:  2 % 436.0
Graph progress:  3 % 724.0
Graph progress:  4 % 4809.0
Graph progress:  5 % 85.0
Graph progress:  6 % 1857.0
Graph progress:  7 % 2370.0
Graph progress:  8 % 5300.0
Graph progress:  9 % 464.0
Graph progress:  10 % 793.0
Graph progress:  11 % 300.0
Graph progress:  12 % 1351.0
Graph progress:  13 % 1.00004
Graph progress:  14 % 621.0
Graph progress:  15 % 9.00001
Graph progress:  16 % 438.0
Graph progress:  17 % 760.0
Graph progress:  18 % 508.0
Graph progress:  19 % 157.0
Graph progress:  20 % 1255.0
Graph progress:  21 % 1774.0
Graph progress:  22 % 39.00001
Graph progress:  23 % 2389.0
Graph progress:  24 % 1566.0
Graph progress:  25 % 2038.0
Graph progress:  26 % 1983.0
Graph progress:  27 % 929.0
Graph progress:  28 % 262.0
Graph progress:  29 % 661.0
Graph progress:  30 % 703.0
Graph progress:  31 % 1429.0
Graph progress:  32 % 242.0
Graph progress:  33 % 638.0
Graph progress:  34 % 658.0
Graph progress:  35 % 361.0
Graph progress:  36 % 5870.0
Graph progress:  37 % 613.0
Graph progress:  38 % 4160.0
Graph progress:  39 % 1377.0
Graph progress:  40 % 401.0
Graph progress:  41 % 2678.0
Graph progress:  42 % 622.0
Graph progress:  43 % 551.0
Graph progress:  44 % 930.0
Graph progress:  45 % 809.0
Graph progress:  46 % 224.0
Graph progress:  47 % 2259.0
Graph progress:  48 % 526.0
Graph progress:  49 % 291.0
Graph progress:  50 % 203.0
Graph progress:  51 % 1976.0
Graph progress:  52 % 54.0
Graph progress:  53 % 702.0
Graph progress:  54 % 1261.0
Graph progress:  55 % 1314.0
Graph progress:  56 % 1954.0
Graph progress:  57 % 338.00001
Graph progress:  58 % 967.00001
Graph progress:  59 % 619.0
Graph progress:  60 % 261.0
Graph progress:  61 % 215.0
Graph progress:  62 % 4000.0
Graph progress:  63 % 17.0
Graph progress:  64 % 1241.0
Graph progress:  65 % 3.0
Graph progress:  66 % 55.0
Graph progress:  67 % 872.0
Graph progress:  68 % 6801.0
Graph progress:  69 % 129.0
Graph progress:  70 % 3003.0
Graph progress:  71 % 399.0
Graph progress:  72 % 10825.0
Graph progress:  73 % 721.0
Graph progress:  74 % 1102.0
Graph progress:  75 % 1441.0
Graph progress:  76 % 77.00001
Graph progress:  77 % 799.0
Graph progress:  78 % 1409.0
Graph progress:  79 % 148.0
Graph progress:  80 % 379.0
Graph progress:  81 % 497.0
Graph progress:  82 % 2673.0
Graph progress:  83 % 711.0
Graph progress:  84 % 709.0
Graph progress:  85 % 127.0
Graph progress:  86 % 189.0
Graph progress:  87 % 1238.0
Graph progress:  88 % 104.00002
Graph progress:  89 % 568.0
Graph progress:  90 % 1093.0
Graph progress:  91 % 3939.0
Graph progress:  92 % 4711.0
Graph progress:  93 % 2369.0
Graph progress:  94 % 408.0
Graph progress:  95 % 2084.0
Graph progress:  96 % 1479.0
Graph progress:  97 % 2.00008
Graph progress:  98 % 600.0
Graph progress:  99 % 1962.0
Processed 1715 halos in snapshot 002_z013p000 of particle type 4
Reading in 'PartType5/ParticleIDs' for z = 13.0 using 8 thread(s) took 0.767198s
Reading in 'PartType5/ParticleIDs' for z = 14.0 using 8 thread(s) took 2.825584s
Reading in 'Subhalo/SubGroupNumber' for z = 14.0 using 8 thread(s) took 0.544026s
Reading in 'Subhalo/GroupNumber' for z = 14.0 using 8 thread(s) took 0.494146s
Reading in 'Subhalo/ApertureMeasurements/Mass/030kpc' for z = 14.0 using 8 thread(s) took 0.491266s
Reading in 'PartType5/Mass' for z = 14.0 using 8 thread(s) took 0.430366s
Reading in 'PartType5/ParticleIDs' for z = 12.0 using 8 thread(s) took 1.344814s
Reading in 'Subhalo/SubGroupNumber' for z = 12.0 using 8 thread(s) took 0.532597s
Reading in 'Subhalo/GroupNumber' for z = 12.0 using 8 thread(s) took 0.46161s
Reading in 'Subhalo/ApertureMeasurements/Mass/030kpc' for z = 12.0 using 8 thread(s) took 0.512736s
Reading in 'PartType5/Mass' for z = 12.0 using 8 thread(s) took 0.43579s
Reading in 'PartType5/ParticleIDs' for z = 13.0 using 8 thread(s) took 0.454216s
Reading in 'PartType5/GroupNumber' for z = 13.0 using 8 thread(s) took 0.448466s
Reading in 'PartType5/SubGroupNumber' for z = 13.0 using 8 thread(s) took 0.450529s
Reading in 'PartType5/GroupNumber' for z = 14.0 using 8 thread(s) took 0.424005s
Reading in 'PartType5/SubGroupNumber' for z = 14.0 using 8 thread(s) took 0.427101s
Reading in 'PartType5/ParticleIDs' for z = 14.0 using 8 thread(s) took 0.433055s
Reading in 'PartType5/GroupNumber' for z = 12.0 using 8 thread(s) took 0.439664s
Reading in 'PartType5/SubGroupNumber' for z = 12.0 using 8 thread(s) took 0.431636s
Reading in 'PartType5/ParticleIDs' for z = 12.0 using 8 thread(s) took 0.447721s
Graph progress:  0 % 4.00001
Graph progress:  3 % 21.0
Graph progress:  7 % 6.0
Graph progress:  11 % 1.00011
Graph progress:  14 % 1.00003
Graph progress:  18 % 9.0
Graph progress:  22 % 13.0
Graph progress:  25 % 5.0
Graph progress:  29 % 10.0
Graph progress:  33 % 14.00001
Graph progress:  37 % 16.0
Graph progress:  40 % 17.0
Graph progress:  44 % 3.0
Graph progress:  48 % 41.0
Graph progress:  51 % 12.00003
Graph progress:  55 % 18.00001
Graph progress:  59 % 20.0
Graph progress:  62 % 8.00002
Graph progress:  66 % 8.00004
Graph progress:  70 % 7.0
Graph progress:  74 % 19.0
Graph progress:  77 % 78.00001
Graph progress:  81 % 194.0
Graph progress:  85 % 2.00001
Graph progress:  88 % 11.0
Graph progress:  92 % 2.00002
Graph progress:  96 % 2.00008
Processed 27 halos in snapshot 002_z013p000 of particle type 5
Reading in 'PartType0/ParticleIDs' for z = 13.0 using 8 thread(s) took 11.07363s
Reading in 'PartType0/ParticleIDs' for z = 14.0 using 8 thread(s) took 10.944608s
Reading in 'Subhalo/SubGroupNumber' for z = 14.0 using 8 thread(s) took 0.567296s
Reading in 'Subhalo/GroupNumber' for z = 14.0 using 8 thread(s) took 0.528064s
Reading in 'Subhalo/ApertureMeasurements/Mass/030kpc' for z = 14.0 using 8 thread(s) took 0.500313s
Reading in 'PartType0/Mass' for z = 14.0 using 8 thread(s) took 0.49347s
Reading in 'PartType0/ParticleIDs' for z = 12.0 using 8 thread(s) took 12.023307s
Reading in 'Subhalo/SubGroupNumber' for z = 12.0 using 8 thread(s) took 0.724112s
Reading in 'Subhalo/GroupNumber' for z = 12.0 using 8 thread(s) took 0.702019s
Reading in 'Subhalo/ApertureMeasurements/Mass/030kpc' for z = 12.0 using 8 thread(s) took 0.690736s
Reading in 'PartType0/Mass' for z = 12.0 using 8 thread(s) took 0.894693s
Reading in 'PartType0/ParticleIDs' for z = 13.0 using 8 thread(s) took 0.947304s
Reading in 'PartType0/GroupNumber' for z = 13.0 using 8 thread(s) took 0.915525s
Reading in 'PartType0/SubGroupNumber' for z = 13.0 using 8 thread(s) took 1.075964s
Reading in 'PartType0/GroupNumber' for z = 14.0 using 8 thread(s) took 1.040683s
Reading in 'PartType0/SubGroupNumber' for z = 14.0 using 8 thread(s) took 1.075806s
Reading in 'PartType0/ParticleIDs' for z = 14.0 using 8 thread(s) took 1.085636s
Reading in 'PartType0/GroupNumber' for z = 12.0 using 8 thread(s) took 1.463616s
Reading in 'PartType0/SubGroupNumber' for z = 12.0 using 8 thread(s) took 1.830965s
Reading in 'PartType0/ParticleIDs' for z = 12.0 using 8 thread(s) took 1.557375s
Graph progress:  0 % 15266.0
Graph progress:  1 % 316.00003
Graph progress:  2 % 2852.0
Graph progress:  3 % 17581.0
Graph progress:  4 % 20366.0
Graph progress:  5 % 1141.00001
Graph progress:  6 % 8853.0
Graph progress:  7 % 19552.0
Graph progress:  8 % 13697.0
Graph progress:  9 % 20766.0
Graph progress:  10 % 17207.0
Graph progress:  11 % 15007.0
Graph progress:  12 % 12244.0
Graph progress:  13 % 10839.0
Graph progress:  14 % 3611.0
Graph progress:  15 % 20037.0
Graph progress:  16 % 745.0
Graph progress:  17 % 2962.0
Graph progress:  18 % 13007.0
Graph progress:  19 % 18774.0
Graph progress:  20 % 15680.0
Graph progress:  21 % 21841.0
Graph progress:  22 % 287.00002
Graph progress:  23 % 20613.0
Graph progress:  24 % 5084.0
Graph progress:  25 % 10486.0
Graph progress:  26 % 15970.0
Graph progress:  27 % 21923.0
Graph progress:  28 % 16345.0
Graph progress:  29 % 16674.0
Graph progress:  30 % 7219.0
Graph progress:  31 % 15458.0
Graph progress:  32 % 22414.0
Graph progress:  33 % 5276.0
Graph progress:  34 % 11180.0
Graph progress:  35 % 23294.0
Graph progress:  36 % 9435.0
Graph progress:  37 % 22718.0
Graph progress:  38 % 7687.0
Graph progress:  39 % 5002.0
Graph progress:  40 % 7603.0
Graph progress:  41 % 13125.0
Graph progress:  42 % 103.00005
Graph progress:  43 % 19852.0
Graph progress:  44 % 5809.0
Graph progress:  45 % 14901.0
Graph progress:  46 % 7625.0
Graph progress:  47 % 11192.0
Graph progress:  48 % 14367.0
Graph progress:  49 % 5994.0
Graph progress:  50 % 5407.0
Graph progress:  51 % 15757.0
Graph progress:  52 % 16446.0
Graph progress:  53 % 2683.0
Graph progress:  54 % 5864.0
Graph progress:  55 % 6620.0
Graph progress:  56 % 17819.0
Graph progress:  57 % 10928.0
Graph progress:  58 % 8215.0
Graph progress:  59 % 10982.0
Graph progress:  60 % 6318.0
Graph progress:  61 % 8662.0
Graph progress:  62 % 13973.0
Graph progress:  63 % 10309.0
Graph progress:  64 % 20871.0
Graph progress:  65 % 80.0
Graph progress:  66 % 7896.00001
Graph progress:  67 % 15699.0
Graph progress:  68 % 3425.0
Graph progress:  69 % 390.0
Graph progress:  70 % 18907.0
Graph progress:  71 % 8912.0
Graph progress:  72 % 8678.0
Graph progress:  73 % 7905.0
Graph progress:  74 % 2153.0
Graph progress:  75 % 7270.0
Graph progress:  76 % 14773.0
Graph progress:  77 % 6866.0
Graph progress:  78 % 6635.0
Graph progress:  79 % 20449.0
Graph progress:  80 % 10605.0
Graph progress:  81 % 20962.0
Graph progress:  82 % 9253.0
Graph progress:  83 % 19220.0
Graph progress:  84 % 16937.0
Graph progress:  85 % 2061.00001
Graph progress:  86 % 14022.0
Graph progress:  87 % 14749.0
Graph progress:  88 % 17869.0
Graph progress:  89 % 18237.0
Graph progress:  90 % 22129.0
Graph progress:  91 % 16470.0
Graph progress:  92 % 4093.0
Graph progress:  93 % 996.0
Graph progress:  94 % 12564.0
Graph progress:  95 % 13958.0
Graph progress:  96 % 8598.0
Graph progress:  97 % 6770.0
Graph progress:  98 % 683.00001
Graph progress:  99 % 13961.0
Processed 26246 halos in snapshot 002_z013p000 of particle type 0
Write progress:  0 % 4710.0
Write progress:  1 % 2129.0
Job done, info follows...
       JobID    JobName  Partition     MaxRSS    Elapsed ExitCode 
------------ ---------- ---------- ---------- ---------- -------- 
2042958_435  MEGA-FLAR+     cosma6              00:05:57      0:0 
2042958_435+     extern                         00:05:57      0:0 
