====
Starting job 2040856 at Wed 22 Apr 06:06:57 BST 2020 for user dc-rope1.
Running on nodes: m7131
====
['000_z020p000', '001_z015p132', '002_z009p993', '003_z008p988', '004_z008p075', '005_z007p050', '006_z005p971', '007_z005p487', '008_z005p037', '009_z004p485', '010_z003p984', '011_z003p528', '012_z003p017', '013_z002p478', '014_z002p237', '015_z002p012', '016_z001p737', '017_z001p487', '018_z001p259', '019_z001p004', '020_z000p865', '021_z000p736', '022_z000p615', '023_z000p503', '024_z000p366', '025_z000p271', '026_z000p183', '027_z000p101', '028_z000p000']
[None, '000_z020p000', '001_z015p132', '002_z009p993', '003_z008p988', '004_z008p075', '005_z007p050', '006_z005p971', '007_z005p487', '008_z005p037', '009_z004p485', '010_z003p984', '011_z003p528', '012_z003p017', '013_z002p478', '014_z002p237', '015_z002p012', '016_z001p737', '017_z001p487', '018_z001p259', '019_z001p004', '020_z000p865', '021_z000p736', '022_z000p615', '023_z000p503', '024_z000p366', '025_z000p271', '026_z000p183', '027_z000p101']
['001_z015p132', '002_z009p993', '003_z008p988', '004_z008p075', '005_z007p050', '006_z005p971', '007_z005p487', '008_z005p037', '009_z004p485', '010_z003p984', '011_z003p528', '012_z003p017', '013_z002p478', '014_z002p237', '015_z002p012', '016_z001p737', '017_z001p487', '018_z001p259', '019_z001p004', '020_z000p865', '021_z000p736', '022_z000p615', '023_z000p503', '024_z000p366', '025_z000p271', '026_z000p183', '027_z000p101', '028_z000p000', None]
024_z000p366
Reading in 'PartType1/ParticleIDs' for z = 0.366 using 8 thread(s) took 56.466249s
Reading in 'PartType1/ParticleIDs' for z = 0.366 using 8 thread(s) took 33.316891s
Reading in 'PartType1/GroupNumber' for z = 0.366 using 8 thread(s) took 19.214512s
Reading in 'PartType1/SubGroupNumber' for z = 0.366 using 8 thread(s) took 19.238493s
Reading in 'PartType1/GroupNumber' for z = 0.503 using 8 thread(s) took 28.567621s
Reading in 'PartType1/SubGroupNumber' for z = 0.503 using 8 thread(s) took 27.756349s
Reading in 'PartType1/ParticleIDs' for z = 0.503 using 8 thread(s) took 40.643562s
Reading in 'PartType1/GroupNumber' for z = 0.271 using 8 thread(s) took 37.944574s
Reading in 'PartType1/SubGroupNumber' for z = 0.271 using 8 thread(s) took 45.483932s
Reading in 'PartType1/ParticleIDs' for z = 0.271 using 8 thread(s) took 56.172224s
Graph progress:  0 % 1776489.0
Graph progress:  1 % 1532173.0
Graph progress:  2 % 1772333.0
Graph progress:  3 % 1803066.0
Graph progress:  4 % 35564.00001
Graph progress:  5 % 1983340.0
Graph progress:  6 % 1049089.0
Graph progress:  7 % 278463.00001
Graph progress:  8 % 248938.0
Graph progress:  9 % 411768.0
Graph progress:  10 % 301014.0
Graph progress:  11 % 1690736.0
Graph progress:  12 % 1283915.0
Graph progress:  13 % 1157052.0
Graph progress:  14 % 206.00298
Graph progress:  15 % 1038316.0
Graph progress:  16 % 675961.0
Graph progress:  17 % 1252475.0
Graph progress:  18 % 1626882.0
Graph progress:  19 % 1749498.0
Graph progress:  20 % 192794.0
Graph progress:  21 % 540934.0
Graph progress:  22 % 1901385.0
Graph progress:  23 % 1901894.0
Graph progress:  24 % 328948.0
Graph progress:  25 % 13.01047
Graph progress:  26 % 1404250.0
Graph progress:  27 % 1244186.0
Graph progress:  28 % 1089930.0
Graph progress:  29 % 961.00011
Graph progress:  30 % 1903528.0
Graph progress:  31 % 262459.0
Graph progress:  32 % 275437.0
Graph progress:  33 % 6.03274
Graph progress:  34 % 1254798.0
Graph progress:  35 % 7909.00004
Graph progress:  36 % 1516910.0
Graph progress:  37 % 8.00667
Graph progress:  38 % 387629.0
Graph progress:  39 % 325.00032
Graph progress:  40 % 1427475.0
Graph progress:  41 % 482744.0
Graph progress:  42 % 150585.00001
Graph progress:  43 % 21973.00001
Graph progress:  44 % 417238.0
Graph progress:  45 % 1644223.0
Graph progress:  46 % 120399.0
Graph progress:  47 % 1876061.0
Graph progress:  48 % 99822.00002
Graph progress:  49 % 16884.00003
Graph progress:  50 % 697684.0
Graph progress:  51 % 1845487.0
Graph progress:  52 % 541.00025
Graph progress:  53 % 1700350.0
Graph progress:  54 % 1377106.0
Graph progress:  55 % 359230.00001
Graph progress:  56 % 1758610.0
Graph progress:  57 % 67187.00001
Graph progress:  58 % 1759098.0
Graph progress:  59 % 709038.0
Graph progress:  60 % 1284682.0
Graph progress:  61 % 766.00057
Graph progress:  62 % 1819261.0
Graph progress:  63 % 14873.00001
Graph progress:  64 % 2028189.0
Graph progress:  65 % 7177.00006
Graph progress:  66 % 1975120.0
Graph progress:  67 % 3432.00009
Graph progress:  68 % 2021580.0
Graph progress:  69 % 109.0031
Graph progress:  70 % 726589.0
Graph progress:  71 % 93459.0
Graph progress:  72 % 240553.0
Graph progress:  73 % 1136113.0
Graph progress:  74 % 632994.0
Graph progress:  75 % 1456361.0
Graph progress:  76 % 1916859.0
Graph progress:  77 % 848995.0
Graph progress:  78 % 375905.0
Graph progress:  79 % 351442.0
Graph progress:  80 % 5664.0
Graph progress:  81 % 451074.0
Graph progress:  82 % 1058745.0
Graph progress:  83 % 114155.0
Graph progress:  84 % 536712.0
Graph progress:  85 % 456907.0
Graph progress:  86 % 882634.0
Graph progress:  87 % 891460.0
Graph progress:  88 % 356136.0
Graph progress:  89 % 132093.0
Graph progress:  90 % 88.00589
Graph progress:  91 % 42609.00001
Graph progress:  92 % 362075.0
Graph progress:  93 % 1657666.0
Graph progress:  94 % 31421.00001
Graph progress:  95 % 105.0043
Graph progress:  96 % 979520.0
Graph progress:  97 % 1830663.0
Graph progress:  98 % 1507370.0
Graph progress:  99 % 594156.0
Processed 2439525 halos in snapshot 024_z000p366 of particle type 1
Write progress:  0 % 1776489.0
Write progress:  1 % 1532173.0
Write progress:  2 % 1772333.0
Write progress:  3 % 1803066.0
Write progress:  4 % 35564.00001
Write progress:  5 % 1983340.0
Write progress:  6 % 1049089.0
Write progress:  7 % 278463.00001
Write progress:  8 % 248938.0
Write progress:  9 % 411768.0
Write progress:  10 % 301014.0
Write progress:  11 % 1690736.0
Write progress:  12 % 1283915.0
Write progress:  13 % 1157052.0
Write progress:  14 % 206.00298
Write progress:  15 % 1038316.0
Write progress:  16 % 675961.0
Write progress:  17 % 1252475.0
Write progress:  18 % 1626882.0
Write progress:  19 % 1749498.0
Write progress:  20 % 192794.0
Write progress:  21 % 540934.0
Write progress:  22 % 1901385.0
Write progress:  23 % 1901894.0
Write progress:  24 % 328948.0
Write progress:  25 % 13.01047
Write progress:  26 % 1404250.0
Write progress:  27 % 1244186.0
Write progress:  28 % 1089930.0
Write progress:  29 % 961.00011
Write progress:  30 % 1903528.0
Write progress:  31 % 262459.0
Write progress:  32 % 275437.0
Write progress:  33 % 6.03274
Write progress:  34 % 1254798.0
Write progress:  35 % 7909.00004
Write progress:  36 % 1516910.0
Write progress:  37 % 8.00667
Write progress:  38 % 387629.0
Write progress:  39 % 325.00032
Write progress:  40 % 1427475.0
Write progress:  41 % 482744.0
Write progress:  42 % 150585.00001
Write progress:  43 % 21973.00001
Write progress:  44 % 417238.0
Write progress:  45 % 1644223.0
Write progress:  46 % 120399.0
Write progress:  47 % 1876061.0
Write progress:  48 % 99822.00002
Write progress:  49 % 16884.00003
Write progress:  50 % 697684.0
Write progress:  51 % 1845487.0
Write progress:  52 % 541.00025
Write progress:  53 % 1700350.0
Write progress:  54 % 1377106.0
Write progress:  55 % 359230.00001
Write progress:  56 % 1758610.0
Write progress:  57 % 67187.00001
Write progress:  58 % 1759098.0
Write progress:  59 % 709038.0
Write progress:  60 % 1284682.0
Write progress:  61 % 766.00057
Write progress:  62 % 1819261.0
Write progress:  63 % 14873.00001
Write progress:  64 % 2028189.0
Write progress:  65 % 7177.00006
Write progress:  66 % 1975120.0
Write progress:  67 % 3432.00009
Write progress:  68 % 2021580.0
Write progress:  69 % 109.0031
Write progress:  70 % 726589.0
Write progress:  71 % 93459.0
Write progress:  72 % 240553.0
Write progress:  73 % 1136113.0
Write progress:  74 % 632994.0
Write progress:  75 % 1456361.0
Write progress:  76 % 1916859.0
Write progress:  77 % 848995.0
Write progress:  78 % 375905.0
Write progress:  79 % 351442.0
Write progress:  80 % 5664.0
Write progress:  81 % 451074.0
Write progress:  82 % 1058745.0
Write progress:  83 % 114155.0
Write progress:  84 % 536712.0
Write progress:  85 % 456907.0
Write progress:  86 % 882634.0
Write progress:  87 % 891460.0
Write progress:  88 % 356136.0
Write progress:  89 % 132093.0
Write progress:  90 % 88.00589
Write progress:  91 % 42609.00001
Write progress:  92 % 362075.0
Write progress:  93 % 1657666.0
Write progress:  94 % 31421.00001
Write progress:  95 % 105.0043
Write progress:  96 % 979520.0
Write progress:  97 % 1830663.0
Write progress:  98 % 1507370.0
Write progress:  99 % 594156.0
Reading in 'PartType4/ParticleIDs' for z = 0.366 using 8 thread(s) took 28.333671s
Reading in 'PartType4/ParticleIDs' for z = 0.503 using 8 thread(s) took 25.767731s
Reading in 'Subhalo/SubGroupNumber' for z = 0.503 using 8 thread(s) took 12.706703s
Reading in 'Subhalo/GroupNumber' for z = 0.503 using 8 thread(s) took 9.370624s
Reading in 'Subhalo/ApertureMeasurements/Mass/030kpc' for z = 0.503 using 8 thread(s) took 13.173268s
Reading in 'PartType4/Mass' for z = 0.503 using 8 thread(s) took 21.834938s
Reading in 'PartType4/ParticleIDs' for z = 0.271 using 8 thread(s) took 24.759745s
Reading in 'Subhalo/SubGroupNumber' for z = 0.271 using 8 thread(s) took 13.043965s
Reading in 'Subhalo/GroupNumber' for z = 0.271 using 8 thread(s) took 9.093081s
Reading in 'Subhalo/ApertureMeasurements/Mass/030kpc' for z = 0.271 using 8 thread(s) took 13.643662s
Reading in 'PartType4/Mass' for z = 0.271 using 8 thread(s) took 22.388606s
Reading in 'PartType4/ParticleIDs' for z = 0.366 using 8 thread(s) took 25.365432s
Reading in 'PartType4/GroupNumber' for z = 0.366 using 8 thread(s) took 19.383109s
Reading in 'PartType4/SubGroupNumber' for z = 0.366 using 8 thread(s) took 16.780077s
Reading in 'PartType4/GroupNumber' for z = 0.503 using 8 thread(s) took 17.69361s
Reading in 'PartType4/SubGroupNumber' for z = 0.503 using 8 thread(s) took 16.566473s
Reading in 'PartType4/ParticleIDs' for z = 0.503 using 8 thread(s) took 27.485499s
Reading in 'PartType4/GroupNumber' for z = 0.271 using 8 thread(s) took 19.249392s
Reading in 'PartType4/SubGroupNumber' for z = 0.271 using 8 thread(s) took 17.721589s
Reading in 'PartType4/ParticleIDs' for z = 0.271 using 8 thread(s) took 25.480669s
Graph progress:  0 % 96112.0
Graph progress:  1 % 190899.0
Graph progress:  2 % 136529.0
Graph progress:  3 % 28996.0
Graph progress:  4 % 201120.0
Graph progress:  5 % 24778.0
Graph progress:  6 % 11972.00001
Graph progress:  7 % 253894.0
Graph progress:  8 % 5173.00006
Graph progress:  9 % 19817.00001
Graph progress:  10 % 98681.0
Graph progress:  11 % 24621.00001
Graph progress:  12 % 72.00322
Graph progress:  13 % 1.01379
Graph progress:  14 % 1342.0
Graph progress:  15 % 1216.00034
Graph progress:  16 % 237.00013
Graph progress:  17 % 212.00083
Graph progress:  18 % 1180.00001
Graph progress:  19 % 167947.0
Graph progress:  20 % 15.00963
Graph progress:  21 % 264716.0
Graph progress:  22 % 124.00405
Graph progress:  23 % 24068.0
Graph progress:  24 % 13.00389
Graph progress:  25 % 112375.0
Graph progress:  26 % 6.00434
Graph progress:  27 % 63718.0
Graph progress:  28 % 3924.00001
Graph progress:  29 % 107.00248
Graph progress:  30 % 10.02088
Graph progress:  31 % 724262.0
Graph progress:  32 % 4872.00013
Graph progress:  33 % 2082.00006
Graph progress:  34 % 995.00006
Graph progress:  35 % 27681.00002
Graph progress:  36 % 8.01242
Graph progress:  37 % 2637.00005
Graph progress:  38 % 7.00013
Graph progress:  39 % 158057.0
Graph progress:  40 % 38353.0
Graph progress:  41 % 114.00144
Graph progress:  42 % 2.00055
Graph progress:  43 % 145959.0
Graph progress:  44 % 50.00212
Graph progress:  45 % 149316.0
Graph progress:  46 % 223.00185
Graph progress:  47 % 25412.0
Graph progress:  48 % 69.00032
Graph progress:  49 % 2344.00004
Graph progress:  50 % 15661.00001
Graph progress:  51 % 142414.0
Graph progress:  52 % 126837.0
Graph progress:  53 % 777.00018
Graph progress:  54 % 219.00226
Graph progress:  55 % 93984.0
Graph progress:  56 % 30.00206
Graph progress:  57 % 12764.00001
Graph progress:  58 % 5631.0
Graph progress:  59 % 256885.0
Graph progress:  60 % 193843.0
Graph progress:  61 % 17137.0
Graph progress:  62 % 27.00081
Graph progress:  63 % 120181.0
Graph progress:  64 % 81314.0
Graph progress:  65 % 39399.0
Graph progress:  66 % 52296.0
Graph progress:  67 % 167.00079
Graph progress:  68 % 5156.00002
Graph progress:  69 % 255284.0
Graph progress:  70 % 266892.0
Graph progress:  71 % 261479.0
Graph progress:  72 % 103088.00001
Graph progress:  73 % 109928.0
Graph progress:  74 % 19.00367
Graph progress:  75 % 149455.0
Graph progress:  76 % 11396.0
Graph progress:  77 % 1258.00025
Graph progress:  78 % 302.00052
Graph progress:  79 % 898.00039
Graph progress:  80 % 55.00429
Graph progress:  81 % 190989.0
Graph progress:  82 % 66834.0
Graph progress:  83 % 1484.00031
Graph progress:  84 % 126695.0
Graph progress:  85 % 5.04577
Graph progress:  86 % 45660.0
Graph progress:  87 % 67837.0
Graph progress:  88 % 149650.0
Graph progress:  89 % 117324.0
Graph progress:  90 % 1897.0
Graph progress:  91 % 3.00831
Graph progress:  92 % 195.00074
Graph progress:  93 % 181949.0
Graph progress:  94 % 166194.0
Graph progress:  95 % 919.0002
Graph progress:  96 % 40565.0
Graph progress:  97 % 33993.0
Graph progress:  98 % 69010.0
Graph progress:  99 % 33563.0
Processed 370995 halos in snapshot 024_z000p366 of particle type 4
Reading in 'PartType5/ParticleIDs' for z = 0.366 using 8 thread(s) took 16.817058s
Reading in 'PartType5/ParticleIDs' for z = 0.503 using 8 thread(s) took 13.933518s
Reading in 'Subhalo/SubGroupNumber' for z = 0.503 using 8 thread(s) took 12.264364s
Reading in 'Subhalo/GroupNumber' for z = 0.503 using 8 thread(s) took 9.775003s
Reading in 'Subhalo/ApertureMeasurements/Mass/030kpc' for z = 0.503 using 8 thread(s) took 11.449722s
Reading in 'PartType5/Mass' for z = 0.503 using 8 thread(s) took 12.562649s
Reading in 'PartType5/ParticleIDs' for z = 0.271 using 8 thread(s) took 13.518995s
Reading in 'Subhalo/SubGroupNumber' for z = 0.271 using 8 thread(s) took 12.003993s
Reading in 'Subhalo/GroupNumber' for z = 0.271 using 8 thread(s) took 9.535229s
Reading in 'Subhalo/ApertureMeasurements/Mass/030kpc' for z = 0.271 using 8 thread(s) took 11.642621s
Reading in 'PartType5/Mass' for z = 0.271 using 8 thread(s) took 13.187666s
Reading in 'PartType5/ParticleIDs' for z = 0.366 using 8 thread(s) took 12.664453s
Reading in 'PartType5/GroupNumber' for z = 0.366 using 8 thread(s) took 9.200084s
Reading in 'PartType5/SubGroupNumber' for z = 0.366 using 8 thread(s) took 9.744221s
Reading in 'PartType5/GroupNumber' for z = 0.503 using 8 thread(s) took 9.461323s
Reading in 'PartType5/SubGroupNumber' for z = 0.503 using 8 thread(s) took 9.39172s
Reading in 'PartType5/ParticleIDs' for z = 0.503 using 8 thread(s) took 10.449103s
Reading in 'PartType5/GroupNumber' for z = 0.271 using 8 thread(s) took 9.20928s
Reading in 'PartType5/SubGroupNumber' for z = 0.271 using 8 thread(s) took 9.564091s
