====
Starting job 2043528 at Fri 24 Apr 02:20:11 BST 2020 for user dc-rope1.
Running on nodes: m6313
====
405
('06', '008_z007p000', '009_z006p000', '010_z005p000')
Reading in 'PartType1/ParticleIDs' for z = 6.0 using 8 thread(s) took 12.64762s
Reading in 'PartType1/ParticleIDs' for z = 6.0 using 8 thread(s) took 5.018968s
Reading in 'PartType1/GroupNumber' for z = 6.0 using 8 thread(s) took 1.989045s
Reading in 'PartType1/SubGroupNumber' for z = 6.0 using 8 thread(s) took 1.498415s
Reading in 'PartType1/GroupNumber' for z = 7.0 using 8 thread(s) took 1.175039s
Reading in 'PartType1/SubGroupNumber' for z = 7.0 using 8 thread(s) took 0.853577s
Reading in 'PartType1/ParticleIDs' for z = 7.0 using 8 thread(s) took 2.539888s
Reading in 'PartType1/GroupNumber' for z = 5.0 using 8 thread(s) took 3.261333s
Reading in 'PartType1/SubGroupNumber' for z = 5.0 using 8 thread(s) took 2.656142s
Reading in 'PartType1/ParticleIDs' for z = 5.0 using 8 thread(s) took 4.460602s
Graph progress:  0 % 282902.0
Graph progress:  1 % 121755.0
Graph progress:  2 % 89614.0
Graph progress:  3 % 653.00001
Graph progress:  4 % 98726.0
Graph progress:  5 % 63146.0
Graph progress:  6 % 85927.0
Graph progress:  7 % 114561.0
Graph progress:  8 % 272156.0
Graph progress:  9 % 169.00016
Graph progress:  10 % 115770.0
Graph progress:  11 % 76719.0
Graph progress:  12 % 304412.0
Graph progress:  13 % 300841.0
Graph progress:  14 % 238193.0
Graph progress:  15 % 37746.0
Graph progress:  16 % 119925.0
Graph progress:  17 % 203446.0
Graph progress:  18 % 7722.00001
Graph progress:  19 % 78015.0
Graph progress:  20 % 9378.0
Graph progress:  21 % 253964.0
Graph progress:  22 % 154502.0
Graph progress:  23 % 199921.0
Graph progress:  24 % 257448.0
Graph progress:  25 % 8107.00001
Graph progress:  26 % 44378.0
Graph progress:  27 % 280839.0
Graph progress:  28 % 12098.00001
Graph progress:  29 % 10855.00002
Graph progress:  30 % 305043.0
Graph progress:  31 % 175432.0
Graph progress:  32 % 287838.0
Graph progress:  33 % 287643.0
Graph progress:  34 % 291413.0
Graph progress:  35 % 60876.0
Graph progress:  36 % 135020.0
Graph progress:  37 % 14295.0
Graph progress:  38 % 258304.0
Graph progress:  39 % 189192.0
Graph progress:  40 % 282511.0
Graph progress:  41 % 2.00145
Graph progress:  42 % 126044.0
Graph progress:  43 % 15.00018
Graph progress:  44 % 293975.0
Graph progress:  45 % 2536.00001
Graph progress:  46 % 34518.00001
Graph progress:  47 % 260787.0
Graph progress:  48 % 207648.0
Graph progress:  49 % 156301.0
Graph progress:  50 % 171847.0
Graph progress:  51 % 189330.0
Graph progress:  52 % 287282.0
Graph progress:  53 % 119264.0
Graph progress:  54 % 42044.00001
Graph progress:  55 % 313466.0
Graph progress:  56 % 11465.0
Graph progress:  57 % 1005.00004
Graph progress:  58 % 323703.0
Graph progress:  59 % 42636.0
Graph progress:  60 % 13343.0
Graph progress:  61 % 262668.0
Graph progress:  62 % 78043.0
Graph progress:  63 % 66494.0
Graph progress:  64 % 283889.0
Graph progress:  65 % 292874.0
Graph progress:  66 % 5200.0
Graph progress:  67 % 255941.0
Graph progress:  68 % 2263.00004
Graph progress:  69 % 114360.0
Graph progress:  70 % 153254.0
Graph progress:  71 % 11009.00001
Graph progress:  72 % 313559.0
Graph progress:  73 % 222283.0
Graph progress:  74 % 214583.0
Graph progress:  75 % 39576.00001
Graph progress:  76 % 67425.00001
Graph progress:  77 % 49033.0
Graph progress:  78 % 386.00006
Graph progress:  79 % 31066.0
Graph progress:  80 % 164603.0
Graph progress:  81 % 302693.0
Graph progress:  82 % 308846.0
Graph progress:  83 % 198074.0
Graph progress:  84 % 25201.00001
Graph progress:  85 % 6495.00002
Graph progress:  86 % 208747.0
Graph progress:  87 % 131702.0
Graph progress:  88 % 114905.0
Graph progress:  89 % 14084.00002
Graph progress:  90 % 171980.0
Graph progress:  91 % 165365.0
Graph progress:  92 % 147616.0
Graph progress:  93 % 91987.0
Graph progress:  94 % 257988.0
Graph progress:  95 % 162735.0
Graph progress:  96 % 14911.00001
Graph progress:  97 % 173453.0
Graph progress:  98 % 111793.0
Graph progress:  99 % 240146.0
Processed 383859 halos in snapshot 009_z006p000 of particle type 1
Reading in 'PartType4/ParticleIDs' for z = 6.0 using 8 thread(s) took 0.66883s
Reading in 'PartType4/ParticleIDs' for z = 7.0 using 8 thread(s) took 0.857882s
Reading in 'Subhalo/SubGroupNumber' for z = 7.0 using 8 thread(s) took 1.009149s
Reading in 'Subhalo/GroupNumber' for z = 7.0 using 8 thread(s) took 0.580937s
Reading in 'Subhalo/ApertureMeasurements/Mass/030kpc' for z = 7.0 using 8 thread(s) took 0.623545s
Reading in 'PartType4/Mass' for z = 7.0 using 8 thread(s) took 0.589321s
Reading in 'PartType4/ParticleIDs' for z = 5.0 using 8 thread(s) took 2.073245s
Reading in 'Subhalo/SubGroupNumber' for z = 5.0 using 8 thread(s) took 2.828863s
Reading in 'Subhalo/GroupNumber' for z = 5.0 using 8 thread(s) took 0.670725s
Reading in 'Subhalo/ApertureMeasurements/Mass/030kpc' for z = 5.0 using 8 thread(s) took 0.691774s
Reading in 'PartType4/Mass' for z = 5.0 using 8 thread(s) took 1.655176s
Reading in 'PartType4/ParticleIDs' for z = 6.0 using 8 thread(s) took 0.653844s
Reading in 'PartType4/GroupNumber' for z = 6.0 using 8 thread(s) took 0.645819s
Reading in 'PartType4/SubGroupNumber' for z = 6.0 using 8 thread(s) took 0.685922s
Reading in 'PartType4/GroupNumber' for z = 7.0 using 8 thread(s) took 0.578704s
Reading in 'PartType4/SubGroupNumber' for z = 7.0 using 8 thread(s) took 1.637601s
Reading in 'PartType4/ParticleIDs' for z = 7.0 using 8 thread(s) took 0.661378s
Reading in 'PartType4/GroupNumber' for z = 5.0 using 8 thread(s) took 1.123404s
Reading in 'PartType4/SubGroupNumber' for z = 5.0 using 8 thread(s) took 0.883211s
Reading in 'PartType4/ParticleIDs' for z = 5.0 using 8 thread(s) took 1.153264s
Graph progress:  0 % 11.0
Graph progress:  1 % 3.00115
Graph progress:  2 % 56931.0
Graph progress:  3 % 334.00005
Graph progress:  4 % 6736.00001
Graph progress:  5 % 7365.0
Graph progress:  6 % 283.00013
Graph progress:  7 % 10333.00001
Graph progress:  8 % 23187.00001
Graph progress:  9 % 44815.0
Graph progress:  10 % 44.00002
Graph progress:  11 % 16410.0
Graph progress:  12 % 20105.00001
Graph progress:  13 % 279.00003
Graph progress:  14 % 79038.0
Graph progress:  15 % 5471.00002
Graph progress:  16 % 1092.00008
Graph progress:  17 % 115634.0
Graph progress:  18 % 42152.00001
Graph progress:  19 % 4673.0
Graph progress:  20 % 8159.0
Graph progress:  21 % 116987.0
Graph progress:  22 % 10750.00001
Graph progress:  23 % 299.00001
Graph progress:  24 % 4047.0
Graph progress:  25 % 101087.0
Graph progress:  26 % 2219.0
Graph progress:  27 % 26677.0
Graph progress:  28 % 95720.0
Graph progress:  29 % 36928.0
Graph progress:  30 % 16898.00002
Graph progress:  31 % 4935.00001
Graph progress:  32 % 1750.00009
Graph progress:  33 % 5922.0
Graph progress:  34 % 5061.00001
Graph progress:  35 % 115432.0
Graph progress:  36 % 787.0
Graph progress:  37 % 447.0
Graph progress:  38 % 76978.0
Graph progress:  39 % 1072.0
Graph progress:  40 % 4518.0
Graph progress:  41 % 6239.00002
Graph progress:  42 % 57106.0
Graph progress:  43 % 97.00026
Graph progress:  44 % 2326.00002
Graph progress:  45 % 36551.0
Graph progress:  46 % 10371.0
Graph progress:  47 % 70180.0
Graph progress:  48 % 44431.0
Graph progress:  49 % 3696.00002
Graph progress:  50 % 13.00031
Graph progress:  51 % 67617.0
Graph progress:  52 % 26459.0
Graph progress:  53 % 168771.0
Graph progress:  54 % 25819.0
Graph progress:  55 % 3798.00003
Graph progress:  56 % 14440.0
Graph progress:  57 % 35625.0
Graph progress:  58 % 7237.00003
Graph progress:  59 % 6286.00001
Graph progress:  60 % 29655.00001
Graph progress:  61 % 7529.00002
Graph progress:  62 % 974.00008
Graph progress:  63 % 6115.00003
Graph progress:  64 % 8894.00001
Graph progress:  65 % 2134.00001
Graph progress:  66 % 215.00014
Graph progress:  67 % 2263.00002
Graph progress:  68 % 19752.0
Graph progress:  69 % 33119.0
Graph progress:  70 % 106621.0
Graph progress:  71 % 82582.0
Graph progress:  72 % 17179.0
Graph progress:  73 % 5325.00005
Graph progress:  74 % 11278.0
Graph progress:  75 % 69727.0
Graph progress:  76 % 135741.0
Graph progress:  77 % 98829.0
Graph progress:  78 % 30000.0
Graph progress:  79 % 43605.0
Graph progress:  80 % 53391.0
Graph progress:  81 % 822.00003
Graph progress:  82 % 1431.00003
Graph progress:  83 % 431.00002
Graph progress:  84 % 148.00009
Graph progress:  85 % 172.00035
Graph progress:  86 % 2978.0
Graph progress:  87 % 8154.0
Graph progress:  88 % 12399.0
Graph progress:  89 % 37346.0
Graph progress:  90 % 19405.0
Graph progress:  91 % 4994.0
Graph progress:  92 % 16764.0
Graph progress:  93 % 1262.00007
Graph progress:  94 % 14888.00001
Graph progress:  95 % 166.00009
Graph progress:  96 % 79408.0
Graph progress:  97 % 7955.0
Graph progress:  98 % 115.00041
Graph progress:  99 % 2286.00002
Processed 73789 halos in snapshot 009_z006p000 of particle type 4
Reading in 'PartType5/ParticleIDs' for z = 6.0 using 8 thread(s) took 0.625215s
Reading in 'PartType5/ParticleIDs' for z = 7.0 using 8 thread(s) took 0.639852s
Reading in 'Subhalo/SubGroupNumber' for z = 7.0 using 8 thread(s) took 0.641935s
Reading in 'Subhalo/GroupNumber' for z = 7.0 using 8 thread(s) took 0.659559s
Reading in 'Subhalo/ApertureMeasurements/Mass/030kpc' for z = 7.0 using 8 thread(s) took 0.702684s
Reading in 'PartType5/Mass' for z = 7.0 using 8 thread(s) took 0.794326s
Reading in 'PartType5/ParticleIDs' for z = 5.0 using 8 thread(s) took 1.921456s
Reading in 'Subhalo/SubGroupNumber' for z = 5.0 using 8 thread(s) took 0.715306s
Reading in 'Subhalo/GroupNumber' for z = 5.0 using 8 thread(s) took 0.618337s
Reading in 'Subhalo/ApertureMeasurements/Mass/030kpc' for z = 5.0 using 8 thread(s) took 0.672272s
Reading in 'PartType5/Mass' for z = 5.0 using 8 thread(s) took 1.190011s
Reading in 'PartType5/ParticleIDs' for z = 6.0 using 8 thread(s) took 0.623301s
Reading in 'PartType5/GroupNumber' for z = 6.0 using 8 thread(s) took 0.618074s
Reading in 'PartType5/SubGroupNumber' for z = 6.0 using 8 thread(s) took 0.622802s
Reading in 'PartType5/GroupNumber' for z = 7.0 using 8 thread(s) took 0.618772s
Reading in 'PartType5/SubGroupNumber' for z = 7.0 using 8 thread(s) took 0.607085s
Reading in 'PartType5/ParticleIDs' for z = 7.0 using 8 thread(s) took 0.631379s
Reading in 'PartType5/GroupNumber' for z = 5.0 using 8 thread(s) took 1.105389s
Reading in 'PartType5/SubGroupNumber' for z = 5.0 using 8 thread(s) took 0.687551s
Reading in 'PartType5/ParticleIDs' for z = 5.0 using 8 thread(s) took 0.665439s
Graph progress:  0 % 2834.0
Graph progress:  1 % 2274.0
Graph progress:  2 % 6309.0
Graph progress:  3 % 3807.00002
Graph progress:  4 % 4103.00003
Graph progress:  5 % 2382.00002
Graph progress:  6 % 1500.00001
Graph progress:  7 % 201.00001
Graph progress:  8 % 14.00002
Graph progress:  9 % 1223.0
Graph progress:  10 % 1669.00004
Graph progress:  11 % 180.00007
Graph progress:  12 % 1825.0
Graph progress:  13 % 2195.00002
Graph progress:  14 % 3644.0
Graph progress:  15 % 2285.00001
Graph progress:  16 % 635.00001
Graph progress:  17 % 6650.0
Graph progress:  18 % 579.00013
Graph progress:  19 % 3674.0
Graph progress:  20 % 4499.00002
Graph progress:  21 % 4005.0
Graph progress:  22 % 53150.0
Graph progress:  23 % 299.00004
Graph progress:  24 % 4273.00001
Graph progress:  25 % 4824.0
Graph progress:  26 % 1253.00001
Graph progress:  27 % 2051.00006
Graph progress:  28 % 552.0
Graph progress:  29 % 5753.00002
Graph progress:  30 % 3709.00002
Graph progress:  31 % 4733.0
Graph progress:  32 % 4396.0
Graph progress:  33 % 8989.0
Graph progress:  34 % 2317.0
Graph progress:  35 % 1524.0
Graph progress:  36 % 78.00001
Graph progress:  37 % 1845.0
Graph progress:  38 % 5034.00003
Graph progress:  39 % 118.00004
Graph progress:  40 % 770.0
Graph progress:  41 % 3260.00006
Graph progress:  42 % 4760.0
Graph progress:  43 % 946.00006
Graph progress:  44 % 987.0
Graph progress:  45 % 4366.0
Graph progress:  46 % 998.0
Graph progress:  47 % 1375.0
Graph progress:  48 % 4820.0
Graph progress:  49 % 1015.0
Graph progress:  50 % 3415.0
Graph progress:  51 % 1121.00001
Graph progress:  52 % 1188.0
Graph progress:  53 % 4093.00001
Graph progress:  54 % 2528.00003
Graph progress:  55 % 5450.0
Graph progress:  56 % 709.00008
Graph progress:  57 % 1965.0
Graph progress:  58 % 3440.0
Graph progress:  59 % 74.00004
Graph progress:  60 % 6543.00002
Graph progress:  61 % 9639.00001
Graph progress:  62 % 409.0
Graph progress:  63 % 2355.0
Graph progress:  64 % 144.00001
Graph progress:  65 % 5740.0
Graph progress:  66 % 6194.00001
Graph progress:  67 % 4949.00001
Graph progress:  68 % 5742.0
Graph progress:  69 % 4538.0
Graph progress:  70 % 5245.00001
Graph progress:  71 % 1374.0
Graph progress:  72 % 2988.0
Graph progress:  73 % 26.00012
Graph progress:  74 % 4070.0
Graph progress:  75 % 4347.0
Graph progress:  76 % 4205.0
Graph progress:  77 % 2235.00001
Graph progress:  78 % 3323.0
Graph progress:  79 % 800.0
Graph progress:  80 % 1663.0
Graph progress:  81 % 1576.00003
Graph progress:  82 % 6199.00001
Graph progress:  83 % 1910.0
Graph progress:  84 % 4061.0
Graph progress:  85 % 2605.00002
Graph progress:  86 % 204.00001
Graph progress:  87 % 3659.0
Graph progress:  88 % 3825.0
Graph progress:  89 % 1672.0
Graph progress:  90 % 45.00023
Graph progress:  91 % 2380.00003
Graph progress:  92 % 115.00001
Graph progress:  93 % 344.00001
Graph progress:  94 % 2903.00003
Graph progress:  95 % 4812.00002
Graph progress:  96 % 1830.0
Graph progress:  97 % 3829.00001
Graph progress:  98 % 64.00034
Graph progress:  99 % 3062.0
Processed 8420 halos in snapshot 009_z006p000 of particle type 5
Reading in 'PartType0/ParticleIDs' for z = 6.0 using 8 thread(s) took 9.996877s
Reading in 'PartType0/ParticleIDs' for z = 7.0 using 8 thread(s) took 10.108095s
Reading in 'Subhalo/SubGroupNumber' for z = 7.0 using 8 thread(s) took 0.743596s
Reading in 'Subhalo/GroupNumber' for z = 7.0 using 8 thread(s) took 0.719657s
Reading in 'Subhalo/ApertureMeasurements/Mass/030kpc' for z = 7.0 using 8 thread(s) took 0.721953s
Reading in 'PartType0/Mass' for z = 7.0 using 8 thread(s) took 1.102358s
Reading in 'PartType0/ParticleIDs' for z = 5.0 using 8 thread(s) took 10.349414s
Reading in 'Subhalo/SubGroupNumber' for z = 5.0 using 8 thread(s) took 0.819908s
Reading in 'Subhalo/GroupNumber' for z = 5.0 using 8 thread(s) took 0.810233s
Reading in 'Subhalo/ApertureMeasurements/Mass/030kpc' for z = 5.0 using 8 thread(s) took 0.825194s
Reading in 'PartType0/Mass' for z = 5.0 using 8 thread(s) took 1.561468s
Reading in 'PartType0/ParticleIDs' for z = 6.0 using 8 thread(s) took 3.218294s
Reading in 'PartType0/GroupNumber' for z = 6.0 using 8 thread(s) took 1.182937s
Reading in 'PartType0/SubGroupNumber' for z = 6.0 using 8 thread(s) took 1.176832s
Reading in 'PartType0/GroupNumber' for z = 7.0 using 8 thread(s) took 1.464477s
Reading in 'PartType0/SubGroupNumber' for z = 7.0 using 8 thread(s) took 1.102136s
Reading in 'PartType0/ParticleIDs' for z = 7.0 using 8 thread(s) took 2.473451s
Reading in 'PartType0/GroupNumber' for z = 5.0 using 8 thread(s) took 1.583437s
Reading in 'PartType0/SubGroupNumber' for z = 5.0 using 8 thread(s) took 1.956376s
Reading in 'PartType0/ParticleIDs' for z = 5.0 using 8 thread(s) took 4.035158s
Graph progress:  0 % 54838.0
Graph progress:  1 % 294080.0
Graph progress:  2 % 26245.0
Graph progress:  3 % 98134.0
Graph progress:  4 % 229058.0
Graph progress:  5 % 150627.0
Graph progress:  6 % 268616.0
Graph progress:  7 % 99271.0
Graph progress:  8 % 85990.0
Graph progress:  9 % 133731.0
Graph progress:  10 % 5505.00002
Graph progress:  11 % 279292.0
Graph progress:  12 % 35347.0
Graph progress:  13 % 22855.00002
Graph progress:  14 % 266357.0
Graph progress:  15 % 78095.00001
Graph progress:  16 % 169291.0
Graph progress:  17 % 156866.0
Graph progress:  18 % 180632.0
Graph progress:  19 % 156905.0
Graph progress:  20 % 105589.0
Graph progress:  21 % 43148.0
Graph progress:  22 % 27913.00001
Graph progress:  23 % 25689.0
Graph progress:  24 % 263117.0
Graph progress:  25 % 50533.0
Graph progress:  26 % 161821.0
Graph progress:  27 % 181785.0
Graph progress:  28 % 17533.0
Graph progress:  29 % 81312.0
Graph progress:  30 % 243696.0
Graph progress:  31 % 306239.0
Graph progress:  32 % 199821.0
Graph progress:  33 % 232087.0
Graph progress:  34 % 2132.00002
Graph progress:  35 % 78792.00001
Graph progress:  36 % 49358.00001
Graph progress:  37 % 23.00045
Graph progress:  38 % 233294.0
Graph progress:  39 % 271587.0
Graph progress:  40 % 114951.0
Graph progress:  41 % 169135.0
Graph progress:  42 % 257230.0
Graph progress:  43 % 90903.0
Graph progress:  44 % 170610.0
Graph progress:  45 % 120004.0
Graph progress:  46 % 36213.0
Graph progress:  47 % 225782.0
Graph progress:  48 % 84953.0
Graph progress:  49 % 86900.0
Graph progress:  50 % 82819.0
Graph progress:  51 % 64191.0
Graph progress:  52 % 60353.00001
Graph progress:  53 % 53874.00001
Graph progress:  54 % 1233.00009
Graph progress:  55 % 7636.00001
Graph progress:  56 % 303882.0
Graph progress:  57 % 70602.0
Graph progress:  58 % 80623.0
Graph progress:  59 % 195231.0
Graph progress:  60 % 124523.0
Graph progress:  61 % 3383.00002
Graph progress:  62 % 96817.0
Graph progress:  63 % 129734.0
Graph progress:  64 % 224860.0
Graph progress:  65 % 75803.0
Graph progress:  66 % 951.00007
Graph progress:  67 % 43636.00001
Graph progress:  68 % 119328.0
Graph progress:  69 % 115981.0
Graph progress:  70 % 55118.0
Graph progress:  71 % 190037.0
Graph progress:  72 % 1.00076
Graph progress:  73 % 47623.0
Graph progress:  74 % 120415.0
Graph progress:  75 % 1651.00007
Graph progress:  76 % 246397.0
Graph progress:  77 % 768.00001
Graph progress:  78 % 3904.00001
Graph progress:  79 % 214530.0
Graph progress:  80 % 209468.0
Graph progress:  81 % 288564.0
Graph progress:  82 % 187714.0
Graph progress:  83 % 188929.0
Graph progress:  84 % 62168.0
Graph progress:  85 % 139905.0
Graph progress:  86 % 65663.0
Graph progress:  87 % 208797.0
Graph progress:  88 % 30705.0
Graph progress:  89 % 172923.0
Graph progress:  90 % 102592.0
Graph progress:  91 % 150525.0
Graph progress:  92 % 158611.0
Graph progress:  93 % 310093.0
Graph progress:  94 % 13092.00002
Graph progress:  95 % 252493.0
Graph progress:  96 % 242413.0
Graph progress:  97 % 85142.00001
Graph progress:  98 % 268085.0
Graph progress:  99 % 315280.0
Processed 352906 halos in snapshot 009_z006p000 of particle type 0
Write progress:  0 % 282902.0
Write progress:  1 % 121755.0
Write progress:  2 % 89614.0
Write progress:  3 % 653.00001
Write progress:  4 % 98726.0
Write progress:  5 % 63146.0
Write progress:  6 % 85927.0
Write progress:  7 % 114561.0
Write progress:  8 % 272156.0
Write progress:  9 % 169.00016
Write progress:  10 % 115770.0
Write progress:  11 % 76719.0
Write progress:  12 % 304412.0
Write progress:  13 % 300841.0
Write progress:  14 % 238193.0
Write progress:  15 % 37746.0
Write progress:  16 % 119925.0
Write progress:  17 % 203446.0
Write progress:  18 % 7722.00001
Write progress:  19 % 78015.0
Write progress:  20 % 9378.0
Write progress:  21 % 253964.0
Write progress:  22 % 154502.0
Write progress:  23 % 199921.0
Write progress:  24 % 257448.0
Write progress:  25 % 8107.00001
Write progress:  26 % 44378.0
Write progress:  27 % 280839.0
Write progress:  28 % 12098.00001
Write progress:  29 % 10855.00002
Write progress:  30 % 305043.0
Write progress:  31 % 175432.0
Write progress:  32 % 287838.0
Write progress:  33 % 287643.0
Write progress:  34 % 291413.0
Write progress:  35 % 60876.0
Write progress:  36 % 135020.0
Write progress:  37 % 14295.0
Write progress:  38 % 258304.0
Write progress:  39 % 189192.0
Write progress:  40 % 282511.0
Write progress:  41 % 2.00145
Write progress:  42 % 126044.0
Write progress:  43 % 15.00018
Write progress:  44 % 293975.0
Write progress:  45 % 2536.00001
Write progress:  46 % 34518.00001
Write progress:  47 % 260787.0
Write progress:  48 % 207648.0
Write progress:  49 % 156301.0
Write progress:  50 % 171847.0
Write progress:  51 % 189330.0
Write progress:  52 % 287282.0
Write progress:  53 % 119264.0
Write progress:  54 % 42044.00001
Write progress:  55 % 313466.0
Write progress:  56 % 11465.0
Write progress:  57 % 1005.00004
Write progress:  58 % 323703.0
Write progress:  59 % 42636.0
Write progress:  60 % 13343.0
Write progress:  61 % 262668.0
Write progress:  62 % 78043.0
Write progress:  63 % 66494.0
Write progress:  64 % 283889.0
Write progress:  65 % 292874.0
Write progress:  66 % 5200.0
Write progress:  67 % 255941.0
Write progress:  68 % 2263.00004
Write progress:  69 % 114360.0
Write progress:  70 % 153254.0
Write progress:  71 % 11009.00001
Write progress:  72 % 313559.0
Write progress:  73 % 222283.0
Write progress:  74 % 214583.0
Write progress:  75 % 39576.00001
Write progress:  76 % 67425.00001
Write progress:  77 % 49033.0
Write progress:  78 % 386.00006
Write progress:  79 % 31066.0
Write progress:  80 % 164603.0
Write progress:  81 % 302693.0
Write progress:  82 % 308846.0
Write progress:  83 % 198074.0
Write progress:  84 % 25201.00001
Write progress:  85 % 6495.00002
Write progress:  86 % 208747.0
Write progress:  87 % 131702.0
Write progress:  88 % 114905.0
Write progress:  89 % 14084.00002
Write progress:  90 % 171980.0
Write progress:  91 % 165365.0
Write progress:  92 % 147616.0
Write progress:  93 % 91987.0
Write progress:  94 % 257988.0
Write progress:  95 % 162735.0
Write progress:  96 % 14911.00001
Write progress:  97 % 173453.0
Write progress:  98 % 111793.0
Write progress:  99 % 240146.0
Job done, info follows...
       JobID    JobName  Partition     MaxRSS    Elapsed ExitCode 
------------ ---------- ---------- ---------- ---------- -------- 
2042958_406  MEGA-FLAR+     cosma6              01:18:30      0:0 
2042958_406+     extern                         01:18:30      0:0 
