====
Starting job 2043452 at Fri 24 Apr 01:41:27 BST 2020 for user dc-rope1.
Running on nodes: m6375
====
345
('11', '008_z007p000', '009_z006p000', '010_z005p000')
Reading in 'PartType1/ParticleIDs' for z = 6.0 using 8 thread(s) took 15.524604s
Reading in 'PartType1/ParticleIDs' for z = 6.0 using 8 thread(s) took 4.792651s
Reading in 'PartType1/GroupNumber' for z = 6.0 using 8 thread(s) took 2.525312s
Reading in 'PartType1/SubGroupNumber' for z = 6.0 using 8 thread(s) took 1.377698s
Reading in 'PartType1/GroupNumber' for z = 7.0 using 8 thread(s) took 1.018237s
Reading in 'PartType1/SubGroupNumber' for z = 7.0 using 8 thread(s) took 0.930209s
Reading in 'PartType1/ParticleIDs' for z = 7.0 using 8 thread(s) took 2.650331s
Reading in 'PartType1/GroupNumber' for z = 5.0 using 8 thread(s) took 3.084704s
Reading in 'PartType1/SubGroupNumber' for z = 5.0 using 8 thread(s) took 2.637602s
Reading in 'PartType1/ParticleIDs' for z = 5.0 using 8 thread(s) took 4.384814s
Graph progress:  0 % 156372.0
Graph progress:  1 % 226792.0
Graph progress:  2 % 4631.00002
Graph progress:  3 % 271445.0
Graph progress:  4 % 227463.0
Graph progress:  5 % 212396.0
Graph progress:  6 % 3240.00001
Graph progress:  7 % 277265.0
Graph progress:  8 % 27345.00002
Graph progress:  9 % 305883.0
Graph progress:  10 % 244619.0
Graph progress:  11 % 124035.0
Graph progress:  12 % 83339.0
Graph progress:  13 % 284892.0
Graph progress:  14 % 146736.0
Graph progress:  15 % 180757.0
Graph progress:  16 % 118195.00001
Graph progress:  17 % 78437.0
Graph progress:  18 % 103750.0
Graph progress:  19 % 281796.0
Graph progress:  20 % 295892.0
Graph progress:  21 % 144607.0
Graph progress:  22 % 12010.00001
Graph progress:  23 % 48999.0
Graph progress:  24 % 210465.0
Graph progress:  25 % 28629.00001
Graph progress:  26 % 96288.0
Graph progress:  27 % 209481.0
Graph progress:  28 % 101022.0
Graph progress:  29 % 18927.00001
Graph progress:  30 % 28350.0
Graph progress:  31 % 216681.0
Graph progress:  32 % 5804.00001
Graph progress:  33 % 9499.00003
Graph progress:  34 % 1785.00005
Graph progress:  35 % 239111.0
Graph progress:  36 % 20434.0
Graph progress:  37 % 102927.0
Graph progress:  38 % 6745.0
Graph progress:  39 % 22527.0
Graph progress:  40 % 4790.00003
Graph progress:  41 % 214709.0
Graph progress:  42 % 245564.0
Graph progress:  43 % 283923.0
Graph progress:  44 % 231614.0
Graph progress:  45 % 255009.0
Graph progress:  46 % 89411.0
Graph progress:  47 % 192381.0
Graph progress:  48 % 41693.00001
Graph progress:  49 % 69756.0
Graph progress:  50 % 87520.0
Graph progress:  51 % 200.00006
Graph progress:  52 % 28162.0
Graph progress:  53 % 5937.0
Graph progress:  54 % 194730.0
Graph progress:  55 % 130527.0
Graph progress:  56 % 236936.0
Graph progress:  57 % 236808.0
Graph progress:  58 % 177983.0
Graph progress:  59 % 110592.0
Graph progress:  60 % 1232.0001
Graph progress:  61 % 149788.00001
Graph progress:  62 % 61007.0
Graph progress:  63 % 232787.0
Graph progress:  64 % 88313.0
Graph progress:  65 % 28428.0
Graph progress:  66 % 279433.0
Graph progress:  67 % 192907.0
Graph progress:  68 % 142250.0
Graph progress:  69 % 24397.0
Graph progress:  70 % 4067.0
Graph progress:  71 % 119988.0
Graph progress:  72 % 211024.0
Graph progress:  73 % 108215.0
Graph progress:  74 % 208030.0
Graph progress:  75 % 95112.0
Graph progress:  76 % 129309.0
Graph progress:  77 % 178268.0
Graph progress:  78 % 5864.0
Graph progress:  79 % 97438.0
Graph progress:  80 % 15081.0
Graph progress:  81 % 253923.0
Graph progress:  82 % 73751.00001
Graph progress:  83 % 1495.00008
Graph progress:  84 % 241078.0
Graph progress:  85 % 109495.0
Graph progress:  86 % 89998.0
Graph progress:  87 % 2145.00002
Graph progress:  88 % 187750.0
Graph progress:  89 % 130905.0
Graph progress:  90 % 236975.0
Graph progress:  91 % 3096.00001
Graph progress:  92 % 92475.0
Graph progress:  93 % 118734.0
Graph progress:  94 % 1105.0
Graph progress:  95 % 238216.0
Graph progress:  96 % 68143.0
Graph progress:  97 % 14236.0
Graph progress:  98 % 22166.0
Graph progress:  99 % 283206.0
Processed 362821 halos in snapshot 009_z006p000 of particle type 1
Reading in 'PartType4/ParticleIDs' for z = 6.0 using 8 thread(s) took 0.748126s
Reading in 'PartType4/ParticleIDs' for z = 7.0 using 8 thread(s) took 1.010162s
Reading in 'Subhalo/SubGroupNumber' for z = 7.0 using 8 thread(s) took 0.958263s
Reading in 'Subhalo/GroupNumber' for z = 7.0 using 8 thread(s) took 0.537802s
Reading in 'Subhalo/ApertureMeasurements/Mass/030kpc' for z = 7.0 using 8 thread(s) took 0.585793s
Reading in 'PartType4/Mass' for z = 7.0 using 8 thread(s) took 0.71114s
Reading in 'PartType4/ParticleIDs' for z = 5.0 using 8 thread(s) took 0.784345s
Reading in 'Subhalo/SubGroupNumber' for z = 5.0 using 8 thread(s) took 0.834063s
Reading in 'Subhalo/GroupNumber' for z = 5.0 using 8 thread(s) took 0.578055s
Reading in 'Subhalo/ApertureMeasurements/Mass/030kpc' for z = 5.0 using 8 thread(s) took 0.614999s
Reading in 'PartType4/Mass' for z = 5.0 using 8 thread(s) took 0.55931s
Reading in 'PartType4/ParticleIDs' for z = 6.0 using 8 thread(s) took 0.644929s
Reading in 'PartType4/GroupNumber' for z = 6.0 using 8 thread(s) took 0.607445s
Reading in 'PartType4/SubGroupNumber' for z = 6.0 using 8 thread(s) took 0.545071s
Reading in 'PartType4/GroupNumber' for z = 7.0 using 8 thread(s) took 0.530477s
Reading in 'PartType4/SubGroupNumber' for z = 7.0 using 8 thread(s) took 0.541171s
Reading in 'PartType4/ParticleIDs' for z = 7.0 using 8 thread(s) took 0.541777s
Reading in 'PartType4/GroupNumber' for z = 5.0 using 8 thread(s) took 0.55946s
Reading in 'PartType4/SubGroupNumber' for z = 5.0 using 8 thread(s) took 0.588041s
Reading in 'PartType4/ParticleIDs' for z = 5.0 using 8 thread(s) took 0.617792s
Graph progress:  0 % 10821.0
Graph progress:  1 % 2579.0
Graph progress:  2 % 8421.0
Graph progress:  3 % 15524.0
Graph progress:  4 % 67904.0
Graph progress:  5 % 20048.0
Graph progress:  6 % 1552.00001
Graph progress:  7 % 23244.0
Graph progress:  8 % 30928.0
Graph progress:  9 % 53510.0
Graph progress:  10 % 12609.0
Graph progress:  11 % 5073.0
Graph progress:  12 % 1844.0
Graph progress:  13 % 25267.0
Graph progress:  14 % 12678.00001
Graph progress:  15 % 8330.0
Graph progress:  16 % 4386.00002
Graph progress:  17 % 13676.0
Graph progress:  18 % 11732.0
Graph progress:  19 % 18397.0
Graph progress:  20 % 3717.00006
Graph progress:  21 % 49091.0
Graph progress:  22 % 45439.0
Graph progress:  23 % 786.00011
Graph progress:  24 % 14843.0
Graph progress:  25 % 239.00006
Graph progress:  26 % 19427.0
Graph progress:  27 % 69.00013
Graph progress:  28 % 20951.00002
Graph progress:  29 % 28134.0
Graph progress:  30 % 3159.00006
Graph progress:  31 % 6683.0
Graph progress:  32 % 2337.00006
Graph progress:  33 % 4294.0
Graph progress:  34 % 49189.0
Graph progress:  35 % 1248.00001
Graph progress:  36 % 43706.0
Graph progress:  37 % 71.00032
Graph progress:  38 % 6183.0
Graph progress:  39 % 30375.0
Graph progress:  40 % 8080.0
Graph progress:  41 % 6324.0
Graph progress:  42 % 2587.00002
Graph progress:  43 % 56.00005
Graph progress:  44 % 55.00037
Graph progress:  45 % 4152.00001
Graph progress:  46 % 348.00004
Graph progress:  47 % 10389.0
Graph progress:  48 % 69791.0
Graph progress:  49 % 22291.0
Graph progress:  50 % 4150.00001
Graph progress:  51 % 88145.0
Graph progress:  52 % 29896.0
Graph progress:  53 % 2193.00003
Graph progress:  54 % 2.00115
Graph progress:  55 % 166.00004
Graph progress:  56 % 2.00028
Graph progress:  57 % 84358.0
Graph progress:  58 % 38596.0
Graph progress:  59 % 51282.0
Graph progress:  60 % 78.00015
Graph progress:  61 % 2530.00005
Graph progress:  62 % 15341.0
Graph progress:  63 % 72365.0
Graph progress:  64 % 690.00003
Graph progress:  65 % 8753.0
Graph progress:  66 % 10587.0
Graph progress:  67 % 49245.0
Graph progress:  68 % 38839.0
Graph progress:  69 % 26898.0
Graph progress:  70 % 3701.0
Graph progress:  71 % 39777.0
Graph progress:  72 % 10932.00001
Graph progress:  73 % 17603.00001
Graph progress:  74 % 9643.0
Graph progress:  75 % 3686.0
Graph progress:  76 % 74010.0
Graph progress:  77 % 22013.0
Graph progress:  78 % 82712.0
Graph progress:  79 % 4528.0
Graph progress:  80 % 4571.0
Graph progress:  81 % 966.00001
Graph progress:  82 % 20841.0
Graph progress:  83 % 713.00005
Graph progress:  84 % 19741.00001
Graph progress:  85 % 47406.0
Graph progress:  86 % 21952.0
Graph progress:  87 % 7569.0
Graph progress:  88 % 391.00006
Graph progress:  89 % 96684.0
Graph progress:  90 % 54228.0
Graph progress:  91 % 89469.0
Graph progress:  92 % 26702.0
Graph progress:  93 % 24163.0
Graph progress:  94 % 635.00015
Graph progress:  95 % 676.00002
Graph progress:  96 % 28219.0
Graph progress:  97 % 9218.00001
Graph progress:  98 % 87095.0
Graph progress:  99 % 1153.00005
Processed 68757 halos in snapshot 009_z006p000 of particle type 4
Reading in 'PartType5/ParticleIDs' for z = 6.0 using 8 thread(s) took 0.607226s
Reading in 'PartType5/ParticleIDs' for z = 7.0 using 8 thread(s) took 0.682113s
Reading in 'Subhalo/SubGroupNumber' for z = 7.0 using 8 thread(s) took 0.654941s
Reading in 'Subhalo/GroupNumber' for z = 7.0 using 8 thread(s) took 0.601659s
Reading in 'Subhalo/ApertureMeasurements/Mass/030kpc' for z = 7.0 using 8 thread(s) took 0.646449s
Reading in 'PartType5/Mass' for z = 7.0 using 8 thread(s) took 0.581316s
Reading in 'PartType5/ParticleIDs' for z = 5.0 using 8 thread(s) took 0.523491s
Reading in 'Subhalo/SubGroupNumber' for z = 5.0 using 8 thread(s) took 0.567044s
Reading in 'Subhalo/GroupNumber' for z = 5.0 using 8 thread(s) took 0.57397s
Reading in 'Subhalo/ApertureMeasurements/Mass/030kpc' for z = 5.0 using 8 thread(s) took 0.629885s
Reading in 'PartType5/Mass' for z = 5.0 using 8 thread(s) took 0.544627s
Reading in 'PartType5/ParticleIDs' for z = 6.0 using 8 thread(s) took 0.630108s
Reading in 'PartType5/GroupNumber' for z = 6.0 using 8 thread(s) took 0.573491s
Reading in 'PartType5/SubGroupNumber' for z = 6.0 using 8 thread(s) took 0.570335s
Reading in 'PartType5/GroupNumber' for z = 7.0 using 8 thread(s) took 0.515146s
Reading in 'PartType5/SubGroupNumber' for z = 7.0 using 8 thread(s) took 0.530819s
Reading in 'PartType5/ParticleIDs' for z = 7.0 using 8 thread(s) took 0.529211s
Reading in 'PartType5/GroupNumber' for z = 5.0 using 8 thread(s) took 0.524616s
Reading in 'PartType5/SubGroupNumber' for z = 5.0 using 8 thread(s) took 0.5414s
Reading in 'PartType5/ParticleIDs' for z = 5.0 using 8 thread(s) took 0.503217s
Graph progress:  0 % 743.00007
Graph progress:  1 % 5319.0
Graph progress:  2 % 3592.0
Graph progress:  3 % 19531.0
Graph progress:  4 % 2201.0
Graph progress:  5 % 4148.00002
Graph progress:  6 % 2835.00002
Graph progress:  7 % 623.00008
Graph progress:  8 % 5495.00002
Graph progress:  9 % 3908.0
Graph progress:  10 % 1930.0
Graph progress:  11 % 1290.0
Graph progress:  12 % 614.00001
Graph progress:  13 % 3774.00001
Graph progress:  14 % 76.00006
Graph progress:  15 % 3051.0
Graph progress:  16 % 2378.0
Graph progress:  17 % 877.0001
Graph progress:  18 % 1808.0
Graph progress:  19 % 2131.0
Graph progress:  20 % 3824.0
Graph progress:  21 % 86.0
Graph progress:  22 % 339.00001
Graph progress:  23 % 157.0
Graph progress:  24 % 1333.0
Graph progress:  25 % 911.0
Graph progress:  26 % 7239.0
Graph progress:  27 % 3617.00002
Graph progress:  28 % 14745.0
Graph progress:  29 % 4669.0
Graph progress:  30 % 3162.00003
Graph progress:  31 % 283.00001
Graph progress:  32 % 325.00003
Graph progress:  33 % 1056.0
Graph progress:  34 % 299.00001
Graph progress:  35 % 80.00001
Graph progress:  36 % 4353.00002
Graph progress:  37 % 872.0
Graph progress:  38 % 386.0
Graph progress:  39 % 2850.0
Graph progress:  40 % 2354.0
Graph progress:  41 % 895.00001
Graph progress:  42 % 818.00003
Graph progress:  43 % 307.00006
Graph progress:  44 % 27.00003
Graph progress:  45 % 3574.00003
Graph progress:  46 % 5648.0
Graph progress:  47 % 1222.0
Graph progress:  48 % 16009.0
Graph progress:  49 % 5179.0
Graph progress:  50 % 1599.0
Graph progress:  51 % 2548.00001
Graph progress:  52 % 132.0
Graph progress:  53 % 128.00003
Graph progress:  54 % 1489.00005
Graph progress:  55 % 6408.0
Graph progress:  56 % 25747.0
Graph progress:  57 % 3075.0
Graph progress:  58 % 1897.0
Graph progress:  59 % 327.0
Graph progress:  60 % 5555.00001
Graph progress:  61 % 27413.0
Graph progress:  62 % 381.0
Graph progress:  63 % 72.00003
Graph progress:  64 % 3842.00001
Graph progress:  65 % 1790.00001
Graph progress:  66 % 5330.0
Graph progress:  67 % 525.00001
Graph progress:  68 % 535.00001
Graph progress:  69 % 6.00006
Graph progress:  70 % 4054.0
Graph progress:  71 % 3757.00001
Graph progress:  72 % 4323.00002
Graph progress:  73 % 6253.0
Graph progress:  74 % 675.0
Graph progress:  75 % 2611.0
Graph progress:  76 % 4322.0
Graph progress:  77 % 63.00003
Graph progress:  78 % 1236.0
Graph progress:  79 % 4198.00002
Graph progress:  80 % 4327.0
Graph progress:  81 % 1942.00007
Graph progress:  82 % 745.0
Graph progress:  83 % 2929.00002
Graph progress:  84 % 2936.00001
Graph progress:  85 % 46.00002
Graph progress:  86 % 6131.0
Graph progress:  87 % 764.00003
Graph progress:  88 % 4872.00002
Graph progress:  89 % 3313.0
Graph progress:  90 % 4455.00003
Graph progress:  91 % 6738.00002
Graph progress:  92 % 388.0
Graph progress:  93 % 2654.0
Graph progress:  94 % 2099.00001
Graph progress:  95 % 4460.0
Graph progress:  96 % 1280.0
Graph progress:  97 % 1521.0
Graph progress:  98 % 5182.0
Graph progress:  99 % 6098.0
Processed 7864 halos in snapshot 009_z006p000 of particle type 5
Reading in 'PartType0/ParticleIDs' for z = 6.0 using 8 thread(s) took 9.977164s
Reading in 'PartType0/ParticleIDs' for z = 7.0 using 8 thread(s) took 9.838984s
Reading in 'Subhalo/SubGroupNumber' for z = 7.0 using 8 thread(s) took 0.665266s
Reading in 'Subhalo/GroupNumber' for z = 7.0 using 8 thread(s) took 0.635047s
Reading in 'Subhalo/ApertureMeasurements/Mass/030kpc' for z = 7.0 using 8 thread(s) took 0.64519s
Reading in 'PartType0/Mass' for z = 7.0 using 8 thread(s) took 0.903584s
Reading in 'PartType0/ParticleIDs' for z = 5.0 using 8 thread(s) took 9.691181s
Reading in 'Subhalo/SubGroupNumber' for z = 5.0 using 8 thread(s) took 0.784469s
Reading in 'Subhalo/GroupNumber' for z = 5.0 using 8 thread(s) took 0.686264s
Reading in 'Subhalo/ApertureMeasurements/Mass/030kpc' for z = 5.0 using 8 thread(s) took 0.691079s
Reading in 'PartType0/Mass' for z = 5.0 using 8 thread(s) took 1.206506s
Reading in 'PartType0/ParticleIDs' for z = 6.0 using 8 thread(s) took 3.227906s
Reading in 'PartType0/GroupNumber' for z = 6.0 using 8 thread(s) took 1.109894s
Reading in 'PartType0/SubGroupNumber' for z = 6.0 using 8 thread(s) took 1.047275s
Reading in 'PartType0/GroupNumber' for z = 7.0 using 8 thread(s) took 1.036298s
Reading in 'PartType0/SubGroupNumber' for z = 7.0 using 8 thread(s) took 0.969847s
Reading in 'PartType0/ParticleIDs' for z = 7.0 using 8 thread(s) took 1.935825s
Reading in 'PartType0/GroupNumber' for z = 5.0 using 8 thread(s) took 1.298634s
Reading in 'PartType0/SubGroupNumber' for z = 5.0 using 8 thread(s) took 1.220876s
Reading in 'PartType0/ParticleIDs' for z = 5.0 using 8 thread(s) took 3.978074s
Graph progress:  0 % 156372.0
Graph progress:  1 % 112874.0
Graph progress:  2 % 55834.0
Graph progress:  3 % 94690.00001
Graph progress:  4 % 109383.0
Graph progress:  5 % 17407.0
Graph progress:  6 % 113153.0
Graph progress:  7 % 81408.0
Graph progress:  8 % 112974.0
Graph progress:  9 % 240604.0
Graph progress:  10 % 132774.0
Graph progress:  11 % 248437.0
Graph progress:  12 % 27302.0
Graph progress:  13 % 195351.0
Graph progress:  14 % 126583.0
Graph progress:  15 % 54594.0
Graph progress:  16 % 3026.00001
Graph progress:  17 % 2866.00003
Graph progress:  18 % 19744.0
Graph progress:  19 % 23340.0
Graph progress:  20 % 11603.00001
Graph progress:  21 % 62240.0
Graph progress:  22 % 86523.0
Graph progress:  23 % 146232.0
Graph progress:  24 % 298139.0
Graph progress:  25 % 23639.00001
Graph progress:  26 % 13.00068
Graph progress:  27 % 94862.0
Graph progress:  28 % 85175.0
Graph progress:  29 % 157133.0
Graph progress:  30 % 121953.0
Graph progress:  31 % 231855.0
Graph progress:  32 % 15606.00001
Graph progress:  33 % 126928.0
Graph progress:  34 % 7396.00001
Graph progress:  35 % 156944.0
Graph progress:  36 % 1731.00003
Graph progress:  37 % 134981.0
Graph progress:  38 % 153237.0
Graph progress:  39 % 14964.00001
Graph progress:  40 % 14699.0
Graph progress:  41 % 70136.0
Graph progress:  42 % 236577.0
Graph progress:  43 % 22237.0
Graph progress:  44 % 818.00009
Graph progress:  45 % 721.00001
Graph progress:  46 % 140004.0
Graph progress:  47 % 122379.0
Graph progress:  48 % 92866.0
Graph progress:  49 % 56164.0
Graph progress:  50 % 40722.0
Graph progress:  51 % 174853.0
Graph progress:  52 % 533.00005
Graph progress:  53 % 239977.0
Graph progress:  54 % 161170.0
Graph progress:  55 % 70115.0
Graph progress:  56 % 78.0001
Graph progress:  57 % 55458.0
Graph progress:  58 % 289322.0
Graph progress:  59 % 65151.0
Graph progress:  60 % 11561.00001
Graph progress:  61 % 3342.00001
Graph progress:  62 % 17053.00003
Graph progress:  63 % 88806.0
Graph progress:  64 % 44481.0
Graph progress:  65 % 20600.0
Graph progress:  66 % 10773.00002
Graph progress:  67 % 245066.0
Graph progress:  68 % 2143.00001
Graph progress:  69 % 48034.0
Graph progress:  70 % 74646.0
Graph progress:  71 % 110599.0
Graph progress:  72 % 243366.0
Graph progress:  73 % 182591.0
Graph progress:  74 % 87258.0
Graph progress:  75 % 108961.0
Graph progress:  76 % 284260.0
Graph progress:  77 % 108676.0
Graph progress:  78 % 100824.0
Graph progress:  79 % 23456.0
Graph progress:  80 % 103946.0
Graph progress:  81 % 77504.00001
Graph progress:  82 % 200076.0
Graph progress:  83 % 285258.0
Graph progress:  84 % 240252.0
Graph progress:  85 % 280373.0
Graph progress:  86 % 254521.0
Graph progress:  87 % 205772.0
Graph progress:  88 % 63944.0
Graph progress:  89 % 99144.0
Graph progress:  90 % 295172.0
Graph progress:  91 % 225480.0
Graph progress:  92 % 170035.0
Graph progress:  93 % 17359.00001
Graph progress:  94 % 41503.0
Graph progress:  95 % 267736.0
Graph progress:  96 % 72766.00001
Graph progress:  97 % 69306.00001
Graph progress:  98 % 118697.0
Graph progress:  99 % 176403.0
Processed 333801 halos in snapshot 009_z006p000 of particle type 0
Write progress:  0 % 156372.0
Write progress:  1 % 226792.0
Write progress:  2 % 4631.00002
Write progress:  3 % 271445.0
Write progress:  4 % 227463.0
Write progress:  5 % 212396.0
Write progress:  6 % 3240.00001
Write progress:  7 % 277265.0
Write progress:  8 % 27345.00002
Write progress:  9 % 305883.0
Write progress:  10 % 244619.0
Write progress:  11 % 124035.0
Write progress:  12 % 83339.0
Write progress:  13 % 284892.0
Write progress:  14 % 146736.0
Write progress:  15 % 180757.0
Write progress:  16 % 118195.00001
Write progress:  17 % 78437.0
Write progress:  18 % 103750.0
Write progress:  19 % 281796.0
Write progress:  20 % 295892.0
Write progress:  21 % 144607.0
Write progress:  22 % 12010.00001
Write progress:  23 % 48999.0
Write progress:  24 % 210465.0
Write progress:  25 % 28629.00001
Write progress:  26 % 96288.0
Write progress:  27 % 209481.0
Write progress:  28 % 101022.0
Write progress:  29 % 18927.00001
Write progress:  30 % 28350.0
Write progress:  31 % 216681.0
Write progress:  32 % 5804.00001
Write progress:  33 % 9499.00003
Write progress:  34 % 1785.00005
Write progress:  35 % 239111.0
Write progress:  36 % 20434.0
Write progress:  37 % 102927.0
Write progress:  38 % 6745.0
Write progress:  39 % 22527.0
Write progress:  40 % 4790.00003
Write progress:  41 % 214709.0
Write progress:  42 % 245564.0
Write progress:  43 % 283923.0
Write progress:  44 % 231614.0
Write progress:  45 % 255009.0
Write progress:  46 % 89411.0
Write progress:  47 % 192381.0
Write progress:  48 % 41693.00001
Write progress:  49 % 69756.0
Write progress:  50 % 87520.0
Write progress:  51 % 200.00006
Write progress:  52 % 28162.0
Write progress:  53 % 5937.0
Write progress:  54 % 194730.0
Write progress:  55 % 130527.0
Write progress:  56 % 236936.0
Write progress:  57 % 236808.0
Write progress:  58 % 177983.0
Write progress:  59 % 110592.0
Write progress:  60 % 1232.0001
Write progress:  61 % 149788.00001
Write progress:  62 % 61007.0
Write progress:  63 % 232787.0
Write progress:  64 % 88313.0
Write progress:  65 % 28428.0
Write progress:  66 % 279433.0
Write progress:  67 % 192907.0
Write progress:  68 % 142250.0
Write progress:  69 % 24397.0
Write progress:  70 % 4067.0
Write progress:  71 % 119988.0
Write progress:  72 % 211024.0
Write progress:  73 % 108215.0
Write progress:  74 % 208030.0
Write progress:  75 % 95112.0
Write progress:  76 % 129309.0
Write progress:  77 % 178268.0
Write progress:  78 % 5864.0
Write progress:  79 % 97438.0
Write progress:  80 % 15081.0
Write progress:  81 % 253923.0
Write progress:  82 % 73751.00001
Write progress:  83 % 1495.00008
Write progress:  84 % 241078.0
Write progress:  85 % 109495.0
Write progress:  86 % 89998.0
Write progress:  87 % 2145.00002
Write progress:  88 % 187750.0
Write progress:  89 % 130905.0
Write progress:  90 % 236975.0
Write progress:  91 % 3096.00001
Write progress:  92 % 92475.0
Write progress:  93 % 118734.0
Write progress:  94 % 1105.0
Write progress:  95 % 238216.0
Write progress:  96 % 68143.0
Write progress:  97 % 14236.0
Write progress:  98 % 22166.0
Write progress:  99 % 283206.0
Job done, info follows...
       JobID    JobName  Partition     MaxRSS    Elapsed ExitCode 
------------ ---------- ---------- ---------- ---------- -------- 
2042958_346  MEGA-FLAR+     cosma6              01:14:17      0:0 
2042958_346+     extern                         01:14:17      0:0 
