====
Starting job 2043580 at Fri 24 Apr 02:46:15 BST 2020 for user dc-rope1.
Running on nodes: m6488
====
443
('03', '010_z005p000', '011_z004p770', None)
Reading in 'PartType1/ParticleIDs' for z = 4.77 using 8 thread(s) took 10.202114s
Reading in 'PartType1/ParticleIDs' for z = 4.77 using 8 thread(s) took 5.689454s
Reading in 'PartType1/GroupNumber' for z = 4.77 using 8 thread(s) took 2.819305s
Reading in 'PartType1/SubGroupNumber' for z = 4.77 using 8 thread(s) took 2.343612s
Reading in 'PartType1/GroupNumber' for z = 5.0 using 8 thread(s) took 3.149222s
Reading in 'PartType1/SubGroupNumber' for z = 5.0 using 8 thread(s) took 3.022236s
Reading in 'PartType1/ParticleIDs' for z = 5.0 using 8 thread(s) took 4.526137s
Graph progress:  0 % 176170.0
Graph progress:  1 % 272464.0
Graph progress:  2 % 69074.0
Graph progress:  3 % 222529.0
Graph progress:  4 % 244698.0
Graph progress:  5 % 762.00005
Graph progress:  6 % 835.00026
Graph progress:  7 % 272646.0
Graph progress:  8 % 196156.0
Graph progress:  9 % 27195.0
Graph progress:  10 % 544.00014
Graph progress:  11 % 6817.0
Graph progress:  12 % 65719.0
Graph progress:  13 % 13519.00002
Graph progress:  14 % 53635.0
Graph progress:  15 % 335659.0
Graph progress:  16 % 112600.0
Graph progress:  17 % 120477.0
Graph progress:  18 % 15240.00001
Graph progress:  19 % 232411.0
Graph progress:  20 % 132775.0
Graph progress:  21 % 6006.0
Graph progress:  22 % 7416.0
Graph progress:  23 % 145433.0
Graph progress:  24 % 336612.0
Graph progress:  25 % 134137.0
Graph progress:  26 % 318139.0
Graph progress:  27 % 616.00022
Graph progress:  28 % 313811.0
Graph progress:  29 % 131414.0
Graph progress:  30 % 45819.0
Graph progress:  31 % 63363.0
Graph progress:  32 % 353802.0
Graph progress:  33 % 151526.0
Graph progress:  34 % 243997.0
Graph progress:  35 % 146419.0
Graph progress:  36 % 370665.0
Graph progress:  37 % 185117.0
Graph progress:  38 % 258500.0
Graph progress:  39 % 4194.00005
Graph progress:  40 % 4830.00001
Graph progress:  41 % 15804.0
Graph progress:  42 % 297585.0
Graph progress:  43 % 3438.00003
Graph progress:  44 % 156171.0
Graph progress:  45 % 16208.00001
Graph progress:  46 % 7633.0
Graph progress:  47 % 87433.0
Graph progress:  48 % 78810.0
Graph progress:  49 % 3569.00001
Graph progress:  50 % 170012.0
Graph progress:  51 % 60017.00001
Graph progress:  52 % 234625.0
Graph progress:  53 % 259766.0
Graph progress:  54 % 246929.0
Graph progress:  55 % 147540.0
Graph progress:  56 % 4041.00004
Graph progress:  57 % 85567.0
Graph progress:  58 % 167736.0
Graph progress:  59 % 241589.0
Graph progress:  60 % 12710.00002
Graph progress:  61 % 318287.0
Graph progress:  62 % 58875.0
Graph progress:  63 % 50968.00001
Graph progress:  64 % 19968.00001
Graph progress:  65 % 293383.0
Graph progress:  66 % 91234.0
Graph progress:  67 % 245944.0
Graph progress:  68 % 76479.0
Graph progress:  69 % 8566.0
Graph progress:  70 % 126585.0
Graph progress:  71 % 152811.0
Graph progress:  72 % 196936.00001
Graph progress:  73 % 243170.0
Graph progress:  74 % 295529.0
Graph progress:  75 % 126765.0
Graph progress:  76 % 116984.0
Graph progress:  77 % 9890.0
Graph progress:  78 % 184358.0
Graph progress:  79 % 3197.00001
Graph progress:  80 % 195070.0
Graph progress:  81 % 24684.00003
Graph progress:  82 % 102148.0
Graph progress:  83 % 292511.0
Graph progress:  84 % 156861.0
Graph progress:  85 % 234852.0
Graph progress:  86 % 259591.0
Graph progress:  87 % 17212.00001
Graph progress:  88 % 230122.0
Graph progress:  89 % 147432.0
Graph progress:  90 % 18930.0
Graph progress:  91 % 298793.0
Graph progress:  92 % 8620.00001
Graph progress:  93 % 3276.0
Graph progress:  94 % 316442.0
Graph progress:  95 % 338060.0
Graph progress:  96 % 164558.0
Graph progress:  97 % 10364.00002
Graph progress:  98 % 351276.0
Graph progress:  99 % 16.00092
Processed 436473 halos in snapshot 011_z004p770 of particle type 1
Reading in 'PartType4/ParticleIDs' for z = 4.77 using 8 thread(s) took 1.881309s
Reading in 'PartType4/ParticleIDs' for z = 5.0 using 8 thread(s) took 1.223798s
Reading in 'Subhalo/SubGroupNumber' for z = 5.0 using 8 thread(s) took 1.213733s
Reading in 'Subhalo/GroupNumber' for z = 5.0 using 8 thread(s) took 0.968457s
Reading in 'Subhalo/ApertureMeasurements/Mass/030kpc' for z = 5.0 using 8 thread(s) took 0.954337s
Reading in 'PartType4/Mass' for z = 5.0 using 8 thread(s) took 0.942119s
Reading in 'PartType4/ParticleIDs' for z = 4.77 using 8 thread(s) took 1.705679s
Reading in 'PartType4/GroupNumber' for z = 4.77 using 8 thread(s) took 1.285145s
Reading in 'PartType4/SubGroupNumber' for z = 4.77 using 8 thread(s) took 1.186081s
Reading in 'PartType4/GroupNumber' for z = 5.0 using 8 thread(s) took 0.895459s
Reading in 'PartType4/SubGroupNumber' for z = 5.0 using 8 thread(s) took 0.901904s
Reading in 'PartType4/ParticleIDs' for z = 5.0 using 8 thread(s) took 1.03187s
Graph progress:  0 % 5.0
Graph progress:  1 % 391.0001
Graph progress:  2 % 7948.00001
Graph progress:  3 % 1610.00016
Graph progress:  4 % 44592.0
Graph progress:  5 % 65659.0
Graph progress:  6 % 108.00003
Graph progress:  7 % 75600.0
Graph progress:  8 % 12.00106
Graph progress:  9 % 6357.0
Graph progress:  10 % 19264.00001
Graph progress:  11 % 16410.0
Graph progress:  12 % 23681.0
Graph progress:  13 % 1768.00001
Graph progress:  14 % 4643.00001
Graph progress:  15 % 103.00006
Graph progress:  16 % 31184.0
Graph progress:  17 % 14101.0
Graph progress:  18 % 6117.00001
Graph progress:  19 % 19469.00001
Graph progress:  20 % 41799.0
Graph progress:  21 % 6.00003
Graph progress:  22 % 36993.0
Graph progress:  23 % 376.00006
Graph progress:  24 % 22.00095
Graph progress:  25 % 126630.0
Graph progress:  26 % 72646.0
Graph progress:  27 % 3080.0
Graph progress:  28 % 58317.0
Graph progress:  29 % 17582.00001
Graph progress:  30 % 264.00003
Graph progress:  31 % 45970.0
Graph progress:  32 % 55906.0
Graph progress:  33 % 2641.0
Graph progress:  34 % 14269.0
Graph progress:  35 % 8855.00001
Graph progress:  36 % 23003.0
Graph progress:  37 % 1001.00007
Graph progress:  38 % 3691.00009
Graph progress:  39 % 130277.0
Graph progress:  40 % 11086.0
Graph progress:  41 % 11459.00001
Graph progress:  42 % 1379.00009
Graph progress:  43 % 3188.00002
Graph progress:  44 % 16120.00001
Graph progress:  45 % 18597.0
Graph progress:  46 % 3665.00002
Graph progress:  47 % 257.00002
Graph progress:  48 % 7624.0
Graph progress:  49 % 10159.0
Graph progress:  50 % 13419.0
Graph progress:  51 % 222231.0
Graph progress:  52 % 14.00153
Graph progress:  53 % 11127.0
Graph progress:  54 % 2934.00002
Graph progress:  55 % 89183.0
Graph progress:  56 % 3755.00002
Graph progress:  57 % 821.00001
Graph progress:  58 % 9682.00003
Graph progress:  59 % 60605.0
Graph progress:  60 % 66588.0
Graph progress:  61 % 493.00003
Graph progress:  62 % 30272.0
Graph progress:  63 % 133.0003
Graph progress:  64 % 64767.0
Graph progress:  65 % 47187.0
Graph progress:  66 % 18204.0
Graph progress:  67 % 17251.0
Graph progress:  68 % 3595.00002
Graph progress:  69 % 25380.0
Graph progress:  70 % 62126.0
Graph progress:  71 % 145.00039
Graph progress:  72 % 21512.00001
Graph progress:  73 % 7470.0
Graph progress:  74 % 7595.00003
Graph progress:  75 % 3348.00001
Graph progress:  76 % 26040.0
Graph progress:  77 % 53821.0
Graph progress:  78 % 84.0002
Graph progress:  79 % 69.00047
Graph progress:  80 % 3921.00002
Graph progress:  81 % 12484.00002
Graph progress:  82 % 8887.00001
Graph progress:  83 % 1962.00003
Graph progress:  84 % 7347.0
Graph progress:  85 % 164.00032
Graph progress:  86 % 37905.0
Graph progress:  87 % 33279.0
Graph progress:  88 % 21337.0
Graph progress:  89 % 10560.00003
Graph progress:  90 % 32198.0
Graph progress:  91 % 9265.00001
Graph progress:  92 % 25166.0
Graph progress:  93 % 43.00055
Graph progress:  94 % 105957.0
Graph progress:  95 % 16.00001
Graph progress:  96 % 70.00006
Graph progress:  97 % 208.00011
Graph progress:  98 % 8186.00003
Graph progress:  99 % 36843.0
Processed 89069 halos in snapshot 011_z004p770 of particle type 4
Reading in 'PartType5/ParticleIDs' for z = 4.77 using 8 thread(s) took 3.082851s
Reading in 'PartType5/ParticleIDs' for z = 5.0 using 8 thread(s) took 2.438204s
Reading in 'Subhalo/SubGroupNumber' for z = 5.0 using 8 thread(s) took 0.973473s
Reading in 'Subhalo/GroupNumber' for z = 5.0 using 8 thread(s) took 0.969567s
Reading in 'Subhalo/ApertureMeasurements/Mass/030kpc' for z = 5.0 using 8 thread(s) took 1.032701s
Reading in 'PartType5/Mass' for z = 5.0 using 8 thread(s) took 1.541482s
Reading in 'PartType5/ParticleIDs' for z = 4.77 using 8 thread(s) took 1.394447s
Reading in 'PartType5/GroupNumber' for z = 4.77 using 8 thread(s) took 1.027191s
Reading in 'PartType5/SubGroupNumber' for z = 4.77 using 8 thread(s) took 0.950095s
Reading in 'PartType5/GroupNumber' for z = 5.0 using 8 thread(s) took 1.111003s
Reading in 'PartType5/SubGroupNumber' for z = 5.0 using 8 thread(s) took 0.986361s
Reading in 'PartType5/ParticleIDs' for z = 5.0 using 8 thread(s) took 0.965855s
Graph progress:  0 % 6797.0
Graph progress:  1 % 357.0
Graph progress:  2 % 8538.00001
Graph progress:  3 % 6114.00002
Graph progress:  4 % 8044.0
Graph progress:  5 % 4311.0
Graph progress:  6 % 531.00012
Graph progress:  7 % 1790.0
Graph progress:  8 % 2678.00002
Graph progress:  9 % 258.00002
Graph progress:  10 % 193.0
Graph progress:  11 % 5040.00001
Graph progress:  12 % 5177.0
Graph progress:  13 % 8264.00002
Graph progress:  14 % 10417.00001
Graph progress:  15 % 5882.0
Graph progress:  16 % 1829.0
Graph progress:  17 % 3984.00001
Graph progress:  18 % 2993.00003
Graph progress:  19 % 175.0
Graph progress:  20 % 3261.00002
Graph progress:  21 % 3547.00001
Graph progress:  22 % 324.0
Graph progress:  23 % 2246.0
Graph progress:  24 % 358.00002
Graph progress:  25 % 10188.00001
Graph progress:  26 % 2566.0
Graph progress:  27 % 4567.0
Graph progress:  28 % 6630.0
Graph progress:  29 % 363.00001
Graph progress:  30 % 338.0
Graph progress:  31 % 5110.00001
Graph progress:  32 % 224.00003
Graph progress:  33 % 7421.0
Graph progress:  34 % 572.00006
Graph progress:  35 % 5350.00001
Graph progress:  36 % 8876.0
Graph progress:  37 % 1280.0
Graph progress:  38 % 3003.0
Graph progress:  39 % 4829.0
Graph progress:  40 % 41.0002
Graph progress:  41 % 7604.0
Graph progress:  42 % 54.0
Graph progress:  43 % 7339.00001
Graph progress:  44 % 2296.0
Graph progress:  45 % 16595.00001
Graph progress:  46 % 7676.0
Graph progress:  47 % 3697.0
Graph progress:  48 % 1032.00001
Graph progress:  49 % 8536.0
Graph progress:  50 % 60.00003
Graph progress:  51 % 3406.0
Graph progress:  52 % 781.0
Graph progress:  53 % 8543.00001
Graph progress:  54 % 3473.00001
Graph progress:  55 % 5161.00001
Graph progress:  56 % 45.0005
Graph progress:  57 % 7500.00002
Graph progress:  58 % 5450.0
Graph progress:  59 % 785.00001
Graph progress:  60 % 665.00002
Graph progress:  61 % 1038.00001
Graph progress:  62 % 4661.00003
Graph progress:  63 % 7099.0
Graph progress:  64 % 45.00001
Graph progress:  65 % 1281.0
Graph progress:  66 % 3348.0
Graph progress:  67 % 6629.0
Graph progress:  68 % 111.00017
Graph progress:  69 % 2784.0
Graph progress:  70 % 14874.00001
Graph progress:  71 % 807.0
Graph progress:  72 % 234.00009
Graph progress:  73 % 449.00008
Graph progress:  74 % 5321.00001
Graph progress:  75 % 7737.0
Graph progress:  76 % 4843.0
Graph progress:  77 % 2987.0
Graph progress:  78 % 627.00003
Graph progress:  79 % 5500.00002
Graph progress:  80 % 26743.0
Graph progress:  81 % 66.0
Graph progress:  82 % 827.00001
Graph progress:  83 % 2578.0
Graph progress:  84 % 896.0
Graph progress:  85 % 5170.00002
Graph progress:  86 % 5001.00001
Graph progress:  87 % 3349.0
Graph progress:  88 % 1830.0
Graph progress:  89 % 3664.00002
Graph progress:  90 % 4942.0
Graph progress:  91 % 7296.00001
Graph progress:  92 % 7287.0
Graph progress:  93 % 9865.0
Graph progress:  94 % 4065.0
Graph progress:  95 % 699.00001
Graph progress:  96 % 3192.0
Graph progress:  97 % 3959.00002
Graph progress:  98 % 7502.0
Graph progress:  99 % 121.00022
Processed 13060 halos in snapshot 011_z004p770 of particle type 5
Reading in 'PartType0/ParticleIDs' for z = 4.77 using 8 thread(s) took 12.716381s
Reading in 'PartType0/ParticleIDs' for z = 5.0 using 8 thread(s) took 13.142308s
Reading in 'Subhalo/SubGroupNumber' for z = 5.0 using 8 thread(s) took 1.067845s
Reading in 'Subhalo/GroupNumber' for z = 5.0 using 8 thread(s) took 1.040379s
Reading in 'Subhalo/ApertureMeasurements/Mass/030kpc' for z = 5.0 using 8 thread(s) took 1.073391s
Reading in 'PartType0/Mass' for z = 5.0 using 8 thread(s) took 2.296172s
Reading in 'PartType0/ParticleIDs' for z = 4.77 using 8 thread(s) took 5.501641s
Reading in 'PartType0/GroupNumber' for z = 4.77 using 8 thread(s) took 2.522654s
Reading in 'PartType0/SubGroupNumber' for z = 4.77 using 8 thread(s) took 2.345575s
Reading in 'PartType0/GroupNumber' for z = 5.0 using 8 thread(s) took 2.665187s
Reading in 'PartType0/SubGroupNumber' for z = 5.0 using 8 thread(s) took 2.238879s
Reading in 'PartType0/ParticleIDs' for z = 5.0 using 8 thread(s) took 5.150039s
Graph progress:  0 % 200642.0
Graph progress:  1 % 291940.0
Graph progress:  2 % 174905.0
Graph progress:  3 % 197823.0
Graph progress:  4 % 27518.0
Graph progress:  5 % 202826.0
Graph progress:  6 % 108.00036
Graph progress:  7 % 263.00003
Graph progress:  8 % 259383.0
Graph progress:  9 % 121498.0
Graph progress:  10 % 207030.0
Graph progress:  11 % 212607.0
Graph progress:  12 % 335098.0
Graph progress:  13 % 95368.0
Graph progress:  14 % 335338.0
Graph progress:  15 % 179020.0
Graph progress:  16 % 106080.00001
Graph progress:  17 % 38074.0
Graph progress:  18 % 36308.0
Graph progress:  19 % 26872.00001
Graph progress:  20 % 16379.00001
Graph progress:  21 % 240896.0
Graph progress:  22 % 251754.0
Graph progress:  23 % 61306.0
Graph progress:  24 % 72882.0
Graph progress:  25 % 127375.0
Graph progress:  26 % 92597.0
Graph progress:  27 % 12029.00001
Graph progress:  28 % 18635.0
Graph progress:  29 % 359836.0
Graph progress:  30 % 322895.0
Graph progress:  31 % 10626.0
Graph progress:  32 % 66683.0
Graph progress:  33 % 60458.0
Graph progress:  34 % 10208.0
Graph progress:  35 % 228685.0
Graph progress:  36 % 18397.0
Graph progress:  37 % 13373.0
Graph progress:  38 % 224258.0
Graph progress:  39 % 169966.0
Graph progress:  40 % 90690.0
Graph progress:  41 % 323375.0
Graph progress:  42 % 236017.0
Graph progress:  43 % 8485.00001
Graph progress:  44 % 87270.0
Graph progress:  45 % 314810.0
Graph progress:  46 % 15981.00001
Graph progress:  47 % 160620.0
Graph progress:  48 % 123888.0
Graph progress:  49 % 113407.0
Graph progress:  50 % 39413.0
Graph progress:  51 % 334278.0
Graph progress:  52 % 209912.0
Graph progress:  53 % 215667.0
Graph progress:  54 % 73597.0
Graph progress:  55 % 2244.0
Graph progress:  56 % 145876.0
Graph progress:  57 % 5422.0
Graph progress:  58 % 176051.0
Graph progress:  59 % 229800.0
Graph progress:  60 % 270894.0
Graph progress:  61 % 39854.0
Graph progress:  62 % 67868.0
Graph progress:  63 % 269617.0
Graph progress:  64 % 343373.0
Graph progress:  65 % 4872.00004
Graph progress:  66 % 169475.0
Graph progress:  67 % 12292.00001
Graph progress:  68 % 3189.00004
Graph progress:  69 % 40380.0
Graph progress:  70 % 40081.0
Graph progress:  71 % 49294.0
Graph progress:  72 % 235419.0
Graph progress:  73 % 429.0001
Graph progress:  74 % 203224.0
Graph progress:  75 % 2129.00002
Graph progress:  76 % 147598.0
Graph progress:  77 % 56005.0
Graph progress:  78 % 47894.0
Graph progress:  79 % 144352.0
Graph progress:  80 % 113082.0
Graph progress:  81 % 263536.0
Graph progress:  82 % 108940.0
Graph progress:  83 % 212840.0
Graph progress:  84 % 22440.0
Graph progress:  85 % 10490.0
Graph progress:  86 % 276743.0
Graph progress:  87 % 34633.0
Graph progress:  88 % 276680.0
Graph progress:  89 % 23406.00001
Graph progress:  90 % 1764.00002
Graph progress:  91 % 80167.0
Graph progress:  92 % 241818.0
Graph progress:  93 % 20521.00001
Graph progress:  94 % 162599.0
Graph progress:  95 % 224731.0
Graph progress:  96 % 208347.0
Graph progress:  97 % 2947.00005
Graph progress:  98 % 66747.0
Graph progress:  99 % 13254.0
Processed 359947 halos in snapshot 011_z004p770 of particle type 0
Write progress:  0 % 176170.0
Write progress:  1 % 272464.0
Write progress:  2 % 69074.0
Write progress:  3 % 222529.0
Write progress:  4 % 244698.0
Write progress:  5 % 762.00005
Write progress:  6 % 835.00026
Write progress:  7 % 272646.0
Write progress:  8 % 196156.0
Write progress:  9 % 27195.0
Write progress:  10 % 544.00014
Write progress:  11 % 6817.0
Write progress:  12 % 65719.0
Write progress:  13 % 13519.00002
Write progress:  14 % 53635.0
Write progress:  15 % 335659.0
Write progress:  16 % 112600.0
Write progress:  17 % 120477.0
Write progress:  18 % 15240.00001
Write progress:  19 % 232411.0
Write progress:  20 % 132775.0
Write progress:  21 % 6006.0
Write progress:  22 % 7416.0
Write progress:  23 % 145433.0
Write progress:  24 % 336612.0
Write progress:  25 % 134137.0
Write progress:  26 % 318139.0
Write progress:  27 % 616.00022
Write progress:  28 % 313811.0
Write progress:  29 % 131414.0
Write progress:  30 % 45819.0
Write progress:  31 % 63363.0
Write progress:  32 % 353802.0
Write progress:  33 % 151526.0
Write progress:  34 % 243997.0
Write progress:  35 % 146419.0
Write progress:  36 % 370665.0
Write progress:  37 % 185117.0
Write progress:  38 % 258500.0
Write progress:  39 % 4194.00005
Write progress:  40 % 4830.00001
Write progress:  41 % 15804.0
Write progress:  42 % 297585.0
Write progress:  43 % 3438.00003
Write progress:  44 % 156171.0
Write progress:  45 % 16208.00001
Write progress:  46 % 7633.0
Write progress:  47 % 87433.0
Write progress:  48 % 78810.0
Write progress:  49 % 3569.00001
Write progress:  50 % 170012.0
Write progress:  51 % 60017.00001
Write progress:  52 % 234625.0
Write progress:  53 % 259766.0
Write progress:  54 % 246929.0
Write progress:  55 % 147540.0
Write progress:  56 % 4041.00004
Write progress:  57 % 85567.0
Write progress:  58 % 167736.0
Write progress:  59 % 241589.0
Write progress:  60 % 12710.00002
Write progress:  61 % 318287.0
Write progress:  62 % 58875.0
Write progress:  63 % 50968.00001
Write progress:  64 % 19968.00001
Write progress:  65 % 293383.0
Write progress:  66 % 91234.0
Write progress:  67 % 245944.0
Write progress:  68 % 76479.0
Write progress:  69 % 8566.0
Write progress:  70 % 126585.0
Write progress:  71 % 152811.0
Write progress:  72 % 196936.00001
Write progress:  73 % 243170.0
Write progress:  74 % 295529.0
Write progress:  75 % 126765.0
Write progress:  76 % 116984.0
Write progress:  77 % 9890.0
Write progress:  78 % 184358.0
Write progress:  79 % 3197.00001
Write progress:  80 % 195070.0
Write progress:  81 % 24684.00003
Write progress:  82 % 102148.0
Write progress:  83 % 292511.0
Write progress:  84 % 156861.0
Write progress:  85 % 234852.0
Write progress:  86 % 259591.0
Write progress:  87 % 17212.00001
Write progress:  88 % 230122.0
Write progress:  89 % 147432.0
Write progress:  90 % 18930.0
Write progress:  91 % 298793.0
Write progress:  92 % 8620.00001
Write progress:  93 % 3276.0
Write progress:  94 % 316442.0
Write progress:  95 % 338060.0
Write progress:  96 % 164558.0
Write progress:  97 % 10364.00002
Write progress:  98 % 351276.0
Write progress:  99 % 16.00092
Job done, info follows...
       JobID    JobName  Partition     MaxRSS    Elapsed ExitCode 
------------ ---------- ---------- ---------- ---------- -------- 
2042958_444  MEGA-FLAR+     cosma6              01:30:55      0:0 
2042958_444+     extern                         01:30:55      0:0 
