====
Starting job 2038863 at Tue 21 Apr 09:38:36 BST 2020 for user dc-rope1.
Running on nodes: m7134
====
['000_z020p000', '001_z015p132', '002_z009p993', '003_z008p988', '004_z008p075', '005_z007p050', '006_z005p971', '007_z005p487', '008_z005p037', '009_z004p485', '010_z003p984', '011_z003p528', '012_z003p017', '013_z002p478', '014_z002p237', '015_z002p012', '016_z001p737', '017_z001p487', '018_z001p259', '019_z001p004', '020_z000p865', '021_z000p736', '022_z000p615', '023_z000p503', '024_z000p366', '025_z000p271', '026_z000p183', '027_z000p101', '028_z000p000']
[None, '000_z020p000', '001_z015p132', '002_z009p993', '003_z008p988', '004_z008p075', '005_z007p050', '006_z005p971', '007_z005p487', '008_z005p037', '009_z004p485', '010_z003p984', '011_z003p528', '012_z003p017', '013_z002p478', '014_z002p237', '015_z002p012', '016_z001p737', '017_z001p487', '018_z001p259', '019_z001p004', '020_z000p865', '021_z000p736', '022_z000p615', '023_z000p503', '024_z000p366', '025_z000p271', '026_z000p183', '027_z000p101']
['001_z015p132', '002_z009p993', '003_z008p988', '004_z008p075', '005_z007p050', '006_z005p971', '007_z005p487', '008_z005p037', '009_z004p485', '010_z003p984', '011_z003p528', '012_z003p017', '013_z002p478', '014_z002p237', '015_z002p012', '016_z001p737', '017_z001p487', '018_z001p259', '019_z001p004', '020_z000p865', '021_z000p736', '022_z000p615', '023_z000p503', '024_z000p366', '025_z000p271', '026_z000p183', '027_z000p101', '028_z000p000', None]
009_z004p485
Reading in 'PartType1/ParticleIDs' for z = 4.485 using 8 thread(s) took 54.969273s
Reading in 'PartType1/ParticleIDs' for z = 4.485 using 8 thread(s) took 15.392871s
Reading in 'PartType1/GroupNumber' for z = 4.485 using 8 thread(s) took 9.445601s
Reading in 'PartType1/SubGroupNumber' for z = 4.485 using 8 thread(s) took 8.140017s
Reading in 'PartType1/GroupNumber' for z = 5.037 using 8 thread(s) took 11.518242s
Reading in 'PartType1/SubGroupNumber' for z = 5.037 using 8 thread(s) took 10.364269s
Reading in 'PartType1/ParticleIDs' for z = 5.037 using 8 thread(s) took 15.572072s
Reading in 'PartType1/GroupNumber' for z = 3.984 using 8 thread(s) took 14.324184s
Reading in 'PartType1/SubGroupNumber' for z = 3.984 using 8 thread(s) took 12.822455s
Reading in 'PartType1/ParticleIDs' for z = 3.984 using 8 thread(s) took 18.965014s
Graph progress:  0 % 1005038.0
Graph progress:  1 % 1950959.0
Graph progress:  2 % 133756.0
Graph progress:  3 % 1584844.0
Graph progress:  4 % 2665.00004
Graph progress:  5 % 58421.0
Graph progress:  6 % 1567427.0
Graph progress:  7 % 1981169.0
Graph progress:  8 % 1254260.0
Graph progress:  9 % 1586100.0
Graph progress:  10 % 1663667.0
Graph progress:  11 % 20013.0
Graph progress:  12 % 953226.0
Graph progress:  13 % 6226.0
Graph progress:  14 % 2041852.0
Graph progress:  15 % 1425559.0
Graph progress:  16 % 8514.00004
Graph progress:  17 % 1265612.0
Graph progress:  18 % 1875424.0
Graph progress:  19 % 1518173.0
Graph progress:  20 % 1921.00009
Graph progress:  21 % 6404.00004
Graph progress:  22 % 1080730.0
Graph progress:  23 % 1849524.0
Graph progress:  24 % 2134623.0
Graph progress:  25 % 2320068.0
Graph progress:  26 % 498587.0
Graph progress:  27 % 1299452.0
Graph progress:  28 % 1372883.0
Graph progress:  29 % 720801.0
Graph progress:  30 % 943371.0
Graph progress:  31 % 101014.0
Graph progress:  32 % 98691.0
Graph progress:  33 % 2047045.0
Graph progress:  34 % 3458.00009
Graph progress:  35 % 37535.00001
Graph progress:  36 % 285.00031
Graph progress:  37 % 77088.0
Graph progress:  38 % 1081768.0
Graph progress:  39 % 21936.0
Graph progress:  40 % 786739.00001
Graph progress:  41 % 164975.0
Graph progress:  42 % 1067593.0
Graph progress:  43 % 1497552.0
Graph progress:  44 % 14198.0001
Graph progress:  45 % 386087.0
Graph progress:  46 % 540801.00002
Graph progress:  47 % 147559.00001
Graph progress:  48 % 1014340.0
Graph progress:  49 % 897240.0
Graph progress:  50 % 816576.00001
Graph progress:  51 % 2257151.0
Graph progress:  52 % 2201966.0
Graph progress:  53 % 1146060.0
Graph progress:  54 % 808727.0
Graph progress:  55 % 2282944.0
Graph progress:  56 % 1857660.0
Graph progress:  57 % 1524325.0
Graph progress:  58 % 961349.0
Graph progress:  59 % 990503.0
Graph progress:  60 % 888190.0
Graph progress:  61 % 2204605.0
Graph progress:  62 % 2326354.0
Graph progress:  63 % 2205304.0
Graph progress:  64 % 2146376.0
Graph progress:  65 % 1182131.0
Graph progress:  66 % 1191255.0
Graph progress:  67 % 158154.0
Graph progress:  68 % 126033.0
Graph progress:  69 % 105.00056
Graph progress:  70 % 151170.00001
Graph progress:  71 % 1462526.0
Graph progress:  72 % 1478010.0
Graph progress:  73 % 2088811.0
Graph progress:  74 % 1741601.0
Graph progress:  75 % 874569.0
Graph progress:  76 % 1598153.0
Graph progress:  77 % 2310407.0
Graph progress:  78 % 1944411.0
Graph progress:  79 % 2060672.0
Graph progress:  80 % 904194.0
Graph progress:  81 % 1341402.0
Graph progress:  82 % 2289537.0
Graph progress:  83 % 47172.00003
Graph progress:  84 % 1531235.0
Graph progress:  85 % 2186.00013
Graph progress:  86 % 3939.00007
Graph progress:  87 % 178205.0
Graph progress:  88 % 6283.00002
Graph progress:  89 % 1193328.0
Graph progress:  90 % 14526.0
Graph progress:  91 % 2154555.0
Graph progress:  92 % 894774.0
Graph progress:  93 % 852866.0
Graph progress:  94 % 150444.0
Graph progress:  95 % 1893899.0
Graph progress:  96 % 2125754.0
Graph progress:  97 % 2096092.0
Graph progress:  98 % 1978246.0
Graph progress:  99 % 1437245.0
Processed 2803047 halos in snapshot 009_z004p485 of particle type 1
Reading in 'PartType4/ParticleIDs' for z = 4.485 using 8 thread(s) took 5.447326s
Reading in 'PartType4/ParticleIDs' for z = 5.037 using 8 thread(s) took 48.163278s
Reading in 'Subhalo/SubGroupNumber' for z = 5.037 using 8 thread(s) took 8.035657s
Reading in 'Subhalo/GroupNumber' for z = 5.037 using 8 thread(s) took 4.273916s
Reading in 'Subhalo/ApertureMeasurements/Mass/030kpc' for z = 5.037 using 8 thread(s) took 4.230486s
Reading in 'PartType4/Mass' for z = 5.037 using 8 thread(s) took 4.760044s
Reading in 'PartType4/ParticleIDs' for z = 3.984 using 8 thread(s) took 13.33989s
Reading in 'Subhalo/SubGroupNumber' for z = 3.984 using 8 thread(s) took 70.948005s
Reading in 'Subhalo/GroupNumber' for z = 3.984 using 8 thread(s) took 4.120664s
Reading in 'Subhalo/ApertureMeasurements/Mass/030kpc' for z = 3.984 using 8 thread(s) took 4.422397s
Reading in 'PartType4/Mass' for z = 3.984 using 8 thread(s) took 12.450732s
Reading in 'PartType4/ParticleIDs' for z = 4.485 using 8 thread(s) took 4.469206s
Reading in 'PartType4/GroupNumber' for z = 4.485 using 8 thread(s) took 4.04084s
Reading in 'PartType4/SubGroupNumber' for z = 4.485 using 8 thread(s) took 6.585803s
Reading in 'PartType4/GroupNumber' for z = 5.037 using 8 thread(s) took 8.157882s
Reading in 'PartType4/SubGroupNumber' for z = 5.037 using 8 thread(s) took 8.484685s
Reading in 'PartType4/ParticleIDs' for z = 5.037 using 8 thread(s) took 9.670512s
Reading in 'PartType4/GroupNumber' for z = 3.984 using 8 thread(s) took 4.28312s
Reading in 'PartType4/SubGroupNumber' for z = 3.984 using 8 thread(s) took 4.845765s
Reading in 'PartType4/ParticleIDs' for z = 3.984 using 8 thread(s) took 6.582948s
Graph progress:  0 % 78585.00001
Graph progress:  1 % 1324.00019
Graph progress:  2 % 835758.0
Graph progress:  3 % 169411.0
Graph progress:  4 % 102906.00001
Graph progress:  5 % 11638.00001
Graph progress:  6 % 228999.0
Graph progress:  7 % 87906.0
Graph progress:  8 % 625264.0
Graph progress:  9 % 168749.0
Graph progress:  10 % 84107.00001
Graph progress:  11 % 11098.00012
Graph progress:  12 % 262387.0
Graph progress:  13 % 600079.0
Graph progress:  14 % 121374.0
Graph progress:  15 % 330527.0
Graph progress:  16 % 62338.00001
Graph progress:  17 % 55264.00002
Graph progress:  18 % 39815.0
Graph progress:  19 % 530656.0
Graph progress:  20 % 175001.00001
Graph progress:  21 % 54225.00001
Graph progress:  22 % 8232.00003
Graph progress:  23 % 25753.00004
Graph progress:  24 % 9203.00002
Graph progress:  25 % 66190.0
Graph progress:  26 % 4938.00011
Graph progress:  27 % 217864.0
Graph progress:  28 % 3487.00006
Graph progress:  29 % 373502.0
Graph progress:  30 % 49673.0
Graph progress:  31 % 544.0002
Graph progress:  32 % 95859.0
Graph progress:  33 % 274994.0
Graph progress:  34 % 297517.0
Graph progress:  35 % 49191.0
Graph progress:  36 % 4721.00001
Graph progress:  37 % 76548.0
Graph progress:  38 % 180776.00001
Graph progress:  39 % 164968.0
Graph progress:  40 % 341972.0
Graph progress:  41 % 8158.00002
Graph progress:  42 % 115605.00001
Graph progress:  43 % 4615.0
Graph progress:  44 % 39536.00002
Graph progress:  45 % 626290.0
Graph progress:  46 % 184761.0
Graph progress:  47 % 435608.0
Graph progress:  48 % 514801.0
Graph progress:  49 % 120493.00001
Graph progress:  50 % 115039.0
Graph progress:  51 % 180824.0
Graph progress:  52 % 281.00053
Graph progress:  53 % 28520.00001
Graph progress:  54 % 115287.0
Graph progress:  55 % 9.00034
Graph progress:  56 % 29918.00003
Graph progress:  57 % 65047.00001
Graph progress:  58 % 246708.0
Graph progress:  59 % 51528.00003
Graph progress:  60 % 181264.0
Graph progress:  61 % 541109.0
Graph progress:  62 % 57661.0
Graph progress:  63 % 76482.0
Graph progress:  64 % 893.0
Graph progress:  65 % 15795.0
Graph progress:  66 % 10968.00002
Graph progress:  67 % 19670.0
Graph progress:  68 % 541331.0
Graph progress:  69 % 3299.0
Graph progress:  70 % 2093.00012
Graph progress:  71 % 146251.0
Graph progress:  72 % 520061.0
Graph progress:  73 % 11331.0
Graph progress:  74 % 242540.0
Graph progress:  75 % 131420.0
Graph progress:  76 % 278971.0
Graph progress:  77 % 35396.00001
Graph progress:  78 % 38230.00002
Graph progress:  79 % 65009.00001
Graph progress:  80 % 45224.00001
Graph progress:  81 % 314937.0
Graph progress:  82 % 57708.00001
Graph progress:  83 % 305205.0
Graph progress:  84 % 81154.0
Graph progress:  85 % 10151.0
Graph progress:  86 % 51823.0
Graph progress:  87 % 12403.00003
Graph progress:  88 % 246924.0
Graph progress:  89 % 294097.0
Graph progress:  90 % 165848.0
Graph progress:  91 % 114.00018
Graph progress:  92 % 56935.0
Graph progress:  93 % 9247.00004
Graph progress:  94 % 3244.00001
Graph progress:  95 % 404849.0
Graph progress:  96 % 152171.00001
Graph progress:  97 % 22820.00004
Graph progress:  98 % 63730.00003
Graph progress:  99 % 380614.0
Processed 494517 halos in snapshot 009_z004p485 of particle type 4
Reading in 'PartType5/ParticleIDs' for z = 4.485 using 8 thread(s) took 11.759758s
Reading in 'PartType5/ParticleIDs' for z = 5.037 using 8 thread(s) took 5.255094s
Reading in 'Subhalo/SubGroupNumber' for z = 5.037 using 8 thread(s) took 4.527814s
Reading in 'Subhalo/GroupNumber' for z = 5.037 using 8 thread(s) took 4.606955s
Reading in 'Subhalo/ApertureMeasurements/Mass/030kpc' for z = 5.037 using 8 thread(s) took 5.03677s
Reading in 'PartType5/Mass' for z = 5.037 using 8 thread(s) took 4.448381s
Reading in 'PartType5/ParticleIDs' for z = 3.984 using 8 thread(s) took 4.955178s
Reading in 'Subhalo/SubGroupNumber' for z = 3.984 using 8 thread(s) took 4.463682s
Reading in 'Subhalo/GroupNumber' for z = 3.984 using 8 thread(s) took 4.581593s
Reading in 'Subhalo/ApertureMeasurements/Mass/030kpc' for z = 3.984 using 8 thread(s) took 4.906961s
Reading in 'PartType5/Mass' for z = 3.984 using 8 thread(s) took 4.567597s
Reading in 'PartType5/ParticleIDs' for z = 4.485 using 8 thread(s) took 3.924933s
Reading in 'PartType5/GroupNumber' for z = 4.485 using 8 thread(s) took 3.987249s
Reading in 'PartType5/SubGroupNumber' for z = 4.485 using 8 thread(s) took 3.921539s
Reading in 'PartType5/GroupNumber' for z = 5.037 using 8 thread(s) took 4.088988s
Reading in 'PartType5/SubGroupNumber' for z = 5.037 using 8 thread(s) took 4.116434s
Reading in 'PartType5/ParticleIDs' for z = 5.037 using 8 thread(s) took 4.109793s
Reading in 'PartType5/GroupNumber' for z = 3.984 using 8 thread(s) took 4.165517s
Reading in 'PartType5/SubGroupNumber' for z = 3.984 using 8 thread(s) took 4.06915s
Reading in 'PartType5/ParticleIDs' for z = 3.984 using 8 thread(s) took 4.054103s
Graph progress:  0 % 1464.0
Graph progress:  1 % 29146.0
Graph progress:  2 % 10161.00001
Graph progress:  3 % 10668.0
Graph progress:  4 % 415186.0
Graph progress:  5 % 1351.00003
Graph progress:  6 % 9552.0
Graph progress:  7 % 3617.0
Graph progress:  8 % 1057.00007
Graph progress:  9 % 4430.0
Graph progress:  10 % 3311.0
Graph progress:  11 % 37791.00002
Graph progress:  12 % 92.00002
Graph progress:  13 % 29151.0
Graph progress:  14 % 1065.00002
Graph progress:  15 % 35154.00001
Graph progress:  16 % 39999.00001
Graph progress:  17 % 1342.00001
Graph progress:  18 % 19921.00007
Graph progress:  19 % 42589.00001
Graph progress:  20 % 48385.00001
Graph progress:  21 % 36865.0
Graph progress:  22 % 43677.0
Graph progress:  23 % 25753.00003
Graph progress:  24 % 37270.00003
Graph progress:  25 % 2135.00004
Graph progress:  26 % 27964.0
Graph progress:  27 % 57934.00002
Graph progress:  28 % 657.00002
Graph progress:  29 % 46571.00001
Graph progress:  30 % 161.0
Graph progress:  31 % 25697.0
Graph progress:  32 % 15702.0
Graph progress:  33 % 15831.00002
Graph progress:  34 % 2425.0
Graph progress:  35 % 5072.00007
Graph progress:  36 % 20681.0
Graph progress:  37 % 55352.00001
Graph progress:  38 % 46963.00002
Graph progress:  39 % 25019.00003
Graph progress:  40 % 17895.00006
Graph progress:  41 % 8158.00003
Graph progress:  42 % 15122.00001
Graph progress:  43 % 1325.00001
Graph progress:  44 % 1639.0
Graph progress:  45 % 37777.0
Graph progress:  46 % 15519.00006
Graph progress:  47 % 47295.0
Graph progress:  48 % 25872.0
Graph progress:  49 % 1545.00002
Graph progress:  50 % 52173.0
Graph progress:  51 % 7973.0
Graph progress:  52 % 35757.0
Graph progress:  53 % 29245.0
Graph progress:  54 % 18385.0
Graph progress:  55 % 99548.0
Graph progress:  56 % 16322.0
Graph progress:  57 % 36274.00003
Graph progress:  58 % 45458.00002
Graph progress:  59 % 19907.0
Graph progress:  60 % 3404.0
Graph progress:  61 % 37114.00003
Graph progress:  62 % 10292.00002
Graph progress:  63 % 11328.0
Graph progress:  64 % 45626.00001
Graph progress:  65 % 8714.0
Graph progress:  66 % 27931.00002
Graph progress:  67 % 4627.0
Graph progress:  68 % 26096.00006
Graph progress:  69 % 3243.0
Graph progress:  70 % 23636.00003
Graph progress:  71 % 24093.0
Graph progress:  72 % 580.0
Graph progress:  73 % 37495.0
Graph progress:  74 % 31937.00001
Graph progress:  75 % 29705.0
Graph progress:  76 % 4745.0
Graph progress:  77 % 19135.0
Graph progress:  78 % 15748.0
Graph progress:  79 % 17111.0
Graph progress:  80 % 34466.0
Graph progress:  81 % 4504.00007
Graph progress:  82 % 3689.0
Graph progress:  83 % 14365.00005
Graph progress:  84 % 7553.0
Graph progress:  85 % 12007.0
Graph progress:  86 % 19076.00003
Graph progress:  87 % 31975.0
Graph progress:  88 % 31760.0
Graph progress:  89 % 7876.0001
Graph progress:  90 % 37607.00002
Graph progress:  91 % 38974.0
Graph progress:  92 % 3631.00001
Graph progress:  93 % 16481.0
Graph progress:  94 % 58325.0
Graph progress:  95 % 115343.00001
Graph progress:  96 % 564.0
Graph progress:  97 % 42615.0
Graph progress:  98 % 27827.0
Graph progress:  99 % 35856.0
Processed 61896 halos in snapshot 009_z004p485 of particle type 5
Reading in 'PartType0/ParticleIDs' for z = 4.485 using 8 thread(s) took 60.008195s
Reading in 'PartType0/ParticleIDs' for z = 5.037 using 8 thread(s) took 118.871931s
Reading in 'Subhalo/SubGroupNumber' for z = 5.037 using 8 thread(s) took 5.369294s
Reading in 'Subhalo/GroupNumber' for z = 5.037 using 8 thread(s) took 15.542705s
Reading in 'Subhalo/ApertureMeasurements/Mass/030kpc' for z = 5.037 using 8 thread(s) took 5.341081s
Reading in 'PartType0/Mass' for z = 5.037 using 8 thread(s) took 40.308975s
Reading in 'PartType0/ParticleIDs' for z = 3.984 using 8 thread(s) took 307.640593s
Reading in 'Subhalo/SubGroupNumber' for z = 3.984 using 8 thread(s) took 5.711633s
Reading in 'Subhalo/GroupNumber' for z = 3.984 using 8 thread(s) took 5.650076s
Reading in 'Subhalo/ApertureMeasurements/Mass/030kpc' for z = 3.984 using 8 thread(s) took 5.507425s
Reading in 'PartType0/Mass' for z = 3.984 using 8 thread(s) took 53.309799s
Reading in 'PartType0/ParticleIDs' for z = 4.485 using 8 thread(s) took 18.908202s
Reading in 'PartType0/GroupNumber' for z = 4.485 using 8 thread(s) took 15.471006s
Reading in 'PartType0/SubGroupNumber' for z = 4.485 using 8 thread(s) took 14.632886s
Reading in 'PartType0/GroupNumber' for z = 5.037 using 8 thread(s) took 13.996224s
Reading in 'PartType0/SubGroupNumber' for z = 5.037 using 8 thread(s) took 13.136073s
Reading in 'PartType0/ParticleIDs' for z = 5.037 using 8 thread(s) took 17.393783s
Reading in 'PartType0/GroupNumber' for z = 3.984 using 8 thread(s) took 18.328302s
Reading in 'PartType0/SubGroupNumber' for z = 3.984 using 8 thread(s) took 17.497744s
