====
Starting job 2043241 at Thu 23 Apr 23:42:53 BST 2020 for user dc-rope1.
Running on nodes: m6508
====
145
('27', '000_z015p000', '001_z014p000', '002_z013p000')
Reading in 'PartType1/ParticleIDs' for z = 14.0 using 8 thread(s) took 9.591028s
Reading in 'PartType1/ParticleIDs' for z = 14.0 using 8 thread(s) took 1.862554s
Reading in 'PartType1/GroupNumber' for z = 14.0 using 8 thread(s) took 0.097688s
Reading in 'PartType1/SubGroupNumber' for z = 14.0 using 8 thread(s) took 0.069733s
Reading in 'PartType1/GroupNumber' for z = 15.0 using 8 thread(s) took 0.11305s
Reading in 'PartType1/SubGroupNumber' for z = 15.0 using 8 thread(s) took 0.081871s
Reading in 'PartType1/ParticleIDs' for z = 15.0 using 8 thread(s) took 0.081163s
Reading in 'PartType1/GroupNumber' for z = 13.0 using 8 thread(s) took 0.143967s
Reading in 'PartType1/SubGroupNumber' for z = 13.0 using 8 thread(s) took 0.106325s
Reading in 'PartType1/ParticleIDs' for z = 13.0 using 8 thread(s) took 0.112382s
Graph progress:  0 % 490.0
Graph progress:  1 % 767.0
Graph progress:  2 % 384.00001
Graph progress:  3 % 257.0
Graph progress:  4 % 661.0
Graph progress:  5 % 181.0
Graph progress:  6 % 668.0
Graph progress:  7 % 84.0
Graph progress:  8 % 768.0
Graph progress:  9 % 1913.0
Graph progress:  10 % 262.0
Graph progress:  11 % 93.00001
Graph progress:  12 % 1207.0
Graph progress:  13 % 413.0
Graph progress:  14 % 1210.0
Graph progress:  15 % 1236.0
Graph progress:  16 % 1870.0
Graph progress:  17 % 691.0
Graph progress:  18 % 1619.0
Graph progress:  19 % 217.0
Graph progress:  20 % 1245.0
Graph progress:  21 % 1769.0
Graph progress:  22 % 1129.0
Graph progress:  23 % 502.0
Graph progress:  24 % 223.0
Graph progress:  25 % 1709.0
Graph progress:  26 % 1748.0
Graph progress:  27 % 1501.0
Graph progress:  28 % 798.0
Graph progress:  29 % 308.0
Graph progress:  30 % 818.0
Graph progress:  31 % 626.0
Graph progress:  32 % 1448.0
Graph progress:  33 % 1008.0
Graph progress:  34 % 7.00003
Graph progress:  35 % 497.0
Graph progress:  36 % 1517.0
Graph progress:  37 % 748.0
Graph progress:  38 % 274.0
Graph progress:  39 % 82.0
Graph progress:  40 % 1294.0
Graph progress:  41 % 224.00001
Graph progress:  42 % 1120.0
Graph progress:  43 % 532.0
Graph progress:  44 % 1862.0
Graph progress:  45 % 346.0
Graph progress:  46 % 706.0
Graph progress:  47 % 660.0
Graph progress:  48 % 1972.0
Graph progress:  49 % 1455.0
Graph progress:  50 % 25.00001
Graph progress:  51 % 1806.0
Graph progress:  52 % 708.0
Graph progress:  53 % 19.00002
Graph progress:  54 % 211.0
Graph progress:  55 % 383.0
Graph progress:  56 % 1852.0
Graph progress:  57 % 1469.0
Graph progress:  58 % 2.00001
Graph progress:  59 % 1198.0
Graph progress:  60 % 213.0
Graph progress:  61 % 289.0
Graph progress:  62 % 335.0
Graph progress:  63 % 104.00001
Graph progress:  64 % 1474.0
Graph progress:  65 % 753.0
Graph progress:  66 % 2015.0
Graph progress:  67 % 1255.0
Graph progress:  68 % 418.0
Graph progress:  69 % 336.00001
Graph progress:  70 % 1201.0
Graph progress:  71 % 331.0
Graph progress:  72 % 1343.0
Graph progress:  73 % 1582.0
Graph progress:  74 % 1364.0
Graph progress:  75 % 1762.0
Graph progress:  76 % 1389.0
Graph progress:  77 % 743.0
Graph progress:  78 % 1816.0
Graph progress:  79 % 1893.0
Graph progress:  80 % 842.0
Graph progress:  81 % 341.0
Graph progress:  82 % 1253.0
Graph progress:  83 % 1643.0
Graph progress:  84 % 1854.0
Graph progress:  85 % 812.0
Graph progress:  86 % 328.00001
Graph progress:  87 % 88.00001
Graph progress:  88 % 1465.0
Graph progress:  89 % 772.0
Graph progress:  90 % 21.0
Graph progress:  91 % 585.0
Graph progress:  92 % 1001.0
Graph progress:  93 % 613.0
Graph progress:  94 % 136.0
Graph progress:  95 % 67.0
Graph progress:  96 % 1817.0
Graph progress:  97 % 1457.0
Graph progress:  98 % 1787.0
Graph progress:  99 % 712.0
Processed 2211 halos in snapshot 001_z014p000 of particle type 1
Reading in 'PartType4/ParticleIDs' for z = 14.0 using 8 thread(s) took 0.644762s
Reading in 'PartType4/ParticleIDs' for z = 15.0 using 8 thread(s) took 0.662273s
Reading in 'Subhalo/SubGroupNumber' for z = 15.0 using 8 thread(s) took 3.276593s
Reading in 'Subhalo/GroupNumber' for z = 15.0 using 8 thread(s) took 0.137541s
Reading in 'Subhalo/ApertureMeasurements/Mass/030kpc' for z = 15.0 using 8 thread(s) took 0.11368s
Reading in 'PartType4/Mass' for z = 15.0 using 8 thread(s) took 0.077184s
Reading in 'PartType4/ParticleIDs' for z = 13.0 using 8 thread(s) took 0.88624s
Reading in 'Subhalo/SubGroupNumber' for z = 13.0 using 8 thread(s) took 2.514988s
Reading in 'Subhalo/GroupNumber' for z = 13.0 using 8 thread(s) took 0.138534s
Reading in 'Subhalo/ApertureMeasurements/Mass/030kpc' for z = 13.0 using 8 thread(s) took 0.113137s
Reading in 'PartType4/Mass' for z = 13.0 using 8 thread(s) took 0.076448s
Reading in 'PartType4/ParticleIDs' for z = 14.0 using 8 thread(s) took 0.068468s
Reading in 'PartType4/GroupNumber' for z = 14.0 using 8 thread(s) took 0.06865s
Reading in 'PartType4/SubGroupNumber' for z = 14.0 using 8 thread(s) took 0.082545s
Reading in 'PartType4/GroupNumber' for z = 15.0 using 8 thread(s) took 0.070127s
Reading in 'PartType4/SubGroupNumber' for z = 15.0 using 8 thread(s) took 0.075379s
Reading in 'PartType4/ParticleIDs' for z = 15.0 using 8 thread(s) took 0.078124s
Reading in 'PartType4/GroupNumber' for z = 13.0 using 8 thread(s) took 0.079067s
Reading in 'PartType4/SubGroupNumber' for z = 13.0 using 8 thread(s) took 0.07832s
Reading in 'PartType4/ParticleIDs' for z = 13.0 using 8 thread(s) took 0.079032s
Graph progress:  0 % 501.0
Graph progress:  1 % 338.0
Graph progress:  2 % 490.0
Graph progress:  3 % 128.0
Graph progress:  4 % 257.0
Graph progress:  5 % 151.0
Graph progress:  6 % 12.0
Graph progress:  7 % 37.0
Graph progress:  8 % 110.0
Graph progress:  9 % 139.0
Graph progress:  10 % 68.0
Graph progress:  11 % 80.0
Graph progress:  12 % 141.0
Graph progress:  13 % 85.0
Graph progress:  14 % 45.0
Graph progress:  15 % 176.0
Graph progress:  16 % 16.0
Graph progress:  17 % 96.0
Graph progress:  18 % 116.0
Graph progress:  19 % 252.0
Graph progress:  20 % 5.0
Graph progress:  21 % 147.0
Graph progress:  22 % 130.0
Graph progress:  23 % 31.0
Graph progress:  24 % 3.0
Graph progress:  25 % 65.0
Graph progress:  26 % 57.0
Graph progress:  27 % 94.0
Graph progress:  28 % 83.0
Graph progress:  29 % 415.0
Graph progress:  30 % 240.0
Graph progress:  31 % 146.0
Graph progress:  32 % 64.0
Graph progress:  33 % 4.0
Graph progress:  34 % 36.0
Graph progress:  35 % 518.0
Graph progress:  36 % 50.0
Graph progress:  37 % 114.0
Graph progress:  38 % 7.0
Graph progress:  39 % 198.0
Graph progress:  40 % 82.0
Graph progress:  41 % 179.0
Graph progress:  42 % 171.0
Graph progress:  43 % 313.0
Graph progress:  44 % 117.0
Graph progress:  45 % 42.0
Graph progress:  46 % 218.0
Graph progress:  47 % 188.0
Graph progress:  48 % 716.0
Graph progress:  49 % 204.0
Graph progress:  50 % 61.0
Graph progress:  51 % 109.0
Graph progress:  52 % 19.00001
Graph progress:  53 % 76.0
Graph progress:  54 % 59.0
Graph progress:  55 % 25.0
Graph progress:  56 % 233.0
Graph progress:  57 % 6.00005
Graph progress:  58 % 2.0
Graph progress:  59 % 559.0
Graph progress:  60 % 473.0
Graph progress:  61 % 172.0
Graph progress:  62 % 24.0
Graph progress:  63 % 149.0
Graph progress:  64 % 23.0
Graph progress:  65 % 20.0
Graph progress:  66 % 18.0
Graph progress:  67 % 53.0
Graph progress:  68 % 55.0
Graph progress:  69 % 38.0
Graph progress:  70 % 438.0
Graph progress:  71 % 504.0
Graph progress:  72 % 33.0
Graph progress:  73 % 153.0
Graph progress:  74 % 120.0
Graph progress:  75 % 189.0
Graph progress:  76 % 242.0
Graph progress:  77 % 165.0
Graph progress:  78 % 101.0
Graph progress:  79 % 695.0
Graph progress:  80 % 28.0
Graph progress:  81 % 1818.0
Graph progress:  82 % 503.0
Graph progress:  83 % 191.0
Graph progress:  84 % 208.0
Graph progress:  85 % 270.0
Graph progress:  86 % 118.0
Graph progress:  87 % 1001.0
Graph progress:  88 % 81.0
Graph progress:  89 % 111.0
Graph progress:  90 % 485.0
Graph progress:  91 % 11.00001
Graph progress:  92 % 11.0
Graph progress:  93 % 195.0
Graph progress:  94 % 140.0
Graph progress:  95 % 241.0
Graph progress:  96 % 236.0
Graph progress:  97 % 129.0
Graph progress:  98 % 635.0
Graph progress:  99 % 368.0
Processed 139 halos in snapshot 001_z014p000 of particle type 4
Reading in 'PartType5/ParticleIDs' for z = 14.0 using 8 thread(s) took 0.062002s
Reading in 'PartType5/ParticleIDs' for z = 15.0 using 8 thread(s) took 0.06112s
Reading in 'Subhalo/SubGroupNumber' for z = 15.0 using 8 thread(s) took 0.113346s
Reading in 'Subhalo/GroupNumber' for z = 15.0 using 8 thread(s) took 0.109534s
Reading in 'Subhalo/ApertureMeasurements/Mass/030kpc' for z = 15.0 using 8 thread(s) took 0.107005s
Reading in 'PartType5/Mass' for z = 15.0 using 8 thread(s) took 0.06374s
Reading in 'PartType5/ParticleIDs' for z = 13.0 using 8 thread(s) took 0.073012s
Reading in 'Subhalo/SubGroupNumber' for z = 13.0 using 8 thread(s) took 0.105549s
Reading in 'Subhalo/GroupNumber' for z = 13.0 using 8 thread(s) took 0.103872s
Reading in 'Subhalo/ApertureMeasurements/Mass/030kpc' for z = 13.0 using 8 thread(s) took 0.112315s
Reading in 'PartType5/Mass' for z = 13.0 using 8 thread(s) took 0.064053s
Reading in 'PartType5/ParticleIDs' for z = 14.0 using 8 thread(s) took 0.060846s
Reading in 'PartType5/GroupNumber' for z = 14.0 using 8 thread(s) took 0.062052s
Reading in 'PartType5/SubGroupNumber' for z = 14.0 using 8 thread(s) took 0.064565s
Reading in 'PartType5/GroupNumber' for z = 15.0 using 8 thread(s) took 0.068033s
Reading in 'PartType5/SubGroupNumber' for z = 15.0 using 8 thread(s) took 0.06233s
Reading in 'PartType5/ParticleIDs' for z = 15.0 using 8 thread(s) took 0.071214s
Reading in 'PartType5/GroupNumber' for z = 13.0 using 8 thread(s) took 0.068061s
Reading in 'PartType5/SubGroupNumber' for z = 13.0 using 8 thread(s) took 0.065886s
Reading in 'PartType5/ParticleIDs' for z = 13.0 using 8 thread(s) took 0.067605s
Processed 0 halos in snapshot 001_z014p000 of particle type 5
Reading in 'PartType0/ParticleIDs' for z = 14.0 using 8 thread(s) took 9.411749s
Reading in 'PartType0/ParticleIDs' for z = 15.0 using 8 thread(s) took 6.498551s
Reading in 'Subhalo/SubGroupNumber' for z = 15.0 using 8 thread(s) took 0.139081s
Reading in 'Subhalo/GroupNumber' for z = 15.0 using 8 thread(s) took 0.123729s
Reading in 'Subhalo/ApertureMeasurements/Mass/030kpc' for z = 15.0 using 8 thread(s) took 0.124175s
Reading in 'PartType0/Mass' for z = 15.0 using 8 thread(s) took 0.085055s
Reading in 'PartType0/ParticleIDs' for z = 13.0 using 8 thread(s) took 6.343085s
Reading in 'Subhalo/SubGroupNumber' for z = 13.0 using 8 thread(s) took 0.183397s
Reading in 'Subhalo/GroupNumber' for z = 13.0 using 8 thread(s) took 0.156768s
Reading in 'Subhalo/ApertureMeasurements/Mass/030kpc' for z = 13.0 using 8 thread(s) took 0.156888s
Reading in 'PartType0/Mass' for z = 13.0 using 8 thread(s) took 0.132136s
Reading in 'PartType0/ParticleIDs' for z = 14.0 using 8 thread(s) took 0.147546s
Reading in 'PartType0/GroupNumber' for z = 14.0 using 8 thread(s) took 0.155688s
Reading in 'PartType0/SubGroupNumber' for z = 14.0 using 8 thread(s) took 0.133627s
Reading in 'PartType0/GroupNumber' for z = 15.0 using 8 thread(s) took 0.14932s
Reading in 'PartType0/SubGroupNumber' for z = 15.0 using 8 thread(s) took 0.158256s
Reading in 'PartType0/ParticleIDs' for z = 15.0 using 8 thread(s) took 0.141415s
Reading in 'PartType0/GroupNumber' for z = 13.0 using 8 thread(s) took 0.161757s
Reading in 'PartType0/SubGroupNumber' for z = 13.0 using 8 thread(s) took 0.17304s
Reading in 'PartType0/ParticleIDs' for z = 13.0 using 8 thread(s) took 0.168394s
Graph progress:  0 % 490.0
Graph progress:  1 % 1564.0
Graph progress:  2 % 384.00001
Graph progress:  3 % 669.0
Graph progress:  4 % 202.0
Graph progress:  5 % 284.0
Graph progress:  6 % 975.0
Graph progress:  7 % 1322.0
Graph progress:  8 % 1187.0
Graph progress:  9 % 252.0
Graph progress:  10 % 262.00001
Graph progress:  11 % 1490.0
Graph progress:  12 % 420.0
Graph progress:  13 % 1329.0
Graph progress:  14 % 434.0
Graph progress:  15 % 717.0
Graph progress:  16 % 643.0
Graph progress:  17 % 1233.0
Graph progress:  18 % 1147.0
Graph progress:  19 % 4.0
Graph progress:  20 % 1673.0
Graph progress:  21 % 1769.0
Graph progress:  22 % 675.0
Graph progress:  23 % 1139.0
Graph progress:  24 % 258.0
Graph progress:  25 % 1709.0
Graph progress:  26 % 1951.0
Graph progress:  27 % 415.0
Graph progress:  28 % 44.00002
Graph progress:  29 % 674.0
Graph progress:  30 % 17.00001
Graph progress:  31 % 922.0
Graph progress:  32 % 232.0
Graph progress:  33 % 36.0
Graph progress:  34 % 7.00002
Graph progress:  35 % 497.00001
Graph progress:  36 % 899.0
Graph progress:  37 % 718.0
Graph progress:  38 % 160.0
Graph progress:  39 % 730.0
Graph progress:  40 % 1900.0
Graph progress:  41 % 1392.0
Graph progress:  42 % 1832.0
Graph progress:  43 % 846.0
Graph progress:  44 % 1589.0
Graph progress:  45 % 611.0
Graph progress:  46 % 1300.0
Graph progress:  47 % 736.0
Graph progress:  48 % 1015.0
Graph progress:  49 % 1057.0
Graph progress:  50 % 25.00001
Graph progress:  51 % 1877.0
Graph progress:  52 % 354.0
Graph progress:  53 % 1264.0
Graph progress:  54 % 758.0
Graph progress:  55 % 1608.0
Graph progress:  56 % 392.0
Graph progress:  57 % 2003.0
Graph progress:  58 % 1354.0
Graph progress:  59 % 69.0
Graph progress:  60 % 724.0
Graph progress:  61 % 1944.0
Graph progress:  62 % 687.0
Graph progress:  63 % 2045.0
Graph progress:  64 % 514.0
Graph progress:  65 % 1581.0
Graph progress:  66 % 475.0
Graph progress:  67 % 622.0
Graph progress:  68 % 883.0
Graph progress:  69 % 336.00001
Graph progress:  70 % 1201.0
Graph progress:  71 % 1896.0
Graph progress:  72 % 1857.0
Graph progress:  73 % 656.0
Graph progress:  74 % 1364.0
Graph progress:  75 % 1762.0
Graph progress:  76 % 621.0
Graph progress:  77 % 1988.0
Graph progress:  78 % 2024.0
Graph progress:  79 % 1675.0
Graph progress:  80 % 1338.0
Graph progress:  81 % 1676.0
Graph progress:  82 % 1253.0
Graph progress:  83 % 1250.0
Graph progress:  84 % 287.0
Graph progress:  85 % 812.0
Graph progress:  86 % 695.0
Graph progress:  87 % 88.0
Graph progress:  88 % 231.0
Graph progress:  89 % 113.00001
Graph progress:  90 % 21.0
Graph progress:  91 % 811.0
Graph progress:  92 % 976.0
Graph progress:  93 % 9.00001
Graph progress:  94 % 722.0
Graph progress:  95 % 1099.0
Graph progress:  96 % 723.0
Graph progress:  97 % 1186.0
Graph progress:  98 % 207.0
Graph progress:  99 % 445.0
Processed 2210 halos in snapshot 001_z014p000 of particle type 0
Write progress:  0 % 490.0
Write progress:  1 % 767.0
Write progress:  2 % 384.00001
Write progress:  3 % 257.0
Write progress:  4 % 661.0
Write progress:  5 % 181.0
Write progress:  6 % 668.0
Write progress:  7 % 84.0
Write progress:  8 % 768.0
Write progress:  9 % 1913.0
Write progress:  10 % 262.0
Write progress:  11 % 93.00001
Write progress:  12 % 1207.0
Write progress:  13 % 413.0
Write progress:  14 % 1210.0
Write progress:  15 % 1236.0
Write progress:  16 % 1870.0
Write progress:  17 % 691.0
Write progress:  18 % 1619.0
Write progress:  19 % 217.0
Write progress:  20 % 1245.0
Write progress:  21 % 1769.0
Write progress:  22 % 1129.0
Write progress:  23 % 502.0
Write progress:  24 % 223.0
Write progress:  25 % 1709.0
Write progress:  26 % 1748.0
Write progress:  27 % 1501.0
Write progress:  28 % 798.0
Write progress:  29 % 308.0
Write progress:  30 % 818.0
Write progress:  31 % 626.0
Write progress:  32 % 1448.0
Write progress:  33 % 1008.0
Write progress:  34 % 7.00003
Write progress:  35 % 497.0
Write progress:  36 % 1517.0
Write progress:  37 % 748.0
Write progress:  38 % 274.0
Write progress:  39 % 82.0
Write progress:  40 % 1294.0
Write progress:  41 % 224.00001
Write progress:  42 % 1120.0
Write progress:  43 % 532.0
Write progress:  44 % 1862.0
Write progress:  45 % 346.0
Write progress:  46 % 706.0
Write progress:  47 % 660.0
Write progress:  48 % 1972.0
Write progress:  49 % 1455.0
Write progress:  50 % 25.00001
Write progress:  51 % 1806.0
Write progress:  52 % 708.0
Write progress:  53 % 19.00002
Write progress:  54 % 211.0
Write progress:  55 % 383.0
Write progress:  56 % 1852.0
Write progress:  57 % 1469.0
Write progress:  58 % 2.00001
Write progress:  59 % 1198.0
Write progress:  60 % 213.0
Write progress:  61 % 289.0
Write progress:  62 % 335.0
Write progress:  63 % 104.00001
Write progress:  64 % 1474.0
Write progress:  65 % 753.0
Write progress:  66 % 2015.0
Write progress:  67 % 1255.0
Write progress:  68 % 418.0
Write progress:  69 % 336.00001
Write progress:  70 % 1201.0
Write progress:  71 % 331.0
Write progress:  72 % 1343.0
Write progress:  73 % 1582.0
Write progress:  74 % 1364.0
Write progress:  75 % 1762.0
Write progress:  76 % 1389.0
Write progress:  77 % 743.0
Write progress:  78 % 1816.0
Write progress:  79 % 1893.0
Write progress:  80 % 842.0
Write progress:  81 % 341.0
Write progress:  82 % 1253.0
Write progress:  83 % 1643.0
Write progress:  84 % 1854.0
Write progress:  85 % 812.0
Write progress:  86 % 328.00001
Write progress:  87 % 88.00001
Write progress:  88 % 1465.0
Write progress:  89 % 772.0
Write progress:  90 % 21.0
Write progress:  91 % 585.0
Write progress:  92 % 1001.0
Write progress:  93 % 613.0
Write progress:  94 % 136.0
Write progress:  95 % 67.0
Write progress:  96 % 1817.0
Write progress:  97 % 1457.0
Write progress:  98 % 1787.0
Write progress:  99 % 712.0
Job done, info follows...
       JobID    JobName  Partition     MaxRSS    Elapsed ExitCode 
------------ ---------- ---------- ---------- ---------- -------- 
2042958_146  MEGA-FLAR+     cosma6              00:02:36      0:0 
2042958_146+     extern                         00:02:36      0:0 
