====
Starting job 2040814 at Wed 22 Apr 00:56:43 BST 2020 for user dc-rope1.
Running on nodes: m7022
====
['000_z020p000', '001_z015p132', '002_z009p993', '003_z008p988', '004_z008p075', '005_z007p050', '006_z005p971', '007_z005p487', '008_z005p037', '009_z004p485', '010_z003p984', '011_z003p528', '012_z003p017', '013_z002p478', '014_z002p237', '015_z002p012', '016_z001p737', '017_z001p487', '018_z001p259', '019_z001p004', '020_z000p865', '021_z000p736', '022_z000p615', '023_z000p503', '024_z000p366', '025_z000p271', '026_z000p183', '027_z000p101', '028_z000p000']
[None, '000_z020p000', '001_z015p132', '002_z009p993', '003_z008p988', '004_z008p075', '005_z007p050', '006_z005p971', '007_z005p487', '008_z005p037', '009_z004p485', '010_z003p984', '011_z003p528', '012_z003p017', '013_z002p478', '014_z002p237', '015_z002p012', '016_z001p737', '017_z001p487', '018_z001p259', '019_z001p004', '020_z000p865', '021_z000p736', '022_z000p615', '023_z000p503', '024_z000p366', '025_z000p271', '026_z000p183', '027_z000p101']
['001_z015p132', '002_z009p993', '003_z008p988', '004_z008p075', '005_z007p050', '006_z005p971', '007_z005p487', '008_z005p037', '009_z004p485', '010_z003p984', '011_z003p528', '012_z003p017', '013_z002p478', '014_z002p237', '015_z002p012', '016_z001p737', '017_z001p487', '018_z001p259', '019_z001p004', '020_z000p865', '021_z000p736', '022_z000p615', '023_z000p503', '024_z000p366', '025_z000p271', '026_z000p183', '027_z000p101', '028_z000p000', None]
001_z015p132
Reading in 'PartType1/ParticleIDs' for z = 15.132 using 8 thread(s) took 53.206108s
Reading in 'PartType1/ParticleIDs' for z = 15.132 using 8 thread(s) took 1.327485s
Reading in 'PartType1/GroupNumber' for z = 15.132 using 8 thread(s) took 0.242014s
Reading in 'PartType1/SubGroupNumber' for z = 15.132 using 8 thread(s) took 0.229623s
Reading in 'PartType1/GroupNumber' for z = 20.0 using 8 thread(s) took 0.465912s
Reading in 'PartType1/SubGroupNumber' for z = 20.0 using 8 thread(s) took 0.446226s
Reading in 'PartType1/ParticleIDs' for z = 20.0 using 8 thread(s) took 0.467465s
Reading in 'PartType1/GroupNumber' for z = 9.993 using 8 thread(s) took 1.343679s
Reading in 'PartType1/SubGroupNumber' for z = 9.993 using 8 thread(s) took 1.019685s
Reading in 'PartType1/ParticleIDs' for z = 9.993 using 8 thread(s) took 1.849898s
Graph progress:  0 % 9437.0
Graph progress:  1 % 12055.0
Graph progress:  2 % 10413.0
Graph progress:  3 % 9910.0
Graph progress:  4 % 3412.0
Graph progress:  5 % 35.00003
Graph progress:  6 % 4328.0
Graph progress:  7 % 4930.0
Graph progress:  8 % 12347.0
Graph progress:  9 % 1801.0
Graph progress:  10 % 10168.0
Graph progress:  11 % 9458.0
Graph progress:  12 % 4936.0
Graph progress:  13 % 3807.0
Graph progress:  14 % 22.00001
Graph progress:  15 % 588.00001
Graph progress:  16 % 1280.0
Graph progress:  17 % 8475.0
Graph progress:  18 % 9720.0
Graph progress:  19 % 2871.0
Graph progress:  20 % 8278.0
Graph progress:  21 % 3859.00001
Graph progress:  22 % 6179.00001
Graph progress:  23 % 1585.0
Graph progress:  24 % 1146.00002
Graph progress:  25 % 6989.0
Graph progress:  26 % 6374.0
Graph progress:  27 % 6731.0
Graph progress:  28 % 4271.0
Graph progress:  29 % 10213.0
Graph progress:  30 % 247.00002
Graph progress:  31 % 3753.0
Graph progress:  32 % 2720.0
Graph progress:  33 % 747.0
Graph progress:  34 % 12133.0
Graph progress:  35 % 7606.0
Graph progress:  36 % 1757.0
Graph progress:  37 % 2029.0
Graph progress:  38 % 7611.0
Graph progress:  39 % 4876.0
Graph progress:  40 % 9524.0
Graph progress:  41 % 2.00003
Graph progress:  42 % 2350.0
Graph progress:  43 % 7441.0
Graph progress:  44 % 1073.00001
Graph progress:  45 % 10011.0
Graph progress:  46 % 8334.0
Graph progress:  47 % 487.0
Graph progress:  48 % 7092.00001
Graph progress:  49 % 707.00001
Graph progress:  50 % 1373.00001
Graph progress:  51 % 2973.0
Graph progress:  52 % 9793.0
Graph progress:  53 % 2036.0
Graph progress:  54 % 12480.0
Graph progress:  55 % 11619.0
Graph progress:  56 % 7974.0
Graph progress:  57 % 3028.0
Graph progress:  58 % 4385.0
Graph progress:  59 % 5345.0
Graph progress:  60 % 2006.0
Graph progress:  61 % 10547.0
Graph progress:  62 % 7185.0
Graph progress:  63 % 6791.0
Graph progress:  64 % 3224.0
Graph progress:  65 % 1488.0
Graph progress:  66 % 3036.0
Graph progress:  67 % 11961.0
Graph progress:  68 % 8177.0
Graph progress:  69 % 10322.0
Graph progress:  70 % 238.0
Graph progress:  71 % 1320.0
Graph progress:  72 % 10081.0
Graph progress:  73 % 182.00001
Graph progress:  74 % 60.00002
Graph progress:  75 % 4907.0
Graph progress:  76 % 13113.0
Graph progress:  77 % 6521.0
Graph progress:  78 % 11693.0
Graph progress:  79 % 2463.00001
Graph progress:  80 % 536.0
Graph progress:  81 % 8585.0
Graph progress:  82 % 3188.0
Graph progress:  83 % 8591.0
Graph progress:  84 % 11439.0
Graph progress:  85 % 1769.00001
Graph progress:  86 % 903.0
Graph progress:  87 % 9617.0
Graph progress:  88 % 1770.0
Graph progress:  89 % 12996.0
Graph progress:  90 % 8430.0
Graph progress:  91 % 7871.0
Graph progress:  92 % 5692.0
Graph progress:  93 % 914.0
Graph progress:  94 % 5580.0
Graph progress:  95 % 12591.0
Graph progress:  96 % 11471.0
Graph progress:  97 % 9028.0
Graph progress:  98 % 9030.0
Graph progress:  99 % 7078.0
Processed 15558 halos in snapshot 001_z015p132 of particle type 1
Write progress:  0 % 9437.0
Write progress:  1 % 12055.0
Write progress:  2 % 10413.0
Write progress:  3 % 9910.0
Write progress:  4 % 3412.0
Write progress:  5 % 35.00003
Write progress:  6 % 4328.0
Write progress:  7 % 4930.0
Write progress:  8 % 12347.0
Write progress:  9 % 1801.0
Write progress:  10 % 10168.0
Write progress:  11 % 9458.0
Write progress:  12 % 4936.0
Write progress:  13 % 3807.0
Write progress:  14 % 22.00001
Write progress:  15 % 588.00001
Write progress:  16 % 1280.0
Write progress:  17 % 8475.0
Write progress:  18 % 9720.0
Write progress:  19 % 2871.0
Write progress:  20 % 8278.0
Write progress:  21 % 3859.00001
Write progress:  22 % 6179.00001
Write progress:  23 % 1585.0
Write progress:  24 % 1146.00002
Write progress:  25 % 6989.0
Write progress:  26 % 6374.0
Write progress:  27 % 6731.0
Write progress:  28 % 4271.0
Write progress:  29 % 10213.0
Write progress:  30 % 247.00002
Write progress:  31 % 3753.0
Write progress:  32 % 2720.0
Write progress:  33 % 747.0
Write progress:  34 % 12133.0
Write progress:  35 % 7606.0
Write progress:  36 % 1757.0
Write progress:  37 % 2029.0
Write progress:  38 % 7611.0
Write progress:  39 % 4876.0
Write progress:  40 % 9524.0
Write progress:  41 % 2.00003
Write progress:  42 % 2350.0
Write progress:  43 % 7441.0
Write progress:  44 % 1073.00001
Write progress:  45 % 10011.0
Write progress:  46 % 8334.0
Write progress:  47 % 487.0
Write progress:  48 % 7092.00001
Write progress:  49 % 707.00001
Write progress:  50 % 1373.00001
Write progress:  51 % 2973.0
Write progress:  52 % 9793.0
Write progress:  53 % 2036.0
Write progress:  54 % 12480.0
Write progress:  55 % 11619.0
Write progress:  56 % 7974.0
Write progress:  57 % 3028.0
Write progress:  58 % 4385.0
Write progress:  59 % 5345.0
Write progress:  60 % 2006.0
Write progress:  61 % 10547.0
Write progress:  62 % 7185.0
Write progress:  63 % 6791.0
Write progress:  64 % 3224.0
Write progress:  65 % 1488.0
Write progress:  66 % 3036.0
Write progress:  67 % 11961.0
Write progress:  68 % 8177.0
Write progress:  69 % 10322.0
Write progress:  70 % 238.0
Write progress:  71 % 1320.0
Write progress:  72 % 10081.0
Write progress:  73 % 182.00001
Write progress:  74 % 60.00002
Write progress:  75 % 4907.0
Write progress:  76 % 13113.0
Write progress:  77 % 6521.0
Write progress:  78 % 11693.0
Write progress:  79 % 2463.00001
Write progress:  80 % 536.0
Write progress:  81 % 8585.0
Write progress:  82 % 3188.0
Write progress:  83 % 8591.0
Write progress:  84 % 11439.0
Write progress:  85 % 1769.00001
Write progress:  86 % 903.0
Write progress:  87 % 9617.0
Write progress:  88 % 1770.0
Write progress:  89 % 12996.0
Write progress:  90 % 8430.0
Write progress:  91 % 7871.0
Write progress:  92 % 5692.0
Write progress:  93 % 914.0
Write progress:  94 % 5580.0
Write progress:  95 % 12591.0
Write progress:  96 % 11471.0
Write progress:  97 % 9028.0
Write progress:  98 % 9030.0
Write progress:  99 % 7078.0
Reading in 'PartType4/ParticleIDs' for z = 15.132 using 8 thread(s) took 0.138853s
Reading in 'PartType4/ParticleIDs' for z = 20.0 using 8 thread(s) took 0.279795s
Reading in 'Subhalo/SubGroupNumber' for z = 20.0 using 8 thread(s) took 3.447475s
Reading in 'Subhalo/GroupNumber' for z = 20.0 using 8 thread(s) took 0.315511s
Job done, info follows...
       JobID    JobName  Partition     MaxRSS    Elapsed ExitCode 
------------ ---------- ---------- ---------- ---------- -------- 
2040789_2      MEGA-REF     cosma7              00:12:05      0:0 
2040789_2.e+     extern                         00:12:05      0:0 
