====
Starting job 2043294 at Fri 24 Apr 00:09:37 BST 2020 for user dc-rope1.
Running on nodes: m6389
====
193
('23', '000_z015p000', '001_z014p000', '002_z013p000')
Reading in 'PartType1/ParticleIDs' for z = 14.0 using 8 thread(s) took 10.863759s
Reading in 'PartType1/ParticleIDs' for z = 14.0 using 8 thread(s) took 2.832189s
Reading in 'PartType1/GroupNumber' for z = 14.0 using 8 thread(s) took 0.087191s
Reading in 'PartType1/SubGroupNumber' for z = 14.0 using 8 thread(s) took 0.059807s
Reading in 'PartType1/GroupNumber' for z = 15.0 using 8 thread(s) took 0.472177s
Reading in 'PartType1/SubGroupNumber' for z = 15.0 using 8 thread(s) took 0.126243s
Reading in 'PartType1/ParticleIDs' for z = 15.0 using 8 thread(s) took 0.095772s
Reading in 'PartType1/GroupNumber' for z = 13.0 using 8 thread(s) took 0.161343s
Reading in 'PartType1/SubGroupNumber' for z = 13.0 using 8 thread(s) took 0.114273s
Reading in 'PartType1/ParticleIDs' for z = 13.0 using 8 thread(s) took 0.113459s
Graph progress:  0 % 1108.0
Graph progress:  1 % 2943.0
Graph progress:  2 % 2873.0
Graph progress:  3 % 2803.0
Graph progress:  4 % 2141.0
Graph progress:  5 % 121.00001
Graph progress:  6 % 1055.0
Graph progress:  7 % 1205.0
Graph progress:  8 % 843.0
Graph progress:  9 % 2869.0
Graph progress:  10 % 468.0
Graph progress:  11 % 365.0
Graph progress:  12 % 2391.0
Graph progress:  13 % 1935.0
Graph progress:  14 % 1261.0
Graph progress:  15 % 208.0
Graph progress:  16 % 1025.0
Graph progress:  17 % 850.0
Graph progress:  18 % 2617.0
Graph progress:  19 % 1596.0
Graph progress:  20 % 1975.0
Graph progress:  21 % 2231.0
Graph progress:  22 % 2511.0
Graph progress:  23 % 825.0
Graph progress:  24 % 2725.0
Graph progress:  25 % 488.0
Graph progress:  26 % 149.00001
Graph progress:  27 % 868.0
Graph progress:  28 % 678.0
Graph progress:  29 % 2927.0
Graph progress:  30 % 950.0
Graph progress:  31 % 2668.0
Graph progress:  32 % 3168.0
Graph progress:  33 % 1254.0
Graph progress:  34 % 1082.0
Graph progress:  35 % 3070.0
Graph progress:  36 % 418.0
Graph progress:  37 % 2258.0
Graph progress:  38 % 2418.0
Graph progress:  39 % 1395.0
Graph progress:  40 % 1221.0
Graph progress:  41 % 1479.0
Graph progress:  42 % 5.0
Graph progress:  43 % 432.0
Graph progress:  44 % 688.0
Graph progress:  45 % 1159.0
Graph progress:  46 % 2545.0
Graph progress:  47 % 313.00001
Graph progress:  48 % 1925.0
Graph progress:  49 % 875.0
Graph progress:  50 % 30.0
Graph progress:  51 % 3077.0
Graph progress:  52 % 264.0
Graph progress:  53 % 747.0
Graph progress:  54 % 2931.0
Graph progress:  55 % 1490.0
Graph progress:  56 % 3031.0
Graph progress:  57 % 1610.0
Graph progress:  58 % 80.0
Graph progress:  59 % 651.00001
Graph progress:  60 % 1272.0
Graph progress:  61 % 430.0
Graph progress:  62 % 1643.0
Graph progress:  63 % 412.0
Graph progress:  64 % 307.0
Graph progress:  65 % 2859.0
Graph progress:  66 % 3.00005
Graph progress:  67 % 2786.0
Graph progress:  68 % 91.0
Graph progress:  69 % 2272.0
Graph progress:  70 % 2891.0
Graph progress:  71 % 2957.0
Graph progress:  72 % 2241.0
Graph progress:  73 % 1706.00001
Graph progress:  74 % 1226.0
Graph progress:  75 % 999.0
Graph progress:  76 % 63.0
Graph progress:  77 % 2782.0
Graph progress:  78 % 2462.0
Graph progress:  79 % 1376.0
Graph progress:  80 % 9.0
Graph progress:  81 % 402.0
Graph progress:  82 % 2093.0
Graph progress:  83 % 22.00002
Graph progress:  84 % 623.0
Graph progress:  85 % 2187.0
Graph progress:  86 % 2520.0
Graph progress:  87 % 2693.0
Graph progress:  88 % 2243.0
Graph progress:  89 % 415.0
Graph progress:  90 % 1803.0
Graph progress:  91 % 1288.0
Graph progress:  92 % 1965.0
Graph progress:  93 % 1131.0
Graph progress:  94 % 655.0
Graph progress:  95 % 660.00001
Graph progress:  96 % 1834.0
Graph progress:  97 % 2636.0
Graph progress:  98 % 185.0
Graph progress:  99 % 1777.0
Processed 3447 halos in snapshot 001_z014p000 of particle type 1
Reading in 'PartType4/ParticleIDs' for z = 14.0 using 8 thread(s) took 0.438612s
Reading in 'PartType4/ParticleIDs' for z = 15.0 using 8 thread(s) took 0.202256s
Reading in 'Subhalo/SubGroupNumber' for z = 15.0 using 8 thread(s) took 3.559286s
Reading in 'Subhalo/GroupNumber' for z = 15.0 using 8 thread(s) took 0.134619s
Reading in 'Subhalo/ApertureMeasurements/Mass/030kpc' for z = 15.0 using 8 thread(s) took 0.109201s
Reading in 'PartType4/Mass' for z = 15.0 using 8 thread(s) took 0.069297s
Reading in 'PartType4/ParticleIDs' for z = 13.0 using 8 thread(s) took 0.176701s
Reading in 'Subhalo/SubGroupNumber' for z = 13.0 using 8 thread(s) took 1.916276s
Reading in 'Subhalo/GroupNumber' for z = 13.0 using 8 thread(s) took 0.14362s
Reading in 'Subhalo/ApertureMeasurements/Mass/030kpc' for z = 13.0 using 8 thread(s) took 0.11025s
Reading in 'PartType4/Mass' for z = 13.0 using 8 thread(s) took 0.077948s
Reading in 'PartType4/ParticleIDs' for z = 14.0 using 8 thread(s) took 0.067463s
Reading in 'PartType4/GroupNumber' for z = 14.0 using 8 thread(s) took 0.071459s
Reading in 'PartType4/SubGroupNumber' for z = 14.0 using 8 thread(s) took 0.073295s
Reading in 'PartType4/GroupNumber' for z = 15.0 using 8 thread(s) took 0.067764s
Reading in 'PartType4/SubGroupNumber' for z = 15.0 using 8 thread(s) took 0.06806s
Reading in 'PartType4/ParticleIDs' for z = 15.0 using 8 thread(s) took 0.068995s
Reading in 'PartType4/GroupNumber' for z = 13.0 using 8 thread(s) took 0.077207s
Reading in 'PartType4/SubGroupNumber' for z = 13.0 using 8 thread(s) took 0.076152s
Reading in 'PartType4/ParticleIDs' for z = 13.0 using 8 thread(s) took 0.072502s
Graph progress:  0 % 87.0
Graph progress:  1 % 139.0
Graph progress:  2 % 1053.0
Graph progress:  3 % 1100.0
Graph progress:  4 % 177.0
Graph progress:  5 % 316.0
Graph progress:  6 % 19.0
Graph progress:  7 % 93.0
Graph progress:  8 % 169.0
Graph progress:  9 % 4.00001
Graph progress:  10 % 3178.0
Graph progress:  11 % 172.0
Graph progress:  12 % 35.0
Graph progress:  13 % 72.0
Graph progress:  14 % 401.0
Graph progress:  15 % 759.0
Graph progress:  16 % 92.0
Graph progress:  17 % 43.0
Graph progress:  18 % 10.00001
Graph progress:  19 % 66.0
Graph progress:  20 % 753.0
Graph progress:  21 % 175.0
Graph progress:  22 % 15.0
Graph progress:  23 % 129.0
Graph progress:  24 % 31.0
Graph progress:  25 % 37.0
Graph progress:  26 % 113.0
Graph progress:  27 % 558.0
Graph progress:  28 % 1007.0
Graph progress:  29 % 217.0
Graph progress:  30 % 1202.0
Graph progress:  31 % 65.0
Graph progress:  32 % 323.0
Graph progress:  33 % 170.0
Graph progress:  34 % 224.0
Graph progress:  35 % 406.0
Graph progress:  36 % 462.0
Graph progress:  37 % 421.0
Graph progress:  38 % 110.0
Graph progress:  39 % 46.0
Graph progress:  40 % 768.0
Graph progress:  41 % 311.0
Graph progress:  42 % 116.0
Graph progress:  43 % 67.0
Graph progress:  44 % 104.0
Graph progress:  45 % 240.0
Graph progress:  46 % 496.0
Graph progress:  47 % 310.0
Graph progress:  48 % 101.0
Graph progress:  49 % 80.0
Graph progress:  50 % 11.00001
Graph progress:  51 % 264.0
Graph progress:  52 % 18.0
Graph progress:  53 % 56.0
Graph progress:  54 % 6.0
Graph progress:  55 % 229.0
Graph progress:  56 % 347.0
Graph progress:  57 % 218.0
Graph progress:  58 % 156.0
Graph progress:  59 % 253.0
Graph progress:  60 % 24.0
Graph progress:  61 % 239.0
Graph progress:  62 % 77.0
Graph progress:  63 % 3.00001
Graph progress:  64 % 38.0
Graph progress:  65 % 340.0
Graph progress:  66 % 107.0
Graph progress:  67 % 1.0
Graph progress:  68 % 582.0
Graph progress:  69 % 105.0
Graph progress:  70 % 51.0
Graph progress:  71 % 49.0
Graph progress:  72 % 13.0
Graph progress:  73 % 8.0
Graph progress:  74 % 471.0
Graph progress:  75 % 181.0
Graph progress:  76 % 477.0
Graph progress:  77 % 258.0
Graph progress:  78 % 371.0
Graph progress:  79 % 163.0
Graph progress:  80 % 262.0
Graph progress:  81 % 12.00001
Graph progress:  82 % 299.0
Graph progress:  83 % 33.0
Graph progress:  84 % 159.0
Graph progress:  85 % 416.0
Graph progress:  86 % 183.0
Graph progress:  87 % 29.0
Graph progress:  88 % 215.0
Graph progress:  89 % 357.0
Graph progress:  90 % 414.0
Graph progress:  91 % 213.0
Graph progress:  92 % 144.0
Graph progress:  93 % 330.0
Graph progress:  94 % 409.0
Graph progress:  95 % 1264.0
Graph progress:  96 % 96.0
Graph progress:  97 % 23.00001
Graph progress:  98 % 185.0
Graph progress:  99 % 2.0
Processed 176 halos in snapshot 001_z014p000 of particle type 4
Reading in 'PartType5/ParticleIDs' for z = 14.0 using 8 thread(s) took 0.065878s
Reading in 'PartType5/ParticleIDs' for z = 15.0 using 8 thread(s) took 0.063528s
Reading in 'Subhalo/SubGroupNumber' for z = 15.0 using 8 thread(s) took 0.111005s
Reading in 'Subhalo/GroupNumber' for z = 15.0 using 8 thread(s) took 0.110387s
Reading in 'Subhalo/ApertureMeasurements/Mass/030kpc' for z = 15.0 using 8 thread(s) took 0.108015s
Reading in 'PartType5/Mass' for z = 15.0 using 8 thread(s) took 0.065332s
Reading in 'PartType5/ParticleIDs' for z = 13.0 using 8 thread(s) took 0.061836s
Reading in 'Subhalo/SubGroupNumber' for z = 13.0 using 8 thread(s) took 0.108376s
Reading in 'Subhalo/GroupNumber' for z = 13.0 using 8 thread(s) took 0.101785s
Reading in 'Subhalo/ApertureMeasurements/Mass/030kpc' for z = 13.0 using 8 thread(s) took 0.100317s
Reading in 'PartType5/Mass' for z = 13.0 using 8 thread(s) took 0.060671s
Reading in 'PartType5/ParticleIDs' for z = 14.0 using 8 thread(s) took 0.063565s
Reading in 'PartType5/GroupNumber' for z = 14.0 using 8 thread(s) took 0.058492s
Reading in 'PartType5/SubGroupNumber' for z = 14.0 using 8 thread(s) took 0.062647s
Reading in 'PartType5/GroupNumber' for z = 15.0 using 8 thread(s) took 0.065781s
Reading in 'PartType5/SubGroupNumber' for z = 15.0 using 8 thread(s) took 0.063629s
Reading in 'PartType5/ParticleIDs' for z = 15.0 using 8 thread(s) took 0.065769s
Reading in 'PartType5/GroupNumber' for z = 13.0 using 8 thread(s) took 0.069993s
Reading in 'PartType5/SubGroupNumber' for z = 13.0 using 8 thread(s) took 0.066806s
Reading in 'PartType5/ParticleIDs' for z = 13.0 using 8 thread(s) took 0.060996s
Processed 0 halos in snapshot 001_z014p000 of particle type 5
Reading in 'PartType0/ParticleIDs' for z = 14.0 using 8 thread(s) took 8.936022s
Reading in 'PartType0/ParticleIDs' for z = 15.0 using 8 thread(s) took 7.035844s
Reading in 'Subhalo/SubGroupNumber' for z = 15.0 using 8 thread(s) took 0.175626s
Reading in 'Subhalo/GroupNumber' for z = 15.0 using 8 thread(s) took 0.167228s
Reading in 'Subhalo/ApertureMeasurements/Mass/030kpc' for z = 15.0 using 8 thread(s) took 0.155877s
Reading in 'PartType0/Mass' for z = 15.0 using 8 thread(s) took 0.129848s
Reading in 'PartType0/ParticleIDs' for z = 13.0 using 8 thread(s) took 7.109196s
Reading in 'Subhalo/SubGroupNumber' for z = 13.0 using 8 thread(s) took 0.21491s
Reading in 'Subhalo/GroupNumber' for z = 13.0 using 8 thread(s) took 0.198851s
Reading in 'Subhalo/ApertureMeasurements/Mass/030kpc' for z = 13.0 using 8 thread(s) took 0.225469s
Reading in 'PartType0/Mass' for z = 13.0 using 8 thread(s) took 0.174719s
Reading in 'PartType0/ParticleIDs' for z = 14.0 using 8 thread(s) took 0.230273s
Reading in 'PartType0/GroupNumber' for z = 14.0 using 8 thread(s) took 0.185974s
Reading in 'PartType0/SubGroupNumber' for z = 14.0 using 8 thread(s) took 0.184024s
Reading in 'PartType0/GroupNumber' for z = 15.0 using 8 thread(s) took 0.205364s
Reading in 'PartType0/SubGroupNumber' for z = 15.0 using 8 thread(s) took 0.198369s
Reading in 'PartType0/ParticleIDs' for z = 15.0 using 8 thread(s) took 0.189326s
Reading in 'PartType0/GroupNumber' for z = 13.0 using 8 thread(s) took 0.205014s
Reading in 'PartType0/SubGroupNumber' for z = 13.0 using 8 thread(s) took 0.223493s
Reading in 'PartType0/ParticleIDs' for z = 13.0 using 8 thread(s) took 0.230257s
Graph progress:  0 % 1108.0
Graph progress:  1 % 2943.0
Graph progress:  2 % 1550.00001
Graph progress:  3 % 2219.0
Graph progress:  4 % 1437.0
Graph progress:  5 % 1692.0
Graph progress:  6 % 98.0
Graph progress:  7 % 1205.00001
Graph progress:  8 % 843.0
Graph progress:  9 % 2623.0
Graph progress:  10 % 501.0
Graph progress:  11 % 1901.0
Graph progress:  12 % 2137.0
Graph progress:  13 % 1043.0
Graph progress:  14 % 1316.0
Graph progress:  15 % 1821.0
Graph progress:  16 % 2872.0
Graph progress:  17 % 759.0
Graph progress:  18 % 2930.0
Graph progress:  19 % 1188.0
Graph progress:  20 % 2257.0
Graph progress:  21 % 1660.0
Graph progress:  22 % 1591.0
Graph progress:  23 % 2847.0
Graph progress:  24 % 1924.0
Graph progress:  25 % 761.0
Graph progress:  26 % 149.00001
Graph progress:  27 % 2910.0
Graph progress:  28 % 1335.0
Graph progress:  29 % 1430.0
Graph progress:  30 % 203.0
Graph progress:  31 % 2110.0
Graph progress:  32 % 557.0
Graph progress:  33 % 1254.0
Graph progress:  34 % 209.0
Graph progress:  35 % 1518.0
Graph progress:  36 % 2729.0
Graph progress:  37 % 1624.0
Graph progress:  38 % 2483.0
Graph progress:  39 % 241.00001
Graph progress:  40 % 969.0
Graph progress:  41 % 3045.0
Graph progress:  42 % 5.00002
Graph progress:  43 % 2283.0
Graph progress:  44 % 704.0
Graph progress:  45 % 2314.0
Graph progress:  46 % 768.0
Graph progress:  47 % 2809.0
Graph progress:  48 % 2071.0
Graph progress:  49 % 875.0
Graph progress:  50 % 67.0
Graph progress:  51 % 1119.0
Graph progress:  52 % 2675.0
Graph progress:  53 % 2225.0
Graph progress:  54 % 2931.0
Graph progress:  55 % 2672.0
Graph progress:  56 % 419.0
Graph progress:  57 % 11.00002
Graph progress:  58 % 1036.0
Graph progress:  59 % 913.0
Graph progress:  60 % 645.0
Graph progress:  61 % 1073.0
Graph progress:  62 % 543.0
Graph progress:  63 % 2539.0
Graph progress:  64 % 6.00003
Graph progress:  65 % 713.0
Graph progress:  66 % 552.00001
Graph progress:  67 % 1529.0
Graph progress:  68 % 520.0
Graph progress:  69 % 1081.0
Graph progress:  70 % 2515.0
Graph progress:  71 % 202.0
Graph progress:  72 % 73.00001
Graph progress:  73 % 473.0
Graph progress:  74 % 318.0
Graph progress:  75 % 2603.0
Graph progress:  76 % 1246.0
Graph progress:  77 % 1994.0
Graph progress:  78 % 2287.0
Graph progress:  79 % 1047.0
Graph progress:  80 % 343.0
Graph progress:  81 % 59.00001
Graph progress:  82 % 2236.0
Graph progress:  83 % 397.0
Graph progress:  84 % 2748.0
Graph progress:  85 % 262.0
Graph progress:  86 % 2326.0
Graph progress:  87 % 2519.0
Graph progress:  88 % 729.0
Graph progress:  89 % 325.00001
Graph progress:  90 % 2779.0
Graph progress:  91 % 1111.0
Graph progress:  92 % 102.00001
Graph progress:  93 % 2410.0
Graph progress:  94 % 1744.0
Graph progress:  95 % 2667.0
Graph progress:  96 % 1834.0
Graph progress:  97 % 1243.0
Graph progress:  98 % 750.0
Graph progress:  99 % 2400.0
Processed 3447 halos in snapshot 001_z014p000 of particle type 0
Write progress:  0 % 1108.0
Write progress:  1 % 2943.0
Write progress:  2 % 2873.0
Write progress:  3 % 2803.0
Write progress:  4 % 2141.0
Write progress:  5 % 121.00001
Write progress:  6 % 1055.0
Write progress:  7 % 1205.0
Write progress:  8 % 843.0
Write progress:  9 % 2869.0
Write progress:  10 % 468.0
Write progress:  11 % 365.0
Write progress:  12 % 2391.0
Write progress:  13 % 1935.0
Write progress:  14 % 1261.0
Write progress:  15 % 208.0
Write progress:  16 % 1025.0
Write progress:  17 % 850.0
Write progress:  18 % 2617.0
Write progress:  19 % 1596.0
Write progress:  20 % 1975.0
Write progress:  21 % 2231.0
Write progress:  22 % 2511.0
Write progress:  23 % 825.0
Write progress:  24 % 2725.0
Write progress:  25 % 488.0
Write progress:  26 % 149.00001
Write progress:  27 % 868.0
Write progress:  28 % 678.0
Write progress:  29 % 2927.0
Write progress:  30 % 950.0
Write progress:  31 % 2668.0
Write progress:  32 % 3168.0
Write progress:  33 % 1254.0
Write progress:  34 % 1082.0
Write progress:  35 % 3070.0
Write progress:  36 % 418.0
Write progress:  37 % 2258.0
Write progress:  38 % 2418.0
Write progress:  39 % 1395.0
Write progress:  40 % 1221.0
Write progress:  41 % 1479.0
Write progress:  42 % 5.0
Write progress:  43 % 432.0
Write progress:  44 % 688.0
Write progress:  45 % 1159.0
Write progress:  46 % 2545.0
Write progress:  47 % 313.00001
Write progress:  48 % 1925.0
Write progress:  49 % 875.0
Write progress:  50 % 30.0
Write progress:  51 % 3077.0
Write progress:  52 % 264.0
Write progress:  53 % 747.0
Write progress:  54 % 2931.0
Write progress:  55 % 1490.0
Write progress:  56 % 3031.0
Write progress:  57 % 1610.0
Write progress:  58 % 80.0
Write progress:  59 % 651.00001
Write progress:  60 % 1272.0
Write progress:  61 % 430.0
Write progress:  62 % 1643.0
Write progress:  63 % 412.0
Write progress:  64 % 307.0
Write progress:  65 % 2859.0
Write progress:  66 % 3.00005
Write progress:  67 % 2786.0
Write progress:  68 % 91.0
Write progress:  69 % 2272.0
Write progress:  70 % 2891.0
Write progress:  71 % 2957.0
Write progress:  72 % 2241.0
Write progress:  73 % 1706.00001
Write progress:  74 % 1226.0
Write progress:  75 % 999.0
Write progress:  76 % 63.0
Write progress:  77 % 2782.0
Write progress:  78 % 2462.0
Write progress:  79 % 1376.0
Write progress:  80 % 9.0
Write progress:  81 % 402.0
Write progress:  82 % 2093.0
Write progress:  83 % 22.00002
Write progress:  84 % 623.0
Write progress:  85 % 2187.0
Write progress:  86 % 2520.0
Write progress:  87 % 2693.0
Write progress:  88 % 2243.0
Write progress:  89 % 415.0
Write progress:  90 % 1803.0
Write progress:  91 % 1288.0
Write progress:  92 % 1965.0
Write progress:  93 % 1131.0
Write progress:  94 % 655.0
Write progress:  95 % 660.00001
Write progress:  96 % 1834.0
Write progress:  97 % 2636.0
Write progress:  98 % 185.0
Write progress:  99 % 1777.0
Job done, info follows...
       JobID    JobName  Partition     MaxRSS    Elapsed ExitCode 
------------ ---------- ---------- ---------- ---------- -------- 
2042958_194  MEGA-FLAR+     cosma6              00:03:27      0:0 
2042958_194+     extern                         00:03:27      0:0 
