====
Starting job 2040117 at Tue 21 Apr 18:36:16 BST 2020 for user dc-rope1.
Running on nodes: m7336
====
['000_z020p000', '001_z015p132', '002_z009p993', '003_z008p988', '004_z008p075', '005_z007p050', '006_z005p971', '007_z005p487', '008_z005p037', '009_z004p485', '010_z003p984', '011_z003p528', '012_z003p017', '013_z002p478', '014_z002p237', '015_z002p012', '016_z001p737', '017_z001p487', '018_z001p259', '019_z001p004', '020_z000p865', '021_z000p736', '022_z000p615', '023_z000p503', '024_z000p366', '025_z000p271', '026_z000p183', '027_z000p101', '028_z000p000']
[None, '000_z020p000', '001_z015p132', '002_z009p993', '003_z008p988', '004_z008p075', '005_z007p050', '006_z005p971', '007_z005p487', '008_z005p037', '009_z004p485', '010_z003p984', '011_z003p528', '012_z003p017', '013_z002p478', '014_z002p237', '015_z002p012', '016_z001p737', '017_z001p487', '018_z001p259', '019_z001p004', '020_z000p865', '021_z000p736', '022_z000p615', '023_z000p503', '024_z000p366', '025_z000p271', '026_z000p183', '027_z000p101']
['001_z015p132', '002_z009p993', '003_z008p988', '004_z008p075', '005_z007p050', '006_z005p971', '007_z005p487', '008_z005p037', '009_z004p485', '010_z003p984', '011_z003p528', '012_z003p017', '013_z002p478', '014_z002p237', '015_z002p012', '016_z001p737', '017_z001p487', '018_z001p259', '019_z001p004', '020_z000p865', '021_z000p736', '022_z000p615', '023_z000p503', '024_z000p366', '025_z000p271', '026_z000p183', '027_z000p101', '028_z000p000', None]
022_z000p615
Reading in 'PartType1/ParticleIDs' for z = 0.615 using 8 thread(s) took 220.183971s
Reading in 'PartType1/ParticleIDs' for z = 0.615 using 8 thread(s) took 65.581813s
Reading in 'PartType1/GroupNumber' for z = 0.615 using 8 thread(s) took 18.496892s
Reading in 'PartType1/SubGroupNumber' for z = 0.615 using 8 thread(s) took 18.618723s
Reading in 'PartType1/GroupNumber' for z = 0.736 using 8 thread(s) took 27.272626s
Reading in 'PartType1/SubGroupNumber' for z = 0.736 using 8 thread(s) took 26.133527s
Reading in 'PartType1/ParticleIDs' for z = 0.736 using 8 thread(s) took 36.5844s
Reading in 'PartType1/GroupNumber' for z = 0.503 using 8 thread(s) took 61.838301s
Reading in 'PartType1/SubGroupNumber' for z = 0.503 using 8 thread(s) took 28.732466s
Reading in 'PartType1/ParticleIDs' for z = 0.503 using 8 thread(s) took 40.152035s
Graph progress:  0 % 1098823.0
Graph progress:  1 % 71483.0
Graph progress:  2 % 103245.00001
Graph progress:  3 % 1543710.0
Graph progress:  4 % 13642.0
Graph progress:  5 % 441140.0
Graph progress:  6 % 1982888.0
Graph progress:  7 % 168729.0
Graph progress:  8 % 1760637.0
Graph progress:  9 % 109484.0
Graph progress:  10 % 1235.00044
Graph progress:  11 % 1411271.0
Graph progress:  12 % 603404.0
Graph progress:  13 % 3.03065
Graph progress:  14 % 745085.0
Graph progress:  15 % 1887264.0
Graph progress:  16 % 1098174.0
Graph progress:  17 % 2006401.0
Graph progress:  18 % 1112947.0
Graph progress:  19 % 2738.0001
Graph progress:  20 % 2213.00007
Graph progress:  21 % 435932.0
Graph progress:  22 % 1524519.0
Graph progress:  23 % 1625264.0
Graph progress:  24 % 763331.0
Graph progress:  25 % 1434955.0
Graph progress:  26 % 1712796.0
Graph progress:  27 % 6.03021
Graph progress:  28 % 1541.0001
Graph progress:  29 % 958805.0
Graph progress:  30 % 1601916.0
Graph progress:  31 % 103.00009
Graph progress:  32 % 1652930.0
Graph progress:  33 % 1924829.0
Graph progress:  34 % 802027.00001
Graph progress:  35 % 532483.0
Graph progress:  36 % 67773.00001
Graph progress:  37 % 191286.0
Graph progress:  38 % 299724.0
Graph progress:  39 % 19002.00001
Graph progress:  40 % 223771.0
Graph progress:  41 % 631.00062
Graph progress:  42 % 327978.0
Graph progress:  43 % 148057.0
Graph progress:  44 % 592967.0
Graph progress:  45 % 1301259.0
Graph progress:  46 % 401843.0
Graph progress:  47 % 1998106.0
Graph progress:  48 % 1604147.0
Graph progress:  49 % 7232.00006
Graph progress:  50 % 1143886.0
Graph progress:  51 % 2028951.0
Graph progress:  52 % 68.00632
Graph progress:  53 % 44.00362
Graph progress:  54 % 1632097.0
Graph progress:  55 % 334422.00001
Graph progress:  56 % 1773023.0
Graph progress:  57 % 8857.00005
Graph progress:  58 % 438456.0
Graph progress:  59 % 206195.0
Graph progress:  60 % 991799.0
Graph progress:  61 % 1054658.0
Graph progress:  62 % 929607.0
Graph progress:  63 % 532413.00001
Graph progress:  64 % 1400593.0
Graph progress:  65 % 1421500.0
Graph progress:  66 % 988803.0
Graph progress:  67 % 83632.0
Graph progress:  68 % 2092197.0
Graph progress:  69 % 11949.00003
Graph progress:  70 % 30027.0
Graph progress:  71 % 778350.0
Graph progress:  72 % 9568.00002
Graph progress:  73 % 6283.00001
Graph progress:  74 % 417124.0
Graph progress:  75 % 17438.00002
Graph progress:  76 % 327448.0
Graph progress:  77 % 60470.00002
Graph progress:  78 % 3313.00008
Graph progress:  79 % 879345.0
Graph progress:  80 % 931493.0
Graph progress:  81 % 1363891.0
Graph progress:  82 % 2041306.0
Graph progress:  83 % 1875589.0
Graph progress:  84 % 1136658.0
Graph progress:  85 % 538602.0
Graph progress:  86 % 2012609.0
Graph progress:  87 % 77392.00001
Graph progress:  88 % 641863.0
Graph progress:  89 % 544331.0
Graph progress:  90 % 1845897.0
Graph progress:  91 % 425569.0
Graph progress:  92 % 1697169.0
Graph progress:  93 % 1346672.0
Graph progress:  94 % 102299.00001
Graph progress:  95 % 416.00136
Graph progress:  96 % 5580.00003
Graph progress:  97 % 232.00189
Graph progress:  98 % 1671183.0
Graph progress:  99 % 1767.00023
Processed 2553036 halos in snapshot 022_z000p615 of particle type 1
Reading in 'PartType4/ParticleIDs' for z = 0.615 using 8 thread(s) took 69.201817s
Reading in 'PartType4/ParticleIDs' for z = 0.736 using 8 thread(s) took 20.868998s
Reading in 'Subhalo/SubGroupNumber' for z = 0.736 using 8 thread(s) took 10.137821s
Reading in 'Subhalo/GroupNumber' for z = 0.736 using 8 thread(s) took 9.229085s
Reading in 'Subhalo/ApertureMeasurements/Mass/030kpc' for z = 0.736 using 8 thread(s) took 9.478202s
Reading in 'PartType4/Mass' for z = 0.736 using 8 thread(s) took 16.684249s
Reading in 'PartType4/ParticleIDs' for z = 0.503 using 8 thread(s) took 28.487714s
Reading in 'Subhalo/SubGroupNumber' for z = 0.503 using 8 thread(s) took 16.69211s
Reading in 'Subhalo/GroupNumber' for z = 0.503 using 8 thread(s) took 10.543647s
Reading in 'Subhalo/ApertureMeasurements/Mass/030kpc' for z = 0.503 using 8 thread(s) took 14.244213s
Reading in 'PartType4/Mass' for z = 0.503 using 8 thread(s) took 23.750701s
Reading in 'PartType4/ParticleIDs' for z = 0.615 using 8 thread(s) took 24.695182s
Reading in 'PartType4/GroupNumber' for z = 0.615 using 8 thread(s) took 20.265692s
Reading in 'PartType4/SubGroupNumber' for z = 0.615 using 8 thread(s) took 16.175645s
Reading in 'PartType4/GroupNumber' for z = 0.736 using 8 thread(s) took 160.996625s
Reading in 'PartType4/SubGroupNumber' for z = 0.736 using 8 thread(s) took 46.12422s
Reading in 'PartType4/ParticleIDs' for z = 0.736 using 8 thread(s) took 172.547953s
Reading in 'PartType4/GroupNumber' for z = 0.503 using 8 thread(s) took 95.981486s
Reading in 'PartType4/SubGroupNumber' for z = 0.503 using 8 thread(s) took 16.024311s
Reading in 'PartType4/ParticleIDs' for z = 0.503 using 8 thread(s) took 21.802907s
Graph progress:  0 % 106014.0
Graph progress:  1 % 35339.0
Graph progress:  2 % 39877.0
Graph progress:  3 % 53431.0
Graph progress:  4 % 277707.0
Graph progress:  5 % 220.00009
Graph progress:  6 % 9036.00004
Graph progress:  7 % 1734.00015
Graph progress:  8 % 157869.0
Graph progress:  9 % 2676.00026
Graph progress:  10 % 47749.0
Graph progress:  11 % 98879.0
Graph progress:  12 % 101163.0
Graph progress:  13 % 15.00032
Graph progress:  14 % 346.00013
Graph progress:  15 % 1296.00031
Graph progress:  16 % 346666.0
Graph progress:  17 % 952.00047
Graph progress:  18 % 13720.00002
Graph progress:  19 % 155.00043
Graph progress:  20 % 13.01482
Graph progress:  21 % 149471.0
Graph progress:  22 % 895.00002
Graph progress:  23 % 946.00012
Graph progress:  24 % 8.00053
Graph progress:  25 % 81976.0
Graph progress:  26 % 6.00884
Graph progress:  27 % 404.0001
Graph progress:  28 % 393190.0
Graph progress:  29 % 510732.0
Graph progress:  30 % 17587.00004
Graph progress:  31 % 368613.0
Graph progress:  32 % 17.00441
Graph progress:  33 % 276.00005
Graph progress:  34 % 594.00032
Graph progress:  35 % 235768.0
Graph progress:  36 % 12.00102
Graph progress:  37 % 19412.00001
Graph progress:  38 % 7.00264
Graph progress:  39 % 110267.0
Graph progress:  40 % 14169.00002
Graph progress:  41 % 115.00239
Graph progress:  42 % 6589.00006
Graph progress:  43 % 1524.00007
Graph progress:  44 % 275512.0
Graph progress:  45 % 102.00231
Graph progress:  46 % 37014.00001
Graph progress:  47 % 34176.00001
Graph progress:  48 % 20486.0
Graph progress:  49 % 196237.0
Graph progress:  50 % 124.00212
Graph progress:  51 % 76779.0
Graph progress:  52 % 2882.00002
Graph progress:  53 % 43.00904
Graph progress:  54 % 90329.0
Graph progress:  55 % 1024.00045
Graph progress:  56 % 6414.00006
Graph progress:  57 % 71000.0
Graph progress:  58 % 11639.00002
Graph progress:  59 % 9799.00001
Graph progress:  60 % 216.0013
Graph progress:  61 % 187485.0
Graph progress:  62 % 208055.0
Graph progress:  63 % 175759.0
Graph progress:  64 % 113410.0
Graph progress:  65 % 154423.0
Graph progress:  66 % 207705.0
Graph progress:  67 % 33460.0
Graph progress:  68 % 11952.00002
Graph progress:  69 % 423383.0
Graph progress:  70 % 2921.00016
Graph progress:  71 % 70925.00001
Graph progress:  72 % 84.00651
Graph progress:  73 % 26317.00001
Graph progress:  74 % 107035.0
Graph progress:  75 % 17165.00004
Graph progress:  76 % 129359.0
Graph progress:  77 % 95232.0
Graph progress:  78 % 217845.0
Graph progress:  79 % 1479.00021
Graph progress:  80 % 118.00185
Graph progress:  81 % 198888.0
Graph progress:  82 % 414.00037
Graph progress:  83 % 1016.00006
Graph progress:  84 % 23322.0
Graph progress:  85 % 9.00159
Graph progress:  86 % 33492.0
Graph progress:  87 % 4754.00003
Graph progress:  88 % 147076.0
Graph progress:  89 % 240192.0
Graph progress:  90 % 8356.00004
Graph progress:  91 % 309128.0
Graph progress:  92 % 4349.00006
Graph progress:  93 % 39126.00001
Graph progress:  94 % 3401.00003
Graph progress:  95 % 359.00073
Graph progress:  96 % 2991.00003
Graph progress:  97 % 313693.0
Graph progress:  98 % 448268.0
Graph progress:  99 % 81347.00001
Processed 400879 halos in snapshot 022_z000p615 of particle type 4
Reading in 'PartType5/ParticleIDs' for z = 0.615 using 8 thread(s) took 93.686033s
Reading in 'PartType5/ParticleIDs' for z = 0.736 using 8 thread(s) took 40.420326s
Reading in 'Subhalo/SubGroupNumber' for z = 0.736 using 8 thread(s) took 8.937962s
Reading in 'Subhalo/GroupNumber' for z = 0.736 using 8 thread(s) took 9.525991s
Reading in 'Subhalo/ApertureMeasurements/Mass/030kpc' for z = 0.736 using 8 thread(s) took 9.597913s
Reading in 'PartType5/Mass' for z = 0.736 using 8 thread(s) took 56.454883s
Reading in 'PartType5/ParticleIDs' for z = 0.503 using 8 thread(s) took 96.949735s
Reading in 'Subhalo/SubGroupNumber' for z = 0.503 using 8 thread(s) took 9.430169s
Reading in 'Subhalo/GroupNumber' for z = 0.503 using 8 thread(s) took 10.072132s
Reading in 'Subhalo/ApertureMeasurements/Mass/030kpc' for z = 0.503 using 8 thread(s) took 9.833387s
Reading in 'PartType5/Mass' for z = 0.503 using 8 thread(s) took 39.212311s
Reading in 'PartType5/ParticleIDs' for z = 0.615 using 8 thread(s) took 17.120985s
Reading in 'PartType5/GroupNumber' for z = 0.615 using 8 thread(s) took 10.876042s
Reading in 'PartType5/SubGroupNumber' for z = 0.615 using 8 thread(s) took 9.946633s
Reading in 'PartType5/GroupNumber' for z = 0.736 using 8 thread(s) took 9.025082s
Reading in 'PartType5/SubGroupNumber' for z = 0.736 using 8 thread(s) took 8.948346s
Reading in 'PartType5/ParticleIDs' for z = 0.736 using 8 thread(s) took 9.975685s
Reading in 'PartType5/GroupNumber' for z = 0.503 using 8 thread(s) took 9.402896s
Reading in 'PartType5/SubGroupNumber' for z = 0.503 using 8 thread(s) took 9.103509s
Reading in 'PartType5/ParticleIDs' for z = 0.503 using 8 thread(s) took 9.591475s
Graph progress:  0 % 6975.00003
Graph progress:  1 % 25183.00002
Graph progress:  2 % 22427.0
Graph progress:  3 % 21772.0
Graph progress:  4 % 13642.0
Graph progress:  5 % 38911.0
Graph progress:  6 % 51592.0
Graph progress:  7 % 22167.0
Graph progress:  8 % 32650.0
Graph progress:  9 % 62020.0
Graph progress:  10 % 71702.0
Graph progress:  11 % 16247.00003
Graph progress:  12 % 39075.0
Graph progress:  13 % 568.00022
Graph progress:  14 % 4207.00004
Graph progress:  15 % 47725.0
Graph progress:  16 % 98279.0
Graph progress:  17 % 95.00124
Graph progress:  18 % 45770.0
Graph progress:  19 % 53108.0
Graph progress:  20 % 2950.00003
Graph progress:  21 % 2201.00001
Graph progress:  22 % 34174.0
Graph progress:  23 % 333.00004
Graph progress:  24 % 2512.00006
Graph progress:  25 % 105.00059
Graph progress:  26 % 1095.00003
Graph progress:  27 % 38071.00001
Graph progress:  28 % 4238.00008
Graph progress:  29 % 67213.0
Graph progress:  30 % 21814.0
Graph progress:  31 % 16214.0
Graph progress:  32 % 324825.0
Graph progress:  33 % 276.00019
Graph progress:  34 % 63598.00001
Graph progress:  35 % 291.00007
Graph progress:  36 % 3579.0
Graph progress:  37 % 3651.0
Graph progress:  38 % 75839.0
Graph progress:  39 % 513.00008
Graph progress:  40 % 2383.00003
Graph progress:  41 % 33125.0
Graph progress:  42 % 2444.00001
Graph progress:  43 % 76609.0
Graph progress:  44 % 11611.0
Graph progress:  45 % 27.0003
Graph progress:  46 % 390.00007
Graph progress:  47 % 40772.0
Graph progress:  48 % 384.00005
Graph progress:  49 % 30129.0
Graph progress:  50 % 633.00029
Graph progress:  51 % 61261.0
Graph progress:  52 % 76795.0
Graph progress:  53 % 74826.0
Graph progress:  54 % 56627.0
Graph progress:  55 % 26950.0
Graph progress:  56 % 23994.0
Graph progress:  57 % 49799.0
Graph progress:  58 % 1025.00001
Graph progress:  59 % 80051.0
Graph progress:  60 % 969.00002
Graph progress:  61 % 6491.00001
Graph progress:  62 % 637.0
Graph progress:  63 % 42717.0
Graph progress:  64 % 77988.0
Graph progress:  65 % 6035.0
Graph progress:  66 % 32699.0
Graph progress:  67 % 48789.0
Graph progress:  68 % 109662.0
Graph progress:  69 % 9782.0
Graph progress:  70 % 785.00002
Graph progress:  71 % 80851.0
Graph progress:  72 % 64.0005
Graph progress:  73 % 484.00029
Graph progress:  74 % 13941.0
Graph progress:  75 % 54237.00001
Graph progress:  76 % 533.00006
Graph progress:  77 % 5872.0
Graph progress:  78 % 36150.0
Graph progress:  79 % 4788.00005
Graph progress:  80 % 51153.0
Graph progress:  81 % 483.00004
Graph progress:  82 % 36085.0
Graph progress:  83 % 234139.0
Graph progress:  84 % 17658.0
Graph progress:  85 % 35023.0
Graph progress:  86 % 5659.00005
Graph progress:  87 % 20970.0
Graph progress:  88 % 39810.0
Graph progress:  89 % 97541.0
Graph progress:  90 % 34090.0
Graph progress:  91 % 81820.0
Graph progress:  92 % 41772.0
Graph progress:  93 % 4972.00001
Graph progress:  94 % 1718.00009
Graph progress:  95 % 24821.0
Graph progress:  96 % 92.00004
Graph progress:  97 % 21368.0
Graph progress:  98 % 13381.0
Graph progress:  99 % 68918.0
Processed 124974 halos in snapshot 022_z000p615 of particle type 5
Reading in 'PartType0/ParticleIDs' for z = 0.615 using 8 thread(s) took 95.422358s
Reading in 'PartType0/ParticleIDs' for z = 0.736 using 8 thread(s) took 112.368579s
Reading in 'Subhalo/SubGroupNumber' for z = 0.736 using 8 thread(s) took 9.664263s
Reading in 'Subhalo/GroupNumber' for z = 0.736 using 8 thread(s) took 9.453987s
Reading in 'Subhalo/ApertureMeasurements/Mass/030kpc' for z = 0.736 using 8 thread(s) took 10.37885s
Reading in 'PartType0/Mass' for z = 0.736 using 8 thread(s) took 23.232568s
Reading in 'PartType0/ParticleIDs' for z = 0.503 using 8 thread(s) took 115.056056s
Reading in 'Subhalo/SubGroupNumber' for z = 0.503 using 8 thread(s) took 10.765589s
Reading in 'Subhalo/GroupNumber' for z = 0.503 using 8 thread(s) took 10.4839s
Reading in 'Subhalo/ApertureMeasurements/Mass/030kpc' for z = 0.503 using 8 thread(s) took 10.932457s
Reading in 'PartType0/Mass' for z = 0.503 using 8 thread(s) took 54.151762s
Reading in 'PartType0/ParticleIDs' for z = 0.615 using 8 thread(s) took 187.818067s
Reading in 'PartType0/GroupNumber' for z = 0.615 using 8 thread(s) took 112.142999s
Reading in 'PartType0/SubGroupNumber' for z = 0.615 using 8 thread(s) took 39.97083s
Reading in 'PartType0/GroupNumber' for z = 0.736 using 8 thread(s) took 30.125998s
Reading in 'PartType0/SubGroupNumber' for z = 0.736 using 8 thread(s) took 30.261002s
Reading in 'PartType0/ParticleIDs' for z = 0.736 using 8 thread(s) took 40.934614s
Reading in 'PartType0/GroupNumber' for z = 0.503 using 8 thread(s) took 43.241047s
Reading in 'PartType0/SubGroupNumber' for z = 0.503 using 8 thread(s) took 38.694212s
