====
Starting job 2042961 at Thu 23 Apr 21:25:57 BST 2020 for user dc-rope1.
Running on nodes: m6263
====
2
('39', '001_z014p000', '002_z013p000', '003_z012p000')
Reading in 'PartType1/ParticleIDs' for z = 13.0 using 8 thread(s) took 6.470362s
Reading in 'PartType1/ParticleIDs' for z = 13.0 using 8 thread(s) took 0.093535s
Reading in 'PartType1/GroupNumber' for z = 13.0 using 8 thread(s) took 0.081271s
Reading in 'PartType1/SubGroupNumber' for z = 13.0 using 8 thread(s) took 0.063247s
Reading in 'PartType1/GroupNumber' for z = 14.0 using 8 thread(s) took 0.088976s
Reading in 'PartType1/SubGroupNumber' for z = 14.0 using 8 thread(s) took 0.082798s
Reading in 'PartType1/ParticleIDs' for z = 14.0 using 8 thread(s) took 0.086233s
Reading in 'PartType1/GroupNumber' for z = 12.0 using 8 thread(s) took 2.271961s
Reading in 'PartType1/SubGroupNumber' for z = 12.0 using 8 thread(s) took 0.122603s
Reading in 'PartType1/ParticleIDs' for z = 12.0 using 8 thread(s) took 0.098324s
Graph progress:  0 % 699.0
Graph progress:  1 % 708.0
Graph progress:  2 % 48.0
Graph progress:  3 % 495.0
Graph progress:  4 % 78.0
Graph progress:  5 % 198.0
Graph progress:  6 % 536.0
Graph progress:  7 % 772.0
Graph progress:  8 % 760.0
Graph progress:  9 % 94.0
Graph progress:  10 % 186.0
Graph progress:  11 % 326.0
Graph progress:  12 % 607.0
Graph progress:  13 % 41.0
Graph progress:  14 % 822.0
Graph progress:  15 % 610.0
Graph progress:  16 % 206.0
Graph progress:  17 % 657.0
Graph progress:  18 % 466.0
Graph progress:  19 % 464.0
Graph progress:  20 % 921.0
Graph progress:  21 % 567.0
Graph progress:  22 % 558.0
Graph progress:  23 % 953.0
Graph progress:  24 % 79.0
Graph progress:  25 % 701.0
Graph progress:  26 % 843.0
Graph progress:  27 % 29.0
Graph progress:  28 % 593.0
Graph progress:  29 % 56.0
Graph progress:  30 % 614.0
Graph progress:  31 % 911.0
Graph progress:  32 % 752.0
Graph progress:  33 % 370.0
Graph progress:  34 % 358.0
Graph progress:  35 % 860.0
Graph progress:  36 % 694.0
Graph progress:  37 % 104.0
Graph progress:  38 % 171.0
Graph progress:  39 % 309.0
Graph progress:  40 % 774.0
Graph progress:  41 % 117.0
Graph progress:  42 % 857.0
Graph progress:  43 % 502.0
Graph progress:  44 % 983.0
Graph progress:  45 % 697.0
Graph progress:  46 % 1066.0
Graph progress:  47 % 132.0
Graph progress:  48 % 654.0
Graph progress:  49 % 179.0
Graph progress:  50 % 178.0
Graph progress:  51 % 1067.0
Graph progress:  52 % 961.0
Graph progress:  53 % 1.0
Graph progress:  54 % 165.0
Graph progress:  55 % 187.0
Graph progress:  56 % 377.0
Graph progress:  57 % 1032.0
Graph progress:  58 % 245.0
Graph progress:  59 % 771.0
Graph progress:  60 % 975.0
Graph progress:  61 % 107.00001
Graph progress:  62 % 706.0
Graph progress:  63 % 80.0
Graph progress:  64 % 815.0
Graph progress:  65 % 399.0
Graph progress:  66 % 913.0
Graph progress:  67 % 525.0
Graph progress:  68 % 150.0
Graph progress:  69 % 400.0
Graph progress:  70 % 394.0
Graph progress:  71 % 471.0
Graph progress:  72 % 930.0
Graph progress:  73 % 61.0
Graph progress:  74 % 573.0
Graph progress:  75 % 305.0
Graph progress:  76 % 167.0
Graph progress:  77 % 907.0
Graph progress:  78 % 1012.0
Graph progress:  79 % 213.00001
Graph progress:  80 % 941.0
Graph progress:  81 % 974.0
Graph progress:  82 % 714.0
Graph progress:  83 % 332.0
Graph progress:  84 % 254.0
Graph progress:  85 % 275.0
Graph progress:  86 % 937.0
Graph progress:  87 % 115.00001
Graph progress:  88 % 899.0
Graph progress:  89 % 21.0
Graph progress:  90 % 457.0
Graph progress:  91 % 1022.0
Graph progress:  92 % 660.0
Graph progress:  93 % 25.00001
Graph progress:  94 % 901.0
Graph progress:  95 % 511.0
Graph progress:  96 % 745.0
Graph progress:  97 % 450.0
Graph progress:  98 % 489.0
Graph progress:  99 % 601.0
Processed 1098 halos in snapshot 002_z013p000 of particle type 1
Reading in 'PartType4/ParticleIDs' for z = 13.0 using 8 thread(s) took 0.71811s
Reading in 'PartType4/ParticleIDs' for z = 14.0 using 8 thread(s) took 0.10551s
Reading in 'Subhalo/SubGroupNumber' for z = 14.0 using 8 thread(s) took 1.630987s
Reading in 'Subhalo/GroupNumber' for z = 14.0 using 8 thread(s) took 0.152646s
Reading in 'Subhalo/ApertureMeasurements/Mass/030kpc' for z = 14.0 using 8 thread(s) took 0.101652s
Reading in 'PartType4/Mass' for z = 14.0 using 8 thread(s) took 0.434621s
Reading in 'PartType4/ParticleIDs' for z = 12.0 using 8 thread(s) took 1.871679s
Reading in 'Subhalo/SubGroupNumber' for z = 12.0 using 8 thread(s) took 1.64818s
Reading in 'Subhalo/GroupNumber' for z = 12.0 using 8 thread(s) took 0.165468s
Reading in 'Subhalo/ApertureMeasurements/Mass/030kpc' for z = 12.0 using 8 thread(s) took 0.110944s
Reading in 'PartType4/Mass' for z = 12.0 using 8 thread(s) took 0.074592s
Reading in 'PartType4/ParticleIDs' for z = 13.0 using 8 thread(s) took 0.067612s
Reading in 'PartType4/GroupNumber' for z = 13.0 using 8 thread(s) took 0.070437s
Reading in 'PartType4/SubGroupNumber' for z = 13.0 using 8 thread(s) took 0.069701s
Reading in 'PartType4/GroupNumber' for z = 14.0 using 8 thread(s) took 0.067886s
Reading in 'PartType4/SubGroupNumber' for z = 14.0 using 8 thread(s) took 0.068545s
Reading in 'PartType4/ParticleIDs' for z = 14.0 using 8 thread(s) took 0.094301s
Reading in 'PartType4/GroupNumber' for z = 12.0 using 8 thread(s) took 0.077462s
Reading in 'PartType4/SubGroupNumber' for z = 12.0 using 8 thread(s) took 0.077521s
Reading in 'PartType4/ParticleIDs' for z = 12.0 using 8 thread(s) took 0.072797s
Graph progress:  0 % 26.0
Graph progress:  2 % 333.0
Graph progress:  5 % 94.0
Graph progress:  7 % 234.0
Graph progress:  10 % 59.0
Graph progress:  12 % 37.0
Graph progress:  15 % 30.0
Graph progress:  17 % 84.0
Graph progress:  20 % 17.0
Graph progress:  23 % 41.0
Graph progress:  25 % 260.0
Graph progress:  28 % 199.0
Graph progress:  30 % 82.0
Graph progress:  33 % 118.0
Graph progress:  35 % 194.0
Graph progress:  38 % 81.0
Graph progress:  41 % 122.0
Graph progress:  43 % 88.0
Graph progress:  46 % 87.0
Graph progress:  48 % 19.0
Graph progress:  51 % 100.0
Graph progress:  53 % 11.0
Graph progress:  56 % 13.0
Graph progress:  58 % 2.0
Graph progress:  61 % 1.0
Graph progress:  64 % 18.0
Graph progress:  66 % 33.0
Graph progress:  69 % 277.0
Graph progress:  71 % 61.0
Graph progress:  74 % 129.0
Graph progress:  76 % 139.0
Graph progress:  79 % 110.0
Graph progress:  82 % 72.0
Graph progress:  84 % 28.0
Graph progress:  87 % 35.0
Graph progress:  89 % 21.0
Graph progress:  92 % 145.0
Graph progress:  94 % 6.0
Graph progress:  97 % 51.0
Processed 39 halos in snapshot 002_z013p000 of particle type 4
Reading in 'PartType5/ParticleIDs' for z = 13.0 using 8 thread(s) took 0.066162s
Reading in 'PartType5/ParticleIDs' for z = 14.0 using 8 thread(s) took 0.067849s
Reading in 'Subhalo/SubGroupNumber' for z = 14.0 using 8 thread(s) took 0.109663s
Reading in 'Subhalo/GroupNumber' for z = 14.0 using 8 thread(s) took 0.100805s
Reading in 'Subhalo/ApertureMeasurements/Mass/030kpc' for z = 14.0 using 8 thread(s) took 0.116391s
Reading in 'PartType5/Mass' for z = 14.0 using 8 thread(s) took 0.073985s
Reading in 'PartType5/ParticleIDs' for z = 12.0 using 8 thread(s) took 0.072571s
Reading in 'Subhalo/SubGroupNumber' for z = 12.0 using 8 thread(s) took 0.103897s
Reading in 'Subhalo/GroupNumber' for z = 12.0 using 8 thread(s) took 0.100781s
Reading in 'Subhalo/ApertureMeasurements/Mass/030kpc' for z = 12.0 using 8 thread(s) took 0.1037s
Reading in 'PartType5/Mass' for z = 12.0 using 8 thread(s) took 0.064003s
Reading in 'PartType5/ParticleIDs' for z = 13.0 using 8 thread(s) took 0.060837s
Reading in 'PartType5/GroupNumber' for z = 13.0 using 8 thread(s) took 0.067282s
Reading in 'PartType5/SubGroupNumber' for z = 13.0 using 8 thread(s) took 0.069798s
Reading in 'PartType5/GroupNumber' for z = 14.0 using 8 thread(s) took 0.065796s
Reading in 'PartType5/SubGroupNumber' for z = 14.0 using 8 thread(s) took 0.062144s
Reading in 'PartType5/ParticleIDs' for z = 14.0 using 8 thread(s) took 0.064006s
Reading in 'PartType5/GroupNumber' for z = 12.0 using 8 thread(s) took 0.070295s
Reading in 'PartType5/SubGroupNumber' for z = 12.0 using 8 thread(s) took 0.067863s
Reading in 'PartType5/ParticleIDs' for z = 12.0 using 8 thread(s) took 0.067675s
Processed 0 halos in snapshot 002_z013p000 of particle type 5
Reading in 'PartType0/ParticleIDs' for z = 13.0 using 8 thread(s) took 5.77603s
Reading in 'PartType0/ParticleIDs' for z = 14.0 using 8 thread(s) took 9.9208s
Reading in 'Subhalo/SubGroupNumber' for z = 14.0 using 8 thread(s) took 0.138471s
Reading in 'Subhalo/GroupNumber' for z = 14.0 using 8 thread(s) took 0.1215s
Reading in 'Subhalo/ApertureMeasurements/Mass/030kpc' for z = 14.0 using 8 thread(s) took 0.113673s
Reading in 'PartType0/Mass' for z = 14.0 using 8 thread(s) took 0.616293s
Reading in 'PartType0/ParticleIDs' for z = 12.0 using 8 thread(s) took 7.187115s
Reading in 'Subhalo/SubGroupNumber' for z = 12.0 using 8 thread(s) took 0.145787s
Reading in 'Subhalo/GroupNumber' for z = 12.0 using 8 thread(s) took 0.12372s
Reading in 'Subhalo/ApertureMeasurements/Mass/030kpc' for z = 12.0 using 8 thread(s) took 0.121722s
Reading in 'PartType0/Mass' for z = 12.0 using 8 thread(s) took 0.161211s
Reading in 'PartType0/ParticleIDs' for z = 13.0 using 8 thread(s) took 0.688636s
Reading in 'PartType0/GroupNumber' for z = 13.0 using 8 thread(s) took 0.216873s
Reading in 'PartType0/SubGroupNumber' for z = 13.0 using 8 thread(s) took 0.135909s
Reading in 'PartType0/GroupNumber' for z = 14.0 using 8 thread(s) took 0.13579s
Reading in 'PartType0/SubGroupNumber' for z = 14.0 using 8 thread(s) took 0.115396s
Reading in 'PartType0/ParticleIDs' for z = 14.0 using 8 thread(s) took 0.211704s
Reading in 'PartType0/GroupNumber' for z = 12.0 using 8 thread(s) took 0.12354s
Reading in 'PartType0/SubGroupNumber' for z = 12.0 using 8 thread(s) took 0.129975s
Reading in 'PartType0/ParticleIDs' for z = 12.0 using 8 thread(s) took 0.476257s
Graph progress:  0 % 303.0
Graph progress:  1 % 159.0
Graph progress:  2 % 336.0
Graph progress:  3 % 793.0
Graph progress:  4 % 739.0
Graph progress:  5 % 209.0
Graph progress:  6 % 536.0
Graph progress:  7 % 246.0
Graph progress:  8 % 688.0
Graph progress:  9 % 520.0
Graph progress:  10 % 50.0
Graph progress:  11 % 794.0
Graph progress:  12 % 607.0
Graph progress:  13 % 892.0
Graph progress:  14 % 741.0
Graph progress:  15 % 610.0
Graph progress:  16 % 170.0
Graph progress:  17 % 600.0
Graph progress:  18 % 595.0
Graph progress:  19 % 200.0
Graph progress:  20 % 506.0
Graph progress:  21 % 250.0
Graph progress:  22 % 389.0
Graph progress:  23 % 285.0
Graph progress:  24 % 328.0
Graph progress:  25 % 286.0
Graph progress:  26 % 843.0
Graph progress:  27 % 969.0
Graph progress:  28 % 385.0
Graph progress:  29 % 56.0
Graph progress:  30 % 560.0
Graph progress:  31 % 614.0
Graph progress:  32 % 526.0
Graph progress:  33 % 551.0
Graph progress:  34 % 439.0
Graph progress:  35 % 446.0
Graph progress:  36 % 340.0
Graph progress:  37 % 19.0
Graph progress:  38 % 171.0
Graph progress:  39 % 309.0
Graph progress:  40 % 143.0
Graph progress:  41 % 436.0
Graph progress:  42 % 116.0
Graph progress:  43 % 549.0
Graph progress:  44 % 983.0
Graph progress:  45 % 492.0
Graph progress:  46 % 20.0
Graph progress:  47 % 372.0
Graph progress:  48 % 839.0
Graph progress:  49 % 426.0
Graph progress:  50 % 318.0
Graph progress:  51 % 693.0
Graph progress:  52 % 718.0
Graph progress:  53 % 1021.0
Graph progress:  54 % 680.0
Graph progress:  55 % 717.0
Graph progress:  56 % 395.0
Graph progress:  57 % 1018.0
Graph progress:  58 % 44.0
Graph progress:  59 % 768.0
Graph progress:  60 % 748.0
Graph progress:  61 % 1030.0
Graph progress:  62 % 105.0
Graph progress:  63 % 137.0
Graph progress:  64 % 838.0
Graph progress:  65 % 1040.0
Graph progress:  66 % 154.0
Graph progress:  67 % 909.0
Graph progress:  68 % 628.0
Graph progress:  69 % 827.0
Graph progress:  70 % 1031.0
Graph progress:  71 % 1013.0
Graph progress:  72 % 483.0
Graph progress:  73 % 278.0
Graph progress:  74 % 433.0
Graph progress:  75 % 982.0
Graph progress:  76 % 290.0
Graph progress:  77 % 363.0
Graph progress:  78 % 583.0
Graph progress:  79 % 434.0
Graph progress:  80 % 356.0
Graph progress:  81 % 999.0
Graph progress:  82 % 644.0
Graph progress:  83 % 603.0
Graph progress:  84 % 320.0
Graph progress:  85 % 728.0
Graph progress:  86 % 895.0
Graph progress:  87 % 115.0
Graph progress:  88 % 531.0
Graph progress:  89 % 240.0
Graph progress:  90 % 35.0
Graph progress:  91 % 1020.0
Graph progress:  92 % 934.0
Graph progress:  93 % 25.0
Graph progress:  94 % 459.0
Graph progress:  95 % 252.0
Graph progress:  96 % 417.0
Graph progress:  97 % 216.0
Graph progress:  98 % 845.0
Graph progress:  99 % 57.0
Processed 1097 halos in snapshot 002_z013p000 of particle type 0
Write progress:  0 % 699.0
Write progress:  1 % 708.0
Write progress:  2 % 48.0
Write progress:  3 % 495.0
Write progress:  4 % 78.0
Write progress:  5 % 198.0
Write progress:  6 % 536.0
Write progress:  7 % 772.0
Write progress:  8 % 760.0
Write progress:  9 % 94.0
Write progress:  10 % 186.0
Write progress:  11 % 326.0
Write progress:  12 % 607.0
Write progress:  13 % 41.0
Write progress:  14 % 822.0
Write progress:  15 % 610.0
Write progress:  16 % 206.0
Write progress:  17 % 657.0
Write progress:  18 % 466.0
Write progress:  19 % 464.0
Write progress:  20 % 921.0
Write progress:  21 % 567.0
Write progress:  22 % 558.0
Write progress:  23 % 953.0
Write progress:  24 % 79.0
Write progress:  25 % 701.0
Write progress:  26 % 843.0
Write progress:  27 % 29.0
Write progress:  28 % 593.0
Write progress:  29 % 56.0
Write progress:  30 % 614.0
Write progress:  31 % 911.0
Write progress:  32 % 752.0
Write progress:  33 % 370.0
Write progress:  34 % 358.0
Write progress:  35 % 860.0
Write progress:  36 % 694.0
Write progress:  37 % 104.0
Write progress:  38 % 171.0
Write progress:  39 % 309.0
Write progress:  40 % 774.0
Write progress:  41 % 117.0
Write progress:  42 % 857.0
Write progress:  43 % 502.0
Write progress:  44 % 983.0
Write progress:  45 % 697.0
Write progress:  46 % 1066.0
Write progress:  47 % 132.0
Write progress:  48 % 654.0
Write progress:  49 % 179.0
Write progress:  50 % 178.0
Write progress:  51 % 1067.0
Write progress:  52 % 961.0
Write progress:  53 % 1.0
Write progress:  54 % 165.0
Write progress:  55 % 187.0
Write progress:  56 % 377.0
Write progress:  57 % 1032.0
Write progress:  58 % 245.0
Write progress:  59 % 771.0
Write progress:  60 % 975.0
Write progress:  61 % 107.00001
Write progress:  62 % 706.0
Write progress:  63 % 80.0
Write progress:  64 % 815.0
Write progress:  65 % 399.0
Write progress:  66 % 913.0
Write progress:  67 % 525.0
Write progress:  68 % 150.0
Write progress:  69 % 400.0
Write progress:  70 % 394.0
Write progress:  71 % 471.0
Write progress:  72 % 930.0
Write progress:  73 % 61.0
Write progress:  74 % 573.0
Write progress:  75 % 305.0
Write progress:  76 % 167.0
Write progress:  77 % 907.0
Write progress:  78 % 1012.0
Write progress:  79 % 213.00001
Write progress:  80 % 941.0
Write progress:  81 % 974.0
Write progress:  82 % 714.0
Write progress:  83 % 332.0
Write progress:  84 % 254.0
Write progress:  85 % 275.0
Write progress:  86 % 937.0
Write progress:  87 % 115.00001
Write progress:  88 % 899.0
Write progress:  89 % 21.0
Write progress:  90 % 457.0
Write progress:  91 % 1022.0
Write progress:  92 % 660.0
Write progress:  93 % 25.00001
Write progress:  94 % 901.0
Write progress:  95 % 511.0
Write progress:  96 % 745.0
Write progress:  97 % 450.0
Write progress:  98 % 489.0
Write progress:  99 % 601.0
Job done, info follows...
       JobID    JobName  Partition     MaxRSS    Elapsed ExitCode 
------------ ---------- ---------- ---------- ---------- -------- 
2042958_3    MEGA-FLAR+     cosma6              00:01:51      0:0 
2042958_3.e+     extern                         00:01:51      0:0 
