====
Starting job 2043254 at Thu 23 Apr 23:48:13 BST 2020 for user dc-rope1.
Running on nodes: m6190
====
158
('26', '001_z014p000', '002_z013p000', '003_z012p000')
Reading in 'PartType1/ParticleIDs' for z = 13.0 using 8 thread(s) took 9.51562s
Reading in 'PartType1/ParticleIDs' for z = 13.0 using 8 thread(s) took 2.380293s
Reading in 'PartType1/GroupNumber' for z = 13.0 using 8 thread(s) took 0.104203s
Reading in 'PartType1/SubGroupNumber' for z = 13.0 using 8 thread(s) took 0.226604s
Reading in 'PartType1/GroupNumber' for z = 14.0 using 8 thread(s) took 1.052775s
Reading in 'PartType1/SubGroupNumber' for z = 14.0 using 8 thread(s) took 0.123546s
Reading in 'PartType1/ParticleIDs' for z = 14.0 using 8 thread(s) took 0.100785s
Reading in 'PartType1/GroupNumber' for z = 12.0 using 8 thread(s) took 3.285445s
Reading in 'PartType1/SubGroupNumber' for z = 12.0 using 8 thread(s) took 0.170572s
Reading in 'PartType1/ParticleIDs' for z = 12.0 using 8 thread(s) took 0.134139s
Graph progress:  0 % 3035.0
Graph progress:  1 % 1700.0
Graph progress:  2 % 4078.0
Graph progress:  3 % 3062.0
Graph progress:  4 % 224.00002
Graph progress:  5 % 737.0
Graph progress:  6 % 4189.0
Graph progress:  7 % 1615.0
Graph progress:  8 % 3190.0
Graph progress:  9 % 483.0
Graph progress:  10 % 2711.0
Graph progress:  11 % 2441.0
Graph progress:  12 % 1457.0
Graph progress:  13 % 2682.0
Graph progress:  14 % 3628.0
Graph progress:  15 % 3121.0
Graph progress:  16 % 2708.0
Graph progress:  17 % 3980.0
Graph progress:  18 % 2931.0
Graph progress:  19 % 4120.0
Graph progress:  20 % 413.0
Graph progress:  21 % 3535.0
Graph progress:  22 % 4122.0
Graph progress:  23 % 1815.0
Graph progress:  24 % 3037.0
Graph progress:  25 % 3244.0
Graph progress:  26 % 946.00001
Graph progress:  27 % 1341.0
Graph progress:  28 % 4158.0
Graph progress:  29 % 972.0
Graph progress:  30 % 2869.0
Graph progress:  31 % 525.0
Graph progress:  32 % 1688.0
Graph progress:  33 % 363.0
Graph progress:  34 % 2316.0
Graph progress:  35 % 821.0
Graph progress:  36 % 1136.0
Graph progress:  37 % 1801.0
Graph progress:  38 % 3940.0
Graph progress:  39 % 286.0
Graph progress:  40 % 4154.0
Graph progress:  41 % 2210.0
Graph progress:  42 % 2001.0
Graph progress:  43 % 1043.0
Graph progress:  44 % 3674.0
Graph progress:  45 % 3677.0
Graph progress:  46 % 3158.0
Graph progress:  47 % 1652.0
Graph progress:  48 % 1653.0
Graph progress:  49 % 4024.0
Graph progress:  50 % 984.0
Graph progress:  51 % 567.0
Graph progress:  52 % 979.0
Graph progress:  53 % 2437.0
Graph progress:  54 % 1052.0
Graph progress:  55 % 741.0
Graph progress:  56 % 2113.0
Graph progress:  57 % 2843.0
Graph progress:  58 % 1712.0
Graph progress:  59 % 2529.0
Graph progress:  60 % 4136.0
Graph progress:  61 % 1941.0
Graph progress:  62 % 1550.0
Graph progress:  63 % 2658.0
Graph progress:  64 % 2116.0
Graph progress:  65 % 1827.0
Graph progress:  66 % 723.0
Graph progress:  67 % 575.0
Graph progress:  68 % 1239.0
Graph progress:  69 % 2272.0
Graph progress:  70 % 746.0
Graph progress:  71 % 2090.0
Graph progress:  72 % 1.00001
Graph progress:  73 % 1084.0
Graph progress:  74 % 2811.0
Graph progress:  75 % 3607.0
Graph progress:  76 % 4152.0
Graph progress:  77 % 735.0
Graph progress:  78 % 2094.0
Graph progress:  79 % 4340.0
Graph progress:  80 % 2831.0
Graph progress:  81 % 1966.0
Graph progress:  82 % 816.0
Graph progress:  83 % 3557.0
Graph progress:  84 % 1220.0
Graph progress:  85 % 3253.0
Graph progress:  86 % 2046.0
Graph progress:  87 % 1876.0
Graph progress:  88 % 1930.0
Graph progress:  89 % 3195.0
Graph progress:  90 % 3335.0
Graph progress:  91 % 1497.0
Graph progress:  92 % 3255.0
Graph progress:  93 % 1258.0
Graph progress:  94 % 1474.0
Graph progress:  95 % 4084.0
Graph progress:  96 % 2878.0
Graph progress:  97 % 1434.0
Graph progress:  98 % 2935.0
Graph progress:  99 % 408.00001
Processed 4727 halos in snapshot 002_z013p000 of particle type 1
Reading in 'PartType4/ParticleIDs' for z = 13.0 using 8 thread(s) took 0.767466s
Reading in 'PartType4/ParticleIDs' for z = 14.0 using 8 thread(s) took 0.807792s
Reading in 'Subhalo/SubGroupNumber' for z = 14.0 using 8 thread(s) took 1.225394s
Reading in 'Subhalo/GroupNumber' for z = 14.0 using 8 thread(s) took 0.1826s
Reading in 'Subhalo/ApertureMeasurements/Mass/030kpc' for z = 14.0 using 8 thread(s) took 0.13297s
Reading in 'PartType4/Mass' for z = 14.0 using 8 thread(s) took 0.18041s
Reading in 'PartType4/ParticleIDs' for z = 12.0 using 8 thread(s) took 1.468357s
Reading in 'Subhalo/SubGroupNumber' for z = 12.0 using 8 thread(s) took 4.297657s
Reading in 'Subhalo/GroupNumber' for z = 12.0 using 8 thread(s) took 0.206167s
Reading in 'Subhalo/ApertureMeasurements/Mass/030kpc' for z = 12.0 using 8 thread(s) took 0.130268s
Reading in 'PartType4/Mass' for z = 12.0 using 8 thread(s) took 0.631503s
Reading in 'PartType4/ParticleIDs' for z = 13.0 using 8 thread(s) took 1.472763s
Reading in 'PartType4/GroupNumber' for z = 13.0 using 8 thread(s) took 0.118245s
Reading in 'PartType4/SubGroupNumber' for z = 13.0 using 8 thread(s) took 0.111674s
Reading in 'PartType4/GroupNumber' for z = 14.0 using 8 thread(s) took 0.100468s
Reading in 'PartType4/SubGroupNumber' for z = 14.0 using 8 thread(s) took 0.08755s
Reading in 'PartType4/ParticleIDs' for z = 14.0 using 8 thread(s) took 0.099116s
Reading in 'PartType4/GroupNumber' for z = 12.0 using 8 thread(s) took 0.160706s
Reading in 'PartType4/SubGroupNumber' for z = 12.0 using 8 thread(s) took 0.207067s
Reading in 'PartType4/ParticleIDs' for z = 12.0 using 8 thread(s) took 0.134265s
Graph progress:  0 % 179.0
Graph progress:  1 % 813.0
Graph progress:  2 % 11.0
Graph progress:  3 % 775.0
Graph progress:  4 % 434.0
Graph progress:  5 % 34.0
Graph progress:  6 % 123.0
Graph progress:  7 % 870.0
Graph progress:  8 % 880.0
Graph progress:  9 % 263.0
Graph progress:  10 % 246.0
Graph progress:  11 % 51.0
Graph progress:  12 % 730.0
Graph progress:  13 % 504.0
Graph progress:  14 % 307.0
Graph progress:  15 % 88.0
Graph progress:  16 % 44.0
Graph progress:  17 % 265.0
Graph progress:  18 % 187.0
Graph progress:  19 % 280.0
Graph progress:  20 % 1194.0
Graph progress:  21 % 960.0
Graph progress:  22 % 174.0
Graph progress:  23 % 1324.0
Graph progress:  24 % 282.0
Graph progress:  25 % 974.0
Graph progress:  26 % 115.0
Graph progress:  27 % 1115.0
Graph progress:  28 % 944.0
Graph progress:  29 % 170.0
Graph progress:  30 % 366.0
Graph progress:  31 % 185.0
Graph progress:  32 % 534.0
Graph progress:  33 % 90.0
Graph progress:  34 % 40.0
Graph progress:  35 % 156.0
Graph progress:  36 % 28.0
Graph progress:  37 % 6.0
Graph progress:  38 % 929.0
Graph progress:  39 % 399.0
Graph progress:  40 % 982.0
Graph progress:  41 % 1043.0
Graph progress:  42 % 1040.0
Graph progress:  43 % 928.0
Graph progress:  44 % 686.0
Graph progress:  45 % 1453.0
Graph progress:  46 % 400.0
Graph progress:  47 % 211.0
Graph progress:  48 % 251.0
Graph progress:  49 % 460.0
Graph progress:  50 % 300.0
Graph progress:  51 % 230.0
Graph progress:  52 % 326.0
Graph progress:  53 % 233.0
Graph progress:  54 % 574.0
Graph progress:  55 % 146.00001
Graph progress:  56 % 160.0
Graph progress:  57 % 199.0
Graph progress:  58 % 159.0
Graph progress:  59 % 957.0
Graph progress:  60 % 135.0
Graph progress:  61 % 288.0
Graph progress:  62 % 31.0
Graph progress:  63 % 226.0
Graph progress:  64 % 188.0
Graph progress:  65 % 103.0
Graph progress:  66 % 311.0
Graph progress:  67 % 926.0
Graph progress:  68 % 140.0
Graph progress:  69 % 180.0
Graph progress:  70 % 350.0
Graph progress:  71 % 204.0
Graph progress:  72 % 347.0
Graph progress:  73 % 14.00001
Graph progress:  74 % 703.0
Graph progress:  75 % 395.0
Graph progress:  76 % 1143.0
Graph progress:  77 % 9.0
Graph progress:  78 % 295.0
Graph progress:  79 % 376.0
Graph progress:  80 % 387.0
Graph progress:  81 % 210.0
Graph progress:  82 % 1878.0
Graph progress:  83 % 77.0
Graph progress:  84 % 543.0
Graph progress:  85 % 147.0
Graph progress:  86 % 84.0
Graph progress:  87 % 46.0
Graph progress:  88 % 91.0
Graph progress:  89 % 62.0
Graph progress:  90 % 1026.0
Graph progress:  91 % 83.0
Graph progress:  92 % 417.0
Graph progress:  93 % 154.0
Graph progress:  94 % 298.0
Graph progress:  95 % 1484.0
Graph progress:  96 % 94.0
Graph progress:  97 % 39.0
Graph progress:  98 % 260.0
Graph progress:  99 % 16.0
Processed 269 halos in snapshot 002_z013p000 of particle type 4
Reading in 'PartType5/ParticleIDs' for z = 13.0 using 8 thread(s) took 0.082485s
Reading in 'PartType5/ParticleIDs' for z = 14.0 using 8 thread(s) took 0.07196s
Reading in 'Subhalo/SubGroupNumber' for z = 14.0 using 8 thread(s) took 0.123393s
Reading in 'Subhalo/GroupNumber' for z = 14.0 using 8 thread(s) took 0.123899s
Reading in 'Subhalo/ApertureMeasurements/Mass/030kpc' for z = 14.0 using 8 thread(s) took 0.121756s
Reading in 'PartType5/Mass' for z = 14.0 using 8 thread(s) took 0.076582s
Reading in 'PartType5/ParticleIDs' for z = 12.0 using 8 thread(s) took 0.127318s
Reading in 'Subhalo/SubGroupNumber' for z = 12.0 using 8 thread(s) took 0.143321s
Reading in 'Subhalo/GroupNumber' for z = 12.0 using 8 thread(s) took 0.134386s
Reading in 'Subhalo/ApertureMeasurements/Mass/030kpc' for z = 12.0 using 8 thread(s) took 0.133065s
Reading in 'PartType5/Mass' for z = 12.0 using 8 thread(s) took 0.290479s
Reading in 'PartType5/ParticleIDs' for z = 13.0 using 8 thread(s) took 0.09998s
Reading in 'PartType5/GroupNumber' for z = 13.0 using 8 thread(s) took 0.08071s
Reading in 'PartType5/SubGroupNumber' for z = 13.0 using 8 thread(s) took 0.076146s
Reading in 'PartType5/GroupNumber' for z = 14.0 using 8 thread(s) took 0.076374s
Reading in 'PartType5/SubGroupNumber' for z = 14.0 using 8 thread(s) took 0.074157s
Reading in 'PartType5/ParticleIDs' for z = 14.0 using 8 thread(s) took 0.076802s
Reading in 'PartType5/GroupNumber' for z = 12.0 using 8 thread(s) took 0.072036s
Reading in 'PartType5/SubGroupNumber' for z = 12.0 using 8 thread(s) took 0.073714s
Reading in 'PartType5/ParticleIDs' for z = 12.0 using 8 thread(s) took 0.258734s
Graph progress:  0 % 1.0
Graph progress:  50 % 3.0
Processed 2 halos in snapshot 002_z013p000 of particle type 5
Reading in 'PartType0/ParticleIDs' for z = 13.0 using 8 thread(s) took 6.437771s
Reading in 'PartType0/ParticleIDs' for z = 14.0 using 8 thread(s) took 6.798693s
Reading in 'Subhalo/SubGroupNumber' for z = 14.0 using 8 thread(s) took 0.217076s
Reading in 'Subhalo/GroupNumber' for z = 14.0 using 8 thread(s) took 0.184359s
Reading in 'Subhalo/ApertureMeasurements/Mass/030kpc' for z = 14.0 using 8 thread(s) took 0.20127s
Reading in 'PartType0/Mass' for z = 14.0 using 8 thread(s) took 0.205661s
Reading in 'PartType0/ParticleIDs' for z = 12.0 using 8 thread(s) took 7.092951s
Reading in 'Subhalo/SubGroupNumber' for z = 12.0 using 8 thread(s) took 0.231654s
Reading in 'Subhalo/GroupNumber' for z = 12.0 using 8 thread(s) took 0.224502s
Reading in 'Subhalo/ApertureMeasurements/Mass/030kpc' for z = 12.0 using 8 thread(s) took 0.21814s
Reading in 'PartType0/Mass' for z = 12.0 using 8 thread(s) took 0.18903s
Reading in 'PartType0/ParticleIDs' for z = 13.0 using 8 thread(s) took 0.210541s
Reading in 'PartType0/GroupNumber' for z = 13.0 using 8 thread(s) took 0.242963s
Reading in 'PartType0/SubGroupNumber' for z = 13.0 using 8 thread(s) took 0.216722s
Reading in 'PartType0/GroupNumber' for z = 14.0 using 8 thread(s) took 0.21686s
Reading in 'PartType0/SubGroupNumber' for z = 14.0 using 8 thread(s) took 0.207039s
Reading in 'PartType0/ParticleIDs' for z = 14.0 using 8 thread(s) took 0.286521s
Reading in 'PartType0/GroupNumber' for z = 12.0 using 8 thread(s) took 0.220293s
Reading in 'PartType0/SubGroupNumber' for z = 12.0 using 8 thread(s) took 0.251758s
Reading in 'PartType0/ParticleIDs' for z = 12.0 using 8 thread(s) took 0.267068s
Graph progress:  0 % 3035.0
Graph progress:  1 % 1140.0
Graph progress:  2 % 3470.0
Graph progress:  3 % 11.00004
Graph progress:  4 % 175.0
Graph progress:  5 % 321.00001
Graph progress:  6 % 2232.0
Graph progress:  7 % 3000.0
Graph progress:  8 % 3122.0
Graph progress:  9 % 1197.0
Graph progress:  10 % 112.00001
Graph progress:  11 % 1367.0
Graph progress:  12 % 161.00002
Graph progress:  13 % 991.0
Graph progress:  14 % 203.0
Graph progress:  15 % 681.0
Graph progress:  16 % 4111.0
Graph progress:  17 % 3980.0
Graph progress:  18 % 2325.0
Graph progress:  19 % 2755.0
Graph progress:  20 % 3319.0
Graph progress:  21 % 3316.00001
Graph progress:  22 % 282.0
Graph progress:  23 % 2632.0
Graph progress:  24 % 3249.0
Graph progress:  25 % 2936.0
Graph progress:  26 % 1853.0
Graph progress:  27 % 3598.0
Graph progress:  28 % 2804.0
Graph progress:  29 % 1880.0
Graph progress:  30 % 4112.0
Graph progress:  31 % 2982.0
Graph progress:  32 % 2687.0
Graph progress:  33 % 3040.0
Graph progress:  34 % 1362.0
Graph progress:  35 % 2788.0
Graph progress:  36 % 769.0
Graph progress:  37 % 3426.0
Graph progress:  38 % 3933.0
Graph progress:  39 % 3291.0
Graph progress:  40 % 2974.0
Graph progress:  41 % 2128.0
Graph progress:  42 % 234.0
Graph progress:  43 % 2961.0
Graph progress:  44 % 4153.0
Graph progress:  45 % 716.0
Graph progress:  46 % 3349.0
Graph progress:  47 % 172.0
Graph progress:  48 % 1006.0
Graph progress:  49 % 618.0
Graph progress:  50 % 377.0
Graph progress:  51 % 3943.0
Graph progress:  52 % 2165.0
Graph progress:  53 % 3760.0
Graph progress:  54 % 146.0
Graph progress:  55 % 248.0
Graph progress:  56 % 1401.0
Graph progress:  57 % 3443.0
Graph progress:  58 % 3524.0
Graph progress:  59 % 4050.0
Graph progress:  60 % 1382.0
Graph progress:  61 % 801.0
Graph progress:  62 % 4016.0
Graph progress:  63 % 133.0
Graph progress:  64 % 4173.0
Graph progress:  65 % 3567.0
Graph progress:  66 % 3801.0
Graph progress:  67 % 1574.0
Graph progress:  68 % 2205.0
Graph progress:  69 % 3378.0
Graph progress:  70 % 2659.0
Graph progress:  71 % 228.0
Graph progress:  72 % 4279.0
Graph progress:  73 % 3875.0
Graph progress:  74 % 2535.0
Graph progress:  75 % 1319.0
Graph progress:  76 % 4152.0
Graph progress:  77 % 4132.0
Graph progress:  78 % 2751.0
Graph progress:  79 % 2582.0
Graph progress:  80 % 1860.0
Graph progress:  81 % 2408.0
Graph progress:  82 % 496.0
Graph progress:  83 % 374.00001
Graph progress:  84 % 15.0
Graph progress:  85 % 2242.0
Graph progress:  86 % 631.0
Graph progress:  87 % 407.0
Graph progress:  88 % 3061.0
Graph progress:  89 % 738.00001
Graph progress:  90 % 1448.0
Graph progress:  91 % 699.0
Graph progress:  92 % 660.0
Graph progress:  93 % 3261.0
Graph progress:  94 % 2827.0
Graph progress:  95 % 941.0
Graph progress:  96 % 3011.0
Graph progress:  97 % 4263.0
Graph progress:  98 % 3972.0
Graph progress:  99 % 2590.0
Processed 4729 halos in snapshot 002_z013p000 of particle type 0
Write progress:  0 % 3035.0
Write progress:  1 % 1700.0
Write progress:  2 % 4078.0
Write progress:  3 % 3062.0
Write progress:  4 % 224.00002
Write progress:  5 % 737.0
Write progress:  6 % 4189.0
Write progress:  7 % 1615.0
Write progress:  8 % 3190.0
Write progress:  9 % 483.0
Write progress:  10 % 2711.0
Write progress:  11 % 2441.0
Write progress:  12 % 1457.0
Write progress:  13 % 2682.0
Write progress:  14 % 3628.0
Write progress:  15 % 3121.0
Write progress:  16 % 2708.0
Write progress:  17 % 3980.0
Write progress:  18 % 2931.0
Write progress:  19 % 4120.0
Write progress:  20 % 413.0
Write progress:  21 % 3535.0
Write progress:  22 % 4122.0
Write progress:  23 % 1815.0
Write progress:  24 % 3037.0
Write progress:  25 % 3244.0
Write progress:  26 % 946.00001
Write progress:  27 % 1341.0
Write progress:  28 % 4158.0
Write progress:  29 % 972.0
Write progress:  30 % 2869.0
Write progress:  31 % 525.0
Write progress:  32 % 1688.0
Write progress:  33 % 363.0
Write progress:  34 % 2316.0
Write progress:  35 % 821.0
Write progress:  36 % 1136.0
Write progress:  37 % 1801.0
Write progress:  38 % 3940.0
Write progress:  39 % 286.0
Write progress:  40 % 4154.0
Write progress:  41 % 2210.0
Write progress:  42 % 2001.0
Write progress:  43 % 1043.0
Write progress:  44 % 3674.0
Write progress:  45 % 3677.0
Write progress:  46 % 3158.0
Write progress:  47 % 1652.0
Write progress:  48 % 1653.0
Write progress:  49 % 4024.0
Write progress:  50 % 984.0
Write progress:  51 % 567.0
Write progress:  52 % 979.0
Write progress:  53 % 2437.0
Write progress:  54 % 1052.0
Write progress:  55 % 741.0
Write progress:  56 % 2113.0
Write progress:  57 % 2843.0
Write progress:  58 % 1712.0
Write progress:  59 % 2529.0
Write progress:  60 % 4136.0
Write progress:  61 % 1941.0
Write progress:  62 % 1550.0
Write progress:  63 % 2658.0
Write progress:  64 % 2116.0
Write progress:  65 % 1827.0
Write progress:  66 % 723.0
Write progress:  67 % 575.0
Write progress:  68 % 1239.0
Write progress:  69 % 2272.0
Write progress:  70 % 746.0
Write progress:  71 % 2090.0
Write progress:  72 % 1.00001
Write progress:  73 % 1084.0
Write progress:  74 % 2811.0
Write progress:  75 % 3607.0
Write progress:  76 % 4152.0
Write progress:  77 % 735.0
Write progress:  78 % 2094.0
Write progress:  79 % 4340.0
Write progress:  80 % 2831.0
Write progress:  81 % 1966.0
Write progress:  82 % 816.0
Write progress:  83 % 3557.0
Write progress:  84 % 1220.0
Write progress:  85 % 3253.0
Write progress:  86 % 2046.0
Write progress:  87 % 1876.0
Write progress:  88 % 1930.0
Write progress:  89 % 3195.0
Write progress:  90 % 3335.0
Write progress:  91 % 1497.0
Write progress:  92 % 3255.0
Write progress:  93 % 1258.0
Write progress:  94 % 1474.0
Write progress:  95 % 4084.0
Write progress:  96 % 2878.0
Write progress:  97 % 1434.0
Write progress:  98 % 2935.0
Write progress:  99 % 408.00001
Job done, info follows...
       JobID    JobName  Partition     MaxRSS    Elapsed ExitCode 
------------ ---------- ---------- ---------- ---------- -------- 
2042958_159  MEGA-FLAR+     cosma6              00:03:26      0:0 
2042958_159+     extern                         00:03:26      0:0 
