====
Starting job 2043345 at Fri 24 Apr 00:29:11 BST 2020 for user dc-rope1.
Running on nodes: m6375
====
240
('19', None, '000_z015p000', '001_z014p000')
Reading in 'PartType1/ParticleIDs' for z = 15.0 using 8 thread(s) took 11.348374s
Reading in 'PartType1/ParticleIDs' for z = 15.0 using 8 thread(s) took 2.432891s
Reading in 'PartType1/GroupNumber' for z = 15.0 using 8 thread(s) took 0.092517s
Reading in 'PartType1/SubGroupNumber' for z = 15.0 using 8 thread(s) took 0.074049s
Reading in 'PartType1/GroupNumber' for z = 14.0 using 8 thread(s) took 0.268355s
Reading in 'PartType1/SubGroupNumber' for z = 14.0 using 8 thread(s) took 0.132726s
Reading in 'PartType1/ParticleIDs' for z = 14.0 using 8 thread(s) took 0.121623s
Graph progress:  0 % 3175.0
Graph progress:  1 % 1096.0
Graph progress:  2 % 139.00001
Graph progress:  3 % 3097.0
Graph progress:  4 % 270.0
Graph progress:  5 % 30.00002
Graph progress:  6 % 1794.0
Graph progress:  7 % 1445.0
Graph progress:  8 % 2297.0
Graph progress:  9 % 355.00001
Graph progress:  10 % 978.0
Graph progress:  11 % 1624.0
Graph progress:  12 % 98.0
Graph progress:  13 % 2570.0
Graph progress:  14 % 659.0
Graph progress:  15 % 1167.0
Graph progress:  16 % 1893.0
Graph progress:  17 % 3007.0
Graph progress:  18 % 2330.0
Graph progress:  19 % 835.0
Graph progress:  20 % 164.0
Graph progress:  21 % 3020.0
Graph progress:  22 % 878.0
Graph progress:  23 % 2019.0
Graph progress:  24 % 373.0
Graph progress:  25 % 1862.0
Graph progress:  26 % 1702.0
Graph progress:  27 % 2188.0
Graph progress:  28 % 107.00001
Graph progress:  29 % 2078.0
Graph progress:  30 % 296.0
Graph progress:  31 % 894.0
Graph progress:  32 % 3073.0
Graph progress:  33 % 952.0
Graph progress:  34 % 1803.0
Graph progress:  35 % 2407.0
Graph progress:  36 % 96.00002
Graph progress:  37 % 1930.0
Graph progress:  38 % 431.0
Graph progress:  39 % 2392.0
Graph progress:  40 % 1929.0
Graph progress:  41 % 2852.0
Graph progress:  42 % 2540.0
Graph progress:  43 % 3355.0
Graph progress:  44 % 216.0
Graph progress:  45 % 110.00002
Graph progress:  46 % 15.00004
Graph progress:  47 % 2061.0
Graph progress:  48 % 1018.0
Graph progress:  49 % 2548.0
Graph progress:  50 % 2905.0
Graph progress:  51 % 1279.0
Graph progress:  52 % 1663.0
Graph progress:  53 % 663.0
Graph progress:  54 % 1134.0
Graph progress:  55 % 1017.0
Graph progress:  56 % 1621.0
Graph progress:  57 % 418.0
Graph progress:  58 % 133.0
Graph progress:  59 % 501.0
Graph progress:  60 % 2756.0
Graph progress:  61 % 171.00001
Graph progress:  62 % 2576.0
Graph progress:  63 % 1.00003
Graph progress:  64 % 579.0
Graph progress:  65 % 3089.0
Graph progress:  66 % 723.0
Graph progress:  67 % 1694.0
Graph progress:  68 % 3013.0
Graph progress:  69 % 939.0
Graph progress:  70 % 2925.0
Graph progress:  71 % 3312.0
Graph progress:  72 % 1878.0
Graph progress:  73 % 690.0
Graph progress:  74 % 2766.0
Graph progress:  75 % 1575.0
Graph progress:  76 % 2362.0
Graph progress:  77 % 65.00001
Graph progress:  78 % 2935.0
Graph progress:  79 % 396.00002
Graph progress:  80 % 1236.0
Graph progress:  81 % 3108.0
Graph progress:  82 % 320.0
Graph progress:  83 % 1497.0
Graph progress:  84 % 2740.0
Graph progress:  85 % 1645.0
Graph progress:  86 % 1799.0
Graph progress:  87 % 37.00002
Graph progress:  88 % 1748.0
Graph progress:  89 % 124.00001
Graph progress:  90 % 161.0
Graph progress:  91 % 82.0
Graph progress:  92 % 1523.0
Graph progress:  93 % 2303.0
Graph progress:  94 % 3059.0
Graph progress:  95 % 2811.0
Graph progress:  96 % 1615.0
Graph progress:  97 % 333.00001
Graph progress:  98 % 1225.0
Graph progress:  99 % 271.0
Processed 3669 halos in snapshot 000_z015p000 of particle type 1
Reading in 'PartType4/ParticleIDs' for z = 15.0 using 8 thread(s) took 1.462362s
Reading in 'PartType4/ParticleIDs' for z = 14.0 using 8 thread(s) took 2.603269s
Reading in 'Subhalo/SubGroupNumber' for z = 14.0 using 8 thread(s) took 3.160975s
Reading in 'Subhalo/GroupNumber' for z = 14.0 using 8 thread(s) took 0.262854s
Reading in 'Subhalo/ApertureMeasurements/Mass/030kpc' for z = 14.0 using 8 thread(s) took 0.12991s
Reading in 'PartType4/Mass' for z = 14.0 using 8 thread(s) took 0.625535s
Reading in 'PartType4/ParticleIDs' for z = 15.0 using 8 thread(s) took 0.205857s
Reading in 'PartType4/GroupNumber' for z = 15.0 using 8 thread(s) took 0.130333s
Reading in 'PartType4/SubGroupNumber' for z = 15.0 using 8 thread(s) took 0.126207s
Reading in 'PartType4/GroupNumber' for z = 14.0 using 8 thread(s) took 0.155207s
Reading in 'PartType4/SubGroupNumber' for z = 14.0 using 8 thread(s) took 0.138841s
Reading in 'PartType4/ParticleIDs' for z = 14.0 using 8 thread(s) took 0.115823s
Graph progress:  0 % 59.0
Graph progress:  1 % 595.0
Graph progress:  2 % 95.0
Graph progress:  3 % 270.0
Graph progress:  4 % 7.0
Graph progress:  5 % 50.0
Graph progress:  6 % 43.0
Graph progress:  7 % 201.0
Graph progress:  8 % 108.0
Graph progress:  9 % 92.0
Graph progress:  10 % 319.0
Graph progress:  11 % 9.0
Graph progress:  12 % 33.0
Graph progress:  13 % 33.00001
Graph progress:  14 % 106.0
Graph progress:  15 % 63.0
Graph progress:  16 % 22.0
Graph progress:  17 % 2.0
Graph progress:  18 % 31.0
Graph progress:  19 % 571.0
Graph progress:  20 % 56.0
Graph progress:  21 % 17.0
Graph progress:  22 % 176.0
Graph progress:  23 % 475.0
Graph progress:  24 % 461.0
Graph progress:  25 % 272.0
Graph progress:  26 % 120.0
Graph progress:  27 % 301.0
Graph progress:  28 % 80.0
Graph progress:  29 % 5.0
Graph progress:  30 % 19.0
Graph progress:  31 % 179.0
Graph progress:  32 % 105.0
Graph progress:  33 % 167.0
Graph progress:  34 % 407.0
Graph progress:  35 % 273.0
Graph progress:  36 % 381.0
Graph progress:  37 % 6.0
Graph progress:  38 % 99.0
Graph progress:  39 % 158.0
Graph progress:  40 % 62.0
Graph progress:  41 % 10.0
Graph progress:  42 % 6.00002
Graph progress:  43 % 115.0
Graph progress:  44 % 288.0
Graph progress:  45 % 93.0
Graph progress:  46 % 389.0
Graph progress:  47 % 259.0
Graph progress:  48 % 306.0
Graph progress:  49 % 60.0
Graph progress:  50 % 1.0
Graph progress:  51 % 212.0
Graph progress:  52 % 133.0
Graph progress:  53 % 1.00001
Graph progress:  54 % 1.00002
Graph progress:  55 % 54.0
Graph progress:  56 % 143.0
Graph progress:  57 % 1.00003
Graph progress:  58 % 339.0
Graph progress:  59 % 541.0
Graph progress:  60 % 29.0
Graph progress:  61 % 78.00001
Graph progress:  62 % 11.0
Graph progress:  63 % 454.0
Graph progress:  64 % 347.0
Graph progress:  65 % 74.0
Graph progress:  66 % 64.0
Graph progress:  67 % 321.0
Graph progress:  68 % 181.0
Graph progress:  69 % 4.00001
Graph progress:  70 % 362.0
Graph progress:  71 % 4.00002
Graph progress:  72 % 152.0
Graph progress:  73 % 51.0
Graph progress:  74 % 335.0
Graph progress:  75 % 195.0
Graph progress:  76 % 262.0
Graph progress:  77 % 65.00001
Graph progress:  78 % 47.0
Graph progress:  79 % 83.0
Graph progress:  80 % 577.0
Graph progress:  81 % 502.0
Graph progress:  82 % 130.0
Graph progress:  83 % 32.0
Graph progress:  84 % 24.0
Graph progress:  85 % 320.0
Graph progress:  86 % 155.0
Graph progress:  87 % 837.0
Graph progress:  88 % 18.0
Graph progress:  89 % 45.0
Graph progress:  90 % 97.0
Graph progress:  91 % 149.0
Graph progress:  92 % 36.0
Graph progress:  93 % 3.00001
Graph progress:  94 % 3.00002
Graph progress:  95 % 25.0
Graph progress:  96 % 52.00001
Graph progress:  97 % 429.0
Graph progress:  98 % 348.0
Graph progress:  99 % 111.0
Processed 135 halos in snapshot 000_z015p000 of particle type 4
Reading in 'PartType5/ParticleIDs' for z = 15.0 using 8 thread(s) took 0.083316s
Reading in 'PartType5/ParticleIDs' for z = 14.0 using 8 thread(s) took 0.299104s
Reading in 'Subhalo/SubGroupNumber' for z = 14.0 using 8 thread(s) took 0.140803s
Reading in 'Subhalo/GroupNumber' for z = 14.0 using 8 thread(s) took 0.110541s
Reading in 'Subhalo/ApertureMeasurements/Mass/030kpc' for z = 14.0 using 8 thread(s) took 0.117974s
Reading in 'PartType5/Mass' for z = 14.0 using 8 thread(s) took 0.0725s
Reading in 'PartType5/ParticleIDs' for z = 15.0 using 8 thread(s) took 0.06641s
Reading in 'PartType5/GroupNumber' for z = 15.0 using 8 thread(s) took 0.070026s
Reading in 'PartType5/SubGroupNumber' for z = 15.0 using 8 thread(s) took 0.067209s
Reading in 'PartType5/GroupNumber' for z = 14.0 using 8 thread(s) took 0.070091s
Reading in 'PartType5/SubGroupNumber' for z = 14.0 using 8 thread(s) took 0.064847s
Reading in 'PartType5/ParticleIDs' for z = 14.0 using 8 thread(s) took 0.067491s
Graph progress:  0 % 1.00001
Processed 1 halos in snapshot 000_z015p000 of particle type 5
Reading in 'PartType0/ParticleIDs' for z = 15.0 using 8 thread(s) took 9.819917s
Reading in 'PartType0/ParticleIDs' for z = 14.0 using 8 thread(s) took 9.802927s
Reading in 'Subhalo/SubGroupNumber' for z = 14.0 using 8 thread(s) took 0.170892s
Reading in 'Subhalo/GroupNumber' for z = 14.0 using 8 thread(s) took 0.145474s
Reading in 'Subhalo/ApertureMeasurements/Mass/030kpc' for z = 14.0 using 8 thread(s) took 0.161493s
Reading in 'PartType0/Mass' for z = 14.0 using 8 thread(s) took 0.150786s
Reading in 'PartType0/ParticleIDs' for z = 15.0 using 8 thread(s) took 0.131901s
Reading in 'PartType0/GroupNumber' for z = 15.0 using 8 thread(s) took 0.220468s
Reading in 'PartType0/SubGroupNumber' for z = 15.0 using 8 thread(s) took 0.573963s
Reading in 'PartType0/GroupNumber' for z = 14.0 using 8 thread(s) took 0.151513s
Reading in 'PartType0/SubGroupNumber' for z = 14.0 using 8 thread(s) took 0.212901s
Reading in 'PartType0/ParticleIDs' for z = 14.0 using 8 thread(s) took 0.19039s
Graph progress:  0 % 3175.0
Graph progress:  1 % 1795.0
Graph progress:  2 % 452.0
Graph progress:  3 % 3098.0
Graph progress:  4 % 584.0
Graph progress:  5 % 987.0
Graph progress:  6 % 1983.0
Graph progress:  7 % 1239.0
Graph progress:  8 % 1608.00001
Graph progress:  9 % 1053.0
Graph progress:  10 % 1208.00001
Graph progress:  11 % 92.0
Graph progress:  12 % 2066.0
Graph progress:  13 % 2570.0
Graph progress:  14 % 497.0
Graph progress:  15 % 241.0
Graph progress:  16 % 2519.0
Graph progress:  17 % 2765.0
Graph progress:  18 % 714.0
Graph progress:  19 % 1436.0
Graph progress:  20 % 164.00001
Graph progress:  21 % 1550.0
Graph progress:  22 % 2345.0
Graph progress:  23 % 2187.0
Graph progress:  24 % 1408.0
Graph progress:  25 % 2189.0
Graph progress:  26 % 1023.0
Graph progress:  27 % 1760.0
Graph progress:  28 % 386.0
Graph progress:  29 % 80.0
Graph progress:  30 % 3271.0
Graph progress:  31 % 1280.0
Graph progress:  32 % 443.0
Graph progress:  33 % 3014.0
Graph progress:  34 % 566.0
Graph progress:  35 % 778.0
Graph progress:  36 % 1150.0
Graph progress:  37 % 1652.0
Graph progress:  38 % 816.0
Graph progress:  39 % 3333.0
Graph progress:  40 % 1929.0
Graph progress:  41 % 2874.0
Graph progress:  42 % 15.00004
Graph progress:  43 % 14.0
Graph progress:  44 % 329.0
Graph progress:  45 % 2099.0
Graph progress:  46 % 88.0
Graph progress:  47 % 1461.00001
Graph progress:  48 % 2265.0
Graph progress:  49 % 2677.0
Graph progress:  50 % 117.00001
Graph progress:  51 % 2307.0
Graph progress:  52 % 1268.0
Graph progress:  53 % 565.00001
Graph progress:  54 % 1134.0
Graph progress:  55 % 2550.0
Graph progress:  56 % 330.0
Graph progress:  57 % 274.00001
Graph progress:  58 % 598.0
Graph progress:  59 % 2983.0
Graph progress:  60 % 2322.0
Graph progress:  61 % 3288.0
Graph progress:  62 % 2858.0
Graph progress:  63 % 1.00003
Graph progress:  64 % 2014.0
Graph progress:  65 % 2082.0
Graph progress:  66 % 515.0
Graph progress:  67 % 2040.0
Graph progress:  68 % 347.0
Graph progress:  69 % 2741.0
Graph progress:  70 % 3201.0
Graph progress:  71 % 1128.0
Graph progress:  72 % 2498.0
Graph progress:  73 % 1075.0
Graph progress:  74 % 3311.0
Graph progress:  75 % 2362.0
Graph progress:  76 % 1766.0
Graph progress:  77 % 1779.0
Graph progress:  78 % 2842.0
Graph progress:  79 % 1871.0
Graph progress:  80 % 1319.0
Graph progress:  81 % 238.0
Graph progress:  82 % 2956.0
Graph progress:  83 % 2565.0
Graph progress:  84 % 384.0
Graph progress:  85 % 2257.0
Graph progress:  86 % 1528.0
Graph progress:  87 % 37.00002
Graph progress:  88 % 210.0
Graph progress:  89 % 124.00001
Graph progress:  90 % 2522.0
Graph progress:  91 % 686.0
Graph progress:  92 % 765.0
Graph progress:  93 % 127.0
Graph progress:  94 % 660.0
Graph progress:  95 % 1440.0
Graph progress:  96 % 2401.0
Graph progress:  97 % 1801.0
Graph progress:  98 % 1252.0
Graph progress:  99 % 271.0
Processed 3674 halos in snapshot 000_z015p000 of particle type 0
Write progress:  0 % 3175.0
Write progress:  1 % 1096.0
Write progress:  2 % 139.00001
Write progress:  3 % 3097.0
Write progress:  4 % 270.0
Write progress:  5 % 30.00002
Write progress:  6 % 1794.0
Write progress:  7 % 1445.0
Write progress:  8 % 2297.0
Write progress:  9 % 355.00001
Write progress:  10 % 978.0
Write progress:  11 % 1624.0
Write progress:  12 % 98.0
Write progress:  13 % 2570.0
Write progress:  14 % 659.0
Write progress:  15 % 1167.0
Write progress:  16 % 1893.0
Write progress:  17 % 3007.0
Write progress:  18 % 2330.0
Write progress:  19 % 835.0
Write progress:  20 % 164.0
Write progress:  21 % 3020.0
Write progress:  22 % 878.0
Write progress:  23 % 2019.0
Write progress:  24 % 373.0
Write progress:  25 % 1862.0
Write progress:  26 % 1702.0
Write progress:  27 % 2188.0
Write progress:  28 % 107.00001
Write progress:  29 % 2078.0
Write progress:  30 % 296.0
Write progress:  31 % 894.0
Write progress:  32 % 3073.0
Write progress:  33 % 952.0
Write progress:  34 % 1803.0
Write progress:  35 % 2407.0
Write progress:  36 % 96.00002
Write progress:  37 % 1930.0
Write progress:  38 % 431.0
Write progress:  39 % 2392.0
Write progress:  40 % 1929.0
Write progress:  41 % 2852.0
Write progress:  42 % 2540.0
Write progress:  43 % 3355.0
Write progress:  44 % 216.0
Write progress:  45 % 110.00002
Write progress:  46 % 15.00004
Write progress:  47 % 2061.0
Write progress:  48 % 1018.0
Write progress:  49 % 2548.0
Write progress:  50 % 2905.0
Write progress:  51 % 1279.0
Write progress:  52 % 1663.0
Write progress:  53 % 663.0
Write progress:  54 % 1134.0
Write progress:  55 % 1017.0
Write progress:  56 % 1621.0
Write progress:  57 % 418.0
Write progress:  58 % 133.0
Write progress:  59 % 501.0
Write progress:  60 % 2756.0
Write progress:  61 % 171.00001
Write progress:  62 % 2576.0
Write progress:  63 % 1.00003
Write progress:  64 % 579.0
Write progress:  65 % 3089.0
Write progress:  66 % 723.0
Write progress:  67 % 1694.0
Write progress:  68 % 3013.0
Write progress:  69 % 939.0
Write progress:  70 % 2925.0
Write progress:  71 % 3312.0
Write progress:  72 % 1878.0
Write progress:  73 % 690.0
Write progress:  74 % 2766.0
Write progress:  75 % 1575.0
Write progress:  76 % 2362.0
Write progress:  77 % 65.00001
Write progress:  78 % 2935.0
Write progress:  79 % 396.00002
Write progress:  80 % 1236.0
Write progress:  81 % 3108.0
Write progress:  82 % 320.0
Write progress:  83 % 1497.0
Write progress:  84 % 2740.0
Write progress:  85 % 1645.0
Write progress:  86 % 1799.0
Write progress:  87 % 37.00002
Write progress:  88 % 1748.0
Write progress:  89 % 124.00001
Write progress:  90 % 161.0
Write progress:  91 % 82.0
Write progress:  92 % 1523.0
Write progress:  93 % 2303.0
Write progress:  94 % 3059.0
Write progress:  95 % 2811.0
Write progress:  96 % 1615.0
Write progress:  97 % 333.00001
Write progress:  98 % 1225.0
Write progress:  99 % 271.0
Job done, info follows...
       JobID    JobName  Partition     MaxRSS    Elapsed ExitCode 
------------ ---------- ---------- ---------- ---------- -------- 
2042958_241  MEGA-FLAR+     cosma6              00:03:19      0:0 
2042958_241+     extern                         00:03:19      0:0 
