====
Starting job 2043590 at Fri 24 Apr 02:51:10 BST 2020 for user dc-rope1.
Running on nodes: m6518
====
450
('02', '005_z010p000', '006_z009p000', '007_z008p000')
Reading in 'PartType1/ParticleIDs' for z = 9.0 using 8 thread(s) took 10.495376s
Reading in 'PartType1/ParticleIDs' for z = 9.0 using 8 thread(s) took 2.397314s
Reading in 'PartType1/GroupNumber' for z = 9.0 using 8 thread(s) took 0.257017s
Reading in 'PartType1/SubGroupNumber' for z = 9.0 using 8 thread(s) took 0.226951s
Reading in 'PartType1/GroupNumber' for z = 10.0 using 8 thread(s) took 0.674645s
Reading in 'PartType1/SubGroupNumber' for z = 10.0 using 8 thread(s) took 0.34645s
Reading in 'PartType1/ParticleIDs' for z = 10.0 using 8 thread(s) took 0.480013s
Reading in 'PartType1/GroupNumber' for z = 8.0 using 8 thread(s) took 0.907293s
Reading in 'PartType1/SubGroupNumber' for z = 8.0 using 8 thread(s) took 0.540049s
Reading in 'PartType1/ParticleIDs' for z = 8.0 using 8 thread(s) took 1.19438s
Graph progress:  0 % 1580.00001
Graph progress:  1 % 4684.00001
Graph progress:  2 % 4021.00001
Graph progress:  3 % 71363.0
Graph progress:  4 % 7128.0
Graph progress:  5 % 2624.0
Graph progress:  6 % 105436.0
Graph progress:  7 % 73816.0
Graph progress:  8 % 86679.0
Graph progress:  9 % 57127.0
Graph progress:  10 % 77669.0
Graph progress:  11 % 38003.0
Graph progress:  12 % 87700.0
Graph progress:  13 % 67935.0
Graph progress:  14 % 18310.0
Graph progress:  15 % 29760.0
Graph progress:  16 % 150713.0
Graph progress:  17 % 57904.0
Graph progress:  18 % 56905.0
Graph progress:  19 % 144200.0
Graph progress:  20 % 73469.0
Graph progress:  21 % 47591.0
Graph progress:  22 % 81732.0
Graph progress:  23 % 933.0
Graph progress:  24 % 4403.00001
Graph progress:  25 % 22399.0
Graph progress:  26 % 32555.0
Graph progress:  27 % 110755.0
Graph progress:  28 % 121431.0
Graph progress:  29 % 52405.0
Graph progress:  30 % 111583.0
Graph progress:  31 % 58580.0
Graph progress:  32 % 145411.0
Graph progress:  33 % 25130.0
Graph progress:  34 % 52472.0
Graph progress:  35 % 33306.0
Graph progress:  36 % 127705.0
Graph progress:  37 % 137498.0
Graph progress:  38 % 20982.0
Graph progress:  39 % 60085.0
Graph progress:  40 % 16444.00001
Graph progress:  41 % 136071.0
Graph progress:  42 % 29810.0
Graph progress:  43 % 75343.0
Graph progress:  44 % 77496.0
Graph progress:  45 % 2788.0
Graph progress:  46 % 43571.0
Graph progress:  47 % 105137.0
Graph progress:  48 % 94879.0
Graph progress:  49 % 76369.0
Graph progress:  50 % 592.00004
Graph progress:  51 % 45321.0
Graph progress:  52 % 131654.0
Graph progress:  53 % 98512.0
Graph progress:  54 % 10048.0
Graph progress:  55 % 6059.0
Graph progress:  56 % 156643.0
Graph progress:  57 % 27580.0
Graph progress:  58 % 4762.00001
Graph progress:  59 % 125424.0
Graph progress:  60 % 98432.0
Graph progress:  61 % 117354.0
Graph progress:  62 % 35283.0
Graph progress:  63 % 38989.0
Graph progress:  64 % 154904.0
Graph progress:  65 % 71219.0
Graph progress:  66 % 63613.0
Graph progress:  67 % 87048.0
Graph progress:  68 % 3834.00002
Graph progress:  69 % 152137.0
Graph progress:  70 % 72414.0
Graph progress:  71 % 99798.0
Graph progress:  72 % 142181.0
Graph progress:  73 % 27457.0
Graph progress:  74 % 7694.00001
Graph progress:  75 % 127309.0
Graph progress:  76 % 144395.0
Graph progress:  77 % 104065.0
Graph progress:  78 % 2446.0
Graph progress:  79 % 105445.0
Graph progress:  80 % 101085.0
Graph progress:  81 % 55483.0
Graph progress:  82 % 27382.00001
Graph progress:  83 % 110359.0
Graph progress:  84 % 152108.0
Graph progress:  85 % 29597.0
Graph progress:  86 % 101664.0
Graph progress:  87 % 145187.0
Graph progress:  88 % 141242.0
Graph progress:  89 % 32.00013
Graph progress:  90 % 16623.0
Graph progress:  91 % 25994.0
Graph progress:  92 % 107712.0
Graph progress:  93 % 34706.0
Graph progress:  94 % 4566.00001
Graph progress:  95 % 134568.0
Graph progress:  96 % 44621.0
Graph progress:  97 % 1456.00001
Graph progress:  98 % 142942.0
Graph progress:  99 % 72164.0
Processed 186081 halos in snapshot 006_z009p000 of particle type 1
Reading in 'PartType4/ParticleIDs' for z = 9.0 using 8 thread(s) took 0.272652s
Reading in 'PartType4/ParticleIDs' for z = 10.0 using 8 thread(s) took 0.314275s
Reading in 'Subhalo/SubGroupNumber' for z = 10.0 using 8 thread(s) took 0.44778s
Reading in 'Subhalo/GroupNumber' for z = 10.0 using 8 thread(s) took 0.355401s
Reading in 'Subhalo/ApertureMeasurements/Mass/030kpc' for z = 10.0 using 8 thread(s) took 0.32706s
Reading in 'PartType4/Mass' for z = 10.0 using 8 thread(s) took 0.262673s
Reading in 'PartType4/ParticleIDs' for z = 8.0 using 8 thread(s) took 1.290785s
Reading in 'Subhalo/SubGroupNumber' for z = 8.0 using 8 thread(s) took 3.64704s
Reading in 'Subhalo/GroupNumber' for z = 8.0 using 8 thread(s) took 0.352073s
Reading in 'Subhalo/ApertureMeasurements/Mass/030kpc' for z = 8.0 using 8 thread(s) took 0.355053s
Reading in 'PartType4/Mass' for z = 8.0 using 8 thread(s) took 0.579876s
Reading in 'PartType4/ParticleIDs' for z = 9.0 using 8 thread(s) took 0.288079s
Reading in 'PartType4/GroupNumber' for z = 9.0 using 8 thread(s) took 0.277703s
Reading in 'PartType4/SubGroupNumber' for z = 9.0 using 8 thread(s) took 0.270072s
Reading in 'PartType4/GroupNumber' for z = 10.0 using 8 thread(s) took 0.286896s
Reading in 'PartType4/SubGroupNumber' for z = 10.0 using 8 thread(s) took 0.259122s
Reading in 'PartType4/ParticleIDs' for z = 10.0 using 8 thread(s) took 0.258553s
Reading in 'PartType4/GroupNumber' for z = 8.0 using 8 thread(s) took 0.288543s
Reading in 'PartType4/SubGroupNumber' for z = 8.0 using 8 thread(s) took 0.367737s
Reading in 'PartType4/ParticleIDs' for z = 8.0 using 8 thread(s) took 0.488765s
Graph progress:  0 % 14228.0
Graph progress:  1 % 59.00013
Graph progress:  2 % 56126.0
Graph progress:  3 % 19166.0
Graph progress:  4 % 7536.0
Graph progress:  5 % 1763.0
Graph progress:  6 % 8272.0
Graph progress:  7 % 1323.0
Graph progress:  8 % 2292.00001
Graph progress:  9 % 24560.0
Graph progress:  10 % 11191.0
Graph progress:  11 % 6964.0
Graph progress:  12 % 1743.00002
Graph progress:  13 % 184.00006
Graph progress:  14 % 15338.0
Graph progress:  15 % 7000.0
Graph progress:  16 % 97.00003
Graph progress:  17 % 23448.0
Graph progress:  18 % 28650.0
Graph progress:  19 % 34624.0
Graph progress:  20 % 18409.0
Graph progress:  21 % 1330.0
Graph progress:  22 % 1837.0
Graph progress:  23 % 1979.00001
Graph progress:  24 % 2597.0
Graph progress:  25 % 20662.0
Graph progress:  26 % 14098.00001
Graph progress:  27 % 10966.0
Graph progress:  28 % 19551.0
Graph progress:  29 % 708.00002
Graph progress:  30 % 9089.0
Graph progress:  31 % 1589.00004
Graph progress:  32 % 2229.00002
Graph progress:  33 % 11915.0
Graph progress:  34 % 4800.00001
Graph progress:  35 % 31315.0
Graph progress:  36 % 41448.0
Graph progress:  37 % 2341.00004
Graph progress:  38 % 4918.00001
Graph progress:  39 % 4296.00001
Graph progress:  40 % 28727.0
Graph progress:  41 % 24917.0
Graph progress:  42 % 6504.0
Graph progress:  43 % 15547.0
Graph progress:  44 % 6885.0
Graph progress:  45 % 1180.00002
Graph progress:  46 % 26787.0
Graph progress:  47 % 2545.0
Graph progress:  48 % 1350.00002
Graph progress:  49 % 737.0
Graph progress:  50 % 1156.0
Graph progress:  51 % 2208.00002
Graph progress:  52 % 5362.0
Graph progress:  53 % 4.00026
Graph progress:  54 % 18984.0
Graph progress:  55 % 3021.0
Graph progress:  56 % 16819.0
Graph progress:  57 % 55534.0
Graph progress:  58 % 807.0
Graph progress:  59 % 2942.0
Graph progress:  60 % 7367.0
Graph progress:  61 % 3474.00001
Graph progress:  62 % 6900.0
Graph progress:  63 % 13294.0
Graph progress:  64 % 3805.0
Graph progress:  65 % 5002.0
Graph progress:  66 % 3521.0
Graph progress:  67 % 8.00031
Graph progress:  68 % 18091.0
Graph progress:  69 % 897.0
Graph progress:  70 % 32170.0
Graph progress:  71 % 91.00004
Graph progress:  72 % 1055.0
Graph progress:  73 % 540.0
Graph progress:  74 % 15488.0
Graph progress:  75 % 6252.0
Graph progress:  76 % 12747.0
Graph progress:  77 % 32246.0
Graph progress:  78 % 6063.0
Graph progress:  79 % 6570.00001
Graph progress:  80 % 2402.00001
Graph progress:  81 % 21.00002
Graph progress:  82 % 29598.0
Graph progress:  83 % 4110.00001
Graph progress:  84 % 3782.0
Graph progress:  85 % 9289.0
Graph progress:  86 % 3.00056
Graph progress:  87 % 23991.0
Graph progress:  88 % 30986.0
Graph progress:  89 % 4433.0
Graph progress:  90 % 854.00002
Graph progress:  91 % 15375.0
Graph progress:  92 % 704.0
Graph progress:  93 % 2703.0
Graph progress:  94 % 24988.0
Graph progress:  95 % 94.00007
Graph progress:  96 % 27418.0
Graph progress:  97 % 19056.0
Graph progress:  98 % 16904.0
Graph progress:  99 % 382.00001
Processed 24749 halos in snapshot 006_z009p000 of particle type 4
Reading in 'PartType5/ParticleIDs' for z = 9.0 using 8 thread(s) took 0.257722s
Reading in 'PartType5/ParticleIDs' for z = 10.0 using 8 thread(s) took 0.27414s
Reading in 'Subhalo/SubGroupNumber' for z = 10.0 using 8 thread(s) took 0.320558s
Reading in 'Subhalo/GroupNumber' for z = 10.0 using 8 thread(s) took 0.305202s
Reading in 'Subhalo/ApertureMeasurements/Mass/030kpc' for z = 10.0 using 8 thread(s) took 0.349242s
Reading in 'PartType5/Mass' for z = 10.0 using 8 thread(s) took 0.269681s
Reading in 'PartType5/ParticleIDs' for z = 8.0 using 8 thread(s) took 2.982078s
Reading in 'Subhalo/SubGroupNumber' for z = 8.0 using 8 thread(s) took 0.357014s
Reading in 'Subhalo/GroupNumber' for z = 8.0 using 8 thread(s) took 0.331846s
Reading in 'Subhalo/ApertureMeasurements/Mass/030kpc' for z = 8.0 using 8 thread(s) took 0.359482s
Reading in 'PartType5/Mass' for z = 8.0 using 8 thread(s) took 1.771656s
Reading in 'PartType5/ParticleIDs' for z = 9.0 using 8 thread(s) took 0.267979s
Reading in 'PartType5/GroupNumber' for z = 9.0 using 8 thread(s) took 0.272694s
Reading in 'PartType5/SubGroupNumber' for z = 9.0 using 8 thread(s) took 0.270249s
Reading in 'PartType5/GroupNumber' for z = 10.0 using 8 thread(s) took 0.272302s
Reading in 'PartType5/SubGroupNumber' for z = 10.0 using 8 thread(s) took 0.275387s
Reading in 'PartType5/ParticleIDs' for z = 10.0 using 8 thread(s) took 0.298581s
Reading in 'PartType5/GroupNumber' for z = 8.0 using 8 thread(s) took 0.367617s
Reading in 'PartType5/SubGroupNumber' for z = 8.0 using 8 thread(s) took 0.305539s
Reading in 'PartType5/ParticleIDs' for z = 8.0 using 8 thread(s) took 0.285128s
Graph progress:  0 % 192.0
Graph progress:  1 % 65.00002
Graph progress:  2 % 1373.0
Graph progress:  3 % 65.00016
Graph progress:  4 % 557.00001
Graph progress:  5 % 539.0
Graph progress:  6 % 738.0
Graph progress:  7 % 152.00001
Graph progress:  8 % 4232.0
Graph progress:  9 % 858.0
Graph progress:  10 % 1743.00002
Graph progress:  11 % 1276.00002
Graph progress:  12 % 467.0
Graph progress:  13 % 331.0
Graph progress:  14 % 754.0
Graph progress:  15 % 214.0
Graph progress:  16 % 44.0
Graph progress:  17 % 217.0
Graph progress:  18 % 700.00002
Graph progress:  19 % 1567.00001
Graph progress:  20 % 40.00001
Graph progress:  21 % 415.0
Graph progress:  22 % 1111.00001
Graph progress:  23 % 1409.0
Graph progress:  24 % 27.00003
Graph progress:  25 % 546.0
Graph progress:  26 % 79.00001
Graph progress:  27 % 92.0
Graph progress:  28 % 114.00006
Graph progress:  29 % 552.00001
Graph progress:  30 % 1655.0
Graph progress:  31 % 114.00007
Graph progress:  32 % 249.00004
Graph progress:  33 % 147.0
Graph progress:  34 % 658.00003
Graph progress:  35 % 548.0
Graph progress:  36 % 623.0
Graph progress:  37 % 228.0
Graph progress:  38 % 532.0
Graph progress:  39 % 647.00002
Graph progress:  40 % 252.00008
Graph progress:  41 % 410.0
Graph progress:  42 % 575.0
Graph progress:  43 % 414.0
Graph progress:  44 % 2480.00001
Graph progress:  45 % 596.00002
Graph progress:  46 % 568.00005
Graph progress:  47 % 189.0
Graph progress:  48 % 109.0
Graph progress:  49 % 126.0
Graph progress:  50 % 685.00001
Graph progress:  51 % 941.00002
Graph progress:  52 % 807.00001
Graph progress:  53 % 33.00001
Graph progress:  54 % 990.00001
Graph progress:  55 % 466.0
Graph progress:  56 % 957.0
Graph progress:  57 % 404.00006
Graph progress:  58 % 388.00001
Graph progress:  59 % 386.00004
Graph progress:  60 % 387.00002
Graph progress:  61 % 230.0
Graph progress:  62 % 400.0
Graph progress:  63 % 22251.0
Graph progress:  64 % 464.00005
Graph progress:  65 % 377.00003
Graph progress:  66 % 444.00001
Graph progress:  67 % 886.00001
Graph progress:  68 % 707.0
Graph progress:  69 % 9.0
Graph progress:  70 % 25.00016
Graph progress:  71 % 20.00016
Graph progress:  72 % 421.0
Graph progress:  73 % 509.0
Graph progress:  74 % 75.00015
Graph progress:  75 % 105.0
Graph progress:  76 % 68.00007
Graph progress:  77 % 29.00001
Graph progress:  78 % 55.0
Graph progress:  79 % 158.0
Graph progress:  80 % 12.00003
Graph progress:  81 % 75.00013
Graph progress:  82 % 408.00002
Graph progress:  83 % 429.00002
Graph progress:  84 % 677.00003
Graph progress:  85 % 17.0
Graph progress:  86 % 201.0
Graph progress:  87 % 531.0
Graph progress:  88 % 1058.00001
Graph progress:  89 % 630.0
Graph progress:  90 % 286.0
Graph progress:  91 % 72.00008
Graph progress:  92 % 488.00003
Graph progress:  93 % 1501.0
Graph progress:  94 % 371.0
Graph progress:  95 % 50.00004
Graph progress:  96 % 1357.0
Graph progress:  97 % 330.0
Graph progress:  98 % 460.0
Graph progress:  99 % 232.00001
Processed 1371 halos in snapshot 006_z009p000 of particle type 5
Reading in 'PartType0/ParticleIDs' for z = 9.0 using 8 thread(s) took 9.406562s
Reading in 'PartType0/ParticleIDs' for z = 10.0 using 8 thread(s) took 9.562774s
Reading in 'Subhalo/SubGroupNumber' for z = 10.0 using 8 thread(s) took 0.414573s
Reading in 'Subhalo/GroupNumber' for z = 10.0 using 8 thread(s) took 0.36822s
Reading in 'Subhalo/ApertureMeasurements/Mass/030kpc' for z = 10.0 using 8 thread(s) took 0.403215s
Reading in 'PartType0/Mass' for z = 10.0 using 8 thread(s) took 0.432315s
Reading in 'PartType0/ParticleIDs' for z = 8.0 using 8 thread(s) took 11.631949s
Reading in 'Subhalo/SubGroupNumber' for z = 8.0 using 8 thread(s) took 0.488277s
Reading in 'Subhalo/GroupNumber' for z = 8.0 using 8 thread(s) took 0.439119s
Reading in 'Subhalo/ApertureMeasurements/Mass/030kpc' for z = 8.0 using 8 thread(s) took 0.469697s
Reading in 'PartType0/Mass' for z = 8.0 using 8 thread(s) took 0.821744s
Reading in 'PartType0/ParticleIDs' for z = 9.0 using 8 thread(s) took 0.677726s
Reading in 'PartType0/GroupNumber' for z = 9.0 using 8 thread(s) took 0.540251s
Reading in 'PartType0/SubGroupNumber' for z = 9.0 using 8 thread(s) took 0.526024s
Reading in 'PartType0/GroupNumber' for z = 10.0 using 8 thread(s) took 0.489527s
Reading in 'PartType0/SubGroupNumber' for z = 10.0 using 8 thread(s) took 0.466536s
Reading in 'PartType0/ParticleIDs' for z = 10.0 using 8 thread(s) took 0.582844s
Reading in 'PartType0/GroupNumber' for z = 8.0 using 8 thread(s) took 0.774794s
Reading in 'PartType0/SubGroupNumber' for z = 8.0 using 8 thread(s) took 0.707974s
Reading in 'PartType0/ParticleIDs' for z = 8.0 using 8 thread(s) took 1.115636s
Graph progress:  0 % 1580.0
Graph progress:  1 % 39463.0
Graph progress:  2 % 95652.0
Graph progress:  3 % 44213.0
Graph progress:  4 % 96822.0
Graph progress:  5 % 97660.0
Graph progress:  6 % 11969.00003
Graph progress:  7 % 113552.0
Graph progress:  8 % 5170.00001
Graph progress:  9 % 26710.00001
Graph progress:  10 % 12409.0
Graph progress:  11 % 65486.0
Graph progress:  12 % 143021.0
Graph progress:  13 % 142107.0
Graph progress:  14 % 76616.0
Graph progress:  15 % 24536.0
Graph progress:  16 % 93825.0
Graph progress:  17 % 103972.0
Graph progress:  18 % 133370.0
Graph progress:  19 % 97635.0
Graph progress:  20 % 129399.0
Graph progress:  21 % 127208.0
Graph progress:  22 % 142377.0
Graph progress:  23 % 69790.0
Graph progress:  24 % 12230.0
Graph progress:  25 % 456.00003
Graph progress:  26 % 43457.0
Graph progress:  27 % 50652.0
Graph progress:  28 % 18601.0
Graph progress:  29 % 8596.0
Graph progress:  30 % 123583.0
Graph progress:  31 % 9322.0
Graph progress:  32 % 153475.0
Graph progress:  33 % 69207.0
Graph progress:  34 % 118888.0
Graph progress:  35 % 3201.0
Graph progress:  36 % 198.00006
Graph progress:  37 % 27013.0
Graph progress:  38 % 76737.0
Graph progress:  39 % 23650.0
Graph progress:  40 % 87749.0
Graph progress:  41 % 65427.0
Graph progress:  42 % 64192.0
Graph progress:  43 % 78869.0
Graph progress:  44 % 106579.0
Graph progress:  45 % 68243.0
Graph progress:  46 % 44507.0
Graph progress:  47 % 61916.0
Graph progress:  48 % 94879.0
Graph progress:  49 % 69942.0
Graph progress:  50 % 22086.0
Graph progress:  51 % 157502.0
Graph progress:  52 % 157064.0
Graph progress:  53 % 125747.0
Graph progress:  54 % 153816.0
Graph progress:  55 % 46564.0
Graph progress:  56 % 21319.0
Graph progress:  57 % 23010.0
Graph progress:  58 % 103853.0
Graph progress:  59 % 1685.00003
Graph progress:  60 % 8991.00001
Graph progress:  61 % 132838.0
Graph progress:  62 % 82990.0
Graph progress:  63 % 12714.0
Graph progress:  64 % 2335.00002
Graph progress:  65 % 545.00001
Graph progress:  66 % 13745.0
Graph progress:  67 % 88319.0
Graph progress:  68 % 3435.0
Graph progress:  69 % 35972.00001
Graph progress:  70 % 124836.0
Graph progress:  71 % 13552.0
Graph progress:  72 % 123437.0
Graph progress:  73 % 84032.0
Graph progress:  74 % 137737.0
Graph progress:  75 % 142531.0
Graph progress:  76 % 32998.0
Graph progress:  77 % 87325.0
Graph progress:  78 % 8803.00001
Graph progress:  79 % 103862.0
Graph progress:  80 % 107777.0
Graph progress:  81 % 109299.0
Graph progress:  82 % 49831.00001
Graph progress:  83 % 129604.0
Graph progress:  84 % 3481.0
Graph progress:  85 % 111198.0
Graph progress:  86 % 77593.0
Graph progress:  87 % 83094.0
Graph progress:  88 % 18616.0
Graph progress:  89 % 151.00003
Graph progress:  90 % 51219.00001
Graph progress:  91 % 132590.0
Graph progress:  92 % 53343.0
Graph progress:  93 % 11860.00001
Graph progress:  94 % 28964.00001
Graph progress:  95 % 47022.0
Graph progress:  96 % 119483.0
Graph progress:  97 % 139142.0
Graph progress:  98 % 25283.0
Graph progress:  99 % 139031.0
Processed 183580 halos in snapshot 006_z009p000 of particle type 0
Write progress:  0 % 1580.00001
Write progress:  1 % 4684.00001
Write progress:  2 % 4021.00001
Write progress:  3 % 71363.0
Write progress:  4 % 7128.0
Write progress:  5 % 2624.0
Write progress:  6 % 105436.0
Write progress:  7 % 73816.0
Write progress:  8 % 86679.0
Write progress:  9 % 57127.0
Write progress:  10 % 77669.0
Write progress:  11 % 38003.0
Write progress:  12 % 87700.0
Write progress:  13 % 67935.0
Write progress:  14 % 18310.0
Write progress:  15 % 29760.0
Write progress:  16 % 150713.0
Write progress:  17 % 57904.0
Write progress:  18 % 56905.0
Write progress:  19 % 144200.0
Write progress:  20 % 73469.0
Write progress:  21 % 47591.0
Write progress:  22 % 81732.0
Write progress:  23 % 933.0
Write progress:  24 % 4403.00001
Write progress:  25 % 22399.0
Write progress:  26 % 32555.0
Write progress:  27 % 110755.0
Write progress:  28 % 121431.0
Write progress:  29 % 52405.0
Write progress:  30 % 111583.0
Write progress:  31 % 58580.0
Write progress:  32 % 145411.0
Write progress:  33 % 25130.0
Write progress:  34 % 52472.0
Write progress:  35 % 33306.0
Write progress:  36 % 127705.0
Write progress:  37 % 137498.0
Write progress:  38 % 20982.0
Write progress:  39 % 60085.0
Write progress:  40 % 16444.00001
Write progress:  41 % 136071.0
Write progress:  42 % 29810.0
Write progress:  43 % 75343.0
Write progress:  44 % 77496.0
Write progress:  45 % 2788.0
Write progress:  46 % 43571.0
Write progress:  47 % 105137.0
Write progress:  48 % 94879.0
Write progress:  49 % 76369.0
Write progress:  50 % 592.00004
Write progress:  51 % 45321.0
Write progress:  52 % 131654.0
Write progress:  53 % 98512.0
Write progress:  54 % 10048.0
Write progress:  55 % 6059.0
Write progress:  56 % 156643.0
Write progress:  57 % 27580.0
Write progress:  58 % 4762.00001
Write progress:  59 % 125424.0
Write progress:  60 % 98432.0
Write progress:  61 % 117354.0
Write progress:  62 % 35283.0
Write progress:  63 % 38989.0
Write progress:  64 % 154904.0
Write progress:  65 % 71219.0
Write progress:  66 % 63613.0
Write progress:  67 % 87048.0
Write progress:  68 % 3834.00002
Write progress:  69 % 152137.0
Write progress:  70 % 72414.0
Write progress:  71 % 99798.0
Write progress:  72 % 142181.0
Write progress:  73 % 27457.0
Write progress:  74 % 7694.00001
Write progress:  75 % 127309.0
Write progress:  76 % 144395.0
Write progress:  77 % 104065.0
Write progress:  78 % 2446.0
Write progress:  79 % 105445.0
Write progress:  80 % 101085.0
Write progress:  81 % 55483.0
Write progress:  82 % 27382.00001
Write progress:  83 % 110359.0
Write progress:  84 % 152108.0
Write progress:  85 % 29597.0
Write progress:  86 % 101664.0
Write progress:  87 % 145187.0
Write progress:  88 % 141242.0
Write progress:  89 % 32.00013
Write progress:  90 % 16623.0
Write progress:  91 % 25994.0
Write progress:  92 % 107712.0
Write progress:  93 % 34706.0
Write progress:  94 % 4566.00001
Write progress:  95 % 134568.0
Write progress:  96 % 44621.0
Write progress:  97 % 1456.00001
Write progress:  98 % 142942.0
Write progress:  99 % 72164.0
Job done, info follows...
       JobID    JobName  Partition     MaxRSS    Elapsed ExitCode 
------------ ---------- ---------- ---------- ---------- -------- 
2042958_451  MEGA-FLAR+     cosma6              00:39:48      0:0 
2042958_451+     extern                         00:39:48      0:0 
