====
Starting job 2043190 at Thu 23 Apr 23:19:55 BST 2020 for user dc-rope1.
Running on nodes: m6566
====
96
('31', None, '000_z015p000', '001_z014p000')
Reading in 'PartType1/ParticleIDs' for z = 15.0 using 8 thread(s) took 10.312385s
Reading in 'PartType1/ParticleIDs' for z = 15.0 using 8 thread(s) took 2.014626s
Reading in 'PartType1/GroupNumber' for z = 15.0 using 8 thread(s) took 0.095661s
Reading in 'PartType1/SubGroupNumber' for z = 15.0 using 8 thread(s) took 0.069833s
Reading in 'PartType1/GroupNumber' for z = 14.0 using 8 thread(s) took 1.146282s
Reading in 'PartType1/SubGroupNumber' for z = 14.0 using 8 thread(s) took 0.113275s
Reading in 'PartType1/ParticleIDs' for z = 14.0 using 8 thread(s) took 0.093046s
Graph progress:  0 % 226.0
Graph progress:  1 % 92.0
Graph progress:  2 % 345.0
Graph progress:  3 % 452.0
Graph progress:  4 % 79.0
Graph progress:  5 % 167.0
Graph progress:  6 % 237.0
Graph progress:  7 % 289.0
Graph progress:  8 % 256.0
Graph progress:  9 % 41.0
Graph progress:  10 % 154.0
Graph progress:  11 % 307.0
Graph progress:  12 % 379.0
Graph progress:  13 % 203.0
Graph progress:  14 % 191.0
Graph progress:  15 % 455.0
Graph progress:  16 % 319.0
Graph progress:  17 % 276.0
Graph progress:  18 % 107.0
Graph progress:  19 % 102.0
Graph progress:  20 % 127.0
Graph progress:  21 % 153.0
Graph progress:  22 % 31.0
Graph progress:  23 % 181.0
Graph progress:  24 % 68.0
Graph progress:  25 % 362.0
Graph progress:  26 % 492.0
Graph progress:  27 % 320.0
Graph progress:  28 % 393.0
Graph progress:  29 % 337.0
Graph progress:  30 % 158.0
Graph progress:  31 % 290.0
Graph progress:  32 % 264.0
Graph progress:  33 % 254.0
Graph progress:  34 % 20.0
Graph progress:  35 % 250.0
Graph progress:  36 % 450.0
Graph progress:  37 % 159.0
Graph progress:  38 % 373.0
Graph progress:  39 % 259.0
Graph progress:  40 % 292.0
Graph progress:  41 % 108.0
Graph progress:  42 % 211.0
Graph progress:  43 % 357.0
Graph progress:  44 % 124.0
Graph progress:  45 % 496.0
Graph progress:  46 % 137.0
Graph progress:  47 % 331.0
Graph progress:  48 % 87.0
Graph progress:  49 % 294.0
Graph progress:  50 % 9.0
Graph progress:  51 % 75.0
Graph progress:  52 % 7.0
Graph progress:  53 % 287.0
Graph progress:  54 % 460.0
Graph progress:  55 % 188.0
Graph progress:  56 % 359.0
Graph progress:  57 % 207.0
Graph progress:  58 % 280.0
Graph progress:  59 % 433.0
Graph progress:  60 % 128.0
Graph progress:  61 % 349.0
Graph progress:  62 % 305.0
Graph progress:  63 % 324.0
Graph progress:  64 % 15.0
Graph progress:  65 % 239.0
Graph progress:  66 % 152.0
Graph progress:  67 % 245.0
Graph progress:  68 % 249.0
Graph progress:  69 % 47.0
Graph progress:  70 % 341.0
Graph progress:  71 % 64.0
Graph progress:  72 % 120.0
Graph progress:  73 % 435.0
Graph progress:  74 % 293.0
Graph progress:  75 % 376.0
Graph progress:  76 % 66.0
Graph progress:  77 % 25.0
Graph progress:  78 % 28.00002
Graph progress:  79 % 368.0
Graph progress:  80 % 258.0
Graph progress:  81 % 458.0
Graph progress:  82 % 453.0
Graph progress:  83 % 85.0
Graph progress:  84 % 273.0
Graph progress:  85 % 500.0
Graph progress:  86 % 457.0
Graph progress:  87 % 253.0
Graph progress:  88 % 184.0
Graph progress:  89 % 464.0
Graph progress:  90 % 415.0
Graph progress:  91 % 473.0
Graph progress:  92 % 439.0
Graph progress:  93 % 180.0
Graph progress:  94 % 11.0
Graph progress:  95 % 67.0
Graph progress:  96 % 375.0
Graph progress:  97 % 424.0
Graph progress:  98 % 325.0
Graph progress:  99 % 189.0
Processed 520 halos in snapshot 000_z015p000 of particle type 1
Reading in 'PartType4/ParticleIDs' for z = 15.0 using 8 thread(s) took 0.579053s
Reading in 'PartType4/ParticleIDs' for z = 14.0 using 8 thread(s) took 0.875802s
Reading in 'Subhalo/SubGroupNumber' for z = 14.0 using 8 thread(s) took 2.669231s
Reading in 'Subhalo/GroupNumber' for z = 14.0 using 8 thread(s) took 0.151401s
Reading in 'Subhalo/ApertureMeasurements/Mass/030kpc' for z = 14.0 using 8 thread(s) took 0.103297s
Reading in 'PartType4/Mass' for z = 14.0 using 8 thread(s) took 0.355241s
Reading in 'PartType4/ParticleIDs' for z = 15.0 using 8 thread(s) took 0.120946s
Reading in 'PartType4/GroupNumber' for z = 15.0 using 8 thread(s) took 0.073763s
Reading in 'PartType4/SubGroupNumber' for z = 15.0 using 8 thread(s) took 0.056629s
Reading in 'PartType4/GroupNumber' for z = 14.0 using 8 thread(s) took 0.059775s
Reading in 'PartType4/SubGroupNumber' for z = 14.0 using 8 thread(s) took 0.060056s
Reading in 'PartType4/ParticleIDs' for z = 14.0 using 8 thread(s) took 0.085505s
Graph progress:  0 % 36.0
Graph progress:  7 % 31.0
Graph progress:  14 % 38.0
Graph progress:  21 % 2.0
Graph progress:  28 % 8.0
Graph progress:  35 % 1.0
Graph progress:  42 % 37.0
Graph progress:  50 % 7.0
Graph progress:  57 % 3.0
Graph progress:  64 % 17.0
Graph progress:  71 % 22.0
Graph progress:  78 % 129.0
Graph progress:  85 % 40.0
Graph progress:  92 % 11.0
Processed 14 halos in snapshot 000_z015p000 of particle type 4
Reading in 'PartType5/ParticleIDs' for z = 15.0 using 8 thread(s) took 0.060867s
Reading in 'PartType5/ParticleIDs' for z = 14.0 using 8 thread(s) took 0.05591s
Reading in 'Subhalo/SubGroupNumber' for z = 14.0 using 8 thread(s) took 0.099026s
Reading in 'Subhalo/GroupNumber' for z = 14.0 using 8 thread(s) took 0.093857s
Reading in 'Subhalo/ApertureMeasurements/Mass/030kpc' for z = 14.0 using 8 thread(s) took 0.098336s
Reading in 'PartType5/Mass' for z = 14.0 using 8 thread(s) took 0.055016s
Reading in 'PartType5/ParticleIDs' for z = 15.0 using 8 thread(s) took 0.058454s
Reading in 'PartType5/GroupNumber' for z = 15.0 using 8 thread(s) took 0.06168s
Reading in 'PartType5/SubGroupNumber' for z = 15.0 using 8 thread(s) took 0.066114s
Reading in 'PartType5/GroupNumber' for z = 14.0 using 8 thread(s) took 0.061375s
Reading in 'PartType5/SubGroupNumber' for z = 14.0 using 8 thread(s) took 0.060364s
Reading in 'PartType5/ParticleIDs' for z = 14.0 using 8 thread(s) took 0.064377s
Processed 0 halos in snapshot 000_z015p000 of particle type 5
Reading in 'PartType0/ParticleIDs' for z = 15.0 using 8 thread(s) took 8.282479s
Reading in 'PartType0/ParticleIDs' for z = 14.0 using 8 thread(s) took 8.441304s
Reading in 'Subhalo/SubGroupNumber' for z = 14.0 using 8 thread(s) took 0.153003s
Reading in 'Subhalo/GroupNumber' for z = 14.0 using 8 thread(s) took 0.123257s
Reading in 'Subhalo/ApertureMeasurements/Mass/030kpc' for z = 14.0 using 8 thread(s) took 0.125164s
Reading in 'PartType0/Mass' for z = 14.0 using 8 thread(s) took 0.325707s
Reading in 'PartType0/ParticleIDs' for z = 15.0 using 8 thread(s) took 0.514131s
Reading in 'PartType0/GroupNumber' for z = 15.0 using 8 thread(s) took 0.167671s
Reading in 'PartType0/SubGroupNumber' for z = 15.0 using 8 thread(s) took 0.130294s
Reading in 'PartType0/GroupNumber' for z = 14.0 using 8 thread(s) took 0.130131s
Reading in 'PartType0/SubGroupNumber' for z = 14.0 using 8 thread(s) took 0.13554s
Reading in 'PartType0/ParticleIDs' for z = 14.0 using 8 thread(s) took 0.497765s
Graph progress:  0 % 226.0
Graph progress:  1 % 92.0
Graph progress:  2 % 345.0
Graph progress:  3 % 452.0
Graph progress:  4 % 79.0
Graph progress:  5 % 167.0
Graph progress:  6 % 136.0
Graph progress:  7 % 240.0
Graph progress:  8 % 26.0
Graph progress:  9 % 454.0
Graph progress:  10 % 491.0
Graph progress:  11 % 307.0
Graph progress:  12 % 394.0
Graph progress:  13 % 242.0
Graph progress:  14 % 498.0
Graph progress:  15 % 455.0
Graph progress:  16 % 319.0
Graph progress:  17 % 111.0
Graph progress:  18 % 107.0
Graph progress:  19 % 102.0
Graph progress:  20 % 50.0
Graph progress:  21 % 153.0
Graph progress:  22 % 13.0
Graph progress:  23 % 311.0
Graph progress:  24 % 112.0
Graph progress:  25 % 308.0
Graph progress:  26 % 243.0
Graph progress:  27 % 479.0
Graph progress:  28 % 390.0
Graph progress:  29 % 312.0
Graph progress:  30 % 456.0
Graph progress:  31 % 84.0
Graph progress:  32 % 264.0
Graph progress:  33 % 501.0
Graph progress:  34 % 20.00001
Graph progress:  35 % 157.0
Graph progress:  36 % 205.0
Graph progress:  37 % 4.00002
Graph progress:  38 % 423.0
Graph progress:  39 % 450.0
Graph progress:  40 % 18.0
Graph progress:  41 % 147.00001
Graph progress:  42 % 372.0
Graph progress:  43 % 194.0
Graph progress:  44 % 367.0
Graph progress:  45 % 88.0
Graph progress:  46 % 137.0
Graph progress:  47 % 165.0
Graph progress:  48 % 209.0
Graph progress:  49 % 210.0
Graph progress:  50 % 14.0
Graph progress:  51 % 478.0
Graph progress:  52 % 24.0
Graph progress:  53 % 208.0
Graph progress:  54 % 122.0
Graph progress:  55 % 60.0
Graph progress:  56 % 381.0
Graph progress:  57 % 408.0
Graph progress:  58 % 76.00001
Graph progress:  59 % 21.0
Graph progress:  60 % 270.0
Graph progress:  61 % 422.0
Graph progress:  62 % 265.0
Graph progress:  63 % 285.0
Graph progress:  64 % 421.0
Graph progress:  65 % 53.0
Graph progress:  66 % 229.0
Graph progress:  67 % 245.0
Graph progress:  68 % 249.0
Graph progress:  69 % 48.0
Graph progress:  70 % 109.0
Graph progress:  71 % 134.0
Graph progress:  72 % 384.0
Graph progress:  73 % 238.0
Graph progress:  74 % 502.0
Graph progress:  75 % 326.0
Graph progress:  76 % 485.0
Graph progress:  77 % 25.0
Graph progress:  78 % 28.0
Graph progress:  79 % 130.0
Graph progress:  80 % 430.0
Graph progress:  81 % 263.0
Graph progress:  82 % 354.0
Graph progress:  83 % 72.0
Graph progress:  84 % 235.0
Graph progress:  85 % 429.0
Graph progress:  86 % 457.0
Graph progress:  87 % 493.0
Graph progress:  88 % 438.0
Graph progress:  89 % 369.0
Graph progress:  90 % 100.0
Graph progress:  91 % 380.0
Graph progress:  92 % 335.0
Graph progress:  93 % 413.0
Graph progress:  94 % 11.0
Graph progress:  95 % 232.0
Graph progress:  96 % 225.0
Graph progress:  97 % 399.0
Graph progress:  98 % 150.0
Graph progress:  99 % 104.0
Processed 522 halos in snapshot 000_z015p000 of particle type 0
Write progress:  0 % 226.0
Write progress:  1 % 92.0
Write progress:  2 % 345.0
Write progress:  3 % 452.0
Write progress:  4 % 79.0
Write progress:  5 % 167.0
Write progress:  6 % 237.0
Write progress:  7 % 289.0
Write progress:  8 % 256.0
Write progress:  9 % 41.0
Write progress:  10 % 154.0
Write progress:  11 % 307.0
Write progress:  12 % 379.0
Write progress:  13 % 203.0
Write progress:  14 % 191.0
Write progress:  15 % 455.0
Write progress:  16 % 319.0
Write progress:  17 % 276.0
Write progress:  18 % 107.0
Write progress:  19 % 102.0
Write progress:  20 % 127.0
Write progress:  21 % 153.0
Write progress:  22 % 31.0
Write progress:  23 % 181.0
Write progress:  24 % 68.0
Write progress:  25 % 362.0
Write progress:  26 % 492.0
Write progress:  27 % 320.0
Write progress:  28 % 393.0
Write progress:  29 % 337.0
Write progress:  30 % 158.0
Write progress:  31 % 290.0
Write progress:  32 % 264.0
Write progress:  33 % 254.0
Write progress:  34 % 20.0
Write progress:  35 % 250.0
Write progress:  36 % 450.0
Write progress:  37 % 159.0
Write progress:  38 % 373.0
Write progress:  39 % 259.0
Write progress:  40 % 292.0
Write progress:  41 % 108.0
Write progress:  42 % 211.0
Write progress:  43 % 357.0
Write progress:  44 % 124.0
Write progress:  45 % 496.0
Write progress:  46 % 137.0
Write progress:  47 % 331.0
Write progress:  48 % 87.0
Write progress:  49 % 294.0
Write progress:  50 % 9.0
Write progress:  51 % 75.0
Write progress:  52 % 7.0
Write progress:  53 % 287.0
Write progress:  54 % 460.0
Write progress:  55 % 188.0
Write progress:  56 % 359.0
Write progress:  57 % 207.0
Write progress:  58 % 280.0
Write progress:  59 % 433.0
Write progress:  60 % 128.0
Write progress:  61 % 349.0
Write progress:  62 % 305.0
Write progress:  63 % 324.0
Write progress:  64 % 15.0
Write progress:  65 % 239.0
Write progress:  66 % 152.0
Write progress:  67 % 245.0
Write progress:  68 % 249.0
Write progress:  69 % 47.0
Write progress:  70 % 341.0
Write progress:  71 % 64.0
Write progress:  72 % 120.0
Write progress:  73 % 435.0
Write progress:  74 % 293.0
Write progress:  75 % 376.0
Write progress:  76 % 66.0
Write progress:  77 % 25.0
Write progress:  78 % 28.00002
Write progress:  79 % 368.0
Write progress:  80 % 258.0
Write progress:  81 % 458.0
Write progress:  82 % 453.0
Write progress:  83 % 85.0
Write progress:  84 % 273.0
Write progress:  85 % 500.0
Write progress:  86 % 457.0
Write progress:  87 % 253.0
Write progress:  88 % 184.0
Write progress:  89 % 464.0
Write progress:  90 % 415.0
Write progress:  91 % 473.0
Write progress:  92 % 439.0
Write progress:  93 % 180.0
Write progress:  94 % 11.0
Write progress:  95 % 67.0
Write progress:  96 % 375.0
Write progress:  97 % 424.0
Write progress:  98 % 325.0
Write progress:  99 % 189.0
Job done, info follows...
       JobID    JobName  Partition     MaxRSS    Elapsed ExitCode 
------------ ---------- ---------- ---------- ---------- -------- 
2042958_97   MEGA-FLAR+     cosma6              00:01:45      0:0 
2042958_97.+     extern                         00:01:45      0:0 
