====
Starting job 2043595 at Fri 24 Apr 02:53:50 BST 2020 for user dc-rope1.
Running on nodes: m6308
====
455
('02', '010_z005p000', '011_z004p770', None)
Reading in 'PartType1/ParticleIDs' for z = 4.77 using 8 thread(s) took 10.274242s
Reading in 'PartType1/ParticleIDs' for z = 4.77 using 8 thread(s) took 5.980182s
Reading in 'PartType1/GroupNumber' for z = 4.77 using 8 thread(s) took 2.624854s
Reading in 'PartType1/SubGroupNumber' for z = 4.77 using 8 thread(s) took 2.412465s
Reading in 'PartType1/GroupNumber' for z = 5.0 using 8 thread(s) took 3.323756s
Reading in 'PartType1/SubGroupNumber' for z = 5.0 using 8 thread(s) took 2.877005s
Reading in 'PartType1/ParticleIDs' for z = 5.0 using 8 thread(s) took 4.846002s
Graph progress:  0 % 96654.0
Graph progress:  1 % 36701.0
Graph progress:  2 % 85635.0
Graph progress:  3 % 333812.0
Graph progress:  4 % 214530.0
Graph progress:  5 % 190559.0
Graph progress:  6 % 329776.0
Graph progress:  7 % 336130.0
Graph progress:  8 % 262293.0
Graph progress:  9 % 28267.00001
Graph progress:  10 % 212479.0
Graph progress:  11 % 132336.0
Graph progress:  12 % 205.00024
Graph progress:  13 % 155531.0
Graph progress:  14 % 320102.0
Graph progress:  15 % 286001.0
Graph progress:  16 % 97297.0
Graph progress:  17 % 103400.0
Graph progress:  18 % 524.00021
Graph progress:  19 % 242765.0
Graph progress:  20 % 52228.0
Graph progress:  21 % 336071.0
Graph progress:  22 % 104866.0
Graph progress:  23 % 346262.0
Graph progress:  24 % 2365.00009
Graph progress:  25 % 320062.0
Graph progress:  26 % 143685.0
Graph progress:  27 % 220.00011
Graph progress:  28 % 156547.00001
Graph progress:  29 % 174329.0
Graph progress:  30 % 84597.0
Graph progress:  31 % 142245.0
Graph progress:  32 % 285869.0
Graph progress:  33 % 53141.00001
Graph progress:  34 % 235930.0
Graph progress:  35 % 168053.0
Graph progress:  36 % 2934.00005
Graph progress:  37 % 737.00003
Graph progress:  38 % 136832.0
Graph progress:  39 % 1637.00002
Graph progress:  40 % 104503.0
Graph progress:  41 % 18525.00003
Graph progress:  42 % 40885.0
Graph progress:  43 % 288980.0
Graph progress:  44 % 2089.00004
Graph progress:  45 % 15833.00003
Graph progress:  46 % 4962.00001
Graph progress:  47 % 12.00103
Graph progress:  48 % 324717.0
Graph progress:  49 % 147014.0
Graph progress:  50 % 597.00028
Graph progress:  51 % 72655.0
Graph progress:  52 % 60274.0
Graph progress:  53 % 70499.0
Graph progress:  54 % 236964.0
Graph progress:  55 % 22728.0
Graph progress:  56 % 274219.0
Graph progress:  57 % 97130.00001
Graph progress:  58 % 19395.0
Graph progress:  59 % 5918.00002
Graph progress:  60 % 1764.00006
Graph progress:  61 % 169844.0
Graph progress:  62 % 260178.0
Graph progress:  63 % 31902.00001
Graph progress:  64 % 12666.00001
Graph progress:  65 % 354363.0
Graph progress:  66 % 53316.00001
Graph progress:  67 % 247215.0
Graph progress:  68 % 311202.0
Graph progress:  69 % 170963.0
Graph progress:  70 % 7249.00003
Graph progress:  71 % 89608.0
Graph progress:  72 % 45311.0
Graph progress:  73 % 122134.00001
Graph progress:  74 % 1.00403
Graph progress:  75 % 301118.0
Graph progress:  76 % 194254.0
Graph progress:  77 % 21708.00001
Graph progress:  78 % 67741.0
Graph progress:  79 % 66970.0
Graph progress:  80 % 186605.0
Graph progress:  81 % 149487.0
Graph progress:  82 % 307455.0
Graph progress:  83 % 22526.0
Graph progress:  84 % 121899.0
Graph progress:  85 % 241727.0
Graph progress:  86 % 198877.0
Graph progress:  87 % 315978.0
Graph progress:  88 % 9169.00001
Graph progress:  89 % 87947.0
Graph progress:  90 % 42324.0
Graph progress:  91 % 357357.0
Graph progress:  92 % 109341.0
Graph progress:  93 % 162371.0
Graph progress:  94 % 173608.0
Graph progress:  95 % 71037.0
Graph progress:  96 % 184054.0
Graph progress:  97 % 67508.0
Graph progress:  98 % 144365.0
Graph progress:  99 % 115024.0
Processed 421025 halos in snapshot 011_z004p770 of particle type 1
Reading in 'PartType4/ParticleIDs' for z = 4.77 using 8 thread(s) took 1.785048s
Reading in 'PartType4/ParticleIDs' for z = 5.0 using 8 thread(s) took 1.33203s
Reading in 'Subhalo/SubGroupNumber' for z = 5.0 using 8 thread(s) took 1.277898s
Reading in 'Subhalo/GroupNumber' for z = 5.0 using 8 thread(s) took 0.927665s
Reading in 'Subhalo/ApertureMeasurements/Mass/030kpc' for z = 5.0 using 8 thread(s) took 0.975438s
Reading in 'PartType4/Mass' for z = 5.0 using 8 thread(s) took 1.11924s
Reading in 'PartType4/ParticleIDs' for z = 4.77 using 8 thread(s) took 2.487766s
Reading in 'PartType4/GroupNumber' for z = 4.77 using 8 thread(s) took 1.30109s
Reading in 'PartType4/SubGroupNumber' for z = 4.77 using 8 thread(s) took 1.259886s
Reading in 'PartType4/GroupNumber' for z = 5.0 using 8 thread(s) took 0.91803s
Reading in 'PartType4/SubGroupNumber' for z = 5.0 using 8 thread(s) took 0.972423s
Reading in 'PartType4/ParticleIDs' for z = 5.0 using 8 thread(s) took 1.194359s
Graph progress:  0 % 20.0
Graph progress:  1 % 115399.0
Graph progress:  2 % 10904.00002
Graph progress:  3 % 9640.0
Graph progress:  4 % 28386.0
Graph progress:  5 % 1152.00013
Graph progress:  6 % 1122.00002
Graph progress:  7 % 33879.0
Graph progress:  8 % 563.00009
Graph progress:  9 % 55765.0
Graph progress:  10 % 795.00001
Graph progress:  11 % 70920.0
Graph progress:  12 % 19229.0
Graph progress:  13 % 94062.0
Graph progress:  14 % 26712.0
Graph progress:  15 % 1503.0
Graph progress:  16 % 16802.0
Graph progress:  17 % 12855.00001
Graph progress:  18 % 2940.00006
Graph progress:  19 % 59035.0
Graph progress:  20 % 77086.0
Graph progress:  21 % 25583.0
Graph progress:  22 % 7798.00001
Graph progress:  23 % 19630.0
Graph progress:  24 % 9228.0
Graph progress:  25 % 22195.00001
Graph progress:  26 % 9973.00001
Graph progress:  27 % 103880.0
Graph progress:  28 % 41808.0
Graph progress:  29 % 67250.0
Graph progress:  30 % 157.00013
Graph progress:  31 % 1249.00006
Graph progress:  32 % 3980.00003
Graph progress:  33 % 1274.00005
Graph progress:  34 % 10066.00001
Graph progress:  35 % 1850.00002
Graph progress:  36 % 19711.0
Graph progress:  37 % 17834.0
Graph progress:  38 % 112570.0
Graph progress:  39 % 6532.00001
Graph progress:  40 % 2286.00005
Graph progress:  41 % 30621.0
Graph progress:  42 % 111147.0
Graph progress:  43 % 101930.0
Graph progress:  44 % 52330.0
Graph progress:  45 % 4618.0
Graph progress:  46 % 10869.0
Graph progress:  47 % 3645.00001
Graph progress:  48 % 37407.0
Graph progress:  49 % 10612.0
Graph progress:  50 % 579.00022
Graph progress:  51 % 11914.0
Graph progress:  52 % 84534.0
Graph progress:  53 % 11736.00001
Graph progress:  54 % 8238.00002
Graph progress:  55 % 79564.0
Graph progress:  56 % 444.0001
Graph progress:  57 % 76441.0
Graph progress:  58 % 1250.00001
Graph progress:  59 % 937.00007
Graph progress:  60 % 33274.0
Graph progress:  61 % 134.00005
Graph progress:  62 % 9609.0
Graph progress:  63 % 8671.00001
Graph progress:  64 % 86650.0
Graph progress:  65 % 18224.0
Graph progress:  66 % 47834.00001
Graph progress:  67 % 86686.0
Graph progress:  68 % 64823.0
Graph progress:  69 % 108313.0
Graph progress:  70 % 2433.00005
Graph progress:  71 % 327.00012
Graph progress:  72 % 145220.0
Graph progress:  73 % 50332.0
Graph progress:  74 % 8018.0
Graph progress:  75 % 2279.0
Graph progress:  76 % 53859.0
Graph progress:  77 % 888.00003
Graph progress:  78 % 13395.00002
Graph progress:  79 % 4930.00001
Graph progress:  80 % 31804.0
Graph progress:  81 % 167206.0
Graph progress:  82 % 237.0001
Graph progress:  83 % 11045.0
Graph progress:  84 % 97409.0
Graph progress:  85 % 16902.00001
Graph progress:  86 % 16975.0
Graph progress:  87 % 67109.0
Graph progress:  88 % 15771.00001
Graph progress:  89 % 1951.0
Graph progress:  90 % 13210.00002
Graph progress:  91 % 15399.0
Graph progress:  92 % 18436.00001
Graph progress:  93 % 23556.0
Graph progress:  94 % 63739.0
Graph progress:  95 % 9608.00004
Graph progress:  96 % 20082.0
Graph progress:  97 % 37673.0
Graph progress:  98 % 135361.0
Graph progress:  99 % 1497.00006
Processed 87531 halos in snapshot 011_z004p770 of particle type 4
Reading in 'PartType5/ParticleIDs' for z = 4.77 using 8 thread(s) took 2.899576s
Reading in 'PartType5/ParticleIDs' for z = 5.0 using 8 thread(s) took 0.946077s
Reading in 'Subhalo/SubGroupNumber' for z = 5.0 using 8 thread(s) took 0.99009s
Reading in 'Subhalo/GroupNumber' for z = 5.0 using 8 thread(s) took 0.951626s
Reading in 'Subhalo/ApertureMeasurements/Mass/030kpc' for z = 5.0 using 8 thread(s) took 0.98609s
Reading in 'PartType5/Mass' for z = 5.0 using 8 thread(s) took 0.903904s
Reading in 'PartType5/ParticleIDs' for z = 4.77 using 8 thread(s) took 5.075297s
Reading in 'PartType5/GroupNumber' for z = 4.77 using 8 thread(s) took 1.589882s
Reading in 'PartType5/SubGroupNumber' for z = 4.77 using 8 thread(s) took 0.997022s
Reading in 'PartType5/GroupNumber' for z = 5.0 using 8 thread(s) took 0.955734s
Reading in 'PartType5/SubGroupNumber' for z = 5.0 using 8 thread(s) took 0.903653s
Reading in 'PartType5/ParticleIDs' for z = 5.0 using 8 thread(s) took 0.891658s
Graph progress:  0 % 119.00006
Graph progress:  1 % 9413.0
Graph progress:  2 % 6715.0
Graph progress:  3 % 3979.00002
Graph progress:  4 % 3866.0
Graph progress:  5 % 1066.0
Graph progress:  6 % 1523.0
Graph progress:  7 % 5580.0
Graph progress:  8 % 4268.00004
Graph progress:  9 % 5088.00001
Graph progress:  10 % 2892.0
Graph progress:  11 % 4917.00005
Graph progress:  12 % 10436.0
Graph progress:  13 % 5134.00003
Graph progress:  14 % 66.00002
Graph progress:  15 % 1958.0
Graph progress:  16 % 3237.0
Graph progress:  17 % 5030.0
Graph progress:  18 % 145.00002
Graph progress:  19 % 7076.0
Graph progress:  20 % 4527.0
Graph progress:  21 % 41.00018
Graph progress:  22 % 5198.0
Graph progress:  23 % 4893.0
Graph progress:  24 % 1222.0
Graph progress:  25 % 4645.00003
Graph progress:  26 % 4787.0
Graph progress:  27 % 262.00007
Graph progress:  28 % 672.0
Graph progress:  29 % 924.00003
Graph progress:  30 % 1283.00001
Graph progress:  31 % 684.0
Graph progress:  32 % 4885.00001
Graph progress:  33 % 4942.0
Graph progress:  34 % 9068.00001
Graph progress:  35 % 2071.0
Graph progress:  36 % 6881.00001
Graph progress:  37 % 2297.0
Graph progress:  38 % 2834.0
Graph progress:  39 % 417.00002
Graph progress:  40 % 3447.00001
Graph progress:  41 % 5639.0
Graph progress:  42 % 236.00004
Graph progress:  43 % 1723.0
Graph progress:  44 % 720.0
Graph progress:  45 % 5221.00002
Graph progress:  46 % 6153.00002
Graph progress:  47 % 52.00003
Graph progress:  48 % 8399.0
Graph progress:  49 % 58668.0
Graph progress:  50 % 72.00002
Graph progress:  51 % 152025.0
Graph progress:  52 % 2131.0
Graph progress:  53 % 161.00001
Graph progress:  54 % 1677.0
Graph progress:  55 % 10309.0
Graph progress:  56 % 5983.0
Graph progress:  57 % 6.00003
Graph progress:  58 % 3672.0
Graph progress:  59 % 964.00001
Graph progress:  60 % 2030.0
Graph progress:  61 % 6533.0
Graph progress:  62 % 3332.0
Graph progress:  63 % 2504.0
Graph progress:  64 % 939.0
Graph progress:  65 % 5693.0
Graph progress:  66 % 193.00002
Graph progress:  67 % 61.00002
Graph progress:  68 % 385.00001
Graph progress:  69 % 76.00002
Graph progress:  70 % 181.00034
Graph progress:  71 % 112479.0
Graph progress:  72 % 674.00005
Graph progress:  73 % 5468.00002
Graph progress:  74 % 9804.0
Graph progress:  75 % 2905.0
Graph progress:  76 % 6580.00001
Graph progress:  77 % 3958.00002
Graph progress:  78 % 1716.0
Graph progress:  79 % 7034.00002
Graph progress:  80 % 8560.0
Graph progress:  81 % 5763.0
Graph progress:  82 % 4398.00005
Graph progress:  83 % 1425.00001
Graph progress:  84 % 2658.0
Graph progress:  85 % 16.00052
Graph progress:  86 % 2844.00001
Graph progress:  87 % 1680.0
Graph progress:  88 % 18.00004
Graph progress:  89 % 4629.0
Graph progress:  90 % 40404.0
Graph progress:  91 % 2624.0
Graph progress:  92 % 1952.0
Graph progress:  93 % 687.0
Graph progress:  94 % 3162.0
Graph progress:  95 % 6070.00002
Graph progress:  96 % 6661.00001
Graph progress:  97 % 3422.00003
Graph progress:  98 % 11475.0
Graph progress:  99 % 3739.0
Processed 12773 halos in snapshot 011_z004p770 of particle type 5
Reading in 'PartType0/ParticleIDs' for z = 4.77 using 8 thread(s) took 21.477267s
Reading in 'PartType0/ParticleIDs' for z = 5.0 using 8 thread(s) took 15.95266s
Reading in 'Subhalo/SubGroupNumber' for z = 5.0 using 8 thread(s) took 1.057912s
Reading in 'Subhalo/GroupNumber' for z = 5.0 using 8 thread(s) took 1.027611s
Reading in 'Subhalo/ApertureMeasurements/Mass/030kpc' for z = 5.0 using 8 thread(s) took 1.076243s
Reading in 'PartType0/Mass' for z = 5.0 using 8 thread(s) took 2.984466s
Reading in 'PartType0/ParticleIDs' for z = 4.77 using 8 thread(s) took 6.948852s
Reading in 'PartType0/GroupNumber' for z = 4.77 using 8 thread(s) took 3.271295s
Reading in 'PartType0/SubGroupNumber' for z = 4.77 using 8 thread(s) took 3.119217s
Reading in 'PartType0/GroupNumber' for z = 5.0 using 8 thread(s) took 2.281903s
Reading in 'PartType0/SubGroupNumber' for z = 5.0 using 8 thread(s) took 2.125442s
Reading in 'PartType0/ParticleIDs' for z = 5.0 using 8 thread(s) took 5.268496s
Graph progress:  0 % 625.0
Graph progress:  1 % 162420.0
Graph progress:  2 % 4055.0
Graph progress:  3 % 259121.0
Graph progress:  4 % 135934.0
Graph progress:  5 % 287619.0
Graph progress:  6 % 113110.0
Graph progress:  7 % 5821.00007
Graph progress:  8 % 2596.0
Graph progress:  9 % 304135.0
Graph progress:  10 % 35402.0
Graph progress:  11 % 20936.00002
Graph progress:  12 % 65490.0
Graph progress:  13 % 5130.0
Graph progress:  14 % 83839.0
Graph progress:  15 % 57514.00001
Graph progress:  16 % 3242.0
Graph progress:  17 % 76698.0
Graph progress:  18 % 91443.0
Graph progress:  19 % 2861.00003
Graph progress:  20 % 232393.0
Graph progress:  21 % 115379.00001
Graph progress:  22 % 109974.0
Graph progress:  23 % 307040.0
Graph progress:  24 % 21421.0
Graph progress:  25 % 235040.0
Graph progress:  26 % 245985.0
Graph progress:  27 % 43596.00001
Graph progress:  28 % 125962.0
Graph progress:  29 % 349144.0
Graph progress:  30 % 143318.0
Graph progress:  31 % 82266.0
Graph progress:  32 % 161224.0
Graph progress:  33 % 1235.00007
Graph progress:  34 % 59322.0
Graph progress:  35 % 304370.0
Graph progress:  36 % 36162.0
Graph progress:  37 % 333349.0
Graph progress:  38 % 121694.0
Graph progress:  39 % 90242.0
Graph progress:  40 % 50443.0
Graph progress:  41 % 6945.00002
Graph progress:  42 % 324421.0
Graph progress:  43 % 171725.0
Graph progress:  44 % 142300.0
Graph progress:  45 % 109248.0
Graph progress:  46 % 159339.0
Graph progress:  47 % 4887.0
Graph progress:  48 % 122530.0
Graph progress:  49 % 311748.0
Graph progress:  50 % 11375.00002
Graph progress:  51 % 186039.0
Graph progress:  52 % 12961.0
Graph progress:  53 % 46893.0
Graph progress:  54 % 75205.0
Graph progress:  55 % 318254.0
Graph progress:  56 % 117690.0
Graph progress:  57 % 13772.0
Graph progress:  58 % 153205.0
Graph progress:  59 % 253664.0
Graph progress:  60 % 17311.0
Graph progress:  61 % 22456.0
Graph progress:  62 % 260039.0
Graph progress:  63 % 70574.0
Graph progress:  64 % 191141.0
Graph progress:  65 % 74042.0
Graph progress:  66 % 258291.0
Graph progress:  67 % 236129.0
Graph progress:  68 % 5552.00001
Graph progress:  69 % 142648.0
Graph progress:  70 % 109301.0
Graph progress:  71 % 107227.0
Graph progress:  72 % 37278.00001
Graph progress:  73 % 185285.0
Graph progress:  74 % 62367.0
Graph progress:  75 % 119084.0
Graph progress:  76 % 208927.0
Graph progress:  77 % 179470.0
Graph progress:  78 % 332491.0
Graph progress:  79 % 11499.00003
Graph progress:  80 % 314590.0
Graph progress:  81 % 11029.0
Graph progress:  82 % 2054.0
Graph progress:  83 % 153457.0
Graph progress:  84 % 2826.00002
Graph progress:  85 % 6384.00003
Graph progress:  86 % 253404.0
Graph progress:  87 % 16884.00001
Graph progress:  88 % 76287.0
Graph progress:  89 % 94032.0
Graph progress:  90 % 206854.0
Graph progress:  91 % 77200.0
Graph progress:  92 % 174.00007
Graph progress:  93 % 102.00025
Graph progress:  94 % 334913.0
Graph progress:  95 % 59527.0
Graph progress:  96 % 2403.00008
Graph progress:  97 % 214425.0
Graph progress:  98 % 101684.0
Graph progress:  99 % 214.00007
Processed 346950 halos in snapshot 011_z004p770 of particle type 0
Write progress:  0 % 96654.0
Write progress:  1 % 36701.0
Write progress:  2 % 85635.0
Write progress:  3 % 333812.0
Write progress:  4 % 214530.0
Write progress:  5 % 190559.0
Write progress:  6 % 329776.0
Write progress:  7 % 336130.0
Write progress:  8 % 262293.0
Write progress:  9 % 28267.00001
Write progress:  10 % 212479.0
Write progress:  11 % 132336.0
Write progress:  12 % 205.00024
Write progress:  13 % 155531.0
Write progress:  14 % 320102.0
Write progress:  15 % 286001.0
Write progress:  16 % 97297.0
Write progress:  17 % 103400.0
Write progress:  18 % 524.00021
Write progress:  19 % 242765.0
Write progress:  20 % 52228.0
Write progress:  21 % 336071.0
Write progress:  22 % 104866.0
Write progress:  23 % 346262.0
Write progress:  24 % 2365.00009
Write progress:  25 % 320062.0
Write progress:  26 % 143685.0
Write progress:  27 % 220.00011
Write progress:  28 % 156547.00001
Write progress:  29 % 174329.0
Write progress:  30 % 84597.0
Write progress:  31 % 142245.0
Write progress:  32 % 285869.0
Write progress:  33 % 53141.00001
Write progress:  34 % 235930.0
Write progress:  35 % 168053.0
Write progress:  36 % 2934.00005
Write progress:  37 % 737.00003
Write progress:  38 % 136832.0
Write progress:  39 % 1637.00002
Write progress:  40 % 104503.0
Write progress:  41 % 18525.00003
Write progress:  42 % 40885.0
Write progress:  43 % 288980.0
Write progress:  44 % 2089.00004
Write progress:  45 % 15833.00003
Write progress:  46 % 4962.00001
Write progress:  47 % 12.00103
Write progress:  48 % 324717.0
Write progress:  49 % 147014.0
Write progress:  50 % 597.00028
Write progress:  51 % 72655.0
Write progress:  52 % 60274.0
Write progress:  53 % 70499.0
Write progress:  54 % 236964.0
Write progress:  55 % 22728.0
Write progress:  56 % 274219.0
Write progress:  57 % 97130.00001
Write progress:  58 % 19395.0
Write progress:  59 % 5918.00002
Write progress:  60 % 1764.00006
Write progress:  61 % 169844.0
Write progress:  62 % 260178.0
Write progress:  63 % 31902.00001
Write progress:  64 % 12666.00001
Write progress:  65 % 354363.0
Write progress:  66 % 53316.00001
Write progress:  67 % 247215.0
Write progress:  68 % 311202.0
Write progress:  69 % 170963.0
Write progress:  70 % 7249.00003
Write progress:  71 % 89608.0
Write progress:  72 % 45311.0
Write progress:  73 % 122134.00001
Write progress:  74 % 1.00403
Write progress:  75 % 301118.0
Write progress:  76 % 194254.0
Write progress:  77 % 21708.00001
Write progress:  78 % 67741.0
Write progress:  79 % 66970.0
Write progress:  80 % 186605.0
Write progress:  81 % 149487.0
Write progress:  82 % 307455.0
Write progress:  83 % 22526.0
Write progress:  84 % 121899.0
Write progress:  85 % 241727.0
Write progress:  86 % 198877.0
Write progress:  87 % 315978.0
Write progress:  88 % 9169.00001
Write progress:  89 % 87947.0
Write progress:  90 % 42324.0
Write progress:  91 % 357357.0
Write progress:  92 % 109341.0
Write progress:  93 % 162371.0
Write progress:  94 % 173608.0
Write progress:  95 % 71037.0
Write progress:  96 % 184054.0
Write progress:  97 % 67508.0
Write progress:  98 % 144365.0
Write progress:  99 % 115024.0
Job done, info follows...
       JobID    JobName  Partition     MaxRSS    Elapsed ExitCode 
------------ ---------- ---------- ---------- ---------- -------- 
2042958_456  MEGA-FLAR+     cosma6              01:29:36      0:0 
2042958_456+     extern                         01:29:36      0:0 
