====
Starting job 2043349 at Fri 24 Apr 00:32:07 BST 2020 for user dc-rope1.
Running on nodes: m6532
====
243
('19', '002_z013p000', '003_z012p000', '004_z011p000')
Reading in 'PartType1/ParticleIDs' for z = 12.0 using 8 thread(s) took 10.447228s
Reading in 'PartType1/ParticleIDs' for z = 12.0 using 8 thread(s) took 2.930336s
Reading in 'PartType1/GroupNumber' for z = 12.0 using 8 thread(s) took 0.08201s
Reading in 'PartType1/SubGroupNumber' for z = 12.0 using 8 thread(s) took 0.096786s
Reading in 'PartType1/GroupNumber' for z = 13.0 using 8 thread(s) took 0.923063s
Reading in 'PartType1/SubGroupNumber' for z = 13.0 using 8 thread(s) took 0.172534s
Reading in 'PartType1/ParticleIDs' for z = 13.0 using 8 thread(s) took 0.157137s
Reading in 'PartType1/GroupNumber' for z = 11.0 using 8 thread(s) took 0.322643s
Reading in 'PartType1/SubGroupNumber' for z = 11.0 using 8 thread(s) took 0.173128s
Reading in 'PartType1/ParticleIDs' for z = 11.0 using 8 thread(s) took 0.208424s
Graph progress:  0 % 17244.0
Graph progress:  1 % 1813.0
Graph progress:  2 % 193.0
Graph progress:  3 % 868.0
Graph progress:  4 % 3163.0
Graph progress:  5 % 18780.0
Graph progress:  6 % 6708.0
Graph progress:  7 % 4524.0
Graph progress:  8 % 1395.0
Graph progress:  9 % 7172.0
Graph progress:  10 % 251.0
Graph progress:  11 % 14261.0
Graph progress:  12 % 4150.0
Graph progress:  13 % 10547.0
Graph progress:  14 % 5509.0
Graph progress:  15 % 5183.0
Graph progress:  16 % 1300.0
Graph progress:  17 % 3678.0
Graph progress:  18 % 12249.0
Graph progress:  19 % 1576.0
Graph progress:  20 % 9940.0
Graph progress:  21 % 11014.0
Graph progress:  22 % 16069.0
Graph progress:  23 % 11189.0
Graph progress:  24 % 657.0
Graph progress:  25 % 4243.0
Graph progress:  26 % 9158.0
Graph progress:  27 % 5520.0
Graph progress:  28 % 6361.0
Graph progress:  29 % 15535.0
Graph progress:  30 % 427.0
Graph progress:  31 % 20168.0
Graph progress:  32 % 4535.00001
Graph progress:  33 % 21108.0
Graph progress:  34 % 7501.0
Graph progress:  35 % 14771.0
Graph progress:  36 % 3535.00001
Graph progress:  37 % 12993.0
Graph progress:  38 % 5202.0
Graph progress:  39 % 12758.0
Graph progress:  40 % 7696.0
Graph progress:  41 % 3859.0
Graph progress:  42 % 18338.0
Graph progress:  43 % 4217.0
Graph progress:  44 % 4648.0
Graph progress:  45 % 19435.0
Graph progress:  46 % 10042.0
Graph progress:  47 % 5191.0
Graph progress:  48 % 16265.0
Graph progress:  49 % 211.0
Graph progress:  50 % 8325.0
Graph progress:  51 % 5373.0
Graph progress:  52 % 18620.0
Graph progress:  53 % 1044.0
Graph progress:  54 % 2748.0
Graph progress:  55 % 14747.0
Graph progress:  56 % 6529.0
Graph progress:  57 % 20532.0
Graph progress:  58 % 15413.0
Graph progress:  59 % 15597.0
Graph progress:  60 % 15596.0
Graph progress:  61 % 14126.0
Graph progress:  62 % 106.00004
Graph progress:  63 % 5125.00002
Graph progress:  64 % 5346.0
Graph progress:  65 % 9255.0
Graph progress:  66 % 428.00002
Graph progress:  67 % 5770.0
Graph progress:  68 % 16771.0
Graph progress:  69 % 18860.0
Graph progress:  70 % 3298.0
Graph progress:  71 % 9256.0
Graph progress:  72 % 10454.0
Graph progress:  73 % 17434.0
Graph progress:  74 % 10946.0
Graph progress:  75 % 2518.00001
Graph progress:  76 % 885.0
Graph progress:  77 % 6437.0
Graph progress:  78 % 586.00002
Graph progress:  79 % 11082.0
Graph progress:  80 % 9912.0
Graph progress:  81 % 15466.0
Graph progress:  82 % 887.00001
Graph progress:  83 % 15566.0
Graph progress:  84 % 18665.0
Graph progress:  85 % 18211.0
Graph progress:  86 % 10434.0
Graph progress:  87 % 910.0
Graph progress:  88 % 13277.0
Graph progress:  89 % 13960.0
Graph progress:  90 % 14231.0
Graph progress:  91 % 13903.0
Graph progress:  92 % 4133.0
Graph progress:  93 % 11316.0
Graph progress:  94 % 6081.0
Graph progress:  95 % 7517.0
Graph progress:  96 % 20390.0
Graph progress:  97 % 18390.0
Graph progress:  98 % 6454.00001
Graph progress:  99 % 15392.0
Processed 25411 halos in snapshot 003_z012p000 of particle type 1
Reading in 'PartType4/ParticleIDs' for z = 12.0 using 8 thread(s) took 0.36422s
Reading in 'PartType4/ParticleIDs' for z = 13.0 using 8 thread(s) took 2.077502s
Reading in 'Subhalo/SubGroupNumber' for z = 13.0 using 8 thread(s) took 1.084113s
Reading in 'Subhalo/GroupNumber' for z = 13.0 using 8 thread(s) took 0.226594s
Reading in 'Subhalo/ApertureMeasurements/Mass/030kpc' for z = 13.0 using 8 thread(s) took 0.179736s
Reading in 'PartType4/Mass' for z = 13.0 using 8 thread(s) took 0.787458s
Reading in 'PartType4/ParticleIDs' for z = 11.0 using 8 thread(s) took 2.095529s
Reading in 'Subhalo/SubGroupNumber' for z = 11.0 using 8 thread(s) took 4.419422s
Reading in 'Subhalo/GroupNumber' for z = 11.0 using 8 thread(s) took 0.220805s
Reading in 'Subhalo/ApertureMeasurements/Mass/030kpc' for z = 11.0 using 8 thread(s) took 0.217939s
Reading in 'PartType4/Mass' for z = 11.0 using 8 thread(s) took 0.290782s
Reading in 'PartType4/ParticleIDs' for z = 12.0 using 8 thread(s) took 0.233604s
Reading in 'PartType4/GroupNumber' for z = 12.0 using 8 thread(s) took 0.228466s
Reading in 'PartType4/SubGroupNumber' for z = 12.0 using 8 thread(s) took 0.198519s
Reading in 'PartType4/GroupNumber' for z = 13.0 using 8 thread(s) took 0.246341s
Reading in 'PartType4/SubGroupNumber' for z = 13.0 using 8 thread(s) took 0.421132s
Reading in 'PartType4/ParticleIDs' for z = 13.0 using 8 thread(s) took 0.2054s
Reading in 'PartType4/GroupNumber' for z = 11.0 using 8 thread(s) took 0.360084s
Reading in 'PartType4/SubGroupNumber' for z = 11.0 using 8 thread(s) took 0.251542s
Reading in 'PartType4/ParticleIDs' for z = 11.0 using 8 thread(s) took 0.550617s
Graph progress:  0 % 3761.0
Graph progress:  1 % 125.0
Graph progress:  2 % 327.0
Graph progress:  3 % 1401.0
Graph progress:  4 % 1192.0
Graph progress:  5 % 661.0
Graph progress:  6 % 1614.0
Graph progress:  7 % 1560.0
Graph progress:  8 % 1344.0
Graph progress:  9 % 3795.0
Graph progress:  10 % 3734.0
Graph progress:  11 % 3851.0
Graph progress:  12 % 3359.0
Graph progress:  13 % 1299.0
Graph progress:  14 % 250.0
Graph progress:  15 % 2343.0
Graph progress:  16 % 704.0
Graph progress:  17 % 3042.0
Graph progress:  18 % 2069.0
Graph progress:  19 % 2823.0
Graph progress:  20 % 102.0
Graph progress:  21 % 823.0
Graph progress:  22 % 39.0
Graph progress:  23 % 284.00001
Graph progress:  24 % 3627.0
Graph progress:  25 % 4420.0
Graph progress:  26 % 412.0
Graph progress:  27 % 19.00002
Graph progress:  28 % 5609.0
Graph progress:  29 % 3378.0
Graph progress:  30 % 89.00002
Graph progress:  31 % 2129.0
Graph progress:  32 % 1251.0
Graph progress:  33 % 368.0
Graph progress:  34 % 3254.0
Graph progress:  35 % 150.0
Graph progress:  36 % 75.00002
Graph progress:  37 % 223.00001
Graph progress:  38 % 6363.0
Graph progress:  39 % 3860.0
Graph progress:  40 % 48.0
Graph progress:  41 % 143.00001
Graph progress:  42 % 385.00001
Graph progress:  43 % 609.0
Graph progress:  44 % 440.0
Graph progress:  45 % 654.0
Graph progress:  46 % 604.0
Graph progress:  47 % 2704.0
Graph progress:  48 % 96.0
Graph progress:  49 % 4009.0
Graph progress:  50 % 370.00001
Graph progress:  51 % 556.0
Graph progress:  52 % 1500.0
Graph progress:  53 % 546.0
Graph progress:  54 % 794.00001
Graph progress:  55 % 582.0
Graph progress:  56 % 1849.0
Graph progress:  57 % 2536.0
Graph progress:  58 % 1830.0
Graph progress:  59 % 933.0
Graph progress:  60 % 1108.0
Graph progress:  61 % 410.0
Graph progress:  62 % 249.0
Graph progress:  63 % 512.0
Graph progress:  64 % 727.0
Graph progress:  65 % 549.0
Graph progress:  66 % 47.0
Graph progress:  67 % 14.00001
Graph progress:  68 % 2319.0
Graph progress:  69 % 295.0
Graph progress:  70 % 192.0
Graph progress:  71 % 2098.0
Graph progress:  72 % 1751.0
Graph progress:  73 % 80.00002
Graph progress:  74 % 257.0
Graph progress:  75 % 2348.0
Graph progress:  76 % 2562.0
Graph progress:  77 % 218.0
Graph progress:  78 % 1007.0
Graph progress:  79 % 1025.0
Graph progress:  80 % 2951.0
Graph progress:  81 % 811.0
Graph progress:  82 % 612.0
Graph progress:  83 % 1098.0
Graph progress:  84 % 910.0
Graph progress:  85 % 739.0
Graph progress:  86 % 10608.0
Graph progress:  87 % 8587.0
Graph progress:  88 % 36.0
Graph progress:  89 % 365.00001
Graph progress:  90 % 1117.0
Graph progress:  91 % 1036.0
Graph progress:  92 % 1776.0
Graph progress:  93 % 84.00001
Graph progress:  94 % 450.00001
Graph progress:  95 % 118.0
Graph progress:  96 % 225.0
Graph progress:  97 % 561.00001
Graph progress:  98 % 107.00001
Graph progress:  99 % 642.00001
Processed 1968 halos in snapshot 003_z012p000 of particle type 4
Reading in 'PartType5/ParticleIDs' for z = 12.0 using 8 thread(s) took 0.914635s
Reading in 'PartType5/ParticleIDs' for z = 13.0 using 8 thread(s) took 0.408663s
Reading in 'Subhalo/SubGroupNumber' for z = 13.0 using 8 thread(s) took 0.188401s
Reading in 'Subhalo/GroupNumber' for z = 13.0 using 8 thread(s) took 0.168705s
Reading in 'Subhalo/ApertureMeasurements/Mass/030kpc' for z = 13.0 using 8 thread(s) took 0.182984s
Reading in 'PartType5/Mass' for z = 13.0 using 8 thread(s) took 0.113241s
Reading in 'PartType5/ParticleIDs' for z = 11.0 using 8 thread(s) took 1.498729s
Reading in 'Subhalo/SubGroupNumber' for z = 11.0 using 8 thread(s) took 0.204369s
Reading in 'Subhalo/GroupNumber' for z = 11.0 using 8 thread(s) took 0.180935s
Reading in 'Subhalo/ApertureMeasurements/Mass/030kpc' for z = 11.0 using 8 thread(s) took 0.178537s
Reading in 'PartType5/Mass' for z = 11.0 using 8 thread(s) took 0.166135s
Reading in 'PartType5/ParticleIDs' for z = 12.0 using 8 thread(s) took 0.119193s
Reading in 'PartType5/GroupNumber' for z = 12.0 using 8 thread(s) took 0.134802s
Reading in 'PartType5/SubGroupNumber' for z = 12.0 using 8 thread(s) took 0.123091s
Reading in 'PartType5/GroupNumber' for z = 13.0 using 8 thread(s) took 0.118017s
Reading in 'PartType5/SubGroupNumber' for z = 13.0 using 8 thread(s) took 0.111773s
Reading in 'PartType5/ParticleIDs' for z = 13.0 using 8 thread(s) took 0.109774s
Reading in 'PartType5/GroupNumber' for z = 11.0 using 8 thread(s) took 0.115575s
Reading in 'PartType5/SubGroupNumber' for z = 11.0 using 8 thread(s) took 0.125841s
Reading in 'PartType5/ParticleIDs' for z = 11.0 using 8 thread(s) took 0.1288s
Graph progress:  0 % 21.0
Graph progress:  3 % 98.0
Graph progress:  6 % 10.0
Graph progress:  9 % 9.0
Graph progress:  12 % 18.00001
Graph progress:  16 % 70.00001
Graph progress:  19 % 31.00001
Graph progress:  22 % 17.0
Graph progress:  25 % 6.00001
Graph progress:  29 % 19.00002
Graph progress:  32 % 12.0
Graph progress:  35 % 153.0
Graph progress:  38 % 20.0
Graph progress:  41 % 13.0
Graph progress:  45 % 935.0
Graph progress:  48 % 27.00001
Graph progress:  51 % 5.0
Graph progress:  54 % 1.0
Graph progress:  58 % 24.00001
Graph progress:  61 % 14.0
Graph progress:  64 % 25.0
Graph progress:  67 % 22.0
Graph progress:  70 % 8.0
Graph progress:  74 % 2.0
Graph progress:  77 % 3.00001
Graph progress:  80 % 7.00002
Graph progress:  83 % 4.0
Graph progress:  87 % 76.00001
Graph progress:  90 % 15.00002
Graph progress:  93 % 11.00001
Graph progress:  96 % 23.0
Processed 31 halos in snapshot 003_z012p000 of particle type 5
Reading in 'PartType0/ParticleIDs' for z = 12.0 using 8 thread(s) took 8.522643s
Reading in 'PartType0/ParticleIDs' for z = 13.0 using 8 thread(s) took 9.3198s
Reading in 'Subhalo/SubGroupNumber' for z = 13.0 using 8 thread(s) took 0.253837s
Reading in 'Subhalo/GroupNumber' for z = 13.0 using 8 thread(s) took 0.22772s
Reading in 'Subhalo/ApertureMeasurements/Mass/030kpc' for z = 13.0 using 8 thread(s) took 0.233444s
Reading in 'PartType0/Mass' for z = 13.0 using 8 thread(s) took 0.214652s
Reading in 'PartType0/ParticleIDs' for z = 11.0 using 8 thread(s) took 8.823154s
Reading in 'Subhalo/SubGroupNumber' for z = 11.0 using 8 thread(s) took 0.26886s
Reading in 'Subhalo/GroupNumber' for z = 11.0 using 8 thread(s) took 0.231085s
Reading in 'Subhalo/ApertureMeasurements/Mass/030kpc' for z = 11.0 using 8 thread(s) took 0.245894s
Reading in 'PartType0/Mass' for z = 11.0 using 8 thread(s) took 0.268754s
Reading in 'PartType0/ParticleIDs' for z = 12.0 using 8 thread(s) took 0.247441s
Reading in 'PartType0/GroupNumber' for z = 12.0 using 8 thread(s) took 0.233755s
Reading in 'PartType0/SubGroupNumber' for z = 12.0 using 8 thread(s) took 0.284244s
Reading in 'PartType0/GroupNumber' for z = 13.0 using 8 thread(s) took 0.248916s
Reading in 'PartType0/SubGroupNumber' for z = 13.0 using 8 thread(s) took 0.269909s
Reading in 'PartType0/ParticleIDs' for z = 13.0 using 8 thread(s) took 0.261498s
Reading in 'PartType0/GroupNumber' for z = 11.0 using 8 thread(s) took 0.275618s
Reading in 'PartType0/SubGroupNumber' for z = 11.0 using 8 thread(s) took 0.317468s
Reading in 'PartType0/ParticleIDs' for z = 11.0 using 8 thread(s) took 0.315369s
Graph progress:  0 % 17244.0
Graph progress:  1 % 13599.0
Graph progress:  2 % 20804.0
Graph progress:  3 % 7892.0
Graph progress:  4 % 8994.0
Graph progress:  5 % 13780.0
Graph progress:  6 % 4600.0
Graph progress:  7 % 7026.0
Graph progress:  8 % 160.00001
Graph progress:  9 % 2621.0
Graph progress:  10 % 8119.0
Graph progress:  11 % 19444.0
Graph progress:  12 % 753.0
Graph progress:  13 % 4545.0
Graph progress:  14 % 8062.0
Graph progress:  15 % 9577.0
Graph progress:  16 % 20181.0
Graph progress:  17 % 82.00003
Graph progress:  18 % 1214.0
Graph progress:  19 % 14416.0
Graph progress:  20 % 7309.0
Graph progress:  21 % 20998.0
Graph progress:  22 % 13699.0
Graph progress:  23 % 10901.0
Graph progress:  24 % 12163.0
Graph progress:  25 % 4236.0
Graph progress:  26 % 11163.0
Graph progress:  27 % 14245.0
Graph progress:  28 % 10617.0
Graph progress:  29 % 4093.0
Graph progress:  30 % 20754.0
Graph progress:  31 % 19731.0
Graph progress:  32 % 1539.0
Graph progress:  33 % 8921.0
Graph progress:  34 % 1601.0
Graph progress:  35 % 11758.0
Graph progress:  36 % 6075.0
Graph progress:  37 % 3982.0
Graph progress:  38 % 17658.0
Graph progress:  39 % 14718.0
Graph progress:  40 % 19828.0
Graph progress:  41 % 20025.0
Graph progress:  42 % 10495.0
Graph progress:  43 % 14861.0
Graph progress:  44 % 2356.00001
Graph progress:  45 % 18626.0
Graph progress:  46 % 12592.0
Graph progress:  47 % 16267.0
Graph progress:  48 % 5535.0
Graph progress:  49 % 7096.0
Graph progress:  50 % 398.00001
Graph progress:  51 % 10051.0
Graph progress:  52 % 16215.0
Graph progress:  53 % 252.00001
Graph progress:  54 % 11592.0
Graph progress:  55 % 17730.0
Graph progress:  56 % 12679.0
Graph progress:  57 % 19672.0
Graph progress:  58 % 12799.0
Graph progress:  59 % 171.00001
Graph progress:  60 % 8147.0
Graph progress:  61 % 2617.0
Graph progress:  62 % 8148.0
Graph progress:  63 % 1426.0
Graph progress:  64 % 908.0
Graph progress:  65 % 4359.00001
Graph progress:  66 % 4170.0
Graph progress:  67 % 7117.0
Graph progress:  68 % 10125.0
Graph progress:  69 % 3479.0
Graph progress:  70 % 7295.0
Graph progress:  71 % 2840.00001
Graph progress:  72 % 867.00001
Graph progress:  73 % 21321.0
Graph progress:  74 % 790.00001
Graph progress:  75 % 19514.0
Graph progress:  76 % 3126.00001
Graph progress:  77 % 575.00002
Graph progress:  78 % 11180.0
Graph progress:  79 % 3325.00001
Graph progress:  80 % 10170.0
Graph progress:  81 % 12245.0
Graph progress:  82 % 5112.0
Graph progress:  83 % 5511.0
Graph progress:  84 % 22463.0
Graph progress:  85 % 21638.0
Graph progress:  86 % 7369.0
Graph progress:  87 % 8915.0
Graph progress:  88 % 12202.0
Graph progress:  89 % 4268.0
Graph progress:  90 % 9805.0
Graph progress:  91 % 396.0
Graph progress:  92 % 9915.0
Graph progress:  93 % 1036.0
Graph progress:  94 % 16635.0
Graph progress:  95 % 6753.0
Graph progress:  96 % 5745.0
Graph progress:  97 % 4925.0
Graph progress:  98 % 8311.0
Graph progress:  99 % 4031.0
Processed 25414 halos in snapshot 003_z012p000 of particle type 0
Write progress:  0 % 17244.0
Write progress:  1 % 1813.0
Write progress:  2 % 193.0
Write progress:  3 % 868.0
Write progress:  4 % 3163.0
Write progress:  5 % 18780.0
Write progress:  6 % 6708.0
Write progress:  7 % 4524.0
Write progress:  8 % 1395.0
Write progress:  9 % 7172.0
Write progress:  10 % 251.0
Write progress:  11 % 14261.0
Write progress:  12 % 4150.0
Write progress:  13 % 10547.0
Write progress:  14 % 5509.0
Write progress:  15 % 5183.0
Write progress:  16 % 1300.0
Write progress:  17 % 3678.0
Write progress:  18 % 12249.0
Write progress:  19 % 1576.0
Write progress:  20 % 9940.0
Write progress:  21 % 11014.0
Write progress:  22 % 16069.0
Write progress:  23 % 11189.0
Write progress:  24 % 657.0
Write progress:  25 % 4243.0
Write progress:  26 % 9158.0
Write progress:  27 % 5520.0
Write progress:  28 % 6361.0
Write progress:  29 % 15535.0
Write progress:  30 % 427.0
Write progress:  31 % 20168.0
Write progress:  32 % 4535.00001
Write progress:  33 % 21108.0
Write progress:  34 % 7501.0
Write progress:  35 % 14771.0
Write progress:  36 % 3535.00001
Write progress:  37 % 12993.0
Write progress:  38 % 5202.0
Write progress:  39 % 12758.0
Write progress:  40 % 7696.0
Write progress:  41 % 3859.0
Write progress:  42 % 18338.0
Write progress:  43 % 4217.0
Write progress:  44 % 4648.0
Write progress:  45 % 19435.0
Write progress:  46 % 10042.0
Write progress:  47 % 5191.0
Write progress:  48 % 16265.0
Write progress:  49 % 211.0
Write progress:  50 % 8325.0
Write progress:  51 % 5373.0
Write progress:  52 % 18620.0
Write progress:  53 % 1044.0
Write progress:  54 % 2748.0
Write progress:  55 % 14747.0
Write progress:  56 % 6529.0
Write progress:  57 % 20532.0
Write progress:  58 % 15413.0
Write progress:  59 % 15597.0
Write progress:  60 % 15596.0
Write progress:  61 % 14126.0
Write progress:  62 % 106.00004
Write progress:  63 % 5125.00002
Write progress:  64 % 5346.0
Write progress:  65 % 9255.0
Write progress:  66 % 428.00002
Write progress:  67 % 5770.0
Write progress:  68 % 16771.0
Write progress:  69 % 18860.0
Write progress:  70 % 3298.0
Write progress:  71 % 9256.0
Write progress:  72 % 10454.0
Write progress:  73 % 17434.0
Write progress:  74 % 10946.0
Write progress:  75 % 2518.00001
Write progress:  76 % 885.0
Write progress:  77 % 6437.0
Write progress:  78 % 586.00002
Write progress:  79 % 11082.0
Write progress:  80 % 9912.0
Write progress:  81 % 15466.0
Write progress:  82 % 887.00001
Write progress:  83 % 15566.0
Write progress:  84 % 18665.0
Write progress:  85 % 18211.0
Write progress:  86 % 10434.0
Write progress:  87 % 910.0
Write progress:  88 % 13277.0
Write progress:  89 % 13960.0
Write progress:  90 % 14231.0
Write progress:  91 % 13903.0
Write progress:  92 % 4133.0
Write progress:  93 % 11316.0
Write progress:  94 % 6081.0
Write progress:  95 % 7517.0
Write progress:  96 % 20390.0
Write progress:  97 % 18390.0
Write progress:  98 % 6454.00001
Write progress:  99 % 15392.0
Job done, info follows...
       JobID    JobName  Partition     MaxRSS    Elapsed ExitCode 
------------ ---------- ---------- ---------- ---------- -------- 
2042958_244  MEGA-FLAR+     cosma6              00:07:28      0:0 
2042958_244+     extern                         00:07:28      0:0 
