====
Starting job 2043370 at Fri 24 Apr 00:54:33 BST 2020 for user dc-rope1.
Running on nodes: m6508
====
264
('17', None, '000_z015p000', '001_z014p000')
Reading in 'PartType1/ParticleIDs' for z = 15.0 using 8 thread(s) took 13.366918s
Reading in 'PartType1/ParticleIDs' for z = 15.0 using 8 thread(s) took 2.622313s
Reading in 'PartType1/GroupNumber' for z = 15.0 using 8 thread(s) took 0.111171s
Reading in 'PartType1/SubGroupNumber' for z = 15.0 using 8 thread(s) took 0.081377s
Reading in 'PartType1/GroupNumber' for z = 14.0 using 8 thread(s) took 3.421496s
Reading in 'PartType1/SubGroupNumber' for z = 14.0 using 8 thread(s) took 0.152628s
Reading in 'PartType1/ParticleIDs' for z = 14.0 using 8 thread(s) took 0.121171s
Graph progress:  0 % 2627.0
Graph progress:  1 % 3490.0
Graph progress:  2 % 3817.0
Graph progress:  3 % 1877.0
Graph progress:  4 % 1755.0
Graph progress:  5 % 22.0
Graph progress:  6 % 1895.0
Graph progress:  7 % 993.0
Graph progress:  8 % 582.00001
Graph progress:  9 % 1491.0
Graph progress:  10 % 1336.0
Graph progress:  11 % 1206.0
Graph progress:  12 % 4053.0
Graph progress:  13 % 3879.0
Graph progress:  14 % 1307.0
Graph progress:  15 % 1637.0
Graph progress:  16 % 2367.0
Graph progress:  17 % 1633.00001
Graph progress:  18 % 447.0
Graph progress:  19 % 3656.0
Graph progress:  20 % 544.0
Graph progress:  21 % 638.0
Graph progress:  22 % 158.0
Graph progress:  23 % 1638.0
Graph progress:  24 % 69.0
Graph progress:  25 % 1494.0
Graph progress:  26 % 743.0
Graph progress:  27 % 1596.0
Graph progress:  28 % 3107.0
Graph progress:  29 % 1006.0
Graph progress:  30 % 2959.0
Graph progress:  31 % 90.0
Graph progress:  32 % 1816.0
Graph progress:  33 % 2817.0
Graph progress:  34 % 41.0
Graph progress:  35 % 3516.0
Graph progress:  36 % 3941.0
Graph progress:  37 % 3165.0
Graph progress:  38 % 3674.0
Graph progress:  39 % 3672.0
Graph progress:  40 % 3197.0
Graph progress:  41 % 10.00001
Graph progress:  42 % 4378.0
Graph progress:  43 % 3708.0
Graph progress:  44 % 351.0
Graph progress:  45 % 132.0
Graph progress:  46 % 2111.0
Graph progress:  47 % 776.0
Graph progress:  48 % 3445.0
Graph progress:  49 % 70.00001
Graph progress:  50 % 754.0
Graph progress:  51 % 1104.0
Graph progress:  52 % 713.0
Graph progress:  53 % 279.0
Graph progress:  54 % 31.00001
Graph progress:  55 % 3440.0
Graph progress:  56 % 3001.0
Graph progress:  57 % 2749.0
Graph progress:  58 % 241.00002
Graph progress:  59 % 751.0
Graph progress:  60 % 86.00001
Graph progress:  61 % 3585.0
Graph progress:  62 % 564.0
Graph progress:  63 % 4021.0
Graph progress:  64 % 932.0
Graph progress:  65 % 678.0
Graph progress:  66 % 2179.0
Graph progress:  67 % 4301.0
Graph progress:  68 % 2875.0
Graph progress:  69 % 122.0
Graph progress:  70 % 3181.0
Graph progress:  71 % 2810.0
Graph progress:  72 % 3535.0
Graph progress:  73 % 4264.0
Graph progress:  74 % 253.00001
Graph progress:  75 % 3262.0
Graph progress:  76 % 3886.0
Graph progress:  77 % 2011.0
Graph progress:  78 % 555.0
Graph progress:  79 % 2444.0
Graph progress:  80 % 28.00001
Graph progress:  81 % 2425.0
Graph progress:  82 % 795.0
Graph progress:  83 % 3638.0
Graph progress:  84 % 275.0
Graph progress:  85 % 1303.0
Graph progress:  86 % 1052.0
Graph progress:  87 % 2607.0
Graph progress:  88 % 997.0
Graph progress:  89 % 881.0
Graph progress:  90 % 79.00002
Graph progress:  91 % 4092.0
Graph progress:  92 % 1439.0
Graph progress:  93 % 874.0
Graph progress:  94 % 4057.0
Graph progress:  95 % 3720.0
Graph progress:  96 % 4207.0
Graph progress:  97 % 3392.0
Graph progress:  98 % 1643.0
Graph progress:  99 % 280.0
Processed 4845 halos in snapshot 000_z015p000 of particle type 1
Reading in 'PartType4/ParticleIDs' for z = 15.0 using 8 thread(s) took 1.735637s
Reading in 'PartType4/ParticleIDs' for z = 14.0 using 8 thread(s) took 2.875586s
Reading in 'Subhalo/SubGroupNumber' for z = 14.0 using 8 thread(s) took 2.653001s
Reading in 'Subhalo/GroupNumber' for z = 14.0 using 8 thread(s) took 0.14927s
Reading in 'Subhalo/ApertureMeasurements/Mass/030kpc' for z = 14.0 using 8 thread(s) took 0.137389s
Reading in 'PartType4/Mass' for z = 14.0 using 8 thread(s) took 0.086461s
Reading in 'PartType4/ParticleIDs' for z = 15.0 using 8 thread(s) took 0.079441s
Reading in 'PartType4/GroupNumber' for z = 15.0 using 8 thread(s) took 0.080298s
Reading in 'PartType4/SubGroupNumber' for z = 15.0 using 8 thread(s) took 0.082914s
Reading in 'PartType4/GroupNumber' for z = 14.0 using 8 thread(s) took 0.081693s
Reading in 'PartType4/SubGroupNumber' for z = 14.0 using 8 thread(s) took 0.085286s
Reading in 'PartType4/ParticleIDs' for z = 14.0 using 8 thread(s) took 0.079882s
Graph progress:  0 % 116.0
Graph progress:  1 % 202.0
Graph progress:  2 % 111.0
Graph progress:  3 % 45.0
Graph progress:  4 % 147.0
Graph progress:  5 % 8.0
Graph progress:  6 % 44.0
Graph progress:  7 % 33.0
Graph progress:  8 % 139.0
Graph progress:  9 % 1.00002
Graph progress:  10 % 544.0
Graph progress:  11 % 53.0
Graph progress:  12 % 30.0
Graph progress:  13 % 944.0
Graph progress:  14 % 130.0
Graph progress:  15 % 1320.0
Graph progress:  16 % 9.0
Graph progress:  17 % 17.00001
Graph progress:  18 % 1883.0
Graph progress:  19 % 1.00001
Graph progress:  20 % 251.0
Graph progress:  21 % 1115.0
Graph progress:  22 % 71.0
Graph progress:  23 % 328.0
Graph progress:  24 % 456.0
Graph progress:  25 % 805.0
Graph progress:  26 % 83.0
Graph progress:  27 % 1022.0
Graph progress:  28 % 580.0
Graph progress:  29 % 472.0
Graph progress:  30 % 1351.0
Graph progress:  31 % 221.0
Graph progress:  32 % 19.0
Graph progress:  33 % 64.0
Graph progress:  34 % 427.0
Graph progress:  35 % 416.0
Graph progress:  36 % 90.0
Graph progress:  37 % 345.0
Graph progress:  38 % 169.0
Graph progress:  39 % 531.0
Graph progress:  40 % 4.0
Graph progress:  41 % 445.0
Graph progress:  42 % 3.0
Graph progress:  43 % 340.0
Graph progress:  44 % 433.0
Graph progress:  45 % 411.0
Graph progress:  46 % 330.0
Graph progress:  47 % 453.0
Graph progress:  48 % 85.00001
Graph progress:  49 % 70.0
Graph progress:  50 % 361.0
Graph progress:  51 % 63.0
Graph progress:  52 % 35.0
Graph progress:  53 % 232.0
Graph progress:  54 % 590.0
Graph progress:  55 % 455.0
Graph progress:  56 % 213.0
Graph progress:  57 % 140.0
Graph progress:  58 % 1649.0
Graph progress:  59 % 98.00001
Graph progress:  60 % 182.0
Graph progress:  61 % 153.0
Graph progress:  62 % 630.0
Graph progress:  63 % 82.0
Graph progress:  64 % 119.0
Graph progress:  65 % 591.0
Graph progress:  66 % 99.0
Graph progress:  67 % 293.0
Graph progress:  68 % 299.0
Graph progress:  69 % 126.0
Graph progress:  70 % 212.0
Graph progress:  71 % 334.0
Graph progress:  72 % 24.0
Graph progress:  73 % 284.0
Graph progress:  74 % 720.0
Graph progress:  75 % 342.0
Graph progress:  76 % 26.0
Graph progress:  77 % 437.0
Graph progress:  78 % 36.0
Graph progress:  79 % 826.0
Graph progress:  80 % 29.0
Graph progress:  81 % 2.00001
Graph progress:  82 % 40.0
Graph progress:  83 % 263.0
Graph progress:  84 % 28.0
Graph progress:  85 % 516.0
Graph progress:  86 % 94.0
Graph progress:  87 % 288.0
Graph progress:  88 % 175.0
Graph progress:  89 % 376.0
Graph progress:  90 % 939.0
Graph progress:  91 % 243.0
Graph progress:  92 % 412.0
Graph progress:  93 % 883.0
Graph progress:  94 % 15.0
Graph progress:  95 % 159.0
Graph progress:  96 % 178.0
Graph progress:  97 % 61.0
Graph progress:  98 % 395.0
Graph progress:  99 % 124.0
Processed 223 halos in snapshot 000_z015p000 of particle type 4
Reading in 'PartType5/ParticleIDs' for z = 15.0 using 8 thread(s) took 0.121602s
Reading in 'PartType5/ParticleIDs' for z = 14.0 using 8 thread(s) took 0.187111s
Reading in 'Subhalo/SubGroupNumber' for z = 14.0 using 8 thread(s) took 0.151471s
Reading in 'Subhalo/GroupNumber' for z = 14.0 using 8 thread(s) took 0.124981s
Reading in 'Subhalo/ApertureMeasurements/Mass/030kpc' for z = 14.0 using 8 thread(s) took 0.128042s
Reading in 'PartType5/Mass' for z = 14.0 using 8 thread(s) took 0.074426s
Reading in 'PartType5/ParticleIDs' for z = 15.0 using 8 thread(s) took 0.071801s
Reading in 'PartType5/GroupNumber' for z = 15.0 using 8 thread(s) took 0.069734s
Reading in 'PartType5/SubGroupNumber' for z = 15.0 using 8 thread(s) took 0.070113s
Reading in 'PartType5/GroupNumber' for z = 14.0 using 8 thread(s) took 0.07574s
Reading in 'PartType5/SubGroupNumber' for z = 14.0 using 8 thread(s) took 0.073021s
Reading in 'PartType5/ParticleIDs' for z = 14.0 using 8 thread(s) took 0.076921s
Graph progress:  0 % 1.0
Graph progress:  50 % 2.0
Processed 2 halos in snapshot 000_z015p000 of particle type 5
Reading in 'PartType0/ParticleIDs' for z = 15.0 using 8 thread(s) took 10.573741s
Reading in 'PartType0/ParticleIDs' for z = 14.0 using 8 thread(s) took 9.220081s
Reading in 'Subhalo/SubGroupNumber' for z = 14.0 using 8 thread(s) took 0.232868s
Reading in 'Subhalo/GroupNumber' for z = 14.0 using 8 thread(s) took 0.239872s
Reading in 'Subhalo/ApertureMeasurements/Mass/030kpc' for z = 14.0 using 8 thread(s) took 0.239325s
Reading in 'PartType0/Mass' for z = 14.0 using 8 thread(s) took 0.204253s
Reading in 'PartType0/ParticleIDs' for z = 15.0 using 8 thread(s) took 0.216072s
Reading in 'PartType0/GroupNumber' for z = 15.0 using 8 thread(s) took 0.216925s
Reading in 'PartType0/SubGroupNumber' for z = 15.0 using 8 thread(s) took 0.205531s
Reading in 'PartType0/GroupNumber' for z = 14.0 using 8 thread(s) took 0.234196s
Reading in 'PartType0/SubGroupNumber' for z = 14.0 using 8 thread(s) took 0.234686s
Reading in 'PartType0/ParticleIDs' for z = 14.0 using 8 thread(s) took 0.234085s
Graph progress:  0 % 2627.0
Graph progress:  1 % 4007.0
Graph progress:  2 % 2165.0
Graph progress:  3 % 1821.0
Graph progress:  4 % 144.0
Graph progress:  5 % 121.00001
Graph progress:  6 % 1134.0
Graph progress:  7 % 2402.0
Graph progress:  8 % 582.00001
Graph progress:  9 % 4260.0
Graph progress:  10 % 959.0
Graph progress:  11 % 4143.0
Graph progress:  12 % 1963.0
Graph progress:  13 % 3879.0
Graph progress:  14 % 1307.0
Graph progress:  15 % 4220.0
Graph progress:  16 % 9.00002
Graph progress:  17 % 73.00002
Graph progress:  18 % 663.0
Graph progress:  19 % 609.0
Graph progress:  20 % 943.0
Graph progress:  21 % 638.0
Graph progress:  22 % 326.0
Graph progress:  23 % 2830.0
Graph progress:  24 % 157.0
Graph progress:  25 % 3271.0
Graph progress:  26 % 1413.0
Graph progress:  27 % 271.0
Graph progress:  28 % 4086.0
Graph progress:  29 % 2231.0
Graph progress:  30 % 1076.0
Graph progress:  31 % 1781.0
Graph progress:  32 % 3768.0
Graph progress:  33 % 3105.0
Graph progress:  34 % 3865.0
Graph progress:  35 % 169.00001
Graph progress:  36 % 19.00001
Graph progress:  37 % 777.0
Graph progress:  38 % 66.00003
Graph progress:  39 % 806.0
Graph progress:  40 % 10.00001
Graph progress:  41 % 2906.0
Graph progress:  42 % 2576.0
Graph progress:  43 % 2696.0
Graph progress:  44 % 3708.0
Graph progress:  45 % 5.0
Graph progress:  46 % 2380.0
Graph progress:  47 % 440.0
Graph progress:  48 % 3117.0
Graph progress:  49 % 3078.0
Graph progress:  50 % 1423.0
Graph progress:  51 % 4233.0
Graph progress:  52 % 3508.0
Graph progress:  53 % 2998.0
Graph progress:  54 % 1416.0
Graph progress:  55 % 1807.0
Graph progress:  56 % 3702.0
Graph progress:  57 % 3110.0
Graph progress:  58 % 274.0
Graph progress:  59 % 1501.0
Graph progress:  60 % 565.0
Graph progress:  61 % 292.00001
Graph progress:  62 % 564.0
Graph progress:  63 % 3338.0
Graph progress:  64 % 932.0
Graph progress:  65 % 3623.0
Graph progress:  66 % 1560.0
Graph progress:  67 % 170.00001
Graph progress:  68 % 2694.0
Graph progress:  69 % 493.0
Graph progress:  70 % 3267.0
Graph progress:  71 % 3184.0
Graph progress:  72 % 3944.0
Graph progress:  73 % 4264.0
Graph progress:  74 % 2923.0
Graph progress:  75 % 1425.0
Graph progress:  76 % 513.0
Graph progress:  77 % 554.0
Graph progress:  78 % 3591.0
Graph progress:  79 % 2341.0
Graph progress:  80 % 28.0
Graph progress:  81 % 516.0
Graph progress:  82 % 114.0
Graph progress:  83 % 3462.0
Graph progress:  84 % 3134.0
Graph progress:  85 % 3890.0
Graph progress:  86 % 2134.0
Graph progress:  87 % 2702.0
Graph progress:  88 % 940.0
Graph progress:  89 % 916.00001
Graph progress:  90 % 1766.0
Graph progress:  91 % 541.0
Graph progress:  92 % 1514.0
Graph progress:  93 % 1347.0
Graph progress:  94 % 1794.0
Graph progress:  95 % 3215.0
Graph progress:  96 % 2301.0
Graph progress:  97 % 1402.0
Graph progress:  98 % 3303.0
Graph progress:  99 % 2469.0
Processed 4851 halos in snapshot 000_z015p000 of particle type 0
Write progress:  0 % 2627.0
Write progress:  1 % 3490.0
Write progress:  2 % 3817.0
Write progress:  3 % 1877.0
Write progress:  4 % 1755.0
Write progress:  5 % 22.0
Write progress:  6 % 1895.0
Write progress:  7 % 993.0
Write progress:  8 % 582.00001
Write progress:  9 % 1491.0
Write progress:  10 % 1336.0
Write progress:  11 % 1206.0
Write progress:  12 % 4053.0
Write progress:  13 % 3879.0
Write progress:  14 % 1307.0
Write progress:  15 % 1637.0
Write progress:  16 % 2367.0
Write progress:  17 % 1633.00001
Write progress:  18 % 447.0
Write progress:  19 % 3656.0
Write progress:  20 % 544.0
Write progress:  21 % 638.0
Write progress:  22 % 158.0
Write progress:  23 % 1638.0
Write progress:  24 % 69.0
Write progress:  25 % 1494.0
Write progress:  26 % 743.0
Write progress:  27 % 1596.0
Write progress:  28 % 3107.0
Write progress:  29 % 1006.0
Write progress:  30 % 2959.0
Write progress:  31 % 90.0
Write progress:  32 % 1816.0
Write progress:  33 % 2817.0
Write progress:  34 % 41.0
Write progress:  35 % 3516.0
Write progress:  36 % 3941.0
Write progress:  37 % 3165.0
Write progress:  38 % 3674.0
Write progress:  39 % 3672.0
Write progress:  40 % 3197.0
Write progress:  41 % 10.00001
Write progress:  42 % 4378.0
Write progress:  43 % 3708.0
Write progress:  44 % 351.0
Write progress:  45 % 132.0
Write progress:  46 % 2111.0
Write progress:  47 % 776.0
Write progress:  48 % 3445.0
Write progress:  49 % 70.00001
Write progress:  50 % 754.0
Write progress:  51 % 1104.0
Write progress:  52 % 713.0
Write progress:  53 % 279.0
Write progress:  54 % 31.00001
Write progress:  55 % 3440.0
Write progress:  56 % 3001.0
Write progress:  57 % 2749.0
Write progress:  58 % 241.00002
Write progress:  59 % 751.0
Write progress:  60 % 86.00001
Write progress:  61 % 3585.0
Write progress:  62 % 564.0
Write progress:  63 % 4021.0
Write progress:  64 % 932.0
Write progress:  65 % 678.0
Write progress:  66 % 2179.0
Write progress:  67 % 4301.0
Write progress:  68 % 2875.0
Write progress:  69 % 122.0
Write progress:  70 % 3181.0
Write progress:  71 % 2810.0
Write progress:  72 % 3535.0
Write progress:  73 % 4264.0
Write progress:  74 % 253.00001
Write progress:  75 % 3262.0
Write progress:  76 % 3886.0
Write progress:  77 % 2011.0
Write progress:  78 % 555.0
Write progress:  79 % 2444.0
Write progress:  80 % 28.00001
Write progress:  81 % 2425.0
Write progress:  82 % 795.0
Write progress:  83 % 3638.0
Write progress:  84 % 275.0
Write progress:  85 % 1303.0
Write progress:  86 % 1052.0
Write progress:  87 % 2607.0
Write progress:  88 % 997.0
Write progress:  89 % 881.0
Write progress:  90 % 79.00002
Write progress:  91 % 4092.0
Write progress:  92 % 1439.0
Write progress:  93 % 874.0
Write progress:  94 % 4057.0
Write progress:  95 % 3720.0
Write progress:  96 % 4207.0
Write progress:  97 % 3392.0
Write progress:  98 % 1643.0
Write progress:  99 % 280.0
Job done, info follows...
       JobID    JobName  Partition     MaxRSS    Elapsed ExitCode 
------------ ---------- ---------- ---------- ---------- -------- 
2042958_265  MEGA-FLAR+     cosma6              00:03:36      0:0 
2042958_265+     extern                         00:03:36      0:0 
