====
Starting job 2043396 at Fri 24 Apr 01:08:23 BST 2020 for user dc-rope1.
Running on nodes: m6564
====
290
('15', '001_z014p000', '002_z013p000', '003_z012p000')
Reading in 'PartType1/ParticleIDs' for z = 13.0 using 8 thread(s) took 13.587108s
Reading in 'PartType1/ParticleIDs' for z = 13.0 using 8 thread(s) took 0.352264s
Reading in 'PartType1/GroupNumber' for z = 13.0 using 8 thread(s) took 0.091541s
Reading in 'PartType1/SubGroupNumber' for z = 13.0 using 8 thread(s) took 0.080534s
Reading in 'PartType1/GroupNumber' for z = 14.0 using 8 thread(s) took 2.410473s
Reading in 'PartType1/SubGroupNumber' for z = 14.0 using 8 thread(s) took 0.176976s
Reading in 'PartType1/ParticleIDs' for z = 14.0 using 8 thread(s) took 0.148928s
Reading in 'PartType1/GroupNumber' for z = 12.0 using 8 thread(s) took 0.335587s
Reading in 'PartType1/SubGroupNumber' for z = 12.0 using 8 thread(s) took 0.234143s
Reading in 'PartType1/ParticleIDs' for z = 12.0 using 8 thread(s) took 0.227462s
Graph progress:  0 % 19059.0
Graph progress:  1 % 820.00002
Graph progress:  2 % 3476.0
Graph progress:  3 % 8136.0
Graph progress:  4 % 1910.0
Graph progress:  5 % 11207.0
Graph progress:  6 % 7642.0
Graph progress:  7 % 11231.00001
Graph progress:  8 % 7757.0
Graph progress:  9 % 376.00001
Graph progress:  10 % 7065.0
Graph progress:  11 % 7458.0
Graph progress:  12 % 13800.0
Graph progress:  13 % 16230.0
Graph progress:  14 % 19384.0
Graph progress:  15 % 4839.0
Graph progress:  16 % 3662.0
Graph progress:  17 % 865.0
Graph progress:  18 % 540.0
Graph progress:  19 % 2573.0
Graph progress:  20 % 18260.0
Graph progress:  21 % 175.0
Graph progress:  22 % 5998.0
Graph progress:  23 % 14499.0
Graph progress:  24 % 17068.0
Graph progress:  25 % 6269.0
Graph progress:  26 % 3205.0
Graph progress:  27 % 12694.0
Graph progress:  28 % 6427.0
Graph progress:  29 % 7110.0
Graph progress:  30 % 3469.0
Graph progress:  31 % 9454.0
Graph progress:  32 % 2251.0
Graph progress:  33 % 18490.0
Graph progress:  34 % 5905.0
Graph progress:  35 % 18645.0
Graph progress:  36 % 3681.00001
Graph progress:  37 % 1184.00001
Graph progress:  38 % 4994.0
Graph progress:  39 % 1441.00001
Graph progress:  40 % 14861.0
Graph progress:  41 % 485.0
Graph progress:  42 % 2624.0
Graph progress:  43 % 3008.00001
Graph progress:  44 % 10038.0
Graph progress:  45 % 20081.0
Graph progress:  46 % 368.00001
Graph progress:  47 % 3858.0
Graph progress:  48 % 22776.0
Graph progress:  49 % 23483.0
Graph progress:  50 % 23802.0
Graph progress:  51 % 12643.0
Graph progress:  52 % 18432.0
Graph progress:  53 % 19107.0
Graph progress:  54 % 15296.0
Graph progress:  55 % 1354.0
Graph progress:  56 % 19616.0
Graph progress:  57 % 4636.0
Graph progress:  58 % 5555.0
Graph progress:  59 % 20508.0
Graph progress:  60 % 7126.0
Graph progress:  61 % 23777.0
Graph progress:  62 % 3158.0
Graph progress:  63 % 5860.0
Graph progress:  64 % 8390.0
Graph progress:  65 % 2836.0
Graph progress:  66 % 10815.0
Graph progress:  67 % 8176.0
Graph progress:  68 % 12840.0
Graph progress:  69 % 24019.0
Graph progress:  70 % 13948.0
Graph progress:  71 % 6846.0
Graph progress:  72 % 8382.0
Graph progress:  73 % 19364.0
Graph progress:  74 % 9090.0
Graph progress:  75 % 11469.0
Graph progress:  76 % 11642.0
Graph progress:  77 % 23391.0
Graph progress:  78 % 1488.00001
Graph progress:  79 % 4410.0
Graph progress:  80 % 12215.0
Graph progress:  81 % 8076.0
Graph progress:  82 % 12386.0
Graph progress:  83 % 44.0
Graph progress:  84 % 6157.0
Graph progress:  85 % 2281.0
Graph progress:  86 % 4951.0
Graph progress:  87 % 10931.0
Graph progress:  88 % 1585.00001
Graph progress:  89 % 1196.0
Graph progress:  90 % 1451.00001
Graph progress:  91 % 3870.0
Graph progress:  92 % 4587.0
Graph progress:  93 % 12574.0
Graph progress:  94 % 6453.0
Graph progress:  95 % 18299.0
Graph progress:  96 % 3988.0
Graph progress:  97 % 7227.0
Graph progress:  98 % 11048.0
Graph progress:  99 % 1313.0
Processed 27572 halos in snapshot 002_z013p000 of particle type 1
Reading in 'PartType4/ParticleIDs' for z = 13.0 using 8 thread(s) took 1.280377s
Reading in 'PartType4/ParticleIDs' for z = 14.0 using 8 thread(s) took 2.93472s
Reading in 'Subhalo/SubGroupNumber' for z = 14.0 using 8 thread(s) took 0.517261s
Reading in 'Subhalo/GroupNumber' for z = 14.0 using 8 thread(s) took 0.196304s
Reading in 'Subhalo/ApertureMeasurements/Mass/030kpc' for z = 14.0 using 8 thread(s) took 0.180939s
Reading in 'PartType4/Mass' for z = 14.0 using 8 thread(s) took 0.130715s
Reading in 'PartType4/ParticleIDs' for z = 12.0 using 8 thread(s) took 2.082498s
Reading in 'Subhalo/SubGroupNumber' for z = 12.0 using 8 thread(s) took 3.475675s
Reading in 'Subhalo/GroupNumber' for z = 12.0 using 8 thread(s) took 0.221424s
Reading in 'Subhalo/ApertureMeasurements/Mass/030kpc' for z = 12.0 using 8 thread(s) took 0.177249s
Reading in 'PartType4/Mass' for z = 12.0 using 8 thread(s) took 0.134063s
Reading in 'PartType4/ParticleIDs' for z = 13.0 using 8 thread(s) took 0.124236s
Reading in 'PartType4/GroupNumber' for z = 13.0 using 8 thread(s) took 0.12692s
Reading in 'PartType4/SubGroupNumber' for z = 13.0 using 8 thread(s) took 0.122345s
Reading in 'PartType4/GroupNumber' for z = 14.0 using 8 thread(s) took 0.133564s
Reading in 'PartType4/SubGroupNumber' for z = 14.0 using 8 thread(s) took 0.130397s
Reading in 'PartType4/ParticleIDs' for z = 14.0 using 8 thread(s) took 0.141405s
Reading in 'PartType4/GroupNumber' for z = 12.0 using 8 thread(s) took 0.13961s
Reading in 'PartType4/SubGroupNumber' for z = 12.0 using 8 thread(s) took 0.131537s
Reading in 'PartType4/ParticleIDs' for z = 12.0 using 8 thread(s) took 0.129989s
Graph progress:  0 % 246.0
Graph progress:  1 % 3314.0
Graph progress:  2 % 658.00001
Graph progress:  3 % 1102.0
Graph progress:  4 % 754.00001
Graph progress:  5 % 9126.0
Graph progress:  6 % 2629.0
Graph progress:  7 % 3344.0
Graph progress:  8 % 376.0
Graph progress:  9 % 114.00001
Graph progress:  10 % 822.0
Graph progress:  11 % 1221.0
Graph progress:  12 % 3854.0
Graph progress:  13 % 1535.0
Graph progress:  14 % 5403.0
Graph progress:  15 % 3633.0
Graph progress:  16 % 4563.0
Graph progress:  17 % 4432.0
Graph progress:  18 % 2276.0
Graph progress:  19 % 4646.0
Graph progress:  20 % 303.0
Graph progress:  21 % 765.0
Graph progress:  22 % 142.0
Graph progress:  23 % 144.00001
Graph progress:  24 % 292.0
Graph progress:  25 % 1048.0
Graph progress:  26 % 643.0
Graph progress:  27 % 5802.00001
Graph progress:  28 % 393.0
Graph progress:  29 % 5033.0
Graph progress:  30 % 137.00001
Graph progress:  31 % 220.00001
Graph progress:  32 % 1638.0
Graph progress:  33 % 70.0
Graph progress:  34 % 2826.0
Graph progress:  35 % 56.00001
Graph progress:  36 % 22.0
Graph progress:  37 % 199.0
Graph progress:  38 % 1781.0
Graph progress:  39 % 527.0
Graph progress:  40 % 394.0
Graph progress:  41 % 1618.0
Graph progress:  42 % 1539.0
Graph progress:  43 % 1841.0
Graph progress:  44 % 2226.0
Graph progress:  45 % 251.00001
Graph progress:  46 % 53.00001
Graph progress:  47 % 20.0
Graph progress:  48 % 4866.0
Graph progress:  49 % 488.0
Graph progress:  50 % 433.0
Graph progress:  51 % 2199.0
Graph progress:  52 % 443.0
Graph progress:  53 % 1312.0
Graph progress:  54 % 377.00001
Graph progress:  55 % 202.00001
Graph progress:  56 % 4605.0
Graph progress:  57 % 3190.0
Graph progress:  58 % 5789.0
Graph progress:  59 % 7812.0
Graph progress:  60 % 745.0
Graph progress:  61 % 2466.0
Graph progress:  62 % 1252.0
Graph progress:  63 % 965.0
Graph progress:  64 % 715.0
Graph progress:  65 % 5317.0
Graph progress:  66 % 93.00002
Graph progress:  67 % 859.0
Graph progress:  68 % 812.0
Graph progress:  69 % 2436.0
Graph progress:  70 % 360.0
Graph progress:  71 % 837.0
Graph progress:  72 % 1177.0
Graph progress:  73 % 1893.0
Graph progress:  74 % 1768.0
Graph progress:  75 % 4307.0
Graph progress:  76 % 4561.0
Graph progress:  77 % 1150.0
Graph progress:  78 % 335.0
Graph progress:  79 % 3421.0
Graph progress:  80 % 1657.0
Graph progress:  81 % 219.0
Graph progress:  82 % 4.00003
Graph progress:  83 % 353.0
Graph progress:  84 % 1141.0
Graph progress:  85 % 2650.0
Graph progress:  86 % 138.00001
Graph progress:  87 % 784.0
Graph progress:  88 % 7.00003
Graph progress:  89 % 338.0
Graph progress:  90 % 1789.0
Graph progress:  91 % 32.00001
Graph progress:  92 % 528.0
Graph progress:  93 % 8.00001
Graph progress:  94 % 874.0
Graph progress:  95 % 1133.0
Graph progress:  96 % 12.0
Graph progress:  97 % 128.0
Graph progress:  98 % 3174.0
Graph progress:  99 % 3420.0
Processed 1918 halos in snapshot 002_z013p000 of particle type 4
Reading in 'PartType5/ParticleIDs' for z = 13.0 using 8 thread(s) took 0.423213s
Reading in 'PartType5/ParticleIDs' for z = 14.0 using 8 thread(s) took 0.407139s
Reading in 'Subhalo/SubGroupNumber' for z = 14.0 using 8 thread(s) took 0.207326s
Reading in 'Subhalo/GroupNumber' for z = 14.0 using 8 thread(s) took 0.169768s
Reading in 'Subhalo/ApertureMeasurements/Mass/030kpc' for z = 14.0 using 8 thread(s) took 0.164699s
Reading in 'PartType5/Mass' for z = 14.0 using 8 thread(s) took 0.113334s
Reading in 'PartType5/ParticleIDs' for z = 12.0 using 8 thread(s) took 1.061218s
Reading in 'Subhalo/SubGroupNumber' for z = 12.0 using 8 thread(s) took 0.188416s
Reading in 'Subhalo/GroupNumber' for z = 12.0 using 8 thread(s) took 0.170972s
Reading in 'Subhalo/ApertureMeasurements/Mass/030kpc' for z = 12.0 using 8 thread(s) took 0.183852s
Reading in 'PartType5/Mass' for z = 12.0 using 8 thread(s) took 0.129583s
Reading in 'PartType5/ParticleIDs' for z = 13.0 using 8 thread(s) took 0.117945s
Reading in 'PartType5/GroupNumber' for z = 13.0 using 8 thread(s) took 0.115317s
Reading in 'PartType5/SubGroupNumber' for z = 13.0 using 8 thread(s) took 0.116865s
Reading in 'PartType5/GroupNumber' for z = 14.0 using 8 thread(s) took 0.116896s
Reading in 'PartType5/SubGroupNumber' for z = 14.0 using 8 thread(s) took 0.122027s
Reading in 'PartType5/ParticleIDs' for z = 14.0 using 8 thread(s) took 0.141317s
Reading in 'PartType5/GroupNumber' for z = 12.0 using 8 thread(s) took 0.126814s
Reading in 'PartType5/SubGroupNumber' for z = 12.0 using 8 thread(s) took 0.125836s
Reading in 'PartType5/ParticleIDs' for z = 12.0 using 8 thread(s) took 0.117972s
Graph progress:  0 % 11.0
Graph progress:  3 % 105.0
Graph progress:  6 % 1.0
Graph progress:  10 % 21.00001
Graph progress:  13 % 18.0
Graph progress:  17 % 16.00004
Graph progress:  20 % 22.0
Graph progress:  24 % 15.00007
Graph progress:  27 % 3.0
Graph progress:  31 % 26.00002
Graph progress:  34 % 53.0
Graph progress:  37 % 28.00002
Graph progress:  41 % 9.0
Graph progress:  44 % 6.00001
Graph progress:  48 % 24.0
Graph progress:  51 % 27.00002
Graph progress:  55 % 5.0
Graph progress:  58 % 4.0
Graph progress:  62 % 4.00001
Graph progress:  65 % 17.0
Graph progress:  68 % 307.0
Graph progress:  72 % 33.0
Graph progress:  75 % 7.00003
Graph progress:  79 % 10.0
Graph progress:  82 % 8.0
Graph progress:  86 % 13.00003
Graph progress:  89 % 14.0
Graph progress:  93 % 2.0
Graph progress:  96 % 12.0
Processed 29 halos in snapshot 002_z013p000 of particle type 5
Reading in 'PartType0/ParticleIDs' for z = 13.0 using 8 thread(s) took 9.039577s
Reading in 'PartType0/ParticleIDs' for z = 14.0 using 8 thread(s) took 9.650129s
Reading in 'Subhalo/SubGroupNumber' for z = 14.0 using 8 thread(s) took 0.218559s
Reading in 'Subhalo/GroupNumber' for z = 14.0 using 8 thread(s) took 0.188118s
Reading in 'Subhalo/ApertureMeasurements/Mass/030kpc' for z = 14.0 using 8 thread(s) took 0.203171s
Reading in 'PartType0/Mass' for z = 14.0 using 8 thread(s) took 0.198692s
Reading in 'PartType0/ParticleIDs' for z = 12.0 using 8 thread(s) took 10.130841s
Reading in 'Subhalo/SubGroupNumber' for z = 12.0 using 8 thread(s) took 0.258118s
Reading in 'Subhalo/GroupNumber' for z = 12.0 using 8 thread(s) took 0.256562s
Reading in 'Subhalo/ApertureMeasurements/Mass/030kpc' for z = 12.0 using 8 thread(s) took 0.249654s
Reading in 'PartType0/Mass' for z = 12.0 using 8 thread(s) took 0.267788s
Reading in 'PartType0/ParticleIDs' for z = 13.0 using 8 thread(s) took 0.261121s
Reading in 'PartType0/GroupNumber' for z = 13.0 using 8 thread(s) took 0.234681s
Reading in 'PartType0/SubGroupNumber' for z = 13.0 using 8 thread(s) took 0.25692s
Reading in 'PartType0/GroupNumber' for z = 14.0 using 8 thread(s) took 0.262176s
Reading in 'PartType0/SubGroupNumber' for z = 14.0 using 8 thread(s) took 0.281515s
Reading in 'PartType0/ParticleIDs' for z = 14.0 using 8 thread(s) took 0.291058s
Reading in 'PartType0/GroupNumber' for z = 12.0 using 8 thread(s) took 0.302177s
Reading in 'PartType0/SubGroupNumber' for z = 12.0 using 8 thread(s) took 0.320617s
Reading in 'PartType0/ParticleIDs' for z = 12.0 using 8 thread(s) took 0.376132s
Graph progress:  0 % 19059.0
Graph progress:  1 % 19494.0
Graph progress:  2 % 8050.0
Graph progress:  3 % 5150.00001
Graph progress:  4 % 6996.00001
Graph progress:  5 % 10167.0
Graph progress:  6 % 20722.0
Graph progress:  7 % 785.0
Graph progress:  8 % 22937.0
Graph progress:  9 % 6974.0
Graph progress:  10 % 23576.0
Graph progress:  11 % 11732.0
Graph progress:  12 % 16542.0
Graph progress:  13 % 10145.0
Graph progress:  14 % 5737.0
Graph progress:  15 % 15947.0
Graph progress:  16 % 12504.0
Graph progress:  17 % 10014.0
Graph progress:  18 % 9117.0
Graph progress:  19 % 8970.0
Graph progress:  20 % 20926.0
Graph progress:  21 % 23843.0
Graph progress:  22 % 6233.0
Graph progress:  23 % 2268.00001
Graph progress:  24 % 2528.0
Graph progress:  25 % 10518.0
Graph progress:  26 % 7109.0
Graph progress:  27 % 15802.0
Graph progress:  28 % 18946.0
Graph progress:  29 % 9849.0
Graph progress:  30 % 1286.0
Graph progress:  31 % 2513.0
Graph progress:  32 % 6268.0
Graph progress:  33 % 13334.0
Graph progress:  34 % 16899.0
Graph progress:  35 % 8288.0
Graph progress:  36 % 6504.0
Graph progress:  37 % 403.0
Graph progress:  38 % 527.0
Graph progress:  39 % 7353.0
Graph progress:  40 % 23946.0
Graph progress:  41 % 12893.0
Graph progress:  42 % 16794.0
Graph progress:  43 % 12076.0
Graph progress:  44 % 17737.0
Graph progress:  45 % 20081.0
Graph progress:  46 % 18942.0
Graph progress:  47 % 8211.0
Graph progress:  48 % 10248.0
Graph progress:  49 % 18896.0
Graph progress:  50 % 4865.0
Graph progress:  51 % 5830.0
Graph progress:  52 % 16723.0
Graph progress:  53 % 4133.00001
Graph progress:  54 % 15780.0
Graph progress:  55 % 14010.0
Graph progress:  56 % 19660.0
Graph progress:  57 % 2921.00002
Graph progress:  58 % 9079.0
Graph progress:  59 % 23204.0
Graph progress:  60 % 21014.0
Graph progress:  61 % 13636.0
Graph progress:  62 % 23089.0
Graph progress:  63 % 19207.0
Graph progress:  64 % 8178.0
Graph progress:  65 % 612.0
Graph progress:  66 % 7329.0
Graph progress:  67 % 5057.0
Graph progress:  68 % 19185.0
Graph progress:  69 % 12221.0
Graph progress:  70 % 20446.0
Graph progress:  71 % 7416.0
Graph progress:  72 % 3444.0
Graph progress:  73 % 12697.0
Graph progress:  74 % 13660.0
Graph progress:  75 % 9041.0
Graph progress:  76 % 20847.0
Graph progress:  77 % 1980.0
Graph progress:  78 % 1205.0
Graph progress:  79 % 11927.0
Graph progress:  80 % 16370.0
Graph progress:  81 % 11644.0
Graph progress:  82 % 3645.0
Graph progress:  83 % 10774.0
Graph progress:  84 % 2222.00001
Graph progress:  85 % 931.0
Graph progress:  86 % 10800.0
Graph progress:  87 % 15153.0
Graph progress:  88 % 21650.0
Graph progress:  89 % 5520.0
Graph progress:  90 % 10926.0
Graph progress:  91 % 15742.0
Graph progress:  92 % 17954.0
Graph progress:  93 % 18750.0
Graph progress:  94 % 7864.0
Graph progress:  95 % 18324.0
Graph progress:  96 % 3863.0
Graph progress:  97 % 6690.0
Graph progress:  98 % 3175.0
Graph progress:  99 % 6047.0
Processed 27565 halos in snapshot 002_z013p000 of particle type 0
Write progress:  0 % 19059.0
Write progress:  1 % 820.00002
Write progress:  2 % 3476.0
Write progress:  3 % 8136.0
Write progress:  4 % 1910.0
Write progress:  5 % 11207.0
Write progress:  6 % 7642.0
Write progress:  7 % 11231.00001
Write progress:  8 % 7757.0
Write progress:  9 % 376.00001
Write progress:  10 % 7065.0
Write progress:  11 % 7458.0
Write progress:  12 % 13800.0
Write progress:  13 % 16230.0
Write progress:  14 % 19384.0
Write progress:  15 % 4839.0
Write progress:  16 % 3662.0
Write progress:  17 % 865.0
Write progress:  18 % 540.0
Write progress:  19 % 2573.0
Write progress:  20 % 18260.0
Write progress:  21 % 175.0
Write progress:  22 % 5998.0
Write progress:  23 % 14499.0
Write progress:  24 % 17068.0
Write progress:  25 % 6269.0
Write progress:  26 % 3205.0
Write progress:  27 % 12694.0
Write progress:  28 % 6427.0
Write progress:  29 % 7110.0
Write progress:  30 % 3469.0
Write progress:  31 % 9454.0
Write progress:  32 % 2251.0
Write progress:  33 % 18490.0
Write progress:  34 % 5905.0
Write progress:  35 % 18645.0
Write progress:  36 % 3681.00001
Write progress:  37 % 1184.00001
Write progress:  38 % 4994.0
Write progress:  39 % 1441.00001
Write progress:  40 % 14861.0
Write progress:  41 % 485.0
Write progress:  42 % 2624.0
Write progress:  43 % 3008.00001
Write progress:  44 % 10038.0
Write progress:  45 % 20081.0
Write progress:  46 % 368.00001
Write progress:  47 % 3858.0
Write progress:  48 % 22776.0
Write progress:  49 % 23483.0
Write progress:  50 % 23802.0
Write progress:  51 % 12643.0
Write progress:  52 % 18432.0
Write progress:  53 % 19107.0
Write progress:  54 % 15296.0
Write progress:  55 % 1354.0
Write progress:  56 % 19616.0
Write progress:  57 % 4636.0
Write progress:  58 % 5555.0
Write progress:  59 % 20508.0
Write progress:  60 % 7126.0
Write progress:  61 % 23777.0
Write progress:  62 % 3158.0
Write progress:  63 % 5860.0
Write progress:  64 % 8390.0
Write progress:  65 % 2836.0
Write progress:  66 % 10815.0
Write progress:  67 % 8176.0
Write progress:  68 % 12840.0
Write progress:  69 % 24019.0
Write progress:  70 % 13948.0
Write progress:  71 % 6846.0
Write progress:  72 % 8382.0
Write progress:  73 % 19364.0
Write progress:  74 % 9090.0
Write progress:  75 % 11469.0
Write progress:  76 % 11642.0
Write progress:  77 % 23391.0
Write progress:  78 % 1488.00001
Write progress:  79 % 4410.0
Write progress:  80 % 12215.0
Write progress:  81 % 8076.0
Write progress:  82 % 12386.0
Write progress:  83 % 44.0
Write progress:  84 % 6157.0
Write progress:  85 % 2281.0
Write progress:  86 % 4951.0
Write progress:  87 % 10931.0
Write progress:  88 % 1585.00001
Write progress:  89 % 1196.0
Write progress:  90 % 1451.00001
Write progress:  91 % 3870.0
Write progress:  92 % 4587.0
Write progress:  93 % 12574.0
Write progress:  94 % 6453.0
Write progress:  95 % 18299.0
Write progress:  96 % 3988.0
Write progress:  97 % 7227.0
Write progress:  98 % 11048.0
Write progress:  99 % 1313.0
Job done, info follows...
       JobID    JobName  Partition     MaxRSS    Elapsed ExitCode 
------------ ---------- ---------- ---------- ---------- -------- 
2042958_291  MEGA-FLAR+     cosma6              00:08:35      0:0 
2042958_291+     extern                         00:08:35      0:0 
