====
Starting job 2043202 at Thu 23 Apr 23:24:41 BST 2020 for user dc-rope1.
Running on nodes: m6527
====
107
('31', '010_z005p000', '011_z004p770', None)
Reading in 'PartType1/ParticleIDs' for z = 4.77 using 8 thread(s) took 8.538132s
Reading in 'PartType1/ParticleIDs' for z = 4.77 using 8 thread(s) took 5.06577s
Reading in 'PartType1/GroupNumber' for z = 4.77 using 8 thread(s) took 0.179975s
Reading in 'PartType1/SubGroupNumber' for z = 4.77 using 8 thread(s) took 0.211602s
Reading in 'PartType1/GroupNumber' for z = 5.0 using 8 thread(s) took 4.847691s
Reading in 'PartType1/SubGroupNumber' for z = 5.0 using 8 thread(s) took 0.680321s
Reading in 'PartType1/ParticleIDs' for z = 5.0 using 8 thread(s) took 0.38483s
Graph progress:  0 % 40823.0
Graph progress:  1 % 10706.0
Graph progress:  2 % 78356.0
Graph progress:  3 % 65955.0
Graph progress:  4 % 78419.0
Graph progress:  5 % 29080.0
Graph progress:  6 % 30455.0
Graph progress:  7 % 88542.0
Graph progress:  8 % 76706.0
Graph progress:  9 % 79776.0
Graph progress:  10 % 35006.0
Graph progress:  11 % 11033.0
Graph progress:  12 % 66928.0
Graph progress:  13 % 17297.0
Graph progress:  14 % 10207.0
Graph progress:  15 % 54039.0
Graph progress:  16 % 54837.0
Graph progress:  17 % 13621.0
Graph progress:  18 % 1591.0
Graph progress:  19 % 24414.0
Graph progress:  20 % 52119.0
Graph progress:  21 % 78713.0
Graph progress:  22 % 27078.0
Graph progress:  23 % 65251.0
Graph progress:  24 % 393.00001
Graph progress:  25 % 10538.00001
Graph progress:  26 % 76095.0
Graph progress:  27 % 17293.0
Graph progress:  28 % 579.00001
Graph progress:  29 % 1334.0
Graph progress:  30 % 57988.0
Graph progress:  31 % 61.00001
Graph progress:  32 % 906.00002
Graph progress:  33 % 73211.0
Graph progress:  34 % 12190.00001
Graph progress:  35 % 54761.0
Graph progress:  36 % 30117.0
Graph progress:  37 % 2511.0
Graph progress:  38 % 64735.0
Graph progress:  39 % 7475.0
Graph progress:  40 % 410.00001
Graph progress:  41 % 72537.0
Graph progress:  42 % 40399.0
Graph progress:  43 % 27641.0
Graph progress:  44 % 16262.0
Graph progress:  45 % 7.00004
Graph progress:  46 % 37433.0
Graph progress:  47 % 44279.0
Graph progress:  48 % 9201.0
Graph progress:  49 % 45824.0
Graph progress:  50 % 12510.0
Graph progress:  51 % 4835.00001
Graph progress:  52 % 88415.0
Graph progress:  53 % 8603.0
Graph progress:  54 % 52379.0
Graph progress:  55 % 80645.0
Graph progress:  56 % 12797.0
Graph progress:  57 % 1715.00002
Graph progress:  58 % 51712.0
Graph progress:  59 % 41443.0
Graph progress:  60 % 43913.0
Graph progress:  61 % 59527.0
Graph progress:  62 % 45153.0
Graph progress:  63 % 156.0
Graph progress:  64 % 5024.0
Graph progress:  65 % 83224.0
Graph progress:  66 % 56570.0
Graph progress:  67 % 27653.0
Graph progress:  68 % 37088.0
Graph progress:  69 % 26701.0
Graph progress:  70 % 81307.0
Graph progress:  71 % 28817.0
Graph progress:  72 % 62437.0
Graph progress:  73 % 50820.0
Graph progress:  74 % 34166.0
Graph progress:  75 % 49258.0
Graph progress:  76 % 43340.0
Graph progress:  77 % 77656.0
Graph progress:  78 % 66603.0
Graph progress:  79 % 60689.0
Graph progress:  80 % 17418.0
Graph progress:  81 % 13977.0
Graph progress:  82 % 7233.0
Graph progress:  83 % 41003.0
Graph progress:  84 % 15479.0
Graph progress:  85 % 65424.0
Graph progress:  86 % 47607.0
Graph progress:  87 % 25160.0
Graph progress:  88 % 32969.0
Graph progress:  89 % 2372.00001
Graph progress:  90 % 36123.0
Graph progress:  91 % 72374.0
Graph progress:  92 % 70499.0
Graph progress:  93 % 40829.0
Graph progress:  94 % 59378.0
Graph progress:  95 % 51270.0
Graph progress:  96 % 56760.0
Graph progress:  97 % 88331.0
Graph progress:  98 % 1409.00001
Graph progress:  99 % 30492.0
Processed 96990 halos in snapshot 011_z004p770 of particle type 1
Reading in 'PartType4/ParticleIDs' for z = 4.77 using 8 thread(s) took 1.763878s
Reading in 'PartType4/ParticleIDs' for z = 5.0 using 8 thread(s) took 3.063702s
Reading in 'Subhalo/SubGroupNumber' for z = 5.0 using 8 thread(s) took 3.309081s
Reading in 'Subhalo/GroupNumber' for z = 5.0 using 8 thread(s) took 0.574712s
Reading in 'Subhalo/ApertureMeasurements/Mass/030kpc' for z = 5.0 using 8 thread(s) took 0.306515s
Reading in 'PartType4/Mass' for z = 5.0 using 8 thread(s) took 0.19486s
Reading in 'PartType4/ParticleIDs' for z = 4.77 using 8 thread(s) took 0.192393s
Reading in 'PartType4/GroupNumber' for z = 4.77 using 8 thread(s) took 0.218317s
Reading in 'PartType4/SubGroupNumber' for z = 4.77 using 8 thread(s) took 0.233708s
Reading in 'PartType4/GroupNumber' for z = 5.0 using 8 thread(s) took 0.309918s
Reading in 'PartType4/SubGroupNumber' for z = 5.0 using 8 thread(s) took 0.324433s
Reading in 'PartType4/ParticleIDs' for z = 5.0 using 8 thread(s) took 0.250376s
Graph progress:  0 % 452.0
Graph progress:  1 % 4057.0
Graph progress:  2 % 2523.0
Graph progress:  3 % 13654.0
Graph progress:  4 % 8735.0
Graph progress:  5 % 258.00001
Graph progress:  6 % 18.00002
Graph progress:  7 % 3220.0
Graph progress:  8 % 21662.0
Graph progress:  9 % 7585.0
Graph progress:  10 % 16121.0
Graph progress:  11 % 6301.0
Graph progress:  12 % 1568.0
Graph progress:  13 % 2361.0
Graph progress:  14 % 22167.0
Graph progress:  15 % 2564.00001
Graph progress:  16 % 12313.0
Graph progress:  17 % 9075.0
Graph progress:  18 % 17923.0
Graph progress:  19 % 20872.0
Graph progress:  20 % 7893.0
Graph progress:  21 % 1647.0
Graph progress:  22 % 1914.0
Graph progress:  23 % 3356.00001
Graph progress:  24 % 4695.0
Graph progress:  25 % 7253.0
Graph progress:  26 % 9227.0
Graph progress:  27 % 18856.0
Graph progress:  28 % 5710.0
Graph progress:  29 % 1518.0
Graph progress:  30 % 511.0
Graph progress:  31 % 14379.0
Graph progress:  32 % 6351.0
Graph progress:  33 % 2833.00001
Graph progress:  34 % 1723.0
Graph progress:  35 % 3349.0
Graph progress:  36 % 1976.00001
Graph progress:  37 % 15657.0
Graph progress:  38 % 270.00003
Graph progress:  39 % 1634.00001
Graph progress:  40 % 2182.00001
Graph progress:  41 % 11561.0
Graph progress:  42 % 893.0
Graph progress:  43 % 1252.00002
Graph progress:  44 % 5145.0
Graph progress:  45 % 11248.0
Graph progress:  46 % 321.00004
Graph progress:  47 % 1795.0
Graph progress:  48 % 14.00002
Graph progress:  49 % 1146.0
Graph progress:  50 % 1035.0
Graph progress:  51 % 458.0
Graph progress:  52 % 13319.0
Graph progress:  53 % 14411.0
Graph progress:  54 % 21151.0
Graph progress:  55 % 71.00002
Graph progress:  56 % 105.00002
Graph progress:  57 % 13456.0
Graph progress:  58 % 9989.0
Graph progress:  59 % 15880.0
Graph progress:  60 % 4977.0
Graph progress:  61 % 1049.0
Graph progress:  62 % 608.00001
Graph progress:  63 % 1663.00001
Graph progress:  64 % 12161.0
Graph progress:  65 % 5.0
Graph progress:  66 % 9021.0
Graph progress:  67 % 710.00003
Graph progress:  68 % 3367.00001
Graph progress:  69 % 6905.0
Graph progress:  70 % 4085.0
Graph progress:  71 % 5075.0
Graph progress:  72 % 26105.0
Graph progress:  73 % 1592.0
Graph progress:  74 % 1025.0
Graph progress:  75 % 1860.0
Graph progress:  76 % 16633.0
Graph progress:  77 % 10223.0
Graph progress:  78 % 18476.0
Graph progress:  79 % 42.00001
Graph progress:  80 % 2263.0
Graph progress:  81 % 16826.0
Graph progress:  82 % 9427.0
Graph progress:  83 % 16731.0
Graph progress:  84 % 8776.0
Graph progress:  85 % 7311.0
Graph progress:  86 % 737.0
Graph progress:  87 % 1047.00001
Graph progress:  88 % 32098.0
Graph progress:  89 % 3719.0
Graph progress:  90 % 3281.0
Graph progress:  91 % 3498.00001
Graph progress:  92 % 2399.0
Graph progress:  93 % 6750.0
Graph progress:  94 % 25063.0
Graph progress:  95 % 7616.0
Graph progress:  96 % 7771.0
Graph progress:  97 % 5761.0
Graph progress:  98 % 466.00001
Graph progress:  99 % 8831.0
Processed 12090 halos in snapshot 011_z004p770 of particle type 4
Reading in 'PartType5/ParticleIDs' for z = 4.77 using 8 thread(s) took 1.302019s
Reading in 'PartType5/ParticleIDs' for z = 5.0 using 8 thread(s) took 3.470172s
Reading in 'Subhalo/SubGroupNumber' for z = 5.0 using 8 thread(s) took 0.309126s
Reading in 'Subhalo/GroupNumber' for z = 5.0 using 8 thread(s) took 0.256676s
Reading in 'Subhalo/ApertureMeasurements/Mass/030kpc' for z = 5.0 using 8 thread(s) took 0.256798s
Reading in 'PartType5/Mass' for z = 5.0 using 8 thread(s) took 0.760561s
Reading in 'PartType5/ParticleIDs' for z = 4.77 using 8 thread(s) took 0.381973s
Reading in 'PartType5/GroupNumber' for z = 4.77 using 8 thread(s) took 0.233247s
Reading in 'PartType5/SubGroupNumber' for z = 4.77 using 8 thread(s) took 0.195076s
Reading in 'PartType5/GroupNumber' for z = 5.0 using 8 thread(s) took 0.319922s
Reading in 'PartType5/SubGroupNumber' for z = 5.0 using 8 thread(s) took 0.311878s
Reading in 'PartType5/ParticleIDs' for z = 5.0 using 8 thread(s) took 0.877048s
Graph progress:  0 % 545.0
Graph progress:  1 % 16.0
Graph progress:  2 % 255.0
Graph progress:  3 % 605.0
Graph progress:  4 % 715.00001
Graph progress:  5 % 4.00002
Graph progress:  6 % 438.00002
Graph progress:  7 % 138.00002
Graph progress:  8 % 51.0
Graph progress:  9 % 177.00006
Graph progress:  10 % 18.0
Graph progress:  11 % 134.0
Graph progress:  12 % 626.00003
Graph progress:  13 % 4.0
Graph progress:  14 % 751.00002
Graph progress:  15 % 135.00006
Graph progress:  16 % 100.0
Graph progress:  17 % 761.0
Graph progress:  18 % 757.0
Graph progress:  19 % 216.0
Graph progress:  20 % 741.0
Graph progress:  21 % 783.0
Graph progress:  22 % 850.0
Graph progress:  23 % 380.0
Graph progress:  24 % 616.00001
Graph progress:  25 % 6523.0
Graph progress:  26 % 301.0
Graph progress:  27 % 193.0
Graph progress:  28 % 73.0001
Graph progress:  29 % 816.00001
Graph progress:  30 % 1712.0
Graph progress:  31 % 707.0
Graph progress:  32 % 770.0
Graph progress:  33 % 563.0
Graph progress:  34 % 377.0
Graph progress:  35 % 299.0
Graph progress:  36 % 270.0
Graph progress:  37 % 978.00001
Graph progress:  38 % 335.0
Graph progress:  39 % 290.00002
Graph progress:  40 % 32.0001
Graph progress:  41 % 43.0
Graph progress:  42 % 153.0
Graph progress:  43 % 417.0
Graph progress:  44 % 3.00001
Graph progress:  45 % 303.0
Graph progress:  46 % 325.0
Graph progress:  47 % 11.00001
Graph progress:  48 % 1.00003
Graph progress:  49 % 695.00001
Graph progress:  50 % 378.0
Graph progress:  51 % 455.00003
Graph progress:  52 % 1092.0
Graph progress:  53 % 529.0
Graph progress:  54 % 365.0
Graph progress:  55 % 7.00001
Graph progress:  56 % 890.00001
Graph progress:  57 % 806.0
Graph progress:  58 % 585.0
Graph progress:  59 % 821.0
Graph progress:  60 % 289.0
Graph progress:  61 % 532.00001
Graph progress:  62 % 976.0
Graph progress:  63 % 64.0
Graph progress:  64 % 730.00001
Graph progress:  65 % 771.00003
Graph progress:  66 % 66.00002
Graph progress:  67 % 710.0
Graph progress:  68 % 246.0
Graph progress:  69 % 560.0
Graph progress:  70 % 358.00003
Graph progress:  71 % 396.0
Graph progress:  72 % 5.0
Graph progress:  73 % 818.00003
Graph progress:  74 % 74.0
Graph progress:  75 % 786.00004
Graph progress:  76 % 160.00003
Graph progress:  77 % 21.0
Graph progress:  78 % 194.00003
Graph progress:  79 % 269.00001
Graph progress:  80 % 969.00002
Graph progress:  81 % 874.00001
Graph progress:  82 % 115.0
Graph progress:  83 % 628.0
Graph progress:  84 % 89.0
Graph progress:  85 % 819.00001
Graph progress:  86 % 800.0
Graph progress:  87 % 189.0
Graph progress:  88 % 719.00001
Graph progress:  89 % 407.00001
Graph progress:  90 % 500.0
Graph progress:  91 % 763.0
Graph progress:  92 % 1138.0
Graph progress:  93 % 688.00002
Graph progress:  94 % 491.0
Graph progress:  95 % 693.0
Graph progress:  96 % 711.00001
Graph progress:  97 % 466.0
Graph progress:  98 % 215.0
Graph progress:  99 % 399.0
Processed 1160 halos in snapshot 011_z004p770 of particle type 5
Reading in 'PartType0/ParticleIDs' for z = 4.77 using 8 thread(s) took 6.349949s
Reading in 'PartType0/ParticleIDs' for z = 5.0 using 8 thread(s) took 9.093592s
Reading in 'Subhalo/SubGroupNumber' for z = 5.0 using 8 thread(s) took 0.365767s
Reading in 'Subhalo/GroupNumber' for z = 5.0 using 8 thread(s) took 0.352796s
Reading in 'Subhalo/ApertureMeasurements/Mass/030kpc' for z = 5.0 using 8 thread(s) took 0.347538s
Reading in 'PartType0/Mass' for z = 5.0 using 8 thread(s) took 0.370722s
Reading in 'PartType0/ParticleIDs' for z = 4.77 using 8 thread(s) took 0.425991s
Reading in 'PartType0/GroupNumber' for z = 4.77 using 8 thread(s) took 0.374928s
Reading in 'PartType0/SubGroupNumber' for z = 4.77 using 8 thread(s) took 0.391726s
Reading in 'PartType0/GroupNumber' for z = 5.0 using 8 thread(s) took 0.41834s
Reading in 'PartType0/SubGroupNumber' for z = 5.0 using 8 thread(s) took 0.41061s
Reading in 'PartType0/ParticleIDs' for z = 5.0 using 8 thread(s) took 0.425637s
Graph progress:  0 % 69139.0
Graph progress:  1 % 87900.0
Graph progress:  2 % 5045.0
Graph progress:  3 % 51238.0
Graph progress:  4 % 12937.0
Graph progress:  5 % 47272.0
Graph progress:  6 % 61035.0
Graph progress:  7 % 82337.0
Graph progress:  8 % 72078.0
Graph progress:  9 % 6375.00001
Graph progress:  10 % 85888.0
Graph progress:  11 % 18.00009
Graph progress:  12 % 87914.0
Graph progress:  13 % 71696.0
Graph progress:  14 % 57279.0
Graph progress:  15 % 22385.0
Graph progress:  16 % 87290.0
Graph progress:  17 % 52782.0
Graph progress:  18 % 31638.0
Graph progress:  19 % 34355.0
Graph progress:  20 % 56266.0
Graph progress:  21 % 67340.0
Graph progress:  22 % 74762.0
Graph progress:  23 % 15640.0
Graph progress:  24 % 44127.0
Graph progress:  25 % 60487.0
Graph progress:  26 % 63231.0
Graph progress:  27 % 33312.0
Graph progress:  28 % 69702.0
Graph progress:  29 % 36154.0
Graph progress:  30 % 55587.0
Graph progress:  31 % 20174.0
Graph progress:  32 % 62197.0
Graph progress:  33 % 4503.0
Graph progress:  34 % 69456.0
Graph progress:  35 % 22853.0
Graph progress:  36 % 30515.0
Graph progress:  37 % 57494.0
Graph progress:  38 % 4746.0
Graph progress:  39 % 45308.0
Graph progress:  40 % 16200.0
Graph progress:  41 % 8495.0
Graph progress:  42 % 62651.0
Graph progress:  43 % 9872.0
Graph progress:  44 % 51127.0
Graph progress:  45 % 73099.0
Graph progress:  46 % 56910.0
Graph progress:  47 % 325.00003
Graph progress:  48 % 51746.0
Graph progress:  49 % 22094.0
Graph progress:  50 % 33200.0
Graph progress:  51 % 4506.00001
Graph progress:  52 % 19944.0
Graph progress:  53 % 3235.0
Graph progress:  54 % 6450.00001
Graph progress:  55 % 4392.00001
Graph progress:  56 % 3343.00001
Graph progress:  57 % 72551.0
Graph progress:  58 % 24487.0
Graph progress:  59 % 91.0
Graph progress:  60 % 17040.0
Graph progress:  61 % 21486.0
Graph progress:  62 % 64189.0
Graph progress:  63 % 15003.0
Graph progress:  64 % 21994.0
Graph progress:  65 % 358.0
Graph progress:  66 % 29402.0
Graph progress:  67 % 87613.0
Graph progress:  68 % 11366.0
Graph progress:  69 % 33694.0
Graph progress:  70 % 48171.0
Graph progress:  71 % 54332.0
Graph progress:  72 % 10.00008
Graph progress:  73 % 25729.0
Graph progress:  74 % 46689.0
Graph progress:  75 % 22180.0
Graph progress:  76 % 12899.0
Graph progress:  77 % 77628.0
Graph progress:  78 % 29963.0
Graph progress:  79 % 8102.0
Graph progress:  80 % 48715.0
Graph progress:  81 % 41720.0
Graph progress:  82 % 26980.0
Graph progress:  83 % 26850.0
Graph progress:  84 % 52898.0
Graph progress:  85 % 79960.0
Graph progress:  86 % 22192.0
Graph progress:  87 % 16243.0
Graph progress:  88 % 31005.0
Graph progress:  89 % 61449.0
Graph progress:  90 % 79679.0
Graph progress:  91 % 19335.0
Graph progress:  92 % 71741.0
Graph progress:  93 % 19323.0
Graph progress:  94 % 554.00001
Graph progress:  95 % 53877.0
Graph progress:  96 % 24511.0
Graph progress:  97 % 39137.0
Graph progress:  98 % 15914.0
Graph progress:  99 % 78974.0
Processed 88379 halos in snapshot 011_z004p770 of particle type 0
Write progress:  0 % 40823.0
Write progress:  1 % 10706.0
Write progress:  2 % 78356.0
Write progress:  3 % 65955.0
Write progress:  4 % 78419.0
Write progress:  5 % 29080.0
Write progress:  6 % 30455.0
Write progress:  7 % 88542.0
Write progress:  8 % 76706.0
Write progress:  9 % 79776.0
Write progress:  10 % 35006.0
Write progress:  11 % 11033.0
Write progress:  12 % 66928.0
Write progress:  13 % 17297.0
Write progress:  14 % 10207.0
Write progress:  15 % 54039.0
Write progress:  16 % 54837.0
Write progress:  17 % 13621.0
Write progress:  18 % 1591.0
Write progress:  19 % 24414.0
Write progress:  20 % 52119.0
Write progress:  21 % 78713.0
Write progress:  22 % 27078.0
Write progress:  23 % 65251.0
Write progress:  24 % 393.00001
Write progress:  25 % 10538.00001
Write progress:  26 % 76095.0
Write progress:  27 % 17293.0
Write progress:  28 % 579.00001
Write progress:  29 % 1334.0
Write progress:  30 % 57988.0
Write progress:  31 % 61.00001
Write progress:  32 % 906.00002
Write progress:  33 % 73211.0
Write progress:  34 % 12190.00001
Write progress:  35 % 54761.0
Write progress:  36 % 30117.0
Write progress:  37 % 2511.0
Write progress:  38 % 64735.0
Write progress:  39 % 7475.0
Write progress:  40 % 410.00001
Write progress:  41 % 72537.0
Write progress:  42 % 40399.0
Write progress:  43 % 27641.0
Write progress:  44 % 16262.0
Write progress:  45 % 7.00004
Write progress:  46 % 37433.0
Write progress:  47 % 44279.0
Write progress:  48 % 9201.0
Write progress:  49 % 45824.0
Write progress:  50 % 12510.0
Write progress:  51 % 4835.00001
Write progress:  52 % 88415.0
Write progress:  53 % 8603.0
Write progress:  54 % 52379.0
Write progress:  55 % 80645.0
Write progress:  56 % 12797.0
Write progress:  57 % 1715.00002
Write progress:  58 % 51712.0
Write progress:  59 % 41443.0
Write progress:  60 % 43913.0
Write progress:  61 % 59527.0
Write progress:  62 % 45153.0
Write progress:  63 % 156.0
Write progress:  64 % 5024.0
Write progress:  65 % 83224.0
Write progress:  66 % 56570.0
Write progress:  67 % 27653.0
Write progress:  68 % 37088.0
Write progress:  69 % 26701.0
Write progress:  70 % 81307.0
Write progress:  71 % 28817.0
Write progress:  72 % 62437.0
Write progress:  73 % 50820.0
Write progress:  74 % 34166.0
Write progress:  75 % 49258.0
Write progress:  76 % 43340.0
Write progress:  77 % 77656.0
Write progress:  78 % 66603.0
Write progress:  79 % 60689.0
Write progress:  80 % 17418.0
Write progress:  81 % 13977.0
Write progress:  82 % 7233.0
Write progress:  83 % 41003.0
Write progress:  84 % 15479.0
Write progress:  85 % 65424.0
Write progress:  86 % 47607.0
Write progress:  87 % 25160.0
Write progress:  88 % 32969.0
Write progress:  89 % 2372.00001
Write progress:  90 % 36123.0
Write progress:  91 % 72374.0
Write progress:  92 % 70499.0
Write progress:  93 % 40829.0
Write progress:  94 % 59378.0
Write progress:  95 % 51270.0
Write progress:  96 % 56760.0
Write progress:  97 % 88331.0
Write progress:  98 % 1409.00001
Write progress:  99 % 30492.0
Job done, info follows...
       JobID    JobName  Partition     MaxRSS    Elapsed ExitCode 
------------ ---------- ---------- ---------- ---------- -------- 
2042958_108  MEGA-FLAR+     cosma6              00:18:19      0:0 
2042958_108+     extern                         00:18:19      0:0 
