====
Starting job 2043255 at Thu 23 Apr 23:48:46 BST 2020 for user dc-rope1.
Running on nodes: m6488
====
159
('26', '002_z013p000', '003_z012p000', '004_z011p000')
Reading in 'PartType1/ParticleIDs' for z = 12.0 using 8 thread(s) took 8.137962s
Reading in 'PartType1/ParticleIDs' for z = 12.0 using 8 thread(s) took 0.158875s
Reading in 'PartType1/GroupNumber' for z = 12.0 using 8 thread(s) took 0.062744s
Reading in 'PartType1/SubGroupNumber' for z = 12.0 using 8 thread(s) took 0.072207s
Reading in 'PartType1/GroupNumber' for z = 13.0 using 8 thread(s) took 1.195967s
Reading in 'PartType1/SubGroupNumber' for z = 13.0 using 8 thread(s) took 0.217371s
Reading in 'PartType1/ParticleIDs' for z = 13.0 using 8 thread(s) took 0.120217s
Reading in 'PartType1/GroupNumber' for z = 11.0 using 8 thread(s) took 2.667257s
Reading in 'PartType1/SubGroupNumber' for z = 11.0 using 8 thread(s) took 0.186025s
Reading in 'PartType1/ParticleIDs' for z = 11.0 using 8 thread(s) took 0.151082s
Graph progress:  0 % 3254.0
Graph progress:  1 % 2646.0
Graph progress:  2 % 5634.0
Graph progress:  3 % 5324.0
Graph progress:  4 % 4906.0
Graph progress:  5 % 6117.0
Graph progress:  6 % 409.0
Graph progress:  7 % 6116.0
Graph progress:  8 % 611.0
Graph progress:  9 % 21.00002
Graph progress:  10 % 524.0
Graph progress:  11 % 103.00002
Graph progress:  12 % 139.0
Graph progress:  13 % 913.0
Graph progress:  14 % 6371.0
Graph progress:  15 % 50.00001
Graph progress:  16 % 100.00001
Graph progress:  17 % 7107.0
Graph progress:  18 % 5627.0
Graph progress:  19 % 2407.0
Graph progress:  20 % 4551.0
Graph progress:  21 % 742.0
Graph progress:  22 % 1751.0
Graph progress:  23 % 2680.0
Graph progress:  24 % 2731.0
Graph progress:  25 % 1400.00001
Graph progress:  26 % 3611.0
Graph progress:  27 % 1047.0
Graph progress:  28 % 2401.0
Graph progress:  29 % 7666.0
Graph progress:  30 % 7612.0
Graph progress:  31 % 7683.0
Graph progress:  32 % 5779.0
Graph progress:  33 % 7381.0
Graph progress:  34 % 5944.0
Graph progress:  35 % 2048.0
Graph progress:  36 % 6563.0
Graph progress:  37 % 7493.0
Graph progress:  38 % 1215.0
Graph progress:  39 % 1806.0
Graph progress:  40 % 2785.0
Graph progress:  41 % 362.00001
Graph progress:  42 % 2016.0
Graph progress:  43 % 167.00001
Graph progress:  44 % 7755.0
Graph progress:  45 % 2129.0
Graph progress:  46 % 1563.0
Graph progress:  47 % 1174.0
Graph progress:  48 % 4378.0
Graph progress:  49 % 4492.0
Graph progress:  50 % 4841.0
Graph progress:  51 % 1456.0
Graph progress:  52 % 3527.0
Graph progress:  53 % 5071.0
Graph progress:  54 % 7478.0
Graph progress:  55 % 2783.0
Graph progress:  56 % 3904.0
Graph progress:  57 % 7389.0
Graph progress:  58 % 6317.0
Graph progress:  59 % 1874.0
Graph progress:  60 % 7412.0
Graph progress:  61 % 4296.0
Graph progress:  62 % 6194.0
Graph progress:  63 % 229.00002
Graph progress:  64 % 1581.00001
Graph progress:  65 % 2512.0
Graph progress:  66 % 7059.0
Graph progress:  67 % 6929.0
Graph progress:  68 % 416.0
Graph progress:  69 % 5410.0
Graph progress:  70 % 6987.0
Graph progress:  71 % 7214.0
Graph progress:  72 % 1936.0
Graph progress:  73 % 1094.0
Graph progress:  74 % 1286.0
Graph progress:  75 % 7651.0
Graph progress:  76 % 2373.0
Graph progress:  77 % 6770.00001
Graph progress:  78 % 6381.00001
Graph progress:  79 % 674.0
Graph progress:  80 % 4336.0
Graph progress:  81 % 5455.0
Graph progress:  82 % 1626.0
Graph progress:  83 % 80.00002
Graph progress:  84 % 17.0
Graph progress:  85 % 127.0
Graph progress:  86 % 5420.0
Graph progress:  87 % 1506.0
Graph progress:  88 % 4902.0
Graph progress:  89 % 1472.0
Graph progress:  90 % 4679.0
Graph progress:  91 % 4981.0
Graph progress:  92 % 457.00001
Graph progress:  93 % 6906.0
Graph progress:  94 % 3209.00001
Graph progress:  95 % 2143.0
Graph progress:  96 % 6239.0
Graph progress:  97 % 7039.0
Graph progress:  98 % 159.0
Graph progress:  99 % 6423.0
Processed 8579 halos in snapshot 003_z012p000 of particle type 1
Reading in 'PartType4/ParticleIDs' for z = 12.0 using 8 thread(s) took 0.670274s
Reading in 'PartType4/ParticleIDs' for z = 13.0 using 8 thread(s) took 1.578707s
Reading in 'Subhalo/SubGroupNumber' for z = 13.0 using 8 thread(s) took 1.409012s
Reading in 'Subhalo/GroupNumber' for z = 13.0 using 8 thread(s) took 0.486225s
Reading in 'Subhalo/ApertureMeasurements/Mass/030kpc' for z = 13.0 using 8 thread(s) took 0.150718s
Reading in 'PartType4/Mass' for z = 13.0 using 8 thread(s) took 0.429253s
Reading in 'PartType4/ParticleIDs' for z = 11.0 using 8 thread(s) took 3.071591s
Reading in 'Subhalo/SubGroupNumber' for z = 11.0 using 8 thread(s) took 3.276545s
Reading in 'Subhalo/GroupNumber' for z = 11.0 using 8 thread(s) took 0.173605s
Reading in 'Subhalo/ApertureMeasurements/Mass/030kpc' for z = 11.0 using 8 thread(s) took 0.122222s
Reading in 'PartType4/Mass' for z = 11.0 using 8 thread(s) took 0.475244s
Reading in 'PartType4/ParticleIDs' for z = 12.0 using 8 thread(s) took 0.576801s
Reading in 'PartType4/GroupNumber' for z = 12.0 using 8 thread(s) took 0.120754s
Reading in 'PartType4/SubGroupNumber' for z = 12.0 using 8 thread(s) took 0.105515s
Reading in 'PartType4/GroupNumber' for z = 13.0 using 8 thread(s) took 0.290329s
Reading in 'PartType4/SubGroupNumber' for z = 13.0 using 8 thread(s) took 0.199473s
Reading in 'PartType4/ParticleIDs' for z = 13.0 using 8 thread(s) took 0.398507s
Reading in 'PartType4/GroupNumber' for z = 11.0 using 8 thread(s) took 0.555346s
Reading in 'PartType4/SubGroupNumber' for z = 11.0 using 8 thread(s) took 0.475722s
Reading in 'PartType4/ParticleIDs' for z = 11.0 using 8 thread(s) took 0.300182s
Graph progress:  0 % 681.0
Graph progress:  1 % 1200.0
Graph progress:  2 % 1191.0
Graph progress:  3 % 1166.0
Graph progress:  4 % 302.0
Graph progress:  5 % 1338.0
Graph progress:  6 % 967.0
Graph progress:  7 % 35.0
Graph progress:  8 % 308.0
Graph progress:  9 % 762.0
Graph progress:  10 % 632.0
Graph progress:  11 % 2253.0
Graph progress:  12 % 245.0
Graph progress:  13 % 212.0
Graph progress:  14 % 298.0
Graph progress:  15 % 106.0
Graph progress:  16 % 415.0
Graph progress:  17 % 291.0
Graph progress:  18 % 50.0
Graph progress:  19 % 375.0
Graph progress:  20 % 201.0
Graph progress:  21 % 3915.0
Graph progress:  22 % 3281.0
Graph progress:  23 % 3660.0
Graph progress:  24 % 3088.0
Graph progress:  25 % 196.00001
Graph progress:  26 % 32.0
Graph progress:  27 % 2376.0
Graph progress:  28 % 420.0
Graph progress:  29 % 473.0
Graph progress:  30 % 390.0
Graph progress:  31 % 1402.0
Graph progress:  32 % 623.0
Graph progress:  33 % 821.0
Graph progress:  34 % 1374.0
Graph progress:  35 % 1960.0
Graph progress:  36 % 3.0
Graph progress:  37 % 47.00001
Graph progress:  38 % 52.0
Graph progress:  39 % 944.0
Graph progress:  40 % 807.0
Graph progress:  41 % 1854.0
Graph progress:  42 % 2462.0
Graph progress:  43 % 1199.0
Graph progress:  44 % 789.0
Graph progress:  45 % 990.0
Graph progress:  46 % 698.0
Graph progress:  47 % 654.0
Graph progress:  48 % 669.0
Graph progress:  49 % 1147.0
Graph progress:  50 % 1274.0
Graph progress:  51 % 157.0
Graph progress:  52 % 1385.0
Graph progress:  53 % 295.0
Graph progress:  54 % 263.0
Graph progress:  55 % 1407.0
Graph progress:  56 % 563.0
Graph progress:  57 % 429.0
Graph progress:  58 % 197.0
Graph progress:  59 % 323.0
Graph progress:  60 % 83.0
Graph progress:  61 % 165.0
Graph progress:  62 % 1.00005
Graph progress:  63 % 498.0
Graph progress:  64 % 424.0
Graph progress:  65 % 119.00001
Graph progress:  66 % 368.0
Graph progress:  67 % 342.0
Graph progress:  68 % 230.0
Graph progress:  69 % 593.0
Graph progress:  70 % 775.0
Graph progress:  71 % 463.0
Graph progress:  72 % 480.0
Graph progress:  73 % 929.0
Graph progress:  74 % 422.0
Graph progress:  75 % 132.0
Graph progress:  76 % 579.0
Graph progress:  77 % 1491.0
Graph progress:  78 % 1864.0
Graph progress:  79 % 1071.0
Graph progress:  80 % 37.00001
Graph progress:  81 % 303.0
Graph progress:  82 % 127.0
Graph progress:  83 % 76.0
Graph progress:  84 % 181.0
Graph progress:  85 % 145.0
Graph progress:  86 % 840.0
Graph progress:  87 % 471.0
Graph progress:  88 % 6.0
Graph progress:  89 % 612.0
Graph progress:  90 % 836.0
Graph progress:  91 % 430.0
Graph progress:  92 % 2710.0
Graph progress:  93 % 1033.0
Graph progress:  94 % 108.0
Graph progress:  95 % 769.0
Graph progress:  96 % 1447.0
Graph progress:  97 % 16.00001
Graph progress:  98 % 374.0
Graph progress:  99 % 73.0
Processed 595 halos in snapshot 003_z012p000 of particle type 4
Reading in 'PartType5/ParticleIDs' for z = 12.0 using 8 thread(s) took 0.106586s
Reading in 'PartType5/ParticleIDs' for z = 13.0 using 8 thread(s) took 0.14489s
Reading in 'Subhalo/SubGroupNumber' for z = 13.0 using 8 thread(s) took 0.152645s
Reading in 'Subhalo/GroupNumber' for z = 13.0 using 8 thread(s) took 0.126786s
Reading in 'Subhalo/ApertureMeasurements/Mass/030kpc' for z = 13.0 using 8 thread(s) took 0.122511s
Reading in 'PartType5/Mass' for z = 13.0 using 8 thread(s) took 0.084901s
Reading in 'PartType5/ParticleIDs' for z = 11.0 using 8 thread(s) took 0.453163s
Reading in 'Subhalo/SubGroupNumber' for z = 11.0 using 8 thread(s) took 0.138775s
Reading in 'Subhalo/GroupNumber' for z = 11.0 using 8 thread(s) took 0.127665s
Reading in 'Subhalo/ApertureMeasurements/Mass/030kpc' for z = 11.0 using 8 thread(s) took 0.13342s
Reading in 'PartType5/Mass' for z = 11.0 using 8 thread(s) took 0.419516s
Reading in 'PartType5/ParticleIDs' for z = 12.0 using 8 thread(s) took 0.12319s
Reading in 'PartType5/GroupNumber' for z = 12.0 using 8 thread(s) took 0.103184s
Reading in 'PartType5/SubGroupNumber' for z = 12.0 using 8 thread(s) took 0.075499s
Reading in 'PartType5/GroupNumber' for z = 13.0 using 8 thread(s) took 0.071299s
Reading in 'PartType5/SubGroupNumber' for z = 13.0 using 8 thread(s) took 0.092412s
Reading in 'PartType5/ParticleIDs' for z = 13.0 using 8 thread(s) took 0.084263s
Reading in 'PartType5/GroupNumber' for z = 11.0 using 8 thread(s) took 0.087126s
Reading in 'PartType5/SubGroupNumber' for z = 11.0 using 8 thread(s) took 0.074401s
Reading in 'PartType5/ParticleIDs' for z = 11.0 using 8 thread(s) took 0.072965s
Graph progress:  0 % 4.0
Graph progress:  16 % 3.0
Graph progress:  33 % 5.0
Graph progress:  50 % 1.0
Graph progress:  66 % 6.0
Graph progress:  83 % 2.0
Processed 6 halos in snapshot 003_z012p000 of particle type 5
Reading in 'PartType0/ParticleIDs' for z = 12.0 using 8 thread(s) took 6.353471s
Reading in 'PartType0/ParticleIDs' for z = 13.0 using 8 thread(s) took 7.488057s
Reading in 'Subhalo/SubGroupNumber' for z = 13.0 using 8 thread(s) took 0.196136s
Reading in 'Subhalo/GroupNumber' for z = 13.0 using 8 thread(s) took 0.560562s
Reading in 'Subhalo/ApertureMeasurements/Mass/030kpc' for z = 13.0 using 8 thread(s) took 0.180033s
Reading in 'PartType0/Mass' for z = 13.0 using 8 thread(s) took 0.174443s
Reading in 'PartType0/ParticleIDs' for z = 11.0 using 8 thread(s) took 8.287493s
Reading in 'Subhalo/SubGroupNumber' for z = 11.0 using 8 thread(s) took 0.238399s
Reading in 'Subhalo/GroupNumber' for z = 11.0 using 8 thread(s) took 0.204407s
Reading in 'Subhalo/ApertureMeasurements/Mass/030kpc' for z = 11.0 using 8 thread(s) took 0.211716s
Reading in 'PartType0/Mass' for z = 11.0 using 8 thread(s) took 0.233403s
Reading in 'PartType0/ParticleIDs' for z = 12.0 using 8 thread(s) took 0.196673s
Reading in 'PartType0/GroupNumber' for z = 12.0 using 8 thread(s) took 0.17378s
Reading in 'PartType0/SubGroupNumber' for z = 12.0 using 8 thread(s) took 0.232555s
Reading in 'PartType0/GroupNumber' for z = 13.0 using 8 thread(s) took 0.212267s
Reading in 'PartType0/SubGroupNumber' for z = 13.0 using 8 thread(s) took 0.209931s
Reading in 'PartType0/ParticleIDs' for z = 13.0 using 8 thread(s) took 0.214511s
Reading in 'PartType0/GroupNumber' for z = 11.0 using 8 thread(s) took 0.185645s
Reading in 'PartType0/SubGroupNumber' for z = 11.0 using 8 thread(s) took 0.196361s
Reading in 'PartType0/ParticleIDs' for z = 11.0 using 8 thread(s) took 0.207154s
Graph progress:  0 % 1521.0
Graph progress:  1 % 220.0
Graph progress:  2 % 3251.0
Graph progress:  3 % 1814.0
Graph progress:  4 % 832.0
Graph progress:  5 % 5597.0
Graph progress:  6 % 155.00001
Graph progress:  7 % 225.0
Graph progress:  8 % 3390.0
Graph progress:  9 % 21.00001
Graph progress:  10 % 1448.0
Graph progress:  11 % 627.00001
Graph progress:  12 % 292.0
Graph progress:  13 % 4990.0
Graph progress:  14 % 226.00002
Graph progress:  15 % 468.0
Graph progress:  16 % 100.00002
Graph progress:  17 % 4278.0
Graph progress:  18 % 7278.0
Graph progress:  19 % 3674.0
Graph progress:  20 % 2679.0
Graph progress:  21 % 6457.0
Graph progress:  22 % 4708.0
Graph progress:  23 % 5715.0
Graph progress:  24 % 2325.0
Graph progress:  25 % 2082.0
Graph progress:  26 % 564.0
Graph progress:  27 % 2614.0
Graph progress:  28 % 254.0
Graph progress:  29 % 60.0
Graph progress:  30 % 1635.0
Graph progress:  31 % 3129.0
Graph progress:  32 % 5373.0
Graph progress:  33 % 152.00001
Graph progress:  34 % 146.00001
Graph progress:  35 % 7595.0
Graph progress:  36 % 7725.0
Graph progress:  37 % 7493.0
Graph progress:  38 % 2538.0
Graph progress:  39 % 1197.0
Graph progress:  40 % 3079.0
Graph progress:  41 % 1979.0
Graph progress:  42 % 2016.0
Graph progress:  43 % 835.00001
Graph progress:  44 % 6053.0
Graph progress:  45 % 3695.0
Graph progress:  46 % 1808.0
Graph progress:  47 % 2670.0
Graph progress:  48 % 758.00001
Graph progress:  49 % 7371.0
Graph progress:  50 % 7590.0
Graph progress:  51 % 6690.0
Graph progress:  52 % 3577.0
Graph progress:  53 % 6396.0
Graph progress:  54 % 3410.0
Graph progress:  55 % 6687.0
Graph progress:  56 % 7566.0
Graph progress:  57 % 726.0
Graph progress:  58 % 4738.0
Graph progress:  59 % 5564.0
Graph progress:  60 % 7521.0
Graph progress:  61 % 4576.0
Graph progress:  62 % 2389.0
Graph progress:  63 % 825.00001
Graph progress:  64 % 871.0
Graph progress:  65 % 4865.0
Graph progress:  66 % 2512.0
Graph progress:  67 % 1664.0
Graph progress:  68 % 2829.0
Graph progress:  69 % 340.0
Graph progress:  70 % 2386.0
Graph progress:  71 % 3302.0
Graph progress:  72 % 58.00001
Graph progress:  73 % 2179.0
Graph progress:  74 % 3187.0
Graph progress:  75 % 413.00001
Graph progress:  76 % 4877.0
Graph progress:  77 % 1838.0
Graph progress:  78 % 7273.0
Graph progress:  79 % 3099.0
Graph progress:  80 % 7794.0
Graph progress:  81 % 5747.0
Graph progress:  82 % 7395.0
Graph progress:  83 % 5591.0
Graph progress:  84 % 6251.0
Graph progress:  85 % 1990.0
Graph progress:  86 % 2323.0
Graph progress:  87 % 2712.0
Graph progress:  88 % 4728.0
Graph progress:  89 % 7704.0
Graph progress:  90 % 3085.0
Graph progress:  91 % 6378.0
Graph progress:  92 % 3511.0
Graph progress:  93 % 72.00003
Graph progress:  94 % 4421.0
Graph progress:  95 % 2624.0
Graph progress:  96 % 4984.0
Graph progress:  97 % 2106.0
Graph progress:  98 % 5250.0
Graph progress:  99 % 2751.0
Processed 8577 halos in snapshot 003_z012p000 of particle type 0
Write progress:  0 % 3254.0
Write progress:  1 % 2646.0
Write progress:  2 % 5634.0
Write progress:  3 % 5324.0
Write progress:  4 % 4906.0
Write progress:  5 % 6117.0
Write progress:  6 % 409.0
Write progress:  7 % 6116.0
Write progress:  8 % 611.0
Write progress:  9 % 21.00002
Write progress:  10 % 524.0
Write progress:  11 % 103.00002
Write progress:  12 % 139.0
Write progress:  13 % 913.0
Write progress:  14 % 6371.0
Write progress:  15 % 50.00001
Write progress:  16 % 100.00001
Write progress:  17 % 7107.0
Write progress:  18 % 5627.0
Write progress:  19 % 2407.0
Write progress:  20 % 4551.0
Write progress:  21 % 742.0
Write progress:  22 % 1751.0
Write progress:  23 % 2680.0
Write progress:  24 % 2731.0
Write progress:  25 % 1400.00001
Write progress:  26 % 3611.0
Write progress:  27 % 1047.0
Write progress:  28 % 2401.0
Write progress:  29 % 7666.0
Write progress:  30 % 7612.0
Write progress:  31 % 7683.0
Write progress:  32 % 5779.0
Write progress:  33 % 7381.0
Write progress:  34 % 5944.0
Write progress:  35 % 2048.0
Write progress:  36 % 6563.0
Write progress:  37 % 7493.0
Write progress:  38 % 1215.0
Write progress:  39 % 1806.0
Write progress:  40 % 2785.0
Write progress:  41 % 362.00001
Write progress:  42 % 2016.0
Write progress:  43 % 167.00001
Write progress:  44 % 7755.0
Write progress:  45 % 2129.0
Write progress:  46 % 1563.0
Write progress:  47 % 1174.0
Write progress:  48 % 4378.0
Write progress:  49 % 4492.0
Write progress:  50 % 4841.0
Write progress:  51 % 1456.0
Write progress:  52 % 3527.0
Write progress:  53 % 5071.0
Write progress:  54 % 7478.0
Write progress:  55 % 2783.0
Write progress:  56 % 3904.0
Write progress:  57 % 7389.0
Write progress:  58 % 6317.0
Write progress:  59 % 1874.0
Write progress:  60 % 7412.0
Write progress:  61 % 4296.0
Write progress:  62 % 6194.0
Write progress:  63 % 229.00002
Write progress:  64 % 1581.00001
Write progress:  65 % 2512.0
Write progress:  66 % 7059.0
Write progress:  67 % 6929.0
Write progress:  68 % 416.0
Write progress:  69 % 5410.0
Write progress:  70 % 6987.0
Write progress:  71 % 7214.0
Write progress:  72 % 1936.0
Write progress:  73 % 1094.0
Write progress:  74 % 1286.0
Write progress:  75 % 7651.0
Write progress:  76 % 2373.0
Write progress:  77 % 6770.00001
Write progress:  78 % 6381.00001
Write progress:  79 % 674.0
Write progress:  80 % 4336.0
Write progress:  81 % 5455.0
Write progress:  82 % 1626.0
Write progress:  83 % 80.00002
Write progress:  84 % 17.0
Write progress:  85 % 127.0
Write progress:  86 % 5420.0
Write progress:  87 % 1506.0
Write progress:  88 % 4902.0
Write progress:  89 % 1472.0
Write progress:  90 % 4679.0
Write progress:  91 % 4981.0
Write progress:  92 % 457.00001
Write progress:  93 % 6906.0
Write progress:  94 % 3209.00001
Write progress:  95 % 2143.0
Write progress:  96 % 6239.0
Write progress:  97 % 7039.0
Write progress:  98 % 159.0
Write progress:  99 % 6423.0
Job done, info follows...
       JobID    JobName  Partition     MaxRSS    Elapsed ExitCode 
------------ ---------- ---------- ---------- ---------- -------- 
2042958_160  MEGA-FLAR+     cosma6              00:04:03      0:0 
2042958_160+     extern                         00:04:03      0:0 
