====
Starting job 2043604 at Fri 24 Apr 02:57:09 BST 2020 for user dc-rope1.
Running on nodes: m6311
====
463
('01', '006_z009p000', '007_z008p000', '008_z007p000')
Reading in 'PartType1/ParticleIDs' for z = 8.0 using 8 thread(s) took 12.077382s
Reading in 'PartType1/ParticleIDs' for z = 8.0 using 8 thread(s) took 3.70186s
Reading in 'PartType1/GroupNumber' for z = 8.0 using 8 thread(s) took 1.88391s
Reading in 'PartType1/SubGroupNumber' for z = 8.0 using 8 thread(s) took 0.387954s
Reading in 'PartType1/GroupNumber' for z = 9.0 using 8 thread(s) took 2.455673s
Reading in 'PartType1/SubGroupNumber' for z = 9.0 using 8 thread(s) took 0.813666s
Reading in 'PartType1/ParticleIDs' for z = 9.0 using 8 thread(s) took 1.197892s
Reading in 'PartType1/GroupNumber' for z = 7.0 using 8 thread(s) took 1.655528s
Reading in 'PartType1/SubGroupNumber' for z = 7.0 using 8 thread(s) took 1.182638s
Reading in 'PartType1/ParticleIDs' for z = 7.0 using 8 thread(s) took 3.140248s
Graph progress:  0 % 1308.0
Graph progress:  1 % 17977.0
Graph progress:  2 % 1824.0
Graph progress:  3 % 19047.0
Graph progress:  4 % 84670.0
Graph progress:  5 % 99550.0
Graph progress:  6 % 128644.0
Graph progress:  7 % 105715.0
Graph progress:  8 % 24353.00001
Graph progress:  9 % 130.00005
Graph progress:  10 % 96206.0
Graph progress:  11 % 132824.0
Graph progress:  12 % 60638.0
Graph progress:  13 % 196352.0
Graph progress:  14 % 84635.0
Graph progress:  15 % 164027.0
Graph progress:  16 % 161968.0
Graph progress:  17 % 23138.0
Graph progress:  18 % 57196.0
Graph progress:  19 % 72482.0
Graph progress:  20 % 32122.0
Graph progress:  21 % 196197.0
Graph progress:  22 % 45685.0
Graph progress:  23 % 25553.0
Graph progress:  24 % 78324.0
Graph progress:  25 % 149248.0
Graph progress:  26 % 210659.0
Graph progress:  27 % 175327.0
Graph progress:  28 % 23441.0
Graph progress:  29 % 2862.00001
Graph progress:  30 % 139627.0
Graph progress:  31 % 16865.00001
Graph progress:  32 % 29004.0
Graph progress:  33 % 236593.0
Graph progress:  34 % 103391.0
Graph progress:  35 % 239448.0
Graph progress:  36 % 216831.0
Graph progress:  37 % 208866.0
Graph progress:  38 % 20266.0
Graph progress:  39 % 169184.0
Graph progress:  40 % 15025.0
Graph progress:  41 % 123569.0
Graph progress:  42 % 559.00003
Graph progress:  43 % 99643.0
Graph progress:  44 % 7247.00003
Graph progress:  45 % 169117.0
Graph progress:  46 % 95311.0
Graph progress:  47 % 113564.0
Graph progress:  48 % 187604.0
Graph progress:  49 % 8925.00002
Graph progress:  50 % 178320.0
Graph progress:  51 % 8550.0
Graph progress:  52 % 3382.0
Graph progress:  53 % 237882.0
Graph progress:  54 % 207104.0
Graph progress:  55 % 10148.0
Graph progress:  56 % 65260.0
Graph progress:  57 % 237599.0
Graph progress:  58 % 103356.0
Graph progress:  59 % 66911.0
Graph progress:  60 % 22562.0
Graph progress:  61 % 47231.0
Graph progress:  62 % 69554.0
Graph progress:  63 % 214728.0
Graph progress:  64 % 167219.0
Graph progress:  65 % 153897.0
Graph progress:  66 % 229631.0
Graph progress:  67 % 210431.0
Graph progress:  68 % 37005.00001
Graph progress:  69 % 206377.0
Graph progress:  70 % 67227.0
Graph progress:  71 % 104512.0
Graph progress:  72 % 43318.00001
Graph progress:  73 % 231020.0
Graph progress:  74 % 209360.0
Graph progress:  75 % 177499.0
Graph progress:  76 % 8334.0
Graph progress:  77 % 13003.00001
Graph progress:  78 % 225272.0
Graph progress:  79 % 128166.0
Graph progress:  80 % 93364.0
Graph progress:  81 % 27630.0
Graph progress:  82 % 165992.0
Graph progress:  83 % 191371.0
Graph progress:  84 % 196985.0
Graph progress:  85 % 7962.0
Graph progress:  86 % 130262.0
Graph progress:  87 % 8439.0
Graph progress:  88 % 110572.0
Graph progress:  89 % 77874.0
Graph progress:  90 % 69684.00001
Graph progress:  91 % 4121.00001
Graph progress:  92 % 35967.0
Graph progress:  93 % 38311.0
Graph progress:  94 % 127842.0
Graph progress:  95 % 66848.0
Graph progress:  96 % 113874.0
Graph progress:  97 % 188984.0
Graph progress:  98 % 14194.00001
Graph progress:  99 % 113799.0
Processed 283386 halos in snapshot 007_z008p000 of particle type 1
Reading in 'PartType4/ParticleIDs' for z = 8.0 using 8 thread(s) took 1.612503s
Reading in 'PartType4/ParticleIDs' for z = 9.0 using 8 thread(s) took 2.689449s
Reading in 'Subhalo/SubGroupNumber' for z = 9.0 using 8 thread(s) took 4.086641s
Reading in 'Subhalo/GroupNumber' for z = 9.0 using 8 thread(s) took 1.082155s
Reading in 'Subhalo/ApertureMeasurements/Mass/030kpc' for z = 9.0 using 8 thread(s) took 0.790438s
Reading in 'PartType4/Mass' for z = 9.0 using 8 thread(s) took 0.816113s
Reading in 'PartType4/ParticleIDs' for z = 7.0 using 8 thread(s) took 4.933572s
Reading in 'Subhalo/SubGroupNumber' for z = 7.0 using 8 thread(s) took 8.449463s
Reading in 'Subhalo/GroupNumber' for z = 7.0 using 8 thread(s) took 1.414847s
Reading in 'Subhalo/ApertureMeasurements/Mass/030kpc' for z = 7.0 using 8 thread(s) took 1.347829s
Reading in 'PartType4/Mass' for z = 7.0 using 8 thread(s) took 0.864424s
Reading in 'PartType4/ParticleIDs' for z = 8.0 using 8 thread(s) took 1.859316s
Reading in 'PartType4/GroupNumber' for z = 8.0 using 8 thread(s) took 1.034861s
Reading in 'PartType4/SubGroupNumber' for z = 8.0 using 8 thread(s) took 1.298228s
Reading in 'PartType4/GroupNumber' for z = 9.0 using 8 thread(s) took 0.624438s
Reading in 'PartType4/SubGroupNumber' for z = 9.0 using 8 thread(s) took 0.7782s
Reading in 'PartType4/ParticleIDs' for z = 9.0 using 8 thread(s) took 0.646496s
Reading in 'PartType4/GroupNumber' for z = 7.0 using 8 thread(s) took 0.54134s
Reading in 'PartType4/SubGroupNumber' for z = 7.0 using 8 thread(s) took 1.324821s
Reading in 'PartType4/ParticleIDs' for z = 7.0 using 8 thread(s) took 0.72372s
Graph progress:  0 % 1555.00004
Graph progress:  1 % 149.00004
Graph progress:  2 % 56753.0
Graph progress:  3 % 2114.00005
Graph progress:  4 % 4926.0
Graph progress:  5 % 34564.0
Graph progress:  6 % 4383.00001
Graph progress:  7 % 65721.0
Graph progress:  8 % 805.0
Graph progress:  9 % 16044.0
Graph progress:  10 % 12816.0
Graph progress:  11 % 16660.00001
Graph progress:  12 % 567.00001
Graph progress:  13 % 438.00004
Graph progress:  14 % 23350.0
Graph progress:  15 % 12759.0
Graph progress:  16 % 24766.0
Graph progress:  17 % 366.00005
Graph progress:  18 % 18757.0
Graph progress:  19 % 2396.00004
Graph progress:  20 % 15130.0
Graph progress:  21 % 15971.0
Graph progress:  22 % 8744.00002
Graph progress:  23 % 241.00011
Graph progress:  24 % 1549.00003
Graph progress:  25 % 5.0
Graph progress:  26 % 52864.0
Graph progress:  27 % 37253.0
Graph progress:  28 % 4428.0
Graph progress:  29 % 14895.0
Graph progress:  30 % 18786.0
Graph progress:  31 % 8767.0
Graph progress:  32 % 1399.00002
Graph progress:  33 % 14936.0
Graph progress:  34 % 6957.0
Graph progress:  35 % 20638.0
Graph progress:  36 % 19056.0
Graph progress:  37 % 15879.00001
Graph progress:  38 % 40393.0
Graph progress:  39 % 40409.0
Graph progress:  40 % 9455.0
Graph progress:  41 % 1394.0
Graph progress:  42 % 46799.0
Graph progress:  43 % 4758.00001
Graph progress:  44 % 33636.0
Graph progress:  45 % 11482.0
Graph progress:  46 % 915.0
Graph progress:  47 % 17510.0
Graph progress:  48 % 2208.0
Graph progress:  49 % 1.00051
Graph progress:  50 % 64817.0
Graph progress:  51 % 88556.0
Graph progress:  52 % 68809.0
Graph progress:  53 % 104560.0
Graph progress:  54 % 40020.0
Graph progress:  55 % 6710.0
Graph progress:  56 % 137189.0
Graph progress:  57 % 31537.0
Graph progress:  58 % 21428.0
Graph progress:  59 % 264.00003
Graph progress:  60 % 517.00002
Graph progress:  61 % 1317.0
Graph progress:  62 % 25948.0
Graph progress:  63 % 38245.0
Graph progress:  64 % 2927.0
Graph progress:  65 % 24997.0
Graph progress:  66 % 7968.00001
Graph progress:  67 % 39418.0
Graph progress:  68 % 3916.0
Graph progress:  69 % 473.0
Graph progress:  70 % 7.0002
Graph progress:  71 % 3854.0
Graph progress:  72 % 62576.0
Graph progress:  73 % 1251.00004
Graph progress:  74 % 16803.0
Graph progress:  75 % 13540.0
Graph progress:  76 % 40341.0
Graph progress:  77 % 3490.00004
Graph progress:  78 % 12981.00001
Graph progress:  79 % 36185.0
Graph progress:  80 % 13645.0
Graph progress:  81 % 14832.00001
Graph progress:  82 % 8912.00001
Graph progress:  83 % 27971.0
Graph progress:  84 % 3581.0
Graph progress:  85 % 9134.0
Graph progress:  86 % 29825.0
Graph progress:  87 % 7282.0
Graph progress:  88 % 6290.0
Graph progress:  89 % 3455.00001
Graph progress:  90 % 18828.0
Graph progress:  91 % 109537.0
Graph progress:  92 % 94902.0
Graph progress:  93 % 10190.0
Graph progress:  94 % 6673.00001
Graph progress:  95 % 863.00005
Graph progress:  96 % 10476.0
Graph progress:  97 % 7936.0
Graph progress:  98 % 19954.0
Graph progress:  99 % 2969.0
Processed 42413 halos in snapshot 007_z008p000 of particle type 4
Reading in 'PartType5/ParticleIDs' for z = 8.0 using 8 thread(s) took 1.938098s
Reading in 'PartType5/ParticleIDs' for z = 9.0 using 8 thread(s) took 2.627318s
Reading in 'Subhalo/SubGroupNumber' for z = 9.0 using 8 thread(s) took 0.662531s
Reading in 'Subhalo/GroupNumber' for z = 9.0 using 8 thread(s) took 0.594009s
Reading in 'Subhalo/ApertureMeasurements/Mass/030kpc' for z = 9.0 using 8 thread(s) took 0.620366s
Reading in 'PartType5/Mass' for z = 9.0 using 8 thread(s) took 1.266301s
Reading in 'PartType5/ParticleIDs' for z = 7.0 using 8 thread(s) took 2.661345s
Reading in 'Subhalo/SubGroupNumber' for z = 7.0 using 8 thread(s) took 0.650294s
Reading in 'Subhalo/GroupNumber' for z = 7.0 using 8 thread(s) took 0.601454s
Reading in 'Subhalo/ApertureMeasurements/Mass/030kpc' for z = 7.0 using 8 thread(s) took 0.642479s
Reading in 'PartType5/Mass' for z = 7.0 using 8 thread(s) took 1.114419s
Reading in 'PartType5/ParticleIDs' for z = 8.0 using 8 thread(s) took 0.965783s
Reading in 'PartType5/GroupNumber' for z = 8.0 using 8 thread(s) took 0.640032s
Reading in 'PartType5/SubGroupNumber' for z = 8.0 using 8 thread(s) took 0.867185s
Reading in 'PartType5/GroupNumber' for z = 9.0 using 8 thread(s) took 0.744523s
Reading in 'PartType5/SubGroupNumber' for z = 9.0 using 8 thread(s) took 0.572956s
Reading in 'PartType5/ParticleIDs' for z = 9.0 using 8 thread(s) took 1.773137s
Reading in 'PartType5/GroupNumber' for z = 7.0 using 8 thread(s) took 0.751985s
Reading in 'PartType5/SubGroupNumber' for z = 7.0 using 8 thread(s) took 0.666481s
Reading in 'PartType5/ParticleIDs' for z = 7.0 using 8 thread(s) took 0.800892s
Graph progress:  0 % 22014.0
Graph progress:  1 % 1055.0
Graph progress:  2 % 677.0
Graph progress:  3 % 1018.00001
Graph progress:  4 % 1206.0
Graph progress:  5 % 1070.00002
Graph progress:  6 % 11736.0
Graph progress:  7 % 94.00008
Graph progress:  8 % 1352.0
Graph progress:  9 % 695.00004
Graph progress:  10 % 334.0
Graph progress:  11 % 2466.0
Graph progress:  12 % 1400.00004
Graph progress:  13 % 1642.00001
Graph progress:  14 % 1001.00005
Graph progress:  15 % 1544.00002
Graph progress:  16 % 3552.0
Graph progress:  17 % 418.0
Graph progress:  18 % 2200.00002
Graph progress:  19 % 367.00002
Graph progress:  20 % 1337.0
Graph progress:  21 % 456.0
Graph progress:  22 % 2397.00004
Graph progress:  23 % 1501.00004
Graph progress:  24 % 853.0
Graph progress:  25 % 934.00005
Graph progress:  26 % 2763.0
Graph progress:  27 % 926.00003
Graph progress:  28 % 1393.00002
Graph progress:  29 % 1808.0
Graph progress:  30 % 1654.00002
Graph progress:  31 % 73.00006
Graph progress:  32 % 657.0
Graph progress:  33 % 936.00005
Graph progress:  34 % 109.0001
Graph progress:  35 % 827.0
Graph progress:  36 % 602.0
Graph progress:  37 % 558.0
Graph progress:  38 % 2204.0
Graph progress:  39 % 1640.0
Graph progress:  40 % 1359.00002
Graph progress:  41 % 1246.00003
Graph progress:  42 % 2893.0
Graph progress:  43 % 321.0
Graph progress:  44 % 1813.00003
Graph progress:  45 % 915.0
Graph progress:  46 % 1323.00001
Graph progress:  47 % 1636.0
Graph progress:  48 % 273.0
Graph progress:  49 % 217.0
Graph progress:  50 % 1134.0001
Graph progress:  51 % 1442.00002
Graph progress:  52 % 1185.0
Graph progress:  53 % 2429.00005
Graph progress:  54 % 19490.00001
Graph progress:  55 % 2244.00002
Graph progress:  56 % 2271.00003
Graph progress:  57 % 1111.0
Graph progress:  58 % 8750.00001
Graph progress:  59 % 3464.0
Graph progress:  60 % 16873.0
Graph progress:  61 % 685.00007
Graph progress:  62 % 30941.0
Graph progress:  63 % 1974.0
Graph progress:  64 % 408.0
Graph progress:  65 % 24779.0
Graph progress:  66 % 620.0
Graph progress:  67 % 1021.00002
Graph progress:  68 % 7.00025
Graph progress:  69 % 163.0001
Graph progress:  70 % 740.0
Graph progress:  71 % 568.0
Graph progress:  72 % 152.00001
Graph progress:  73 % 1251.0
Graph progress:  74 % 1236.00003
Graph progress:  75 % 1077.00002
Graph progress:  76 % 1335.00001
Graph progress:  77 % 1154.0
Graph progress:  78 % 62.00002
Graph progress:  79 % 224.00001
Graph progress:  80 % 1353.0
Graph progress:  81 % 46215.0
Graph progress:  82 % 1998.00001
Graph progress:  83 % 21.00016
Graph progress:  84 % 3716.0
Graph progress:  85 % 3686.0
Graph progress:  86 % 1548.00002
Graph progress:  87 % 3243.0
Graph progress:  88 % 1269.00004
Graph progress:  89 % 106.0
Graph progress:  90 % 108.0
Graph progress:  91 % 3091.0
Graph progress:  92 % 2135.0
Graph progress:  93 % 1275.0
Graph progress:  94 % 1003.00003
Graph progress:  95 % 135.00007
Graph progress:  96 % 1898.0
Graph progress:  97 % 181.00003
Graph progress:  98 % 447.0
Graph progress:  99 % 2380.00002
Processed 3003 halos in snapshot 007_z008p000 of particle type 5
Reading in 'PartType0/ParticleIDs' for z = 8.0 using 8 thread(s) took 10.924413s
Reading in 'PartType0/ParticleIDs' for z = 9.0 using 8 thread(s) took 11.433602s
Reading in 'Subhalo/SubGroupNumber' for z = 9.0 using 8 thread(s) took 0.628803s
Reading in 'Subhalo/GroupNumber' for z = 9.0 using 8 thread(s) took 0.639817s
Reading in 'Subhalo/ApertureMeasurements/Mass/030kpc' for z = 9.0 using 8 thread(s) took 0.634994s
Reading in 'PartType0/Mass' for z = 9.0 using 8 thread(s) took 0.967261s
Reading in 'PartType0/ParticleIDs' for z = 7.0 using 8 thread(s) took 12.008054s
Reading in 'Subhalo/SubGroupNumber' for z = 7.0 using 8 thread(s) took 0.726779s
Reading in 'Subhalo/GroupNumber' for z = 7.0 using 8 thread(s) took 0.629392s
Reading in 'Subhalo/ApertureMeasurements/Mass/030kpc' for z = 7.0 using 8 thread(s) took 0.75237s
Reading in 'PartType0/Mass' for z = 7.0 using 8 thread(s) took 1.058351s
Reading in 'PartType0/ParticleIDs' for z = 8.0 using 8 thread(s) took 3.412508s
Reading in 'PartType0/GroupNumber' for z = 8.0 using 8 thread(s) took 1.204421s
Reading in 'PartType0/SubGroupNumber' for z = 8.0 using 8 thread(s) took 1.066937s
Reading in 'PartType0/GroupNumber' for z = 9.0 using 8 thread(s) took 1.39859s
Reading in 'PartType0/SubGroupNumber' for z = 9.0 using 8 thread(s) took 0.9609s
Reading in 'PartType0/ParticleIDs' for z = 9.0 using 8 thread(s) took 1.553454s
Reading in 'PartType0/GroupNumber' for z = 7.0 using 8 thread(s) took 1.375784s
Reading in 'PartType0/SubGroupNumber' for z = 7.0 using 8 thread(s) took 1.192043s
Reading in 'PartType0/ParticleIDs' for z = 7.0 using 8 thread(s) took 3.186661s
Graph progress:  0 % 38017.0
Graph progress:  1 % 201008.0
Graph progress:  2 % 1824.0
Graph progress:  3 % 68395.00001
Graph progress:  4 % 84670.0
Graph progress:  5 % 12973.0
Graph progress:  6 % 158080.0
Graph progress:  7 % 5133.00003
Graph progress:  8 % 55336.0
Graph progress:  9 % 107511.0
Graph progress:  10 % 30629.00001
Graph progress:  11 % 151367.0
Graph progress:  12 % 16660.0
Graph progress:  13 % 135699.0
Graph progress:  14 % 64134.0
Graph progress:  15 % 33566.0
Graph progress:  16 % 206679.0
Graph progress:  17 % 87658.0
Graph progress:  18 % 999.00005
Graph progress:  19 % 14154.0
Graph progress:  20 % 104459.0
Graph progress:  21 % 206569.0
Graph progress:  22 % 89073.0
Graph progress:  23 % 232724.0
Graph progress:  24 % 85853.0
Graph progress:  25 % 51960.0
Graph progress:  26 % 18218.0
Graph progress:  27 % 147645.0
Graph progress:  28 % 24337.0
Graph progress:  29 % 46433.0
Graph progress:  30 % 151198.0
Graph progress:  31 % 224959.0
Graph progress:  32 % 141211.0
Graph progress:  33 % 207785.0
Graph progress:  34 % 223063.0
Graph progress:  35 % 190395.0
Graph progress:  36 % 22843.00001
Graph progress:  37 % 235652.0
Graph progress:  38 % 53001.0
Graph progress:  39 % 26393.00001
Graph progress:  40 % 23070.0
Graph progress:  41 % 220691.0
Graph progress:  42 % 14066.00001
Graph progress:  43 % 1791.0
Graph progress:  44 % 13793.00001
Graph progress:  45 % 32567.0
Graph progress:  46 % 134.00001
Graph progress:  47 % 182761.0
Graph progress:  48 % 41502.0
Graph progress:  49 % 191178.0
Graph progress:  50 % 226186.0
Graph progress:  51 % 104880.0
Graph progress:  52 % 158936.0
Graph progress:  53 % 110301.0
Graph progress:  54 % 42942.0
Graph progress:  55 % 212364.0
Graph progress:  56 % 106349.0
Graph progress:  57 % 237010.0
Graph progress:  58 % 230261.0
Graph progress:  59 % 107270.0
Graph progress:  60 % 144900.0
Graph progress:  61 % 191133.0
Graph progress:  62 % 15.00014
Graph progress:  63 % 28314.0
Graph progress:  64 % 230263.0
Graph progress:  65 % 17106.0
Graph progress:  66 % 207103.0
Graph progress:  67 % 145289.0
Graph progress:  68 % 104271.0
Graph progress:  69 % 104523.0
Graph progress:  70 % 43712.0
Graph progress:  71 % 34535.00001
Graph progress:  72 % 89245.0
Graph progress:  73 % 219436.0
Graph progress:  74 % 1078.00003
Graph progress:  75 % 421.00003
Graph progress:  76 % 97462.00001
Graph progress:  77 % 174183.0
Graph progress:  78 % 230964.0
Graph progress:  79 % 20562.00001
Graph progress:  80 % 50930.0
Graph progress:  81 % 192405.0
Graph progress:  82 % 152513.0
Graph progress:  83 % 11527.0
Graph progress:  84 % 186262.0
Graph progress:  85 % 129495.0
Graph progress:  86 % 178677.0
Graph progress:  87 % 64041.0
Graph progress:  88 % 158193.0
Graph progress:  89 % 15562.00001
Graph progress:  90 % 72512.0
Graph progress:  91 % 155759.0
Graph progress:  92 % 6035.0
Graph progress:  93 % 95891.0
Graph progress:  94 % 112648.0
Graph progress:  95 % 57809.00001
Graph progress:  96 % 134621.0
Graph progress:  97 % 104167.0
Graph progress:  98 % 6264.00001
Graph progress:  99 % 200053.0
Processed 276712 halos in snapshot 007_z008p000 of particle type 0
Write progress:  0 % 1308.0
Write progress:  1 % 17977.0
Write progress:  2 % 1824.0
Write progress:  3 % 19047.0
Write progress:  4 % 84670.0
Write progress:  5 % 99550.0
Write progress:  6 % 128644.0
Write progress:  7 % 105715.0
Write progress:  8 % 24353.00001
Write progress:  9 % 130.00005
Write progress:  10 % 96206.0
Write progress:  11 % 132824.0
Write progress:  12 % 60638.0
Write progress:  13 % 196352.0
Write progress:  14 % 84635.0
Write progress:  15 % 164027.0
Write progress:  16 % 161968.0
Write progress:  17 % 23138.0
Write progress:  18 % 57196.0
Write progress:  19 % 72482.0
Write progress:  20 % 32122.0
Write progress:  21 % 196197.0
Write progress:  22 % 45685.0
Write progress:  23 % 25553.0
Write progress:  24 % 78324.0
Write progress:  25 % 149248.0
Write progress:  26 % 210659.0
Write progress:  27 % 175327.0
Write progress:  28 % 23441.0
Write progress:  29 % 2862.00001
Write progress:  30 % 139627.0
Write progress:  31 % 16865.00001
Write progress:  32 % 29004.0
Write progress:  33 % 236593.0
Write progress:  34 % 103391.0
Write progress:  35 % 239448.0
Write progress:  36 % 216831.0
Write progress:  37 % 208866.0
Write progress:  38 % 20266.0
Write progress:  39 % 169184.0
Write progress:  40 % 15025.0
Write progress:  41 % 123569.0
Write progress:  42 % 559.00003
Write progress:  43 % 99643.0
Write progress:  44 % 7247.00003
Write progress:  45 % 169117.0
Write progress:  46 % 95311.0
Write progress:  47 % 113564.0
Write progress:  48 % 187604.0
Write progress:  49 % 8925.00002
Write progress:  50 % 178320.0
Write progress:  51 % 8550.0
Write progress:  52 % 3382.0
Write progress:  53 % 237882.0
Write progress:  54 % 207104.0
Write progress:  55 % 10148.0
Write progress:  56 % 65260.0
Write progress:  57 % 237599.0
Write progress:  58 % 103356.0
Write progress:  59 % 66911.0
Write progress:  60 % 22562.0
Write progress:  61 % 47231.0
Write progress:  62 % 69554.0
Write progress:  63 % 214728.0
Write progress:  64 % 167219.0
Write progress:  65 % 153897.0
Write progress:  66 % 229631.0
Write progress:  67 % 210431.0
Write progress:  68 % 37005.00001
Write progress:  69 % 206377.0
Write progress:  70 % 67227.0
Write progress:  71 % 104512.0
Write progress:  72 % 43318.00001
Write progress:  73 % 231020.0
Write progress:  74 % 209360.0
Write progress:  75 % 177499.0
Write progress:  76 % 8334.0
Write progress:  77 % 13003.00001
Write progress:  78 % 225272.0
Write progress:  79 % 128166.0
Write progress:  80 % 93364.0
Write progress:  81 % 27630.0
Write progress:  82 % 165992.0
Write progress:  83 % 191371.0
Write progress:  84 % 196985.0
Write progress:  85 % 7962.0
Write progress:  86 % 130262.0
Write progress:  87 % 8439.0
Write progress:  88 % 110572.0
Write progress:  89 % 77874.0
Write progress:  90 % 69684.00001
Write progress:  91 % 4121.00001
Write progress:  92 % 35967.0
Write progress:  93 % 38311.0
Write progress:  94 % 127842.0
Write progress:  95 % 66848.0
Write progress:  96 % 113874.0
Write progress:  97 % 188984.0
Write progress:  98 % 14194.00001
Write progress:  99 % 113799.0
Job done, info follows...
       JobID    JobName  Partition     MaxRSS    Elapsed ExitCode 
------------ ---------- ---------- ---------- ---------- -------- 
2042958_464  MEGA-FLAR+     cosma6              01:06:17      0:0 
2042958_464+     extern                         01:06:17      0:0 
