====
Starting job 2043140 at Thu 23 Apr 22:45:25 BST 2020 for user dc-rope1.
Running on nodes: m6488
====
47
('36', '010_z005p000', '011_z004p770', None)
Reading in 'PartType1/ParticleIDs' for z = 4.77 using 8 thread(s) took 10.102963s
Reading in 'PartType1/ParticleIDs' for z = 4.77 using 8 thread(s) took 5.423343s
Reading in 'PartType1/GroupNumber' for z = 4.77 using 8 thread(s) took 1.094098s
Reading in 'PartType1/SubGroupNumber' for z = 4.77 using 8 thread(s) took 0.419081s
Reading in 'PartType1/GroupNumber' for z = 5.0 using 8 thread(s) took 2.470238s
Reading in 'PartType1/SubGroupNumber' for z = 5.0 using 8 thread(s) took 0.664627s
Reading in 'PartType1/ParticleIDs' for z = 5.0 using 8 thread(s) took 2.00031s
Graph progress:  0 % 32056.0
Graph progress:  1 % 5541.00002
Graph progress:  2 % 52984.0
Graph progress:  3 % 34028.0
Graph progress:  4 % 41160.0
Graph progress:  5 % 126663.0
Graph progress:  6 % 161678.0
Graph progress:  7 % 7906.00001
Graph progress:  8 % 41563.0
Graph progress:  9 % 629.00008
Graph progress:  10 % 167662.0
Graph progress:  11 % 26648.00001
Graph progress:  12 % 3738.0
Graph progress:  13 % 59487.0
Graph progress:  14 % 116161.0
Graph progress:  15 % 141941.0
Graph progress:  16 % 57891.0
Graph progress:  17 % 169424.0
Graph progress:  18 % 110777.0
Graph progress:  19 % 134168.0
Graph progress:  20 % 117578.0
Graph progress:  21 % 106054.0
Graph progress:  22 % 170854.0
Graph progress:  23 % 64773.0
Graph progress:  24 % 68713.0
Graph progress:  25 % 7518.0
Graph progress:  26 % 46953.0
Graph progress:  27 % 120148.0
Graph progress:  28 % 83815.0
Graph progress:  29 % 29898.0
Graph progress:  30 % 4599.00001
Graph progress:  31 % 98621.0
Graph progress:  32 % 129480.0
Graph progress:  33 % 150299.0
Graph progress:  34 % 159090.0
Graph progress:  35 % 79074.0
Graph progress:  36 % 94088.0
Graph progress:  37 % 21715.0
Graph progress:  38 % 75902.0
Graph progress:  39 % 45238.0
Graph progress:  40 % 12222.00001
Graph progress:  41 % 152565.0
Graph progress:  42 % 68291.0
Graph progress:  43 % 1644.0
Graph progress:  44 % 74757.0
Graph progress:  45 % 55290.0
Graph progress:  46 % 97616.0
Graph progress:  47 % 130754.0
Graph progress:  48 % 50744.0
Graph progress:  49 % 5883.0
Graph progress:  50 % 7544.00001
Graph progress:  51 % 48519.0
Graph progress:  52 % 43145.0
Graph progress:  53 % 75785.0
Graph progress:  54 % 106847.0
Graph progress:  55 % 67731.0
Graph progress:  56 % 31617.0
Graph progress:  57 % 14756.0
Graph progress:  58 % 3799.00003
Graph progress:  59 % 69307.0
Graph progress:  60 % 19853.0
Graph progress:  61 % 44552.0
Graph progress:  62 % 41272.0
Graph progress:  63 % 10442.0
Graph progress:  64 % 25675.00001
Graph progress:  65 % 24137.0
Graph progress:  66 % 85471.0
Graph progress:  67 % 89879.0
Graph progress:  68 % 33532.00001
Graph progress:  69 % 168626.0
Graph progress:  70 % 101391.0
Graph progress:  71 % 121014.0
Graph progress:  72 % 122713.0
Graph progress:  73 % 56587.0
Graph progress:  74 % 106482.0
Graph progress:  75 % 78749.0
Graph progress:  76 % 21047.00001
Graph progress:  77 % 116527.0
Graph progress:  78 % 95467.0
Graph progress:  79 % 93812.0
Graph progress:  80 % 95519.0
Graph progress:  81 % 104279.0
Graph progress:  82 % 53074.00001
Graph progress:  83 % 84153.0
Graph progress:  84 % 1606.0
Graph progress:  85 % 35501.0
Graph progress:  86 % 12486.0
Graph progress:  87 % 153709.0
Graph progress:  88 % 67637.0
Graph progress:  89 % 16417.00001
Graph progress:  90 % 162113.0
Graph progress:  91 % 23487.0
Graph progress:  92 % 59504.0
Graph progress:  93 % 144771.0
Graph progress:  94 % 134472.0
Graph progress:  95 % 80932.0
Graph progress:  96 % 109809.0
Graph progress:  97 % 157859.0
Graph progress:  98 % 1590.00003
Graph progress:  99 % 148760.0
Processed 196474 halos in snapshot 011_z004p770 of particle type 1
Reading in 'PartType4/ParticleIDs' for z = 4.77 using 8 thread(s) took 1.683719s
Reading in 'PartType4/ParticleIDs' for z = 5.0 using 8 thread(s) took 2.041852s
Reading in 'Subhalo/SubGroupNumber' for z = 5.0 using 8 thread(s) took 1.891414s
Reading in 'Subhalo/GroupNumber' for z = 5.0 using 8 thread(s) took 0.537245s
Reading in 'Subhalo/ApertureMeasurements/Mass/030kpc' for z = 5.0 using 8 thread(s) took 0.475759s
Reading in 'PartType4/Mass' for z = 5.0 using 8 thread(s) took 0.693805s
Reading in 'PartType4/ParticleIDs' for z = 4.77 using 8 thread(s) took 1.118072s
Reading in 'PartType4/GroupNumber' for z = 4.77 using 8 thread(s) took 1.14657s
Reading in 'PartType4/SubGroupNumber' for z = 4.77 using 8 thread(s) took 1.415139s
Reading in 'PartType4/GroupNumber' for z = 5.0 using 8 thread(s) took 0.419077s
Reading in 'PartType4/SubGroupNumber' for z = 5.0 using 8 thread(s) took 0.927435s
Reading in 'PartType4/ParticleIDs' for z = 5.0 using 8 thread(s) took 0.575814s
Graph progress:  0 % 46.0
Graph progress:  1 % 3351.00004
Graph progress:  2 % 3482.0
Graph progress:  3 % 11985.0
Graph progress:  4 % 14382.0
Graph progress:  5 % 5369.0
Graph progress:  6 % 28636.0
Graph progress:  7 % 9141.0
Graph progress:  8 % 22179.0
Graph progress:  9 % 6.00036
Graph progress:  10 % 17942.0
Graph progress:  11 % 602.00002
Graph progress:  12 % 24.00019
Graph progress:  13 % 80.00021
Graph progress:  14 % 9590.00001
Graph progress:  15 % 15651.0
Graph progress:  16 % 24815.0
Graph progress:  17 % 1758.00001
Graph progress:  18 % 2059.00002
Graph progress:  19 % 12.00009
Graph progress:  20 % 437.00011
Graph progress:  21 % 10768.0
Graph progress:  22 % 99.00014
Graph progress:  23 % 15435.0
Graph progress:  24 % 200.00001
Graph progress:  25 % 128.00003
Graph progress:  26 % 1887.00004
Graph progress:  27 % 36631.0
Graph progress:  28 % 42128.0
Graph progress:  29 % 7915.0
Graph progress:  30 % 23064.0
Graph progress:  31 % 34312.0
Graph progress:  32 % 1271.00002
Graph progress:  33 % 1396.0
Graph progress:  34 % 105.0
Graph progress:  35 % 13153.0
Graph progress:  36 % 1311.00002
Graph progress:  37 % 17265.0
Graph progress:  38 % 4176.0
Graph progress:  39 % 37543.0
Graph progress:  40 % 3075.00003
Graph progress:  41 % 13936.0
Graph progress:  42 % 5432.00001
Graph progress:  43 % 672.0
Graph progress:  44 % 9186.0
Graph progress:  45 % 21353.0
Graph progress:  46 % 5947.00003
Graph progress:  47 % 1502.00002
Graph progress:  48 % 13901.0
Graph progress:  49 % 486.00005
Graph progress:  50 % 1441.00001
Graph progress:  51 % 12497.0
Graph progress:  52 % 27707.0
Graph progress:  53 % 1107.00002
Graph progress:  54 % 43544.0
Graph progress:  55 % 26701.0
Graph progress:  56 % 369.0
Graph progress:  57 % 26193.0
Graph progress:  58 % 65372.0
Graph progress:  59 % 2086.0
Graph progress:  60 % 20422.0
Graph progress:  61 % 6858.00001
Graph progress:  62 % 37120.0
Graph progress:  63 % 20835.0
Graph progress:  64 % 26937.0
Graph progress:  65 % 23.00005
Graph progress:  66 % 43.00006
Graph progress:  67 % 2647.00003
Graph progress:  68 % 18921.0
Graph progress:  69 % 1607.0
Graph progress:  70 % 26590.0
Graph progress:  71 % 32.00013
Graph progress:  72 % 2570.00003
Graph progress:  73 % 21764.0
Graph progress:  74 % 12864.0
Graph progress:  75 % 46205.0
Graph progress:  76 % 2653.0
Graph progress:  77 % 477.0
Graph progress:  78 % 4656.00001
Graph progress:  79 % 35190.0
Graph progress:  80 % 56584.0
Graph progress:  81 % 63170.0
Graph progress:  82 % 8680.0
Graph progress:  83 % 4.00053
Graph progress:  84 % 5.00061
Graph progress:  85 % 1364.0
Graph progress:  86 % 7146.0
Graph progress:  87 % 2810.0
Graph progress:  88 % 56292.0
Graph progress:  89 % 2852.00002
Graph progress:  90 % 19080.0
Graph progress:  91 % 19085.0
Graph progress:  92 % 706.00002
Graph progress:  93 % 2600.0
Graph progress:  94 % 5580.0
Graph progress:  95 % 1680.0
Graph progress:  96 % 16841.0
Graph progress:  97 % 6642.00001
Graph progress:  98 % 1257.00003
Graph progress:  99 % 6102.0
Processed 34686 halos in snapshot 011_z004p770 of particle type 4
Reading in 'PartType5/ParticleIDs' for z = 4.77 using 8 thread(s) took 2.276096s
Reading in 'PartType5/ParticleIDs' for z = 5.0 using 8 thread(s) took 1.833879s
Reading in 'Subhalo/SubGroupNumber' for z = 5.0 using 8 thread(s) took 0.56832s
Reading in 'Subhalo/GroupNumber' for z = 5.0 using 8 thread(s) took 0.486907s
Reading in 'Subhalo/ApertureMeasurements/Mass/030kpc' for z = 5.0 using 8 thread(s) took 0.546264s
Reading in 'PartType5/Mass' for z = 5.0 using 8 thread(s) took 1.143623s
Reading in 'PartType5/ParticleIDs' for z = 4.77 using 8 thread(s) took 1.084561s
Reading in 'PartType5/GroupNumber' for z = 4.77 using 8 thread(s) took 0.750853s
Reading in 'PartType5/SubGroupNumber' for z = 4.77 using 8 thread(s) took 0.995109s
Reading in 'PartType5/GroupNumber' for z = 5.0 using 8 thread(s) took 0.662228s
Reading in 'PartType5/SubGroupNumber' for z = 5.0 using 8 thread(s) took 0.475986s
Reading in 'PartType5/ParticleIDs' for z = 5.0 using 8 thread(s) took 0.641254s
Graph progress:  0 % 1114.0
Graph progress:  1 % 3139.00002
Graph progress:  2 % 2499.00002
Graph progress:  3 % 1092.00003
Graph progress:  4 % 803.00002
Graph progress:  5 % 1419.0
Graph progress:  6 % 936.00005
Graph progress:  7 % 953.00001
Graph progress:  8 % 800.00001
Graph progress:  9 % 1159.0
Graph progress:  10 % 2759.00001
Graph progress:  11 % 2380.0
Graph progress:  12 % 268.00004
Graph progress:  13 % 1702.00002
Graph progress:  14 % 35.00003
Graph progress:  15 % 879.0
Graph progress:  16 % 1956.00003
Graph progress:  17 % 2651.0
Graph progress:  18 % 2669.00002
Graph progress:  19 % 24.00002
Graph progress:  20 % 1941.00003
Graph progress:  21 % 2381.0
Graph progress:  22 % 3308.0
Graph progress:  23 % 338.0
Graph progress:  24 % 2699.0
Graph progress:  25 % 70.0
Graph progress:  26 % 597.0
Graph progress:  27 % 739.0
Graph progress:  28 % 2719.00001
Graph progress:  29 % 808.0
Graph progress:  30 % 3230.00001
Graph progress:  31 % 1982.0
Graph progress:  32 % 1101.0
Graph progress:  33 % 257.0
Graph progress:  34 % 2378.00001
Graph progress:  35 % 2658.0
Graph progress:  36 % 133.00001
Graph progress:  37 % 809.00001
Graph progress:  38 % 852.00002
Graph progress:  39 % 657.0
Graph progress:  40 % 38.00004
Graph progress:  41 % 2134.00003
Graph progress:  42 % 728.0
Graph progress:  43 % 1598.0
Graph progress:  44 % 2744.0
Graph progress:  45 % 1462.0
Graph progress:  46 % 1286.00001
Graph progress:  47 % 52.0
Graph progress:  48 % 1638.0
Graph progress:  49 % 2834.0
Graph progress:  50 % 3647.0
Graph progress:  51 % 1911.0
Graph progress:  52 % 14.0
Graph progress:  53 % 520.00007
Graph progress:  54 % 116.0
Graph progress:  55 % 1367.0
Graph progress:  56 % 1849.0
Graph progress:  57 % 5584.0
Graph progress:  58 % 160.0
Graph progress:  59 % 3102.0
Graph progress:  60 % 1470.00002
Graph progress:  61 % 14.00008
Graph progress:  62 % 769.00001
Graph progress:  63 % 525.0
Graph progress:  64 % 992.00002
Graph progress:  65 % 317.00013
Graph progress:  66 % 2083.0
Graph progress:  67 % 337.00006
Graph progress:  68 % 663.0
Graph progress:  69 % 1287.00003
Graph progress:  70 % 1855.0
Graph progress:  71 % 1280.0
Graph progress:  72 % 171.0
Graph progress:  73 % 96.0
Graph progress:  74 % 84.00001
Graph progress:  75 % 528.0
Graph progress:  76 % 169.00013
Graph progress:  77 % 865.00006
Graph progress:  78 % 1934.0
Graph progress:  79 % 84.00006
Graph progress:  80 % 1733.0
Graph progress:  81 % 647.0
Graph progress:  82 % 1016.0
Graph progress:  83 % 2809.0
Graph progress:  84 % 5.00005
Graph progress:  85 % 589.00004
Graph progress:  86 % 1523.00003
Graph progress:  87 % 403.00002
Graph progress:  88 % 1126.00002
Graph progress:  89 % 1601.0
Graph progress:  90 % 275.00004
Graph progress:  91 % 1860.0
Graph progress:  92 % 1373.0
Graph progress:  93 % 2421.00002
Graph progress:  94 % 3911.00001
Graph progress:  95 % 273.0
Graph progress:  96 % 1385.0
Graph progress:  97 % 844.0
Graph progress:  98 % 480.0
Graph progress:  99 % 18.00002
Processed 4112 halos in snapshot 011_z004p770 of particle type 5
Reading in 'PartType0/ParticleIDs' for z = 4.77 using 8 thread(s) took 9.84514s
Reading in 'PartType0/ParticleIDs' for z = 5.0 using 8 thread(s) took 8.558852s
Reading in 'Subhalo/SubGroupNumber' for z = 5.0 using 8 thread(s) took 0.56858s
Reading in 'Subhalo/GroupNumber' for z = 5.0 using 8 thread(s) took 0.55991s
Reading in 'Subhalo/ApertureMeasurements/Mass/030kpc' for z = 5.0 using 8 thread(s) took 0.576643s
Reading in 'PartType0/Mass' for z = 5.0 using 8 thread(s) took 0.898746s
Reading in 'PartType0/ParticleIDs' for z = 4.77 using 8 thread(s) took 2.591388s
Reading in 'PartType0/GroupNumber' for z = 4.77 using 8 thread(s) took 1.183492s
Reading in 'PartType0/SubGroupNumber' for z = 4.77 using 8 thread(s) took 1.102501s
Reading in 'PartType0/GroupNumber' for z = 5.0 using 8 thread(s) took 1.043167s
Reading in 'PartType0/SubGroupNumber' for z = 5.0 using 8 thread(s) took 0.90436s
Reading in 'PartType0/ParticleIDs' for z = 5.0 using 8 thread(s) took 2.506783s
Graph progress:  0 % 161673.0
Graph progress:  1 % 65496.0
Graph progress:  2 % 111851.0
Graph progress:  3 % 139786.0
Graph progress:  4 % 6650.00002
Graph progress:  5 % 29448.0
Graph progress:  6 % 73887.0
Graph progress:  7 % 113232.0
Graph progress:  8 % 20924.00001
Graph progress:  9 % 85878.0
Graph progress:  10 % 98052.0
Graph progress:  11 % 46.00004
Graph progress:  12 % 95208.0
Graph progress:  13 % 43218.0
Graph progress:  14 % 91863.0
Graph progress:  15 % 51221.0
Graph progress:  16 % 106028.0
Graph progress:  17 % 42195.0
Graph progress:  18 % 152950.0
Graph progress:  19 % 35427.0
Graph progress:  20 % 98008.0
Graph progress:  21 % 161868.0
Graph progress:  22 % 45719.0
Graph progress:  23 % 1319.00002
Graph progress:  24 % 829.00004
Graph progress:  25 % 69392.0
Graph progress:  26 % 30771.0
Graph progress:  27 % 4635.0
Graph progress:  28 % 5196.00002
Graph progress:  29 % 97656.0
Graph progress:  30 % 66519.0
Graph progress:  31 % 69800.0
Graph progress:  32 % 101848.0
Graph progress:  33 % 41734.0
Graph progress:  34 % 105777.0
Graph progress:  35 % 33555.0
Graph progress:  36 % 66250.0
Graph progress:  37 % 93315.0
Graph progress:  38 % 76356.0
Graph progress:  39 % 14104.0
Graph progress:  40 % 78622.0
Graph progress:  41 % 125133.0
Graph progress:  42 % 37358.0
Graph progress:  43 % 167219.0
Graph progress:  44 % 74260.0
Graph progress:  45 % 23533.0
Graph progress:  46 % 85077.0
Graph progress:  47 % 64292.0
Graph progress:  48 % 1059.00001
Graph progress:  49 % 83022.0
Graph progress:  50 % 38465.0
Graph progress:  51 % 52393.0
Graph progress:  52 % 107972.0
Graph progress:  53 % 53955.0
Graph progress:  54 % 11831.0
Graph progress:  55 % 46054.0
Graph progress:  56 % 145208.0
Graph progress:  57 % 28675.0
Graph progress:  58 % 112548.0
Graph progress:  59 % 65315.0
Graph progress:  60 % 56899.0
Graph progress:  61 % 35077.00001
Graph progress:  62 % 168229.0
Graph progress:  63 % 114093.0
Graph progress:  64 % 13359.0
Graph progress:  65 % 48455.0
Graph progress:  66 % 126023.0
Graph progress:  67 % 31874.0
Graph progress:  68 % 29885.0
Graph progress:  69 % 61530.0
Graph progress:  70 % 119845.0
Graph progress:  71 % 122513.0
Graph progress:  72 % 619.0
Graph progress:  73 % 140690.0
Graph progress:  74 % 12706.0
Graph progress:  75 % 171.00001
Graph progress:  76 % 15529.00002
Graph progress:  77 % 49583.0
Graph progress:  78 % 127353.0
Graph progress:  79 % 6357.0
Graph progress:  80 % 7872.00002
Graph progress:  81 % 86185.0
Graph progress:  82 % 155748.0
Graph progress:  83 % 148996.0
Graph progress:  84 % 92900.0
Graph progress:  85 % 46857.0
Graph progress:  86 % 146828.0
Graph progress:  87 % 53560.0
Graph progress:  88 % 168509.0
Graph progress:  89 % 157554.0
Graph progress:  90 % 130740.0
Graph progress:  91 % 49762.0
Graph progress:  92 % 164338.0
Graph progress:  93 % 88929.0
Graph progress:  94 % 64535.0
Graph progress:  95 % 67595.0
Graph progress:  96 % 14748.00001
Graph progress:  97 % 3106.00001
Graph progress:  98 % 54594.0
Graph progress:  99 % 74573.0
Processed 173259 halos in snapshot 011_z004p770 of particle type 0
Write progress:  0 % 32056.0
Write progress:  1 % 5541.00002
Write progress:  2 % 52984.0
Write progress:  3 % 34028.0
Write progress:  4 % 41160.0
Write progress:  5 % 126663.0
Write progress:  6 % 161678.0
Write progress:  7 % 7906.00001
Write progress:  8 % 41563.0
Write progress:  9 % 629.00008
Write progress:  10 % 167662.0
Write progress:  11 % 26648.00001
Write progress:  12 % 3738.0
Write progress:  13 % 59487.0
Write progress:  14 % 116161.0
Write progress:  15 % 141941.0
Write progress:  16 % 57891.0
Write progress:  17 % 169424.0
Write progress:  18 % 110777.0
Write progress:  19 % 134168.0
Write progress:  20 % 117578.0
Write progress:  21 % 106054.0
Write progress:  22 % 170854.0
Write progress:  23 % 64773.0
Write progress:  24 % 68713.0
Write progress:  25 % 7518.0
Write progress:  26 % 46953.0
Write progress:  27 % 120148.0
Write progress:  28 % 83815.0
Write progress:  29 % 29898.0
Write progress:  30 % 4599.00001
Write progress:  31 % 98621.0
Write progress:  32 % 129480.0
Write progress:  33 % 150299.0
Write progress:  34 % 159090.0
Write progress:  35 % 79074.0
Write progress:  36 % 94088.0
Write progress:  37 % 21715.0
Write progress:  38 % 75902.0
Write progress:  39 % 45238.0
Write progress:  40 % 12222.00001
Write progress:  41 % 152565.0
Write progress:  42 % 68291.0
Write progress:  43 % 1644.0
Write progress:  44 % 74757.0
Write progress:  45 % 55290.0
Write progress:  46 % 97616.0
Write progress:  47 % 130754.0
Write progress:  48 % 50744.0
Write progress:  49 % 5883.0
Write progress:  50 % 7544.00001
Write progress:  51 % 48519.0
Write progress:  52 % 43145.0
Write progress:  53 % 75785.0
Write progress:  54 % 106847.0
Write progress:  55 % 67731.0
Write progress:  56 % 31617.0
Write progress:  57 % 14756.0
Write progress:  58 % 3799.00003
Write progress:  59 % 69307.0
Write progress:  60 % 19853.0
Write progress:  61 % 44552.0
Write progress:  62 % 41272.0
Write progress:  63 % 10442.0
Write progress:  64 % 25675.00001
Write progress:  65 % 24137.0
Write progress:  66 % 85471.0
Write progress:  67 % 89879.0
Write progress:  68 % 33532.00001
Write progress:  69 % 168626.0
Write progress:  70 % 101391.0
Write progress:  71 % 121014.0
Write progress:  72 % 122713.0
Write progress:  73 % 56587.0
Write progress:  74 % 106482.0
Write progress:  75 % 78749.0
Write progress:  76 % 21047.00001
Write progress:  77 % 116527.0
Write progress:  78 % 95467.0
Write progress:  79 % 93812.0
Write progress:  80 % 95519.0
Write progress:  81 % 104279.0
Write progress:  82 % 53074.00001
Write progress:  83 % 84153.0
Write progress:  84 % 1606.0
Write progress:  85 % 35501.0
Write progress:  86 % 12486.0
Write progress:  87 % 153709.0
Write progress:  88 % 67637.0
Write progress:  89 % 16417.00001
Write progress:  90 % 162113.0
Write progress:  91 % 23487.0
Write progress:  92 % 59504.0
Write progress:  93 % 144771.0
Write progress:  94 % 134472.0
Write progress:  95 % 80932.0
Write progress:  96 % 109809.0
Write progress:  97 % 157859.0
Write progress:  98 % 1590.00003
Write progress:  99 % 148760.0
Job done, info follows...
       JobID    JobName  Partition     MaxRSS    Elapsed ExitCode 
------------ ---------- ---------- ---------- ---------- -------- 
2042958_48   MEGA-FLAR+     cosma6              00:34:31      0:0 
2042958_48.+     extern                         00:34:31      0:0 
