====
Starting job 2043555 at Fri 24 Apr 02:38:40 BST 2020 for user dc-rope1.
Running on nodes: m6165
====
431
('04', '010_z005p000', '011_z004p770', None)
Reading in 'PartType1/ParticleIDs' for z = 4.77 using 8 thread(s) took 11.690038s
Reading in 'PartType1/ParticleIDs' for z = 4.77 using 8 thread(s) took 10.068385s
Reading in 'PartType1/GroupNumber' for z = 4.77 using 8 thread(s) took 3.087373s
Reading in 'PartType1/SubGroupNumber' for z = 4.77 using 8 thread(s) took 2.361246s
Reading in 'PartType1/GroupNumber' for z = 5.0 using 8 thread(s) took 3.461838s
Reading in 'PartType1/SubGroupNumber' for z = 5.0 using 8 thread(s) took 2.999694s
Reading in 'PartType1/ParticleIDs' for z = 5.0 using 8 thread(s) took 5.451442s
Graph progress:  0 % 530.0
Graph progress:  1 % 3371.0
Graph progress:  2 % 304498.0
Graph progress:  3 % 221601.0
Graph progress:  4 % 117446.0
Graph progress:  5 % 54938.0
Graph progress:  6 % 284021.0
Graph progress:  7 % 325216.0
Graph progress:  8 % 7453.00002
Graph progress:  9 % 105524.00001
Graph progress:  10 % 13498.0
Graph progress:  11 % 339151.0
Graph progress:  12 % 13027.00001
Graph progress:  13 % 206736.0
Graph progress:  14 % 6072.0
Graph progress:  15 % 15.00003
Graph progress:  16 % 91226.0
Graph progress:  17 % 119677.0
Graph progress:  18 % 86163.0
Graph progress:  19 % 284444.0
Graph progress:  20 % 171058.0
Graph progress:  21 % 10590.00001
Graph progress:  22 % 40502.0
Graph progress:  23 % 276435.0
Graph progress:  24 % 10746.0
Graph progress:  25 % 240918.0
Graph progress:  26 % 140015.0
Graph progress:  27 % 146843.0
Graph progress:  28 % 105103.0
Graph progress:  29 % 286318.0
Graph progress:  30 % 132696.00001
Graph progress:  31 % 294522.0
Graph progress:  32 % 109144.0
Graph progress:  33 % 266171.0
Graph progress:  34 % 325709.0
Graph progress:  35 % 244093.0
Graph progress:  36 % 154365.0
Graph progress:  37 % 53445.0
Graph progress:  38 % 3450.00002
Graph progress:  39 % 2327.00002
Graph progress:  40 % 182702.0
Graph progress:  41 % 210040.0
Graph progress:  42 % 120707.0
Graph progress:  43 % 12140.00001
Graph progress:  44 % 156344.0
Graph progress:  45 % 334964.0
Graph progress:  46 % 60061.0
Graph progress:  47 % 232854.0
Graph progress:  48 % 13410.00002
Graph progress:  49 % 307055.0
Graph progress:  50 % 16509.0
Graph progress:  51 % 285989.0
Graph progress:  52 % 327879.0
Graph progress:  53 % 118970.0
Graph progress:  54 % 7099.0
Graph progress:  55 % 26083.0
Graph progress:  56 % 46866.0
Graph progress:  57 % 247522.0
Graph progress:  58 % 185680.0
Graph progress:  59 % 146522.0
Graph progress:  60 % 20854.00003
Graph progress:  61 % 1978.00003
Graph progress:  62 % 13239.00001
Graph progress:  63 % 160556.0
Graph progress:  64 % 225447.0
Graph progress:  65 % 289602.0
Graph progress:  66 % 30603.00002
Graph progress:  67 % 334279.0
Graph progress:  68 % 299118.0
Graph progress:  69 % 25183.0
Graph progress:  70 % 113802.0
Graph progress:  71 % 339694.0
Graph progress:  72 % 32909.00001
Graph progress:  73 % 102727.0
Graph progress:  74 % 106592.0
Graph progress:  75 % 302517.0
Graph progress:  76 % 273546.0
Graph progress:  77 % 221383.0
Graph progress:  78 % 1384.00004
Graph progress:  79 % 309271.0
Graph progress:  80 % 147076.0
Graph progress:  81 % 142035.0
Graph progress:  82 % 269631.0
Graph progress:  83 % 87447.0
Graph progress:  84 % 99445.0
Graph progress:  85 % 163074.0
Graph progress:  86 % 217631.0
Graph progress:  87 % 147212.0
Graph progress:  88 % 99395.00001
Graph progress:  89 % 45137.0
Graph progress:  90 % 85.00042
Graph progress:  91 % 147900.0
Graph progress:  92 % 2868.00006
Graph progress:  93 % 76764.0
Graph progress:  94 % 40384.0
Graph progress:  95 % 64654.0
Graph progress:  96 % 101637.0
Graph progress:  97 % 91981.0
Graph progress:  98 % 132379.0
Graph progress:  99 % 153714.0
Processed 411429 halos in snapshot 011_z004p770 of particle type 1
Reading in 'PartType4/ParticleIDs' for z = 4.77 using 8 thread(s) took 2.263637s
Reading in 'PartType4/ParticleIDs' for z = 5.0 using 8 thread(s) took 1.952303s
Reading in 'Subhalo/SubGroupNumber' for z = 5.0 using 8 thread(s) took 1.756025s
Reading in 'Subhalo/GroupNumber' for z = 5.0 using 8 thread(s) took 1.387816s
Reading in 'Subhalo/ApertureMeasurements/Mass/030kpc' for z = 5.0 using 8 thread(s) took 1.422872s
Reading in 'PartType4/Mass' for z = 5.0 using 8 thread(s) took 1.336781s
Reading in 'PartType4/ParticleIDs' for z = 4.77 using 8 thread(s) took 1.99433s
Reading in 'PartType4/GroupNumber' for z = 4.77 using 8 thread(s) took 1.785936s
Reading in 'PartType4/SubGroupNumber' for z = 4.77 using 8 thread(s) took 1.600067s
Reading in 'PartType4/GroupNumber' for z = 5.0 using 8 thread(s) took 1.100924s
Reading in 'PartType4/SubGroupNumber' for z = 5.0 using 8 thread(s) took 1.161177s
Reading in 'PartType4/ParticleIDs' for z = 5.0 using 8 thread(s) took 1.18451s
Graph progress:  0 % 992.0
Graph progress:  1 % 14011.0
Graph progress:  2 % 32705.0
Graph progress:  3 % 10084.00001
Graph progress:  4 % 55206.0
Graph progress:  5 % 33.00099
Graph progress:  6 % 4734.00002
Graph progress:  7 % 31848.0
Graph progress:  8 % 52207.0
Graph progress:  9 % 2126.00002
Graph progress:  10 % 333.00024
Graph progress:  11 % 16879.0
Graph progress:  12 % 22054.0
Graph progress:  13 % 1088.00008
Graph progress:  14 % 181.0001
Graph progress:  15 % 1243.00002
Graph progress:  16 % 209.00017
Graph progress:  17 % 15.00129
Graph progress:  18 % 12779.00001
Graph progress:  19 % 217.00007
Graph progress:  20 % 3.00287
Graph progress:  21 % 10169.0
Graph progress:  22 % 66327.0
Graph progress:  23 % 19661.0
Graph progress:  24 % 16929.0
Graph progress:  25 % 28860.0
Graph progress:  26 % 48130.0
Graph progress:  27 % 11393.00001
Graph progress:  28 % 7737.00001
Graph progress:  29 % 4192.0
Graph progress:  30 % 94353.0
Graph progress:  31 % 8520.0
Graph progress:  32 % 1878.00009
Graph progress:  33 % 4097.00001
Graph progress:  34 % 6976.0
Graph progress:  35 % 38844.0
Graph progress:  36 % 28355.0
Graph progress:  37 % 354.0
Graph progress:  38 % 17599.00001
Graph progress:  39 % 70524.0
Graph progress:  40 % 1530.00001
Graph progress:  41 % 872.00004
Graph progress:  42 % 36774.0
Graph progress:  43 % 81834.0
Graph progress:  44 % 51.00044
Graph progress:  45 % 8627.0
Graph progress:  46 % 94637.0
Graph progress:  47 % 7781.0
Graph progress:  48 % 6802.00001
Graph progress:  49 % 6070.0
Graph progress:  50 % 59601.0
Graph progress:  51 % 113191.0
Graph progress:  52 % 4031.00001
Graph progress:  53 % 26047.0
Graph progress:  54 % 34477.0
Graph progress:  55 % 132.0
Graph progress:  56 % 45071.0
Graph progress:  57 % 40010.0
Graph progress:  58 % 50157.0
Graph progress:  59 % 5094.00001
Graph progress:  60 % 48880.0
Graph progress:  61 % 41058.0
Graph progress:  62 % 46770.0
Graph progress:  63 % 24719.0
Graph progress:  64 % 1.01836
Graph progress:  65 % 7540.00001
Graph progress:  66 % 1329.00009
Graph progress:  67 % 1.00844
Graph progress:  68 % 65979.0
Graph progress:  69 % 26338.0
Graph progress:  70 % 27211.0
Graph progress:  71 % 74973.0
Graph progress:  72 % 102.00028
Graph progress:  73 % 109978.0
Graph progress:  74 % 69329.0
Graph progress:  75 % 25320.0
Graph progress:  76 % 62238.0
Graph progress:  77 % 35713.0
Graph progress:  78 % 4498.00005
Graph progress:  79 % 10044.00002
Graph progress:  80 % 2136.00003
Graph progress:  81 % 9.00015
Graph progress:  82 % 7062.00003
Graph progress:  83 % 15193.0
Graph progress:  84 % 39590.0
Graph progress:  85 % 36752.0
Graph progress:  86 % 7661.0
Graph progress:  87 % 12685.0
Graph progress:  88 % 22971.0
Graph progress:  89 % 1883.0
Graph progress:  90 % 55388.0
Graph progress:  91 % 31735.0
Graph progress:  92 % 44997.0
Graph progress:  93 % 17858.0
Graph progress:  94 % 143.00021
Graph progress:  95 % 2868.00003
Graph progress:  96 % 557.00012
Graph progress:  97 % 12172.0
Graph progress:  98 % 4196.00003
Graph progress:  99 % 446.00013
Processed 87344 halos in snapshot 011_z004p770 of particle type 4
Reading in 'PartType5/ParticleIDs' for z = 4.77 using 8 thread(s) took 2.587096s
Reading in 'PartType5/ParticleIDs' for z = 5.0 using 8 thread(s) took 1.13934s
Reading in 'Subhalo/SubGroupNumber' for z = 5.0 using 8 thread(s) took 1.34282s
Reading in 'Subhalo/GroupNumber' for z = 5.0 using 8 thread(s) took 1.708998s
Reading in 'Subhalo/ApertureMeasurements/Mass/030kpc' for z = 5.0 using 8 thread(s) took 1.308752s
Reading in 'PartType5/Mass' for z = 5.0 using 8 thread(s) took 1.175004s
Reading in 'PartType5/ParticleIDs' for z = 4.77 using 8 thread(s) took 1.60392s
Reading in 'PartType5/GroupNumber' for z = 4.77 using 8 thread(s) took 1.248138s
Reading in 'PartType5/SubGroupNumber' for z = 4.77 using 8 thread(s) took 1.179569s
Reading in 'PartType5/GroupNumber' for z = 5.0 using 8 thread(s) took 1.113795s
Reading in 'PartType5/SubGroupNumber' for z = 5.0 using 8 thread(s) took 1.060775s
Reading in 'PartType5/ParticleIDs' for z = 5.0 using 8 thread(s) took 1.076948s
Graph progress:  0 % 7231.00001
Graph progress:  1 % 21903.0
Graph progress:  2 % 4755.0
Graph progress:  3 % 3770.0
Graph progress:  4 % 3544.0
Graph progress:  5 % 913.00001
Graph progress:  6 % 1595.0
Graph progress:  7 % 4026.0
Graph progress:  8 % 89.00051
Graph progress:  9 % 5352.0
Graph progress:  10 % 126.00004
Graph progress:  11 % 29.00001
Graph progress:  12 % 1231.00004
Graph progress:  13 % 4619.0
Graph progress:  14 % 4715.0
Graph progress:  15 % 119.00001
Graph progress:  16 % 775.00001
Graph progress:  17 % 1456.00003
Graph progress:  18 % 3706.0
Graph progress:  19 % 1103.0
Graph progress:  20 % 137.00042
Graph progress:  21 % 769.00001
Graph progress:  22 % 8103.0
Graph progress:  23 % 119.0
Graph progress:  24 % 1987.00001
Graph progress:  25 % 4723.00005
Graph progress:  26 % 214.00003
Graph progress:  27 % 1313.0
Graph progress:  28 % 7073.0
Graph progress:  29 % 949.0
Graph progress:  30 % 7374.00001
Graph progress:  31 % 1128.0
Graph progress:  32 % 2451.00004
Graph progress:  33 % 5635.00002
Graph progress:  34 % 1052.0
Graph progress:  35 % 5985.00003
Graph progress:  36 % 3330.0
Graph progress:  37 % 8972.00001
Graph progress:  38 % 4414.00002
Graph progress:  39 % 875.00001
Graph progress:  40 % 1724.0
Graph progress:  41 % 1018.00001
Graph progress:  42 % 973.0
Graph progress:  43 % 812.0
Graph progress:  44 % 8861.0
Graph progress:  45 % 2057.00003
Graph progress:  46 % 873.00001
Graph progress:  47 % 4083.00001
Graph progress:  48 % 1227.00001
Graph progress:  49 % 4453.0
Graph progress:  50 % 5568.0
Graph progress:  51 % 3201.00003
Graph progress:  52 % 2666.0
Graph progress:  53 % 1965.0
Graph progress:  54 % 122.00002
Graph progress:  55 % 1.00018
Graph progress:  56 % 7396.0
Graph progress:  57 % 2114.0
Graph progress:  58 % 61.00033
Graph progress:  59 % 54772.0
Graph progress:  60 % 3613.0
Graph progress:  61 % 61.00063
Graph progress:  62 % 652.00001
Graph progress:  63 % 2732.0
Graph progress:  64 % 4049.0
Graph progress:  65 % 271.0
Graph progress:  66 % 836.00012
Graph progress:  67 % 3689.0
Graph progress:  68 % 4081.00003
Graph progress:  69 % 3732.0
Graph progress:  70 % 3983.00002
Graph progress:  71 % 5232.00001
Graph progress:  72 % 1188.00008
Graph progress:  73 % 2054.00002
Graph progress:  74 % 102.0
Graph progress:  75 % 9.00121
Graph progress:  76 % 20798.0
Graph progress:  77 % 6508.0
Graph progress:  78 % 564.00001
Graph progress:  79 % 2201.0
Graph progress:  80 % 7873.0
Graph progress:  81 % 2755.00002
Graph progress:  82 % 9.00018
Graph progress:  83 % 392.00001
Graph progress:  84 % 885.0
Graph progress:  85 % 5494.0
Graph progress:  86 % 6089.00001
Graph progress:  87 % 3604.0
Graph progress:  88 % 5517.00001
Graph progress:  89 % 4335.0
Graph progress:  90 % 5158.00003
Graph progress:  91 % 461.0
Graph progress:  92 % 904.00001
Graph progress:  93 % 452.00001
Graph progress:  94 % 2538.0
Graph progress:  95 % 6131.00002
Graph progress:  96 % 9166.0
Graph progress:  97 % 7728.0
Graph progress:  98 % 1823.0
Graph progress:  99 % 1473.0
Processed 12811 halos in snapshot 011_z004p770 of particle type 5
Reading in 'PartType0/ParticleIDs' for z = 4.77 using 8 thread(s) took 13.32747s
Reading in 'PartType0/ParticleIDs' for z = 5.0 using 8 thread(s) took 10.715433s
Reading in 'Subhalo/SubGroupNumber' for z = 5.0 using 8 thread(s) took 1.356827s
Reading in 'Subhalo/GroupNumber' for z = 5.0 using 8 thread(s) took 1.275343s
Reading in 'Subhalo/ApertureMeasurements/Mass/030kpc' for z = 5.0 using 8 thread(s) took 1.321047s
Reading in 'PartType0/Mass' for z = 5.0 using 8 thread(s) took 2.481803s
Reading in 'PartType0/ParticleIDs' for z = 4.77 using 8 thread(s) took 6.146744s
Reading in 'PartType0/GroupNumber' for z = 4.77 using 8 thread(s) took 2.801231s
Reading in 'PartType0/SubGroupNumber' for z = 4.77 using 8 thread(s) took 2.574997s
Reading in 'PartType0/GroupNumber' for z = 5.0 using 8 thread(s) took 2.159852s
Reading in 'PartType0/SubGroupNumber' for z = 5.0 using 8 thread(s) took 2.189473s
Reading in 'PartType0/ParticleIDs' for z = 5.0 using 8 thread(s) took 4.628301s
Graph progress:  0 % 530.0
Graph progress:  1 % 49023.0
Graph progress:  2 % 655.00001
Graph progress:  3 % 193359.0
Graph progress:  4 % 97206.0
Graph progress:  5 % 324887.0
Graph progress:  6 % 219586.0
Graph progress:  7 % 14267.00001
Graph progress:  8 % 21096.0
Graph progress:  9 % 264228.0
Graph progress:  10 % 92110.0
Graph progress:  11 % 69.00029
Graph progress:  12 % 8765.0
Graph progress:  13 % 90391.0
Graph progress:  14 % 189924.0
Graph progress:  15 % 286439.0
Graph progress:  16 % 4151.00001
Graph progress:  17 % 334615.0
Graph progress:  18 % 53562.0
Graph progress:  19 % 46245.0
Graph progress:  20 % 93309.0
Graph progress:  21 % 53561.0
Graph progress:  22 % 13670.00002
Graph progress:  23 % 134215.0
Graph progress:  24 % 185946.0
Graph progress:  25 % 17772.0
Graph progress:  26 % 314959.0
Graph progress:  27 % 186059.0
Graph progress:  28 % 141566.0
Graph progress:  29 % 254348.0
Graph progress:  30 % 154557.0
Graph progress:  31 % 327636.0
Graph progress:  32 % 122174.0
Graph progress:  33 % 56469.0
Graph progress:  34 % 236310.0
Graph progress:  35 % 329547.0
Graph progress:  36 % 89339.0
Graph progress:  37 % 3249.0
Graph progress:  38 % 174425.0
Graph progress:  39 % 10577.0
Graph progress:  40 % 61831.0
Graph progress:  41 % 44428.0
Graph progress:  42 % 175908.0
Graph progress:  43 % 139671.0
Graph progress:  44 % 285311.0
Graph progress:  45 % 26003.0
Graph progress:  46 % 62982.0
Graph progress:  47 % 48910.0
Graph progress:  48 % 196206.0
Graph progress:  49 % 52915.0
Graph progress:  50 % 68792.0
Graph progress:  51 % 1265.00001
Graph progress:  52 % 96578.0
Graph progress:  53 % 235812.0
Graph progress:  54 % 1.0066
Graph progress:  55 % 14388.0
Graph progress:  56 % 218020.0
Graph progress:  57 % 311888.0
Graph progress:  58 % 2943.00001
Graph progress:  59 % 131348.0
Graph progress:  60 % 74447.0
Graph progress:  61 % 223161.0
Graph progress:  62 % 46625.0
Graph progress:  63 % 320161.0
Graph progress:  64 % 108789.0
Graph progress:  65 % 275290.0
Graph progress:  66 % 3449.0
Graph progress:  67 % 295185.0
Graph progress:  68 % 242414.0
Graph progress:  69 % 6042.0
Graph progress:  70 % 8291.00001
Graph progress:  71 % 294279.0
Graph progress:  72 % 310739.0
Graph progress:  73 % 4326.00001
Graph progress:  74 % 153634.0
Graph progress:  75 % 16539.00001
Graph progress:  76 % 323147.0
Graph progress:  77 % 241046.0
Graph progress:  78 % 302.00009
Graph progress:  79 % 7532.00001
Graph progress:  80 % 237808.0
Graph progress:  81 % 6326.0
Graph progress:  82 % 148556.0
Graph progress:  83 % 7670.0
Graph progress:  84 % 197285.0
Graph progress:  85 % 5058.00003
Graph progress:  86 % 69235.00001
Graph progress:  87 % 313780.0
Graph progress:  88 % 248981.0
Graph progress:  89 % 248953.0
Graph progress:  90 % 3101.0
Graph progress:  91 % 138507.0
Graph progress:  92 % 316666.0
Graph progress:  93 % 75141.0
Graph progress:  94 % 116834.0
Graph progress:  95 % 279579.0
Graph progress:  96 % 955.00003
Graph progress:  97 % 72499.0
Graph progress:  98 % 78493.0
Graph progress:  99 % 275971.0
Processed 335451 halos in snapshot 011_z004p770 of particle type 0
Write progress:  0 % 530.0
Write progress:  1 % 3371.0
Write progress:  2 % 304498.0
Write progress:  3 % 221601.0
Write progress:  4 % 117446.0
Write progress:  5 % 54938.0
Write progress:  6 % 284021.0
Write progress:  7 % 325216.0
Write progress:  8 % 7453.00002
Write progress:  9 % 105524.00001
Write progress:  10 % 13498.0
Write progress:  11 % 339151.0
Write progress:  12 % 13027.00001
Write progress:  13 % 206736.0
Write progress:  14 % 6072.0
Write progress:  15 % 15.00003
Write progress:  16 % 91226.0
Write progress:  17 % 119677.0
Write progress:  18 % 86163.0
Write progress:  19 % 284444.0
Write progress:  20 % 171058.0
Write progress:  21 % 10590.00001
Write progress:  22 % 40502.0
Write progress:  23 % 276435.0
Write progress:  24 % 10746.0
Write progress:  25 % 240918.0
Write progress:  26 % 140015.0
Write progress:  27 % 146843.0
Write progress:  28 % 105103.0
Write progress:  29 % 286318.0
Write progress:  30 % 132696.00001
Write progress:  31 % 294522.0
Write progress:  32 % 109144.0
Write progress:  33 % 266171.0
Write progress:  34 % 325709.0
Write progress:  35 % 244093.0
Write progress:  36 % 154365.0
Write progress:  37 % 53445.0
Write progress:  38 % 3450.00002
Write progress:  39 % 2327.00002
Write progress:  40 % 182702.0
Write progress:  41 % 210040.0
Write progress:  42 % 120707.0
Write progress:  43 % 12140.00001
Write progress:  44 % 156344.0
Write progress:  45 % 334964.0
Write progress:  46 % 60061.0
Write progress:  47 % 232854.0
Write progress:  48 % 13410.00002
Write progress:  49 % 307055.0
Write progress:  50 % 16509.0
Write progress:  51 % 285989.0
Write progress:  52 % 327879.0
Write progress:  53 % 118970.0
Write progress:  54 % 7099.0
Write progress:  55 % 26083.0
Write progress:  56 % 46866.0
Write progress:  57 % 247522.0
Write progress:  58 % 185680.0
Write progress:  59 % 146522.0
Write progress:  60 % 20854.00003
Write progress:  61 % 1978.00003
Write progress:  62 % 13239.00001
Write progress:  63 % 160556.0
Write progress:  64 % 225447.0
Write progress:  65 % 289602.0
Write progress:  66 % 30603.00002
Write progress:  67 % 334279.0
Write progress:  68 % 299118.0
Write progress:  69 % 25183.0
Write progress:  70 % 113802.0
Write progress:  71 % 339694.0
Write progress:  72 % 32909.00001
Write progress:  73 % 102727.0
Write progress:  74 % 106592.0
Write progress:  75 % 302517.0
Write progress:  76 % 273546.0
Write progress:  77 % 221383.0
Write progress:  78 % 1384.00004
Write progress:  79 % 309271.0
Write progress:  80 % 147076.0
Write progress:  81 % 142035.0
Write progress:  82 % 269631.0
Write progress:  83 % 87447.0
Write progress:  84 % 99445.0
Write progress:  85 % 163074.0
Write progress:  86 % 217631.0
Write progress:  87 % 147212.0
Write progress:  88 % 99395.00001
Write progress:  89 % 45137.0
Write progress:  90 % 85.00042
Write progress:  91 % 147900.0
Write progress:  92 % 2868.00006
Write progress:  93 % 76764.0
Write progress:  94 % 40384.0
Write progress:  95 % 64654.0
Write progress:  96 % 101637.0
Write progress:  97 % 91981.0
Write progress:  98 % 132379.0
Write progress:  99 % 153714.0
Job done, info follows...
       JobID    JobName  Partition     MaxRSS    Elapsed ExitCode 
------------ ---------- ---------- ---------- ---------- -------- 
2042958_432  MEGA-FLAR+     cosma6              01:25:57      0:0 
2042958_432+     extern                         01:25:57      0:0 
