====
Starting job 2043618 at Fri 24 Apr 03:06:37 BST 2020 for user dc-rope1.
Running on nodes: m6509
====
477
('00', '008_z007p000', '009_z006p000', '010_z005p000')
Reading in 'PartType1/ParticleIDs' for z = 6.0 using 8 thread(s) took 12.408917s
Reading in 'PartType1/ParticleIDs' for z = 6.0 using 8 thread(s) took 6.544009s
Reading in 'PartType1/GroupNumber' for z = 6.0 using 8 thread(s) took 2.675012s
Reading in 'PartType1/SubGroupNumber' for z = 6.0 using 8 thread(s) took 2.012679s
Reading in 'PartType1/GroupNumber' for z = 7.0 using 8 thread(s) took 1.957476s
Reading in 'PartType1/SubGroupNumber' for z = 7.0 using 8 thread(s) took 1.049518s
Reading in 'PartType1/ParticleIDs' for z = 7.0 using 8 thread(s) took 3.235258s
Reading in 'PartType1/GroupNumber' for z = 5.0 using 8 thread(s) took 6.07714s
Reading in 'PartType1/SubGroupNumber' for z = 5.0 using 8 thread(s) took 3.107453s
Reading in 'PartType1/ParticleIDs' for z = 5.0 using 8 thread(s) took 4.924801s
Graph progress:  0 % 246308.0
Graph progress:  1 % 15711.00001
Graph progress:  2 % 9229.00002
Graph progress:  3 % 3230.00002
Graph progress:  4 % 270407.0
Graph progress:  5 % 343005.0
Graph progress:  6 % 118883.0
Graph progress:  7 % 89207.0
Graph progress:  8 % 195083.0
Graph progress:  9 % 7545.00003
Graph progress:  10 % 267180.0
Graph progress:  11 % 244902.0
Graph progress:  12 % 217249.0
Graph progress:  13 % 236440.0
Graph progress:  14 % 59026.00001
Graph progress:  15 % 46101.0
Graph progress:  16 % 13099.00002
Graph progress:  17 % 304163.0
Graph progress:  18 % 219196.0
Graph progress:  19 % 201328.0
Graph progress:  20 % 724.00002
Graph progress:  21 % 365040.0
Graph progress:  22 % 376217.0
Graph progress:  23 % 52879.0
Graph progress:  24 % 181785.0
Graph progress:  25 % 35.00023
Graph progress:  26 % 109360.0
Graph progress:  27 % 4312.0
Graph progress:  28 % 187416.0
Graph progress:  29 % 78846.0
Graph progress:  30 % 52092.0
Graph progress:  31 % 56806.0
Graph progress:  32 % 207981.0
Graph progress:  33 % 320870.0
Graph progress:  34 % 289097.0
Graph progress:  35 % 171.00015
Graph progress:  36 % 56650.0
Graph progress:  37 % 114265.0
Graph progress:  38 % 81836.0
Graph progress:  39 % 25669.00001
Graph progress:  40 % 34944.00001
Graph progress:  41 % 129834.00001
Graph progress:  42 % 40971.0
Graph progress:  43 % 287195.0
Graph progress:  44 % 100072.00001
Graph progress:  45 % 141526.0
Graph progress:  46 % 330825.0
Graph progress:  47 % 253878.0
Graph progress:  48 % 45724.0
Graph progress:  49 % 26164.00001
Graph progress:  50 % 67063.0
Graph progress:  51 % 186777.0
Graph progress:  52 % 295754.0
Graph progress:  53 % 105687.0
Graph progress:  54 % 271213.0
Graph progress:  55 % 153264.0
Graph progress:  56 % 3493.00002
Graph progress:  57 % 2995.00004
Graph progress:  58 % 307160.0
Graph progress:  59 % 231363.0
Graph progress:  60 % 3864.00006
Graph progress:  61 % 152455.0
Graph progress:  62 % 305273.0
Graph progress:  63 % 12635.0
Graph progress:  64 % 327430.0
Graph progress:  65 % 73741.0
Graph progress:  66 % 71734.0
Graph progress:  67 % 89807.00001
Graph progress:  68 % 279139.0
Graph progress:  69 % 288350.0
Graph progress:  70 % 357970.0
Graph progress:  71 % 302891.0
Graph progress:  72 % 242989.0
Graph progress:  73 % 174968.0
Graph progress:  74 % 144961.00001
Graph progress:  75 % 34852.0
Graph progress:  76 % 120330.0
Graph progress:  77 % 296047.0
Graph progress:  78 % 133307.0
Graph progress:  79 % 164908.0
Graph progress:  80 % 49581.0
Graph progress:  81 % 200257.0
Graph progress:  82 % 38243.0
Graph progress:  83 % 341291.0
Graph progress:  84 % 68281.0
Graph progress:  85 % 253414.0
Graph progress:  86 % 109947.0
Graph progress:  87 % 333085.0
Graph progress:  88 % 45197.00001
Graph progress:  89 % 13526.0
Graph progress:  90 % 38077.0
Graph progress:  91 % 163699.0
Graph progress:  92 % 218287.0
Graph progress:  93 % 80496.0
Graph progress:  94 % 57334.0
Graph progress:  95 % 94932.0
Graph progress:  96 % 121584.0
Graph progress:  97 % 96925.0
Graph progress:  98 % 2161.00003
Graph progress:  99 % 235350.0
Processed 446592 halos in snapshot 009_z006p000 of particle type 1
Reading in 'PartType4/ParticleIDs' for z = 6.0 using 8 thread(s) took 0.962512s
Reading in 'PartType4/ParticleIDs' for z = 7.0 using 8 thread(s) took 1.001661s
Reading in 'Subhalo/SubGroupNumber' for z = 7.0 using 8 thread(s) took 1.099618s
Reading in 'Subhalo/GroupNumber' for z = 7.0 using 8 thread(s) took 0.747311s
Reading in 'Subhalo/ApertureMeasurements/Mass/030kpc' for z = 7.0 using 8 thread(s) took 0.762778s
Reading in 'PartType4/Mass' for z = 7.0 using 8 thread(s) took 0.701236s
Reading in 'PartType4/ParticleIDs' for z = 5.0 using 8 thread(s) took 2.359699s
Reading in 'Subhalo/SubGroupNumber' for z = 5.0 using 8 thread(s) took 3.221681s
Reading in 'Subhalo/GroupNumber' for z = 5.0 using 8 thread(s) took 0.943516s
Reading in 'Subhalo/ApertureMeasurements/Mass/030kpc' for z = 5.0 using 8 thread(s) took 0.939028s
Reading in 'PartType4/Mass' for z = 5.0 using 8 thread(s) took 2.216631s
Reading in 'PartType4/ParticleIDs' for z = 6.0 using 8 thread(s) took 0.76094s
Reading in 'PartType4/GroupNumber' for z = 6.0 using 8 thread(s) took 0.747168s
Reading in 'PartType4/SubGroupNumber' for z = 6.0 using 8 thread(s) took 0.769046s
Reading in 'PartType4/GroupNumber' for z = 7.0 using 8 thread(s) took 0.790104s
Reading in 'PartType4/SubGroupNumber' for z = 7.0 using 8 thread(s) took 0.758439s
Reading in 'PartType4/ParticleIDs' for z = 7.0 using 8 thread(s) took 0.788237s
Reading in 'PartType4/GroupNumber' for z = 5.0 using 8 thread(s) took 1.017249s
Reading in 'PartType4/SubGroupNumber' for z = 5.0 using 8 thread(s) took 1.214065s
Reading in 'PartType4/ParticleIDs' for z = 5.0 using 8 thread(s) took 1.356586s
Graph progress:  0 % 90.0
Graph progress:  1 % 95699.0
Graph progress:  2 % 30277.0
Graph progress:  3 % 75308.0
Graph progress:  4 % 68602.0
Graph progress:  5 % 3796.00003
Graph progress:  6 % 557.00004
Graph progress:  7 % 122837.0
Graph progress:  8 % 32697.0
Graph progress:  9 % 9617.00001
Graph progress:  10 % 9.00034
Graph progress:  11 % 25790.0
Graph progress:  12 % 21.00003
Graph progress:  13 % 11081.0
Graph progress:  14 % 133875.0
Graph progress:  15 % 1.00344
Graph progress:  16 % 7543.0
Graph progress:  17 % 9570.0
Graph progress:  18 % 1758.0
Graph progress:  19 % 18935.0
Graph progress:  20 % 45043.0
Graph progress:  21 % 39946.0
Graph progress:  22 % 68400.0
Graph progress:  23 % 12832.0
Graph progress:  24 % 33776.0
Graph progress:  25 % 1011.00005
Graph progress:  26 % 34037.0
Graph progress:  27 % 21394.00001
Graph progress:  28 % 207.00024
Graph progress:  29 % 16622.0
Graph progress:  30 % 18538.0
Graph progress:  31 % 5224.00005
Graph progress:  32 % 70186.0
Graph progress:  33 % 33096.0
Graph progress:  34 % 16889.00001
Graph progress:  35 % 45274.0
Graph progress:  36 % 64690.0
Graph progress:  37 % 24394.00001
Graph progress:  38 % 94748.0
Graph progress:  39 % 24991.00001
Graph progress:  40 % 40367.0
Graph progress:  41 % 10012.0
Graph progress:  42 % 280.00011
Graph progress:  43 % 72369.0
Graph progress:  44 % 142398.0
Graph progress:  45 % 28795.0
Graph progress:  46 % 4204.0
Graph progress:  47 % 73668.0
Graph progress:  48 % 476.00007
Graph progress:  49 % 6212.00004
Graph progress:  50 % 180940.0
Graph progress:  51 % 21843.00001
Graph progress:  52 % 8288.00003
Graph progress:  53 % 46672.0
Graph progress:  54 % 350.00017
Graph progress:  55 % 5482.00001
Graph progress:  56 % 104.00001
Graph progress:  57 % 36361.0
Graph progress:  58 % 10870.0
Graph progress:  59 % 13860.0
Graph progress:  60 % 13.0004
Graph progress:  61 % 30583.0
Graph progress:  62 % 33051.0
Graph progress:  63 % 482.00015
Graph progress:  64 % 54056.0
Graph progress:  65 % 47679.00001
Graph progress:  66 % 5236.00003
Graph progress:  67 % 7340.0
Graph progress:  68 % 68522.0
Graph progress:  69 % 9710.0
Graph progress:  70 % 44596.0
Graph progress:  71 % 21672.0
Graph progress:  72 % 1881.00002
Graph progress:  73 % 31201.0
Graph progress:  74 % 23792.0
Graph progress:  75 % 2225.00003
Graph progress:  76 % 72110.0
Graph progress:  77 % 102517.0
Graph progress:  78 % 673.00002
Graph progress:  79 % 44294.0
Graph progress:  80 % 57424.0
Graph progress:  81 % 5607.00001
Graph progress:  82 % 42136.0
Graph progress:  83 % 42451.0
Graph progress:  84 % 15473.00001
Graph progress:  85 % 5395.0
Graph progress:  86 % 13636.00001
Graph progress:  87 % 52982.0
Graph progress:  88 % 510.00004
Graph progress:  89 % 6389.0
Graph progress:  90 % 2702.00006
Graph progress:  91 % 16592.0
Graph progress:  92 % 286.00011
Graph progress:  93 % 3504.00002
Graph progress:  94 % 3284.00006
Graph progress:  95 % 24902.0
Graph progress:  96 % 18797.0
Graph progress:  97 % 20.00051
Graph progress:  98 % 29969.00001
Graph progress:  99 % 118092.0
Processed 85644 halos in snapshot 009_z006p000 of particle type 4
Reading in 'PartType5/ParticleIDs' for z = 6.0 using 8 thread(s) took 0.854755s
Reading in 'PartType5/ParticleIDs' for z = 7.0 using 8 thread(s) took 0.771376s
Reading in 'Subhalo/SubGroupNumber' for z = 7.0 using 8 thread(s) took 0.84258s
Reading in 'Subhalo/GroupNumber' for z = 7.0 using 8 thread(s) took 0.905957s
Reading in 'Subhalo/ApertureMeasurements/Mass/030kpc' for z = 7.0 using 8 thread(s) took 1.023938s
Reading in 'PartType5/Mass' for z = 7.0 using 8 thread(s) took 0.950332s
Reading in 'PartType5/ParticleIDs' for z = 5.0 using 8 thread(s) took 1.829338s
Reading in 'Subhalo/SubGroupNumber' for z = 5.0 using 8 thread(s) took 1.071297s
Reading in 'Subhalo/GroupNumber' for z = 5.0 using 8 thread(s) took 0.973631s
Reading in 'Subhalo/ApertureMeasurements/Mass/030kpc' for z = 5.0 using 8 thread(s) took 1.05619s
Reading in 'PartType5/Mass' for z = 5.0 using 8 thread(s) took 1.381672s
Reading in 'PartType5/ParticleIDs' for z = 6.0 using 8 thread(s) took 0.93579s
Reading in 'PartType5/GroupNumber' for z = 6.0 using 8 thread(s) took 0.920551s
Reading in 'PartType5/SubGroupNumber' for z = 6.0 using 8 thread(s) took 0.925214s
Reading in 'PartType5/GroupNumber' for z = 7.0 using 8 thread(s) took 0.926789s
Reading in 'PartType5/SubGroupNumber' for z = 7.0 using 8 thread(s) took 0.903732s
Reading in 'PartType5/ParticleIDs' for z = 7.0 using 8 thread(s) took 0.922676s
Reading in 'PartType5/GroupNumber' for z = 5.0 using 8 thread(s) took 1.491374s
Reading in 'PartType5/SubGroupNumber' for z = 5.0 using 8 thread(s) took 0.974241s
Reading in 'PartType5/ParticleIDs' for z = 5.0 using 8 thread(s) took 1.639829s
Graph progress:  0 % 1033.0
Graph progress:  1 % 131.00002
Graph progress:  2 % 4115.00001
Graph progress:  3 % 1766.00003
Graph progress:  4 % 3224.00005
Graph progress:  5 % 271.00003
Graph progress:  6 % 101.00003
Graph progress:  7 % 8387.0
Graph progress:  8 % 7823.00002
Graph progress:  9 % 192.00001
Graph progress:  10 % 18292.0
Graph progress:  11 % 6420.00001
Graph progress:  12 % 71.00001
Graph progress:  13 % 6630.00001
Graph progress:  14 % 5255.00002
Graph progress:  15 % 1377.0
Graph progress:  16 % 671.0
Graph progress:  17 % 291.00017
Graph progress:  18 % 3259.00007
Graph progress:  19 % 4900.0
Graph progress:  20 % 7019.0
Graph progress:  21 % 571.0
Graph progress:  22 % 1571.00009
Graph progress:  23 % 52.0
Graph progress:  24 % 1207.00001
Graph progress:  25 % 35.0
Graph progress:  26 % 2441.00004
Graph progress:  27 % 3104.0
Graph progress:  28 % 5904.00001
Graph progress:  29 % 2552.0
Graph progress:  30 % 180.00002
Graph progress:  31 % 1585.00004
Graph progress:  32 % 4507.00001
Graph progress:  33 % 2448.0
Graph progress:  34 % 3635.0
Graph progress:  35 % 3290.00001
Graph progress:  36 % 1199.00001
Graph progress:  37 % 1169.00008
Graph progress:  38 % 22813.0
Graph progress:  39 % 546.00015
Graph progress:  40 % 4748.0
Graph progress:  41 % 307.0
Graph progress:  42 % 2178.0
Graph progress:  43 % 8687.0
Graph progress:  44 % 5621.00001
Graph progress:  45 % 4317.0
Graph progress:  46 % 1863.00005
Graph progress:  47 % 5029.0
Graph progress:  48 % 287.0001
Graph progress:  49 % 5458.0
Graph progress:  50 % 2740.00003
Graph progress:  51 % 2322.0
Graph progress:  52 % 928.0
Graph progress:  53 % 15.0
Graph progress:  54 % 7407.00001
Graph progress:  55 % 371.00001
Graph progress:  56 % 5510.0
Graph progress:  57 % 919.00005
Graph progress:  58 % 5922.0
Graph progress:  59 % 33379.0
Graph progress:  60 % 3885.00005
Graph progress:  61 % 2.00183
Graph progress:  62 % 2412.0
Graph progress:  63 % 4768.0
Graph progress:  64 % 315.00021
Graph progress:  65 % 191.00004
Graph progress:  66 % 74.00009
Graph progress:  67 % 5784.0
Graph progress:  68 % 4603.00001
Graph progress:  69 % 169.00002
Graph progress:  70 % 16.0
Graph progress:  71 % 2731.0
Graph progress:  72 % 5522.00002
Graph progress:  73 % 63.00018
Graph progress:  74 % 6128.0
Graph progress:  75 % 1811.00002
Graph progress:  76 % 17414.0
Graph progress:  77 % 4.00011
Graph progress:  78 % 3320.00002
Graph progress:  79 % 283.00004
Graph progress:  80 % 6721.0
Graph progress:  81 % 612.0
Graph progress:  82 % 3929.0
Graph progress:  83 % 2600.0
Graph progress:  84 % 1186.0
Graph progress:  85 % 3275.0
Graph progress:  86 % 365.00001
Graph progress:  87 % 2086.0
Graph progress:  88 % 455.0
Graph progress:  89 % 5610.00002
Graph progress:  90 % 198.0
Graph progress:  91 % 1435.0
Graph progress:  92 % 4656.00005
Graph progress:  93 % 18.00003
Graph progress:  94 % 4776.00002
Graph progress:  95 % 2297.00006
Graph progress:  96 % 986.00001
Graph progress:  97 % 834.0
Graph progress:  98 % 4612.00001
Graph progress:  99 % 2851.0
Processed 9769 halos in snapshot 009_z006p000 of particle type 5
Reading in 'PartType0/ParticleIDs' for z = 6.0 using 8 thread(s) took 11.102461s
Reading in 'PartType0/ParticleIDs' for z = 7.0 using 8 thread(s) took 11.001967s
Reading in 'Subhalo/SubGroupNumber' for z = 7.0 using 8 thread(s) took 0.97448s
Reading in 'Subhalo/GroupNumber' for z = 7.0 using 8 thread(s) took 1.098522s
Reading in 'Subhalo/ApertureMeasurements/Mass/030kpc' for z = 7.0 using 8 thread(s) took 1.07566s
Reading in 'PartType0/Mass' for z = 7.0 using 8 thread(s) took 1.2861s
Reading in 'PartType0/ParticleIDs' for z = 5.0 using 8 thread(s) took 12.693999s
Reading in 'Subhalo/SubGroupNumber' for z = 5.0 using 8 thread(s) took 1.122218s
Reading in 'Subhalo/GroupNumber' for z = 5.0 using 8 thread(s) took 1.092747s
Reading in 'Subhalo/ApertureMeasurements/Mass/030kpc' for z = 5.0 using 8 thread(s) took 1.114967s
Reading in 'PartType0/Mass' for z = 5.0 using 8 thread(s) took 2.76082s
Reading in 'PartType0/ParticleIDs' for z = 6.0 using 8 thread(s) took 4.219221s
Reading in 'PartType0/GroupNumber' for z = 6.0 using 8 thread(s) took 1.522404s
Reading in 'PartType0/SubGroupNumber' for z = 6.0 using 8 thread(s) took 1.547684s
Reading in 'PartType0/GroupNumber' for z = 7.0 using 8 thread(s) took 1.411714s
Reading in 'PartType0/SubGroupNumber' for z = 7.0 using 8 thread(s) took 1.375369s
Reading in 'PartType0/ParticleIDs' for z = 7.0 using 8 thread(s) took 3.331492s
Reading in 'PartType0/GroupNumber' for z = 5.0 using 8 thread(s) took 2.348102s
Reading in 'PartType0/SubGroupNumber' for z = 5.0 using 8 thread(s) took 2.301701s
Reading in 'PartType0/ParticleIDs' for z = 5.0 using 8 thread(s) took 4.569567s
Graph progress:  0 % 246308.0
Graph progress:  1 % 228471.0
Graph progress:  2 % 261294.0
Graph progress:  3 % 256997.0
Graph progress:  4 % 195066.0
Graph progress:  5 % 355182.0
Graph progress:  6 % 208588.0
Graph progress:  7 % 365200.0
Graph progress:  8 % 30473.0
Graph progress:  9 % 317634.0
Graph progress:  10 % 119900.0
Graph progress:  11 % 231888.0
Graph progress:  12 % 360889.0
Graph progress:  13 % 36262.00001
Graph progress:  14 % 109742.0
Graph progress:  15 % 146527.0
Graph progress:  16 % 184726.0
Graph progress:  17 % 125283.0
Graph progress:  18 % 156581.0
Graph progress:  19 % 10800.00001
Graph progress:  20 % 214021.0
Graph progress:  21 % 3066.00004
Graph progress:  22 % 22731.0
Graph progress:  23 % 210258.0
Graph progress:  24 % 43816.0
Graph progress:  25 % 33497.0
Graph progress:  26 % 5475.00002
Graph progress:  27 % 7923.00003
Graph progress:  28 % 260059.0
Graph progress:  29 % 102090.0
Graph progress:  30 % 84660.0
Graph progress:  31 % 193336.0
Graph progress:  32 % 272422.0
Graph progress:  33 % 3178.00003
Graph progress:  34 % 141967.0
Graph progress:  35 % 46759.0
Graph progress:  36 % 244585.0
Graph progress:  37 % 350620.0
Graph progress:  38 % 145404.0
Graph progress:  39 % 70484.0
Graph progress:  40 % 16004.00003
Graph progress:  41 % 236928.0
Graph progress:  42 % 197899.0
Graph progress:  43 % 42050.0
Graph progress:  44 % 368052.0
Graph progress:  45 % 347630.0
Graph progress:  46 % 243395.0
Graph progress:  47 % 104066.0
Graph progress:  48 % 205578.0
Graph progress:  49 % 373602.0
Graph progress:  50 % 336304.0
Graph progress:  51 % 5106.0
Graph progress:  52 % 36060.0
Graph progress:  53 % 60897.00001
Graph progress:  54 % 235507.0
Graph progress:  55 % 95392.0
Graph progress:  56 % 14.00085
Graph progress:  57 % 323543.0
Graph progress:  58 % 5712.0
Graph progress:  59 % 167330.0
Graph progress:  60 % 87860.0
Graph progress:  61 % 4619.0
Graph progress:  62 % 137370.0
Graph progress:  63 % 73437.0
Graph progress:  64 % 122003.0
Graph progress:  65 % 164027.0
Graph progress:  66 % 28134.0
Graph progress:  67 % 19156.0
Graph progress:  68 % 320522.0
Graph progress:  69 % 23293.00002
Graph progress:  70 % 97338.0
Graph progress:  71 % 97322.0
Graph progress:  72 % 262690.0
Graph progress:  73 % 182.00001
Graph progress:  74 % 111149.0
Graph progress:  75 % 6502.0
Graph progress:  76 % 167522.0
Graph progress:  77 % 171652.0
Graph progress:  78 % 74512.0
Graph progress:  79 % 11211.0
Graph progress:  80 % 176970.0
Graph progress:  81 % 133579.0
Graph progress:  82 % 100927.0
Graph progress:  83 % 187090.0
Graph progress:  84 % 1304.00004
Graph progress:  85 % 198664.0
Graph progress:  86 % 205421.0
Graph progress:  87 % 238995.00001
Graph progress:  88 % 5844.0
Graph progress:  89 % 137214.0
Graph progress:  90 % 115746.0
Graph progress:  91 % 255753.0
Graph progress:  92 % 277221.0
Graph progress:  93 % 38809.00002
Graph progress:  94 % 334865.0
Graph progress:  95 % 318329.0
Graph progress:  96 % 231008.0
Graph progress:  97 % 106587.0
Graph progress:  98 % 18722.00003
Graph progress:  99 % 49857.0
Processed 410775 halos in snapshot 009_z006p000 of particle type 0
Write progress:  0 % 246308.0
Write progress:  1 % 15711.00001
Write progress:  2 % 9229.00002
Write progress:  3 % 3230.00002
Write progress:  4 % 270407.0
Write progress:  5 % 343005.0
Write progress:  6 % 118883.0
Write progress:  7 % 89207.0
Write progress:  8 % 195083.0
Write progress:  9 % 7545.00003
Write progress:  10 % 267180.0
Write progress:  11 % 244902.0
Write progress:  12 % 217249.0
Write progress:  13 % 236440.0
Write progress:  14 % 59026.00001
Write progress:  15 % 46101.0
Write progress:  16 % 13099.00002
Write progress:  17 % 304163.0
Write progress:  18 % 219196.0
Write progress:  19 % 201328.0
Write progress:  20 % 724.00002
Write progress:  21 % 365040.0
Write progress:  22 % 376217.0
Write progress:  23 % 52879.0
Write progress:  24 % 181785.0
Write progress:  25 % 35.00023
Write progress:  26 % 109360.0
Write progress:  27 % 4312.0
Write progress:  28 % 187416.0
Write progress:  29 % 78846.0
Write progress:  30 % 52092.0
Write progress:  31 % 56806.0
Write progress:  32 % 207981.0
Write progress:  33 % 320870.0
Write progress:  34 % 289097.0
Write progress:  35 % 171.00015
Write progress:  36 % 56650.0
Write progress:  37 % 114265.0
Write progress:  38 % 81836.0
Write progress:  39 % 25669.00001
Write progress:  40 % 34944.00001
Write progress:  41 % 129834.00001
Write progress:  42 % 40971.0
Write progress:  43 % 287195.0
Write progress:  44 % 100072.00001
Write progress:  45 % 141526.0
Write progress:  46 % 330825.0
Write progress:  47 % 253878.0
Write progress:  48 % 45724.0
Write progress:  49 % 26164.00001
Write progress:  50 % 67063.0
Write progress:  51 % 186777.0
Write progress:  52 % 295754.0
Write progress:  53 % 105687.0
Write progress:  54 % 271213.0
Write progress:  55 % 153264.0
Write progress:  56 % 3493.00002
Write progress:  57 % 2995.00004
Write progress:  58 % 307160.0
Write progress:  59 % 231363.0
Write progress:  60 % 3864.00006
Write progress:  61 % 152455.0
Write progress:  62 % 305273.0
Write progress:  63 % 12635.0
Write progress:  64 % 327430.0
Write progress:  65 % 73741.0
Write progress:  66 % 71734.0
Write progress:  67 % 89807.00001
Write progress:  68 % 279139.0
Write progress:  69 % 288350.0
Write progress:  70 % 357970.0
Write progress:  71 % 302891.0
Write progress:  72 % 242989.0
Write progress:  73 % 174968.0
Write progress:  74 % 144961.00001
Write progress:  75 % 34852.0
Write progress:  76 % 120330.0
Write progress:  77 % 296047.0
Write progress:  78 % 133307.0
Write progress:  79 % 164908.0
Write progress:  80 % 49581.0
Write progress:  81 % 200257.0
Write progress:  82 % 38243.0
Write progress:  83 % 341291.0
Write progress:  84 % 68281.0
Write progress:  85 % 253414.0
Write progress:  86 % 109947.0
Write progress:  87 % 333085.0
Write progress:  88 % 45197.00001
Write progress:  89 % 13526.0
Write progress:  90 % 38077.0
Write progress:  91 % 163699.0
Write progress:  92 % 218287.0
Write progress:  93 % 80496.0
Write progress:  94 % 57334.0
Write progress:  95 % 94932.0
Write progress:  96 % 121584.0
Write progress:  97 % 96925.0
Write progress:  98 % 2161.00003
Write progress:  99 % 235350.0
Job done, info follows...
       JobID    JobName  Partition     MaxRSS    Elapsed ExitCode 
------------ ---------- ---------- ---------- ---------- -------- 
2042958_478  MEGA-FLAR+     cosma6              01:38:15      0:0 
2042958_478+     extern                         01:38:15      0:0 
