====
Starting job 2043177 at Thu 23 Apr 23:11:06 BST 2020 for user dc-rope1.
Running on nodes: m6021
====
84
('32', None, '000_z015p000', '001_z014p000')
Reading in 'PartType1/ParticleIDs' for z = 15.0 using 8 thread(s) took 8.703118s
Reading in 'PartType1/ParticleIDs' for z = 15.0 using 8 thread(s) took 1.449149s
Reading in 'PartType1/GroupNumber' for z = 15.0 using 8 thread(s) took 0.062647s
Reading in 'PartType1/SubGroupNumber' for z = 15.0 using 8 thread(s) took 0.066134s
Reading in 'PartType1/GroupNumber' for z = 14.0 using 8 thread(s) took 1.391747s
Reading in 'PartType1/SubGroupNumber' for z = 14.0 using 8 thread(s) took 0.113839s
Reading in 'PartType1/ParticleIDs' for z = 14.0 using 8 thread(s) took 0.08407s
Graph progress:  0 % 1524.0
Graph progress:  1 % 1324.0
Graph progress:  2 % 1758.0
Graph progress:  3 % 64.0
Graph progress:  4 % 1046.0
Graph progress:  5 % 77.0
Graph progress:  6 % 63.0
Graph progress:  7 % 1540.0
Graph progress:  8 % 1073.0
Graph progress:  9 % 1858.0
Graph progress:  10 % 1791.0
Graph progress:  11 % 291.0
Graph progress:  12 % 1047.0
Graph progress:  13 % 152.0
Graph progress:  14 % 1710.0
Graph progress:  15 % 229.0
Graph progress:  16 % 1322.0
Graph progress:  17 % 107.0
Graph progress:  18 % 823.0
Graph progress:  19 % 946.0
Graph progress:  20 % 359.0
Graph progress:  21 % 150.0
Graph progress:  22 % 1989.0
Graph progress:  23 % 923.0
Graph progress:  24 % 129.0
Graph progress:  25 % 1274.0
Graph progress:  26 % 193.0
Graph progress:  27 % 1094.0
Graph progress:  28 % 298.0
Graph progress:  29 % 201.0
Graph progress:  30 % 903.0
Graph progress:  31 % 1020.0
Graph progress:  32 % 178.0
Graph progress:  33 % 404.0
Graph progress:  34 % 1682.0
Graph progress:  35 % 266.0
Graph progress:  36 % 1954.0
Graph progress:  37 % 1528.0
Graph progress:  38 % 1766.0
Graph progress:  39 % 299.0
Graph progress:  40 % 21.0
Graph progress:  41 % 1474.0
Graph progress:  42 % 905.0
Graph progress:  43 % 514.0
Graph progress:  44 % 1200.0
Graph progress:  45 % 1770.0
Graph progress:  46 % 6.00001
Graph progress:  47 % 1340.0
Graph progress:  48 % 388.0
Graph progress:  49 % 978.0
Graph progress:  50 % 1078.0
Graph progress:  51 % 605.0
Graph progress:  52 % 42.0
Graph progress:  53 % 491.0
Graph progress:  54 % 838.0
Graph progress:  55 % 1236.0
Graph progress:  56 % 1204.0
Graph progress:  57 % 1639.0
Graph progress:  58 % 721.0
Graph progress:  59 % 10.0
Graph progress:  60 % 909.0
Graph progress:  61 % 153.0
Graph progress:  62 % 796.0
Graph progress:  63 % 1316.0
Graph progress:  64 % 690.0
Graph progress:  65 % 1403.0
Graph progress:  66 % 767.0
Graph progress:  67 % 1875.0
Graph progress:  68 % 717.0
Graph progress:  69 % 924.0
Graph progress:  70 % 1599.0
Graph progress:  71 % 329.0
Graph progress:  72 % 260.0
Graph progress:  73 % 1377.0
Graph progress:  74 % 1022.0
Graph progress:  75 % 1501.0
Graph progress:  76 % 613.0
Graph progress:  77 % 357.0
Graph progress:  78 % 1971.0
Graph progress:  79 % 1547.0
Graph progress:  80 % 1095.0
Graph progress:  81 % 335.0
Graph progress:  82 % 1683.0
Graph progress:  83 % 1219.0
Graph progress:  84 % 615.0
Graph progress:  85 % 503.0
Graph progress:  86 % 1516.0
Graph progress:  87 % 1786.0
Graph progress:  88 % 818.0
Graph progress:  89 % 61.00001
Graph progress:  90 % 530.0
Graph progress:  91 % 678.0
Graph progress:  92 % 1787.0
Graph progress:  93 % 974.0
Graph progress:  94 % 1995.0
Graph progress:  95 % 596.0
Graph progress:  96 % 384.0
Graph progress:  97 % 130.00001
Graph progress:  98 % 1519.0
Graph progress:  99 % 807.0
Processed 2080 halos in snapshot 000_z015p000 of particle type 1
Reading in 'PartType4/ParticleIDs' for z = 15.0 using 8 thread(s) took 0.911641s
Reading in 'PartType4/ParticleIDs' for z = 14.0 using 8 thread(s) took 3.149752s
Reading in 'Subhalo/SubGroupNumber' for z = 14.0 using 8 thread(s) took 2.583836s
Reading in 'Subhalo/GroupNumber' for z = 14.0 using 8 thread(s) took 0.136007s
Reading in 'Subhalo/ApertureMeasurements/Mass/030kpc' for z = 14.0 using 8 thread(s) took 0.10169s
Reading in 'PartType4/Mass' for z = 14.0 using 8 thread(s) took 0.0674s
Reading in 'PartType4/ParticleIDs' for z = 15.0 using 8 thread(s) took 0.067096s
Reading in 'PartType4/GroupNumber' for z = 15.0 using 8 thread(s) took 0.063126s
Reading in 'PartType4/SubGroupNumber' for z = 15.0 using 8 thread(s) took 0.062216s
Reading in 'PartType4/GroupNumber' for z = 14.0 using 8 thread(s) took 0.069215s
Reading in 'PartType4/SubGroupNumber' for z = 14.0 using 8 thread(s) took 0.067172s
Reading in 'PartType4/ParticleIDs' for z = 14.0 using 8 thread(s) took 0.063993s
Graph progress:  0 % 110.0
Graph progress:  1 % 99.0
Graph progress:  2 % 403.0
Graph progress:  3 % 558.0
Graph progress:  4 % 230.0
Graph progress:  5 % 106.0
Graph progress:  6 % 139.0
Graph progress:  7 % 160.0
Graph progress:  8 % 4.0
Graph progress:  9 % 307.0
Graph progress:  10 % 63.0
Graph progress:  11 % 113.0
Graph progress:  12 % 204.0
Graph progress:  13 % 1.0
Graph progress:  14 % 20.0
Graph progress:  15 % 187.0
Graph progress:  16 % 41.0
Graph progress:  17 % 276.0
Graph progress:  18 % 519.0
Graph progress:  19 % 22.0
Graph progress:  20 % 27.0
Graph progress:  21 % 142.0
Graph progress:  22 % 77.0
Graph progress:  23 % 377.0
Graph progress:  24 % 486.0
Graph progress:  25 % 248.0
Graph progress:  26 % 3.0
Graph progress:  27 % 1059.0
Graph progress:  28 % 5.0
Graph progress:  29 % 17.0
Graph progress:  30 % 48.0
Graph progress:  31 % 29.0
Graph progress:  32 % 158.0
Graph progress:  33 % 97.0
Graph progress:  34 % 774.0
Graph progress:  35 % 419.0
Graph progress:  36 % 193.0
Graph progress:  37 % 129.0
Graph progress:  38 % 85.0
Graph progress:  39 % 181.0
Graph progress:  40 % 8.00001
Graph progress:  41 % 8.0
Graph progress:  42 % 15.0
Graph progress:  43 % 736.0
Graph progress:  44 % 446.0
Graph progress:  45 % 604.0
Graph progress:  46 % 21.0
Graph progress:  47 % 321.0
Graph progress:  48 % 137.0
Graph progress:  49 % 731.0
Graph progress:  50 % 135.0
Graph progress:  51 % 9.0
Graph progress:  52 % 499.0
Graph progress:  53 % 35.0
Graph progress:  54 % 471.0
Graph progress:  55 % 179.0
Graph progress:  56 % 173.0
Graph progress:  57 % 2.0
Graph progress:  58 % 42.0
Graph progress:  59 % 140.0
Graph progress:  60 % 62.0
Graph progress:  61 % 222.0
Graph progress:  62 % 360.0
Graph progress:  63 % 210.0
Graph progress:  64 % 500.0
Graph progress:  65 % 533.0
Graph progress:  66 % 309.0
Graph progress:  67 % 569.0
Graph progress:  68 % 43.0
Graph progress:  69 % 19.0
Graph progress:  70 % 896.0
Graph progress:  71 % 243.0
Graph progress:  72 % 32.0
Graph progress:  73 % 36.0
Graph progress:  74 % 14.0
Graph progress:  75 % 577.0
Graph progress:  76 % 262.0
Graph progress:  77 % 513.0
Graph progress:  78 % 220.0
Graph progress:  79 % 469.0
Graph progress:  80 % 205.0
Graph progress:  81 % 60.0
Graph progress:  82 % 202.0
Graph progress:  83 % 132.0
Graph progress:  84 % 365.0
Graph progress:  85 % 51.0
Graph progress:  86 % 170.0
Graph progress:  87 % 16.0
Graph progress:  88 % 302.0
Graph progress:  89 % 479.0
Graph progress:  90 % 480.0
Graph progress:  91 % 373.0
Graph progress:  92 % 223.0
Graph progress:  93 % 241.0
Graph progress:  94 % 554.0
Graph progress:  95 % 76.0
Graph progress:  96 % 69.0
Graph progress:  97 % 594.0
Graph progress:  98 % 219.0
Graph progress:  99 % 75.0
Processed 131 halos in snapshot 000_z015p000 of particle type 4
Reading in 'PartType5/ParticleIDs' for z = 15.0 using 8 thread(s) took 0.05786s
Reading in 'PartType5/ParticleIDs' for z = 14.0 using 8 thread(s) took 0.09792s
Reading in 'Subhalo/SubGroupNumber' for z = 14.0 using 8 thread(s) took 0.102379s
Reading in 'Subhalo/GroupNumber' for z = 14.0 using 8 thread(s) took 0.088053s
Reading in 'Subhalo/ApertureMeasurements/Mass/030kpc' for z = 14.0 using 8 thread(s) took 0.10529s
Reading in 'PartType5/Mass' for z = 14.0 using 8 thread(s) took 0.061536s
Reading in 'PartType5/ParticleIDs' for z = 15.0 using 8 thread(s) took 0.056481s
Reading in 'PartType5/GroupNumber' for z = 15.0 using 8 thread(s) took 0.058346s
Reading in 'PartType5/SubGroupNumber' for z = 15.0 using 8 thread(s) took 0.055823s
Reading in 'PartType5/GroupNumber' for z = 14.0 using 8 thread(s) took 0.053926s
Reading in 'PartType5/SubGroupNumber' for z = 14.0 using 8 thread(s) took 0.055821s
Reading in 'PartType5/ParticleIDs' for z = 14.0 using 8 thread(s) took 0.056578s
Processed 0 halos in snapshot 000_z015p000 of particle type 5
Reading in 'PartType0/ParticleIDs' for z = 15.0 using 8 thread(s) took 7.441685s
Reading in 'PartType0/ParticleIDs' for z = 14.0 using 8 thread(s) took 7.778173s
Reading in 'Subhalo/SubGroupNumber' for z = 14.0 using 8 thread(s) took 0.168816s
Reading in 'Subhalo/GroupNumber' for z = 14.0 using 8 thread(s) took 0.14677s
Reading in 'Subhalo/ApertureMeasurements/Mass/030kpc' for z = 14.0 using 8 thread(s) took 0.143423s
Reading in 'PartType0/Mass' for z = 14.0 using 8 thread(s) took 0.124669s
Reading in 'PartType0/ParticleIDs' for z = 15.0 using 8 thread(s) took 0.141143s
Reading in 'PartType0/GroupNumber' for z = 15.0 using 8 thread(s) took 0.143284s
Reading in 'PartType0/SubGroupNumber' for z = 15.0 using 8 thread(s) took 0.131023s
Reading in 'PartType0/GroupNumber' for z = 14.0 using 8 thread(s) took 0.161959s
Reading in 'PartType0/SubGroupNumber' for z = 14.0 using 8 thread(s) took 0.155073s
Reading in 'PartType0/ParticleIDs' for z = 14.0 using 8 thread(s) took 0.145352s
Graph progress:  0 % 1524.0
Graph progress:  1 % 1324.0
Graph progress:  2 % 1758.0
Graph progress:  3 % 1386.0
Graph progress:  4 % 155.0
Graph progress:  5 % 280.0
Graph progress:  6 % 775.0
Graph progress:  7 % 154.0
Graph progress:  8 % 565.0
Graph progress:  9 % 3.00001
Graph progress:  10 % 952.0
Graph progress:  11 % 886.0
Graph progress:  12 % 826.0
Graph progress:  13 % 22.0
Graph progress:  14 % 1439.0
Graph progress:  15 % 248.0
Graph progress:  16 % 229.0
Graph progress:  17 % 772.0
Graph progress:  18 % 4.00001
Graph progress:  19 % 841.0
Graph progress:  20 % 17.0
Graph progress:  21 % 1466.0
Graph progress:  22 % 762.0
Graph progress:  23 % 1248.0
Graph progress:  24 % 143.0
Graph progress:  25 % 123.0
Graph progress:  26 % 347.0
Graph progress:  27 % 350.0
Graph progress:  28 % 1329.0
Graph progress:  29 % 24.00002
Graph progress:  30 % 474.0
Graph progress:  31 % 1999.0
Graph progress:  32 % 326.0
Graph progress:  33 % 404.0
Graph progress:  34 % 1689.0
Graph progress:  35 % 1163.0
Graph progress:  36 % 960.0
Graph progress:  37 % 1662.0
Graph progress:  38 % 1118.0
Graph progress:  39 % 475.0
Graph progress:  40 % 1978.0
Graph progress:  41 % 1282.0
Graph progress:  42 % 211.0
Graph progress:  43 % 795.0
Graph progress:  44 % 1102.0
Graph progress:  45 % 343.0
Graph progress:  46 % 9.0
Graph progress:  47 % 877.0
Graph progress:  48 % 246.0
Graph progress:  49 % 542.0
Graph progress:  50 % 453.0
Graph progress:  51 % 1104.0
Graph progress:  52 % 798.0
Graph progress:  53 % 1505.0
Graph progress:  54 % 1081.0
Graph progress:  55 % 932.0
Graph progress:  56 % 256.0
Graph progress:  57 % 553.0
Graph progress:  58 % 721.0
Graph progress:  59 % 10.00002
Graph progress:  60 % 126.0
Graph progress:  61 % 1261.0
Graph progress:  62 % 416.0
Graph progress:  63 % 592.0
Graph progress:  64 % 1943.0
Graph progress:  65 % 1403.0
Graph progress:  66 % 1856.0
Graph progress:  67 % 1927.0
Graph progress:  68 % 1050.0
Graph progress:  69 % 1167.0
Graph progress:  70 % 1394.0
Graph progress:  71 % 718.0
Graph progress:  72 % 1147.0
Graph progress:  73 % 1430.0
Graph progress:  74 % 1747.0
Graph progress:  75 % 1292.0
Graph progress:  76 % 1503.00001
Graph progress:  77 % 151.0
Graph progress:  78 % 1515.0
Graph progress:  79 % 277.0
Graph progress:  80 % 1095.00001
Graph progress:  81 % 1558.0
Graph progress:  82 % 411.0
Graph progress:  83 % 1717.0
Graph progress:  84 % 25.0
Graph progress:  85 % 1592.0
Graph progress:  86 % 1179.0
Graph progress:  87 % 576.0
Graph progress:  88 % 1568.0
Graph progress:  89 % 61.0
Graph progress:  90 % 438.0
Graph progress:  91 % 678.0
Graph progress:  92 % 1787.0
Graph progress:  93 % 869.0
Graph progress:  94 % 1383.0
Graph progress:  95 % 1704.0
Graph progress:  96 % 364.0
Graph progress:  97 % 1646.0
Graph progress:  98 % 1244.0
Graph progress:  99 % 807.0
Processed 2084 halos in snapshot 000_z015p000 of particle type 0
Write progress:  0 % 1524.0
Write progress:  1 % 1324.0
Write progress:  2 % 1758.0
Write progress:  3 % 64.0
Write progress:  4 % 1046.0
Write progress:  5 % 77.0
Write progress:  6 % 63.0
Write progress:  7 % 1540.0
Write progress:  8 % 1073.0
Write progress:  9 % 1858.0
Write progress:  10 % 1791.0
Write progress:  11 % 291.0
Write progress:  12 % 1047.0
Write progress:  13 % 152.0
Write progress:  14 % 1710.0
Write progress:  15 % 229.0
Write progress:  16 % 1322.0
Write progress:  17 % 107.0
Write progress:  18 % 823.0
Write progress:  19 % 946.0
Write progress:  20 % 359.0
Write progress:  21 % 150.0
Write progress:  22 % 1989.0
Write progress:  23 % 923.0
Write progress:  24 % 129.0
Write progress:  25 % 1274.0
Write progress:  26 % 193.0
Write progress:  27 % 1094.0
Write progress:  28 % 298.0
Write progress:  29 % 201.0
Write progress:  30 % 903.0
Write progress:  31 % 1020.0
Write progress:  32 % 178.0
Write progress:  33 % 404.0
Write progress:  34 % 1682.0
Write progress:  35 % 266.0
Write progress:  36 % 1954.0
Write progress:  37 % 1528.0
Write progress:  38 % 1766.0
Write progress:  39 % 299.0
Write progress:  40 % 21.0
Write progress:  41 % 1474.0
Write progress:  42 % 905.0
Write progress:  43 % 514.0
Write progress:  44 % 1200.0
Write progress:  45 % 1770.0
Write progress:  46 % 6.00001
Write progress:  47 % 1340.0
Write progress:  48 % 388.0
Write progress:  49 % 978.0
Write progress:  50 % 1078.0
Write progress:  51 % 605.0
Write progress:  52 % 42.0
Write progress:  53 % 491.0
Write progress:  54 % 838.0
Write progress:  55 % 1236.0
Write progress:  56 % 1204.0
Write progress:  57 % 1639.0
Write progress:  58 % 721.0
Write progress:  59 % 10.0
Write progress:  60 % 909.0
Write progress:  61 % 153.0
Write progress:  62 % 796.0
Write progress:  63 % 1316.0
Write progress:  64 % 690.0
Write progress:  65 % 1403.0
Write progress:  66 % 767.0
Write progress:  67 % 1875.0
Write progress:  68 % 717.0
Write progress:  69 % 924.0
Write progress:  70 % 1599.0
Write progress:  71 % 329.0
Write progress:  72 % 260.0
Write progress:  73 % 1377.0
Write progress:  74 % 1022.0
Write progress:  75 % 1501.0
Write progress:  76 % 613.0
Write progress:  77 % 357.0
Write progress:  78 % 1971.0
Write progress:  79 % 1547.0
Write progress:  80 % 1095.0
Write progress:  81 % 335.0
Write progress:  82 % 1683.0
Write progress:  83 % 1219.0
Write progress:  84 % 615.0
Write progress:  85 % 503.0
Write progress:  86 % 1516.0
Write progress:  87 % 1786.0
Write progress:  88 % 818.0
Write progress:  89 % 61.00001
Write progress:  90 % 530.0
Write progress:  91 % 678.0
Write progress:  92 % 1787.0
Write progress:  93 % 974.0
Write progress:  94 % 1995.0
Write progress:  95 % 596.0
Write progress:  96 % 384.0
Write progress:  97 % 130.00001
Write progress:  98 % 1519.0
Write progress:  99 % 807.0
Job done, info follows...
       JobID    JobName  Partition     MaxRSS    Elapsed ExitCode 
------------ ---------- ---------- ---------- ---------- -------- 
2042958_85   MEGA-FLAR+     cosma6              00:02:11      0:0 
2042958_85.+     extern                         00:02:11      0:0 
