====
Starting job 2043495 at Fri 24 Apr 02:06:00 BST 2020 for user dc-rope1.
Running on nodes: m6245
====
384
('07', None, '000_z015p000', '001_z014p000')
Reading in 'PartType1/ParticleIDs' for z = 15.0 using 8 thread(s) took 14.017154s
Reading in 'PartType1/ParticleIDs' for z = 15.0 using 8 thread(s) took 2.758492s
Reading in 'PartType1/GroupNumber' for z = 15.0 using 8 thread(s) took 0.112017s
Reading in 'PartType1/SubGroupNumber' for z = 15.0 using 8 thread(s) took 0.080776s
Reading in 'PartType1/GroupNumber' for z = 14.0 using 8 thread(s) took 0.722592s
Reading in 'PartType1/SubGroupNumber' for z = 14.0 using 8 thread(s) took 0.157913s
Reading in 'PartType1/ParticleIDs' for z = 14.0 using 8 thread(s) took 0.128973s
Graph progress:  0 % 3555.0
Graph progress:  1 % 267.0
Graph progress:  2 % 3934.0
Graph progress:  3 % 5428.0
Graph progress:  4 % 4010.0
Graph progress:  5 % 2331.0
Graph progress:  6 % 1411.0
Graph progress:  7 % 4019.0
Graph progress:  8 % 236.00001
Graph progress:  9 % 6001.0
Graph progress:  10 % 2714.0
Graph progress:  11 % 4187.0
Graph progress:  12 % 1221.0
Graph progress:  13 % 584.0
Graph progress:  14 % 4930.0
Graph progress:  15 % 4709.0
Graph progress:  16 % 5717.0
Graph progress:  17 % 2090.0
Graph progress:  18 % 6191.0
Graph progress:  19 % 3938.0
Graph progress:  20 % 4819.0
Graph progress:  21 % 825.0
Graph progress:  22 % 1090.0
Graph progress:  23 % 5829.0
Graph progress:  24 % 2937.0
Graph progress:  25 % 5170.0
Graph progress:  26 % 6007.0
Graph progress:  27 % 3640.0
Graph progress:  28 % 1740.0
Graph progress:  29 % 4704.0
Graph progress:  30 % 2088.0
Graph progress:  31 % 1680.0
Graph progress:  32 % 1055.0
Graph progress:  33 % 1600.0
Graph progress:  34 % 5077.0
Graph progress:  35 % 1099.0
Graph progress:  36 % 499.0
Graph progress:  37 % 1644.0
Graph progress:  38 % 95.0
Graph progress:  39 % 664.0
Graph progress:  40 % 3570.0
Graph progress:  41 % 3880.0
Graph progress:  42 % 2146.0
Graph progress:  43 % 1654.00001
Graph progress:  44 % 4208.0
Graph progress:  45 % 6348.0
Graph progress:  46 % 73.0
Graph progress:  47 % 2438.0
Graph progress:  48 % 6310.0
Graph progress:  49 % 787.0
Graph progress:  50 % 5919.0
Graph progress:  51 % 5616.0
Graph progress:  52 % 1758.0
Graph progress:  53 % 62.00001
Graph progress:  54 % 5469.0
Graph progress:  55 % 4132.0
Graph progress:  56 % 4738.0
Graph progress:  57 % 6237.0
Graph progress:  58 % 2857.0
Graph progress:  59 % 1766.0
Graph progress:  60 % 5512.0
Graph progress:  61 % 3462.0
Graph progress:  62 % 5348.0
Graph progress:  63 % 2957.0
Graph progress:  64 % 754.0
Graph progress:  65 % 6080.0
Graph progress:  66 % 2120.0
Graph progress:  67 % 4942.0
Graph progress:  68 % 169.00002
Graph progress:  69 % 911.0
Graph progress:  70 % 4239.0
Graph progress:  71 % 42.00001
Graph progress:  72 % 1831.0
Graph progress:  73 % 3310.0
Graph progress:  74 % 1202.0
Graph progress:  75 % 4156.0
Graph progress:  76 % 2181.0
Graph progress:  77 % 2903.0
Graph progress:  78 % 2705.0
Graph progress:  79 % 347.0
Graph progress:  80 % 4363.0
Graph progress:  81 % 2589.0
Graph progress:  82 % 1377.0
Graph progress:  83 % 3302.0
Graph progress:  84 % 4779.0
Graph progress:  85 % 1661.0
Graph progress:  86 % 1490.0
Graph progress:  87 % 695.0
Graph progress:  88 % 5367.0
Graph progress:  89 % 5501.0
Graph progress:  90 % 1170.0
Graph progress:  91 % 6184.0
Graph progress:  92 % 362.0
Graph progress:  93 % 4672.0
Graph progress:  94 % 287.00001
Graph progress:  95 % 5822.0
Graph progress:  96 % 783.0
Graph progress:  97 % 5647.0
Graph progress:  98 % 4775.0
Graph progress:  99 % 545.00001
Processed 7011 halos in snapshot 000_z015p000 of particle type 1
Reading in 'PartType4/ParticleIDs' for z = 15.0 using 8 thread(s) took 2.929262s
Reading in 'PartType4/ParticleIDs' for z = 14.0 using 8 thread(s) took 3.377584s
Reading in 'Subhalo/SubGroupNumber' for z = 14.0 using 8 thread(s) took 3.669939s
Reading in 'Subhalo/GroupNumber' for z = 14.0 using 8 thread(s) took 0.148576s
Reading in 'Subhalo/ApertureMeasurements/Mass/030kpc' for z = 14.0 using 8 thread(s) took 0.137496s
Reading in 'PartType4/Mass' for z = 14.0 using 8 thread(s) took 0.098858s
Reading in 'PartType4/ParticleIDs' for z = 15.0 using 8 thread(s) took 0.085811s
Reading in 'PartType4/GroupNumber' for z = 15.0 using 8 thread(s) took 0.095948s
Reading in 'PartType4/SubGroupNumber' for z = 15.0 using 8 thread(s) took 0.091138s
Reading in 'PartType4/GroupNumber' for z = 14.0 using 8 thread(s) took 0.103387s
Reading in 'PartType4/SubGroupNumber' for z = 14.0 using 8 thread(s) took 0.085216s
Reading in 'PartType4/ParticleIDs' for z = 14.0 using 8 thread(s) took 0.08995s
Graph progress:  0 % 260.0
Graph progress:  1 % 295.0
Graph progress:  2 % 51.0
Graph progress:  3 % 97.0
Graph progress:  4 % 15.0
Graph progress:  5 % 130.0
Graph progress:  6 % 380.0
Graph progress:  7 % 827.0
Graph progress:  8 % 7.00001
Graph progress:  9 % 718.0
Graph progress:  10 % 323.0
Graph progress:  11 % 174.0
Graph progress:  12 % 54.0
Graph progress:  13 % 245.0
Graph progress:  14 % 24.00001
Graph progress:  15 % 1064.0
Graph progress:  16 % 484.0
Graph progress:  17 % 137.0
Graph progress:  18 % 278.0
Graph progress:  19 % 2.00002
Graph progress:  20 % 96.0
Graph progress:  21 % 520.0
Graph progress:  22 % 976.0
Graph progress:  23 % 407.0
Graph progress:  24 % 392.0
Graph progress:  25 % 27.0
Graph progress:  26 % 21.0
Graph progress:  27 % 388.0
Graph progress:  28 % 928.0
Graph progress:  29 % 367.0
Graph progress:  30 % 48.0
Graph progress:  31 % 68.00001
Graph progress:  32 % 372.0
Graph progress:  33 % 651.0
Graph progress:  34 % 1035.0
Graph progress:  35 % 328.0
Graph progress:  36 % 641.0
Graph progress:  37 % 5.0
Graph progress:  38 % 374.0
Graph progress:  39 % 1523.0
Graph progress:  40 % 308.0
Graph progress:  41 % 154.0
Graph progress:  42 % 45.0
Graph progress:  43 % 1650.0
Graph progress:  44 % 183.0
Graph progress:  45 % 173.0
Graph progress:  46 % 511.0
Graph progress:  47 % 840.0
Graph progress:  48 % 69.0
Graph progress:  49 % 157.0
Graph progress:  50 % 257.0
Graph progress:  51 % 714.0
Graph progress:  52 % 38.0
Graph progress:  53 % 1421.0
Graph progress:  54 % 305.0
Graph progress:  55 % 1176.0
Graph progress:  56 % 204.0
Graph progress:  57 % 22.00001
Graph progress:  58 % 482.0
Graph progress:  59 % 878.0
Graph progress:  60 % 585.0
Graph progress:  61 % 554.0
Graph progress:  62 % 701.0
Graph progress:  63 % 35.00001
Graph progress:  64 % 25.0
Graph progress:  65 % 61.0
Graph progress:  66 % 368.0
Graph progress:  67 % 822.0
Graph progress:  68 % 47.0
Graph progress:  69 % 402.0
Graph progress:  70 % 191.0
Graph progress:  71 % 951.0
Graph progress:  72 % 298.0
Graph progress:  73 % 43.0
Graph progress:  74 % 108.0
Graph progress:  75 % 513.0
Graph progress:  76 % 387.0
Graph progress:  77 % 1336.0
Graph progress:  78 % 116.0
Graph progress:  79 % 66.0
Graph progress:  80 % 94.0
Graph progress:  81 % 2064.0
Graph progress:  82 % 426.0
Graph progress:  83 % 9.0
Graph progress:  84 % 30.0
Graph progress:  85 % 70.0
Graph progress:  86 % 88.0
Graph progress:  87 % 72.0
Graph progress:  88 % 1096.0
Graph progress:  89 % 1072.0
Graph progress:  90 % 601.0
Graph progress:  91 % 208.0
Graph progress:  92 % 1.0
Graph progress:  93 % 59.0
Graph progress:  94 % 669.0
Graph progress:  95 % 177.0
Graph progress:  96 % 192.0
Graph progress:  97 % 497.0
Graph progress:  98 % 610.0
Graph progress:  99 % 264.0
Processed 354 halos in snapshot 000_z015p000 of particle type 4
Reading in 'PartType5/ParticleIDs' for z = 15.0 using 8 thread(s) took 0.137489s
Reading in 'PartType5/ParticleIDs' for z = 14.0 using 8 thread(s) took 0.539675s
Reading in 'Subhalo/SubGroupNumber' for z = 14.0 using 8 thread(s) took 0.150975s
Reading in 'Subhalo/GroupNumber' for z = 14.0 using 8 thread(s) took 0.112248s
Reading in 'Subhalo/ApertureMeasurements/Mass/030kpc' for z = 14.0 using 8 thread(s) took 0.124744s
Reading in 'PartType5/Mass' for z = 14.0 using 8 thread(s) took 0.08194s
Reading in 'PartType5/ParticleIDs' for z = 15.0 using 8 thread(s) took 0.072934s
Reading in 'PartType5/GroupNumber' for z = 15.0 using 8 thread(s) took 0.073237s
Reading in 'PartType5/SubGroupNumber' for z = 15.0 using 8 thread(s) took 0.072607s
Reading in 'PartType5/GroupNumber' for z = 14.0 using 8 thread(s) took 0.073966s
Reading in 'PartType5/SubGroupNumber' for z = 14.0 using 8 thread(s) took 0.073377s
Reading in 'PartType5/ParticleIDs' for z = 14.0 using 8 thread(s) took 0.077864s
Graph progress:  0 % 1.0
Processed 1 halos in snapshot 000_z015p000 of particle type 5
Reading in 'PartType0/ParticleIDs' for z = 15.0 using 8 thread(s) took 15.612624s
Reading in 'PartType0/ParticleIDs' for z = 14.0 using 8 thread(s) took 12.361056s
Reading in 'Subhalo/SubGroupNumber' for z = 14.0 using 8 thread(s) took 0.209704s
Reading in 'Subhalo/GroupNumber' for z = 14.0 using 8 thread(s) took 0.166303s
Reading in 'Subhalo/ApertureMeasurements/Mass/030kpc' for z = 14.0 using 8 thread(s) took 0.172826s
Reading in 'PartType0/Mass' for z = 14.0 using 8 thread(s) took 0.153707s
Reading in 'PartType0/ParticleIDs' for z = 15.0 using 8 thread(s) took 0.188009s
Reading in 'PartType0/GroupNumber' for z = 15.0 using 8 thread(s) took 0.182273s
Reading in 'PartType0/SubGroupNumber' for z = 15.0 using 8 thread(s) took 0.179278s
Reading in 'PartType0/GroupNumber' for z = 14.0 using 8 thread(s) took 0.201601s
Reading in 'PartType0/SubGroupNumber' for z = 14.0 using 8 thread(s) took 0.208173s
Reading in 'PartType0/ParticleIDs' for z = 14.0 using 8 thread(s) took 0.21251s
Graph progress:  0 % 3555.0
Graph progress:  1 % 267.0
Graph progress:  2 % 4097.0
Graph progress:  3 % 51.0
Graph progress:  4 % 5143.0
Graph progress:  5 % 5293.0
Graph progress:  6 % 1098.0
Graph progress:  7 % 7.00001
Graph progress:  8 % 1291.0
Graph progress:  9 % 412.0
Graph progress:  10 % 1263.0
Graph progress:  11 % 6192.0
Graph progress:  12 % 76.00001
Graph progress:  13 % 658.0
Graph progress:  14 % 5865.0
Graph progress:  15 % 5987.0
Graph progress:  16 % 1664.0
Graph progress:  17 % 6194.0
Graph progress:  18 % 3492.0
Graph progress:  19 % 1698.0
Graph progress:  20 % 5712.0
Graph progress:  21 % 366.0
Graph progress:  22 % 5826.0
Graph progress:  23 % 4091.0
Graph progress:  24 % 2424.0
Graph progress:  25 % 5035.0
Graph progress:  26 % 1044.0
Graph progress:  27 % 263.0
Graph progress:  28 % 157.0
Graph progress:  29 % 2951.0
Graph progress:  30 % 3644.0
Graph progress:  31 % 1351.0
Graph progress:  32 % 5052.0
Graph progress:  33 % 1360.0
Graph progress:  34 % 159.0
Graph progress:  35 % 1361.0
Graph progress:  36 % 454.0
Graph progress:  37 % 440.00001
Graph progress:  38 % 1985.0
Graph progress:  39 % 6382.0
Graph progress:  40 % 1473.0
Graph progress:  41 % 6353.0
Graph progress:  42 % 771.0
Graph progress:  43 % 128.0
Graph progress:  44 % 621.0
Graph progress:  45 % 1131.0
Graph progress:  46 % 102.0
Graph progress:  47 % 2123.0
Graph progress:  48 % 3901.0
Graph progress:  49 % 22.00002
Graph progress:  50 % 4697.0
Graph progress:  51 % 3800.0
Graph progress:  52 % 3657.0
Graph progress:  53 % 3185.0
Graph progress:  54 % 1243.0
Graph progress:  55 % 4223.0
Graph progress:  56 % 3954.0
Graph progress:  57 % 3592.0
Graph progress:  58 % 3143.0
Graph progress:  59 % 4056.0
Graph progress:  60 % 3739.0
Graph progress:  61 % 4343.0
Graph progress:  62 % 5928.0
Graph progress:  63 % 1636.0
Graph progress:  64 % 1459.0
Graph progress:  65 % 6151.0
Graph progress:  66 % 3311.0
Graph progress:  67 % 2811.0
Graph progress:  68 % 3679.0
Graph progress:  69 % 145.0
Graph progress:  70 % 751.0
Graph progress:  71 % 41.00001
Graph progress:  72 % 5442.0
Graph progress:  73 % 3329.0
Graph progress:  74 % 5963.0
Graph progress:  75 % 5812.0
Graph progress:  76 % 4645.0
Graph progress:  77 % 12.00002
Graph progress:  78 % 1319.0
Graph progress:  79 % 2390.0
Graph progress:  80 % 1426.0
Graph progress:  81 % 6261.0
Graph progress:  82 % 3763.0
Graph progress:  83 % 978.0
Graph progress:  84 % 4559.0
Graph progress:  85 % 2806.0
Graph progress:  86 % 5243.0
Graph progress:  87 % 1410.00001
Graph progress:  88 % 4270.0
Graph progress:  89 % 5501.0
Graph progress:  90 % 5377.0
Graph progress:  91 % 6184.0
Graph progress:  92 % 4181.0
Graph progress:  93 % 5399.0
Graph progress:  94 % 4162.0
Graph progress:  95 % 3046.0
Graph progress:  96 % 5376.0
Graph progress:  97 % 5129.0
Graph progress:  98 % 5525.0
Graph progress:  99 % 5115.0
Processed 7017 halos in snapshot 000_z015p000 of particle type 0
Write progress:  0 % 3555.0
Write progress:  1 % 267.0
Write progress:  2 % 3934.0
Write progress:  3 % 5428.0
Write progress:  4 % 4010.0
Write progress:  5 % 2331.0
Write progress:  6 % 1411.0
Write progress:  7 % 4019.0
Write progress:  8 % 236.00001
Write progress:  9 % 6001.0
Write progress:  10 % 2714.0
Write progress:  11 % 4187.0
Write progress:  12 % 1221.0
Write progress:  13 % 584.0
Write progress:  14 % 4930.0
Write progress:  15 % 4709.0
Write progress:  16 % 5717.0
Write progress:  17 % 2090.0
Write progress:  18 % 6191.0
Write progress:  19 % 3938.0
Write progress:  20 % 4819.0
Write progress:  21 % 825.0
Write progress:  22 % 1090.0
Write progress:  23 % 5829.0
Write progress:  24 % 2937.0
Write progress:  25 % 5170.0
Write progress:  26 % 6007.0
Write progress:  27 % 3640.0
Write progress:  28 % 1740.0
Write progress:  29 % 4704.0
Write progress:  30 % 2088.0
Write progress:  31 % 1680.0
Write progress:  32 % 1055.0
Write progress:  33 % 1600.0
Write progress:  34 % 5077.0
Write progress:  35 % 1099.0
Write progress:  36 % 499.0
Write progress:  37 % 1644.0
Write progress:  38 % 95.0
Write progress:  39 % 664.0
Write progress:  40 % 3570.0
Write progress:  41 % 3880.0
Write progress:  42 % 2146.0
Write progress:  43 % 1654.00001
Write progress:  44 % 4208.0
Write progress:  45 % 6348.0
Write progress:  46 % 73.0
Write progress:  47 % 2438.0
Write progress:  48 % 6310.0
Write progress:  49 % 787.0
Write progress:  50 % 5919.0
Write progress:  51 % 5616.0
Write progress:  52 % 1758.0
Write progress:  53 % 62.00001
Write progress:  54 % 5469.0
Write progress:  55 % 4132.0
Write progress:  56 % 4738.0
Write progress:  57 % 6237.0
Write progress:  58 % 2857.0
Write progress:  59 % 1766.0
Write progress:  60 % 5512.0
Write progress:  61 % 3462.0
Write progress:  62 % 5348.0
Write progress:  63 % 2957.0
Write progress:  64 % 754.0
Write progress:  65 % 6080.0
Write progress:  66 % 2120.0
Write progress:  67 % 4942.0
Write progress:  68 % 169.00002
Write progress:  69 % 911.0
Write progress:  70 % 4239.0
Write progress:  71 % 42.00001
Write progress:  72 % 1831.0
Write progress:  73 % 3310.0
Write progress:  74 % 1202.0
Write progress:  75 % 4156.0
Write progress:  76 % 2181.0
Write progress:  77 % 2903.0
Write progress:  78 % 2705.0
Write progress:  79 % 347.0
Write progress:  80 % 4363.0
Write progress:  81 % 2589.0
Write progress:  82 % 1377.0
Write progress:  83 % 3302.0
Write progress:  84 % 4779.0
Write progress:  85 % 1661.0
Write progress:  86 % 1490.0
Write progress:  87 % 695.0
Write progress:  88 % 5367.0
Write progress:  89 % 5501.0
Write progress:  90 % 1170.0
Write progress:  91 % 6184.0
Write progress:  92 % 362.0
Write progress:  93 % 4672.0
Write progress:  94 % 287.00001
Write progress:  95 % 5822.0
Write progress:  96 % 783.0
Write progress:  97 % 5647.0
Write progress:  98 % 4775.0
Write progress:  99 % 545.00001
Job done, info follows...
       JobID    JobName  Partition     MaxRSS    Elapsed ExitCode 
------------ ---------- ---------- ---------- ---------- -------- 
2042958_385  MEGA-FLAR+     cosma6              00:04:30      0:0 
2042958_385+     extern                         00:04:30      0:0 
