====
Starting job 2043354 at Fri 24 Apr 00:35:45 BST 2020 for user dc-rope1.
Running on nodes: m6417
====
248
('19', '007_z008p000', '008_z007p000', '009_z006p000')
Reading in 'PartType1/ParticleIDs' for z = 7.0 using 8 thread(s) took 11.429363s
Reading in 'PartType1/ParticleIDs' for z = 7.0 using 8 thread(s) took 4.904736s
Reading in 'PartType1/GroupNumber' for z = 7.0 using 8 thread(s) took 2.205716s
Reading in 'PartType1/SubGroupNumber' for z = 7.0 using 8 thread(s) took 0.321402s
Reading in 'PartType1/GroupNumber' for z = 8.0 using 8 thread(s) took 2.567331s
Reading in 'PartType1/SubGroupNumber' for z = 8.0 using 8 thread(s) took 1.134371s
Reading in 'PartType1/ParticleIDs' for z = 8.0 using 8 thread(s) took 0.633312s
Reading in 'PartType1/GroupNumber' for z = 6.0 using 8 thread(s) took 1.588812s
Reading in 'PartType1/SubGroupNumber' for z = 6.0 using 8 thread(s) took 0.682971s
Reading in 'PartType1/ParticleIDs' for z = 6.0 using 8 thread(s) took 2.380863s
Graph progress:  0 % 174185.0
Graph progress:  1 % 90778.0
Graph progress:  2 % 2378.00001
Graph progress:  3 % 75683.0
Graph progress:  4 % 27829.0
Graph progress:  5 % 36005.0
Graph progress:  6 % 47701.00001
Graph progress:  7 % 133108.0
Graph progress:  8 % 156646.0
Graph progress:  9 % 3247.00003
Graph progress:  10 % 163206.0
Graph progress:  11 % 13565.00001
Graph progress:  12 % 119383.0
Graph progress:  13 % 105920.0
Graph progress:  14 % 46640.0
Graph progress:  15 % 13211.0
Graph progress:  16 % 157669.0
Graph progress:  17 % 54516.0
Graph progress:  18 % 3345.00003
Graph progress:  19 % 127630.0
Graph progress:  20 % 180395.0
Graph progress:  21 % 117495.0
Graph progress:  22 % 21061.0
Graph progress:  23 % 132411.0
Graph progress:  24 % 24587.0
Graph progress:  25 % 2371.00002
Graph progress:  26 % 181002.0
Graph progress:  27 % 155494.0
Graph progress:  28 % 1386.00003
Graph progress:  29 % 17047.0
Graph progress:  30 % 120414.0
Graph progress:  31 % 8909.0
Graph progress:  32 % 150409.0
Graph progress:  33 % 141558.0
Graph progress:  34 % 3498.0
Graph progress:  35 % 114072.0
Graph progress:  36 % 24878.0
Graph progress:  37 % 173042.0
Graph progress:  38 % 75189.0
Graph progress:  39 % 118958.0
Graph progress:  40 % 120199.0
Graph progress:  41 % 2807.00001
Graph progress:  42 % 134495.0
Graph progress:  43 % 61551.0
Graph progress:  44 % 1476.00003
Graph progress:  45 % 173021.0
Graph progress:  46 % 25377.0
Graph progress:  47 % 63306.0
Graph progress:  48 % 142883.0
Graph progress:  49 % 60748.0
Graph progress:  50 % 155867.0
Graph progress:  51 % 149293.0
Graph progress:  52 % 127962.0
Graph progress:  53 % 227.0001
Graph progress:  54 % 54942.0
Graph progress:  55 % 95812.0
Graph progress:  56 % 91881.0
Graph progress:  57 % 78787.0
Graph progress:  58 % 87223.0
Graph progress:  59 % 39997.0
Graph progress:  60 % 3496.00002
Graph progress:  61 % 172988.0
Graph progress:  62 % 87231.0
Graph progress:  63 % 101285.0
Graph progress:  64 % 167535.0
Graph progress:  65 % 147.0
Graph progress:  66 % 143324.0
Graph progress:  67 % 181734.0
Graph progress:  68 % 138248.0
Graph progress:  69 % 79842.0
Graph progress:  70 % 1535.0
Graph progress:  71 % 175285.0
Graph progress:  72 % 5267.0
Graph progress:  73 % 132748.0
Graph progress:  74 % 7586.00001
Graph progress:  75 % 97373.0
Graph progress:  76 % 1837.0
Graph progress:  77 % 29130.0
Graph progress:  78 % 157988.0
Graph progress:  79 % 12738.00001
Graph progress:  80 % 179332.0
Graph progress:  81 % 44886.0
Graph progress:  82 % 13776.0
Graph progress:  83 % 14843.0
Graph progress:  84 % 873.00003
Graph progress:  85 % 12951.00001
Graph progress:  86 % 48139.0
Graph progress:  87 % 317.0
Graph progress:  88 % 140255.0
Graph progress:  89 % 75458.0
Graph progress:  90 % 119793.0
Graph progress:  91 % 13146.00001
Graph progress:  92 % 4141.00001
Graph progress:  93 % 57590.0
Graph progress:  94 % 49876.0
Graph progress:  95 % 139378.0
Graph progress:  96 % 165037.0
Graph progress:  97 % 28976.00001
Graph progress:  98 % 54604.0
Graph progress:  99 % 66714.0
Processed 209293 halos in snapshot 008_z007p000 of particle type 1
Reading in 'PartType4/ParticleIDs' for z = 7.0 using 8 thread(s) took 0.986086s
Reading in 'PartType4/ParticleIDs' for z = 8.0 using 8 thread(s) took 2.209175s
Reading in 'Subhalo/SubGroupNumber' for z = 8.0 using 8 thread(s) took 1.693563s
Reading in 'Subhalo/GroupNumber' for z = 8.0 using 8 thread(s) took 0.410815s
Reading in 'Subhalo/ApertureMeasurements/Mass/030kpc' for z = 8.0 using 8 thread(s) took 2.082708s
Reading in 'PartType4/Mass' for z = 8.0 using 8 thread(s) took 0.32594s
Reading in 'PartType4/ParticleIDs' for z = 6.0 using 8 thread(s) took 5.022483s
Reading in 'Subhalo/SubGroupNumber' for z = 6.0 using 8 thread(s) took 10.65371s
Reading in 'Subhalo/GroupNumber' for z = 6.0 using 8 thread(s) took 1.581798s
Reading in 'Subhalo/ApertureMeasurements/Mass/030kpc' for z = 6.0 using 8 thread(s) took 2.788779s
Reading in 'PartType4/Mass' for z = 6.0 using 8 thread(s) took 0.795294s
Reading in 'PartType4/ParticleIDs' for z = 7.0 using 8 thread(s) took 1.091257s
Reading in 'PartType4/GroupNumber' for z = 7.0 using 8 thread(s) took 0.77957s
Reading in 'PartType4/SubGroupNumber' for z = 7.0 using 8 thread(s) took 0.532188s
Reading in 'PartType4/GroupNumber' for z = 8.0 using 8 thread(s) took 0.418346s
Reading in 'PartType4/SubGroupNumber' for z = 8.0 using 8 thread(s) took 0.80783s
Reading in 'PartType4/ParticleIDs' for z = 8.0 using 8 thread(s) took 0.418495s
Reading in 'PartType4/GroupNumber' for z = 6.0 using 8 thread(s) took 0.406256s
Reading in 'PartType4/SubGroupNumber' for z = 6.0 using 8 thread(s) took 1.077055s
Reading in 'PartType4/ParticleIDs' for z = 6.0 using 8 thread(s) took 0.76148s
Graph progress:  0 % 516.00001
Graph progress:  1 % 492.0
Graph progress:  2 % 18020.0
Graph progress:  3 % 4521.0
Graph progress:  4 % 18349.0
Graph progress:  5 % 2279.0
Graph progress:  6 % 2068.0
Graph progress:  7 % 13355.0
Graph progress:  8 % 176.00006
Graph progress:  9 % 19349.0
Graph progress:  10 % 487.00001
Graph progress:  11 % 23981.0
Graph progress:  12 % 35085.0
Graph progress:  13 % 46500.0
Graph progress:  14 % 255.00001
Graph progress:  15 % 1129.00001
Graph progress:  16 % 24481.0
Graph progress:  17 % 13564.0
Graph progress:  18 % 70147.0
Graph progress:  19 % 1103.00002
Graph progress:  20 % 889.00003
Graph progress:  21 % 16305.0
Graph progress:  22 % 10528.00001
Graph progress:  23 % 42670.0
Graph progress:  24 % 35594.0
Graph progress:  25 % 12135.0
Graph progress:  26 % 23795.0
Graph progress:  27 % 6238.0
Graph progress:  28 % 1155.0
Graph progress:  29 % 4556.0
Graph progress:  30 % 7650.0
Graph progress:  31 % 1075.0
Graph progress:  32 % 2347.0
Graph progress:  33 % 2638.00002
Graph progress:  34 % 8591.0
Graph progress:  35 % 311.00005
Graph progress:  36 % 8192.0
Graph progress:  37 % 319.00005
Graph progress:  38 % 12115.0
Graph progress:  39 % 16380.0
Graph progress:  40 % 18367.00001
Graph progress:  41 % 254.0
Graph progress:  42 % 25369.0
Graph progress:  43 % 27623.0
Graph progress:  44 % 14188.0
Graph progress:  45 % 2524.00003
Graph progress:  46 % 441.00002
Graph progress:  47 % 13702.0
Graph progress:  48 % 30284.0
Graph progress:  49 % 17922.0
Graph progress:  50 % 1208.0
Graph progress:  51 % 34521.0
Graph progress:  52 % 1059.00006
Graph progress:  53 % 7460.0
Graph progress:  54 % 17961.0
Graph progress:  55 % 6352.0
Graph progress:  56 % 2202.00001
Graph progress:  57 % 13936.0
Graph progress:  58 % 29416.0
Graph progress:  59 % 27719.0
Graph progress:  60 % 25908.0
Graph progress:  61 % 11594.0
Graph progress:  62 % 15333.0
Graph progress:  63 % 28119.0
Graph progress:  64 % 27917.0
Graph progress:  65 % 37856.0
Graph progress:  66 % 19119.0
Graph progress:  67 % 28858.0
Graph progress:  68 % 2362.00001
Graph progress:  69 % 14292.0
Graph progress:  70 % 1452.0
Graph progress:  71 % 779.00002
Graph progress:  72 % 352.00002
Graph progress:  73 % 33.00004
Graph progress:  74 % 2124.0
Graph progress:  75 % 23443.0
Graph progress:  76 % 11206.0
Graph progress:  77 % 35986.0
Graph progress:  78 % 33098.0
Graph progress:  79 % 17456.0
Graph progress:  80 % 575.00002
Graph progress:  81 % 4785.00001
Graph progress:  82 % 6249.0
Graph progress:  83 % 958.00001
Graph progress:  84 % 6094.0
Graph progress:  85 % 12148.0
Graph progress:  86 % 28641.0
Graph progress:  87 % 53621.0
Graph progress:  88 % 37.00003
Graph progress:  89 % 2044.0
Graph progress:  90 % 18280.0
Graph progress:  91 % 629.0
Graph progress:  92 % 53.00006
Graph progress:  93 % 279.00002
Graph progress:  94 % 731.00004
Graph progress:  95 % 20462.0
Graph progress:  96 % 8148.0
Graph progress:  97 % 10343.0
Graph progress:  98 % 138.00016
Graph progress:  99 % 28356.0
Processed 31508 halos in snapshot 008_z007p000 of particle type 4
Reading in 'PartType5/ParticleIDs' for z = 7.0 using 8 thread(s) took 1.632261s
Reading in 'PartType5/ParticleIDs' for z = 8.0 using 8 thread(s) took 3.954624s
Reading in 'Subhalo/SubGroupNumber' for z = 8.0 using 8 thread(s) took 0.465651s
Reading in 'Subhalo/GroupNumber' for z = 8.0 using 8 thread(s) took 0.424588s
Reading in 'Subhalo/ApertureMeasurements/Mass/030kpc' for z = 8.0 using 8 thread(s) took 0.43549s
Reading in 'PartType5/Mass' for z = 8.0 using 8 thread(s) took 0.731919s
Reading in 'PartType5/ParticleIDs' for z = 6.0 using 8 thread(s) took 2.256446s
Reading in 'Subhalo/SubGroupNumber' for z = 6.0 using 8 thread(s) took 1.737327s
Reading in 'Subhalo/GroupNumber' for z = 6.0 using 8 thread(s) took 0.408592s
Reading in 'Subhalo/ApertureMeasurements/Mass/030kpc' for z = 6.0 using 8 thread(s) took 0.454088s
Reading in 'PartType5/Mass' for z = 6.0 using 8 thread(s) took 1.032443s
Reading in 'PartType5/ParticleIDs' for z = 7.0 using 8 thread(s) took 1.109192s
Reading in 'PartType5/GroupNumber' for z = 7.0 using 8 thread(s) took 1.730507s
Reading in 'PartType5/SubGroupNumber' for z = 7.0 using 8 thread(s) took 0.383445s
Reading in 'PartType5/GroupNumber' for z = 8.0 using 8 thread(s) took 0.365801s
Reading in 'PartType5/SubGroupNumber' for z = 8.0 using 8 thread(s) took 0.482343s
Reading in 'PartType5/ParticleIDs' for z = 8.0 using 8 thread(s) took 0.490804s
Reading in 'PartType5/GroupNumber' for z = 6.0 using 8 thread(s) took 0.723868s
Reading in 'PartType5/SubGroupNumber' for z = 6.0 using 8 thread(s) took 0.512253s
Reading in 'PartType5/ParticleIDs' for z = 6.0 using 8 thread(s) took 1.478551s
Graph progress:  0 % 400.0
Graph progress:  1 % 218.0
Graph progress:  2 % 207.0
Graph progress:  3 % 1109.00003
Graph progress:  4 % 1141.0
Graph progress:  5 % 6.00017
Graph progress:  6 % 572.0
Graph progress:  7 % 378.0
Graph progress:  8 % 772.00001
Graph progress:  9 % 751.0
Graph progress:  10 % 1344.00001
Graph progress:  11 % 1464.0
Graph progress:  12 % 172.0
Graph progress:  13 % 839.0
Graph progress:  14 % 36888.0
Graph progress:  15 % 480.0
Graph progress:  16 % 371.0
Graph progress:  17 % 1608.00001
Graph progress:  18 % 1202.0
Graph progress:  19 % 77499.0
Graph progress:  20 % 1317.00002
Graph progress:  21 % 535.00002
Graph progress:  22 % 1210.00002
Graph progress:  23 % 1591.00003
Graph progress:  24 % 2069.0
Graph progress:  25 % 247.0
Graph progress:  26 % 203.00007
Graph progress:  27 % 253.0
Graph progress:  28 % 1152.0
Graph progress:  29 % 75.0
Graph progress:  30 % 1760.0
Graph progress:  31 % 201.0
Graph progress:  32 % 71.0
Graph progress:  33 % 1010.0
Graph progress:  34 % 708.00004
Graph progress:  35 % 1548.00001
Graph progress:  36 % 614.0
Graph progress:  37 % 1173.0
Graph progress:  38 % 1727.00001
Graph progress:  39 % 168.00001
Graph progress:  40 % 221.00001
Graph progress:  41 % 1426.00002
Graph progress:  42 % 1438.00002
Graph progress:  43 % 676.00001
Graph progress:  44 % 1573.0
Graph progress:  45 % 362.00002
Graph progress:  46 % 105.0
Graph progress:  47 % 182.00009
Graph progress:  48 % 145.00001
Graph progress:  49 % 82.00013
Graph progress:  50 % 1425.0
Graph progress:  51 % 354.0
Graph progress:  52 % 1204.0
Graph progress:  53 % 146.00003
Graph progress:  54 % 6859.0
Graph progress:  55 % 1632.00002
Graph progress:  56 % 1399.00001
Graph progress:  57 % 47.00002
Graph progress:  58 % 552.00008
Graph progress:  59 % 646.00004
Graph progress:  60 % 67.0
Graph progress:  61 % 2046.0
Graph progress:  62 % 1133.0
Graph progress:  63 % 712.0
Graph progress:  64 % 64.0
Graph progress:  65 % 1645.00001
Graph progress:  66 % 559.0
Graph progress:  67 % 1256.0
Graph progress:  68 % 1146.0
Graph progress:  69 % 416.0
Graph progress:  70 % 1502.0
Graph progress:  71 % 1436.00002
Graph progress:  72 % 1361.0
Graph progress:  73 % 1569.00001
Graph progress:  74 % 373.00003
Graph progress:  75 % 1406.00002
Graph progress:  76 % 642.0
Graph progress:  77 % 1486.00001
Graph progress:  78 % 1201.0
Graph progress:  79 % 507.00002
Graph progress:  80 % 821.0
Graph progress:  81 % 262.00005
Graph progress:  82 % 2064.0
Graph progress:  83 % 424.0
Graph progress:  84 % 2245.0
Graph progress:  85 % 1930.0
Graph progress:  86 % 887.0
Graph progress:  87 % 1827.00002
Graph progress:  88 % 1567.0
Graph progress:  89 % 2144.0
Graph progress:  90 % 360.00001
Graph progress:  91 % 2085.0
Graph progress:  92 % 659.0
Graph progress:  93 % 988.0
Graph progress:  94 % 1294.0
Graph progress:  95 % 1384.00002
Graph progress:  96 % 1306.00002
Graph progress:  97 % 1477.0
Graph progress:  98 % 822.0
Graph progress:  99 % 706.0
Processed 2303 halos in snapshot 008_z007p000 of particle type 5
Reading in 'PartType0/ParticleIDs' for z = 7.0 using 8 thread(s) took 9.007792s
Reading in 'PartType0/ParticleIDs' for z = 8.0 using 8 thread(s) took 10.306995s
Reading in 'Subhalo/SubGroupNumber' for z = 8.0 using 8 thread(s) took 0.489505s
Reading in 'Subhalo/GroupNumber' for z = 8.0 using 8 thread(s) took 0.525007s
Reading in 'Subhalo/ApertureMeasurements/Mass/030kpc' for z = 8.0 using 8 thread(s) took 0.575606s
Reading in 'PartType0/Mass' for z = 8.0 using 8 thread(s) took 0.636485s
Reading in 'PartType0/ParticleIDs' for z = 6.0 using 8 thread(s) took 10.717907s
Reading in 'Subhalo/SubGroupNumber' for z = 6.0 using 8 thread(s) took 0.527992s
Reading in 'Subhalo/GroupNumber' for z = 6.0 using 8 thread(s) took 0.47462s
Reading in 'Subhalo/ApertureMeasurements/Mass/030kpc' for z = 6.0 using 8 thread(s) took 0.515691s
Reading in 'PartType0/Mass' for z = 6.0 using 8 thread(s) took 1.157389s
Reading in 'PartType0/ParticleIDs' for z = 7.0 using 8 thread(s) took 2.650519s
Reading in 'PartType0/GroupNumber' for z = 7.0 using 8 thread(s) took 1.018411s
Reading in 'PartType0/SubGroupNumber' for z = 7.0 using 8 thread(s) took 1.04069s
Reading in 'PartType0/GroupNumber' for z = 8.0 using 8 thread(s) took 0.613649s
Reading in 'PartType0/SubGroupNumber' for z = 8.0 using 8 thread(s) took 0.620802s
Reading in 'PartType0/ParticleIDs' for z = 8.0 using 8 thread(s) took 0.783792s
Reading in 'PartType0/GroupNumber' for z = 6.0 using 8 thread(s) took 1.355048s
Reading in 'PartType0/SubGroupNumber' for z = 6.0 using 8 thread(s) took 0.95218s
Reading in 'PartType0/ParticleIDs' for z = 6.0 using 8 thread(s) took 2.188435s
Graph progress:  0 % 174186.0
Graph progress:  1 % 72926.0
Graph progress:  2 % 86752.0
Graph progress:  3 % 177958.0
Graph progress:  4 % 112647.0
Graph progress:  5 % 134900.0
Graph progress:  6 % 3612.0
Graph progress:  7 % 20246.0
Graph progress:  8 % 164009.0
Graph progress:  9 % 57036.0
Graph progress:  10 % 16687.0
Graph progress:  11 % 136749.0
Graph progress:  12 % 35950.0
Graph progress:  13 % 2260.00001
Graph progress:  14 % 59935.0
Graph progress:  15 % 160037.0
Graph progress:  16 % 130881.0
Graph progress:  17 % 123538.0
Graph progress:  18 % 143348.0
Graph progress:  19 % 154049.0
Graph progress:  20 % 26955.0
Graph progress:  21 % 5017.0
Graph progress:  22 % 134609.0
Graph progress:  23 % 34340.0
Graph progress:  24 % 51811.0
Graph progress:  25 % 124389.0
Graph progress:  26 % 4015.0
Graph progress:  27 % 104670.0
Graph progress:  28 % 154739.0
Graph progress:  29 % 134817.0
Graph progress:  30 % 115755.0
Graph progress:  31 % 39658.0
Graph progress:  32 % 21866.0
Graph progress:  33 % 163661.0
Graph progress:  34 % 6026.00001
Graph progress:  35 % 171937.0
Graph progress:  36 % 138093.0
Graph progress:  37 % 62530.0
Graph progress:  38 % 102173.0
Graph progress:  39 % 4516.00001
Graph progress:  40 % 55697.0
Graph progress:  41 % 2179.00001
Graph progress:  42 % 15466.00001
Graph progress:  43 % 10252.0
Graph progress:  44 % 173040.0
Graph progress:  45 % 110834.0
Graph progress:  46 % 146699.0
Graph progress:  47 % 180113.0
Graph progress:  48 % 47712.0
Graph progress:  49 % 5556.0
Graph progress:  50 % 111237.0
Graph progress:  51 % 405.00001
Graph progress:  52 % 70275.0
Graph progress:  53 % 124068.0
Graph progress:  54 % 99242.0
Graph progress:  55 % 34835.0
Graph progress:  56 % 167212.0
Graph progress:  57 % 48906.0
Graph progress:  58 % 128620.0
Graph progress:  59 % 140657.0
Graph progress:  60 % 103480.0
Graph progress:  61 % 136529.0
Graph progress:  62 % 2504.00002
Graph progress:  63 % 128380.0
Graph progress:  64 % 161438.0
Graph progress:  65 % 60944.0
Graph progress:  66 % 162770.0
Graph progress:  67 % 40326.0
Graph progress:  68 % 128741.0
Graph progress:  69 % 165931.0
Graph progress:  70 % 124344.0
Graph progress:  71 % 127115.0
Graph progress:  72 % 174514.0
Graph progress:  73 % 16849.0
Graph progress:  74 % 1808.00002
Graph progress:  75 % 137468.0
Graph progress:  76 % 149483.0
Graph progress:  77 % 107532.0
Graph progress:  78 % 130948.0
Graph progress:  79 % 7218.00001
Graph progress:  80 % 139148.0
Graph progress:  81 % 124473.0
Graph progress:  82 % 101952.0
Graph progress:  83 % 34956.0
Graph progress:  84 % 12315.0
Graph progress:  85 % 51428.0
Graph progress:  86 % 143029.0
Graph progress:  87 % 49196.0
Graph progress:  88 % 337.00003
Graph progress:  89 % 1736.0
Graph progress:  90 % 76025.0
Graph progress:  91 % 23046.0
Graph progress:  92 % 160195.0
Graph progress:  93 % 69301.0
Graph progress:  94 % 60589.0
Graph progress:  95 % 99575.0
Graph progress:  96 % 47686.0
Graph progress:  97 % 178699.0
Graph progress:  98 % 14742.00001
Graph progress:  99 % 112959.0
Processed 202531 halos in snapshot 008_z007p000 of particle type 0
Write progress:  0 % 174185.0
Write progress:  1 % 90778.0
Write progress:  2 % 2378.00001
Write progress:  3 % 75683.0
Write progress:  4 % 27829.0
Write progress:  5 % 36005.0
Write progress:  6 % 47701.00001
Write progress:  7 % 133108.0
Write progress:  8 % 156646.0
Write progress:  9 % 3247.00003
Write progress:  10 % 163206.0
Write progress:  11 % 13565.00001
Write progress:  12 % 119383.0
Write progress:  13 % 105920.0
Write progress:  14 % 46640.0
Write progress:  15 % 13211.0
Write progress:  16 % 157669.0
Write progress:  17 % 54516.0
Write progress:  18 % 3345.00003
Write progress:  19 % 127630.0
Write progress:  20 % 180395.0
Write progress:  21 % 117495.0
Write progress:  22 % 21061.0
Write progress:  23 % 132411.0
Write progress:  24 % 24587.0
Write progress:  25 % 2371.00002
Write progress:  26 % 181002.0
Write progress:  27 % 155494.0
Write progress:  28 % 1386.00003
Write progress:  29 % 17047.0
Write progress:  30 % 120414.0
Write progress:  31 % 8909.0
Write progress:  32 % 150409.0
Write progress:  33 % 141558.0
Write progress:  34 % 3498.0
Write progress:  35 % 114072.0
Write progress:  36 % 24878.0
Write progress:  37 % 173042.0
Write progress:  38 % 75189.0
Write progress:  39 % 118958.0
Write progress:  40 % 120199.0
Write progress:  41 % 2807.00001
Write progress:  42 % 134495.0
Write progress:  43 % 61551.0
Write progress:  44 % 1476.00003
Write progress:  45 % 173021.0
Write progress:  46 % 25377.0
Write progress:  47 % 63306.0
Write progress:  48 % 142883.0
Write progress:  49 % 60748.0
Write progress:  50 % 155867.0
Write progress:  51 % 149293.0
Write progress:  52 % 127962.0
Write progress:  53 % 227.0001
Write progress:  54 % 54942.0
Write progress:  55 % 95812.0
Write progress:  56 % 91881.0
Write progress:  57 % 78787.0
Write progress:  58 % 87223.0
Write progress:  59 % 39997.0
Write progress:  60 % 3496.00002
Write progress:  61 % 172988.0
Write progress:  62 % 87231.0
Write progress:  63 % 101285.0
Write progress:  64 % 167535.0
Write progress:  65 % 147.0
Write progress:  66 % 143324.0
Write progress:  67 % 181734.0
Write progress:  68 % 138248.0
Write progress:  69 % 79842.0
Write progress:  70 % 1535.0
Write progress:  71 % 175285.0
Write progress:  72 % 5267.0
Write progress:  73 % 132748.0
Write progress:  74 % 7586.00001
Write progress:  75 % 97373.0
Write progress:  76 % 1837.0
Write progress:  77 % 29130.0
Write progress:  78 % 157988.0
Write progress:  79 % 12738.00001
Write progress:  80 % 179332.0
Write progress:  81 % 44886.0
Write progress:  82 % 13776.0
Write progress:  83 % 14843.0
Write progress:  84 % 873.00003
Write progress:  85 % 12951.00001
Write progress:  86 % 48139.0
Write progress:  87 % 317.0
Write progress:  88 % 140255.0
Write progress:  89 % 75458.0
Write progress:  90 % 119793.0
Write progress:  91 % 13146.00001
Write progress:  92 % 4141.00001
Write progress:  93 % 57590.0
Write progress:  94 % 49876.0
Write progress:  95 % 139378.0
Write progress:  96 % 165037.0
Write progress:  97 % 28976.00001
Write progress:  98 % 54604.0
Write progress:  99 % 66714.0
Job done, info follows...
       JobID    JobName  Partition     MaxRSS    Elapsed ExitCode 
------------ ---------- ---------- ---------- ---------- -------- 
2042958_249  MEGA-FLAR+     cosma6              00:42:19      0:0 
2042958_249+     extern                         00:42:19      0:0 
