====
Starting job 2043598 at Fri 24 Apr 02:54:54 BST 2020 for user dc-rope1.
Running on nodes: m6386
====
457
('01', '000_z015p000', '001_z014p000', '002_z013p000')
Reading in 'PartType1/ParticleIDs' for z = 14.0 using 8 thread(s) took 11.451421s
Reading in 'PartType1/ParticleIDs' for z = 14.0 using 8 thread(s) took 2.343993s
Reading in 'PartType1/GroupNumber' for z = 14.0 using 8 thread(s) took 0.131755s
Reading in 'PartType1/SubGroupNumber' for z = 14.0 using 8 thread(s) took 0.325139s
Reading in 'PartType1/GroupNumber' for z = 15.0 using 8 thread(s) took 0.502748s
Reading in 'PartType1/SubGroupNumber' for z = 15.0 using 8 thread(s) took 0.15791s
Reading in 'PartType1/ParticleIDs' for z = 15.0 using 8 thread(s) took 0.147384s
Reading in 'PartType1/GroupNumber' for z = 13.0 using 8 thread(s) took 0.281506s
Reading in 'PartType1/SubGroupNumber' for z = 13.0 using 8 thread(s) took 0.197342s
Reading in 'PartType1/ParticleIDs' for z = 13.0 using 8 thread(s) took 0.205347s
Graph progress:  0 % 7166.0
Graph progress:  1 % 4929.0
Graph progress:  2 % 12000.0
Graph progress:  3 % 522.00001
Graph progress:  4 % 3049.0
Graph progress:  5 % 12413.0
Graph progress:  6 % 13222.0
Graph progress:  7 % 11703.0
Graph progress:  8 % 7764.0
Graph progress:  9 % 6829.0
Graph progress:  10 % 12091.0
Graph progress:  11 % 13814.0
Graph progress:  12 % 10809.0
Graph progress:  13 % 670.0
Graph progress:  14 % 8442.0
Graph progress:  15 % 6506.0
Graph progress:  16 % 3282.0
Graph progress:  17 % 13423.0
Graph progress:  18 % 7143.0
Graph progress:  19 % 12408.0
Graph progress:  20 % 2654.0
Graph progress:  21 % 1182.0
Graph progress:  22 % 8957.0
Graph progress:  23 % 10547.0
Graph progress:  24 % 8178.0
Graph progress:  25 % 12952.0
Graph progress:  26 % 10553.0
Graph progress:  27 % 503.00001
Graph progress:  28 % 13404.0
Graph progress:  29 % 6491.0
Graph progress:  30 % 9030.00001
Graph progress:  31 % 2485.0
Graph progress:  32 % 12078.0
Graph progress:  33 % 6036.0
Graph progress:  34 % 9538.0
Graph progress:  35 % 8026.0
Graph progress:  36 % 1487.0
Graph progress:  37 % 1070.0
Graph progress:  38 % 11268.0
Graph progress:  39 % 11074.0
Graph progress:  40 % 4799.0
Graph progress:  41 % 4885.0
Graph progress:  42 % 1297.0
Graph progress:  43 % 11263.0
Graph progress:  44 % 1209.0
Graph progress:  45 % 534.00001
Graph progress:  46 % 3606.00001
Graph progress:  47 % 5139.0
Graph progress:  48 % 9430.0
Graph progress:  49 % 624.0
Graph progress:  50 % 9423.0
Graph progress:  51 % 9072.0
Graph progress:  52 % 1313.0
Graph progress:  53 % 10534.0
Graph progress:  54 % 11500.0
Graph progress:  55 % 10751.0
Graph progress:  56 % 4890.0
Graph progress:  57 % 11093.0
Graph progress:  58 % 5355.0
Graph progress:  59 % 1898.0
Graph progress:  60 % 7.0
Graph progress:  61 % 7381.0
Graph progress:  62 % 3878.0
Graph progress:  63 % 6599.0
Graph progress:  64 % 8225.0
Graph progress:  65 % 1759.0
Graph progress:  66 % 8847.0
Graph progress:  67 % 10982.0
Graph progress:  68 % 2132.0
Graph progress:  69 % 6151.0
Graph progress:  70 % 179.00001
Graph progress:  71 % 4106.0
Graph progress:  72 % 1575.0
Graph progress:  73 % 8811.0
Graph progress:  74 % 13893.0
Graph progress:  75 % 1985.0
Graph progress:  76 % 652.00001
Graph progress:  77 % 5293.0
Graph progress:  78 % 12265.0
Graph progress:  79 % 7169.0
Graph progress:  80 % 10658.0
Graph progress:  81 % 9557.00001
Graph progress:  82 % 11672.0
Graph progress:  83 % 10277.0
Graph progress:  84 % 7568.0
Graph progress:  85 % 980.0
Graph progress:  86 % 1041.0
Graph progress:  87 % 2461.0
Graph progress:  88 % 12588.0
Graph progress:  89 % 9505.0
Graph progress:  90 % 1869.0
Graph progress:  91 % 359.0
Graph progress:  92 % 3249.0
Graph progress:  93 % 7367.0
Graph progress:  94 % 8096.0
Graph progress:  95 % 6127.0
Graph progress:  96 % 2358.0
Graph progress:  97 % 10647.0
Graph progress:  98 % 13065.0
Graph progress:  99 % 712.0
Processed 15192 halos in snapshot 001_z014p000 of particle type 1
Reading in 'PartType4/ParticleIDs' for z = 14.0 using 8 thread(s) took 0.984186s
Reading in 'PartType4/ParticleIDs' for z = 15.0 using 8 thread(s) took 0.673046s
Reading in 'Subhalo/SubGroupNumber' for z = 15.0 using 8 thread(s) took 4.355046s
Reading in 'Subhalo/GroupNumber' for z = 15.0 using 8 thread(s) took 0.21982s
Reading in 'Subhalo/ApertureMeasurements/Mass/030kpc' for z = 15.0 using 8 thread(s) took 0.160253s
Reading in 'PartType4/Mass' for z = 15.0 using 8 thread(s) took 0.252601s
Reading in 'PartType4/ParticleIDs' for z = 13.0 using 8 thread(s) took 2.596118s
Reading in 'Subhalo/SubGroupNumber' for z = 13.0 using 8 thread(s) took 4.544873s
Reading in 'Subhalo/GroupNumber' for z = 13.0 using 8 thread(s) took 0.334261s
Reading in 'Subhalo/ApertureMeasurements/Mass/030kpc' for z = 13.0 using 8 thread(s) took 0.186651s
Reading in 'PartType4/Mass' for z = 13.0 using 8 thread(s) took 1.777762s
Reading in 'PartType4/ParticleIDs' for z = 14.0 using 8 thread(s) took 0.408052s
Reading in 'PartType4/GroupNumber' for z = 14.0 using 8 thread(s) took 0.156334s
Reading in 'PartType4/SubGroupNumber' for z = 14.0 using 8 thread(s) took 0.115597s
Reading in 'PartType4/GroupNumber' for z = 15.0 using 8 thread(s) took 0.172754s
Reading in 'PartType4/SubGroupNumber' for z = 15.0 using 8 thread(s) took 0.152015s
Reading in 'PartType4/ParticleIDs' for z = 15.0 using 8 thread(s) took 0.127773s
Reading in 'PartType4/GroupNumber' for z = 13.0 using 8 thread(s) took 0.473013s
Reading in 'PartType4/SubGroupNumber' for z = 13.0 using 8 thread(s) took 0.26128s
Reading in 'PartType4/ParticleIDs' for z = 13.0 using 8 thread(s) took 0.334362s
Graph progress:  0 % 1028.0
Graph progress:  1 % 839.0
Graph progress:  2 % 995.0
Graph progress:  3 % 2016.0
Graph progress:  4 % 2149.0
Graph progress:  5 % 314.0
Graph progress:  6 % 434.0
Graph progress:  7 % 443.0
Graph progress:  8 % 604.0
Graph progress:  9 % 533.0
Graph progress:  10 % 108.0
Graph progress:  11 % 1287.0
Graph progress:  12 % 345.0
Graph progress:  13 % 502.0
Graph progress:  14 % 1760.0
Graph progress:  15 % 783.0
Graph progress:  16 % 387.0
Graph progress:  17 % 151.00001
Graph progress:  18 % 20.0
Graph progress:  19 % 472.0
Graph progress:  20 % 907.0
Graph progress:  21 % 15.00001
Graph progress:  22 % 1839.0
Graph progress:  23 % 1734.0
Graph progress:  24 % 751.0
Graph progress:  25 % 1048.0
Graph progress:  26 % 419.0
Graph progress:  27 % 1437.0
Graph progress:  28 % 5.00004
Graph progress:  29 % 90.0
Graph progress:  30 % 971.0
Graph progress:  31 % 2485.0
Graph progress:  32 % 3147.0
Graph progress:  33 % 274.0
Graph progress:  34 % 649.0
Graph progress:  35 % 1660.0
Graph progress:  36 % 382.0
Graph progress:  37 % 867.0
Graph progress:  38 % 687.0
Graph progress:  39 % 162.0
Graph progress:  40 % 339.0
Graph progress:  41 % 789.0
Graph progress:  42 % 102.0
Graph progress:  43 % 673.0
Graph progress:  44 % 333.0
Graph progress:  45 % 119.0
Graph progress:  46 % 857.0
Graph progress:  47 % 564.0
Graph progress:  48 % 121.0
Graph progress:  49 % 1135.0
Graph progress:  50 % 4.0
Graph progress:  51 % 775.0
Graph progress:  52 % 561.0
Graph progress:  53 % 76.0
Graph progress:  54 % 104.0
Graph progress:  55 % 1424.0
Graph progress:  56 % 878.0
Graph progress:  57 % 2342.0
Graph progress:  58 % 1228.0
Graph progress:  59 % 7.00002
Graph progress:  60 % 438.0
Graph progress:  61 % 55.0
Graph progress:  62 % 1122.0
Graph progress:  63 % 192.0
Graph progress:  64 % 27.0
Graph progress:  65 % 1012.0
Graph progress:  66 % 31.0
Graph progress:  67 % 695.0
Graph progress:  68 % 64.0
Graph progress:  69 % 179.0
Graph progress:  70 % 415.0
Graph progress:  71 % 948.0
Graph progress:  72 % 63.00002
Graph progress:  73 % 1203.0
Graph progress:  74 % 240.0
Graph progress:  75 % 18.0
Graph progress:  76 % 1930.0
Graph progress:  77 % 717.0
Graph progress:  78 % 81.0
Graph progress:  79 % 92.0
Graph progress:  80 % 661.0
Graph progress:  81 % 1968.0
Graph progress:  82 % 2486.0
Graph progress:  83 % 1339.0
Graph progress:  84 % 1050.0
Graph progress:  85 % 962.0
Graph progress:  86 % 306.0
Graph progress:  87 % 610.0
Graph progress:  88 % 310.0
Graph progress:  89 % 1305.0
Graph progress:  90 % 198.0
Graph progress:  91 % 530.0
Graph progress:  92 % 239.0
Graph progress:  93 % 977.0
Graph progress:  94 % 927.0
Graph progress:  95 % 138.0
Graph progress:  96 % 221.0
Graph progress:  97 % 89.0
Graph progress:  98 % 675.0
Graph progress:  99 % 1431.0
Processed 752 halos in snapshot 001_z014p000 of particle type 4
Reading in 'PartType5/ParticleIDs' for z = 14.0 using 8 thread(s) took 0.096701s
Reading in 'PartType5/ParticleIDs' for z = 15.0 using 8 thread(s) took 0.125035s
Reading in 'Subhalo/SubGroupNumber' for z = 15.0 using 8 thread(s) took 0.162233s
Reading in 'Subhalo/GroupNumber' for z = 15.0 using 8 thread(s) took 0.138915s
Reading in 'Subhalo/ApertureMeasurements/Mass/030kpc' for z = 15.0 using 8 thread(s) took 0.142219s
Reading in 'PartType5/Mass' for z = 15.0 using 8 thread(s) took 0.104947s
Reading in 'PartType5/ParticleIDs' for z = 13.0 using 8 thread(s) took 2.087835s
Reading in 'Subhalo/SubGroupNumber' for z = 13.0 using 8 thread(s) took 0.183056s
Reading in 'Subhalo/GroupNumber' for z = 13.0 using 8 thread(s) took 0.140021s
Reading in 'Subhalo/ApertureMeasurements/Mass/030kpc' for z = 13.0 using 8 thread(s) took 0.152048s
Reading in 'PartType5/Mass' for z = 13.0 using 8 thread(s) took 0.260059s
Reading in 'PartType5/ParticleIDs' for z = 14.0 using 8 thread(s) took 0.102422s
Reading in 'PartType5/GroupNumber' for z = 14.0 using 8 thread(s) took 0.090257s
Reading in 'PartType5/SubGroupNumber' for z = 14.0 using 8 thread(s) took 0.088309s
Reading in 'PartType5/GroupNumber' for z = 15.0 using 8 thread(s) took 0.09174s
Reading in 'PartType5/SubGroupNumber' for z = 15.0 using 8 thread(s) took 0.090775s
Reading in 'PartType5/ParticleIDs' for z = 15.0 using 8 thread(s) took 0.089851s
Reading in 'PartType5/GroupNumber' for z = 13.0 using 8 thread(s) took 0.094912s
Reading in 'PartType5/SubGroupNumber' for z = 13.0 using 8 thread(s) took 0.092395s
Reading in 'PartType5/ParticleIDs' for z = 13.0 using 8 thread(s) took 0.102308s
Graph progress:  0 % 1.0
Processed 1 halos in snapshot 001_z014p000 of particle type 5
Reading in 'PartType0/ParticleIDs' for z = 14.0 using 8 thread(s) took 9.392402s
Reading in 'PartType0/ParticleIDs' for z = 15.0 using 8 thread(s) took 9.540067s
Reading in 'Subhalo/SubGroupNumber' for z = 15.0 using 8 thread(s) took 0.225582s
Reading in 'Subhalo/GroupNumber' for z = 15.0 using 8 thread(s) took 0.216689s
Reading in 'Subhalo/ApertureMeasurements/Mass/030kpc' for z = 15.0 using 8 thread(s) took 0.218021s
Reading in 'PartType0/Mass' for z = 15.0 using 8 thread(s) took 0.264213s
Reading in 'PartType0/ParticleIDs' for z = 13.0 using 8 thread(s) took 10.476179s
Reading in 'Subhalo/SubGroupNumber' for z = 13.0 using 8 thread(s) took 0.235568s
Reading in 'Subhalo/GroupNumber' for z = 13.0 using 8 thread(s) took 0.237352s
Reading in 'Subhalo/ApertureMeasurements/Mass/030kpc' for z = 13.0 using 8 thread(s) took 0.234566s
Reading in 'PartType0/Mass' for z = 13.0 using 8 thread(s) took 0.458926s
Reading in 'PartType0/ParticleIDs' for z = 14.0 using 8 thread(s) took 0.257881s
Reading in 'PartType0/GroupNumber' for z = 14.0 using 8 thread(s) took 0.236542s
Reading in 'PartType0/SubGroupNumber' for z = 14.0 using 8 thread(s) took 0.249259s
Reading in 'PartType0/GroupNumber' for z = 15.0 using 8 thread(s) took 0.247618s
Reading in 'PartType0/SubGroupNumber' for z = 15.0 using 8 thread(s) took 0.266828s
Reading in 'PartType0/ParticleIDs' for z = 15.0 using 8 thread(s) took 0.260122s
Reading in 'PartType0/GroupNumber' for z = 13.0 using 8 thread(s) took 0.285606s
Reading in 'PartType0/SubGroupNumber' for z = 13.0 using 8 thread(s) took 0.324226s
Reading in 'PartType0/ParticleIDs' for z = 13.0 using 8 thread(s) took 0.351233s
Graph progress:  0 % 2531.0
Graph progress:  1 % 1551.0
Graph progress:  2 % 5898.0
Graph progress:  3 % 1423.0
Graph progress:  4 % 3049.0
Graph progress:  5 % 5609.0
Graph progress:  6 % 3911.0
Graph progress:  7 % 337.00001
Graph progress:  8 % 1599.00001
Graph progress:  9 % 6829.0
Graph progress:  10 % 13590.0
Graph progress:  11 % 747.0
Graph progress:  12 % 7154.0
Graph progress:  13 % 7570.0
Graph progress:  14 % 5565.0
Graph progress:  15 % 7618.0
Graph progress:  16 % 2031.0
Graph progress:  17 % 8813.0
Graph progress:  18 % 11215.0
Graph progress:  19 % 2500.00001
Graph progress:  20 % 3924.0
Graph progress:  21 % 12377.0
Graph progress:  22 % 5596.0
Graph progress:  23 % 12839.0
Graph progress:  24 % 4051.0
Graph progress:  25 % 3884.00001
Graph progress:  26 % 9574.0
Graph progress:  27 % 8182.0
Graph progress:  28 % 21.00001
Graph progress:  29 % 7881.0
Graph progress:  30 % 9419.0
Graph progress:  31 % 13185.0
Graph progress:  32 % 12089.0
Graph progress:  33 % 9143.0
Graph progress:  34 % 13120.0
Graph progress:  35 % 11789.0
Graph progress:  36 % 11038.0
Graph progress:  37 % 228.00003
Graph progress:  38 % 6555.0
Graph progress:  39 % 2504.0
Graph progress:  40 % 8913.0
Graph progress:  41 % 1859.0
Graph progress:  42 % 9867.0
Graph progress:  43 % 5520.0
Graph progress:  44 % 8701.0
Graph progress:  45 % 3371.0
Graph progress:  46 % 2446.0
Graph progress:  47 % 5910.0
Graph progress:  48 % 11037.0
Graph progress:  49 % 168.00003
Graph progress:  50 % 11610.0
Graph progress:  51 % 1211.0
Graph progress:  52 % 1313.0
Graph progress:  53 % 12462.0
Graph progress:  54 % 5876.0
Graph progress:  55 % 2427.0
Graph progress:  56 % 3189.0
Graph progress:  57 % 8725.0
Graph progress:  58 % 10764.0
Graph progress:  59 % 1898.0
Graph progress:  60 % 2099.0
Graph progress:  61 % 7924.0
Graph progress:  62 % 3590.0
Graph progress:  63 % 5097.0
Graph progress:  64 % 13860.0
Graph progress:  65 % 1759.0
Graph progress:  66 % 6854.0
Graph progress:  67 % 5177.00001
Graph progress:  68 % 1816.00001
Graph progress:  69 % 152.00001
Graph progress:  70 % 9961.0
Graph progress:  71 % 3257.0
Graph progress:  72 % 727.00002
Graph progress:  73 % 5938.0
Graph progress:  74 % 7047.0
Graph progress:  75 % 11485.0
Graph progress:  76 % 8590.0
Graph progress:  77 % 60.0
Graph progress:  78 % 10423.0
Graph progress:  79 % 250.00002
Graph progress:  80 % 6285.0
Graph progress:  81 % 8798.0
Graph progress:  82 % 7012.0
Graph progress:  83 % 9108.0
Graph progress:  84 % 6834.0
Graph progress:  85 % 3913.0
Graph progress:  86 % 8929.0
Graph progress:  87 % 6463.0
Graph progress:  88 % 1336.0
Graph progress:  89 % 3720.0
Graph progress:  90 % 6028.0
Graph progress:  91 % 3701.0
Graph progress:  92 % 13033.0
Graph progress:  93 % 5531.0
Graph progress:  94 % 2971.0
Graph progress:  95 % 9110.0
Graph progress:  96 % 12579.0
Graph progress:  97 % 6352.0
Graph progress:  98 % 12793.0
Graph progress:  99 % 1466.0
Processed 15204 halos in snapshot 001_z014p000 of particle type 0
Write progress:  0 % 7166.0
Write progress:  1 % 4929.0
Write progress:  2 % 12000.0
Write progress:  3 % 522.00001
Write progress:  4 % 3049.0
Write progress:  5 % 12413.0
Write progress:  6 % 13222.0
Write progress:  7 % 11703.0
Write progress:  8 % 7764.0
Write progress:  9 % 6829.0
Write progress:  10 % 12091.0
Write progress:  11 % 13814.0
Write progress:  12 % 10809.0
Write progress:  13 % 670.0
Write progress:  14 % 8442.0
Write progress:  15 % 6506.0
Write progress:  16 % 3282.0
Write progress:  17 % 13423.0
Write progress:  18 % 7143.0
Write progress:  19 % 12408.0
Write progress:  20 % 2654.0
Write progress:  21 % 1182.0
Write progress:  22 % 8957.0
Write progress:  23 % 10547.0
Write progress:  24 % 8178.0
Write progress:  25 % 12952.0
Write progress:  26 % 10553.0
Write progress:  27 % 503.00001
Write progress:  28 % 13404.0
Write progress:  29 % 6491.0
Write progress:  30 % 9030.00001
Write progress:  31 % 2485.0
Write progress:  32 % 12078.0
Write progress:  33 % 6036.0
Write progress:  34 % 9538.0
Write progress:  35 % 8026.0
Write progress:  36 % 1487.0
Write progress:  37 % 1070.0
Write progress:  38 % 11268.0
Write progress:  39 % 11074.0
Write progress:  40 % 4799.0
Write progress:  41 % 4885.0
Write progress:  42 % 1297.0
Write progress:  43 % 11263.0
Write progress:  44 % 1209.0
Write progress:  45 % 534.00001
Write progress:  46 % 3606.00001
Write progress:  47 % 5139.0
Write progress:  48 % 9430.0
Write progress:  49 % 624.0
Write progress:  50 % 9423.0
Write progress:  51 % 9072.0
Write progress:  52 % 1313.0
Write progress:  53 % 10534.0
Write progress:  54 % 11500.0
Write progress:  55 % 10751.0
Write progress:  56 % 4890.0
Write progress:  57 % 11093.0
Write progress:  58 % 5355.0
Write progress:  59 % 1898.0
Write progress:  60 % 7.0
Write progress:  61 % 7381.0
Write progress:  62 % 3878.0
Write progress:  63 % 6599.0
Write progress:  64 % 8225.0
Write progress:  65 % 1759.0
Write progress:  66 % 8847.0
Write progress:  67 % 10982.0
Write progress:  68 % 2132.0
Write progress:  69 % 6151.0
Write progress:  70 % 179.00001
Write progress:  71 % 4106.0
Write progress:  72 % 1575.0
Write progress:  73 % 8811.0
Write progress:  74 % 13893.0
Write progress:  75 % 1985.0
Write progress:  76 % 652.00001
Write progress:  77 % 5293.0
Write progress:  78 % 12265.0
Write progress:  79 % 7169.0
Write progress:  80 % 10658.0
Write progress:  81 % 9557.00001
Write progress:  82 % 11672.0
Write progress:  83 % 10277.0
Write progress:  84 % 7568.0
Write progress:  85 % 980.0
Write progress:  86 % 1041.0
Write progress:  87 % 2461.0
Write progress:  88 % 12588.0
Write progress:  89 % 9505.0
Write progress:  90 % 1869.0
Write progress:  91 % 359.0
Write progress:  92 % 3249.0
Write progress:  93 % 7367.0
Write progress:  94 % 8096.0
Write progress:  95 % 6127.0
Write progress:  96 % 2358.0
Write progress:  97 % 10647.0
Write progress:  98 % 13065.0
Write progress:  99 % 712.0
Job done, info follows...
       JobID    JobName  Partition     MaxRSS    Elapsed ExitCode 
------------ ---------- ---------- ---------- ---------- -------- 
2042958_458  MEGA-FLAR+     cosma6              00:06:45      0:0 
2042958_458+     extern                         00:06:45      0:0 
