====
Starting job 2040846 at Wed 22 Apr 03:53:03 BST 2020 for user dc-rope1.
Running on nodes: m7446
====
['000_z020p000', '001_z015p132', '002_z009p993', '003_z008p988', '004_z008p075', '005_z007p050', '006_z005p971', '007_z005p487', '008_z005p037', '009_z004p485', '010_z003p984', '011_z003p528', '012_z003p017', '013_z002p478', '014_z002p237', '015_z002p012', '016_z001p737', '017_z001p487', '018_z001p259', '019_z001p004', '020_z000p865', '021_z000p736', '022_z000p615', '023_z000p503', '024_z000p366', '025_z000p271', '026_z000p183', '027_z000p101', '028_z000p000']
[None, '000_z020p000', '001_z015p132', '002_z009p993', '003_z008p988', '004_z008p075', '005_z007p050', '006_z005p971', '007_z005p487', '008_z005p037', '009_z004p485', '010_z003p984', '011_z003p528', '012_z003p017', '013_z002p478', '014_z002p237', '015_z002p012', '016_z001p737', '017_z001p487', '018_z001p259', '019_z001p004', '020_z000p865', '021_z000p736', '022_z000p615', '023_z000p503', '024_z000p366', '025_z000p271', '026_z000p183', '027_z000p101']
['001_z015p132', '002_z009p993', '003_z008p988', '004_z008p075', '005_z007p050', '006_z005p971', '007_z005p487', '008_z005p037', '009_z004p485', '010_z003p984', '011_z003p528', '012_z003p017', '013_z002p478', '014_z002p237', '015_z002p012', '016_z001p737', '017_z001p487', '018_z001p259', '019_z001p004', '020_z000p865', '021_z000p736', '022_z000p615', '023_z000p503', '024_z000p366', '025_z000p271', '026_z000p183', '027_z000p101', '028_z000p000', None]
020_z000p865
Reading in 'PartType1/ParticleIDs' for z = 0.865 using 8 thread(s) took 55.744452s
Reading in 'PartType1/ParticleIDs' for z = 0.865 using 8 thread(s) took 29.872838s
Reading in 'PartType1/GroupNumber' for z = 0.865 using 8 thread(s) took 17.933527s
Reading in 'PartType1/SubGroupNumber' for z = 0.865 using 8 thread(s) took 17.813768s
Reading in 'PartType1/GroupNumber' for z = 1.004 using 8 thread(s) took 26.699758s
Reading in 'PartType1/SubGroupNumber' for z = 1.004 using 8 thread(s) took 23.479994s
Reading in 'PartType1/ParticleIDs' for z = 1.004 using 8 thread(s) took 34.259418s
Reading in 'PartType1/GroupNumber' for z = 0.736 using 8 thread(s) took 40.054655s
Reading in 'PartType1/SubGroupNumber' for z = 0.736 using 8 thread(s) took 36.745539s
Reading in 'PartType1/ParticleIDs' for z = 0.736 using 8 thread(s) took 45.330465s
Graph progress:  0 % 1096971.0
Graph progress:  1 % 284976.00001
Graph progress:  2 % 591531.00001
Graph progress:  3 % 43366.0
Graph progress:  4 % 1859532.0
Graph progress:  5 % 328.00061
Graph progress:  6 % 446543.0
Graph progress:  7 % 137236.0
Graph progress:  8 % 75254.00001
Graph progress:  9 % 743091.0
Graph progress:  10 % 509667.0
Graph progress:  11 % 1528207.0
Graph progress:  12 % 1830919.0
Graph progress:  13 % 1027867.0
Graph progress:  14 % 763932.0
Graph progress:  15 % 754424.0
Graph progress:  16 % 287.00011
Graph progress:  17 % 2256.00032
Graph progress:  18 % 257306.0
Graph progress:  19 % 241197.0
Graph progress:  20 % 1862907.0
Graph progress:  21 % 625635.0
Graph progress:  22 % 856827.0
Graph progress:  23 % 53381.0
Graph progress:  24 % 733168.0
Graph progress:  25 % 1867061.0
Graph progress:  26 % 2070425.0
Graph progress:  27 % 109361.00004
Graph progress:  28 % 1388858.0
Graph progress:  29 % 1848153.0
Graph progress:  30 % 627301.0
Graph progress:  31 % 924577.0
Graph progress:  32 % 2015926.0
Graph progress:  33 % 1715654.0
Graph progress:  34 % 2110498.0
Graph progress:  35 % 2004842.0
Graph progress:  36 % 477491.0
Graph progress:  37 % 1798904.0
Graph progress:  38 % 7.01349
Graph progress:  39 % 1355902.0
Graph progress:  40 % 998879.0
Graph progress:  41 % 2146056.0
Graph progress:  42 % 1291034.0
Graph progress:  43 % 2112703.0
Graph progress:  44 % 624076.0
Graph progress:  45 % 83712.0
Graph progress:  46 % 1489653.0
Graph progress:  47 % 2147163.0
Graph progress:  48 % 694174.0
Graph progress:  49 % 1423005.0
Graph progress:  50 % 1275120.0
Graph progress:  51 % 266743.0
Graph progress:  52 % 756280.0
Graph progress:  53 % 2716.0003
Graph progress:  54 % 26101.00001
Graph progress:  55 % 860295.0
Graph progress:  56 % 65644.0
Graph progress:  57 % 578.00079
Graph progress:  58 % 1843665.0
Graph progress:  59 % 2871.00001
Graph progress:  60 % 303.00126
Graph progress:  61 % 1752343.0
Graph progress:  62 % 2240050.0
Graph progress:  63 % 952395.0
Graph progress:  64 % 2014264.0
Graph progress:  65 % 2211409.0
Graph progress:  66 % 1022444.0
Graph progress:  67 % 2455.00022
Graph progress:  68 % 2279.00007
Graph progress:  69 % 625013.0
Graph progress:  70 % 96681.0
Graph progress:  71 % 1410823.0
Graph progress:  72 % 214284.0
Graph progress:  73 % 1756232.0
Graph progress:  74 % 165352.00001
Graph progress:  75 % 233125.0
Graph progress:  76 % 1643898.0
Graph progress:  77 % 25220.0
Graph progress:  78 % 2214921.0
Graph progress:  79 % 1850107.0
Graph progress:  80 % 814.00028
Graph progress:  81 % 199565.00001
Graph progress:  82 % 945604.0
Graph progress:  83 % 530.00083
Graph progress:  84 % 427570.0
Graph progress:  85 % 67.00093
Graph progress:  86 % 1952280.0
Graph progress:  87 % 2127497.0
Graph progress:  88 % 954758.0
Graph progress:  89 % 1921425.0
Graph progress:  90 % 1392700.0
Graph progress:  91 % 1854411.0
Graph progress:  92 % 91721.0
Graph progress:  93 % 4468.00025
Graph progress:  94 % 13.01003
Graph progress:  95 % 2025035.0
Graph progress:  96 % 807200.0
Graph progress:  97 % 99756.00001
Graph progress:  98 % 10142.00002
Graph progress:  99 % 7437.00009
Processed 2658349 halos in snapshot 020_z000p865 of particle type 1
Write progress:  0 % 1096971.0
Write progress:  1 % 284976.00001
Write progress:  2 % 591531.00001
Write progress:  3 % 43366.0
Write progress:  4 % 1859532.0
Write progress:  5 % 328.00061
Write progress:  6 % 446543.0
Write progress:  7 % 137236.0
Write progress:  8 % 75254.00001
Write progress:  9 % 743091.0
Write progress:  10 % 509667.0
Write progress:  11 % 1528207.0
Write progress:  12 % 1830919.0
Write progress:  13 % 1027867.0
Write progress:  14 % 763932.0
Write progress:  15 % 754424.0
Write progress:  16 % 287.00011
Write progress:  17 % 2256.00032
Write progress:  18 % 257306.0
Write progress:  19 % 241197.0
Write progress:  20 % 1862907.0
Write progress:  21 % 625635.0
Write progress:  22 % 856827.0
Write progress:  23 % 53381.0
Write progress:  24 % 733168.0
Write progress:  25 % 1867061.0
Write progress:  26 % 2070425.0
Write progress:  27 % 109361.00004
Write progress:  28 % 1388858.0
Write progress:  29 % 1848153.0
Write progress:  30 % 627301.0
Write progress:  31 % 924577.0
Write progress:  32 % 2015926.0
Write progress:  33 % 1715654.0
Write progress:  34 % 2110498.0
Write progress:  35 % 2004842.0
Write progress:  36 % 477491.0
Write progress:  37 % 1798904.0
Write progress:  38 % 7.01349
Write progress:  39 % 1355902.0
Write progress:  40 % 998879.0
Write progress:  41 % 2146056.0
Write progress:  42 % 1291034.0
Write progress:  43 % 2112703.0
Write progress:  44 % 624076.0
Write progress:  45 % 83712.0
Write progress:  46 % 1489653.0
Write progress:  47 % 2147163.0
Write progress:  48 % 694174.0
Write progress:  49 % 1423005.0
Write progress:  50 % 1275120.0
Write progress:  51 % 266743.0
Write progress:  52 % 756280.0
Write progress:  53 % 2716.0003
Write progress:  54 % 26101.00001
Write progress:  55 % 860295.0
Write progress:  56 % 65644.0
Write progress:  57 % 578.00079
Write progress:  58 % 1843665.0
Write progress:  59 % 2871.00001
Write progress:  60 % 303.00126
Write progress:  61 % 1752343.0
Write progress:  62 % 2240050.0
Write progress:  63 % 952395.0
Write progress:  64 % 2014264.0
Write progress:  65 % 2211409.0
Write progress:  66 % 1022444.0
Write progress:  67 % 2455.00022
Write progress:  68 % 2279.00007
Write progress:  69 % 625013.0
Write progress:  70 % 96681.0
Write progress:  71 % 1410823.0
Write progress:  72 % 214284.0
Write progress:  73 % 1756232.0
Write progress:  74 % 165352.00001
Write progress:  75 % 233125.0
Write progress:  76 % 1643898.0
Write progress:  77 % 25220.0
Write progress:  78 % 2214921.0
Write progress:  79 % 1850107.0
Write progress:  80 % 814.00028
Write progress:  81 % 199565.00001
Write progress:  82 % 945604.0
Write progress:  83 % 530.00083
Write progress:  84 % 427570.0
Write progress:  85 % 67.00093
Write progress:  86 % 1952280.0
Write progress:  87 % 2127497.0
Write progress:  88 % 954758.0
Write progress:  89 % 1921425.0
Write progress:  90 % 1392700.0
Write progress:  91 % 1854411.0
Write progress:  92 % 91721.0
Write progress:  93 % 4468.00025
Write progress:  94 % 13.01003
Write progress:  95 % 2025035.0
Write progress:  96 % 807200.0
Write progress:  97 % 99756.00001
Write progress:  98 % 10142.00002
Write progress:  99 % 7437.00009
Reading in 'PartType4/ParticleIDs' for z = 0.865 using 8 thread(s) took 175.267966s
Reading in 'PartType4/ParticleIDs' for z = 1.004 using 8 thread(s) took 100.106198s
Reading in 'Subhalo/SubGroupNumber' for z = 1.004 using 8 thread(s) took 183.448713s
Reading in 'Subhalo/GroupNumber' for z = 1.004 using 8 thread(s) took 9.219213s
Reading in 'Subhalo/ApertureMeasurements/Mass/030kpc' for z = 1.004 using 8 thread(s) took 9.505526s
Reading in 'PartType4/Mass' for z = 1.004 using 8 thread(s) took 85.240926s
Reading in 'PartType4/ParticleIDs' for z = 0.736 using 8 thread(s) took 158.788887s
Reading in 'Subhalo/SubGroupNumber' for z = 0.736 using 8 thread(s) took 40.217687s
Reading in 'Subhalo/GroupNumber' for z = 0.736 using 8 thread(s) took 20.669915s
Reading in 'Subhalo/ApertureMeasurements/Mass/030kpc' for z = 0.736 using 8 thread(s) took 18.813045s
Reading in 'PartType4/Mass' for z = 0.736 using 8 thread(s) took 110.917752s
Reading in 'PartType4/ParticleIDs' for z = 0.865 using 8 thread(s) took 25.467342s
Reading in 'PartType4/GroupNumber' for z = 0.865 using 8 thread(s) took 15.750181s
Reading in 'PartType4/SubGroupNumber' for z = 0.865 using 8 thread(s) took 12.301105s
Reading in 'PartType4/GroupNumber' for z = 1.004 using 8 thread(s) took 12.864492s
Reading in 'PartType4/SubGroupNumber' for z = 1.004 using 8 thread(s) took 11.142296s
Reading in 'PartType4/ParticleIDs' for z = 1.004 using 8 thread(s) took 18.978698s
Reading in 'PartType4/GroupNumber' for z = 0.736 using 8 thread(s) took 15.745902s
Reading in 'PartType4/SubGroupNumber' for z = 0.736 using 8 thread(s) took 12.64411s
Reading in 'PartType4/ParticleIDs' for z = 0.736 using 8 thread(s) took 21.319782s
Graph progress:  0 % 112628.0
Graph progress:  1 % 14041.00002
Graph progress:  2 % 857.00009
Graph progress:  3 % 1.01162
Graph progress:  4 % 1971.00013
Graph progress:  5 % 264974.0
Graph progress:  6 % 50604.00001
Graph progress:  7 % 94333.0
Graph progress:  8 % 141020.0
Graph progress:  9 % 245990.0
Graph progress:  10 % 29412.00004
Graph progress:  11 % 98925.00001
Graph progress:  12 % 205309.0
Graph progress:  13 % 8.00306
Graph progress:  14 % 71553.0
Graph progress:  15 % 50892.00002
Graph progress:  16 % 227273.0
Graph progress:  17 % 298.00019
Graph progress:  18 % 258346.0
Graph progress:  19 % 1427.00012
Graph progress:  20 % 3774.00005
Graph progress:  21 % 35316.00002
Graph progress:  22 % 147187.0
Graph progress:  23 % 65466.0
Graph progress:  24 % 70474.0
Graph progress:  25 % 155174.0
Graph progress:  26 % 7419.00005
Graph progress:  27 % 1829.00025
Graph progress:  28 % 33.0
Graph progress:  29 % 27.00834
Graph progress:  30 % 121620.0
Graph progress:  31 % 486.0
Graph progress:  32 % 172.00042
Graph progress:  33 % 36.00191
Graph progress:  34 % 586.00017
Graph progress:  35 % 243.00039
Graph progress:  36 % 6669.00004
Graph progress:  37 % 11.00238
Graph progress:  38 % 7.00829
Graph progress:  39 % 206482.0
Graph progress:  40 % 1383.00027
Graph progress:  41 % 174119.0
Graph progress:  42 % 1144.00021
Graph progress:  43 % 42752.0
Graph progress:  44 % 141.00274
Graph progress:  45 % 86.00066
Graph progress:  46 % 33578.0
Graph progress:  47 % 78246.0
Graph progress:  48 % 161.00121
Graph progress:  49 % 7002.00001
Graph progress:  50 % 29931.00002
Graph progress:  51 % 426785.0
Graph progress:  52 % 77582.0
Graph progress:  53 % 286.00152
Graph progress:  54 % 30978.0
Graph progress:  55 % 81.00078
Graph progress:  56 % 17.00685
Graph progress:  57 % 1181.0003
Graph progress:  58 % 24.00074
Graph progress:  59 % 7105.00002
Graph progress:  60 % 1223.0
Graph progress:  61 % 49193.00001
Graph progress:  62 % 218583.0
Graph progress:  63 % 153.00039
Graph progress:  64 % 21330.00001
Graph progress:  65 % 262.00007
Graph progress:  66 % 3633.00006
Graph progress:  67 % 1888.0001
Graph progress:  68 % 2722.00005
Graph progress:  69 % 16.00224
Graph progress:  70 % 619.00137
Graph progress:  71 % 194886.0
Graph progress:  72 % 237186.0
Graph progress:  73 % 15517.00001
Graph progress:  74 % 2266.00006
Graph progress:  75 % 520660.0
Graph progress:  76 % 43.00113
Graph progress:  77 % 5293.00005
Graph progress:  78 % 1511.00033
Graph progress:  79 % 43608.0
Graph progress:  80 % 9617.0
Graph progress:  81 % 9094.00001
Graph progress:  82 % 47545.0
Graph progress:  83 % 103753.00001
Graph progress:  84 % 274.00039
Graph progress:  85 % 149041.0
Graph progress:  86 % 337.00025
Graph progress:  87 % 3048.00011
Graph progress:  88 % 72399.0
Graph progress:  89 % 370716.0
Graph progress:  90 % 22362.0
Graph progress:  91 % 259.00118
Graph progress:  92 % 80217.0
Graph progress:  93 % 405.00007
Graph progress:  94 % 386.00016
Graph progress:  95 % 13860.00002
Graph progress:  96 % 29973.00002
Graph progress:  97 % 17968.00002
Graph progress:  98 % 166345.0
Graph progress:  99 % 132252.0
Processed 429153 halos in snapshot 020_z000p865 of particle type 4
Reading in 'PartType5/ParticleIDs' for z = 0.865 using 8 thread(s) took 13.842207s
Reading in 'PartType5/ParticleIDs' for z = 1.004 using 8 thread(s) took 11.311139s
Reading in 'Subhalo/SubGroupNumber' for z = 1.004 using 8 thread(s) took 31.262915s
Reading in 'Subhalo/GroupNumber' for z = 1.004 using 8 thread(s) took 9.479705s
Reading in 'Subhalo/ApertureMeasurements/Mass/030kpc' for z = 1.004 using 8 thread(s) took 9.931571s
Reading in 'PartType5/Mass' for z = 1.004 using 8 thread(s) took 10.549125s
Reading in 'PartType5/ParticleIDs' for z = 0.736 using 8 thread(s) took 58.343966s
Reading in 'Subhalo/SubGroupNumber' for z = 0.736 using 8 thread(s) took 37.550704s
Reading in 'Subhalo/GroupNumber' for z = 0.736 using 8 thread(s) took 51.129534s
Reading in 'Subhalo/ApertureMeasurements/Mass/030kpc' for z = 0.736 using 8 thread(s) took 90.358645s
Reading in 'PartType5/Mass' for z = 0.736 using 8 thread(s) took 97.030063s
Reading in 'PartType5/ParticleIDs' for z = 0.865 using 8 thread(s) took 29.534333s
Reading in 'PartType5/GroupNumber' for z = 0.865 using 8 thread(s) took 48.429002s
Reading in 'PartType5/SubGroupNumber' for z = 0.865 using 8 thread(s) took 20.174279s
Reading in 'PartType5/GroupNumber' for z = 1.004 using 8 thread(s) took 7.795633s
Reading in 'PartType5/SubGroupNumber' for z = 1.004 using 8 thread(s) took 19.14095s
Reading in 'PartType5/ParticleIDs' for z = 1.004 using 8 thread(s) took 8.085235s
Reading in 'PartType5/GroupNumber' for z = 0.736 using 8 thread(s) took 53.96345s
Reading in 'PartType5/SubGroupNumber' for z = 0.736 using 8 thread(s) took 8.00891s
