====
Starting job 2043382 at Fri 24 Apr 01:02:50 BST 2020 for user dc-rope1.
Running on nodes: m6288
====
276
('16', None, '000_z015p000', '001_z014p000')
Reading in 'PartType1/ParticleIDs' for z = 15.0 using 8 thread(s) took 14.642832s
Reading in 'PartType1/ParticleIDs' for z = 15.0 using 8 thread(s) took 3.240899s
Reading in 'PartType1/GroupNumber' for z = 15.0 using 8 thread(s) took 0.106318s
Reading in 'PartType1/SubGroupNumber' for z = 15.0 using 8 thread(s) took 0.080279s
Reading in 'PartType1/GroupNumber' for z = 14.0 using 8 thread(s) took 1.629569s
Reading in 'PartType1/SubGroupNumber' for z = 14.0 using 8 thread(s) took 0.142018s
Reading in 'PartType1/ParticleIDs' for z = 14.0 using 8 thread(s) took 0.12312s
Graph progress:  0 % 5092.0
Graph progress:  1 % 4262.0
Graph progress:  2 % 1502.0
Graph progress:  3 % 3303.0
Graph progress:  4 % 3651.0
Graph progress:  5 % 4680.0
Graph progress:  6 % 3304.0
Graph progress:  7 % 664.00001
Graph progress:  8 % 484.0
Graph progress:  9 % 1356.0
Graph progress:  10 % 614.0
Graph progress:  11 % 24.00002
Graph progress:  12 % 75.00001
Graph progress:  13 % 42.00001
Graph progress:  14 % 1349.0
Graph progress:  15 % 3014.0
Graph progress:  16 % 1565.0
Graph progress:  17 % 3848.0
Graph progress:  18 % 145.0
Graph progress:  19 % 688.0
Graph progress:  20 % 1486.00001
Graph progress:  21 % 4249.0
Graph progress:  22 % 2766.0
Graph progress:  23 % 2014.0
Graph progress:  24 % 4861.0
Graph progress:  25 % 1188.0
Graph progress:  26 % 675.0
Graph progress:  27 % 805.0
Graph progress:  28 % 1841.0
Graph progress:  29 % 2353.0
Graph progress:  30 % 5493.0
Graph progress:  31 % 13.0
Graph progress:  32 % 731.0
Graph progress:  33 % 3984.0
Graph progress:  34 % 3184.0
Graph progress:  35 % 1206.0
Graph progress:  36 % 3431.0
Graph progress:  37 % 358.0
Graph progress:  38 % 2520.0
Graph progress:  39 % 4494.0
Graph progress:  40 % 713.0
Graph progress:  41 % 1864.0
Graph progress:  42 % 2418.0
Graph progress:  43 % 4583.00001
Graph progress:  44 % 1007.00001
Graph progress:  45 % 3.00004
Graph progress:  46 % 3331.0
Graph progress:  47 % 591.0
Graph progress:  48 % 1209.0
Graph progress:  49 % 1485.0
Graph progress:  50 % 3942.0
Graph progress:  51 % 1378.0
Graph progress:  52 % 5049.0
Graph progress:  53 % 5480.0
Graph progress:  54 % 723.0
Graph progress:  55 % 2570.0
Graph progress:  56 % 1888.0
Graph progress:  57 % 129.0
Graph progress:  58 % 4651.0
Graph progress:  59 % 5343.0
Graph progress:  60 % 4533.0
Graph progress:  61 % 1217.0
Graph progress:  62 % 802.0
Graph progress:  63 % 4789.0
Graph progress:  64 % 2804.0
Graph progress:  65 % 1314.0
Graph progress:  66 % 1292.0
Graph progress:  67 % 429.0
Graph progress:  68 % 902.0
Graph progress:  69 % 2221.0
Graph progress:  70 % 3940.0
Graph progress:  71 % 34.00003
Graph progress:  72 % 4611.0
Graph progress:  73 % 4104.0
Graph progress:  74 % 2810.0
Graph progress:  75 % 841.00001
Graph progress:  76 % 5462.0
Graph progress:  77 % 81.00001
Graph progress:  78 % 1398.0
Graph progress:  79 % 5224.0
Graph progress:  80 % 4116.0
Graph progress:  81 % 1335.0
Graph progress:  82 % 2653.0
Graph progress:  83 % 3468.0
Graph progress:  84 % 428.0
Graph progress:  85 % 4441.0
Graph progress:  86 % 1438.0
Graph progress:  87 % 2744.0
Graph progress:  88 % 2303.0
Graph progress:  89 % 496.0
Graph progress:  90 % 3376.0
Graph progress:  91 % 5183.0
Graph progress:  92 % 2775.0
Graph progress:  93 % 1063.0
Graph progress:  94 % 3170.0
Graph progress:  95 % 79.0
Graph progress:  96 % 4163.0
Graph progress:  97 % 3165.0
Graph progress:  98 % 2724.0
Graph progress:  99 % 2936.0
Processed 6144 halos in snapshot 000_z015p000 of particle type 1
Reading in 'PartType4/ParticleIDs' for z = 15.0 using 8 thread(s) took 1.999801s
Reading in 'PartType4/ParticleIDs' for z = 14.0 using 8 thread(s) took 3.087007s
Reading in 'Subhalo/SubGroupNumber' for z = 14.0 using 8 thread(s) took 2.653856s
Reading in 'Subhalo/GroupNumber' for z = 14.0 using 8 thread(s) took 0.160895s
Reading in 'Subhalo/ApertureMeasurements/Mass/030kpc' for z = 14.0 using 8 thread(s) took 0.139973s
Reading in 'PartType4/Mass' for z = 14.0 using 8 thread(s) took 0.085281s
Reading in 'PartType4/ParticleIDs' for z = 15.0 using 8 thread(s) took 0.080537s
Reading in 'PartType4/GroupNumber' for z = 15.0 using 8 thread(s) took 0.087731s
Reading in 'PartType4/SubGroupNumber' for z = 15.0 using 8 thread(s) took 0.087639s
Reading in 'PartType4/GroupNumber' for z = 14.0 using 8 thread(s) took 0.07898s
Reading in 'PartType4/SubGroupNumber' for z = 14.0 using 8 thread(s) took 0.079743s
Reading in 'PartType4/ParticleIDs' for z = 14.0 using 8 thread(s) took 0.077891s
Graph progress:  0 % 794.0
Graph progress:  1 % 23.0
Graph progress:  2 % 234.0
Graph progress:  3 % 77.0
Graph progress:  4 % 175.0
Graph progress:  5 % 52.00001
Graph progress:  6 % 56.0
Graph progress:  7 % 350.0
Graph progress:  8 % 389.0
Graph progress:  9 % 154.0
Graph progress:  10 % 792.0
Graph progress:  11 % 208.0
Graph progress:  12 % 309.0
Graph progress:  13 % 810.0
Graph progress:  14 % 520.0
Graph progress:  15 % 313.0
Graph progress:  16 % 517.0
Graph progress:  17 % 145.0
Graph progress:  18 % 383.0
Graph progress:  19 % 186.0
Graph progress:  20 % 481.0
Graph progress:  21 % 5.0
Graph progress:  22 % 82.0
Graph progress:  23 % 909.0
Graph progress:  24 % 72.0
Graph progress:  25 % 39.0
Graph progress:  26 % 270.0
Graph progress:  27 % 654.0
Graph progress:  28 % 62.0
Graph progress:  29 % 711.0
Graph progress:  30 % 358.0
Graph progress:  31 % 441.0
Graph progress:  32 % 21.0
Graph progress:  33 % 1191.0
Graph progress:  34 % 3.00002
Graph progress:  35 % 20.0
Graph progress:  36 % 66.00001
Graph progress:  37 % 27.0
Graph progress:  38 % 35.0
Graph progress:  39 % 412.0
Graph progress:  40 % 300.0
Graph progress:  41 % 489.0
Graph progress:  42 % 10.0
Graph progress:  43 % 86.0
Graph progress:  44 % 1245.0
Graph progress:  45 % 294.0
Graph progress:  46 % 70.0
Graph progress:  47 % 88.0
Graph progress:  48 % 12.0
Graph progress:  49 % 19.00001
Graph progress:  50 % 48.0
Graph progress:  51 % 419.0
Graph progress:  52 % 142.0
Graph progress:  53 % 199.0
Graph progress:  54 % 278.0
Graph progress:  55 % 333.0
Graph progress:  56 % 129.0
Graph progress:  57 % 95.0
Graph progress:  58 % 143.0
Graph progress:  59 % 301.0
Graph progress:  60 % 659.0
Graph progress:  61 % 647.0
Graph progress:  62 % 302.0
Graph progress:  63 % 47.0
Graph progress:  64 % 29.0
Graph progress:  65 % 238.0
Graph progress:  66 % 25.0
Graph progress:  67 % 150.0
Graph progress:  68 % 527.0
Graph progress:  69 % 106.0
Graph progress:  70 % 166.0
Graph progress:  71 % 162.0
Graph progress:  72 % 364.0
Graph progress:  73 % 824.0
Graph progress:  74 % 1051.0
Graph progress:  75 % 55.0
Graph progress:  76 % 213.0
Graph progress:  77 % 472.0
Graph progress:  78 % 471.0
Graph progress:  79 % 43.0
Graph progress:  80 % 427.0
Graph progress:  81 % 33.0
Graph progress:  82 % 244.0
Graph progress:  83 % 973.0
Graph progress:  84 % 218.0
Graph progress:  85 % 1193.0
Graph progress:  86 % 369.0
Graph progress:  87 % 6.00003
Graph progress:  88 % 860.0
Graph progress:  89 % 180.0
Graph progress:  90 % 476.0
Graph progress:  91 % 26.0
Graph progress:  92 % 8.0
Graph progress:  93 % 678.0
Graph progress:  94 % 926.0
Graph progress:  95 % 281.0
Graph progress:  96 % 243.0
Graph progress:  97 % 371.0
Graph progress:  98 % 87.0
Graph progress:  99 % 279.0
Processed 241 halos in snapshot 000_z015p000 of particle type 4
Reading in 'PartType5/ParticleIDs' for z = 15.0 using 8 thread(s) took 0.081044s
Reading in 'PartType5/ParticleIDs' for z = 14.0 using 8 thread(s) took 0.095841s
Reading in 'Subhalo/SubGroupNumber' for z = 14.0 using 8 thread(s) took 0.149064s
Reading in 'Subhalo/GroupNumber' for z = 14.0 using 8 thread(s) took 0.118115s
Reading in 'Subhalo/ApertureMeasurements/Mass/030kpc' for z = 14.0 using 8 thread(s) took 0.11718s
Reading in 'PartType5/Mass' for z = 14.0 using 8 thread(s) took 0.078335s
Reading in 'PartType5/ParticleIDs' for z = 15.0 using 8 thread(s) took 0.07082s
Reading in 'PartType5/GroupNumber' for z = 15.0 using 8 thread(s) took 0.071605s
Reading in 'PartType5/SubGroupNumber' for z = 15.0 using 8 thread(s) took 0.071072s
Reading in 'PartType5/GroupNumber' for z = 14.0 using 8 thread(s) took 0.074213s
Reading in 'PartType5/SubGroupNumber' for z = 14.0 using 8 thread(s) took 0.070412s
Reading in 'PartType5/ParticleIDs' for z = 14.0 using 8 thread(s) took 0.072702s
Processed 0 halos in snapshot 000_z015p000 of particle type 5
Reading in 'PartType0/ParticleIDs' for z = 15.0 using 8 thread(s) took 10.736792s
Reading in 'PartType0/ParticleIDs' for z = 14.0 using 8 thread(s) took 10.425341s
Reading in 'Subhalo/SubGroupNumber' for z = 14.0 using 8 thread(s) took 0.198309s
Reading in 'Subhalo/GroupNumber' for z = 14.0 using 8 thread(s) took 0.16319s
Reading in 'Subhalo/ApertureMeasurements/Mass/030kpc' for z = 14.0 using 8 thread(s) took 0.19739s
Reading in 'PartType0/Mass' for z = 14.0 using 8 thread(s) took 0.15698s
Reading in 'PartType0/ParticleIDs' for z = 15.0 using 8 thread(s) took 0.159024s
Reading in 'PartType0/GroupNumber' for z = 15.0 using 8 thread(s) took 0.164907s
Reading in 'PartType0/SubGroupNumber' for z = 15.0 using 8 thread(s) took 0.186427s
Reading in 'PartType0/GroupNumber' for z = 14.0 using 8 thread(s) took 0.193791s
Reading in 'PartType0/SubGroupNumber' for z = 14.0 using 8 thread(s) took 0.214509s
Reading in 'PartType0/ParticleIDs' for z = 14.0 using 8 thread(s) took 0.191437s
Graph progress:  0 % 5092.0
Graph progress:  1 % 1000.0
Graph progress:  2 % 1502.0
Graph progress:  3 % 1483.0
Graph progress:  4 % 3479.0
Graph progress:  5 % 450.0
Graph progress:  6 % 1305.0
Graph progress:  7 % 664.00001
Graph progress:  8 % 2566.0
Graph progress:  9 % 5185.0
Graph progress:  10 % 1702.0
Graph progress:  11 % 814.0
Graph progress:  12 % 75.00001
Graph progress:  13 % 1037.0
Graph progress:  14 % 2644.0
Graph progress:  15 % 2293.0
Graph progress:  16 % 642.00001
Graph progress:  17 % 2710.0
Graph progress:  18 % 868.0
Graph progress:  19 % 3395.0
Graph progress:  20 % 3603.0
Graph progress:  21 % 913.0
Graph progress:  22 % 312.0
Graph progress:  23 % 2785.0
Graph progress:  24 % 2500.0
Graph progress:  25 % 3601.0
Graph progress:  26 % 3679.0
Graph progress:  27 % 499.0
Graph progress:  28 % 5273.0
Graph progress:  29 % 2132.0
Graph progress:  30 % 5263.0
Graph progress:  31 % 816.0
Graph progress:  32 % 4902.0
Graph progress:  33 % 4792.0
Graph progress:  34 % 3857.0
Graph progress:  35 % 164.0
Graph progress:  36 % 4265.0
Graph progress:  37 % 452.00001
Graph progress:  38 % 1992.0
Graph progress:  39 % 1656.0
Graph progress:  40 % 1581.0
Graph progress:  41 % 119.0
Graph progress:  42 % 122.0
Graph progress:  43 % 2236.0
Graph progress:  44 % 1561.0
Graph progress:  45 % 4384.0
Graph progress:  46 % 3331.0
Graph progress:  47 % 5318.0
Graph progress:  48 % 2704.0
Graph progress:  49 % 414.00001
Graph progress:  50 % 2099.0
Graph progress:  51 % 120.0
Graph progress:  52 % 1162.0
Graph progress:  53 % 3519.0
Graph progress:  54 % 5444.0
Graph progress:  55 % 1056.0
Graph progress:  56 % 4857.0
Graph progress:  57 % 129.00001
Graph progress:  58 % 1665.0
Graph progress:  59 % 1972.0
Graph progress:  60 % 1472.0
Graph progress:  61 % 3234.0
Graph progress:  62 % 2895.0
Graph progress:  63 % 482.00002
Graph progress:  64 % 3499.0
Graph progress:  65 % 127.0
Graph progress:  66 % 3567.0
Graph progress:  67 % 3497.0
Graph progress:  68 % 429.0
Graph progress:  69 % 2309.0
Graph progress:  70 % 2008.0
Graph progress:  71 % 4101.0
Graph progress:  72 % 404.00001
Graph progress:  73 % 4104.0
Graph progress:  74 % 1906.0
Graph progress:  75 % 951.00001
Graph progress:  76 % 2378.0
Graph progress:  77 % 1275.0
Graph progress:  78 % 1076.0
Graph progress:  79 % 2081.0
Graph progress:  80 % 5212.0
Graph progress:  81 % 2907.0
Graph progress:  82 % 3656.0
Graph progress:  83 % 691.0
Graph progress:  84 % 1183.0
Graph progress:  85 % 4698.0
Graph progress:  86 % 3874.0
Graph progress:  87 % 18.00004
Graph progress:  88 % 31.00001
Graph progress:  89 % 6.0
Graph progress:  90 % 1178.0
Graph progress:  91 % 3443.0
Graph progress:  92 % 4483.0
Graph progress:  93 % 4823.0
Graph progress:  94 % 3657.0
Graph progress:  95 % 4080.0
Graph progress:  96 % 2622.0
Graph progress:  97 % 3735.0
Graph progress:  98 % 3382.0
Graph progress:  99 % 2066.0
Processed 6148 halos in snapshot 000_z015p000 of particle type 0
Write progress:  0 % 5092.0
Write progress:  1 % 4262.0
Write progress:  2 % 1502.0
Write progress:  3 % 3303.0
Write progress:  4 % 3651.0
Write progress:  5 % 4680.0
Write progress:  6 % 3304.0
Write progress:  7 % 664.00001
Write progress:  8 % 484.0
Write progress:  9 % 1356.0
Write progress:  10 % 614.0
Write progress:  11 % 24.00002
Write progress:  12 % 75.00001
Write progress:  13 % 42.00001
Write progress:  14 % 1349.0
Write progress:  15 % 3014.0
Write progress:  16 % 1565.0
Write progress:  17 % 3848.0
Write progress:  18 % 145.0
Write progress:  19 % 688.0
Write progress:  20 % 1486.00001
Write progress:  21 % 4249.0
Write progress:  22 % 2766.0
Write progress:  23 % 2014.0
Write progress:  24 % 4861.0
Write progress:  25 % 1188.0
Write progress:  26 % 675.0
Write progress:  27 % 805.0
Write progress:  28 % 1841.0
Write progress:  29 % 2353.0
Write progress:  30 % 5493.0
Write progress:  31 % 13.0
Write progress:  32 % 731.0
Write progress:  33 % 3984.0
Write progress:  34 % 3184.0
Write progress:  35 % 1206.0
Write progress:  36 % 3431.0
Write progress:  37 % 358.0
Write progress:  38 % 2520.0
Write progress:  39 % 4494.0
Write progress:  40 % 713.0
Write progress:  41 % 1864.0
Write progress:  42 % 2418.0
Write progress:  43 % 4583.00001
Write progress:  44 % 1007.00001
Write progress:  45 % 3.00004
Write progress:  46 % 3331.0
Write progress:  47 % 591.0
Write progress:  48 % 1209.0
Write progress:  49 % 1485.0
Write progress:  50 % 3942.0
Write progress:  51 % 1378.0
Write progress:  52 % 5049.0
Write progress:  53 % 5480.0
Write progress:  54 % 723.0
Write progress:  55 % 2570.0
Write progress:  56 % 1888.0
Write progress:  57 % 129.0
Write progress:  58 % 4651.0
Write progress:  59 % 5343.0
Write progress:  60 % 4533.0
Write progress:  61 % 1217.0
Write progress:  62 % 802.0
Write progress:  63 % 4789.0
Write progress:  64 % 2804.0
Write progress:  65 % 1314.0
Write progress:  66 % 1292.0
Write progress:  67 % 429.0
Write progress:  68 % 902.0
Write progress:  69 % 2221.0
Write progress:  70 % 3940.0
Write progress:  71 % 34.00003
Write progress:  72 % 4611.0
Write progress:  73 % 4104.0
Write progress:  74 % 2810.0
Write progress:  75 % 841.00001
Write progress:  76 % 5462.0
Write progress:  77 % 81.00001
Write progress:  78 % 1398.0
Write progress:  79 % 5224.0
Write progress:  80 % 4116.0
Write progress:  81 % 1335.0
Write progress:  82 % 2653.0
Write progress:  83 % 3468.0
Write progress:  84 % 428.0
Write progress:  85 % 4441.0
Write progress:  86 % 1438.0
Write progress:  87 % 2744.0
Write progress:  88 % 2303.0
Write progress:  89 % 496.0
Write progress:  90 % 3376.0
Write progress:  91 % 5183.0
Write progress:  92 % 2775.0
Write progress:  93 % 1063.0
Write progress:  94 % 3170.0
Write progress:  95 % 79.0
Write progress:  96 % 4163.0
Write progress:  97 % 3165.0
Write progress:  98 % 2724.0
Write progress:  99 % 2936.0
Job done, info follows...
       JobID    JobName  Partition     MaxRSS    Elapsed ExitCode 
------------ ---------- ---------- ---------- ---------- -------- 
2042958_277  MEGA-FLAR+     cosma6              00:04:02      0:0 
2042958_277+     extern                         00:04:02      0:0 
