====
Starting job 2043518 at Fri 24 Apr 02:13:48 BST 2020 for user dc-rope1.
Running on nodes: m6543
====
396
('06', None, '000_z015p000', '001_z014p000')
Reading in 'PartType1/ParticleIDs' for z = 15.0 using 8 thread(s) took 10.383229s
Reading in 'PartType1/ParticleIDs' for z = 15.0 using 8 thread(s) took 1.238007s
Reading in 'PartType1/GroupNumber' for z = 15.0 using 8 thread(s) took 0.085773s
Reading in 'PartType1/SubGroupNumber' for z = 15.0 using 8 thread(s) took 0.0743s
Reading in 'PartType1/GroupNumber' for z = 14.0 using 8 thread(s) took 1.0362s
Reading in 'PartType1/SubGroupNumber' for z = 14.0 using 8 thread(s) took 0.155494s
Reading in 'PartType1/ParticleIDs' for z = 14.0 using 8 thread(s) took 0.130912s
Graph progress:  0 % 913.0
Graph progress:  1 % 4933.0
Graph progress:  2 % 4221.0
Graph progress:  3 % 1105.0
Graph progress:  4 % 5578.0
Graph progress:  5 % 114.0
Graph progress:  6 % 1723.0
Graph progress:  7 % 367.00001
Graph progress:  8 % 5979.0
Graph progress:  9 % 4510.0
Graph progress:  10 % 1009.0
Graph progress:  11 % 165.00001
Graph progress:  12 % 1.0
Graph progress:  13 % 2925.0
Graph progress:  14 % 6949.0
Graph progress:  15 % 2258.0
Graph progress:  16 % 1764.0
Graph progress:  17 % 454.00001
Graph progress:  18 % 3454.0
Graph progress:  19 % 4988.0
Graph progress:  20 % 7180.0
Graph progress:  21 % 6000.0
Graph progress:  22 % 4655.0
Graph progress:  23 % 2333.0
Graph progress:  24 % 6293.0
Graph progress:  25 % 3709.0
Graph progress:  26 % 768.0
Graph progress:  27 % 2603.0
Graph progress:  28 % 90.00001
Graph progress:  29 % 7154.0
Graph progress:  30 % 4957.0
Graph progress:  31 % 1964.0
Graph progress:  32 % 293.0
Graph progress:  33 % 479.0
Graph progress:  34 % 1771.0
Graph progress:  35 % 5118.0
Graph progress:  36 % 1205.0
Graph progress:  37 % 203.0
Graph progress:  38 % 7079.0
Graph progress:  39 % 2907.0
Graph progress:  40 % 7463.0
Graph progress:  41 % 6005.0
Graph progress:  42 % 6735.0
Graph progress:  43 % 4571.0
Graph progress:  44 % 7387.0
Graph progress:  45 % 4998.0
Graph progress:  46 % 2223.0
Graph progress:  47 % 4400.0
Graph progress:  48 % 5030.0
Graph progress:  49 % 6885.0
Graph progress:  50 % 3776.0
Graph progress:  51 % 2180.0
Graph progress:  52 % 6916.0
Graph progress:  53 % 258.0
Graph progress:  54 % 5798.0
Graph progress:  55 % 6259.0
Graph progress:  56 % 6020.0
Graph progress:  57 % 5808.0
Graph progress:  58 % 572.0
Graph progress:  59 % 3248.0
Graph progress:  60 % 370.00002
Graph progress:  61 % 1930.0
Graph progress:  62 % 6185.0
Graph progress:  63 % 4072.0
Graph progress:  64 % 6176.0
Graph progress:  65 % 2519.0
Graph progress:  66 % 4878.0
Graph progress:  67 % 1144.0
Graph progress:  68 % 7449.0
Graph progress:  69 % 6074.0
Graph progress:  70 % 3940.0
Graph progress:  71 % 835.0
Graph progress:  72 % 6839.0
Graph progress:  73 % 5890.0
Graph progress:  74 % 5074.0
Graph progress:  75 % 6695.0
Graph progress:  76 % 1855.0
Graph progress:  77 % 994.0
Graph progress:  78 % 1399.00001
Graph progress:  79 % 5236.0
Graph progress:  80 % 2801.0
Graph progress:  81 % 4461.0
Graph progress:  82 % 1686.0
Graph progress:  83 % 5875.0
Graph progress:  84 % 4004.0
Graph progress:  85 % 1479.0
Graph progress:  86 % 3841.0
Graph progress:  87 % 89.00001
Graph progress:  88 % 4498.0
Graph progress:  89 % 22.00001
Graph progress:  90 % 6941.0
Graph progress:  91 % 3416.0
Graph progress:  92 % 651.0
Graph progress:  93 % 4390.0
Graph progress:  94 % 6263.0
Graph progress:  95 % 1893.0
Graph progress:  96 % 3477.0
Graph progress:  97 % 2195.0
Graph progress:  98 % 1665.0
Graph progress:  99 % 2707.0
Processed 8393 halos in snapshot 000_z015p000 of particle type 1
Reading in 'PartType4/ParticleIDs' for z = 15.0 using 8 thread(s) took 1.560203s
Reading in 'PartType4/ParticleIDs' for z = 14.0 using 8 thread(s) took 1.169382s
Reading in 'Subhalo/SubGroupNumber' for z = 14.0 using 8 thread(s) took 1.931088s
Reading in 'Subhalo/GroupNumber' for z = 14.0 using 8 thread(s) took 0.13749s
Reading in 'Subhalo/ApertureMeasurements/Mass/030kpc' for z = 14.0 using 8 thread(s) took 0.117352s
Reading in 'PartType4/Mass' for z = 14.0 using 8 thread(s) took 0.084165s
Reading in 'PartType4/ParticleIDs' for z = 15.0 using 8 thread(s) took 0.08287s
Reading in 'PartType4/GroupNumber' for z = 15.0 using 8 thread(s) took 0.081982s
Reading in 'PartType4/SubGroupNumber' for z = 15.0 using 8 thread(s) took 0.078149s
Reading in 'PartType4/GroupNumber' for z = 14.0 using 8 thread(s) took 0.074603s
Reading in 'PartType4/SubGroupNumber' for z = 14.0 using 8 thread(s) took 0.078077s
Reading in 'PartType4/ParticleIDs' for z = 14.0 using 8 thread(s) took 0.076355s
Graph progress:  0 % 311.0
Graph progress:  1 % 25.0
Graph progress:  2 % 635.0
Graph progress:  3 % 388.0
Graph progress:  4 % 973.0
Graph progress:  5 % 14.0
Graph progress:  6 % 143.0
Graph progress:  7 % 26.0
Graph progress:  8 % 320.0
Graph progress:  9 % 63.0
Graph progress:  10 % 83.0
Graph progress:  11 % 374.0
Graph progress:  12 % 1104.0
Graph progress:  13 % 498.0
Graph progress:  14 % 368.0
Graph progress:  15 % 106.0
Graph progress:  16 % 134.0
Graph progress:  17 % 380.0
Graph progress:  18 % 331.0
Graph progress:  19 % 11.0
Graph progress:  20 % 1148.0
Graph progress:  21 % 2.00001
Graph progress:  22 % 1.00001
Graph progress:  23 % 59.0
Graph progress:  24 % 432.0
Graph progress:  25 % 103.0
Graph progress:  26 % 51.0
Graph progress:  27 % 198.0
Graph progress:  28 % 49.00001
Graph progress:  29 % 118.00001
Graph progress:  30 % 172.0
Graph progress:  31 % 677.0
Graph progress:  32 % 479.0
Graph progress:  33 % 1246.0
Graph progress:  34 % 29.0
Graph progress:  35 % 1005.0
Graph progress:  36 % 316.0
Graph progress:  37 % 457.0
Graph progress:  38 % 339.0
Graph progress:  39 % 538.0
Graph progress:  40 % 54.0
Graph progress:  41 % 592.0
Graph progress:  42 % 34.0
Graph progress:  43 % 37.0
Graph progress:  44 % 27.00001
Graph progress:  45 % 109.0
Graph progress:  46 % 578.0
Graph progress:  47 % 337.0
Graph progress:  48 % 772.0
Graph progress:  49 % 192.0
Graph progress:  50 % 396.0
Graph progress:  51 % 258.0
Graph progress:  52 % 486.0
Graph progress:  53 % 350.0
Graph progress:  54 % 549.0
Graph progress:  55 % 641.0
Graph progress:  56 % 184.0
Graph progress:  57 % 355.0
Graph progress:  58 % 335.0
Graph progress:  59 % 642.0
Graph progress:  60 % 1393.0
Graph progress:  61 % 78.0
Graph progress:  62 % 175.0
Graph progress:  63 % 3.0
Graph progress:  64 % 191.0
Graph progress:  65 % 1037.0
Graph progress:  66 % 733.0
Graph progress:  67 % 628.0
Graph progress:  68 % 1201.0
Graph progress:  69 % 658.0
Graph progress:  70 % 233.0
Graph progress:  71 % 40.0
Graph progress:  72 % 139.0
Graph progress:  73 % 73.0
Graph progress:  74 % 202.0
Graph progress:  75 % 117.0
Graph progress:  76 % 985.0
Graph progress:  77 % 3913.0
Graph progress:  78 % 209.0
Graph progress:  79 % 769.0
Graph progress:  80 % 286.0
Graph progress:  81 % 1209.0
Graph progress:  82 % 12.0
Graph progress:  83 % 89.0
Graph progress:  84 % 1226.0
Graph progress:  85 % 22.0
Graph progress:  86 % 1120.0
Graph progress:  87 % 1284.0
Graph progress:  88 % 107.0
Graph progress:  89 % 197.0
Graph progress:  90 % 770.0
Graph progress:  91 % 43.0
Graph progress:  92 % 651.0
Graph progress:  93 % 180.0
Graph progress:  94 % 1066.0
Graph progress:  95 % 365.0
Graph progress:  96 % 441.0
Graph progress:  97 % 154.0
Graph progress:  98 % 116.0
Graph progress:  99 % 341.0
Processed 351 halos in snapshot 000_z015p000 of particle type 4
Reading in 'PartType5/ParticleIDs' for z = 15.0 using 8 thread(s) took 0.154779s
Reading in 'PartType5/ParticleIDs' for z = 14.0 using 8 thread(s) took 0.142943s
Reading in 'Subhalo/SubGroupNumber' for z = 14.0 using 8 thread(s) took 0.133344s
Reading in 'Subhalo/GroupNumber' for z = 14.0 using 8 thread(s) took 0.115246s
Reading in 'Subhalo/ApertureMeasurements/Mass/030kpc' for z = 14.0 using 8 thread(s) took 0.119253s
Reading in 'PartType5/Mass' for z = 14.0 using 8 thread(s) took 0.095789s
Reading in 'PartType5/ParticleIDs' for z = 15.0 using 8 thread(s) took 0.076s
Reading in 'PartType5/GroupNumber' for z = 15.0 using 8 thread(s) took 0.070257s
Reading in 'PartType5/SubGroupNumber' for z = 15.0 using 8 thread(s) took 0.065998s
Reading in 'PartType5/GroupNumber' for z = 14.0 using 8 thread(s) took 0.070023s
Reading in 'PartType5/SubGroupNumber' for z = 14.0 using 8 thread(s) took 0.070281s
Reading in 'PartType5/ParticleIDs' for z = 14.0 using 8 thread(s) took 0.079882s
Graph progress:  0 % 2.00006
Graph progress:  33 % 1.0
Graph progress:  66 % 8.00001
Processed 3 halos in snapshot 000_z015p000 of particle type 5
Reading in 'PartType0/ParticleIDs' for z = 15.0 using 8 thread(s) took 10.068982s
Reading in 'PartType0/ParticleIDs' for z = 14.0 using 8 thread(s) took 10.564397s
Reading in 'Subhalo/SubGroupNumber' for z = 14.0 using 8 thread(s) took 0.234583s
Reading in 'Subhalo/GroupNumber' for z = 14.0 using 8 thread(s) took 0.204069s
Reading in 'Subhalo/ApertureMeasurements/Mass/030kpc' for z = 14.0 using 8 thread(s) took 0.197925s
Reading in 'PartType0/Mass' for z = 14.0 using 8 thread(s) took 0.189477s
Reading in 'PartType0/ParticleIDs' for z = 15.0 using 8 thread(s) took 0.194211s
Reading in 'PartType0/GroupNumber' for z = 15.0 using 8 thread(s) took 0.201523s
Reading in 'PartType0/SubGroupNumber' for z = 15.0 using 8 thread(s) took 0.19568s
Reading in 'PartType0/GroupNumber' for z = 14.0 using 8 thread(s) took 0.225109s
Reading in 'PartType0/SubGroupNumber' for z = 14.0 using 8 thread(s) took 0.226595s
Reading in 'PartType0/ParticleIDs' for z = 14.0 using 8 thread(s) took 0.230681s
Graph progress:  0 % 913.0
Graph progress:  1 % 5591.0
Graph progress:  2 % 1951.0
Graph progress:  3 % 1469.0
Graph progress:  4 % 1703.0
Graph progress:  5 % 4035.0
Graph progress:  6 % 2769.0
Graph progress:  7 % 367.0
Graph progress:  8 % 278.0
Graph progress:  9 % 6974.0
Graph progress:  10 % 3107.0
Graph progress:  11 % 828.0
Graph progress:  12 % 3169.0
Graph progress:  13 % 3529.0
Graph progress:  14 % 3401.0
Graph progress:  15 % 3955.0
Graph progress:  16 % 3297.0
Graph progress:  17 % 1522.0
Graph progress:  18 % 364.0
Graph progress:  19 % 3468.0
Graph progress:  20 % 1503.0
Graph progress:  21 % 992.0
Graph progress:  22 % 7179.0
Graph progress:  23 % 204.0
Graph progress:  24 % 2735.0
Graph progress:  25 % 891.0
Graph progress:  26 % 1684.0
Graph progress:  27 % 6688.0
Graph progress:  28 % 561.0
Graph progress:  29 % 5903.0
Graph progress:  30 % 32.00001
Graph progress:  31 % 906.0
Graph progress:  32 % 6857.0
Graph progress:  33 % 2363.0
Graph progress:  34 % 3426.0
Graph progress:  35 % 2638.0
Graph progress:  36 % 5294.0
Graph progress:  37 % 2749.0
Graph progress:  38 % 456.0
Graph progress:  39 % 319.0
Graph progress:  40 % 3730.0
Graph progress:  41 % 1717.0
Graph progress:  42 % 4145.0
Graph progress:  43 % 6725.0
Graph progress:  44 % 1405.0
Graph progress:  45 % 4409.0
Graph progress:  46 % 7401.0
Graph progress:  47 % 6294.0
Graph progress:  48 % 5520.0
Graph progress:  49 % 3577.0
Graph progress:  50 % 4475.0
Graph progress:  51 % 5007.0
Graph progress:  52 % 1570.0
Graph progress:  53 % 7232.0
Graph progress:  54 % 3025.0
Graph progress:  55 % 3328.0
Graph progress:  56 % 4701.0
Graph progress:  57 % 4875.0
Graph progress:  58 % 4436.0
Graph progress:  59 % 6045.0
Graph progress:  60 % 689.0
Graph progress:  61 % 6674.0
Graph progress:  62 % 5881.0
Graph progress:  63 % 5338.0
Graph progress:  64 % 3419.0
Graph progress:  65 % 4375.0
Graph progress:  66 % 3122.0
Graph progress:  67 % 2661.0
Graph progress:  68 % 5263.0
Graph progress:  69 % 4251.0
Graph progress:  70 % 1290.0
Graph progress:  71 % 6337.0
Graph progress:  72 % 4275.0
Graph progress:  73 % 2679.0
Graph progress:  74 % 4846.0
Graph progress:  75 % 6695.0
Graph progress:  76 % 7653.0
Graph progress:  77 % 2958.0
Graph progress:  78 % 970.0
Graph progress:  79 % 4470.0
Graph progress:  80 % 1386.0
Graph progress:  81 % 1551.0
Graph progress:  82 % 333.0
Graph progress:  83 % 5510.0
Graph progress:  84 % 5772.0
Graph progress:  85 % 3316.0
Graph progress:  86 % 726.0
Graph progress:  87 % 829.0
Graph progress:  88 % 3036.0
Graph progress:  89 % 4239.0
Graph progress:  90 % 280.0
Graph progress:  91 % 96.0
Graph progress:  92 % 2125.0
Graph progress:  93 % 2559.0
Graph progress:  94 % 3970.0
Graph progress:  95 % 2149.0
Graph progress:  96 % 5813.0
Graph progress:  97 % 4698.0
Graph progress:  98 % 2620.0
Graph progress:  99 % 2667.0
Processed 8402 halos in snapshot 000_z015p000 of particle type 0
Write progress:  0 % 913.0
Write progress:  1 % 4933.0
Write progress:  2 % 4221.0
Write progress:  3 % 1105.0
Write progress:  4 % 5578.0
Write progress:  5 % 114.0
Write progress:  6 % 1723.0
Write progress:  7 % 367.00001
Write progress:  8 % 5979.0
Write progress:  9 % 4510.0
Write progress:  10 % 1009.0
Write progress:  11 % 165.00001
Write progress:  12 % 1.0
Write progress:  13 % 2925.0
Write progress:  14 % 6949.0
Write progress:  15 % 2258.0
Write progress:  16 % 1764.0
Write progress:  17 % 454.00001
Write progress:  18 % 3454.0
Write progress:  19 % 4988.0
Write progress:  20 % 7180.0
Write progress:  21 % 6000.0
Write progress:  22 % 4655.0
Write progress:  23 % 2333.0
Write progress:  24 % 6293.0
Write progress:  25 % 3709.0
Write progress:  26 % 768.0
Write progress:  27 % 2603.0
Write progress:  28 % 90.00001
Write progress:  29 % 7154.0
Write progress:  30 % 4957.0
Write progress:  31 % 1964.0
Write progress:  32 % 293.0
Write progress:  33 % 479.0
Write progress:  34 % 1771.0
Write progress:  35 % 5118.0
Write progress:  36 % 1205.0
Write progress:  37 % 203.0
Write progress:  38 % 7079.0
Write progress:  39 % 2907.0
Write progress:  40 % 7463.0
Write progress:  41 % 6005.0
Write progress:  42 % 6735.0
Write progress:  43 % 4571.0
Write progress:  44 % 7387.0
Write progress:  45 % 4998.0
Write progress:  46 % 2223.0
Write progress:  47 % 4400.0
Write progress:  48 % 5030.0
Write progress:  49 % 6885.0
Write progress:  50 % 3776.0
Write progress:  51 % 2180.0
Write progress:  52 % 6916.0
Write progress:  53 % 258.0
Write progress:  54 % 5798.0
Write progress:  55 % 6259.0
Write progress:  56 % 6020.0
Write progress:  57 % 5808.0
Write progress:  58 % 572.0
Write progress:  59 % 3248.0
Write progress:  60 % 370.00002
Write progress:  61 % 1930.0
Write progress:  62 % 6185.0
Write progress:  63 % 4072.0
Write progress:  64 % 6176.0
Write progress:  65 % 2519.0
Write progress:  66 % 4878.0
Write progress:  67 % 1144.0
Write progress:  68 % 7449.0
Write progress:  69 % 6074.0
Write progress:  70 % 3940.0
Write progress:  71 % 835.0
Write progress:  72 % 6839.0
Write progress:  73 % 5890.0
Write progress:  74 % 5074.0
Write progress:  75 % 6695.0
Write progress:  76 % 1855.0
Write progress:  77 % 994.0
Write progress:  78 % 1399.00001
Write progress:  79 % 5236.0
Write progress:  80 % 2801.0
Write progress:  81 % 4461.0
Write progress:  82 % 1686.0
Write progress:  83 % 5875.0
Write progress:  84 % 4004.0
Write progress:  85 % 1479.0
Write progress:  86 % 3841.0
Write progress:  87 % 89.00001
Write progress:  88 % 4498.0
Write progress:  89 % 22.00001
Write progress:  90 % 6941.0
Write progress:  91 % 3416.0
Write progress:  92 % 651.0
Write progress:  93 % 4390.0
Write progress:  94 % 6263.0
Write progress:  95 % 1893.0
Write progress:  96 % 3477.0
Write progress:  97 % 2195.0
Write progress:  98 % 1665.0
Write progress:  99 % 2707.0
Job done, info follows...
       JobID    JobName  Partition     MaxRSS    Elapsed ExitCode 
------------ ---------- ---------- ---------- ---------- -------- 
2042958_397  MEGA-FLAR+     cosma6              00:04:12      0:0 
2042958_397+     extern                         00:04:12      0:0 
