====
Starting job 2043285 at Fri 24 Apr 00:09:00 BST 2020 for user dc-rope1.
Running on nodes: m6375
====
184
('24', '003_z012p000', '004_z011p000', '005_z010p000')
Reading in 'PartType1/ParticleIDs' for z = 11.0 using 8 thread(s) took 9.429416s
Reading in 'PartType1/ParticleIDs' for z = 11.0 using 8 thread(s) took 3.343766s
Reading in 'PartType1/GroupNumber' for z = 11.0 using 8 thread(s) took 0.129408s
Reading in 'PartType1/SubGroupNumber' for z = 11.0 using 8 thread(s) took 0.099441s
Reading in 'PartType1/GroupNumber' for z = 12.0 using 8 thread(s) took 0.398732s
Reading in 'PartType1/SubGroupNumber' for z = 12.0 using 8 thread(s) took 0.122084s
Reading in 'PartType1/ParticleIDs' for z = 12.0 using 8 thread(s) took 0.121215s
Reading in 'PartType1/GroupNumber' for z = 10.0 using 8 thread(s) took 0.280992s
Reading in 'PartType1/SubGroupNumber' for z = 10.0 using 8 thread(s) took 0.16885s
Reading in 'PartType1/ParticleIDs' for z = 10.0 using 8 thread(s) took 0.182556s
Graph progress:  0 % 13041.0
Graph progress:  1 % 13538.0
Graph progress:  2 % 7286.0
Graph progress:  3 % 9223.0
Graph progress:  4 % 6661.0
Graph progress:  5 % 119.00005
Graph progress:  6 % 6645.0
Graph progress:  7 % 242.00001
Graph progress:  8 % 7945.0
Graph progress:  9 % 15994.0
Graph progress:  10 % 1980.0
Graph progress:  11 % 11014.0
Graph progress:  12 % 5184.00001
Graph progress:  13 % 1904.0
Graph progress:  14 % 18178.0
Graph progress:  15 % 13570.0
Graph progress:  16 % 12486.0
Graph progress:  17 % 2207.0
Graph progress:  18 % 11111.0
Graph progress:  19 % 14682.0
Graph progress:  20 % 2510.0
Graph progress:  21 % 12821.0
Graph progress:  22 % 381.00001
Graph progress:  23 % 10242.0
Graph progress:  24 % 6438.0
Graph progress:  25 % 460.0
Graph progress:  26 % 3765.0
Graph progress:  27 % 7006.0
Graph progress:  28 % 2074.0
Graph progress:  29 % 3019.0
Graph progress:  30 % 10827.0
Graph progress:  31 % 12358.0
Graph progress:  32 % 12091.0
Graph progress:  33 % 9853.0
Graph progress:  34 % 3230.00001
Graph progress:  35 % 685.0
Graph progress:  36 % 9238.0
Graph progress:  37 % 1598.0
Graph progress:  38 % 17298.0
Graph progress:  39 % 10371.0
Graph progress:  40 % 7105.0
Graph progress:  41 % 1517.00002
Graph progress:  42 % 7121.0
Graph progress:  43 % 6051.0
Graph progress:  44 % 4984.0
Graph progress:  45 % 10040.0
Graph progress:  46 % 5017.0
Graph progress:  47 % 18012.0
Graph progress:  48 % 15626.0
Graph progress:  49 % 12207.0
Graph progress:  50 % 6754.0
Graph progress:  51 % 263.0
Graph progress:  52 % 14360.0
Graph progress:  53 % 1664.0
Graph progress:  54 % 9410.0
Graph progress:  55 % 5810.0
Graph progress:  56 % 10995.0
Graph progress:  57 % 6128.0
Graph progress:  58 % 17233.0
Graph progress:  59 % 1070.00001
Graph progress:  60 % 13909.0
Graph progress:  61 % 17131.0
Graph progress:  62 % 9328.0
Graph progress:  63 % 16237.0
Graph progress:  64 % 18330.0
Graph progress:  65 % 5692.0
Graph progress:  66 % 8827.0
Graph progress:  67 % 9079.00001
Graph progress:  68 % 14193.0
Graph progress:  69 % 10937.0
Graph progress:  70 % 16895.0
Graph progress:  71 % 2133.0
Graph progress:  72 % 6524.0
Graph progress:  73 % 6095.0
Graph progress:  74 % 12637.0
Graph progress:  75 % 17841.0
Graph progress:  76 % 10564.0
Graph progress:  77 % 2699.0
Graph progress:  78 % 268.00001
Graph progress:  79 % 3440.0
Graph progress:  80 % 15096.0
Graph progress:  81 % 13862.0
Graph progress:  82 % 11218.0
Graph progress:  83 % 7043.00001
Graph progress:  84 % 618.0
Graph progress:  85 % 9214.0
Graph progress:  86 % 18243.0
Graph progress:  87 % 15754.0
Graph progress:  88 % 12885.0
Graph progress:  89 % 8365.0
Graph progress:  90 % 13925.0
Graph progress:  91 % 17692.0
Graph progress:  92 % 5021.0
Graph progress:  93 % 2861.0
Graph progress:  94 % 18148.0
Graph progress:  95 % 17739.0
Graph progress:  96 % 325.00001
Graph progress:  97 % 7238.0
Graph progress:  98 % 5404.0
Graph progress:  99 % 16839.0
Processed 20234 halos in snapshot 004_z011p000 of particle type 1
Reading in 'PartType4/ParticleIDs' for z = 11.0 using 8 thread(s) took 2.331025s
Reading in 'PartType4/ParticleIDs' for z = 12.0 using 8 thread(s) took 0.99133s
Reading in 'Subhalo/SubGroupNumber' for z = 12.0 using 8 thread(s) took 0.6894s
Reading in 'Subhalo/GroupNumber' for z = 12.0 using 8 thread(s) took 0.198423s
Reading in 'Subhalo/ApertureMeasurements/Mass/030kpc' for z = 12.0 using 8 thread(s) took 0.153652s
Reading in 'PartType4/Mass' for z = 12.0 using 8 thread(s) took 0.173167s
Reading in 'PartType4/ParticleIDs' for z = 10.0 using 8 thread(s) took 2.500385s
Reading in 'Subhalo/SubGroupNumber' for z = 10.0 using 8 thread(s) took 3.701518s
Reading in 'Subhalo/GroupNumber' for z = 10.0 using 8 thread(s) took 0.209017s
Reading in 'Subhalo/ApertureMeasurements/Mass/030kpc' for z = 10.0 using 8 thread(s) took 0.152944s
Reading in 'PartType4/Mass' for z = 10.0 using 8 thread(s) took 0.267277s
Reading in 'PartType4/ParticleIDs' for z = 11.0 using 8 thread(s) took 0.166194s
Reading in 'PartType4/GroupNumber' for z = 11.0 using 8 thread(s) took 0.123915s
Reading in 'PartType4/SubGroupNumber' for z = 11.0 using 8 thread(s) took 0.122175s
Reading in 'PartType4/GroupNumber' for z = 12.0 using 8 thread(s) took 0.329809s
Reading in 'PartType4/SubGroupNumber' for z = 12.0 using 8 thread(s) took 0.198577s
Reading in 'PartType4/ParticleIDs' for z = 12.0 using 8 thread(s) took 0.157575s
Reading in 'PartType4/GroupNumber' for z = 10.0 using 8 thread(s) took 0.391913s
Reading in 'PartType4/SubGroupNumber' for z = 10.0 using 8 thread(s) took 0.287941s
Reading in 'PartType4/ParticleIDs' for z = 10.0 using 8 thread(s) took 0.237872s
Graph progress:  0 % 168.0
Graph progress:  1 % 243.0
Graph progress:  2 % 73.0
Graph progress:  3 % 1118.0
Graph progress:  4 % 446.00001
Graph progress:  5 % 1865.0
Graph progress:  6 % 820.0
Graph progress:  7 % 24.00001
Graph progress:  8 % 2493.0
Graph progress:  9 % 1328.0
Graph progress:  10 % 790.0
Graph progress:  11 % 248.0
Graph progress:  12 % 553.0
Graph progress:  13 % 11.00002
Graph progress:  14 % 1739.0
Graph progress:  15 % 1570.0
Graph progress:  16 % 197.0
Graph progress:  17 % 4432.0
Graph progress:  18 % 1424.0
Graph progress:  19 % 857.0
Graph progress:  20 % 138.00001
Graph progress:  21 % 53.0
Graph progress:  22 % 1322.0
Graph progress:  23 % 1358.0
Graph progress:  24 % 167.0
Graph progress:  25 % 1775.0
Graph progress:  26 % 2778.0
Graph progress:  27 % 1637.0
Graph progress:  28 % 1203.0
Graph progress:  29 % 3879.0
Graph progress:  30 % 6678.0
Graph progress:  31 % 444.0
Graph progress:  32 % 1249.0
Graph progress:  33 % 1948.0
Graph progress:  34 % 462.0
Graph progress:  35 % 1949.0
Graph progress:  36 % 177.0
Graph progress:  37 % 5.00002
Graph progress:  38 % 5.0
Graph progress:  39 % 474.0
Graph progress:  40 % 714.0
Graph progress:  41 % 692.0
Graph progress:  42 % 973.0
Graph progress:  43 % 2.00003
Graph progress:  44 % 67.0
Graph progress:  45 % 62.0
Graph progress:  46 % 430.0
Graph progress:  47 % 2782.0
Graph progress:  48 % 1636.0
Graph progress:  49 % 3054.0
Graph progress:  50 % 14567.0
Graph progress:  51 % 1.00006
Graph progress:  52 % 22.0
Graph progress:  53 % 1946.0
Graph progress:  54 % 1163.0
Graph progress:  55 % 1979.0
Graph progress:  56 % 4033.0
Graph progress:  57 % 970.0
Graph progress:  58 % 6391.0
Graph progress:  59 % 1184.0
Graph progress:  60 % 1769.0
Graph progress:  61 % 1082.00001
Graph progress:  62 % 552.0
Graph progress:  63 % 1976.0
Graph progress:  64 % 841.0
Graph progress:  65 % 6.00003
Graph progress:  66 % 3526.0
Graph progress:  67 % 4761.0
Graph progress:  68 % 355.0
Graph progress:  69 % 4322.0
Graph progress:  70 % 3243.0
Graph progress:  71 % 1195.0
Graph progress:  72 % 891.0
Graph progress:  73 % 216.0
Graph progress:  74 % 923.0
Graph progress:  75 % 3702.0
Graph progress:  76 % 2274.0
Graph progress:  77 % 200.0
Graph progress:  78 % 27.00002
Graph progress:  79 % 724.0
Graph progress:  80 % 639.0
Graph progress:  81 % 2489.0
Graph progress:  82 % 36.0
Graph progress:  83 % 1432.0
Graph progress:  84 % 488.0
Graph progress:  85 % 146.0
Graph progress:  86 % 272.0
Graph progress:  87 % 537.0
Graph progress:  88 % 1076.0
Graph progress:  89 % 81.00003
Graph progress:  90 % 2803.0
Graph progress:  91 % 241.0
Graph progress:  92 % 3847.0
Graph progress:  93 % 2114.0
Graph progress:  94 % 659.0
Graph progress:  95 % 467.0
Graph progress:  96 % 2635.0
Graph progress:  97 % 901.0
Graph progress:  98 % 2059.0
Graph progress:  99 % 64.0
Processed 1606 halos in snapshot 004_z011p000 of particle type 4
Reading in 'PartType5/ParticleIDs' for z = 11.0 using 8 thread(s) took 0.114878s
Reading in 'PartType5/ParticleIDs' for z = 12.0 using 8 thread(s) took 0.187116s
Reading in 'Subhalo/SubGroupNumber' for z = 12.0 using 8 thread(s) took 0.186965s
Reading in 'Subhalo/GroupNumber' for z = 12.0 using 8 thread(s) took 0.17106s
Reading in 'Subhalo/ApertureMeasurements/Mass/030kpc' for z = 12.0 using 8 thread(s) took 0.152385s
Reading in 'PartType5/Mass' for z = 12.0 using 8 thread(s) took 0.105603s
Reading in 'PartType5/ParticleIDs' for z = 10.0 using 8 thread(s) took 0.501999s
Reading in 'Subhalo/SubGroupNumber' for z = 10.0 using 8 thread(s) took 0.1813s
Reading in 'Subhalo/GroupNumber' for z = 10.0 using 8 thread(s) took 0.157261s
Reading in 'Subhalo/ApertureMeasurements/Mass/030kpc' for z = 10.0 using 8 thread(s) took 0.169439s
Reading in 'PartType5/Mass' for z = 10.0 using 8 thread(s) took 0.187867s
Reading in 'PartType5/ParticleIDs' for z = 11.0 using 8 thread(s) took 0.112091s
Reading in 'PartType5/GroupNumber' for z = 11.0 using 8 thread(s) took 0.097153s
Reading in 'PartType5/SubGroupNumber' for z = 11.0 using 8 thread(s) took 0.097687s
Reading in 'PartType5/GroupNumber' for z = 12.0 using 8 thread(s) took 0.101269s
Reading in 'PartType5/SubGroupNumber' for z = 12.0 using 8 thread(s) took 0.090425s
Reading in 'PartType5/ParticleIDs' for z = 12.0 using 8 thread(s) took 0.09039s
Reading in 'PartType5/GroupNumber' for z = 10.0 using 8 thread(s) took 0.09565s
Reading in 'PartType5/SubGroupNumber' for z = 10.0 using 8 thread(s) took 0.107792s
Reading in 'PartType5/ParticleIDs' for z = 10.0 using 8 thread(s) took 0.127823s
Graph progress:  0 % 12.0
Graph progress:  6 % 7.00003
Graph progress:  13 % 5.00005
Graph progress:  20 % 2.00005
Graph progress:  26 % 2.0
Graph progress:  33 % 22.0
Graph progress:  40 % 9.00004
Graph progress:  46 % 1.0
Graph progress:  53 % 14.00003
Graph progress:  60 % 6.0
Graph progress:  66 % 3.0
Graph progress:  73 % 10.0
Graph progress:  80 % 28.0
Graph progress:  86 % 27.00002
Graph progress:  93 % 4.00002
Processed 15 halos in snapshot 004_z011p000 of particle type 5
Reading in 'PartType0/ParticleIDs' for z = 11.0 using 8 thread(s) took 7.988502s
Reading in 'PartType0/ParticleIDs' for z = 12.0 using 8 thread(s) took 7.130505s
Reading in 'Subhalo/SubGroupNumber' for z = 12.0 using 8 thread(s) took 0.256379s
Reading in 'Subhalo/GroupNumber' for z = 12.0 using 8 thread(s) took 0.411349s
Reading in 'Subhalo/ApertureMeasurements/Mass/030kpc' for z = 12.0 using 8 thread(s) took 0.221482s
Reading in 'PartType0/Mass' for z = 12.0 using 8 thread(s) took 0.150854s
Reading in 'PartType0/ParticleIDs' for z = 10.0 using 8 thread(s) took 7.595927s
Reading in 'Subhalo/SubGroupNumber' for z = 10.0 using 8 thread(s) took 0.199736s
Reading in 'Subhalo/GroupNumber' for z = 10.0 using 8 thread(s) took 0.182511s
Reading in 'Subhalo/ApertureMeasurements/Mass/030kpc' for z = 10.0 using 8 thread(s) took 0.218149s
Reading in 'PartType0/Mass' for z = 10.0 using 8 thread(s) took 0.171905s
Reading in 'PartType0/ParticleIDs' for z = 11.0 using 8 thread(s) took 0.242669s
Reading in 'PartType0/GroupNumber' for z = 11.0 using 8 thread(s) took 0.196009s
Reading in 'PartType0/SubGroupNumber' for z = 11.0 using 8 thread(s) took 0.171966s
Reading in 'PartType0/GroupNumber' for z = 12.0 using 8 thread(s) took 0.181006s
Reading in 'PartType0/SubGroupNumber' for z = 12.0 using 8 thread(s) took 0.187463s
Reading in 'PartType0/ParticleIDs' for z = 12.0 using 8 thread(s) took 0.210775s
Reading in 'PartType0/GroupNumber' for z = 10.0 using 8 thread(s) took 0.209848s
Reading in 'PartType0/SubGroupNumber' for z = 10.0 using 8 thread(s) took 0.238805s
Reading in 'PartType0/ParticleIDs' for z = 10.0 using 8 thread(s) took 0.244951s
Graph progress:  0 % 13041.0
Graph progress:  1 % 4053.0
Graph progress:  2 % 3468.0
Graph progress:  3 % 11023.0
Graph progress:  4 % 2560.0
Graph progress:  5 % 1968.00001
Graph progress:  6 % 6358.0
Graph progress:  7 % 242.00001
Graph progress:  8 % 8177.0
Graph progress:  9 % 14572.0
Graph progress:  10 % 5794.0
Graph progress:  11 % 4821.0
Graph progress:  12 % 45.00001
Graph progress:  13 % 8547.0
Graph progress:  14 % 17181.0
Graph progress:  15 % 4112.0
Graph progress:  16 % 7412.0
Graph progress:  17 % 1727.00001
Graph progress:  18 % 7379.0
Graph progress:  19 % 14003.0
Graph progress:  20 % 3518.0
Graph progress:  21 % 14468.0
Graph progress:  22 % 16210.0
Graph progress:  23 % 16067.0
Graph progress:  24 % 16030.0
Graph progress:  25 % 9819.0
Graph progress:  26 % 417.0
Graph progress:  27 % 11408.0
Graph progress:  28 % 12961.0
Graph progress:  29 % 7404.0
Graph progress:  30 % 12081.0
Graph progress:  31 % 1443.00001
Graph progress:  32 % 13552.0
Graph progress:  33 % 10236.0
Graph progress:  34 % 3365.0
Graph progress:  35 % 15003.0
Graph progress:  36 % 6912.0
Graph progress:  37 % 14136.0
Graph progress:  38 % 126.00002
Graph progress:  39 % 18195.0
Graph progress:  40 % 13821.0
Graph progress:  41 % 3837.00001
Graph progress:  42 % 15.00004
Graph progress:  43 % 14883.0
Graph progress:  44 % 11683.0
Graph progress:  45 % 8341.0
Graph progress:  46 % 1301.00002
Graph progress:  47 % 10551.0
Graph progress:  48 % 6835.0
Graph progress:  49 % 2659.0
Graph progress:  50 % 7886.0
Graph progress:  51 % 9967.0
Graph progress:  52 % 13030.0
Graph progress:  53 % 11102.0
Graph progress:  54 % 59.00001
Graph progress:  55 % 14.00001
Graph progress:  56 % 9717.0
Graph progress:  57 % 17730.0
Graph progress:  58 % 13945.0
Graph progress:  59 % 8901.0
Graph progress:  60 % 18102.0
Graph progress:  61 % 8406.0
Graph progress:  62 % 11539.0
Graph progress:  63 % 8023.0
Graph progress:  64 % 10233.0
Graph progress:  65 % 14509.0
Graph progress:  66 % 3693.0
Graph progress:  67 % 4473.0
Graph progress:  68 % 1121.0
Graph progress:  69 % 11834.0
Graph progress:  70 % 14864.0
Graph progress:  71 % 4546.0
Graph progress:  72 % 10179.0
Graph progress:  73 % 5649.0
Graph progress:  74 % 8763.0
Graph progress:  75 % 15730.0
Graph progress:  76 % 483.0
Graph progress:  77 % 13612.0
Graph progress:  78 % 14211.0
Graph progress:  79 % 15757.0
Graph progress:  80 % 11948.0
Graph progress:  81 % 639.0
Graph progress:  82 % 15074.0
Graph progress:  83 % 14160.0
Graph progress:  84 % 14427.0
Graph progress:  85 % 14789.0
Graph progress:  86 % 17041.0
Graph progress:  87 % 11951.0
Graph progress:  88 % 4167.0
Graph progress:  89 % 14767.0
Graph progress:  90 % 3861.0
Graph progress:  91 % 16443.0
Graph progress:  92 % 2664.0
Graph progress:  93 % 18119.0
Graph progress:  94 % 14620.0
Graph progress:  95 % 5338.0
Graph progress:  96 % 10319.0
Graph progress:  97 % 15843.0
Graph progress:  98 % 3226.0
Graph progress:  99 % 14219.0
Processed 20234 halos in snapshot 004_z011p000 of particle type 0
Write progress:  0 % 13041.0
Write progress:  1 % 13538.0
Write progress:  2 % 7286.0
Write progress:  3 % 9223.0
Write progress:  4 % 6661.0
Write progress:  5 % 119.00005
Write progress:  6 % 6645.0
Write progress:  7 % 242.00001
Write progress:  8 % 7945.0
Write progress:  9 % 15994.0
Write progress:  10 % 1980.0
Write progress:  11 % 11014.0
Write progress:  12 % 5184.00001
Write progress:  13 % 1904.0
Write progress:  14 % 18178.0
Write progress:  15 % 13570.0
Write progress:  16 % 12486.0
Write progress:  17 % 2207.0
Write progress:  18 % 11111.0
Write progress:  19 % 14682.0
Write progress:  20 % 2510.0
Write progress:  21 % 12821.0
Write progress:  22 % 381.00001
Write progress:  23 % 10242.0
Write progress:  24 % 6438.0
Write progress:  25 % 460.0
Write progress:  26 % 3765.0
Write progress:  27 % 7006.0
Write progress:  28 % 2074.0
Write progress:  29 % 3019.0
Write progress:  30 % 10827.0
Write progress:  31 % 12358.0
Write progress:  32 % 12091.0
Write progress:  33 % 9853.0
Write progress:  34 % 3230.00001
Write progress:  35 % 685.0
Write progress:  36 % 9238.0
Write progress:  37 % 1598.0
Write progress:  38 % 17298.0
Write progress:  39 % 10371.0
Write progress:  40 % 7105.0
Write progress:  41 % 1517.00002
Write progress:  42 % 7121.0
Write progress:  43 % 6051.0
Write progress:  44 % 4984.0
Write progress:  45 % 10040.0
Write progress:  46 % 5017.0
Write progress:  47 % 18012.0
Write progress:  48 % 15626.0
Write progress:  49 % 12207.0
Write progress:  50 % 6754.0
Write progress:  51 % 263.0
Write progress:  52 % 14360.0
Write progress:  53 % 1664.0
Write progress:  54 % 9410.0
Write progress:  55 % 5810.0
Write progress:  56 % 10995.0
Write progress:  57 % 6128.0
Write progress:  58 % 17233.0
Write progress:  59 % 1070.00001
Write progress:  60 % 13909.0
Write progress:  61 % 17131.0
Write progress:  62 % 9328.0
Write progress:  63 % 16237.0
Write progress:  64 % 18330.0
Write progress:  65 % 5692.0
Write progress:  66 % 8827.0
Write progress:  67 % 9079.00001
Write progress:  68 % 14193.0
Write progress:  69 % 10937.0
Write progress:  70 % 16895.0
Write progress:  71 % 2133.0
Write progress:  72 % 6524.0
Write progress:  73 % 6095.0
Write progress:  74 % 12637.0
Write progress:  75 % 17841.0
Write progress:  76 % 10564.0
Write progress:  77 % 2699.0
Write progress:  78 % 268.00001
Write progress:  79 % 3440.0
Write progress:  80 % 15096.0
Write progress:  81 % 13862.0
Write progress:  82 % 11218.0
Write progress:  83 % 7043.00001
Write progress:  84 % 618.0
Write progress:  85 % 9214.0
Write progress:  86 % 18243.0
Write progress:  87 % 15754.0
Write progress:  88 % 12885.0
Write progress:  89 % 8365.0
Write progress:  90 % 13925.0
Write progress:  91 % 17692.0
Write progress:  92 % 5021.0
Write progress:  93 % 2861.0
Write progress:  94 % 18148.0
Write progress:  95 % 17739.0
Write progress:  96 % 325.00001
Write progress:  97 % 7238.0
Write progress:  98 % 5404.0
Write progress:  99 % 16839.0
Job done, info follows...
       JobID    JobName  Partition     MaxRSS    Elapsed ExitCode 
------------ ---------- ---------- ---------- ---------- -------- 
2042958_185  MEGA-FLAR+     cosma6              00:05:34      0:0 
2042958_185+     extern                         00:05:34      0:0 
