====
Starting job 2043099 at Thu 23 Apr 21:57:06 BST 2020 for user dc-rope1.
Running on nodes: m6263
====
15
('38', '002_z013p000', '003_z012p000', '004_z011p000')
Reading in 'PartType1/ParticleIDs' for z = 12.0 using 8 thread(s) took 5.808318s
Reading in 'PartType1/ParticleIDs' for z = 12.0 using 8 thread(s) took 0.686599s
Reading in 'PartType1/GroupNumber' for z = 12.0 using 8 thread(s) took 0.081008s
Reading in 'PartType1/SubGroupNumber' for z = 12.0 using 8 thread(s) took 0.072925s
Reading in 'PartType1/GroupNumber' for z = 13.0 using 8 thread(s) took 0.092953s
Reading in 'PartType1/SubGroupNumber' for z = 13.0 using 8 thread(s) took 0.095529s
Reading in 'PartType1/ParticleIDs' for z = 13.0 using 8 thread(s) took 0.086556s
Reading in 'PartType1/GroupNumber' for z = 11.0 using 8 thread(s) took 3.179133s
Reading in 'PartType1/SubGroupNumber' for z = 11.0 using 8 thread(s) took 0.176878s
Reading in 'PartType1/ParticleIDs' for z = 11.0 using 8 thread(s) took 0.128273s
Graph progress:  0 % 694.0
Graph progress:  1 % 501.0
Graph progress:  2 % 1567.0
Graph progress:  3 % 1799.0
Graph progress:  4 % 2228.0
Graph progress:  5 % 234.0
Graph progress:  6 % 123.0
Graph progress:  7 % 1838.0
Graph progress:  8 % 2196.0
Graph progress:  9 % 909.0
Graph progress:  10 % 1940.0
Graph progress:  11 % 1194.0
Graph progress:  12 % 1635.0
Graph progress:  13 % 311.0
Graph progress:  14 % 1282.0
Graph progress:  15 % 627.0
Graph progress:  16 % 2115.0
Graph progress:  17 % 170.00001
Graph progress:  18 % 1841.0
Graph progress:  19 % 1066.0
Graph progress:  20 % 222.0
Graph progress:  21 % 1201.0
Graph progress:  22 % 2070.0
Graph progress:  23 % 2143.0
Graph progress:  24 % 240.0
Graph progress:  25 % 358.0
Graph progress:  26 % 2078.0
Graph progress:  27 % 1510.0
Graph progress:  28 % 213.0
Graph progress:  29 % 789.0
Graph progress:  30 % 1304.0
Graph progress:  31 % 312.0
Graph progress:  32 % 103.0
Graph progress:  33 % 282.0
Graph progress:  34 % 1470.0
Graph progress:  35 % 58.0
Graph progress:  36 % 165.0
Graph progress:  37 % 357.0
Graph progress:  38 % 1062.0
Graph progress:  39 % 2231.0
Graph progress:  40 % 209.0
Graph progress:  41 % 918.0
Graph progress:  42 % 1347.0
Graph progress:  43 % 1760.0
Graph progress:  44 % 1331.0
Graph progress:  45 % 1629.0
Graph progress:  46 % 547.0
Graph progress:  47 % 863.0
Graph progress:  48 % 1082.0
Graph progress:  49 % 639.0
Graph progress:  50 % 831.0
Graph progress:  51 % 672.0
Graph progress:  52 % 973.0
Graph progress:  53 % 737.0
Graph progress:  54 % 764.0
Graph progress:  55 % 1846.0
Graph progress:  56 % 877.0
Graph progress:  57 % 1979.0
Graph progress:  58 % 158.0
Graph progress:  59 % 2035.0
Graph progress:  60 % 2256.0
Graph progress:  61 % 2408.0
Graph progress:  62 % 2379.0
Graph progress:  63 % 483.0
Graph progress:  64 % 484.0
Graph progress:  65 % 1721.0
Graph progress:  66 % 1218.0
Graph progress:  67 % 766.0
Graph progress:  68 % 1726.0
Graph progress:  69 % 2138.0
Graph progress:  70 % 1295.0
Graph progress:  71 % 1516.0
Graph progress:  72 % 1354.0
Graph progress:  73 % 516.0
Graph progress:  74 % 336.0
Graph progress:  75 % 1144.0
Graph progress:  76 % 686.0
Graph progress:  77 % 1052.0
Graph progress:  78 % 558.0
Graph progress:  79 % 1193.0
Graph progress:  80 % 411.0
Graph progress:  81 % 399.0
Graph progress:  82 % 1314.0
Graph progress:  83 % 151.0
Graph progress:  84 % 2361.0
Graph progress:  85 % 2189.0
Graph progress:  86 % 1577.0
Graph progress:  87 % 1415.0
Graph progress:  88 % 659.0
Graph progress:  89 % 214.0
Graph progress:  90 % 568.0
Graph progress:  91 % 418.0
Graph progress:  92 % 444.0
Graph progress:  93 % 2224.0
Graph progress:  94 % 2128.0
Graph progress:  95 % 1099.0
Graph progress:  96 % 1187.0
Graph progress:  97 % 71.0
Graph progress:  98 % 1806.0
Graph progress:  99 % 2017.0
Processed 2518 halos in snapshot 003_z012p000 of particle type 1
Reading in 'PartType4/ParticleIDs' for z = 12.0 using 8 thread(s) took 1.929094s
Reading in 'PartType4/ParticleIDs' for z = 13.0 using 8 thread(s) took 0.109628s
Reading in 'Subhalo/SubGroupNumber' for z = 13.0 using 8 thread(s) took 0.130996s
Reading in 'Subhalo/GroupNumber' for z = 13.0 using 8 thread(s) took 0.144912s
Reading in 'Subhalo/ApertureMeasurements/Mass/030kpc' for z = 13.0 using 8 thread(s) took 0.14783s
Reading in 'PartType4/Mass' for z = 13.0 using 8 thread(s) took 0.074718s
Reading in 'PartType4/ParticleIDs' for z = 11.0 using 8 thread(s) took 4.132896s
Reading in 'Subhalo/SubGroupNumber' for z = 11.0 using 8 thread(s) took 1.89504s
Reading in 'Subhalo/GroupNumber' for z = 11.0 using 8 thread(s) took 0.145851s
Reading in 'Subhalo/ApertureMeasurements/Mass/030kpc' for z = 11.0 using 8 thread(s) took 0.130576s
Reading in 'PartType4/Mass' for z = 11.0 using 8 thread(s) took 0.281482s
Reading in 'PartType4/ParticleIDs' for z = 12.0 using 8 thread(s) took 0.590281s
Reading in 'PartType4/GroupNumber' for z = 12.0 using 8 thread(s) took 0.126617s
Reading in 'PartType4/SubGroupNumber' for z = 12.0 using 8 thread(s) took 0.35286s
Reading in 'PartType4/GroupNumber' for z = 13.0 using 8 thread(s) took 0.107517s
Reading in 'PartType4/SubGroupNumber' for z = 13.0 using 8 thread(s) took 0.097878s
Reading in 'PartType4/ParticleIDs' for z = 13.0 using 8 thread(s) took 0.088134s
Reading in 'PartType4/GroupNumber' for z = 11.0 using 8 thread(s) took 1.781975s
Reading in 'PartType4/SubGroupNumber' for z = 11.0 using 8 thread(s) took 0.131701s
Reading in 'PartType4/ParticleIDs' for z = 11.0 using 8 thread(s) took 0.11661s
Graph progress:  0 % 359.0
Graph progress:  1 % 79.0
Graph progress:  2 % 45.0
Graph progress:  3 % 588.0
Graph progress:  4 % 285.0
Graph progress:  5 % 487.0
Graph progress:  6 % 510.0
Graph progress:  7 % 197.0
Graph progress:  8 % 44.0
Graph progress:  9 % 94.0
Graph progress:  10 % 36.0
Graph progress:  11 % 124.0
Graph progress:  12 % 163.0
Graph progress:  13 % 149.0
Graph progress:  14 % 241.0
Graph progress:  15 % 324.0
Graph progress:  16 % 162.0
Graph progress:  17 % 238.0
Graph progress:  18 % 159.0
Graph progress:  19 % 541.0
Graph progress:  20 % 212.0
Graph progress:  21 % 307.0
Graph progress:  22 % 225.0
Graph progress:  23 % 77.0
Graph progress:  24 % 153.0
Graph progress:  25 % 1239.0
Graph progress:  26 % 351.0
Graph progress:  27 % 17.0
Graph progress:  28 % 183.0
Graph progress:  29 % 216.0
Graph progress:  30 % 629.0
Graph progress:  31 % 526.0
Graph progress:  32 % 625.0
Graph progress:  33 % 551.0
Graph progress:  34 % 571.0
Graph progress:  35 % 293.0
Graph progress:  36 % 253.0
Graph progress:  37 % 172.0
Graph progress:  38 % 205.0
Graph progress:  39 % 213.0
Graph progress:  40 % 125.0
Graph progress:  41 % 41.0
Graph progress:  42 % 28.0
Graph progress:  43 % 563.0
Graph progress:  44 % 5.0
Graph progress:  45 % 114.0
Graph progress:  46 % 493.0
Graph progress:  47 % 83.0
Graph progress:  48 % 247.0
Graph progress:  49 % 165.0
Graph progress:  50 % 919.0
Graph progress:  51 % 113.0
Graph progress:  52 % 1079.0
Graph progress:  53 % 7.0
Graph progress:  54 % 656.0
Graph progress:  55 % 93.0
Graph progress:  56 % 446.0
Graph progress:  57 % 40.0
Graph progress:  58 % 142.0
Graph progress:  59 % 218.0
Graph progress:  60 % 804.0
Graph progress:  61 % 356.0
Graph progress:  62 % 115.0
Graph progress:  63 % 226.0
Graph progress:  64 % 405.0
Graph progress:  65 % 340.0
Graph progress:  66 % 194.0
Graph progress:  67 % 250.0
Graph progress:  68 % 215.0
Graph progress:  69 % 158.0
Graph progress:  70 % 136.0
Graph progress:  71 % 110.0
Graph progress:  72 % 1.0
Graph progress:  73 % 73.0
Graph progress:  74 % 2.0
Graph progress:  75 % 411.0
Graph progress:  76 % 53.0
Graph progress:  77 % 352.0
Graph progress:  78 % 190.0
Graph progress:  79 % 31.0
Graph progress:  80 % 42.0
Graph progress:  81 % 4.0
Graph progress:  82 % 2.00001
Graph progress:  83 % 11.0
Graph progress:  84 % 273.0
Graph progress:  85 % 173.0
Graph progress:  86 % 236.0
Graph progress:  87 % 13.0
Graph progress:  88 % 452.0
Graph progress:  89 % 536.0
Graph progress:  90 % 80.0
Graph progress:  91 % 82.0
Graph progress:  92 % 25.0
Graph progress:  93 % 89.0
Graph progress:  94 % 98.0
Graph progress:  95 % 434.0
Graph progress:  96 % 596.0
Graph progress:  97 % 1025.0
Graph progress:  98 % 723.0
Graph progress:  99 % 108.0
Processed 190 halos in snapshot 003_z012p000 of particle type 4
Reading in 'PartType5/ParticleIDs' for z = 12.0 using 8 thread(s) took 0.104543s
Reading in 'PartType5/ParticleIDs' for z = 13.0 using 8 thread(s) took 0.097103s
Reading in 'Subhalo/SubGroupNumber' for z = 13.0 using 8 thread(s) took 0.117929s
Reading in 'Subhalo/GroupNumber' for z = 13.0 using 8 thread(s) took 0.119012s
Reading in 'Subhalo/ApertureMeasurements/Mass/030kpc' for z = 13.0 using 8 thread(s) took 0.11714s
Reading in 'PartType5/Mass' for z = 13.0 using 8 thread(s) took 0.075058s
Reading in 'PartType5/ParticleIDs' for z = 11.0 using 8 thread(s) took 0.212232s
Reading in 'Subhalo/SubGroupNumber' for z = 11.0 using 8 thread(s) took 0.134815s
Reading in 'Subhalo/GroupNumber' for z = 11.0 using 8 thread(s) took 0.113553s
Reading in 'Subhalo/ApertureMeasurements/Mass/030kpc' for z = 11.0 using 8 thread(s) took 0.114381s
Reading in 'PartType5/Mass' for z = 11.0 using 8 thread(s) took 0.074809s
Reading in 'PartType5/ParticleIDs' for z = 12.0 using 8 thread(s) took 0.076243s
Reading in 'PartType5/GroupNumber' for z = 12.0 using 8 thread(s) took 0.076921s
Reading in 'PartType5/SubGroupNumber' for z = 12.0 using 8 thread(s) took 0.074119s
Reading in 'PartType5/GroupNumber' for z = 13.0 using 8 thread(s) took 0.071591s
Reading in 'PartType5/SubGroupNumber' for z = 13.0 using 8 thread(s) took 0.078421s
Reading in 'PartType5/ParticleIDs' for z = 13.0 using 8 thread(s) took 0.071405s
Reading in 'PartType5/GroupNumber' for z = 11.0 using 8 thread(s) took 0.074239s
Reading in 'PartType5/SubGroupNumber' for z = 11.0 using 8 thread(s) took 0.082268s
Reading in 'PartType5/ParticleIDs' for z = 11.0 using 8 thread(s) took 0.078368s
Processed 0 halos in snapshot 003_z012p000 of particle type 5
Reading in 'PartType0/ParticleIDs' for z = 12.0 using 8 thread(s) took 4.724133s
Reading in 'PartType0/ParticleIDs' for z = 13.0 using 8 thread(s) took 4.464647s
Reading in 'Subhalo/SubGroupNumber' for z = 13.0 using 8 thread(s) took 0.23762s
Reading in 'Subhalo/GroupNumber' for z = 13.0 using 8 thread(s) took 0.148531s
Reading in 'Subhalo/ApertureMeasurements/Mass/030kpc' for z = 13.0 using 8 thread(s) took 0.134496s
Reading in 'PartType0/Mass' for z = 13.0 using 8 thread(s) took 0.096929s
Reading in 'PartType0/ParticleIDs' for z = 11.0 using 8 thread(s) took 7.47082s
Reading in 'Subhalo/SubGroupNumber' for z = 11.0 using 8 thread(s) took 0.146326s
Reading in 'Subhalo/GroupNumber' for z = 11.0 using 8 thread(s) took 0.140002s
Reading in 'Subhalo/ApertureMeasurements/Mass/030kpc' for z = 11.0 using 8 thread(s) took 0.159526s
Reading in 'PartType0/Mass' for z = 11.0 using 8 thread(s) took 0.147396s
Reading in 'PartType0/ParticleIDs' for z = 12.0 using 8 thread(s) took 0.10001s
Reading in 'PartType0/GroupNumber' for z = 12.0 using 8 thread(s) took 0.152678s
Reading in 'PartType0/SubGroupNumber' for z = 12.0 using 8 thread(s) took 0.144411s
Reading in 'PartType0/GroupNumber' for z = 13.0 using 8 thread(s) took 0.128195s
Reading in 'PartType0/SubGroupNumber' for z = 13.0 using 8 thread(s) took 0.112579s
Reading in 'PartType0/ParticleIDs' for z = 13.0 using 8 thread(s) took 0.14409s
Reading in 'PartType0/GroupNumber' for z = 11.0 using 8 thread(s) took 0.748265s
Reading in 'PartType0/SubGroupNumber' for z = 11.0 using 8 thread(s) took 0.162899s
Reading in 'PartType0/ParticleIDs' for z = 11.0 using 8 thread(s) took 0.17484s
Graph progress:  0 % 694.0
Graph progress:  1 % 752.0
Graph progress:  2 % 1110.0
Graph progress:  3 % 1825.0
Graph progress:  4 % 1091.0
Graph progress:  5 % 234.0
Graph progress:  6 % 55.0
Graph progress:  7 % 1744.0
Graph progress:  8 % 506.0
Graph progress:  9 % 1892.0
Graph progress:  10 % 1199.0
Graph progress:  11 % 1662.0
Graph progress:  12 % 96.0
Graph progress:  13 % 233.0
Graph progress:  14 % 461.0
Graph progress:  15 % 195.0
Graph progress:  16 % 891.0
Graph progress:  17 % 170.0
Graph progress:  18 % 153.0
Graph progress:  19 % 1663.0
Graph progress:  20 % 883.0
Graph progress:  21 % 494.0
Graph progress:  22 % 2007.0
Graph progress:  23 % 1108.0
Graph progress:  24 % 240.0
Graph progress:  25 % 924.0
Graph progress:  26 % 1803.0
Graph progress:  27 % 710.0
Graph progress:  28 % 761.0
Graph progress:  29 % 1535.0
Graph progress:  30 % 706.0
Graph progress:  31 % 1302.0
Graph progress:  32 % 1797.0
Graph progress:  33 % 1277.0
Graph progress:  34 % 1796.0
Graph progress:  35 % 919.0
Graph progress:  36 % 618.0
Graph progress:  37 % 577.0
Graph progress:  38 % 2265.0
Graph progress:  39 % 702.0
Graph progress:  40 % 833.0
Graph progress:  41 % 1931.0
Graph progress:  42 % 1059.0
Graph progress:  43 % 992.0
Graph progress:  44 % 1592.0
Graph progress:  45 % 1629.0
Graph progress:  46 % 566.0
Graph progress:  47 % 2352.0
Graph progress:  48 % 129.0
Graph progress:  49 % 1300.0
Graph progress:  50 % 2199.0
Graph progress:  51 % 2232.0
Graph progress:  52 % 1707.0
Graph progress:  53 % 1450.0
Graph progress:  54 % 1569.0
Graph progress:  55 % 1374.0
Graph progress:  56 % 650.0
Graph progress:  57 % 274.0
Graph progress:  58 % 1555.0
Graph progress:  59 % 1766.0
Graph progress:  60 % 454.0
Graph progress:  61 % 2449.0
Graph progress:  62 % 1168.0
Graph progress:  63 % 99.0
Graph progress:  64 % 2407.0
Graph progress:  65 % 688.0
Graph progress:  66 % 2291.0
Graph progress:  67 % 766.0
Graph progress:  68 % 1726.0
Graph progress:  69 % 903.0
Graph progress:  70 % 1295.0
Graph progress:  71 % 1516.0
Graph progress:  72 % 1174.0
Graph progress:  73 % 2290.0
Graph progress:  74 % 2153.0
Graph progress:  75 % 1885.0
Graph progress:  76 % 546.0
Graph progress:  77 % 2013.0
Graph progress:  78 % 558.0
Graph progress:  79 % 899.0
Graph progress:  80 % 2397.0
Graph progress:  81 % 1882.0
Graph progress:  82 % 102.00001
Graph progress:  83 % 1148.0
Graph progress:  84 % 1854.0
Graph progress:  85 % 2217.0
Graph progress:  86 % 202.0
Graph progress:  87 % 1147.0
Graph progress:  88 % 1483.0
Graph progress:  89 % 2212.0
Graph progress:  90 % 464.0
Graph progress:  91 % 1680.0
Graph progress:  92 % 1357.0
Graph progress:  93 % 873.0
Graph progress:  94 % 806.0
Graph progress:  95 % 2347.0
Graph progress:  96 % 1478.0
Graph progress:  97 % 685.0
Graph progress:  98 % 154.0
Graph progress:  99 % 2017.0
Processed 2508 halos in snapshot 003_z012p000 of particle type 0
Write progress:  0 % 694.0
Write progress:  1 % 501.0
Write progress:  2 % 1567.0
Write progress:  3 % 1799.0
Write progress:  4 % 2228.0
Write progress:  5 % 234.0
Write progress:  6 % 123.0
Write progress:  7 % 1838.0
Write progress:  8 % 2196.0
Write progress:  9 % 909.0
Write progress:  10 % 1940.0
Write progress:  11 % 1194.0
Write progress:  12 % 1635.0
Write progress:  13 % 311.0
Write progress:  14 % 1282.0
Write progress:  15 % 627.0
Write progress:  16 % 2115.0
Write progress:  17 % 170.00001
Write progress:  18 % 1841.0
Write progress:  19 % 1066.0
Write progress:  20 % 222.0
Write progress:  21 % 1201.0
Write progress:  22 % 2070.0
Write progress:  23 % 2143.0
Write progress:  24 % 240.0
Write progress:  25 % 358.0
Write progress:  26 % 2078.0
Write progress:  27 % 1510.0
Write progress:  28 % 213.0
Write progress:  29 % 789.0
Write progress:  30 % 1304.0
Write progress:  31 % 312.0
Write progress:  32 % 103.0
Write progress:  33 % 282.0
Write progress:  34 % 1470.0
Write progress:  35 % 58.0
Write progress:  36 % 165.0
Write progress:  37 % 357.0
Write progress:  38 % 1062.0
Write progress:  39 % 2231.0
Write progress:  40 % 209.0
Write progress:  41 % 918.0
Write progress:  42 % 1347.0
Write progress:  43 % 1760.0
Write progress:  44 % 1331.0
Write progress:  45 % 1629.0
Write progress:  46 % 547.0
Write progress:  47 % 863.0
Write progress:  48 % 1082.0
Write progress:  49 % 639.0
Write progress:  50 % 831.0
Write progress:  51 % 672.0
Write progress:  52 % 973.0
Write progress:  53 % 737.0
Write progress:  54 % 764.0
Write progress:  55 % 1846.0
Write progress:  56 % 877.0
Write progress:  57 % 1979.0
Write progress:  58 % 158.0
Write progress:  59 % 2035.0
Write progress:  60 % 2256.0
Write progress:  61 % 2408.0
Write progress:  62 % 2379.0
Write progress:  63 % 483.0
Write progress:  64 % 484.0
Write progress:  65 % 1721.0
Write progress:  66 % 1218.0
Write progress:  67 % 766.0
Write progress:  68 % 1726.0
Write progress:  69 % 2138.0
Write progress:  70 % 1295.0
Write progress:  71 % 1516.0
Write progress:  72 % 1354.0
Write progress:  73 % 516.0
Write progress:  74 % 336.0
Write progress:  75 % 1144.0
Write progress:  76 % 686.0
Write progress:  77 % 1052.0
Write progress:  78 % 558.0
Write progress:  79 % 1193.0
Write progress:  80 % 411.0
Write progress:  81 % 399.0
Write progress:  82 % 1314.0
Write progress:  83 % 151.0
Write progress:  84 % 2361.0
Write progress:  85 % 2189.0
Write progress:  86 % 1577.0
Write progress:  87 % 1415.0
Write progress:  88 % 659.0
Write progress:  89 % 214.0
Write progress:  90 % 568.0
Write progress:  91 % 418.0
Write progress:  92 % 444.0
Write progress:  93 % 2224.0
Write progress:  94 % 2128.0
Write progress:  95 % 1099.0
Write progress:  96 % 1187.0
Write progress:  97 % 71.0
Write progress:  98 % 1806.0
Write progress:  99 % 2017.0
Job done, info follows...
       JobID    JobName  Partition     MaxRSS    Elapsed ExitCode 
------------ ---------- ---------- ---------- ---------- -------- 
2042958_16   MEGA-FLAR+     cosma6              00:02:01      0:0 
2042958_16.+     extern                         00:02:01      0:0 
