====
Starting job 2043265 at Thu 23 Apr 23:54:35 BST 2020 for user dc-rope1.
Running on nodes: m6517
====
167
('26', '010_z005p000', '011_z004p770', None)
Reading in 'PartType1/ParticleIDs' for z = 4.77 using 8 thread(s) took 8.55955s
Reading in 'PartType1/ParticleIDs' for z = 4.77 using 8 thread(s) took 4.418927s
Reading in 'PartType1/GroupNumber' for z = 4.77 using 8 thread(s) took 1.690636s
Reading in 'PartType1/SubGroupNumber' for z = 4.77 using 8 thread(s) took 0.350262s
Reading in 'PartType1/GroupNumber' for z = 5.0 using 8 thread(s) took 3.210818s
Reading in 'PartType1/SubGroupNumber' for z = 5.0 using 8 thread(s) took 0.5185s
Reading in 'PartType1/ParticleIDs' for z = 5.0 using 8 thread(s) took 1.019311s
Graph progress:  0 % 120166.0
Graph progress:  1 % 53012.0
Graph progress:  2 % 70998.0
Graph progress:  3 % 111748.0
Graph progress:  4 % 230.00001
Graph progress:  5 % 89033.0
Graph progress:  6 % 87841.0
Graph progress:  7 % 44329.0
Graph progress:  8 % 11039.00001
Graph progress:  9 % 51600.0
Graph progress:  10 % 9964.0
Graph progress:  11 % 128801.0
Graph progress:  12 % 31932.0
Graph progress:  13 % 24754.0
Graph progress:  14 % 3962.0
Graph progress:  15 % 114241.0
Graph progress:  16 % 70845.0
Graph progress:  17 % 100825.0
Graph progress:  18 % 9476.00002
Graph progress:  19 % 24311.0
Graph progress:  20 % 102419.0
Graph progress:  21 % 71626.0
Graph progress:  22 % 63123.0
Graph progress:  23 % 10427.00001
Graph progress:  24 % 121716.0
Graph progress:  25 % 22518.0
Graph progress:  26 % 95078.0
Graph progress:  27 % 117687.0
Graph progress:  28 % 1649.00002
Graph progress:  29 % 54372.0
Graph progress:  30 % 122830.0
Graph progress:  31 % 11061.0
Graph progress:  32 % 118842.0
Graph progress:  33 % 25052.0
Graph progress:  34 % 89561.0
Graph progress:  35 % 68619.0
Graph progress:  36 % 65648.0
Graph progress:  37 % 12981.0
Graph progress:  38 % 474.00003
Graph progress:  39 % 17180.0
Graph progress:  40 % 62918.0
Graph progress:  41 % 21462.0
Graph progress:  42 % 75957.0
Graph progress:  43 % 71992.0
Graph progress:  44 % 27469.0
Graph progress:  45 % 72704.0
Graph progress:  46 % 101734.0
Graph progress:  47 % 100129.0
Graph progress:  48 % 117032.0
Graph progress:  49 % 109752.0
Graph progress:  50 % 84104.0
Graph progress:  51 % 72811.0
Graph progress:  52 % 85997.0
Graph progress:  53 % 104450.0
Graph progress:  54 % 65552.0
Graph progress:  55 % 95621.0
Graph progress:  56 % 39053.0
Graph progress:  57 % 72691.0
Graph progress:  58 % 8937.0
Graph progress:  59 % 94400.0
Graph progress:  60 % 70108.0
Graph progress:  61 % 39617.0
Graph progress:  62 % 49672.0
Graph progress:  63 % 30592.0
Graph progress:  64 % 8267.0
Graph progress:  65 % 107973.0
Graph progress:  66 % 88194.0
Graph progress:  67 % 52062.0
Graph progress:  68 % 5502.00001
Graph progress:  69 % 104587.0
Graph progress:  70 % 97181.0
Graph progress:  71 % 6452.00001
Graph progress:  72 % 94370.0
Graph progress:  73 % 49814.0
Graph progress:  74 % 55171.0
Graph progress:  75 % 22232.0
Graph progress:  76 % 54423.0
Graph progress:  77 % 60858.0
Graph progress:  78 % 126957.0
Graph progress:  79 % 67016.00001
Graph progress:  80 % 61179.0
Graph progress:  81 % 32919.0
Graph progress:  82 % 17193.0
Graph progress:  83 % 80479.0
Graph progress:  84 % 52332.0
Graph progress:  85 % 123719.0
Graph progress:  86 % 1085.0
Graph progress:  87 % 240.00008
Graph progress:  88 % 96867.0
Graph progress:  89 % 14732.0
Graph progress:  90 % 106630.0
Graph progress:  91 % 23561.0
Graph progress:  92 % 101860.0
Graph progress:  93 % 89188.0
Graph progress:  94 % 42662.0
Graph progress:  95 % 45871.0
Graph progress:  96 % 83738.0
Graph progress:  97 % 83778.0
Graph progress:  98 % 109231.0
Graph progress:  99 % 107598.0
Processed 149860 halos in snapshot 011_z004p770 of particle type 1
Reading in 'PartType4/ParticleIDs' for z = 4.77 using 8 thread(s) took 1.684887s
Reading in 'PartType4/ParticleIDs' for z = 5.0 using 8 thread(s) took 3.8048s
Reading in 'Subhalo/SubGroupNumber' for z = 5.0 using 8 thread(s) took 1.630884s
Reading in 'Subhalo/GroupNumber' for z = 5.0 using 8 thread(s) took 0.458981s
Reading in 'Subhalo/ApertureMeasurements/Mass/030kpc' for z = 5.0 using 8 thread(s) took 0.418177s
Reading in 'PartType4/Mass' for z = 5.0 using 8 thread(s) took 0.812531s
Reading in 'PartType4/ParticleIDs' for z = 4.77 using 8 thread(s) took 0.75755s
Reading in 'PartType4/GroupNumber' for z = 4.77 using 8 thread(s) took 0.418005s
Reading in 'PartType4/SubGroupNumber' for z = 4.77 using 8 thread(s) took 0.359615s
Reading in 'PartType4/GroupNumber' for z = 5.0 using 8 thread(s) took 0.395181s
Reading in 'PartType4/SubGroupNumber' for z = 5.0 using 8 thread(s) took 0.541133s
Reading in 'PartType4/ParticleIDs' for z = 5.0 using 8 thread(s) took 0.438594s
Graph progress:  0 % 612.00001
Graph progress:  1 % 9259.0
Graph progress:  2 % 30647.0
Graph progress:  3 % 5798.0
Graph progress:  4 % 27882.0
Graph progress:  5 % 1472.0
Graph progress:  6 % 3241.0
Graph progress:  7 % 39759.0
Graph progress:  8 % 35415.0
Graph progress:  9 % 1675.00002
Graph progress:  10 % 16662.00001
Graph progress:  11 % 2661.0
Graph progress:  12 % 20651.0
Graph progress:  13 % 5624.0
Graph progress:  14 % 29011.0
Graph progress:  15 % 6321.00001
Graph progress:  16 % 582.00002
Graph progress:  17 % 10816.0
Graph progress:  18 % 1005.0
Graph progress:  19 % 463.0
Graph progress:  20 % 5020.00001
Graph progress:  21 % 8433.0
Graph progress:  22 % 588.00001
Graph progress:  23 % 3743.0
Graph progress:  24 % 306.0
Graph progress:  25 % 6470.0
Graph progress:  26 % 27382.0
Graph progress:  27 % 93.00001
Graph progress:  28 % 5337.0
Graph progress:  29 % 10831.0
Graph progress:  30 % 10010.0
Graph progress:  31 % 7240.00001
Graph progress:  32 % 30443.0
Graph progress:  33 % 9910.00001
Graph progress:  34 % 853.00003
Graph progress:  35 % 7337.0
Graph progress:  36 % 23732.0
Graph progress:  37 % 2901.0
Graph progress:  38 % 3343.0
Graph progress:  39 % 114.00004
Graph progress:  40 % 6841.0
Graph progress:  41 % 9906.0
Graph progress:  42 % 362.0
Graph progress:  43 % 226.0
Graph progress:  44 % 8469.0
Graph progress:  45 % 1113.0
Graph progress:  46 % 4938.0
Graph progress:  47 % 1082.0
Graph progress:  48 % 8.00017
Graph progress:  49 % 2002.0
Graph progress:  50 % 8303.0
Graph progress:  51 % 6961.00001
Graph progress:  52 % 733.00001
Graph progress:  53 % 13708.0
Graph progress:  54 % 4176.0
Graph progress:  55 % 15042.0
Graph progress:  56 % 9925.0
Graph progress:  57 % 37304.0
Graph progress:  58 % 3285.0
Graph progress:  59 % 16081.0
Graph progress:  60 % 3193.0
Graph progress:  61 % 12715.0
Graph progress:  62 % 27840.0
Graph progress:  63 % 702.0
Graph progress:  64 % 12776.0
Graph progress:  65 % 3417.0
Graph progress:  66 % 1233.00003
Graph progress:  67 % 138.00005
Graph progress:  68 % 237.00005
Graph progress:  69 % 393.00003
Graph progress:  70 % 7919.0
Graph progress:  71 % 21491.0
Graph progress:  72 % 938.00004
Graph progress:  73 % 5217.0
Graph progress:  74 % 18110.0
Graph progress:  75 % 11210.0
Graph progress:  76 % 43287.0
Graph progress:  77 % 235.0
Graph progress:  78 % 8500.0
Graph progress:  79 % 36144.0
Graph progress:  80 % 6796.00001
Graph progress:  81 % 4497.0
Graph progress:  82 % 30597.0
Graph progress:  83 % 130727.0
Graph progress:  84 % 8216.0
Graph progress:  85 % 7746.0
Graph progress:  86 % 1564.00002
Graph progress:  87 % 34785.0
Graph progress:  88 % 43506.0
Graph progress:  89 % 995.0
Graph progress:  90 % 19890.0
Graph progress:  91 % 15422.0
Graph progress:  92 % 64.00015
Graph progress:  93 % 1025.0
Graph progress:  94 % 91.00002
Graph progress:  95 % 3278.0
Graph progress:  96 % 6460.0
Graph progress:  97 % 5083.0
Graph progress:  98 % 5104.00001
Graph progress:  99 % 4859.0
Processed 22690 halos in snapshot 011_z004p770 of particle type 4
Reading in 'PartType5/ParticleIDs' for z = 4.77 using 8 thread(s) took 1.223458s
Reading in 'PartType5/ParticleIDs' for z = 5.0 using 8 thread(s) took 1.510434s
Reading in 'Subhalo/SubGroupNumber' for z = 5.0 using 8 thread(s) took 0.445045s
Reading in 'Subhalo/GroupNumber' for z = 5.0 using 8 thread(s) took 0.407568s
Reading in 'Subhalo/ApertureMeasurements/Mass/030kpc' for z = 5.0 using 8 thread(s) took 0.434477s
Reading in 'PartType5/Mass' for z = 5.0 using 8 thread(s) took 0.79177s
Reading in 'PartType5/ParticleIDs' for z = 4.77 using 8 thread(s) took 0.698456s
Reading in 'PartType5/GroupNumber' for z = 4.77 using 8 thread(s) took 0.398053s
Reading in 'PartType5/SubGroupNumber' for z = 4.77 using 8 thread(s) took 0.343317s
Reading in 'PartType5/GroupNumber' for z = 5.0 using 8 thread(s) took 0.669714s
Reading in 'PartType5/SubGroupNumber' for z = 5.0 using 8 thread(s) took 0.43154s
Reading in 'PartType5/ParticleIDs' for z = 5.0 using 8 thread(s) took 0.531457s
Graph progress:  0 % 985.0
Graph progress:  1 % 1067.0
Graph progress:  2 % 1120.0
Graph progress:  3 % 1402.00002
Graph progress:  4 % 72.00001
Graph progress:  5 % 264.0001
Graph progress:  6 % 1472.00002
Graph progress:  7 % 1200.00001
Graph progress:  8 % 893.00001
Graph progress:  9 % 471.00001
Graph progress:  10 % 831.00001
Graph progress:  11 % 1426.00002
Graph progress:  12 % 1495.00001
Graph progress:  13 % 1651.00001
Graph progress:  14 % 159.00007
Graph progress:  15 % 179.0
Graph progress:  16 % 1245.0
Graph progress:  17 % 343.0
Graph progress:  18 % 901.00004
Graph progress:  19 % 944.00001
Graph progress:  20 % 207.0
Graph progress:  21 % 1376.0
Graph progress:  22 % 1372.0
Graph progress:  23 % 1059.0
Graph progress:  24 % 1180.0
Graph progress:  25 % 245.0
Graph progress:  26 % 972.0
Graph progress:  27 % 1398.00001
Graph progress:  28 % 880.0
Graph progress:  29 % 158.0
Graph progress:  30 % 312.00003
Graph progress:  31 % 511.0
Graph progress:  32 % 1176.0
Graph progress:  33 % 211.0
Graph progress:  34 % 514.00001
Graph progress:  35 % 671.0
Graph progress:  36 % 1208.00002
Graph progress:  37 % 1023.0
Graph progress:  38 % 1173.0
Graph progress:  39 % 2476.0
Graph progress:  40 % 246.0
Graph progress:  41 % 585.00002
Graph progress:  42 % 1137.00003
Graph progress:  43 % 160.00001
Graph progress:  44 % 1417.0
Graph progress:  45 % 963.0
Graph progress:  46 % 401.00008
Graph progress:  47 % 1082.0
Graph progress:  48 % 819.0
Graph progress:  49 % 801.00001
Graph progress:  50 % 681.0
Graph progress:  51 % 166.00001
Graph progress:  52 % 270.0
Graph progress:  53 % 507.0
Graph progress:  54 % 2366.0
Graph progress:  55 % 1192.00002
Graph progress:  56 % 572.00005
Graph progress:  57 % 45.00001
Graph progress:  58 % 783.00001
Graph progress:  59 % 154.0
Graph progress:  60 % 6.00001
Graph progress:  61 % 67.0
Graph progress:  62 % 1525.0
Graph progress:  63 % 80.00005
Graph progress:  64 % 970.0
Graph progress:  65 % 1133.00003
Graph progress:  66 % 1143.0
Graph progress:  67 % 1866.00001
Graph progress:  68 % 1359.00003
Graph progress:  69 % 918.00004
Graph progress:  70 % 660.0
Graph progress:  71 % 897.0
Graph progress:  72 % 752.0
Graph progress:  73 % 1888.0
Graph progress:  74 % 1542.00001
Graph progress:  75 % 1504.00001
Graph progress:  76 % 1438.0
Graph progress:  77 % 1592.00003
Graph progress:  78 % 52.00004
Graph progress:  79 % 674.0
Graph progress:  80 % 320.0
Graph progress:  81 % 616.00001
Graph progress:  82 % 1996.00001
Graph progress:  83 % 240.00011
Graph progress:  84 % 957.0
Graph progress:  85 % 1125.00001
Graph progress:  86 % 905.0
Graph progress:  87 % 1709.0
Graph progress:  88 % 187.0
Graph progress:  89 % 1793.0
Graph progress:  90 % 698.0
Graph progress:  91 % 1185.0
Graph progress:  92 % 1489.0
Graph progress:  93 % 921.0
Graph progress:  94 % 130.00011
Graph progress:  95 % 1289.00002
Graph progress:  96 % 775.0
Graph progress:  97 % 1.00007
Graph progress:  98 % 856.0
Graph progress:  99 % 1.00018
Processed 2434 halos in snapshot 011_z004p770 of particle type 5
Reading in 'PartType0/ParticleIDs' for z = 4.77 using 8 thread(s) took 7.070117s
Reading in 'PartType0/ParticleIDs' for z = 5.0 using 8 thread(s) took 8.669051s
Reading in 'Subhalo/SubGroupNumber' for z = 5.0 using 8 thread(s) took 0.46069s
Reading in 'Subhalo/GroupNumber' for z = 5.0 using 8 thread(s) took 0.448147s
Reading in 'Subhalo/ApertureMeasurements/Mass/030kpc' for z = 5.0 using 8 thread(s) took 0.475103s
Reading in 'PartType0/Mass' for z = 5.0 using 8 thread(s) took 1.40824s
Reading in 'PartType0/ParticleIDs' for z = 4.77 using 8 thread(s) took 1.717451s
Reading in 'PartType0/GroupNumber' for z = 4.77 using 8 thread(s) took 0.959031s
Reading in 'PartType0/SubGroupNumber' for z = 4.77 using 8 thread(s) took 0.686983s
Reading in 'PartType0/GroupNumber' for z = 5.0 using 8 thread(s) took 0.667706s
Reading in 'PartType0/SubGroupNumber' for z = 5.0 using 8 thread(s) took 0.618977s
Reading in 'PartType0/ParticleIDs' for z = 5.0 using 8 thread(s) took 1.110345s
Graph progress:  0 % 39188.0
Graph progress:  1 % 69610.0
Graph progress:  2 % 57935.0
Graph progress:  3 % 132743.0
Graph progress:  4 % 106.00008
Graph progress:  5 % 61737.0
Graph progress:  6 % 39872.0
Graph progress:  7 % 26716.0
Graph progress:  8 % 17210.0
Graph progress:  9 % 14678.0
Graph progress:  10 % 3442.00001
Graph progress:  11 % 113559.0
Graph progress:  12 % 87866.0
Graph progress:  13 % 21711.00001
Graph progress:  14 % 95377.0
Graph progress:  15 % 100867.0
Graph progress:  16 % 5562.0
Graph progress:  17 % 90100.0
Graph progress:  18 % 39742.00001
Graph progress:  19 % 3990.0
Graph progress:  20 % 15990.0
Graph progress:  21 % 24709.0
Graph progress:  22 % 1713.00002
Graph progress:  23 % 121791.0
Graph progress:  24 % 55644.0
Graph progress:  25 % 131580.0
Graph progress:  26 % 2871.00001
Graph progress:  27 % 68073.0
Graph progress:  28 % 72019.0
Graph progress:  29 % 29564.0
Graph progress:  30 % 33490.0
Graph progress:  31 % 128419.0
Graph progress:  32 % 38147.0
Graph progress:  33 % 76013.0
Graph progress:  34 % 109581.0
Graph progress:  35 % 26474.0
Graph progress:  36 % 77421.0
Graph progress:  37 % 22918.0
Graph progress:  38 % 40079.0
Graph progress:  39 % 77473.0
Graph progress:  40 % 41532.0
Graph progress:  41 % 1487.00001
Graph progress:  42 % 2055.0
Graph progress:  43 % 54301.0
Graph progress:  44 % 50296.0
Graph progress:  45 % 4397.0
Graph progress:  46 % 114934.0
Graph progress:  47 % 40058.0
Graph progress:  48 % 121011.0
Graph progress:  49 % 29679.0
Graph progress:  50 % 101437.0
Graph progress:  51 % 59233.0
Graph progress:  52 % 29222.0
Graph progress:  53 % 83893.0
Graph progress:  54 % 50615.0
Graph progress:  55 % 120626.0
Graph progress:  56 % 80077.0
Graph progress:  57 % 128194.0
Graph progress:  58 % 102844.0
Graph progress:  59 % 93075.0
Graph progress:  60 % 20586.0
Graph progress:  61 % 18510.0
Graph progress:  62 % 54035.0
Graph progress:  63 % 75711.0
Graph progress:  64 % 108498.0
Graph progress:  65 % 11299.00001
Graph progress:  66 % 7257.0
Graph progress:  67 % 115571.0
Graph progress:  68 % 80386.0
Graph progress:  69 % 52551.0
Graph progress:  70 % 122563.0
Graph progress:  71 % 97087.0
Graph progress:  72 % 106129.0
Graph progress:  73 % 93031.0
Graph progress:  74 % 114854.0
Graph progress:  75 % 63823.0
Graph progress:  76 % 81575.0
Graph progress:  77 % 21306.0
Graph progress:  78 % 128518.0
Graph progress:  79 % 40629.0
Graph progress:  80 % 6761.00001
Graph progress:  81 % 81756.0
Graph progress:  82 % 3836.0
Graph progress:  83 % 104353.0
Graph progress:  84 % 71054.0
Graph progress:  85 % 17213.0
Graph progress:  86 % 12634.0
Graph progress:  87 % 104988.0
Graph progress:  88 % 13847.0
Graph progress:  89 % 20719.0
Graph progress:  90 % 14526.0
Graph progress:  91 % 14768.0
Graph progress:  92 % 5496.0
Graph progress:  93 % 19345.0
Graph progress:  94 % 112822.0
Graph progress:  95 % 78024.0
Graph progress:  96 % 47357.0
Graph progress:  97 % 134415.0
Graph progress:  98 % 58895.0
Graph progress:  99 % 100341.0
Processed 133516 halos in snapshot 011_z004p770 of particle type 0
Write progress:  0 % 120166.0
Write progress:  1 % 53012.0
Write progress:  2 % 70998.0
Write progress:  3 % 111748.0
Write progress:  4 % 230.00001
Write progress:  5 % 89033.0
Write progress:  6 % 87841.0
Write progress:  7 % 44329.0
Write progress:  8 % 11039.00001
Write progress:  9 % 51600.0
Write progress:  10 % 9964.0
Write progress:  11 % 128801.0
Write progress:  12 % 31932.0
Write progress:  13 % 24754.0
Write progress:  14 % 3962.0
Write progress:  15 % 114241.0
Write progress:  16 % 70845.0
Write progress:  17 % 100825.0
Write progress:  18 % 9476.00002
Write progress:  19 % 24311.0
Write progress:  20 % 102419.0
Write progress:  21 % 71626.0
Write progress:  22 % 63123.0
Write progress:  23 % 10427.00001
Write progress:  24 % 121716.0
Write progress:  25 % 22518.0
Write progress:  26 % 95078.0
Write progress:  27 % 117687.0
Write progress:  28 % 1649.00002
Write progress:  29 % 54372.0
Write progress:  30 % 122830.0
Write progress:  31 % 11061.0
Write progress:  32 % 118842.0
Write progress:  33 % 25052.0
Write progress:  34 % 89561.0
Write progress:  35 % 68619.0
Write progress:  36 % 65648.0
Write progress:  37 % 12981.0
Write progress:  38 % 474.00003
Write progress:  39 % 17180.0
Write progress:  40 % 62918.0
Write progress:  41 % 21462.0
Write progress:  42 % 75957.0
Write progress:  43 % 71992.0
Write progress:  44 % 27469.0
Write progress:  45 % 72704.0
Write progress:  46 % 101734.0
Write progress:  47 % 100129.0
Write progress:  48 % 117032.0
Write progress:  49 % 109752.0
Write progress:  50 % 84104.0
Write progress:  51 % 72811.0
Write progress:  52 % 85997.0
Write progress:  53 % 104450.0
Write progress:  54 % 65552.0
Write progress:  55 % 95621.0
Write progress:  56 % 39053.0
Write progress:  57 % 72691.0
Write progress:  58 % 8937.0
Write progress:  59 % 94400.0
Write progress:  60 % 70108.0
Write progress:  61 % 39617.0
Write progress:  62 % 49672.0
Write progress:  63 % 30592.0
Write progress:  64 % 8267.0
Write progress:  65 % 107973.0
Write progress:  66 % 88194.0
Write progress:  67 % 52062.0
Write progress:  68 % 5502.00001
Write progress:  69 % 104587.0
Write progress:  70 % 97181.0
Write progress:  71 % 6452.00001
Write progress:  72 % 94370.0
Write progress:  73 % 49814.0
Write progress:  74 % 55171.0
Write progress:  75 % 22232.0
Write progress:  76 % 54423.0
Write progress:  77 % 60858.0
Write progress:  78 % 126957.0
Write progress:  79 % 67016.00001
Write progress:  80 % 61179.0
Write progress:  81 % 32919.0
Write progress:  82 % 17193.0
Write progress:  83 % 80479.0
Write progress:  84 % 52332.0
Write progress:  85 % 123719.0
Write progress:  86 % 1085.0
Write progress:  87 % 240.00008
Write progress:  88 % 96867.0
Write progress:  89 % 14732.0
Write progress:  90 % 106630.0
Write progress:  91 % 23561.0
Write progress:  92 % 101860.0
Write progress:  93 % 89188.0
Write progress:  94 % 42662.0
Write progress:  95 % 45871.0
Write progress:  96 % 83738.0
Write progress:  97 % 83778.0
Write progress:  98 % 109231.0
Write progress:  99 % 107598.0
Job done, info follows...
       JobID    JobName  Partition     MaxRSS    Elapsed ExitCode 
------------ ---------- ---------- ---------- ---------- -------- 
2042958_168  MEGA-FLAR+     cosma6              00:31:12      0:0 
2042958_168+     extern                         00:31:12      0:0 
