====
Starting job 2043268 at Thu 23 Apr 23:56:34 BST 2020 for user dc-rope1.
Running on nodes: m6532
====
170
('25', '001_z014p000', '002_z013p000', '003_z012p000')
Reading in 'PartType1/ParticleIDs' for z = 13.0 using 8 thread(s) took 8.839147s
Reading in 'PartType1/ParticleIDs' for z = 13.0 using 8 thread(s) took 0.180928s
Reading in 'PartType1/GroupNumber' for z = 13.0 using 8 thread(s) took 0.059573s
Reading in 'PartType1/SubGroupNumber' for z = 13.0 using 8 thread(s) took 0.063563s
Reading in 'PartType1/GroupNumber' for z = 14.0 using 8 thread(s) took 0.121478s
Reading in 'PartType1/SubGroupNumber' for z = 14.0 using 8 thread(s) took 0.101059s
Reading in 'PartType1/ParticleIDs' for z = 14.0 using 8 thread(s) took 0.112389s
Reading in 'PartType1/GroupNumber' for z = 12.0 using 8 thread(s) took 1.485296s
Reading in 'PartType1/SubGroupNumber' for z = 12.0 using 8 thread(s) took 0.142857s
Reading in 'PartType1/ParticleIDs' for z = 12.0 using 8 thread(s) took 0.115608s
Graph progress:  0 % 748.0
Graph progress:  1 % 2090.0
Graph progress:  2 % 424.0
Graph progress:  3 % 431.0
Graph progress:  4 % 366.0
Graph progress:  5 % 3193.0
Graph progress:  6 % 3133.0
Graph progress:  7 % 4262.0
Graph progress:  8 % 3626.0
Graph progress:  9 % 1562.0
Graph progress:  10 % 1873.0
Graph progress:  11 % 2925.0
Graph progress:  12 % 4563.00001
Graph progress:  13 % 4643.0
Graph progress:  14 % 573.0
Graph progress:  15 % 1458.0
Graph progress:  16 % 2072.0
Graph progress:  17 % 1290.0
Graph progress:  18 % 2030.0
Graph progress:  19 % 3165.0
Graph progress:  20 % 844.0
Graph progress:  21 % 1096.0
Graph progress:  22 % 707.0
Graph progress:  23 % 4405.0
Graph progress:  24 % 1235.0
Graph progress:  25 % 1727.0
Graph progress:  26 % 1164.0
Graph progress:  27 % 3111.0
Graph progress:  28 % 5280.0
Graph progress:  29 % 273.0
Graph progress:  30 % 3469.0
Graph progress:  31 % 104.0
Graph progress:  32 % 93.00001
Graph progress:  33 % 196.00001
Graph progress:  34 % 63.00001
Graph progress:  35 % 2478.0
Graph progress:  36 % 60.0
Graph progress:  37 % 791.0
Graph progress:  38 % 3223.0
Graph progress:  39 % 3327.0
Graph progress:  40 % 3104.0
Graph progress:  41 % 4827.0
Graph progress:  42 % 1917.0
Graph progress:  43 % 2802.0
Graph progress:  44 % 3329.0
Graph progress:  45 % 3426.0
Graph progress:  46 % 3427.0
Graph progress:  47 % 406.0
Graph progress:  48 % 678.00001
Graph progress:  49 % 3863.0
Graph progress:  50 % 3318.0
Graph progress:  51 % 2685.0
Graph progress:  52 % 4798.0
Graph progress:  53 % 1698.0
Graph progress:  54 % 3506.0
Graph progress:  55 % 530.0
Graph progress:  56 % 570.0
Graph progress:  57 % 673.0
Graph progress:  58 % 5138.0
Graph progress:  59 % 518.0
Graph progress:  60 % 4895.0
Graph progress:  61 % 4974.0
Graph progress:  62 % 2832.0
Graph progress:  63 % 3095.0
Graph progress:  64 % 1958.0
Graph progress:  65 % 2277.0
Graph progress:  66 % 958.00001
Graph progress:  67 % 1264.0
Graph progress:  68 % 3649.0
Graph progress:  69 % 988.0
Graph progress:  70 % 106.00002
Graph progress:  71 % 4479.0
Graph progress:  72 % 1485.0
Graph progress:  73 % 4915.0
Graph progress:  74 % 3718.0
Graph progress:  75 % 4382.0
Graph progress:  76 % 124.0
Graph progress:  77 % 3720.0
Graph progress:  78 % 2180.0
Graph progress:  79 % 617.0
Graph progress:  80 % 1914.0
Graph progress:  81 % 3033.0
Graph progress:  82 % 459.00001
Graph progress:  83 % 576.0
Graph progress:  84 % 2112.00001
Graph progress:  85 % 4153.0
Graph progress:  86 % 5183.0
Graph progress:  87 % 4329.0
Graph progress:  88 % 1030.0
Graph progress:  89 % 3119.0
Graph progress:  90 % 156.00001
Graph progress:  91 % 2307.0
Graph progress:  92 % 1691.0
Graph progress:  93 % 1046.0
Graph progress:  94 % 4169.0
Graph progress:  95 % 46.0
Graph progress:  96 % 2447.0
Graph progress:  97 % 2046.0
Graph progress:  98 % 3990.0
Graph progress:  99 % 2721.0
Processed 5755 halos in snapshot 002_z013p000 of particle type 1
Reading in 'PartType4/ParticleIDs' for z = 13.0 using 8 thread(s) took 0.078745s
Reading in 'PartType4/ParticleIDs' for z = 14.0 using 8 thread(s) took 0.205323s
Reading in 'Subhalo/SubGroupNumber' for z = 14.0 using 8 thread(s) took 0.19035s
Reading in 'Subhalo/GroupNumber' for z = 14.0 using 8 thread(s) took 0.103938s
Reading in 'Subhalo/ApertureMeasurements/Mass/030kpc' for z = 14.0 using 8 thread(s) took 0.111553s
Reading in 'PartType4/Mass' for z = 14.0 using 8 thread(s) took 0.070726s
Reading in 'PartType4/ParticleIDs' for z = 12.0 using 8 thread(s) took 2.774553s
Reading in 'Subhalo/SubGroupNumber' for z = 12.0 using 8 thread(s) took 1.895658s
Reading in 'Subhalo/GroupNumber' for z = 12.0 using 8 thread(s) took 0.136947s
Reading in 'Subhalo/ApertureMeasurements/Mass/030kpc' for z = 12.0 using 8 thread(s) took 0.109458s
Reading in 'PartType4/Mass' for z = 12.0 using 8 thread(s) took 0.081957s
Reading in 'PartType4/ParticleIDs' for z = 13.0 using 8 thread(s) took 0.077017s
Reading in 'PartType4/GroupNumber' for z = 13.0 using 8 thread(s) took 0.070457s
Reading in 'PartType4/SubGroupNumber' for z = 13.0 using 8 thread(s) took 0.069734s
Reading in 'PartType4/GroupNumber' for z = 14.0 using 8 thread(s) took 0.072546s
Reading in 'PartType4/SubGroupNumber' for z = 14.0 using 8 thread(s) took 0.073994s
Reading in 'PartType4/ParticleIDs' for z = 14.0 using 8 thread(s) took 0.077159s
Reading in 'PartType4/GroupNumber' for z = 12.0 using 8 thread(s) took 0.075809s
Reading in 'PartType4/SubGroupNumber' for z = 12.0 using 8 thread(s) took 0.077025s
Reading in 'PartType4/ParticleIDs' for z = 12.0 using 8 thread(s) took 0.07983s
Graph progress:  0 % 57.0
Graph progress:  1 % 452.0
Graph progress:  2 % 208.0
Graph progress:  3 % 366.0
Graph progress:  4 % 74.00001
Graph progress:  5 % 388.0
Graph progress:  6 % 39.0
Graph progress:  7 % 371.0
Graph progress:  8 % 1035.0
Graph progress:  9 % 788.0
Graph progress:  10 % 1932.0
Graph progress:  11 % 1315.0
Graph progress:  12 % 486.0
Graph progress:  13 % 398.0
Graph progress:  14 % 734.0
Graph progress:  15 % 52.0
Graph progress:  16 % 526.0
Graph progress:  17 % 736.0
Graph progress:  18 % 102.0
Graph progress:  19 % 491.0
Graph progress:  20 % 1948.0
Graph progress:  21 % 695.0
Graph progress:  22 % 49.00002
Graph progress:  23 % 579.0
Graph progress:  24 % 1199.0
Graph progress:  25 % 234.0
Graph progress:  26 % 9.0
Graph progress:  27 % 96.00001
Graph progress:  28 % 612.0
Graph progress:  29 % 36.00001
Graph progress:  30 % 376.0
Graph progress:  31 % 475.0
Graph progress:  32 % 392.0
Graph progress:  33 % 26.00001
Graph progress:  34 % 363.0
Graph progress:  35 % 238.0
Graph progress:  36 % 205.0
Graph progress:  37 % 127.0
Graph progress:  38 % 86.0
Graph progress:  39 % 197.0
Graph progress:  40 % 146.0
Graph progress:  41 % 16.00001
Graph progress:  42 % 723.0
Graph progress:  43 % 37.0
Graph progress:  44 % 1.00004
Graph progress:  45 % 1.0
Graph progress:  46 % 274.0
Graph progress:  47 % 180.0
Graph progress:  48 % 372.0
Graph progress:  49 % 212.0
Graph progress:  50 % 227.0
Graph progress:  51 % 409.0
Graph progress:  52 % 253.0
Graph progress:  53 % 45.00001
Graph progress:  54 % 13.00001
Graph progress:  55 % 18.00001
Graph progress:  56 % 702.0
Graph progress:  57 % 41.0
Graph progress:  58 % 381.0
Graph progress:  59 % 357.0
Graph progress:  60 % 471.0
Graph progress:  61 % 933.0
Graph progress:  62 % 243.0
Graph progress:  63 % 500.0
Graph progress:  64 % 275.0
Graph progress:  65 % 265.0
Graph progress:  66 % 1142.0
Graph progress:  67 % 14.0
Graph progress:  68 % 374.0
Graph progress:  69 % 44.0
Graph progress:  70 % 108.0
Graph progress:  71 % 676.0
Graph progress:  72 % 29.0
Graph progress:  73 % 433.0
Graph progress:  74 % 425.0
Graph progress:  75 % 337.0
Graph progress:  76 % 745.0
Graph progress:  77 % 8.00001
Graph progress:  78 % 33.0
Graph progress:  79 % 35.0
Graph progress:  80 % 529.0
Graph progress:  81 % 4.0
Graph progress:  82 % 1820.0
Graph progress:  83 % 64.0
Graph progress:  84 % 138.0
Graph progress:  85 % 176.0
Graph progress:  86 % 325.0
Graph progress:  87 % 815.0
Graph progress:  88 % 323.0
Graph progress:  89 % 875.0
Graph progress:  90 % 1464.0
Graph progress:  91 % 774.0
Graph progress:  92 % 120.0
Graph progress:  93 % 1059.0
Graph progress:  94 % 360.0
Graph progress:  95 % 277.0
Graph progress:  96 % 583.0
Graph progress:  97 % 397.0
Graph progress:  98 % 51.0
Graph progress:  99 % 312.0
Processed 409 halos in snapshot 002_z013p000 of particle type 4
Reading in 'PartType5/ParticleIDs' for z = 13.0 using 8 thread(s) took 0.063294s
Reading in 'PartType5/ParticleIDs' for z = 14.0 using 8 thread(s) took 0.061029s
Reading in 'Subhalo/SubGroupNumber' for z = 14.0 using 8 thread(s) took 0.108092s
Reading in 'Subhalo/GroupNumber' for z = 14.0 using 8 thread(s) took 0.111877s
Reading in 'Subhalo/ApertureMeasurements/Mass/030kpc' for z = 14.0 using 8 thread(s) took 0.108727s
Reading in 'PartType5/Mass' for z = 14.0 using 8 thread(s) took 0.066684s
Reading in 'PartType5/ParticleIDs' for z = 12.0 using 8 thread(s) took 0.082967s
Reading in 'Subhalo/SubGroupNumber' for z = 12.0 using 8 thread(s) took 0.098907s
Reading in 'Subhalo/GroupNumber' for z = 12.0 using 8 thread(s) took 0.110555s
Reading in 'Subhalo/ApertureMeasurements/Mass/030kpc' for z = 12.0 using 8 thread(s) took 0.111563s
Reading in 'PartType5/Mass' for z = 12.0 using 8 thread(s) took 0.067647s
Reading in 'PartType5/ParticleIDs' for z = 13.0 using 8 thread(s) took 0.063328s
Reading in 'PartType5/GroupNumber' for z = 13.0 using 8 thread(s) took 0.063979s
Reading in 'PartType5/SubGroupNumber' for z = 13.0 using 8 thread(s) took 0.061044s
Reading in 'PartType5/GroupNumber' for z = 14.0 using 8 thread(s) took 0.064987s
Reading in 'PartType5/SubGroupNumber' for z = 14.0 using 8 thread(s) took 0.06721s
Reading in 'PartType5/ParticleIDs' for z = 14.0 using 8 thread(s) took 0.064907s
Reading in 'PartType5/GroupNumber' for z = 12.0 using 8 thread(s) took 0.059794s
Reading in 'PartType5/SubGroupNumber' for z = 12.0 using 8 thread(s) took 0.067675s
Reading in 'PartType5/ParticleIDs' for z = 12.0 using 8 thread(s) took 0.066577s
Graph progress:  0 % 1.00004
Processed 1 halos in snapshot 002_z013p000 of particle type 5
Reading in 'PartType0/ParticleIDs' for z = 13.0 using 8 thread(s) took 6.775886s
Reading in 'PartType0/ParticleIDs' for z = 14.0 using 8 thread(s) took 6.904829s
Reading in 'Subhalo/SubGroupNumber' for z = 14.0 using 8 thread(s) took 0.180255s
Reading in 'Subhalo/GroupNumber' for z = 14.0 using 8 thread(s) took 0.141091s
Reading in 'Subhalo/ApertureMeasurements/Mass/030kpc' for z = 14.0 using 8 thread(s) took 0.148491s
Reading in 'PartType0/Mass' for z = 14.0 using 8 thread(s) took 0.115241s
Reading in 'PartType0/ParticleIDs' for z = 12.0 using 8 thread(s) took 7.255322s
Reading in 'Subhalo/SubGroupNumber' for z = 12.0 using 8 thread(s) took 0.171054s
Reading in 'Subhalo/GroupNumber' for z = 12.0 using 8 thread(s) took 0.150096s
Reading in 'Subhalo/ApertureMeasurements/Mass/030kpc' for z = 12.0 using 8 thread(s) took 0.175002s
Reading in 'PartType0/Mass' for z = 12.0 using 8 thread(s) took 0.128887s
Reading in 'PartType0/ParticleIDs' for z = 13.0 using 8 thread(s) took 0.148445s
Reading in 'PartType0/GroupNumber' for z = 13.0 using 8 thread(s) took 0.144769s
Reading in 'PartType0/SubGroupNumber' for z = 13.0 using 8 thread(s) took 0.136204s
Reading in 'PartType0/GroupNumber' for z = 14.0 using 8 thread(s) took 0.175215s
Reading in 'PartType0/SubGroupNumber' for z = 14.0 using 8 thread(s) took 0.155711s
Reading in 'PartType0/ParticleIDs' for z = 14.0 using 8 thread(s) took 0.168577s
Reading in 'PartType0/GroupNumber' for z = 12.0 using 8 thread(s) took 0.17681s
Reading in 'PartType0/SubGroupNumber' for z = 12.0 using 8 thread(s) took 0.196068s
Reading in 'PartType0/ParticleIDs' for z = 12.0 using 8 thread(s) took 0.213045s
Graph progress:  0 % 748.0
Graph progress:  1 % 3019.0
Graph progress:  2 % 1034.00001
Graph progress:  3 % 2629.0
Graph progress:  4 % 3905.0
Graph progress:  5 % 4888.0
Graph progress:  6 % 1241.0
Graph progress:  7 % 541.0
Graph progress:  8 % 879.0
Graph progress:  9 % 1824.0
Graph progress:  10 % 2265.0
Graph progress:  11 % 4175.0
Graph progress:  12 % 1794.0
Graph progress:  13 % 1450.0
Graph progress:  14 % 3194.0
Graph progress:  15 % 3888.0
Graph progress:  16 % 2295.0
Graph progress:  17 % 1477.00001
Graph progress:  18 % 4639.0
Graph progress:  19 % 1149.0
Graph progress:  20 % 3821.0
Graph progress:  21 % 1457.0
Graph progress:  22 % 1288.0
Graph progress:  23 % 4524.0
Graph progress:  24 % 860.0
Graph progress:  25 % 3114.0
Graph progress:  26 % 2073.0
Graph progress:  27 % 4061.0
Graph progress:  28 % 2000.0
Graph progress:  29 % 770.0
Graph progress:  30 % 1347.0
Graph progress:  31 % 2653.0
Graph progress:  32 % 2109.0
Graph progress:  33 % 174.0
Graph progress:  34 % 4394.0
Graph progress:  35 % 1065.0
Graph progress:  36 % 3940.0
Graph progress:  37 % 2792.0
Graph progress:  38 % 89.0
Graph progress:  39 % 750.0
Graph progress:  40 % 2426.0
Graph progress:  41 % 978.0
Graph progress:  42 % 4496.0
Graph progress:  43 % 1534.0
Graph progress:  44 % 3403.0
Graph progress:  45 % 2895.0
Graph progress:  46 % 729.0
Graph progress:  47 % 3922.0
Graph progress:  48 % 1414.0
Graph progress:  49 % 1.00002
Graph progress:  50 % 4098.0
Graph progress:  51 % 5241.0
Graph progress:  52 % 1827.0
Graph progress:  53 % 1303.0
Graph progress:  54 % 3217.0
Graph progress:  55 % 4675.0
Graph progress:  56 % 2456.0
Graph progress:  57 % 4634.0
Graph progress:  58 % 757.0
Graph progress:  59 % 5205.0
Graph progress:  60 % 648.0
Graph progress:  61 % 1358.0
Graph progress:  62 % 436.00001
Graph progress:  63 % 500.0
Graph progress:  64 % 454.0
Graph progress:  65 % 168.00001
Graph progress:  66 % 4901.0
Graph progress:  67 % 3452.0
Graph progress:  68 % 4015.0
Graph progress:  69 % 743.00001
Graph progress:  70 % 4992.0
Graph progress:  71 % 1993.0
Graph progress:  72 % 1801.0
Graph progress:  73 % 1601.0
Graph progress:  74 % 1280.0
Graph progress:  75 % 4154.0
Graph progress:  76 % 4292.0
Graph progress:  77 % 4540.0
Graph progress:  78 % 4044.0
Graph progress:  79 % 3092.0
Graph progress:  80 % 337.0
Graph progress:  81 % 173.00001
Graph progress:  82 % 2034.0
Graph progress:  83 % 19.0
Graph progress:  84 % 5281.0
Graph progress:  85 % 2491.0
Graph progress:  86 % 3419.0
Graph progress:  87 % 3972.0
Graph progress:  88 % 1030.0
Graph progress:  89 % 1536.0
Graph progress:  90 % 2345.0
Graph progress:  91 % 3060.0
Graph progress:  92 % 1665.0
Graph progress:  93 % 1046.0
Graph progress:  94 % 2586.0
Graph progress:  95 % 4956.0
Graph progress:  96 % 3680.0
Graph progress:  97 % 4253.0
Graph progress:  98 % 787.0
Graph progress:  99 % 2721.0
Processed 5779 halos in snapshot 002_z013p000 of particle type 0
Write progress:  0 % 748.0
Write progress:  1 % 2090.0
Write progress:  2 % 424.0
Write progress:  3 % 431.0
Write progress:  4 % 366.0
Write progress:  5 % 3193.0
Write progress:  6 % 3133.0
Write progress:  7 % 4262.0
Write progress:  8 % 3626.0
Write progress:  9 % 1562.0
Write progress:  10 % 1873.0
Write progress:  11 % 2925.0
Write progress:  12 % 4563.00001
Write progress:  13 % 4643.0
Write progress:  14 % 573.0
Write progress:  15 % 1458.0
Write progress:  16 % 2072.0
Write progress:  17 % 1290.0
Write progress:  18 % 2030.0
Write progress:  19 % 3165.0
Write progress:  20 % 844.0
Write progress:  21 % 1096.0
Write progress:  22 % 707.0
Write progress:  23 % 4405.0
Write progress:  24 % 1235.0
Write progress:  25 % 1727.0
Write progress:  26 % 1164.0
Write progress:  27 % 3111.0
Write progress:  28 % 5280.0
Write progress:  29 % 273.0
Write progress:  30 % 3469.0
Write progress:  31 % 104.0
Write progress:  32 % 93.00001
Write progress:  33 % 196.00001
Write progress:  34 % 63.00001
Write progress:  35 % 2478.0
Write progress:  36 % 60.0
Write progress:  37 % 791.0
Write progress:  38 % 3223.0
Write progress:  39 % 3327.0
Write progress:  40 % 3104.0
Write progress:  41 % 4827.0
Write progress:  42 % 1917.0
Write progress:  43 % 2802.0
Write progress:  44 % 3329.0
Write progress:  45 % 3426.0
Write progress:  46 % 3427.0
Write progress:  47 % 406.0
Write progress:  48 % 678.00001
Write progress:  49 % 3863.0
Write progress:  50 % 3318.0
Write progress:  51 % 2685.0
Write progress:  52 % 4798.0
Write progress:  53 % 1698.0
Write progress:  54 % 3506.0
Write progress:  55 % 530.0
Write progress:  56 % 570.0
Write progress:  57 % 673.0
Write progress:  58 % 5138.0
Write progress:  59 % 518.0
Write progress:  60 % 4895.0
Write progress:  61 % 4974.0
Write progress:  62 % 2832.0
Write progress:  63 % 3095.0
Write progress:  64 % 1958.0
Write progress:  65 % 2277.0
Write progress:  66 % 958.00001
Write progress:  67 % 1264.0
Write progress:  68 % 3649.0
Write progress:  69 % 988.0
Write progress:  70 % 106.00002
Write progress:  71 % 4479.0
Write progress:  72 % 1485.0
Write progress:  73 % 4915.0
Write progress:  74 % 3718.0
Write progress:  75 % 4382.0
Write progress:  76 % 124.0
Write progress:  77 % 3720.0
Write progress:  78 % 2180.0
Write progress:  79 % 617.0
Write progress:  80 % 1914.0
Write progress:  81 % 3033.0
Write progress:  82 % 459.00001
Write progress:  83 % 576.0
Write progress:  84 % 2112.00001
Write progress:  85 % 4153.0
Write progress:  86 % 5183.0
Write progress:  87 % 4329.0
Write progress:  88 % 1030.0
Write progress:  89 % 3119.0
Write progress:  90 % 156.00001
Write progress:  91 % 2307.0
Write progress:  92 % 1691.0
Write progress:  93 % 1046.0
Write progress:  94 % 4169.0
Write progress:  95 % 46.0
Write progress:  96 % 2447.0
Write progress:  97 % 2046.0
Write progress:  98 % 3990.0
Write progress:  99 % 2721.0
Job done, info follows...
       JobID    JobName  Partition     MaxRSS    Elapsed ExitCode 
------------ ---------- ---------- ---------- ---------- -------- 
2042958_171  MEGA-FLAR+     cosma6              00:04:04      0:0 
2042958_171+     extern                         00:04:04      0:0 
