====
Starting job 2043215 at Thu 23 Apr 23:31:36 BST 2020 for user dc-rope1.
Running on nodes: m6308
====
120
('29', None, '000_z015p000', '001_z014p000')
Reading in 'PartType1/ParticleIDs' for z = 15.0 using 8 thread(s) took 8.525549s
Reading in 'PartType1/ParticleIDs' for z = 15.0 using 8 thread(s) took 2.715813s
Reading in 'PartType1/GroupNumber' for z = 15.0 using 8 thread(s) took 0.086137s
Reading in 'PartType1/SubGroupNumber' for z = 15.0 using 8 thread(s) took 0.061873s
Reading in 'PartType1/GroupNumber' for z = 14.0 using 8 thread(s) took 4.853157s
Reading in 'PartType1/SubGroupNumber' for z = 14.0 using 8 thread(s) took 0.109957s
Reading in 'PartType1/ParticleIDs' for z = 14.0 using 8 thread(s) took 0.091627s
Graph progress:  0 % 365.0
Graph progress:  1 % 142.0
Graph progress:  2 % 166.0
Graph progress:  3 % 374.0
Graph progress:  4 % 43.0
Graph progress:  5 % 51.0
Graph progress:  6 % 146.0
Graph progress:  7 % 296.0
Graph progress:  8 % 175.0
Graph progress:  9 % 156.0
Graph progress:  10 % 121.0
Graph progress:  11 % 677.0
Graph progress:  12 % 25.0
Graph progress:  13 % 240.0
Graph progress:  14 % 779.0
Graph progress:  15 % 41.0
Graph progress:  16 % 46.0
Graph progress:  17 % 5.0
Graph progress:  18 % 291.0
Graph progress:  19 % 356.0
Graph progress:  20 % 732.0
Graph progress:  21 % 298.0
Graph progress:  22 % 557.0
Graph progress:  23 % 379.0
Graph progress:  24 % 392.0
Graph progress:  25 % 307.0
Graph progress:  26 % 529.0
Graph progress:  27 % 609.0
Graph progress:  28 % 386.0
Graph progress:  29 % 862.0
Graph progress:  30 % 27.00001
Graph progress:  31 % 118.0
Graph progress:  32 % 26.0
Graph progress:  33 % 237.0
Graph progress:  34 % 415.0
Graph progress:  35 % 628.0
Graph progress:  36 % 133.0
Graph progress:  37 % 806.0
Graph progress:  38 % 448.0
Graph progress:  39 % 161.0
Graph progress:  40 % 526.0
Graph progress:  41 % 47.0
Graph progress:  42 % 28.0
Graph progress:  43 % 510.0
Graph progress:  44 % 416.0
Graph progress:  45 % 671.0
Graph progress:  46 % 837.0
Graph progress:  47 % 838.0
Graph progress:  48 % 775.0
Graph progress:  49 % 579.0
Graph progress:  50 % 367.0
Graph progress:  51 % 208.0
Graph progress:  52 % 109.0
Graph progress:  53 % 260.0
Graph progress:  54 % 777.0
Graph progress:  55 % 64.0
Graph progress:  56 % 413.0
Graph progress:  57 % 508.0
Graph progress:  58 % 485.0
Graph progress:  59 % 584.0
Graph progress:  60 % 574.0
Graph progress:  61 % 186.0
Graph progress:  62 % 61.0
Graph progress:  63 % 52.0
Graph progress:  64 % 104.0
Graph progress:  65 % 130.0
Graph progress:  66 % 183.0
Graph progress:  67 % 93.0
Graph progress:  68 % 66.0
Graph progress:  69 % 227.0
Graph progress:  70 % 474.0
Graph progress:  71 % 543.0
Graph progress:  72 % 587.0
Graph progress:  73 % 444.0
Graph progress:  74 % 454.0
Graph progress:  75 % 612.0
Graph progress:  76 % 251.0
Graph progress:  77 % 441.0
Graph progress:  78 % 148.0
Graph progress:  79 % 65.0
Graph progress:  80 % 417.0
Graph progress:  81 % 267.0
Graph progress:  82 % 4.00001
Graph progress:  83 % 137.0
Graph progress:  84 % 215.0
Graph progress:  85 % 842.0
Graph progress:  86 % 706.0
Graph progress:  87 % 290.0
Graph progress:  88 % 504.0
Graph progress:  89 % 716.0
Graph progress:  90 % 357.0
Graph progress:  91 % 616.0
Graph progress:  92 % 1.00001
Graph progress:  93 % 647.0
Graph progress:  94 % 424.0
Graph progress:  95 % 274.0
Graph progress:  96 % 809.0
Graph progress:  97 % 620.0
Graph progress:  98 % 68.00001
Graph progress:  99 % 554.0
Processed 871 halos in snapshot 000_z015p000 of particle type 1
Reading in 'PartType4/ParticleIDs' for z = 15.0 using 8 thread(s) took 0.344289s
Reading in 'PartType4/ParticleIDs' for z = 14.0 using 8 thread(s) took 2.167646s
Reading in 'Subhalo/SubGroupNumber' for z = 14.0 using 8 thread(s) took 2.336963s
Reading in 'Subhalo/GroupNumber' for z = 14.0 using 8 thread(s) took 0.125015s
Reading in 'Subhalo/ApertureMeasurements/Mass/030kpc' for z = 14.0 using 8 thread(s) took 0.094736s
Reading in 'PartType4/Mass' for z = 14.0 using 8 thread(s) took 0.058769s
Reading in 'PartType4/ParticleIDs' for z = 15.0 using 8 thread(s) took 0.056504s
Reading in 'PartType4/GroupNumber' for z = 15.0 using 8 thread(s) took 0.062898s
Reading in 'PartType4/SubGroupNumber' for z = 15.0 using 8 thread(s) took 0.060443s
Reading in 'PartType4/GroupNumber' for z = 14.0 using 8 thread(s) took 0.055611s
Reading in 'PartType4/SubGroupNumber' for z = 14.0 using 8 thread(s) took 0.056151s
Reading in 'PartType4/ParticleIDs' for z = 14.0 using 8 thread(s) took 0.057138s
Graph progress:  0 % 51.0
Graph progress:  4 % 43.0
Graph progress:  9 % 31.0
Graph progress:  13 % 38.0
Graph progress:  18 % 23.0
Graph progress:  22 % 14.0
Graph progress:  27 % 20.0
Graph progress:  31 % 16.0
Graph progress:  36 % 185.0
Graph progress:  40 % 6.0
Graph progress:  45 % 22.0
Graph progress:  50 % 133.0
Graph progress:  54 % 26.0
Graph progress:  59 % 88.0
Graph progress:  63 % 7.0
Graph progress:  68 % 13.0
Graph progress:  72 % 8.0
Graph progress:  77 % 53.0
Graph progress:  81 % 115.0
Graph progress:  86 % 2.0
Graph progress:  90 % 10.0
Graph progress:  95 % 1.0
Processed 22 halos in snapshot 000_z015p000 of particle type 4
Reading in 'PartType5/ParticleIDs' for z = 15.0 using 8 thread(s) took 0.049853s
Reading in 'PartType5/ParticleIDs' for z = 14.0 using 8 thread(s) took 0.054982s
Reading in 'Subhalo/SubGroupNumber' for z = 14.0 using 8 thread(s) took 0.08727s
Reading in 'Subhalo/GroupNumber' for z = 14.0 using 8 thread(s) took 0.09054s
Reading in 'Subhalo/ApertureMeasurements/Mass/030kpc' for z = 14.0 using 8 thread(s) took 0.093514s
Reading in 'PartType5/Mass' for z = 14.0 using 8 thread(s) took 0.056265s
Reading in 'PartType5/ParticleIDs' for z = 15.0 using 8 thread(s) took 0.056726s
Reading in 'PartType5/GroupNumber' for z = 15.0 using 8 thread(s) took 0.054813s
Reading in 'PartType5/SubGroupNumber' for z = 15.0 using 8 thread(s) took 0.053872s
Reading in 'PartType5/GroupNumber' for z = 14.0 using 8 thread(s) took 0.050778s
Reading in 'PartType5/SubGroupNumber' for z = 14.0 using 8 thread(s) took 0.052442s
Reading in 'PartType5/ParticleIDs' for z = 14.0 using 8 thread(s) took 0.055064s
Processed 0 halos in snapshot 000_z015p000 of particle type 5
Reading in 'PartType0/ParticleIDs' for z = 15.0 using 8 thread(s) took 9.786007s
Reading in 'PartType0/ParticleIDs' for z = 14.0 using 8 thread(s) took 6.748408s
Reading in 'Subhalo/SubGroupNumber' for z = 14.0 using 8 thread(s) took 0.165461s
Reading in 'Subhalo/GroupNumber' for z = 14.0 using 8 thread(s) took 0.13465s
Reading in 'Subhalo/ApertureMeasurements/Mass/030kpc' for z = 14.0 using 8 thread(s) took 0.138136s
Reading in 'PartType0/Mass' for z = 14.0 using 8 thread(s) took 0.106402s
Reading in 'PartType0/ParticleIDs' for z = 15.0 using 8 thread(s) took 0.119525s
Reading in 'PartType0/GroupNumber' for z = 15.0 using 8 thread(s) took 0.114764s
Reading in 'PartType0/SubGroupNumber' for z = 15.0 using 8 thread(s) took 0.11316s
Reading in 'PartType0/GroupNumber' for z = 14.0 using 8 thread(s) took 0.145241s
Reading in 'PartType0/SubGroupNumber' for z = 14.0 using 8 thread(s) took 0.132189s
Reading in 'PartType0/ParticleIDs' for z = 14.0 using 8 thread(s) took 0.132311s
Graph progress:  0 % 365.0
Graph progress:  1 % 114.0
Graph progress:  2 % 166.0
Graph progress:  3 % 374.0
Graph progress:  4 % 43.0
Graph progress:  5 % 473.0
Graph progress:  6 % 301.0
Graph progress:  7 % 233.0
Graph progress:  8 % 55.0
Graph progress:  9 % 329.0
Graph progress:  10 % 57.0
Graph progress:  11 % 552.0
Graph progress:  12 % 44.0
Graph progress:  13 % 596.0
Graph progress:  14 % 422.0
Graph progress:  15 % 41.0
Graph progress:  16 % 547.0
Graph progress:  17 % 678.0
Graph progress:  18 % 291.0
Graph progress:  19 % 76.0
Graph progress:  20 % 213.0
Graph progress:  21 % 402.0
Graph progress:  22 % 800.0
Graph progress:  23 % 563.0
Graph progress:  24 % 858.0
Graph progress:  25 % 436.0
Graph progress:  26 % 380.0
Graph progress:  27 % 253.0
Graph progress:  28 % 386.0
Graph progress:  29 % 859.0
Graph progress:  30 % 371.0
Graph progress:  31 % 624.0
Graph progress:  32 % 482.0
Graph progress:  33 % 26.0
Graph progress:  34 % 669.0
Graph progress:  35 % 628.0
Graph progress:  36 % 133.0
Graph progress:  37 % 806.0
Graph progress:  38 % 492.0
Graph progress:  39 % 161.0
Graph progress:  40 % 526.0
Graph progress:  41 % 644.0
Graph progress:  42 % 372.0
Graph progress:  43 % 128.0
Graph progress:  44 % 127.0
Graph progress:  45 % 15.0
Graph progress:  46 % 279.0
Graph progress:  47 % 698.0
Graph progress:  48 % 686.0
Graph progress:  49 % 579.0
Graph progress:  50 % 367.0
Graph progress:  51 % 765.0
Graph progress:  52 % 109.0
Graph progress:  53 % 190.0
Graph progress:  54 % 711.0
Graph progress:  55 % 64.0
Graph progress:  56 % 550.0
Graph progress:  57 % 168.0
Graph progress:  58 % 796.0
Graph progress:  59 % 486.0
Graph progress:  60 % 45.0
Graph progress:  61 % 254.0
Graph progress:  62 % 184.0
Graph progress:  63 % 685.0
Graph progress:  64 % 798.0
Graph progress:  65 % 286.0
Graph progress:  66 % 316.0
Graph progress:  67 % 78.0
Graph progress:  68 % 66.0
Graph progress:  69 % 227.0
Graph progress:  70 % 474.0
Graph progress:  71 % 543.0
Graph progress:  72 % 587.0
Graph progress:  73 % 444.0
Graph progress:  74 % 454.0
Graph progress:  75 % 612.0
Graph progress:  76 % 251.0
Graph progress:  77 % 441.0
Graph progress:  78 % 148.0
Graph progress:  79 % 65.0
Graph progress:  80 % 417.0
Graph progress:  81 % 267.0
Graph progress:  82 % 4.00001
Graph progress:  83 % 137.0
Graph progress:  84 % 733.0
Graph progress:  85 % 723.0
Graph progress:  86 % 706.0
Graph progress:  87 % 457.0
Graph progress:  88 % 536.0
Graph progress:  89 % 607.0
Graph progress:  90 % 741.0
Graph progress:  91 % 616.0
Graph progress:  92 % 1.0
Graph progress:  93 % 647.0
Graph progress:  94 % 424.0
Graph progress:  95 % 274.0
Graph progress:  96 % 809.0
Graph progress:  97 % 620.0
Graph progress:  98 % 68.00001
Graph progress:  99 % 554.0
Processed 871 halos in snapshot 000_z015p000 of particle type 0
Write progress:  0 % 365.0
Write progress:  1 % 142.0
Write progress:  2 % 166.0
Write progress:  3 % 374.0
Write progress:  4 % 43.0
Write progress:  5 % 51.0
Write progress:  6 % 146.0
Write progress:  7 % 296.0
Write progress:  8 % 175.0
Write progress:  9 % 156.0
Write progress:  10 % 121.0
Write progress:  11 % 677.0
Write progress:  12 % 25.0
Write progress:  13 % 240.0
Write progress:  14 % 779.0
Write progress:  15 % 41.0
Write progress:  16 % 46.0
Write progress:  17 % 5.0
Write progress:  18 % 291.0
Write progress:  19 % 356.0
Write progress:  20 % 732.0
Write progress:  21 % 298.0
Write progress:  22 % 557.0
Write progress:  23 % 379.0
Write progress:  24 % 392.0
Write progress:  25 % 307.0
Write progress:  26 % 529.0
Write progress:  27 % 609.0
Write progress:  28 % 386.0
Write progress:  29 % 862.0
Write progress:  30 % 27.00001
Write progress:  31 % 118.0
Write progress:  32 % 26.0
Write progress:  33 % 237.0
Write progress:  34 % 415.0
Write progress:  35 % 628.0
Write progress:  36 % 133.0
Write progress:  37 % 806.0
Write progress:  38 % 448.0
Write progress:  39 % 161.0
Write progress:  40 % 526.0
Write progress:  41 % 47.0
Write progress:  42 % 28.0
Write progress:  43 % 510.0
Write progress:  44 % 416.0
Write progress:  45 % 671.0
Write progress:  46 % 837.0
Write progress:  47 % 838.0
Write progress:  48 % 775.0
Write progress:  49 % 579.0
Write progress:  50 % 367.0
Write progress:  51 % 208.0
Write progress:  52 % 109.0
Write progress:  53 % 260.0
Write progress:  54 % 777.0
Write progress:  55 % 64.0
Write progress:  56 % 413.0
Write progress:  57 % 508.0
Write progress:  58 % 485.0
Write progress:  59 % 584.0
Write progress:  60 % 574.0
Write progress:  61 % 186.0
Write progress:  62 % 61.0
Write progress:  63 % 52.0
Write progress:  64 % 104.0
Write progress:  65 % 130.0
Write progress:  66 % 183.0
Write progress:  67 % 93.0
Write progress:  68 % 66.0
Write progress:  69 % 227.0
Write progress:  70 % 474.0
Write progress:  71 % 543.0
Write progress:  72 % 587.0
Write progress:  73 % 444.0
Write progress:  74 % 454.0
Write progress:  75 % 612.0
Write progress:  76 % 251.0
Write progress:  77 % 441.0
Write progress:  78 % 148.0
Write progress:  79 % 65.0
Write progress:  80 % 417.0
Write progress:  81 % 267.0
Write progress:  82 % 4.00001
Write progress:  83 % 137.0
Write progress:  84 % 215.0
Write progress:  85 % 842.0
Write progress:  86 % 706.0
Write progress:  87 % 290.0
Write progress:  88 % 504.0
Write progress:  89 % 716.0
Write progress:  90 % 357.0
Write progress:  91 % 616.0
Write progress:  92 % 1.00001
Write progress:  93 % 647.0
Write progress:  94 % 424.0
Write progress:  95 % 274.0
Write progress:  96 % 809.0
Write progress:  97 % 620.0
Write progress:  98 % 68.00001
Write progress:  99 % 554.0
Job done, info follows...
       JobID    JobName  Partition     MaxRSS    Elapsed ExitCode 
------------ ---------- ---------- ---------- ---------- -------- 
2042958_121  MEGA-FLAR+     cosma6              00:01:55      0:0 
2042958_121+     extern                         00:01:55      0:0 
