====
Starting job 2043417 at Fri 24 Apr 01:20:54 BST 2020 for user dc-rope1.
Running on nodes: m6455
====
311
('14', '010_z005p000', '011_z004p770', None)
Reading in 'PartType1/ParticleIDs' for z = 4.77 using 8 thread(s) took 10.447644s
Reading in 'PartType1/ParticleIDs' for z = 4.77 using 8 thread(s) took 6.63236s
Reading in 'PartType1/GroupNumber' for z = 4.77 using 8 thread(s) took 2.570473s
Reading in 'PartType1/SubGroupNumber' for z = 4.77 using 8 thread(s) took 2.277298s
Reading in 'PartType1/GroupNumber' for z = 5.0 using 8 thread(s) took 3.143624s
Reading in 'PartType1/SubGroupNumber' for z = 5.0 using 8 thread(s) took 2.620789s
Reading in 'PartType1/ParticleIDs' for z = 5.0 using 8 thread(s) took 4.243409s
Graph progress:  0 % 1296.0
Graph progress:  1 % 155043.0
Graph progress:  2 % 307.00004
Graph progress:  3 % 210977.0
Graph progress:  4 % 117710.0
Graph progress:  5 % 26610.0
Graph progress:  6 % 105416.0
Graph progress:  7 % 89921.0
Graph progress:  8 % 25421.00001
Graph progress:  9 % 16978.00001
Graph progress:  10 % 23521.00001
Graph progress:  11 % 83756.0
Graph progress:  12 % 162798.0
Graph progress:  13 % 137980.0
Graph progress:  14 % 3949.00006
Graph progress:  15 % 209153.0
Graph progress:  16 % 155191.0
Graph progress:  17 % 4053.00001
Graph progress:  18 % 242223.0
Graph progress:  19 % 9974.00001
Graph progress:  20 % 332011.0
Graph progress:  21 % 144265.0
Graph progress:  22 % 188796.0
Graph progress:  23 % 305885.0
Graph progress:  24 % 41450.0
Graph progress:  25 % 9635.00002
Graph progress:  26 % 340132.0
Graph progress:  27 % 173334.0
Graph progress:  28 % 66283.0
Graph progress:  29 % 14028.0
Graph progress:  30 % 47674.0
Graph progress:  31 % 10326.00002
Graph progress:  32 % 19820.00001
Graph progress:  33 % 176417.0
Graph progress:  34 % 50504.0
Graph progress:  35 % 150117.0
Graph progress:  36 % 98730.0
Graph progress:  37 % 269999.0
Graph progress:  38 % 8540.00001
Graph progress:  39 % 98378.0
Graph progress:  40 % 226177.0
Graph progress:  41 % 120943.0
Graph progress:  42 % 111956.0
Graph progress:  43 % 196684.0
Graph progress:  44 % 49225.0
Graph progress:  45 % 284179.0
Graph progress:  46 % 10961.0
Graph progress:  47 % 12674.00001
Graph progress:  48 % 15725.0
Graph progress:  49 % 110235.0
Graph progress:  50 % 9141.00001
Graph progress:  51 % 262182.0
Graph progress:  52 % 324382.0
Graph progress:  53 % 76544.0
Graph progress:  54 % 114039.0
Graph progress:  55 % 51856.0
Graph progress:  56 % 17320.0
Graph progress:  57 % 168382.0
Graph progress:  58 % 22.00113
Graph progress:  59 % 299815.0
Graph progress:  60 % 294151.0
Graph progress:  61 % 69010.0
Graph progress:  62 % 597.00015
Graph progress:  63 % 209.00019
Graph progress:  64 % 302417.0
Graph progress:  65 % 337312.0
Graph progress:  66 % 55592.0
Graph progress:  67 % 12115.00001
Graph progress:  68 % 641.00004
Graph progress:  69 % 149163.0
Graph progress:  70 % 210073.0
Graph progress:  71 % 33456.0
Graph progress:  72 % 302652.0
Graph progress:  73 % 27314.0
Graph progress:  74 % 311646.0
Graph progress:  75 % 165851.0
Graph progress:  76 % 329725.0
Graph progress:  77 % 89292.0
Graph progress:  78 % 237804.0
Graph progress:  79 % 180884.0
Graph progress:  80 % 203860.0
Graph progress:  81 % 307268.0
Graph progress:  82 % 307667.0
Graph progress:  83 % 2353.00003
Graph progress:  84 % 55933.0
Graph progress:  85 % 287092.0
Graph progress:  86 % 244081.0
Graph progress:  87 % 153614.0
Graph progress:  88 % 66423.0
Graph progress:  89 % 15275.00001
Graph progress:  90 % 424.00002
Graph progress:  91 % 323741.0
Graph progress:  92 % 181293.0
Graph progress:  93 % 279434.0
Graph progress:  94 % 117518.0
Graph progress:  95 % 108903.0
Graph progress:  96 % 130092.0
Graph progress:  97 % 73746.0
Graph progress:  98 % 282627.0
Graph progress:  99 % 55747.0
Processed 401601 halos in snapshot 011_z004p770 of particle type 1
Reading in 'PartType4/ParticleIDs' for z = 4.77 using 8 thread(s) took 2.486251s
Reading in 'PartType4/ParticleIDs' for z = 5.0 using 8 thread(s) took 1.758679s
Reading in 'Subhalo/SubGroupNumber' for z = 5.0 using 8 thread(s) took 4.527854s
Reading in 'Subhalo/GroupNumber' for z = 5.0 using 8 thread(s) took 0.916546s
Reading in 'Subhalo/ApertureMeasurements/Mass/030kpc' for z = 5.0 using 8 thread(s) took 0.852465s
Reading in 'PartType4/Mass' for z = 5.0 using 8 thread(s) took 1.562277s
Reading in 'PartType4/ParticleIDs' for z = 4.77 using 8 thread(s) took 1.461434s
Reading in 'PartType4/GroupNumber' for z = 4.77 using 8 thread(s) took 1.074816s
Reading in 'PartType4/SubGroupNumber' for z = 4.77 using 8 thread(s) took 1.055815s
Reading in 'PartType4/GroupNumber' for z = 5.0 using 8 thread(s) took 0.793334s
Reading in 'PartType4/SubGroupNumber' for z = 5.0 using 8 thread(s) took 1.014873s
Reading in 'PartType4/ParticleIDs' for z = 5.0 using 8 thread(s) took 1.132822s
Graph progress:  0 % 1803.0
Graph progress:  1 % 258.00002
Graph progress:  2 % 90445.0
Graph progress:  3 % 9854.0
Graph progress:  4 % 53289.0
Graph progress:  5 % 184.00062
Graph progress:  6 % 1.00701
Graph progress:  7 % 26707.00001
Graph progress:  8 % 2282.00001
Graph progress:  9 % 4754.00003
Graph progress:  10 % 42718.0
Graph progress:  11 % 29332.0
Graph progress:  12 % 1081.00001
Graph progress:  13 % 41422.0
Graph progress:  14 % 66758.0
Graph progress:  15 % 13.00016
Graph progress:  16 % 20091.0
Graph progress:  17 % 7941.0
Graph progress:  18 % 55817.0
Graph progress:  19 % 45058.0
Graph progress:  20 % 18812.0
Graph progress:  21 % 17770.0
Graph progress:  22 % 90846.0
Graph progress:  23 % 31820.0
Graph progress:  24 % 13.0003
Graph progress:  25 % 1519.00009
Graph progress:  26 % 5695.00002
Graph progress:  27 % 17499.0
Graph progress:  28 % 4.00043
Graph progress:  29 % 305.00002
Graph progress:  30 % 38.00068
Graph progress:  31 % 207.00008
Graph progress:  32 % 14.00007
Graph progress:  33 % 32370.0
Graph progress:  34 % 32723.0
Graph progress:  35 % 13091.0
Graph progress:  36 % 6286.00003
Graph progress:  37 % 49106.0
Graph progress:  38 % 12435.0
Graph progress:  39 % 4862.00004
Graph progress:  40 % 249.00026
Graph progress:  41 % 26577.0
Graph progress:  42 % 26156.0
Graph progress:  43 % 11156.0
Graph progress:  44 % 5582.0
Graph progress:  45 % 5525.00002
Graph progress:  46 % 507.00006
Graph progress:  47 % 50099.0
Graph progress:  48 % 7143.0
Graph progress:  49 % 16914.0
Graph progress:  50 % 31544.0
Graph progress:  51 % 3322.00001
Graph progress:  52 % 12152.0
Graph progress:  53 % 102639.0
Graph progress:  54 % 406.00005
Graph progress:  55 % 85574.0
Graph progress:  56 % 45596.0
Graph progress:  57 % 8895.00001
Graph progress:  58 % 2641.00002
Graph progress:  59 % 4675.0
Graph progress:  60 % 25459.0
Graph progress:  61 % 24109.0
Graph progress:  62 % 29863.0
Graph progress:  63 % 569.00009
Graph progress:  64 % 358.00021
Graph progress:  65 % 82397.0
Graph progress:  66 % 39305.0
Graph progress:  67 % 20244.0
Graph progress:  68 % 18522.0
Graph progress:  69 % 1301.00001
Graph progress:  70 % 91846.0
Graph progress:  71 % 69802.0
Graph progress:  72 % 4918.0
Graph progress:  73 % 28060.0
Graph progress:  74 % 36606.0
Graph progress:  75 % 910.00001
Graph progress:  76 % 935.00004
Graph progress:  77 % 104588.0
Graph progress:  78 % 72454.0
Graph progress:  79 % 4599.00003
Graph progress:  80 % 7177.00002
Graph progress:  81 % 28579.0
Graph progress:  82 % 3282.00002
Graph progress:  83 % 66670.0
Graph progress:  84 % 7370.00001
Graph progress:  85 % 157.00002
Graph progress:  86 % 51405.0
Graph progress:  87 % 5302.0
Graph progress:  88 % 9.00026
Graph progress:  89 % 922.00005
Graph progress:  90 % 59403.0
Graph progress:  91 % 41814.0
Graph progress:  92 % 272.00015
Graph progress:  93 % 10734.00002
Graph progress:  94 % 4226.0
Graph progress:  95 % 66.00048
Graph progress:  96 % 79345.0
Graph progress:  97 % 5668.0
Graph progress:  98 % 1873.0
Graph progress:  99 % 21461.0
Processed 83582 halos in snapshot 011_z004p770 of particle type 4
Reading in 'PartType5/ParticleIDs' for z = 4.77 using 8 thread(s) took 2.961925s
Reading in 'PartType5/ParticleIDs' for z = 5.0 using 8 thread(s) took 4.133181s
Reading in 'Subhalo/SubGroupNumber' for z = 5.0 using 8 thread(s) took 0.974978s
Reading in 'Subhalo/GroupNumber' for z = 5.0 using 8 thread(s) took 0.865599s
Reading in 'Subhalo/ApertureMeasurements/Mass/030kpc' for z = 5.0 using 8 thread(s) took 0.93085s
Reading in 'PartType5/Mass' for z = 5.0 using 8 thread(s) took 1.221599s
Reading in 'PartType5/ParticleIDs' for z = 4.77 using 8 thread(s) took 3.436087s
Reading in 'PartType5/GroupNumber' for z = 4.77 using 8 thread(s) took 1.457031s
Reading in 'PartType5/SubGroupNumber' for z = 4.77 using 8 thread(s) took 0.924597s
Reading in 'PartType5/GroupNumber' for z = 5.0 using 8 thread(s) took 1.012644s
Reading in 'PartType5/SubGroupNumber' for z = 5.0 using 8 thread(s) took 0.852112s
Reading in 'PartType5/ParticleIDs' for z = 5.0 using 8 thread(s) took 0.798807s
Graph progress:  0 % 5139.0
Graph progress:  1 % 2282.00006
Graph progress:  2 % 7426.0
Graph progress:  3 % 3600.0
Graph progress:  4 % 6832.0
Graph progress:  5 % 184.00013
Graph progress:  6 % 4581.0
Graph progress:  7 % 7087.0
Graph progress:  8 % 14933.00001
Graph progress:  9 % 8052.00001
Graph progress:  10 % 4547.00001
Graph progress:  11 % 5120.00002
Graph progress:  12 % 28471.0
Graph progress:  13 % 2321.0
Graph progress:  14 % 734.0
Graph progress:  15 % 5301.0
Graph progress:  16 % 3284.0
Graph progress:  17 % 2063.00001
Graph progress:  18 % 81.00031
Graph progress:  19 % 273.0
Graph progress:  20 % 4032.00002
Graph progress:  21 % 884.00011
Graph progress:  22 % 2616.00008
Graph progress:  23 % 832.00013
Graph progress:  24 % 3940.0
Graph progress:  25 % 8157.00001
Graph progress:  26 % 6723.0
Graph progress:  27 % 6971.00001
Graph progress:  28 % 14.0
Graph progress:  29 % 1621.0
Graph progress:  30 % 1555.00001
Graph progress:  31 % 2838.0
Graph progress:  32 % 706.0
Graph progress:  33 % 4404.00002
Graph progress:  34 % 964.0
Graph progress:  35 % 14057.0
Graph progress:  36 % 2977.00001
Graph progress:  37 % 1256.00001
Graph progress:  38 % 491.0
Graph progress:  39 % 38.00072
Graph progress:  40 % 355.00001
Graph progress:  41 % 4361.00004
Graph progress:  42 % 1212.0
Graph progress:  43 % 4852.0
Graph progress:  44 % 1977.00003
Graph progress:  45 % 15.00029
Graph progress:  46 % 4121.00002
Graph progress:  47 % 175.0
Graph progress:  48 % 1753.0
Graph progress:  49 % 5655.00001
Graph progress:  50 % 3671.00003
Graph progress:  51 % 3520.0
Graph progress:  52 % 8906.0
Graph progress:  53 % 2546.0
Graph progress:  54 % 1147.0
Graph progress:  55 % 6694.00001
Graph progress:  56 % 1862.0
Graph progress:  57 % 4804.0
Graph progress:  58 % 5720.0
Graph progress:  59 % 96744.0
Graph progress:  60 % 27484.0
Graph progress:  61 % 4477.0
Graph progress:  62 % 4830.0
Graph progress:  63 % 1.00089
Graph progress:  64 % 243.00006
Graph progress:  65 % 6426.0
Graph progress:  66 % 6149.00001
Graph progress:  67 % 4984.0
Graph progress:  68 % 1254.00002
Graph progress:  69 % 301.0
Graph progress:  70 % 375.00002
Graph progress:  71 % 238.0
Graph progress:  72 % 108785.0
Graph progress:  73 % 2643.0
Graph progress:  74 % 5345.00003
Graph progress:  75 % 201.00002
Graph progress:  76 % 5226.00001
Graph progress:  77 % 5245.00002
Graph progress:  78 % 6223.0
Graph progress:  79 % 6623.0
Graph progress:  80 % 1993.00001
Graph progress:  81 % 2430.0
Graph progress:  82 % 182.0
Graph progress:  83 % 7112.00003
Graph progress:  84 % 5558.00003
Graph progress:  85 % 36613.0
Graph progress:  86 % 5846.00001
Graph progress:  87 % 11376.0
Graph progress:  88 % 6456.00001
Graph progress:  89 % 4637.0
Graph progress:  90 % 6510.00001
Graph progress:  91 % 33.00001
Graph progress:  92 % 4212.0
Graph progress:  93 % 854.00004
Graph progress:  94 % 159.00016
Graph progress:  95 % 7194.00001
Graph progress:  96 % 6191.00001
Graph progress:  97 % 1388.00008
Graph progress:  98 % 3751.0
Graph progress:  99 % 4616.0
Processed 12081 halos in snapshot 011_z004p770 of particle type 5
Reading in 'PartType0/ParticleIDs' for z = 4.77 using 8 thread(s) took 11.853712s
Reading in 'PartType0/ParticleIDs' for z = 5.0 using 8 thread(s) took 12.001697s
Reading in 'Subhalo/SubGroupNumber' for z = 5.0 using 8 thread(s) took 0.944936s
Reading in 'Subhalo/GroupNumber' for z = 5.0 using 8 thread(s) took 0.85926s
Reading in 'Subhalo/ApertureMeasurements/Mass/030kpc' for z = 5.0 using 8 thread(s) took 0.952379s
Reading in 'PartType0/Mass' for z = 5.0 using 8 thread(s) took 2.262942s
Reading in 'PartType0/ParticleIDs' for z = 4.77 using 8 thread(s) took 6.807841s
Reading in 'PartType0/GroupNumber' for z = 4.77 using 8 thread(s) took 3.267898s
Reading in 'PartType0/SubGroupNumber' for z = 4.77 using 8 thread(s) took 2.909647s
Reading in 'PartType0/GroupNumber' for z = 5.0 using 8 thread(s) took 2.542487s
Reading in 'PartType0/SubGroupNumber' for z = 5.0 using 8 thread(s) took 4.120273s
Reading in 'PartType0/ParticleIDs' for z = 5.0 using 8 thread(s) took 5.536359s
Graph progress:  0 % 186395.0
Graph progress:  1 % 112381.0
Graph progress:  2 % 7141.0
Graph progress:  3 % 53490.0
Graph progress:  4 % 108495.0
Graph progress:  5 % 515.00001
Graph progress:  6 % 14449.0
Graph progress:  7 % 218020.0
Graph progress:  8 % 10909.0
Graph progress:  9 % 73526.0
Graph progress:  10 % 139695.0
Graph progress:  11 % 289167.0
Graph progress:  12 % 17.00031
Graph progress:  13 % 37031.0
Graph progress:  14 % 292512.0
Graph progress:  15 % 144185.0
Graph progress:  16 % 35830.0
Graph progress:  17 % 10439.0
Graph progress:  18 % 63294.0
Graph progress:  19 % 305264.0
Graph progress:  20 % 144152.0
Graph progress:  21 % 15205.0
Graph progress:  22 % 7622.00001
Graph progress:  23 % 125459.0
Graph progress:  24 % 282967.0
Graph progress:  25 % 16443.0
Graph progress:  26 % 13035.00001
Graph progress:  27 % 203068.0
Graph progress:  28 % 30.00013
Graph progress:  29 % 6894.0
Graph progress:  30 % 249334.0
Graph progress:  31 % 168260.0
Graph progress:  32 % 73568.0
Graph progress:  33 % 252462.0
Graph progress:  34 % 60225.0
Graph progress:  35 % 297663.0
Graph progress:  36 % 947.0001
Graph progress:  37 % 118489.0
Graph progress:  38 % 252582.0
Graph progress:  39 % 812.00005
Graph progress:  40 % 47353.0
Graph progress:  41 % 297729.0
Graph progress:  42 % 41082.0
Graph progress:  43 % 314585.0
Graph progress:  44 % 16788.0
Graph progress:  45 % 161688.0
Graph progress:  46 % 8733.00001
Graph progress:  47 % 46485.0
Graph progress:  48 % 2223.00001
Graph progress:  49 % 266554.0
Graph progress:  50 % 46152.0
Graph progress:  51 % 332458.0
Graph progress:  52 % 73498.0
Graph progress:  53 % 110305.0
Graph progress:  54 % 157113.0
Graph progress:  55 % 261119.0
Graph progress:  56 % 4367.00001
Graph progress:  57 % 1853.00003
Graph progress:  58 % 113879.0
Graph progress:  59 % 326284.0
Graph progress:  60 % 2431.00003
Graph progress:  61 % 153281.0
Graph progress:  62 % 232967.0
Graph progress:  63 % 23910.0
Graph progress:  64 % 9390.0
Graph progress:  65 % 311257.0
Graph progress:  66 % 17931.00001
Graph progress:  67 % 121238.0
Graph progress:  68 % 290519.0
Graph progress:  69 % 278789.0
Graph progress:  70 % 337430.0
Graph progress:  71 % 74896.0
Graph progress:  72 % 8183.0
Graph progress:  73 % 488.00005
Graph progress:  74 % 167335.0
Graph progress:  75 % 1716.00003
Graph progress:  76 % 87030.0
Graph progress:  77 % 278610.0
Graph progress:  78 % 62418.0
Graph progress:  79 % 84.00001
Graph progress:  80 % 182483.0
Graph progress:  81 % 246730.0
Graph progress:  82 % 50033.0
Graph progress:  83 % 154653.0
Graph progress:  84 % 180897.0
Graph progress:  85 % 232507.0
Graph progress:  86 % 278723.0
Graph progress:  87 % 153640.0
Graph progress:  88 % 250046.0
Graph progress:  89 % 61876.0
Graph progress:  90 % 215266.0
Graph progress:  91 % 264303.0
Graph progress:  92 % 24085.0
Graph progress:  93 % 99426.00001
Graph progress:  94 % 81843.00001
Graph progress:  95 % 6848.00001
Graph progress:  96 % 238249.0
Graph progress:  97 % 118771.0
Graph progress:  98 % 202253.0
Graph progress:  99 % 105786.0
Processed 329275 halos in snapshot 011_z004p770 of particle type 0
Write progress:  0 % 1296.0
Write progress:  1 % 155043.0
Write progress:  2 % 307.00004
Write progress:  3 % 210977.0
Write progress:  4 % 117710.0
Write progress:  5 % 26610.0
Write progress:  6 % 105416.0
Write progress:  7 % 89921.0
Write progress:  8 % 25421.00001
Write progress:  9 % 16978.00001
Write progress:  10 % 23521.00001
Write progress:  11 % 83756.0
Write progress:  12 % 162798.0
Write progress:  13 % 137980.0
Write progress:  14 % 3949.00006
Write progress:  15 % 209153.0
Write progress:  16 % 155191.0
Write progress:  17 % 4053.00001
Write progress:  18 % 242223.0
Write progress:  19 % 9974.00001
Write progress:  20 % 332011.0
Write progress:  21 % 144265.0
Write progress:  22 % 188796.0
Write progress:  23 % 305885.0
Write progress:  24 % 41450.0
Write progress:  25 % 9635.00002
Write progress:  26 % 340132.0
Write progress:  27 % 173334.0
Write progress:  28 % 66283.0
Write progress:  29 % 14028.0
Write progress:  30 % 47674.0
Write progress:  31 % 10326.00002
Write progress:  32 % 19820.00001
Write progress:  33 % 176417.0
Write progress:  34 % 50504.0
Write progress:  35 % 150117.0
Write progress:  36 % 98730.0
Write progress:  37 % 269999.0
Write progress:  38 % 8540.00001
Write progress:  39 % 98378.0
Write progress:  40 % 226177.0
Write progress:  41 % 120943.0
Write progress:  42 % 111956.0
Write progress:  43 % 196684.0
Write progress:  44 % 49225.0
Write progress:  45 % 284179.0
Write progress:  46 % 10961.0
Write progress:  47 % 12674.00001
Write progress:  48 % 15725.0
Write progress:  49 % 110235.0
Write progress:  50 % 9141.00001
Write progress:  51 % 262182.0
Write progress:  52 % 324382.0
Write progress:  53 % 76544.0
Write progress:  54 % 114039.0
Write progress:  55 % 51856.0
Write progress:  56 % 17320.0
Write progress:  57 % 168382.0
Write progress:  58 % 22.00113
Write progress:  59 % 299815.0
Write progress:  60 % 294151.0
Write progress:  61 % 69010.0
Write progress:  62 % 597.00015
Write progress:  63 % 209.00019
Write progress:  64 % 302417.0
Write progress:  65 % 337312.0
Write progress:  66 % 55592.0
Write progress:  67 % 12115.00001
Write progress:  68 % 641.00004
Write progress:  69 % 149163.0
Write progress:  70 % 210073.0
Write progress:  71 % 33456.0
Write progress:  72 % 302652.0
Write progress:  73 % 27314.0
Write progress:  74 % 311646.0
Write progress:  75 % 165851.0
Write progress:  76 % 329725.0
Write progress:  77 % 89292.0
Write progress:  78 % 237804.0
Write progress:  79 % 180884.0
Write progress:  80 % 203860.0
Write progress:  81 % 307268.0
Write progress:  82 % 307667.0
Write progress:  83 % 2353.00003
Write progress:  84 % 55933.0
Write progress:  85 % 287092.0
Write progress:  86 % 244081.0
Write progress:  87 % 153614.0
Write progress:  88 % 66423.0
Write progress:  89 % 15275.00001
Write progress:  90 % 424.00002
Write progress:  91 % 323741.0
Write progress:  92 % 181293.0
Write progress:  93 % 279434.0
Write progress:  94 % 117518.0
Write progress:  95 % 108903.0
Write progress:  96 % 130092.0
Write progress:  97 % 73746.0
Write progress:  98 % 282627.0
Write progress:  99 % 55747.0
Job done, info follows...
       JobID    JobName  Partition     MaxRSS    Elapsed ExitCode 
------------ ---------- ---------- ---------- ---------- -------- 
2042958_312  MEGA-FLAR+     cosma6              01:15:44      0:0 
2042958_312+     extern                         01:15:44      0:0 
