====
Starting job 2043273 at Thu 23 Apr 23:58:55 BST 2020 for user dc-rope1.
Running on nodes: m6308
====
175
('25', '006_z009p000', '007_z008p000', '008_z007p000')
Reading in 'PartType1/ParticleIDs' for z = 8.0 using 8 thread(s) took 9.629328s
Reading in 'PartType1/ParticleIDs' for z = 8.0 using 8 thread(s) took 2.068492s
Reading in 'PartType1/GroupNumber' for z = 8.0 using 8 thread(s) took 0.130535s
Reading in 'PartType1/SubGroupNumber' for z = 8.0 using 8 thread(s) took 0.123088s
Reading in 'PartType1/GroupNumber' for z = 9.0 using 8 thread(s) took 20.148986s
Reading in 'PartType1/SubGroupNumber' for z = 9.0 using 8 thread(s) took 0.21649s
Reading in 'PartType1/ParticleIDs' for z = 9.0 using 8 thread(s) took 0.23973s
Reading in 'PartType1/GroupNumber' for z = 7.0 using 8 thread(s) took 46.736793s
Reading in 'PartType1/SubGroupNumber' for z = 7.0 using 8 thread(s) took 0.306353s
Reading in 'PartType1/ParticleIDs' for z = 7.0 using 8 thread(s) took 0.371758s
Graph progress:  0 % 9955.0
Graph progress:  1 % 8057.0
Graph progress:  2 % 794.0
Graph progress:  3 % 1698.00001
Graph progress:  4 % 13904.00001
Graph progress:  5 % 55168.0
Graph progress:  6 % 41016.0
Graph progress:  7 % 24850.0
Graph progress:  8 % 36600.0
Graph progress:  9 % 12099.00001
Graph progress:  10 % 52144.0
Graph progress:  11 % 12179.0
Graph progress:  12 % 15312.0
Graph progress:  13 % 14519.0
Graph progress:  14 % 45609.0
Graph progress:  15 % 637.00002
Graph progress:  16 % 48449.0
Graph progress:  17 % 6601.0
Graph progress:  18 % 18032.0
Graph progress:  19 % 42236.0
Graph progress:  20 % 2135.0
Graph progress:  21 % 39367.0
Graph progress:  22 % 6276.00001
Graph progress:  23 % 61881.0
Graph progress:  24 % 31600.0
Graph progress:  25 % 1178.0
Graph progress:  26 % 3284.00001
Graph progress:  27 % 30378.0
Graph progress:  28 % 26101.0
Graph progress:  29 % 15718.0
Graph progress:  30 % 11077.0
Graph progress:  31 % 20824.0
Graph progress:  32 % 30693.0
Graph progress:  33 % 30647.0
Graph progress:  34 % 5957.0
Graph progress:  35 % 54715.0
Graph progress:  36 % 36823.0
Graph progress:  37 % 31544.0
Graph progress:  38 % 24750.0
Graph progress:  39 % 2620.0
Graph progress:  40 % 60855.0
Graph progress:  41 % 67788.0
Graph progress:  42 % 61751.0
Graph progress:  43 % 313.00001
Graph progress:  44 % 18669.0
Graph progress:  45 % 49053.0
Graph progress:  46 % 40247.0
Graph progress:  47 % 21918.0
Graph progress:  48 % 61827.0
Graph progress:  49 % 30962.0
Graph progress:  50 % 68256.0
Graph progress:  51 % 636.00002
Graph progress:  52 % 69721.0
Graph progress:  53 % 60542.0
Graph progress:  54 % 11024.0
Graph progress:  55 % 1104.0
Graph progress:  56 % 40548.0
Graph progress:  57 % 28638.00001
Graph progress:  58 % 64479.0
Graph progress:  59 % 37070.0
Graph progress:  60 % 15991.0
Graph progress:  61 % 50847.0
Graph progress:  62 % 8595.00001
Graph progress:  63 % 8331.0
Graph progress:  64 % 50208.00001
Graph progress:  65 % 34483.0
Graph progress:  66 % 66585.0
Graph progress:  67 % 25765.0
Graph progress:  68 % 13644.00001
Graph progress:  69 % 16945.0
Graph progress:  70 % 50872.0
Graph progress:  71 % 68123.0
Graph progress:  72 % 4319.0
Graph progress:  73 % 36340.0
Graph progress:  74 % 69229.0
Graph progress:  75 % 25338.0
Graph progress:  76 % 59711.0
Graph progress:  77 % 52458.0
Graph progress:  78 % 3544.0
Graph progress:  79 % 38392.0
Graph progress:  80 % 55477.0
Graph progress:  81 % 22574.0
Graph progress:  82 % 58975.0
Graph progress:  83 % 24607.0
Graph progress:  84 % 203.00002
Graph progress:  85 % 46089.0
Graph progress:  86 % 24178.00001
Graph progress:  87 % 66095.0
Graph progress:  88 % 35048.0
Graph progress:  89 % 43287.0
Graph progress:  90 % 1590.00002
Graph progress:  91 % 42995.0
Graph progress:  92 % 24015.0
Graph progress:  93 % 35885.0
Graph progress:  94 % 16666.0
Graph progress:  95 % 23433.0
Graph progress:  96 % 25944.0
Graph progress:  97 % 1259.0
Graph progress:  98 % 33.0001
Graph progress:  99 % 63364.0
Processed 81180 halos in snapshot 007_z008p000 of particle type 1
Reading in 'PartType4/ParticleIDs' for z = 8.0 using 8 thread(s) took 46.356974s
Reading in 'PartType4/ParticleIDs' for z = 9.0 using 8 thread(s) took 100.843473s
Reading in 'Subhalo/SubGroupNumber' for z = 9.0 using 8 thread(s) took 72.566394s
Reading in 'Subhalo/GroupNumber' for z = 9.0 using 8 thread(s) took 0.296649s
Reading in 'Subhalo/ApertureMeasurements/Mass/030kpc' for z = 9.0 using 8 thread(s) took 0.324026s
Reading in 'PartType4/Mass' for z = 9.0 using 8 thread(s) took 0.210128s
Reading in 'PartType4/ParticleIDs' for z = 7.0 using 8 thread(s) took 71.691207s
Reading in 'Subhalo/SubGroupNumber' for z = 7.0 using 8 thread(s) took 5.741558s
Reading in 'Subhalo/GroupNumber' for z = 7.0 using 8 thread(s) took 0.29642s
Reading in 'Subhalo/ApertureMeasurements/Mass/030kpc' for z = 7.0 using 8 thread(s) took 0.248088s
Reading in 'PartType4/Mass' for z = 7.0 using 8 thread(s) took 0.196526s
Reading in 'PartType4/ParticleIDs' for z = 8.0 using 8 thread(s) took 0.182457s
Reading in 'PartType4/GroupNumber' for z = 8.0 using 8 thread(s) took 0.204436s
Reading in 'PartType4/SubGroupNumber' for z = 8.0 using 8 thread(s) took 0.200887s
Reading in 'PartType4/GroupNumber' for z = 9.0 using 8 thread(s) took 0.182928s
Reading in 'PartType4/SubGroupNumber' for z = 9.0 using 8 thread(s) took 0.214683s
Reading in 'PartType4/ParticleIDs' for z = 9.0 using 8 thread(s) took 0.211664s
Reading in 'PartType4/GroupNumber' for z = 7.0 using 8 thread(s) took 0.192464s
Reading in 'PartType4/SubGroupNumber' for z = 7.0 using 8 thread(s) took 0.200428s
Reading in 'PartType4/ParticleIDs' for z = 7.0 using 8 thread(s) took 0.211817s
Graph progress:  0 % 5917.0
Graph progress:  1 % 19899.0
Graph progress:  2 % 9794.0
Graph progress:  3 % 12399.0
Graph progress:  4 % 4341.0
Graph progress:  5 % 267.0
Graph progress:  6 % 393.00001
Graph progress:  7 % 848.0
Graph progress:  8 % 12553.0
Graph progress:  9 % 16555.0
Graph progress:  10 % 6290.0
Graph progress:  11 % 12163.0
Graph progress:  12 % 11273.0
Graph progress:  13 % 20375.00001
Graph progress:  14 % 6810.0
Graph progress:  15 % 11014.0
Graph progress:  16 % 3047.0
Graph progress:  17 % 3607.0
Graph progress:  18 % 3008.0
Graph progress:  19 % 154.0
Graph progress:  20 % 1498.0
Graph progress:  21 % 986.00001
Graph progress:  22 % 6733.0
Graph progress:  23 % 682.00003
Graph progress:  24 % 31312.0
Graph progress:  25 % 15.00007
Graph progress:  26 % 450.0
Graph progress:  27 % 4926.0
Graph progress:  28 % 2474.0
Graph progress:  29 % 2175.0
Graph progress:  30 % 12072.0
Graph progress:  31 % 2514.0
Graph progress:  32 % 1527.0
Graph progress:  33 % 13885.0
Graph progress:  34 % 1370.0
Graph progress:  35 % 1599.0
Graph progress:  36 % 14022.0
Graph progress:  37 % 3911.0
Graph progress:  38 % 359.00001
Graph progress:  39 % 20952.0
Graph progress:  40 % 1486.0
Graph progress:  41 % 2712.0
Graph progress:  42 % 9027.0
Graph progress:  43 % 10683.0
Graph progress:  44 % 157.00005
Graph progress:  45 % 31642.0
Graph progress:  46 % 5756.0
Graph progress:  47 % 5297.0
Graph progress:  48 % 3396.0
Graph progress:  49 % 40762.0
Graph progress:  50 % 168.00002
Graph progress:  51 % 15994.0
Graph progress:  52 % 3265.00001
Graph progress:  53 % 7045.0
Graph progress:  54 % 5351.0
Graph progress:  55 % 12640.0
Graph progress:  56 % 136.00005
Graph progress:  57 % 17561.0
Graph progress:  58 % 11755.0
Graph progress:  59 % 1915.0
Graph progress:  60 % 3331.0
Graph progress:  61 % 2769.0
Graph progress:  62 % 2254.0
Graph progress:  63 % 1510.0
Graph progress:  64 % 2330.0
Graph progress:  65 % 868.00001
Graph progress:  66 % 1306.0
Graph progress:  67 % 3050.00001
Graph progress:  68 % 4562.0
Graph progress:  69 % 2536.0
Graph progress:  70 % 2465.0
Graph progress:  71 % 12724.0
Graph progress:  72 % 12498.0
Graph progress:  73 % 253.00001
Graph progress:  74 % 10137.0
Graph progress:  75 % 206.0
Graph progress:  76 % 1416.0
Graph progress:  77 % 32396.0
Graph progress:  78 % 5589.0
Graph progress:  79 % 8068.0
Graph progress:  80 % 3057.00001
Graph progress:  81 % 5197.0
Graph progress:  82 % 8884.0
Graph progress:  83 % 7820.0
Graph progress:  84 % 2899.0
Graph progress:  85 % 6038.0
Graph progress:  86 % 20329.0
Graph progress:  87 % 9394.0
Graph progress:  88 % 116.00002
Graph progress:  89 % 13068.0
Graph progress:  90 % 26562.0
Graph progress:  91 % 49.00002
Graph progress:  92 % 1195.0
Graph progress:  93 % 6243.0
Graph progress:  94 % 48675.0
Graph progress:  95 % 5325.00001
Graph progress:  96 % 155.0
Graph progress:  97 % 45.00001
Graph progress:  98 % 384.0
Graph progress:  99 % 2077.0
Processed 10747 halos in snapshot 007_z008p000 of particle type 4
Reading in 'PartType5/ParticleIDs' for z = 8.0 using 8 thread(s) took 0.198693s
Reading in 'PartType5/ParticleIDs' for z = 9.0 using 8 thread(s) took 0.232886s
Reading in 'Subhalo/SubGroupNumber' for z = 9.0 using 8 thread(s) took 0.254146s
Reading in 'Subhalo/GroupNumber' for z = 9.0 using 8 thread(s) took 0.243733s
Reading in 'Subhalo/ApertureMeasurements/Mass/030kpc' for z = 9.0 using 8 thread(s) took 0.335092s
Reading in 'PartType5/Mass' for z = 9.0 using 8 thread(s) took 0.230681s
Reading in 'PartType5/ParticleIDs' for z = 7.0 using 8 thread(s) took 2.402814s
Reading in 'Subhalo/SubGroupNumber' for z = 7.0 using 8 thread(s) took 0.342911s
Reading in 'Subhalo/GroupNumber' for z = 7.0 using 8 thread(s) took 0.293874s
Reading in 'Subhalo/ApertureMeasurements/Mass/030kpc' for z = 7.0 using 8 thread(s) took 0.311956s
Reading in 'PartType5/Mass' for z = 7.0 using 8 thread(s) took 0.388024s
Reading in 'PartType5/ParticleIDs' for z = 8.0 using 8 thread(s) took 0.217065s
Reading in 'PartType5/GroupNumber' for z = 8.0 using 8 thread(s) took 0.245536s
Reading in 'PartType5/SubGroupNumber' for z = 8.0 using 8 thread(s) took 0.236436s
Reading in 'PartType5/GroupNumber' for z = 9.0 using 8 thread(s) took 0.23791s
Reading in 'PartType5/SubGroupNumber' for z = 9.0 using 8 thread(s) took 0.229516s
Reading in 'PartType5/ParticleIDs' for z = 9.0 using 8 thread(s) took 0.237634s
Reading in 'PartType5/GroupNumber' for z = 7.0 using 8 thread(s) took 0.249131s
Reading in 'PartType5/SubGroupNumber' for z = 7.0 using 8 thread(s) took 0.250731s
Reading in 'PartType5/ParticleIDs' for z = 7.0 using 8 thread(s) took 0.254845s
Graph progress:  0 % 75.0
Graph progress:  1 % 216.0
Graph progress:  2 % 86.0
Graph progress:  3 % 314.00001
Graph progress:  4 % 61.00002
Graph progress:  5 % 6.00007
Graph progress:  6 % 350.00004
Graph progress:  7 % 367.00001
Graph progress:  8 % 2613.0
Graph progress:  9 % 78.00001
Graph progress:  10 % 135.00003
Graph progress:  11 % 198.00001
Graph progress:  12 % 178.0
Graph progress:  13 % 269.00001
Graph progress:  14 % 78.00002
Graph progress:  15 % 291.00001
Graph progress:  16 % 137.0
Graph progress:  17 % 97.00005
Graph progress:  18 % 60.00005
Graph progress:  19 % 221.0
Graph progress:  20 % 316.0
Graph progress:  21 % 205.0
Graph progress:  22 % 321.00001
Graph progress:  23 % 353.00001
Graph progress:  24 % 102.0
Graph progress:  25 % 287.00002
Graph progress:  26 % 585.00001
Graph progress:  27 % 106.0
Graph progress:  28 % 4419.0
Graph progress:  29 % 79.0
Graph progress:  30 % 240.00002
Graph progress:  31 % 20.00001
Graph progress:  32 % 153.0
Graph progress:  33 % 279.00003
Graph progress:  34 % 873.0
Graph progress:  35 % 1009.0
Graph progress:  36 % 176.0
Graph progress:  37 % 200.0
Graph progress:  38 % 292.00002
Graph progress:  39 % 193.0
Graph progress:  40 % 157.00006
Graph progress:  41 % 1665.0
Graph progress:  42 % 275.00002
Graph progress:  43 % 148.0
Graph progress:  44 % 247.0
Graph progress:  45 % 261.0
Graph progress:  46 % 13.00002
Graph progress:  47 % 44.0
Graph progress:  48 % 244.0
Graph progress:  49 % 274.00003
Graph progress:  50 % 1005.0
Graph progress:  51 % 99.00001
Graph progress:  52 % 9.0
Graph progress:  53 % 245.0
Graph progress:  54 % 179.0
Graph progress:  55 % 65.0
Graph progress:  56 % 136.00001
Graph progress:  57 % 32.0
Graph progress:  58 % 19.00005
Graph progress:  59 % 236.00001
Graph progress:  60 % 146.00003
Graph progress:  61 % 88.0
Graph progress:  62 % 192.0
Graph progress:  63 % 217.00001
Graph progress:  64 % 24.0
Graph progress:  65 % 332.0
Graph progress:  66 % 108.00003
Graph progress:  67 % 95.00004
Graph progress:  68 % 121.0
Graph progress:  69 % 25.0
Graph progress:  70 % 346.0
Graph progress:  71 % 12.0
Graph progress:  72 % 187.00005
Graph progress:  73 % 31.0
Graph progress:  74 % 85.0
Graph progress:  75 % 16.0
Graph progress:  76 % 422.0
Graph progress:  77 % 206.0
Graph progress:  78 % 171.0
Graph progress:  79 % 372.0
Graph progress:  80 % 408.00003
Graph progress:  81 % 724.00002
Graph progress:  82 % 140.0
Graph progress:  83 % 222.00001
Graph progress:  84 % 203.0
Graph progress:  85 % 284.00002
Graph progress:  86 % 234.00003
Graph progress:  87 % 331.00004
Graph progress:  88 % 160.00002
Graph progress:  89 % 335.0
Graph progress:  90 % 214.00001
Graph progress:  91 % 430.0
Graph progress:  92 % 174.00002
Graph progress:  93 % 239.0
Graph progress:  94 % 226.0
Graph progress:  95 % 273.0
Graph progress:  96 % 33.0
Graph progress:  97 % 337.00001
Graph progress:  98 % 384.0
Graph progress:  99 % 133.0
Processed 411 halos in snapshot 007_z008p000 of particle type 5
Reading in 'PartType0/ParticleIDs' for z = 8.0 using 8 thread(s) took 10.027526s
Reading in 'PartType0/ParticleIDs' for z = 9.0 using 8 thread(s) took 7.454917s
Reading in 'Subhalo/SubGroupNumber' for z = 9.0 using 8 thread(s) took 0.298182s
Reading in 'Subhalo/GroupNumber' for z = 9.0 using 8 thread(s) took 0.312417s
Reading in 'Subhalo/ApertureMeasurements/Mass/030kpc' for z = 9.0 using 8 thread(s) took 0.345974s
Reading in 'PartType0/Mass' for z = 9.0 using 8 thread(s) took 0.336562s
Reading in 'PartType0/ParticleIDs' for z = 7.0 using 8 thread(s) took 16.968061s
Reading in 'Subhalo/SubGroupNumber' for z = 7.0 using 8 thread(s) took 0.358966s
Reading in 'Subhalo/GroupNumber' for z = 7.0 using 8 thread(s) took 0.304169s
Reading in 'Subhalo/ApertureMeasurements/Mass/030kpc' for z = 7.0 using 8 thread(s) took 0.335002s
Reading in 'PartType0/Mass' for z = 7.0 using 8 thread(s) took 0.375889s
Reading in 'PartType0/ParticleIDs' for z = 8.0 using 8 thread(s) took 0.4005s
Reading in 'PartType0/GroupNumber' for z = 8.0 using 8 thread(s) took 0.320255s
Reading in 'PartType0/SubGroupNumber' for z = 8.0 using 8 thread(s) took 0.317646s
Reading in 'PartType0/GroupNumber' for z = 9.0 using 8 thread(s) took 0.338556s
Reading in 'PartType0/SubGroupNumber' for z = 9.0 using 8 thread(s) took 0.358189s
Reading in 'PartType0/ParticleIDs' for z = 9.0 using 8 thread(s) took 0.401273s
Reading in 'PartType0/GroupNumber' for z = 7.0 using 8 thread(s) took 0.400485s
Reading in 'PartType0/SubGroupNumber' for z = 7.0 using 8 thread(s) took 0.388296s
Reading in 'PartType0/ParticleIDs' for z = 7.0 using 8 thread(s) took 0.480462s
Graph progress:  0 % 71027.0
Graph progress:  1 % 51383.0
Graph progress:  2 % 42.0
Graph progress:  3 % 20864.00001
Graph progress:  4 % 24877.0
Graph progress:  5 % 3504.00001
Graph progress:  6 % 53639.0
Graph progress:  7 % 7762.0
Graph progress:  8 % 37479.0
Graph progress:  9 % 31691.0
Graph progress:  10 % 18857.0
Graph progress:  11 % 40899.0
Graph progress:  12 % 58.0
Graph progress:  13 % 69605.0
Graph progress:  14 % 22901.0
Graph progress:  15 % 22634.0
Graph progress:  16 % 15278.0
Graph progress:  17 % 6192.0
Graph progress:  18 % 64882.0
Graph progress:  19 % 64952.0
Graph progress:  20 % 6422.00001
Graph progress:  21 % 23020.0
Graph progress:  22 % 11929.0
Graph progress:  23 % 36.00005
Graph progress:  24 % 31893.0
Graph progress:  25 % 68051.0
Graph progress:  26 % 44841.0
Graph progress:  27 % 61995.0
Graph progress:  28 % 5815.0
Graph progress:  29 % 8840.00001
Graph progress:  30 % 23982.0
Graph progress:  31 % 62946.0
Graph progress:  32 % 4752.0
Graph progress:  33 % 475.0
Graph progress:  34 % 31256.0
Graph progress:  35 % 1599.00001
Graph progress:  36 % 23745.0
Graph progress:  37 % 57358.0
Graph progress:  38 % 49649.0
Graph progress:  39 % 53290.0
Graph progress:  40 % 14163.0
Graph progress:  41 % 14786.0
Graph progress:  42 % 51262.0
Graph progress:  43 % 43233.0
Graph progress:  44 % 18253.0
Graph progress:  45 % 7945.00001
Graph progress:  46 % 14870.0
Graph progress:  47 % 64686.0
Graph progress:  48 % 26761.0
Graph progress:  49 % 62131.0
Graph progress:  50 % 5497.0
Graph progress:  51 % 43070.0
Graph progress:  52 % 23703.0
Graph progress:  53 % 37926.0
Graph progress:  54 % 491.00001
Graph progress:  55 % 48105.0
Graph progress:  56 % 11691.0
Graph progress:  57 % 46903.0
Graph progress:  58 % 34813.0
Graph progress:  59 % 7932.00001
Graph progress:  60 % 11170.00001
Graph progress:  61 % 8263.0
Graph progress:  62 % 40050.0
Graph progress:  63 % 35577.00001
Graph progress:  64 % 65478.0
Graph progress:  65 % 55890.0
Graph progress:  66 % 36723.0
Graph progress:  67 % 32375.0
Graph progress:  68 % 5896.0
Graph progress:  69 % 59630.0
Graph progress:  70 % 69749.0
Graph progress:  71 % 50219.0
Graph progress:  72 % 49307.0
Graph progress:  73 % 2157.00002
Graph progress:  74 % 43678.0
Graph progress:  75 % 7980.0
Graph progress:  76 % 45253.0
Graph progress:  77 % 8186.00002
Graph progress:  78 % 10804.0
Graph progress:  79 % 43167.0
Graph progress:  80 % 55563.0
Graph progress:  81 % 558.00002
Graph progress:  82 % 5466.0
Graph progress:  83 % 23800.0
Graph progress:  84 % 38143.0
Graph progress:  85 % 25431.0
Graph progress:  86 % 51221.0
Graph progress:  87 % 1194.00002
Graph progress:  88 % 32490.0
Graph progress:  89 % 5929.0
Graph progress:  90 % 57459.0
Graph progress:  91 % 42492.0
Graph progress:  92 % 45569.0
Graph progress:  93 % 59304.0
Graph progress:  94 % 52049.0
Graph progress:  95 % 44996.0
Graph progress:  96 % 34714.0
Graph progress:  97 % 38288.0
Graph progress:  98 % 8425.0
Graph progress:  99 % 24014.00001
Processed 80044 halos in snapshot 007_z008p000 of particle type 0
Write progress:  0 % 9955.0
Write progress:  1 % 8057.0
Write progress:  2 % 794.0
Write progress:  3 % 1698.00001
Write progress:  4 % 13904.00001
Write progress:  5 % 55168.0
Write progress:  6 % 41016.0
Write progress:  7 % 24850.0
Write progress:  8 % 36600.0
Write progress:  9 % 12099.00001
Write progress:  10 % 52144.0
Write progress:  11 % 12179.0
Write progress:  12 % 15312.0
Write progress:  13 % 14519.0
Write progress:  14 % 45609.0
Write progress:  15 % 637.00002
Write progress:  16 % 48449.0
Write progress:  17 % 6601.0
Write progress:  18 % 18032.0
Write progress:  19 % 42236.0
Write progress:  20 % 2135.0
Write progress:  21 % 39367.0
Write progress:  22 % 6276.00001
Write progress:  23 % 61881.0
Write progress:  24 % 31600.0
Write progress:  25 % 1178.0
Write progress:  26 % 3284.00001
Write progress:  27 % 30378.0
Write progress:  28 % 26101.0
Write progress:  29 % 15718.0
Write progress:  30 % 11077.0
Write progress:  31 % 20824.0
Write progress:  32 % 30693.0
Write progress:  33 % 30647.0
Write progress:  34 % 5957.0
Write progress:  35 % 54715.0
Write progress:  36 % 36823.0
Write progress:  37 % 31544.0
Write progress:  38 % 24750.0
Write progress:  39 % 2620.0
Write progress:  40 % 60855.0
Write progress:  41 % 67788.0
Write progress:  42 % 61751.0
Write progress:  43 % 313.00001
Write progress:  44 % 18669.0
Write progress:  45 % 49053.0
Write progress:  46 % 40247.0
Write progress:  47 % 21918.0
Write progress:  48 % 61827.0
Write progress:  49 % 30962.0
Write progress:  50 % 68256.0
Write progress:  51 % 636.00002
Write progress:  52 % 69721.0
Write progress:  53 % 60542.0
Write progress:  54 % 11024.0
Write progress:  55 % 1104.0
Write progress:  56 % 40548.0
Write progress:  57 % 28638.00001
Write progress:  58 % 64479.0
Write progress:  59 % 37070.0
Write progress:  60 % 15991.0
Write progress:  61 % 50847.0
Write progress:  62 % 8595.00001
Write progress:  63 % 8331.0
Write progress:  64 % 50208.00001
Write progress:  65 % 34483.0
Write progress:  66 % 66585.0
Write progress:  67 % 25765.0
Write progress:  68 % 13644.00001
Write progress:  69 % 16945.0
Write progress:  70 % 50872.0
Write progress:  71 % 68123.0
Write progress:  72 % 4319.0
Write progress:  73 % 36340.0
Write progress:  74 % 69229.0
Write progress:  75 % 25338.0
Write progress:  76 % 59711.0
Write progress:  77 % 52458.0
Write progress:  78 % 3544.0
Write progress:  79 % 38392.0
Write progress:  80 % 55477.0
Write progress:  81 % 22574.0
Write progress:  82 % 58975.0
Write progress:  83 % 24607.0
Write progress:  84 % 203.00002
Write progress:  85 % 46089.0
Write progress:  86 % 24178.00001
Write progress:  87 % 66095.0
Write progress:  88 % 35048.0
Write progress:  89 % 43287.0
Write progress:  90 % 1590.00002
Write progress:  91 % 42995.0
Write progress:  92 % 24015.0
Write progress:  93 % 35885.0
Write progress:  94 % 16666.0
Write progress:  95 % 23433.0
Write progress:  96 % 25944.0
Write progress:  97 % 1259.0
Write progress:  98 % 33.0001
Write progress:  99 % 63364.0
Job done, info follows...
       JobID    JobName  Partition     MaxRSS    Elapsed ExitCode 
------------ ---------- ---------- ---------- ---------- -------- 
2042958_176  MEGA-FLAR+     cosma6              00:23:40      0:0 
2042958_176+     extern                         00:23:40      0:0 
