====
Starting job 2040841 at Wed 22 Apr 03:52:33 BST 2020 for user dc-rope1.
Running on nodes: m7321
====
['000_z020p000', '001_z015p132', '002_z009p993', '003_z008p988', '004_z008p075', '005_z007p050', '006_z005p971', '007_z005p487', '008_z005p037', '009_z004p485', '010_z003p984', '011_z003p528', '012_z003p017', '013_z002p478', '014_z002p237', '015_z002p012', '016_z001p737', '017_z001p487', '018_z001p259', '019_z001p004', '020_z000p865', '021_z000p736', '022_z000p615', '023_z000p503', '024_z000p366', '025_z000p271', '026_z000p183', '027_z000p101', '028_z000p000']
[None, '000_z020p000', '001_z015p132', '002_z009p993', '003_z008p988', '004_z008p075', '005_z007p050', '006_z005p971', '007_z005p487', '008_z005p037', '009_z004p485', '010_z003p984', '011_z003p528', '012_z003p017', '013_z002p478', '014_z002p237', '015_z002p012', '016_z001p737', '017_z001p487', '018_z001p259', '019_z001p004', '020_z000p865', '021_z000p736', '022_z000p615', '023_z000p503', '024_z000p366', '025_z000p271', '026_z000p183', '027_z000p101']
['001_z015p132', '002_z009p993', '003_z008p988', '004_z008p075', '005_z007p050', '006_z005p971', '007_z005p487', '008_z005p037', '009_z004p485', '010_z003p984', '011_z003p528', '012_z003p017', '013_z002p478', '014_z002p237', '015_z002p012', '016_z001p737', '017_z001p487', '018_z001p259', '019_z001p004', '020_z000p865', '021_z000p736', '022_z000p615', '023_z000p503', '024_z000p366', '025_z000p271', '026_z000p183', '027_z000p101', '028_z000p000', None]
016_z001p737
Reading in 'PartType1/ParticleIDs' for z = 1.737 using 8 thread(s) took 55.320483s
Reading in 'PartType1/ParticleIDs' for z = 1.737 using 8 thread(s) took 25.00385s
Reading in 'PartType1/GroupNumber' for z = 1.737 using 8 thread(s) took 15.58529s
Reading in 'PartType1/SubGroupNumber' for z = 1.737 using 8 thread(s) took 15.101736s
Reading in 'PartType1/GroupNumber' for z = 2.012 using 8 thread(s) took 26.756284s
Reading in 'PartType1/SubGroupNumber' for z = 2.012 using 8 thread(s) took 19.362127s
Reading in 'PartType1/ParticleIDs' for z = 2.012 using 8 thread(s) took 27.503173s
Reading in 'PartType1/GroupNumber' for z = 1.487 using 8 thread(s) took 30.93589s
Reading in 'PartType1/SubGroupNumber' for z = 1.487 using 8 thread(s) took 29.121081s
Reading in 'PartType1/ParticleIDs' for z = 1.487 using 8 thread(s) took 35.363603s
Graph progress:  0 % 1421115.0
Graph progress:  1 % 1463244.0
Graph progress:  2 % 1335451.0
Graph progress:  3 % 2293160.0
Graph progress:  4 % 1877282.0
Graph progress:  5 % 1944328.0
Graph progress:  6 % 1243716.0
Graph progress:  7 % 895879.0
Graph progress:  8 % 242265.0
Graph progress:  9 % 579.00068
Graph progress:  10 % 267234.0
Graph progress:  11 % 132907.00001
Graph progress:  12 % 2095311.0
Graph progress:  13 % 1983517.0
Graph progress:  14 % 2377716.0
Graph progress:  15 % 161985.0
Graph progress:  16 % 1337994.0
Graph progress:  17 % 35378.00001
Graph progress:  18 % 9335.00007
Graph progress:  19 % 632017.0
Graph progress:  20 % 2259271.0
Graph progress:  21 % 1118689.0
Graph progress:  22 % 1467942.0
Graph progress:  23 % 1488766.0
Graph progress:  24 % 989737.0
Graph progress:  25 % 37220.00005
Graph progress:  26 % 122931.0
Graph progress:  27 % 85229.00002
Graph progress:  28 % 800518.0
Graph progress:  29 % 249314.0
Graph progress:  30 % 2395.00027
Graph progress:  31 % 1470539.0
Graph progress:  32 % 751524.0
Graph progress:  33 % 108231.0
Graph progress:  34 % 563391.0
Graph progress:  35 % 1097569.0
Graph progress:  36 % 2183459.0
Graph progress:  37 % 354895.0
Graph progress:  38 % 509073.0
Graph progress:  39 % 1535067.0
Graph progress:  40 % 171469.0
Graph progress:  41 % 509111.0
Graph progress:  42 % 4226.00006
Graph progress:  43 % 891490.0
Graph progress:  44 % 331.00117
Graph progress:  45 % 543815.00001
Graph progress:  46 % 1993854.0
Graph progress:  47 % 567851.0
Graph progress:  48 % 363591.0
Graph progress:  49 % 1764707.0
Graph progress:  50 % 780972.0
Graph progress:  51 % 1631808.0
Graph progress:  52 % 2148883.0
Graph progress:  53 % 226787.0
Graph progress:  54 % 1711746.0
Graph progress:  55 % 1997041.0
Graph progress:  56 % 2034077.0
Graph progress:  57 % 123976.00001
Graph progress:  58 % 20156.00004
Graph progress:  59 % 928181.0
Graph progress:  60 % 1998436.0
Graph progress:  61 % 2920.00027
Graph progress:  62 % 367826.0
Graph progress:  63 % 1079116.0
Graph progress:  64 % 2113740.0
Graph progress:  65 % 2276704.0
Graph progress:  66 % 347551.0
Graph progress:  67 % 2149387.0
Graph progress:  68 % 93021.0
Graph progress:  69 % 337502.0
Graph progress:  70 % 7104.00003
Graph progress:  71 % 1564934.0
Graph progress:  72 % 15.00017
Graph progress:  73 % 4293.00025
Graph progress:  74 % 1011677.00001
Graph progress:  75 % 91429.0
Graph progress:  76 % 2479020.0
Graph progress:  77 % 19256.00003
Graph progress:  78 % 1868265.0
Graph progress:  79 % 1776190.0
Graph progress:  80 % 99768.00001
Graph progress:  81 % 929908.0
Graph progress:  82 % 2082393.0
Graph progress:  83 % 1114019.0
Graph progress:  84 % 71612.00001
Graph progress:  85 % 2714.00018
Graph progress:  86 % 2284836.0
Graph progress:  87 % 711452.0
Graph progress:  88 % 986451.0
Graph progress:  89 % 2009888.0
Graph progress:  90 % 358247.0
Graph progress:  91 % 961708.0
Graph progress:  92 % 19748.00001
Graph progress:  93 % 2405289.0
Graph progress:  94 % 2048370.0
Graph progress:  95 % 1349.00005
Graph progress:  96 % 603951.0
Graph progress:  97 % 1404590.0
Graph progress:  98 % 3679.00021
Graph progress:  99 % 1286651.0
Processed 2937213 halos in snapshot 016_z001p737 of particle type 1
Write progress:  0 % 1421115.0
Write progress:  1 % 1463244.0
Write progress:  2 % 1335451.0
Write progress:  3 % 2293160.0
Write progress:  4 % 1877282.0
Write progress:  5 % 1944328.0
Write progress:  6 % 1243716.0
Write progress:  7 % 895879.0
Write progress:  8 % 242265.0
Write progress:  9 % 579.00068
Write progress:  10 % 267234.0
Write progress:  11 % 132907.00001
Write progress:  12 % 2095311.0
Write progress:  13 % 1983517.0
Write progress:  14 % 2377716.0
Write progress:  15 % 161985.0
Write progress:  16 % 1337994.0
Write progress:  17 % 35378.00001
Write progress:  18 % 9335.00007
Write progress:  19 % 632017.0
Write progress:  20 % 2259271.0
Write progress:  21 % 1118689.0
Write progress:  22 % 1467942.0
Write progress:  23 % 1488766.0
Write progress:  24 % 989737.0
Write progress:  25 % 37220.00005
Write progress:  26 % 122931.0
Write progress:  27 % 85229.00002
Write progress:  28 % 800518.0
Write progress:  29 % 249314.0
Write progress:  30 % 2395.00027
Write progress:  31 % 1470539.0
Write progress:  32 % 751524.0
Write progress:  33 % 108231.0
Write progress:  34 % 563391.0
Write progress:  35 % 1097569.0
Write progress:  36 % 2183459.0
Write progress:  37 % 354895.0
Write progress:  38 % 509073.0
Write progress:  39 % 1535067.0
Write progress:  40 % 171469.0
Write progress:  41 % 509111.0
Write progress:  42 % 4226.00006
Write progress:  43 % 891490.0
Write progress:  44 % 331.00117
Write progress:  45 % 543815.00001
Write progress:  46 % 1993854.0
Write progress:  47 % 567851.0
Write progress:  48 % 363591.0
Write progress:  49 % 1764707.0
Write progress:  50 % 780972.0
Write progress:  51 % 1631808.0
Write progress:  52 % 2148883.0
Write progress:  53 % 226787.0
Write progress:  54 % 1711746.0
Write progress:  55 % 1997041.0
Write progress:  56 % 2034077.0
Write progress:  57 % 123976.00001
Write progress:  58 % 20156.00004
Write progress:  59 % 928181.0
Write progress:  60 % 1998436.0
Write progress:  61 % 2920.00027
Write progress:  62 % 367826.0
Write progress:  63 % 1079116.0
Write progress:  64 % 2113740.0
Write progress:  65 % 2276704.0
Write progress:  66 % 347551.0
Write progress:  67 % 2149387.0
Write progress:  68 % 93021.0
Write progress:  69 % 337502.0
Write progress:  70 % 7104.00003
Write progress:  71 % 1564934.0
Write progress:  72 % 15.00017
Write progress:  73 % 4293.00025
Write progress:  74 % 1011677.00001
Write progress:  75 % 91429.0
Write progress:  76 % 2479020.0
Write progress:  77 % 19256.00003
Write progress:  78 % 1868265.0
Write progress:  79 % 1776190.0
Write progress:  80 % 99768.00001
Write progress:  81 % 929908.0
Write progress:  82 % 2082393.0
Write progress:  83 % 1114019.0
Write progress:  84 % 71612.00001
Write progress:  85 % 2714.00018
Write progress:  86 % 2284836.0
Write progress:  87 % 711452.0
Write progress:  88 % 986451.0
Write progress:  89 % 2009888.0
Write progress:  90 % 358247.0
Write progress:  91 % 961708.0
Write progress:  92 % 19748.00001
Write progress:  93 % 2405289.0
Write progress:  94 % 2048370.0
Write progress:  95 % 1349.00005
Write progress:  96 % 603951.0
Write progress:  97 % 1404590.0
Write progress:  98 % 3679.00021
Write progress:  99 % 1286651.0
Reading in 'PartType4/ParticleIDs' for z = 1.737 using 8 thread(s) took 24.672962s
Reading in 'PartType4/ParticleIDs' for z = 2.012 using 8 thread(s) took 18.050264s
Reading in 'Subhalo/SubGroupNumber' for z = 2.012 using 8 thread(s) took 31.854491s
Reading in 'Subhalo/GroupNumber' for z = 2.012 using 8 thread(s) took 7.840849s
Reading in 'Subhalo/ApertureMeasurements/Mass/030kpc' for z = 2.012 using 8 thread(s) took 7.950709s
Reading in 'PartType4/Mass' for z = 2.012 using 8 thread(s) took 19.903276s
Reading in 'PartType4/ParticleIDs' for z = 1.487 using 8 thread(s) took 29.781955s
Reading in 'Subhalo/SubGroupNumber' for z = 1.487 using 8 thread(s) took 10.478446s
Reading in 'Subhalo/GroupNumber' for z = 1.487 using 8 thread(s) took 8.302699s
Reading in 'Subhalo/ApertureMeasurements/Mass/030kpc' for z = 1.487 using 8 thread(s) took 11.580547s
Reading in 'PartType4/Mass' for z = 1.487 using 8 thread(s) took 21.728251s
Reading in 'PartType4/ParticleIDs' for z = 1.737 using 8 thread(s) took 17.757807s
Reading in 'PartType4/GroupNumber' for z = 1.737 using 8 thread(s) took 11.979187s
Reading in 'PartType4/SubGroupNumber' for z = 1.737 using 8 thread(s) took 10.553499s
Reading in 'PartType4/GroupNumber' for z = 2.012 using 8 thread(s) took 9.614531s
Reading in 'PartType4/SubGroupNumber' for z = 2.012 using 8 thread(s) took 8.294466s
Reading in 'PartType4/ParticleIDs' for z = 2.012 using 8 thread(s) took 11.324812s
Reading in 'PartType4/GroupNumber' for z = 1.487 using 8 thread(s) took 10.215406s
Reading in 'PartType4/SubGroupNumber' for z = 1.487 using 8 thread(s) took 8.550765s
