====
Starting job 2043486 at Fri 24 Apr 02:00:28 BST 2020 for user dc-rope1.
Running on nodes: m6371
====
375
('08', '002_z013p000', '003_z012p000', '004_z011p000')
Reading in 'PartType1/ParticleIDs' for z = 12.0 using 8 thread(s) took 11.277088s
Reading in 'PartType1/ParticleIDs' for z = 12.0 using 8 thread(s) took 1.395992s
Reading in 'PartType1/GroupNumber' for z = 12.0 using 8 thread(s) took 0.136611s
Reading in 'PartType1/SubGroupNumber' for z = 12.0 using 8 thread(s) took 0.113542s
Reading in 'PartType1/GroupNumber' for z = 13.0 using 8 thread(s) took 0.302457s
Reading in 'PartType1/SubGroupNumber' for z = 13.0 using 8 thread(s) took 0.184758s
Reading in 'PartType1/ParticleIDs' for z = 13.0 using 8 thread(s) took 0.18948s
Reading in 'PartType1/GroupNumber' for z = 11.0 using 8 thread(s) took 0.513617s
Reading in 'PartType1/SubGroupNumber' for z = 11.0 using 8 thread(s) took 0.282272s
Reading in 'PartType1/ParticleIDs' for z = 11.0 using 8 thread(s) took 0.320884s
Graph progress:  0 % 22519.0
Graph progress:  1 % 4297.00001
Graph progress:  2 % 42824.0
Graph progress:  3 % 8805.0
Graph progress:  4 % 762.0
Graph progress:  5 % 17288.0
Graph progress:  6 % 44481.0
Graph progress:  7 % 11497.0
Graph progress:  8 % 2636.00001
Graph progress:  9 % 33003.0
Graph progress:  10 % 19566.0
Graph progress:  11 % 31373.0
Graph progress:  12 % 1737.00001
Graph progress:  13 % 30322.0
Graph progress:  14 % 31307.0
Graph progress:  15 % 29269.0
Graph progress:  16 % 36809.0
Graph progress:  17 % 30307.0
Graph progress:  18 % 20912.0
Graph progress:  19 % 516.0
Graph progress:  20 % 34775.0
Graph progress:  21 % 37494.0
Graph progress:  22 % 11061.0
Graph progress:  23 % 4105.00001
Graph progress:  24 % 23023.0
Graph progress:  25 % 44286.0
Graph progress:  26 % 9685.0
Graph progress:  27 % 11067.0
Graph progress:  28 % 5087.0
Graph progress:  29 % 28164.0
Graph progress:  30 % 26881.00001
Graph progress:  31 % 16042.0
Graph progress:  32 % 651.00002
Graph progress:  33 % 23876.0
Graph progress:  34 % 6042.0
Graph progress:  35 % 14721.0
Graph progress:  36 % 822.00001
Graph progress:  37 % 20419.0
Graph progress:  38 % 7351.0
Graph progress:  39 % 44652.0
Graph progress:  40 % 46642.0
Graph progress:  41 % 16612.0
Graph progress:  42 % 11662.00001
Graph progress:  43 % 4220.0
Graph progress:  44 % 34557.0
Graph progress:  45 % 43878.0
Graph progress:  46 % 38570.0
Graph progress:  47 % 14673.0
Graph progress:  48 % 8371.0
Graph progress:  49 % 24836.0
Graph progress:  50 % 9300.00001
Graph progress:  51 % 33376.0
Graph progress:  52 % 4066.00001
Graph progress:  53 % 39079.0
Graph progress:  54 % 14040.0
Graph progress:  55 % 41455.0
Graph progress:  56 % 14828.0
Graph progress:  57 % 20977.0
Graph progress:  58 % 3234.0
Graph progress:  59 % 15867.0
Graph progress:  60 % 2740.0
Graph progress:  61 % 19760.00001
Graph progress:  62 % 29621.0
Graph progress:  63 % 21985.0
Graph progress:  64 % 11467.0
Graph progress:  65 % 787.00002
Graph progress:  66 % 36.00001
Graph progress:  67 % 6786.00001
Graph progress:  68 % 13767.0
Graph progress:  69 % 5774.0
Graph progress:  70 % 133.00001
Graph progress:  71 % 18286.0
Graph progress:  72 % 29676.0
Graph progress:  73 % 26566.0
Graph progress:  74 % 26555.0
Graph progress:  75 % 15195.0
Graph progress:  76 % 11275.0
Graph progress:  77 % 5926.0
Graph progress:  78 % 7544.00001
Graph progress:  79 % 26247.0
Graph progress:  80 % 25935.0
Graph progress:  81 % 14120.0
Graph progress:  82 % 18801.0
Graph progress:  83 % 43933.0
Graph progress:  84 % 36033.0
Graph progress:  85 % 325.00001
Graph progress:  86 % 26475.0
Graph progress:  87 % 10484.00001
Graph progress:  88 % 18891.0
Graph progress:  89 % 42995.0
Graph progress:  90 % 14024.0
Graph progress:  91 % 2931.00001
Graph progress:  92 % 287.0
Graph progress:  93 % 42716.0
Graph progress:  94 % 19122.0
Graph progress:  95 % 14077.0
Graph progress:  96 % 490.00002
Graph progress:  97 % 25975.0
Graph progress:  98 % 20938.0
Graph progress:  99 % 36266.0
Processed 54363 halos in snapshot 003_z012p000 of particle type 1
Reading in 'PartType4/ParticleIDs' for z = 12.0 using 8 thread(s) took 0.158285s
Reading in 'PartType4/ParticleIDs' for z = 13.0 using 8 thread(s) took 0.318949s
Reading in 'Subhalo/SubGroupNumber' for z = 13.0 using 8 thread(s) took 0.431578s
Reading in 'Subhalo/GroupNumber' for z = 13.0 using 8 thread(s) took 0.259535s
Reading in 'Subhalo/ApertureMeasurements/Mass/030kpc' for z = 13.0 using 8 thread(s) took 0.274751s
Reading in 'PartType4/Mass' for z = 13.0 using 8 thread(s) took 0.143078s
Reading in 'PartType4/ParticleIDs' for z = 11.0 using 8 thread(s) took 3.158303s
Reading in 'Subhalo/SubGroupNumber' for z = 11.0 using 8 thread(s) took 7.753409s
Reading in 'Subhalo/GroupNumber' for z = 11.0 using 8 thread(s) took 0.295129s
Reading in 'Subhalo/ApertureMeasurements/Mass/030kpc' for z = 11.0 using 8 thread(s) took 0.311801s
Reading in 'PartType4/Mass' for z = 11.0 using 8 thread(s) took 0.151992s
Reading in 'PartType4/ParticleIDs' for z = 12.0 using 8 thread(s) took 0.14735s
Reading in 'PartType4/GroupNumber' for z = 12.0 using 8 thread(s) took 0.172725s
Reading in 'PartType4/SubGroupNumber' for z = 12.0 using 8 thread(s) took 0.163846s
Reading in 'PartType4/GroupNumber' for z = 13.0 using 8 thread(s) took 0.166874s
Reading in 'PartType4/SubGroupNumber' for z = 13.0 using 8 thread(s) took 0.179202s
Reading in 'PartType4/ParticleIDs' for z = 13.0 using 8 thread(s) took 0.169351s
Reading in 'PartType4/GroupNumber' for z = 11.0 using 8 thread(s) took 0.159021s
Reading in 'PartType4/SubGroupNumber' for z = 11.0 using 8 thread(s) took 0.180008s
Reading in 'PartType4/ParticleIDs' for z = 11.0 using 8 thread(s) took 0.172966s
Graph progress:  0 % 3248.0
Graph progress:  1 % 274.0
Graph progress:  2 % 7188.0
Graph progress:  3 % 1543.0
Graph progress:  4 % 6862.0
Graph progress:  5 % 925.0
Graph progress:  6 % 10873.0
Graph progress:  7 % 15.00003
Graph progress:  8 % 132.00006
Graph progress:  9 % 5270.0
Graph progress:  10 % 386.0
Graph progress:  11 % 9141.0
Graph progress:  12 % 6382.0
Graph progress:  13 % 292.00001
Graph progress:  14 % 59.00001
Graph progress:  15 % 2497.0
Graph progress:  16 % 1452.0
Graph progress:  17 % 6121.0
Graph progress:  18 % 2292.0
Graph progress:  19 % 540.0
Graph progress:  20 % 2326.0
Graph progress:  21 % 102.0
Graph progress:  22 % 2152.0
Graph progress:  23 % 4.00002
Graph progress:  24 % 2101.0
Graph progress:  25 % 4.00003
Graph progress:  26 % 5203.0
Graph progress:  27 % 4176.0
Graph progress:  28 % 222.00001
Graph progress:  29 % 1387.0
Graph progress:  30 % 1379.0
Graph progress:  31 % 236.0
Graph progress:  32 % 6180.0
Graph progress:  33 % 5374.0
Graph progress:  34 % 1947.0
Graph progress:  35 % 248.00003
Graph progress:  36 % 1916.0
Graph progress:  37 % 4358.0
Graph progress:  38 % 187.0
Graph progress:  39 % 7900.0
Graph progress:  40 % 10769.0
Graph progress:  41 % 3.00001
Graph progress:  42 % 22.00003
Graph progress:  43 % 2166.0
Graph progress:  44 % 3118.0
Graph progress:  45 % 741.00001
Graph progress:  46 % 4098.0
Graph progress:  47 % 731.0
Graph progress:  48 % 9225.0
Graph progress:  49 % 6360.0
Graph progress:  50 % 372.00001
Graph progress:  51 % 652.0
Graph progress:  52 % 4269.0
Graph progress:  53 % 6616.0
Graph progress:  54 % 134.00001
Graph progress:  55 % 930.0
Graph progress:  56 % 284.0
Graph progress:  57 % 9379.0
Graph progress:  58 % 9460.0
Graph progress:  59 % 100.00004
Graph progress:  60 % 4259.0
Graph progress:  61 % 4431.0
Graph progress:  62 % 1505.0
Graph progress:  63 % 2561.0
Graph progress:  64 % 7049.0
Graph progress:  65 % 1545.0
Graph progress:  66 % 3151.0
Graph progress:  67 % 642.0
Graph progress:  68 % 502.0
Graph progress:  69 % 1337.0
Graph progress:  70 % 5484.0
Graph progress:  71 % 670.0
Graph progress:  72 % 740.00001
Graph progress:  73 % 139.00001
Graph progress:  74 % 3283.0
Graph progress:  75 % 182.00001
Graph progress:  76 % 3629.0
Graph progress:  77 % 3665.0
Graph progress:  78 % 13623.0
Graph progress:  79 % 2960.0
Graph progress:  80 % 1304.0
Graph progress:  81 % 223.0
Graph progress:  82 % 7501.0
Graph progress:  83 % 5381.0
Graph progress:  84 % 5124.0
Graph progress:  85 % 5093.0
Graph progress:  86 % 1095.0
Graph progress:  87 % 5686.0
Graph progress:  88 % 8892.0
Graph progress:  89 % 105.00002
Graph progress:  90 % 3207.0
Graph progress:  91 % 2450.0
Graph progress:  92 % 1698.0
Graph progress:  93 % 468.0
Graph progress:  94 % 1720.00001
Graph progress:  95 % 8653.0
Graph progress:  96 % 6880.0
Graph progress:  97 % 1953.0
Graph progress:  98 % 9369.0
Graph progress:  99 % 1499.0
Processed 4765 halos in snapshot 003_z012p000 of particle type 4
Reading in 'PartType5/ParticleIDs' for z = 12.0 using 8 thread(s) took 0.150934s
Reading in 'PartType5/ParticleIDs' for z = 13.0 using 8 thread(s) took 0.16218s
Reading in 'Subhalo/SubGroupNumber' for z = 13.0 using 8 thread(s) took 0.278576s
Reading in 'Subhalo/GroupNumber' for z = 13.0 using 8 thread(s) took 0.270459s
Reading in 'Subhalo/ApertureMeasurements/Mass/030kpc' for z = 13.0 using 8 thread(s) took 0.272242s
Reading in 'PartType5/Mass' for z = 13.0 using 8 thread(s) took 0.13173s
Reading in 'PartType5/ParticleIDs' for z = 11.0 using 8 thread(s) took 7.299497s
Reading in 'Subhalo/SubGroupNumber' for z = 11.0 using 8 thread(s) took 0.310173s
Reading in 'Subhalo/GroupNumber' for z = 11.0 using 8 thread(s) took 0.313735s
Reading in 'Subhalo/ApertureMeasurements/Mass/030kpc' for z = 11.0 using 8 thread(s) took 0.307621s
Reading in 'PartType5/Mass' for z = 11.0 using 8 thread(s) took 0.161196s
Reading in 'PartType5/ParticleIDs' for z = 12.0 using 8 thread(s) took 0.150593s
Reading in 'PartType5/GroupNumber' for z = 12.0 using 8 thread(s) took 0.160739s
Reading in 'PartType5/SubGroupNumber' for z = 12.0 using 8 thread(s) took 0.155592s
Reading in 'PartType5/GroupNumber' for z = 13.0 using 8 thread(s) took 0.15394s
Reading in 'PartType5/SubGroupNumber' for z = 13.0 using 8 thread(s) took 0.152767s
Reading in 'PartType5/ParticleIDs' for z = 13.0 using 8 thread(s) took 0.146201s
Reading in 'PartType5/GroupNumber' for z = 11.0 using 8 thread(s) took 0.166525s
Reading in 'PartType5/SubGroupNumber' for z = 11.0 using 8 thread(s) took 0.167166s
Reading in 'PartType5/ParticleIDs' for z = 11.0 using 8 thread(s) took 0.167271s
Graph progress:  0 % 72.0
Graph progress:  1 % 89.00001
Graph progress:  2 % 49.00001
Graph progress:  3 % 6.0
Graph progress:  4 % 21.0
Graph progress:  5 % 109.00001
Graph progress:  6 % 22.0
Graph progress:  7 % 225.0
Graph progress:  8 % 15.00004
Graph progress:  9 % 15.0
Graph progress:  10 % 90.0
Graph progress:  11 % 96.00004
Graph progress:  12 % 174.00001
Graph progress:  13 % 164.0
Graph progress:  14 % 92.0
Graph progress:  15 % 107.0
Graph progress:  16 % 59.00001
Graph progress:  17 % 41.0
Graph progress:  18 % 166.0
Graph progress:  19 % 45.00002
Graph progress:  20 % 52.0
Graph progress:  21 % 60.0
Graph progress:  22 % 70.00001
Graph progress:  23 % 4.00003
Graph progress:  24 % 82.00001
Graph progress:  25 % 54.0
Graph progress:  26 % 123.0
Graph progress:  27 % 73.0
Graph progress:  28 % 136.00001
Graph progress:  29 % 58.0
Graph progress:  30 % 1667.0
Graph progress:  31 % 103.0
Graph progress:  32 % 97.0
Graph progress:  33 % 46.00001
Graph progress:  34 % 55.0
Graph progress:  35 % 14.00001
Graph progress:  36 % 104.0
Graph progress:  37 % 3.0
Graph progress:  38 % 78.0
Graph progress:  39 % 43.0
Graph progress:  40 % 37.0
Graph progress:  41 % 10.0
Graph progress:  42 % 119.00001
Graph progress:  43 % 23.0
Graph progress:  44 % 47.0
Graph progress:  45 % 71.0
Graph progress:  46 % 93.00002
Graph progress:  47 % 106.0
Graph progress:  48 % 91.0
Graph progress:  49 % 67.00001
Graph progress:  50 % 11.0
Graph progress:  51 % 33.0
Graph progress:  52 % 94.0
Graph progress:  53 % 57.0
Graph progress:  54 % 9.0
Graph progress:  55 % 64.0
Graph progress:  56 % 28.0
Graph progress:  57 % 36.0
Graph progress:  58 % 98.0
Graph progress:  59 % 56.0
Graph progress:  60 % 40.0
Graph progress:  61 % 130.00001
Graph progress:  62 % 131.0
Graph progress:  63 % 20.0
Graph progress:  64 % 66.0
Graph progress:  65 % 76.00002
Graph progress:  66 % 26.0
Graph progress:  67 % 68.00002
Graph progress:  68 % 1.00001
Graph progress:  69 % 95.0
Graph progress:  70 % 263.0
Graph progress:  71 % 30.0
Graph progress:  72 % 34.0
Graph progress:  73 % 65.0
Graph progress:  74 % 29.0
Graph progress:  75 % 84.0
Graph progress:  76 % 35.00002
Graph progress:  77 % 48.0
Graph progress:  78 % 171.00001
Graph progress:  79 % 13.00001
Graph progress:  80 % 16.00014
Graph progress:  81 % 128.00001
Graph progress:  82 % 17.0
Graph progress:  83 % 69.00002
Graph progress:  84 % 105.00001
Graph progress:  85 % 650.0
Graph progress:  86 % 13.00004
Graph progress:  87 % 528.0
Graph progress:  88 % 381.00001
Graph progress:  89 % 125.0
Graph progress:  90 % 19.00012
Graph progress:  91 % 44.0
Graph progress:  92 % 63.00003
Graph progress:  93 % 51.00001
Graph progress:  94 % 32.0
Graph progress:  95 % 85.0
Graph progress:  96 % 195.0
Graph progress:  97 % 112.0
Graph progress:  98 % 803.0
Graph progress:  99 % 12.00017
Processed 136 halos in snapshot 003_z012p000 of particle type 5
Reading in 'PartType0/ParticleIDs' for z = 12.0 using 8 thread(s) took 9.463652s
Reading in 'PartType0/ParticleIDs' for z = 13.0 using 8 thread(s) took 9.522138s
Reading in 'Subhalo/SubGroupNumber' for z = 13.0 using 8 thread(s) took 0.371717s
Reading in 'Subhalo/GroupNumber' for z = 13.0 using 8 thread(s) took 0.351142s
Reading in 'Subhalo/ApertureMeasurements/Mass/030kpc' for z = 13.0 using 8 thread(s) took 0.352865s
Reading in 'PartType0/Mass' for z = 13.0 using 8 thread(s) took 0.255084s
Reading in 'PartType0/ParticleIDs' for z = 11.0 using 8 thread(s) took 12.587142s
Reading in 'Subhalo/SubGroupNumber' for z = 11.0 using 8 thread(s) took 0.41029s
Reading in 'Subhalo/GroupNumber' for z = 11.0 using 8 thread(s) took 0.400985s
Reading in 'Subhalo/ApertureMeasurements/Mass/030kpc' for z = 11.0 using 8 thread(s) took 0.389451s
Reading in 'PartType0/Mass' for z = 11.0 using 8 thread(s) took 0.332752s
Reading in 'PartType0/ParticleIDs' for z = 12.0 using 8 thread(s) took 0.378329s
Reading in 'PartType0/GroupNumber' for z = 12.0 using 8 thread(s) took 0.32223s
Reading in 'PartType0/SubGroupNumber' for z = 12.0 using 8 thread(s) took 0.33109s
Reading in 'PartType0/GroupNumber' for z = 13.0 using 8 thread(s) took 0.325225s
Reading in 'PartType0/SubGroupNumber' for z = 13.0 using 8 thread(s) took 0.311909s
Reading in 'PartType0/ParticleIDs' for z = 13.0 using 8 thread(s) took 0.338493s
Reading in 'PartType0/GroupNumber' for z = 11.0 using 8 thread(s) took 0.389633s
Reading in 'PartType0/SubGroupNumber' for z = 11.0 using 8 thread(s) took 0.384476s
Reading in 'PartType0/ParticleIDs' for z = 11.0 using 8 thread(s) took 0.467636s
Graph progress:  0 % 22519.0
Graph progress:  1 % 21781.0
Graph progress:  2 % 3074.00001
Graph progress:  3 % 22208.0
Graph progress:  4 % 149.0
Graph progress:  5 % 39694.0
Graph progress:  6 % 10960.00001
Graph progress:  7 % 30493.0
Graph progress:  8 % 23380.0
Graph progress:  9 % 36179.0
Graph progress:  10 % 7986.0
Graph progress:  11 % 46307.0
Graph progress:  12 % 40488.0
Graph progress:  13 % 8359.0
Graph progress:  14 % 45324.0
Graph progress:  15 % 23685.0
Graph progress:  16 % 28314.0
Graph progress:  17 % 15667.0
Graph progress:  18 % 341.0
Graph progress:  19 % 1906.00002
Graph progress:  20 % 39183.0
Graph progress:  21 % 23655.0
Graph progress:  22 % 28852.0
Graph progress:  23 % 7508.0
Graph progress:  24 % 36079.0
Graph progress:  25 % 5428.0
Graph progress:  26 % 41554.0
Graph progress:  27 % 28775.0
Graph progress:  28 % 9105.0
Graph progress:  29 % 4667.0
Graph progress:  30 % 2888.0
Graph progress:  31 % 14098.0
Graph progress:  32 % 43290.0
Graph progress:  33 % 28621.0
Graph progress:  34 % 5462.0
Graph progress:  35 % 27717.0
Graph progress:  36 % 15503.0
Graph progress:  37 % 29491.0
Graph progress:  38 % 11315.0
Graph progress:  39 % 25662.0
Graph progress:  40 % 22426.0
Graph progress:  41 % 33194.0
Graph progress:  42 % 16002.00001
Graph progress:  43 % 36483.0
Graph progress:  44 % 10008.0
Graph progress:  45 % 3053.0
Graph progress:  46 % 40669.0
Graph progress:  47 % 18932.0
Graph progress:  48 % 41453.0
Graph progress:  49 % 15184.0
Graph progress:  50 % 1080.00002
Graph progress:  51 % 1250.00001
Graph progress:  52 % 23451.0
Graph progress:  53 % 12495.0
Graph progress:  54 % 37096.0
Graph progress:  55 % 40619.0
Graph progress:  56 % 13899.0
Graph progress:  57 % 9.00008
Graph progress:  58 % 14527.0
Graph progress:  59 % 40618.0
Graph progress:  60 % 37255.0
Graph progress:  61 % 18490.0
Graph progress:  62 % 440.0
Graph progress:  63 % 35264.0
Graph progress:  64 % 1887.00001
Graph progress:  65 % 25026.0
Graph progress:  66 % 22560.0
Graph progress:  67 % 35919.0
Graph progress:  68 % 34596.0
Graph progress:  69 % 11352.0
Graph progress:  70 % 40998.0
Graph progress:  71 % 2435.0
Graph progress:  72 % 11250.0
Graph progress:  73 % 665.0
Graph progress:  74 % 45888.0
Graph progress:  75 % 25820.0
Graph progress:  76 % 683.0
Graph progress:  77 % 43215.0
Graph progress:  78 % 9816.0
Graph progress:  79 % 44740.0
Graph progress:  80 % 44967.0
Graph progress:  81 % 2171.00001
Graph progress:  82 % 6851.0
Graph progress:  83 % 41152.0
Graph progress:  84 % 9826.00001
Graph progress:  85 % 31206.0
Graph progress:  86 % 32382.0
Graph progress:  87 % 23255.0
Graph progress:  88 % 40732.0
Graph progress:  89 % 39756.0
Graph progress:  90 % 39921.0
Graph progress:  91 % 21121.0
Graph progress:  92 % 250.00002
Graph progress:  93 % 38344.0
Graph progress:  94 % 255.00001
Graph progress:  95 % 4139.0
Graph progress:  96 % 15559.00002
Graph progress:  97 % 27224.0
Graph progress:  98 % 9637.0
Graph progress:  99 % 30394.0
Processed 54305 halos in snapshot 003_z012p000 of particle type 0
Write progress:  0 % 22519.0
Write progress:  1 % 4297.00001
Write progress:  2 % 42824.0
Write progress:  3 % 8805.0
Write progress:  4 % 762.0
Write progress:  5 % 17288.0
Write progress:  6 % 44481.0
Write progress:  7 % 11497.0
Write progress:  8 % 2636.00001
Write progress:  9 % 33003.0
Write progress:  10 % 19566.0
Write progress:  11 % 31373.0
Write progress:  12 % 1737.00001
Write progress:  13 % 30322.0
Write progress:  14 % 31307.0
Write progress:  15 % 29269.0
Write progress:  16 % 36809.0
Write progress:  17 % 30307.0
Write progress:  18 % 20912.0
Write progress:  19 % 516.0
Write progress:  20 % 34775.0
Write progress:  21 % 37494.0
Write progress:  22 % 11061.0
Write progress:  23 % 4105.00001
Write progress:  24 % 23023.0
Write progress:  25 % 44286.0
Write progress:  26 % 9685.0
Write progress:  27 % 11067.0
Write progress:  28 % 5087.0
Write progress:  29 % 28164.0
Write progress:  30 % 26881.00001
Write progress:  31 % 16042.0
Write progress:  32 % 651.00002
Write progress:  33 % 23876.0
Write progress:  34 % 6042.0
Write progress:  35 % 14721.0
Write progress:  36 % 822.00001
Write progress:  37 % 20419.0
Write progress:  38 % 7351.0
Write progress:  39 % 44652.0
Write progress:  40 % 46642.0
Write progress:  41 % 16612.0
Write progress:  42 % 11662.00001
Write progress:  43 % 4220.0
Write progress:  44 % 34557.0
Write progress:  45 % 43878.0
Write progress:  46 % 38570.0
Write progress:  47 % 14673.0
Write progress:  48 % 8371.0
Write progress:  49 % 24836.0
Write progress:  50 % 9300.00001
Write progress:  51 % 33376.0
Write progress:  52 % 4066.00001
Write progress:  53 % 39079.0
Write progress:  54 % 14040.0
Write progress:  55 % 41455.0
Write progress:  56 % 14828.0
Write progress:  57 % 20977.0
Write progress:  58 % 3234.0
Write progress:  59 % 15867.0
Write progress:  60 % 2740.0
Write progress:  61 % 19760.00001
Write progress:  62 % 29621.0
Write progress:  63 % 21985.0
Write progress:  64 % 11467.0
Write progress:  65 % 787.00002
Write progress:  66 % 36.00001
Write progress:  67 % 6786.00001
Write progress:  68 % 13767.0
Write progress:  69 % 5774.0
Write progress:  70 % 133.00001
Write progress:  71 % 18286.0
Write progress:  72 % 29676.0
Write progress:  73 % 26566.0
Write progress:  74 % 26555.0
Write progress:  75 % 15195.0
Write progress:  76 % 11275.0
Write progress:  77 % 5926.0
Write progress:  78 % 7544.00001
Write progress:  79 % 26247.0
Write progress:  80 % 25935.0
Write progress:  81 % 14120.0
Write progress:  82 % 18801.0
Write progress:  83 % 43933.0
Write progress:  84 % 36033.0
Write progress:  85 % 325.00001
Write progress:  86 % 26475.0
Write progress:  87 % 10484.00001
Write progress:  88 % 18891.0
Write progress:  89 % 42995.0
Write progress:  90 % 14024.0
Write progress:  91 % 2931.00001
Write progress:  92 % 287.0
Write progress:  93 % 42716.0
Write progress:  94 % 19122.0
Write progress:  95 % 14077.0
Write progress:  96 % 490.00002
Write progress:  97 % 25975.0
Write progress:  98 % 20938.0
Write progress:  99 % 36266.0
Job done, info follows...
       JobID    JobName  Partition     MaxRSS    Elapsed ExitCode 
------------ ---------- ---------- ---------- ---------- -------- 
2042958_376  MEGA-FLAR+     cosma6              00:12:50      0:0 
2042958_376+     extern                         00:12:50      0:0 
