====
Starting job 2043166 at Thu 23 Apr 23:00:36 BST 2020 for user dc-rope1.
Running on nodes: m6190
====
73
('33', '000_z015p000', '001_z014p000', '002_z013p000')
Reading in 'PartType1/ParticleIDs' for z = 14.0 using 8 thread(s) took 8.105199s
Reading in 'PartType1/ParticleIDs' for z = 14.0 using 8 thread(s) took 5.840677s
Reading in 'PartType1/GroupNumber' for z = 14.0 using 8 thread(s) took 0.110256s
Reading in 'PartType1/SubGroupNumber' for z = 14.0 using 8 thread(s) took 0.07809s
Reading in 'PartType1/GroupNumber' for z = 15.0 using 8 thread(s) took 0.605307s
Reading in 'PartType1/SubGroupNumber' for z = 15.0 using 8 thread(s) took 0.124143s
Reading in 'PartType1/ParticleIDs' for z = 15.0 using 8 thread(s) took 0.093888s
Reading in 'PartType1/GroupNumber' for z = 13.0 using 8 thread(s) took 3.177738s
Reading in 'PartType1/SubGroupNumber' for z = 13.0 using 8 thread(s) took 0.374148s
Reading in 'PartType1/ParticleIDs' for z = 13.0 using 8 thread(s) took 0.159699s
Graph progress:  0 % 1061.0
Graph progress:  1 % 2282.0
Graph progress:  2 % 398.0
Graph progress:  3 % 240.00001
Graph progress:  4 % 1996.0
Graph progress:  5 % 1901.0
Graph progress:  6 % 1767.0
Graph progress:  7 % 2424.0
Graph progress:  8 % 1290.0
Graph progress:  9 % 810.0
Graph progress:  10 % 121.0
Graph progress:  11 % 2426.0
Graph progress:  12 % 2547.0
Graph progress:  13 % 2483.0
Graph progress:  14 % 1364.0
Graph progress:  15 % 1449.0
Graph progress:  16 % 909.0
Graph progress:  17 % 1726.0
Graph progress:  18 % 2046.0
Graph progress:  19 % 2002.0
Graph progress:  20 % 1897.0
Graph progress:  21 % 1546.0
Graph progress:  22 % 1451.0
Graph progress:  23 % 1294.0
Graph progress:  24 % 2516.0
Graph progress:  25 % 272.0
Graph progress:  26 % 2100.0
Graph progress:  27 % 449.0
Graph progress:  28 % 2185.0
Graph progress:  29 % 613.0
Graph progress:  30 % 513.0
Graph progress:  31 % 2243.0
Graph progress:  32 % 1056.0
Graph progress:  33 % 1611.0
Graph progress:  34 % 1258.0
Graph progress:  35 % 453.00001
Graph progress:  36 % 1349.0
Graph progress:  37 % 2501.0
Graph progress:  38 % 1752.0
Graph progress:  39 % 2529.0
Graph progress:  40 % 1434.0
Graph progress:  41 % 902.0
Graph progress:  42 % 1429.0
Graph progress:  43 % 1823.0
Graph progress:  44 % 764.0
Graph progress:  45 % 1627.0
Graph progress:  46 % 976.0
Graph progress:  47 % 292.0
Graph progress:  48 % 2445.0
Graph progress:  49 % 565.0
Graph progress:  50 % 2258.0
Graph progress:  51 % 236.0
Graph progress:  52 % 485.00001
Graph progress:  53 % 1183.0
Graph progress:  54 % 1433.0
Graph progress:  55 % 1322.0
Graph progress:  56 % 25.0
Graph progress:  57 % 228.00001
Graph progress:  58 % 1977.0
Graph progress:  59 % 1921.0
Graph progress:  60 % 1661.0
Graph progress:  61 % 14.00002
Graph progress:  62 % 1956.0
Graph progress:  63 % 2349.0
Graph progress:  64 % 2438.0
Graph progress:  65 % 113.0
Graph progress:  66 % 1929.0
Graph progress:  67 % 1201.00001
Graph progress:  68 % 993.0
Graph progress:  69 % 1685.00001
Graph progress:  70 % 1549.0
Graph progress:  71 % 1664.0
Graph progress:  72 % 793.0
Graph progress:  73 % 886.0
Graph progress:  74 % 18.0
Graph progress:  75 % 1550.0
Graph progress:  76 % 2088.0
Graph progress:  77 % 1013.0
Graph progress:  78 % 725.0
Graph progress:  79 % 2317.0
Graph progress:  80 % 699.0
Graph progress:  81 % 2121.0
Graph progress:  82 % 2268.0
Graph progress:  83 % 1651.0
Graph progress:  84 % 1721.0
Graph progress:  85 % 506.0
Graph progress:  86 % 49.0
Graph progress:  87 % 1153.0
Graph progress:  88 % 145.00001
Graph progress:  89 % 344.0
Graph progress:  90 % 593.0
Graph progress:  91 % 212.0
Graph progress:  92 % 1986.0
Graph progress:  93 % 1863.0
Graph progress:  94 % 606.0
Graph progress:  95 % 2015.0
Graph progress:  96 % 2125.0
Graph progress:  97 % 2263.0
Graph progress:  98 % 2014.0
Graph progress:  99 % 969.0
Processed 2798 halos in snapshot 001_z014p000 of particle type 1
Reading in 'PartType4/ParticleIDs' for z = 14.0 using 8 thread(s) took 0.430107s
Reading in 'PartType4/ParticleIDs' for z = 15.0 using 8 thread(s) took 0.502722s
Reading in 'Subhalo/SubGroupNumber' for z = 15.0 using 8 thread(s) took 2.688199s
Reading in 'Subhalo/GroupNumber' for z = 15.0 using 8 thread(s) took 0.156969s
Reading in 'Subhalo/ApertureMeasurements/Mass/030kpc' for z = 15.0 using 8 thread(s) took 0.146946s
Reading in 'PartType4/Mass' for z = 15.0 using 8 thread(s) took 0.172786s
Reading in 'PartType4/ParticleIDs' for z = 13.0 using 8 thread(s) took 2.928555s
Reading in 'Subhalo/SubGroupNumber' for z = 13.0 using 8 thread(s) took 2.976288s
Reading in 'Subhalo/GroupNumber' for z = 13.0 using 8 thread(s) took 0.177386s
Reading in 'Subhalo/ApertureMeasurements/Mass/030kpc' for z = 13.0 using 8 thread(s) took 0.122831s
Reading in 'PartType4/Mass' for z = 13.0 using 8 thread(s) took 0.36252s
Reading in 'PartType4/ParticleIDs' for z = 14.0 using 8 thread(s) took 0.370356s
Reading in 'PartType4/GroupNumber' for z = 14.0 using 8 thread(s) took 0.288335s
Reading in 'PartType4/SubGroupNumber' for z = 14.0 using 8 thread(s) took 0.111539s
Reading in 'PartType4/GroupNumber' for z = 15.0 using 8 thread(s) took 0.11757s
Reading in 'PartType4/SubGroupNumber' for z = 15.0 using 8 thread(s) took 0.088641s
Reading in 'PartType4/ParticleIDs' for z = 15.0 using 8 thread(s) took 0.077792s
Reading in 'PartType4/GroupNumber' for z = 13.0 using 8 thread(s) took 0.079038s
Reading in 'PartType4/SubGroupNumber' for z = 13.0 using 8 thread(s) took 0.151083s
Reading in 'PartType4/ParticleIDs' for z = 13.0 using 8 thread(s) took 0.153961s
Graph progress:  0 % 3.00001
Graph progress:  1 % 3.0
Graph progress:  2 % 1.00002
Graph progress:  3 % 329.0
Graph progress:  4 % 105.0
Graph progress:  5 % 973.0
Graph progress:  6 % 349.0
Graph progress:  7 % 1.0
Graph progress:  8 % 1.00003
Graph progress:  9 % 1.00001
Graph progress:  10 % 97.0
Graph progress:  11 % 26.0
Graph progress:  12 % 183.0
Graph progress:  13 % 674.0
Graph progress:  14 % 257.0
Graph progress:  15 % 437.0
Graph progress:  16 % 391.0
Graph progress:  17 % 153.0
Graph progress:  18 % 321.0
Graph progress:  19 % 1176.0
Graph progress:  20 % 123.0
Graph progress:  21 % 548.0
Graph progress:  22 % 134.0
Graph progress:  23 % 61.0
Graph progress:  24 % 539.0
Graph progress:  25 % 860.0
Graph progress:  26 % 520.0
Graph progress:  27 % 584.0
Graph progress:  28 % 76.0
Graph progress:  29 % 661.0
Graph progress:  30 % 60.0
Graph progress:  31 % 13.0
Graph progress:  32 % 483.0
Graph progress:  33 % 24.0
Graph progress:  34 % 612.0
Graph progress:  35 % 75.0
Graph progress:  36 % 96.0
Graph progress:  37 % 57.0
Graph progress:  38 % 71.0
Graph progress:  39 % 56.0
Graph progress:  40 % 634.0
Graph progress:  41 % 48.0
Graph progress:  42 % 52.0
Graph progress:  43 % 124.0
Graph progress:  44 % 47.0
Graph progress:  45 % 122.0
Graph progress:  46 % 304.0
Graph progress:  47 % 21.0
Graph progress:  48 % 5.0
Graph progress:  49 % 83.0
Graph progress:  50 % 589.0
Graph progress:  51 % 350.0
Graph progress:  52 % 25.0
Graph progress:  53 % 40.0
Graph progress:  54 % 36.0
Graph progress:  55 % 42.0
Graph progress:  56 % 110.0
Graph progress:  57 % 68.0
Graph progress:  58 % 39.0
Graph progress:  59 % 151.0
Graph progress:  60 % 180.0
Graph progress:  61 % 79.0
Graph progress:  62 % 113.0
Graph progress:  63 % 18.00002
Graph progress:  64 % 88.0
Graph progress:  65 % 144.0
Graph progress:  66 % 6.0
Graph progress:  67 % 4.0
Graph progress:  68 % 17.0
Graph progress:  69 % 11.0
Graph progress:  70 % 2.0
Graph progress:  71 % 15.0
Graph progress:  72 % 15.00001
Graph progress:  73 % 106.0
Graph progress:  74 % 20.0
Graph progress:  75 % 51.0
Graph progress:  76 % 99.0
Graph progress:  77 % 266.0
Graph progress:  78 % 506.0
Graph progress:  79 % 30.0
Graph progress:  80 % 8.0
Graph progress:  81 % 384.0
Graph progress:  82 % 22.0
Graph progress:  83 % 7.0
Graph progress:  84 % 166.0
Graph progress:  85 % 357.0
Graph progress:  86 % 137.0
Graph progress:  87 % 319.0
Graph progress:  88 % 64.0
Graph progress:  89 % 173.0
Graph progress:  90 % 27.0
Graph progress:  91 % 740.0
Graph progress:  92 % 233.0
Graph progress:  93 % 19.00001
Graph progress:  94 % 212.0
Graph progress:  95 % 125.0
Graph progress:  96 % 617.0
Graph progress:  97 % 278.0
Graph progress:  98 % 10.0
Graph progress:  99 % 402.0
Processed 117 halos in snapshot 001_z014p000 of particle type 4
Reading in 'PartType5/ParticleIDs' for z = 14.0 using 8 thread(s) took 0.115315s
Reading in 'PartType5/ParticleIDs' for z = 15.0 using 8 thread(s) took 0.069395s
Reading in 'Subhalo/SubGroupNumber' for z = 15.0 using 8 thread(s) took 0.111573s
Reading in 'Subhalo/GroupNumber' for z = 15.0 using 8 thread(s) took 0.109646s
Reading in 'Subhalo/ApertureMeasurements/Mass/030kpc' for z = 15.0 using 8 thread(s) took 0.105253s
Reading in 'PartType5/Mass' for z = 15.0 using 8 thread(s) took 0.065814s
Reading in 'PartType5/ParticleIDs' for z = 13.0 using 8 thread(s) took 0.435645s
Reading in 'Subhalo/SubGroupNumber' for z = 13.0 using 8 thread(s) took 0.145012s
Reading in 'Subhalo/GroupNumber' for z = 13.0 using 8 thread(s) took 0.123951s
Reading in 'Subhalo/ApertureMeasurements/Mass/030kpc' for z = 13.0 using 8 thread(s) took 0.176385s
Reading in 'PartType5/Mass' for z = 13.0 using 8 thread(s) took 0.080499s
Reading in 'PartType5/ParticleIDs' for z = 14.0 using 8 thread(s) took 0.082197s
Reading in 'PartType5/GroupNumber' for z = 14.0 using 8 thread(s) took 0.069053s
Reading in 'PartType5/SubGroupNumber' for z = 14.0 using 8 thread(s) took 0.063639s
Reading in 'PartType5/GroupNumber' for z = 15.0 using 8 thread(s) took 0.066123s
Reading in 'PartType5/SubGroupNumber' for z = 15.0 using 8 thread(s) took 0.067165s
Reading in 'PartType5/ParticleIDs' for z = 15.0 using 8 thread(s) took 0.087159s
Reading in 'PartType5/GroupNumber' for z = 13.0 using 8 thread(s) took 0.101991s
Reading in 'PartType5/SubGroupNumber' for z = 13.0 using 8 thread(s) took 0.104118s
Reading in 'PartType5/ParticleIDs' for z = 13.0 using 8 thread(s) took 0.068539s
Graph progress:  0 % 1.00002
Graph progress:  50 % 2.0
Processed 2 halos in snapshot 001_z014p000 of particle type 5
Reading in 'PartType0/ParticleIDs' for z = 14.0 using 8 thread(s) took 6.601842s
Reading in 'PartType0/ParticleIDs' for z = 15.0 using 8 thread(s) took 6.677575s
Reading in 'Subhalo/SubGroupNumber' for z = 15.0 using 8 thread(s) took 0.17555s
Reading in 'Subhalo/GroupNumber' for z = 15.0 using 8 thread(s) took 0.148308s
Reading in 'Subhalo/ApertureMeasurements/Mass/030kpc' for z = 15.0 using 8 thread(s) took 0.162347s
Reading in 'PartType0/Mass' for z = 15.0 using 8 thread(s) took 0.453601s
Reading in 'PartType0/ParticleIDs' for z = 13.0 using 8 thread(s) took 7.572774s
Reading in 'Subhalo/SubGroupNumber' for z = 13.0 using 8 thread(s) took 0.227063s
Reading in 'Subhalo/GroupNumber' for z = 13.0 using 8 thread(s) took 0.240782s
Reading in 'Subhalo/ApertureMeasurements/Mass/030kpc' for z = 13.0 using 8 thread(s) took 0.162277s
Reading in 'PartType0/Mass' for z = 13.0 using 8 thread(s) took 0.142087s
Reading in 'PartType0/ParticleIDs' for z = 14.0 using 8 thread(s) took 0.139188s
Reading in 'PartType0/GroupNumber' for z = 14.0 using 8 thread(s) took 0.183036s
Reading in 'PartType0/SubGroupNumber' for z = 14.0 using 8 thread(s) took 0.188555s
Reading in 'PartType0/GroupNumber' for z = 15.0 using 8 thread(s) took 0.170136s
Reading in 'PartType0/SubGroupNumber' for z = 15.0 using 8 thread(s) took 0.151873s
Reading in 'PartType0/ParticleIDs' for z = 15.0 using 8 thread(s) took 0.417896s
Reading in 'PartType0/GroupNumber' for z = 13.0 using 8 thread(s) took 0.178722s
Reading in 'PartType0/SubGroupNumber' for z = 13.0 using 8 thread(s) took 0.190238s
Reading in 'PartType0/ParticleIDs' for z = 13.0 using 8 thread(s) took 0.195975s
Graph progress:  0 % 1061.0
Graph progress:  1 % 2282.0
Graph progress:  2 % 3.00003
Graph progress:  3 % 1803.0
Graph progress:  4 % 710.0
Graph progress:  5 % 973.0
Graph progress:  6 % 2050.0
Graph progress:  7 % 469.0
Graph progress:  8 % 875.0
Graph progress:  9 % 1740.0
Graph progress:  10 % 1452.0
Graph progress:  11 % 1537.0
Graph progress:  12 % 1842.0
Graph progress:  13 % 2420.0
Graph progress:  14 % 1892.0
Graph progress:  15 % 2131.0
Graph progress:  16 % 2289.0
Graph progress:  17 % 1693.0
Graph progress:  18 % 2233.0
Graph progress:  19 % 1079.0
Graph progress:  20 % 938.0
Graph progress:  21 % 2475.0
Graph progress:  22 % 512.0
Graph progress:  23 % 1294.00001
Graph progress:  24 % 1246.0
Graph progress:  25 % 559.0
Graph progress:  26 % 2184.0
Graph progress:  27 % 833.0
Graph progress:  28 % 1063.0
Graph progress:  29 % 1065.0
Graph progress:  30 % 1806.0
Graph progress:  31 % 1418.0
Graph progress:  32 % 2497.0
Graph progress:  33 % 2620.0
Graph progress:  34 % 1377.0
Graph progress:  35 % 2455.0
Graph progress:  36 % 133.00001
Graph progress:  37 % 458.0
Graph progress:  38 % 2212.0
Graph progress:  39 % 458.00001
Graph progress:  40 % 2529.0
Graph progress:  41 % 1919.00001
Graph progress:  42 % 1408.0
Graph progress:  43 % 1455.0
Graph progress:  44 % 1325.0
Graph progress:  45 % 2584.0
Graph progress:  46 % 372.0
Graph progress:  47 % 1511.0
Graph progress:  48 % 2445.0
Graph progress:  49 % 1588.0
Graph progress:  50 % 817.0
Graph progress:  51 % 2505.0
Graph progress:  52 % 2174.0
Graph progress:  53 % 1183.00001
Graph progress:  54 % 2146.0
Graph progress:  55 % 214.00001
Graph progress:  56 % 1595.0
Graph progress:  57 % 1437.0
Graph progress:  58 % 155.0
Graph progress:  59 % 912.0
Graph progress:  60 % 569.0
Graph progress:  61 % 1486.0
Graph progress:  62 % 1037.0
Graph progress:  63 % 928.0
Graph progress:  64 % 2026.0
Graph progress:  65 % 151.0
Graph progress:  66 % 1408.00001
Graph progress:  67 % 1201.0
Graph progress:  68 % 993.0
Graph progress:  69 % 1685.00001
Graph progress:  70 % 1549.0
Graph progress:  71 % 2156.0
Graph progress:  72 % 2488.0
Graph progress:  73 % 756.0
Graph progress:  74 % 1032.0
Graph progress:  75 % 1589.0
Graph progress:  76 % 1745.0
Graph progress:  77 % 2439.0
Graph progress:  78 % 2352.0
Graph progress:  79 % 1979.0
Graph progress:  80 % 699.0
Graph progress:  81 % 825.0
Graph progress:  82 % 2144.0
Graph progress:  83 % 591.00001
Graph progress:  84 % 46.00001
Graph progress:  85 % 688.00001
Graph progress:  86 % 2551.0
Graph progress:  87 % 1911.0
Graph progress:  88 % 2124.0
Graph progress:  89 % 264.0
Graph progress:  90 % 1561.0
Graph progress:  91 % 1936.0
Graph progress:  92 % 792.0
Graph progress:  93 % 1026.0
Graph progress:  94 % 1674.0
Graph progress:  95 % 233.0
Graph progress:  96 % 1045.0
Graph progress:  97 % 1469.0
Graph progress:  98 % 2527.0
Graph progress:  99 % 200.0
Processed 2804 halos in snapshot 001_z014p000 of particle type 0
Write progress:  0 % 1061.0
Write progress:  1 % 2282.0
Write progress:  2 % 398.0
Write progress:  3 % 240.00001
Write progress:  4 % 1996.0
Write progress:  5 % 1901.0
Write progress:  6 % 1767.0
Write progress:  7 % 2424.0
Write progress:  8 % 1290.0
Write progress:  9 % 810.0
Write progress:  10 % 121.0
Write progress:  11 % 2426.0
Write progress:  12 % 2547.0
Write progress:  13 % 2483.0
Write progress:  14 % 1364.0
Write progress:  15 % 1449.0
Write progress:  16 % 909.0
Write progress:  17 % 1726.0
Write progress:  18 % 2046.0
Write progress:  19 % 2002.0
Write progress:  20 % 1897.0
Write progress:  21 % 1546.0
Write progress:  22 % 1451.0
Write progress:  23 % 1294.0
Write progress:  24 % 2516.0
Write progress:  25 % 272.0
Write progress:  26 % 2100.0
Write progress:  27 % 449.0
Write progress:  28 % 2185.0
Write progress:  29 % 613.0
Write progress:  30 % 513.0
Write progress:  31 % 2243.0
Write progress:  32 % 1056.0
Write progress:  33 % 1611.0
Write progress:  34 % 1258.0
Write progress:  35 % 453.00001
Write progress:  36 % 1349.0
Write progress:  37 % 2501.0
Write progress:  38 % 1752.0
Write progress:  39 % 2529.0
Write progress:  40 % 1434.0
Write progress:  41 % 902.0
Write progress:  42 % 1429.0
Write progress:  43 % 1823.0
Write progress:  44 % 764.0
Write progress:  45 % 1627.0
Write progress:  46 % 976.0
Write progress:  47 % 292.0
Write progress:  48 % 2445.0
Write progress:  49 % 565.0
Write progress:  50 % 2258.0
Write progress:  51 % 236.0
Write progress:  52 % 485.00001
Write progress:  53 % 1183.0
Write progress:  54 % 1433.0
Write progress:  55 % 1322.0
Write progress:  56 % 25.0
Write progress:  57 % 228.00001
Write progress:  58 % 1977.0
Write progress:  59 % 1921.0
Write progress:  60 % 1661.0
Write progress:  61 % 14.00002
Write progress:  62 % 1956.0
Write progress:  63 % 2349.0
Write progress:  64 % 2438.0
Write progress:  65 % 113.0
Write progress:  66 % 1929.0
Write progress:  67 % 1201.00001
Write progress:  68 % 993.0
Write progress:  69 % 1685.00001
Write progress:  70 % 1549.0
Write progress:  71 % 1664.0
Write progress:  72 % 793.0
Write progress:  73 % 886.0
Write progress:  74 % 18.0
Write progress:  75 % 1550.0
Write progress:  76 % 2088.0
Write progress:  77 % 1013.0
Write progress:  78 % 725.0
Write progress:  79 % 2317.0
Write progress:  80 % 699.0
Write progress:  81 % 2121.0
Write progress:  82 % 2268.0
Write progress:  83 % 1651.0
Write progress:  84 % 1721.0
Write progress:  85 % 506.0
Write progress:  86 % 49.0
Write progress:  87 % 1153.0
Write progress:  88 % 145.00001
Write progress:  89 % 344.0
Write progress:  90 % 593.0
Write progress:  91 % 212.0
Write progress:  92 % 1986.0
Write progress:  93 % 1863.0
Write progress:  94 % 606.0
Write progress:  95 % 2015.0
Write progress:  96 % 2125.0
Write progress:  97 % 2263.0
Write progress:  98 % 2014.0
Write progress:  99 % 969.0
Job done, info follows...
       JobID    JobName  Partition     MaxRSS    Elapsed ExitCode 
------------ ---------- ---------- ---------- ---------- -------- 
2042958_74   MEGA-FLAR+     cosma6              00:03:00      0:0 
2042958_74.+     extern                         00:03:00      0:0 
