====
Starting job 2040819 at Wed 22 Apr 00:57:13 BST 2020 for user dc-rope1.
Running on nodes: m7340
====
['000_z020p000', '001_z015p132', '002_z009p993', '003_z008p988', '004_z008p075', '005_z007p050', '006_z005p971', '007_z005p487', '008_z005p037', '009_z004p485', '010_z003p984', '011_z003p528', '012_z003p017', '013_z002p478', '014_z002p237', '015_z002p012', '016_z001p737', '017_z001p487', '018_z001p259', '019_z001p004', '020_z000p865', '021_z000p736', '022_z000p615', '023_z000p503', '024_z000p366', '025_z000p271', '026_z000p183', '027_z000p101', '028_z000p000']
[None, '000_z020p000', '001_z015p132', '002_z009p993', '003_z008p988', '004_z008p075', '005_z007p050', '006_z005p971', '007_z005p487', '008_z005p037', '009_z004p485', '010_z003p984', '011_z003p528', '012_z003p017', '013_z002p478', '014_z002p237', '015_z002p012', '016_z001p737', '017_z001p487', '018_z001p259', '019_z001p004', '020_z000p865', '021_z000p736', '022_z000p615', '023_z000p503', '024_z000p366', '025_z000p271', '026_z000p183', '027_z000p101']
['001_z015p132', '002_z009p993', '003_z008p988', '004_z008p075', '005_z007p050', '006_z005p971', '007_z005p487', '008_z005p037', '009_z004p485', '010_z003p984', '011_z003p528', '012_z003p017', '013_z002p478', '014_z002p237', '015_z002p012', '016_z001p737', '017_z001p487', '018_z001p259', '019_z001p004', '020_z000p865', '021_z000p736', '022_z000p615', '023_z000p503', '024_z000p366', '025_z000p271', '026_z000p183', '027_z000p101', '028_z000p000', None]
005_z007p050
Reading in 'PartType1/ParticleIDs' for z = 7.05 using 8 thread(s) took 54.364805s
Reading in 'PartType1/ParticleIDs' for z = 7.05 using 8 thread(s) took 9.47479s
Reading in 'PartType1/GroupNumber' for z = 7.05 using 8 thread(s) took 4.297833s
Reading in 'PartType1/SubGroupNumber' for z = 7.05 using 8 thread(s) took 3.687404s
Reading in 'PartType1/GroupNumber' for z = 8.075 using 8 thread(s) took 3.836588s
Reading in 'PartType1/SubGroupNumber' for z = 8.075 using 8 thread(s) took 3.22842s
Reading in 'PartType1/ParticleIDs' for z = 8.075 using 8 thread(s) took 6.174321s
Reading in 'PartType1/GroupNumber' for z = 5.971 using 8 thread(s) took 8.581307s
Reading in 'PartType1/SubGroupNumber' for z = 5.971 using 8 thread(s) took 6.875329s
Reading in 'PartType1/ParticleIDs' for z = 5.971 using 8 thread(s) took 12.631357s
Graph progress:  0 % 466.0
Graph progress:  1 % 1317459.0
Graph progress:  2 % 210895.0
Graph progress:  3 % 1301260.0
Graph progress:  4 % 747353.0
Graph progress:  5 % 514275.0
Graph progress:  6 % 677934.0
Graph progress:  7 % 717459.0
Graph progress:  8 % 341182.0
Graph progress:  9 % 589638.0
Graph progress:  10 % 61367.0
Graph progress:  11 % 1367411.0
Graph progress:  12 % 76960.00001
Graph progress:  13 % 116637.0
Graph progress:  14 % 2676.00002
Graph progress:  15 % 398969.0
Graph progress:  16 % 1013729.0
Graph progress:  17 % 1320028.0
Graph progress:  18 % 186360.0
Graph progress:  19 % 1041042.0
Graph progress:  20 % 1286987.0
Graph progress:  21 % 539842.0
Graph progress:  22 % 580570.0
Graph progress:  23 % 1084881.0
Graph progress:  24 % 1085024.0
Graph progress:  25 % 59857.0
Graph progress:  26 % 4143.00007
Graph progress:  27 % 877267.00001
Graph progress:  28 % 847943.0
Graph progress:  29 % 5444.00003
Graph progress:  30 % 649047.0
Graph progress:  31 % 1002766.0
Graph progress:  32 % 562255.0
Graph progress:  33 % 637932.0
Graph progress:  34 % 649228.0
Graph progress:  35 % 1071706.0
Graph progress:  36 % 1253845.0
Graph progress:  37 % 391476.0
Graph progress:  38 % 1290038.0
Graph progress:  39 % 1087119.0
Graph progress:  40 % 1254493.0
Graph progress:  41 % 606317.00001
Graph progress:  42 % 888622.0
Graph progress:  43 % 5328.00003
Graph progress:  44 % 756459.0
Graph progress:  45 % 1053178.0
Graph progress:  46 % 1237595.0
Graph progress:  47 % 124005.00002
Graph progress:  48 % 545227.0
Graph progress:  49 % 1103741.0
Graph progress:  50 % 554081.0
Graph progress:  51 % 1292204.0
Graph progress:  52 % 3930.00002
Graph progress:  53 % 1152415.0
Graph progress:  54 % 1186438.0
Graph progress:  55 % 57953.0
Graph progress:  56 % 8598.0
Graph progress:  57 % 111970.0
Graph progress:  58 % 1340112.0
Graph progress:  59 % 51161.0
Graph progress:  60 % 568255.0
Graph progress:  61 % 655556.0
Graph progress:  62 % 225774.0
Graph progress:  63 % 13334.00003
Graph progress:  64 % 934081.0
Graph progress:  65 % 577800.0
Graph progress:  66 % 457988.0
Graph progress:  67 % 529164.0
Graph progress:  68 % 69524.00001
Graph progress:  69 % 516994.00001
Graph progress:  70 % 4640.00002
Graph progress:  71 % 60451.00003
Graph progress:  72 % 471777.0
Graph progress:  73 % 68433.00001
Graph progress:  74 % 871627.0
Graph progress:  75 % 774362.0
Graph progress:  76 % 946955.0
Graph progress:  77 % 1108064.0
Graph progress:  78 % 395187.0
Graph progress:  79 % 629412.0
Graph progress:  80 % 604058.0
Graph progress:  81 % 54332.0
Graph progress:  82 % 708736.0
Graph progress:  83 % 1244121.0
Graph progress:  84 % 290797.0
Graph progress:  85 % 109282.0
Graph progress:  86 % 34.00055
Graph progress:  87 % 153944.0
Graph progress:  88 % 619134.0
Graph progress:  89 % 251733.0
Graph progress:  90 % 1023509.0
Graph progress:  91 % 1050994.0
Graph progress:  92 % 1051120.0
Graph progress:  93 % 479669.0
Graph progress:  94 % 916580.0
Graph progress:  95 % 792143.0
Graph progress:  96 % 417961.00001
Graph progress:  97 % 652896.0
Graph progress:  98 % 1283077.0
Graph progress:  99 % 113272.0
Processed 1671431 halos in snapshot 005_z007p050 of particle type 1
Write progress:  0 % 466.0
Write progress:  1 % 1317459.0
Write progress:  2 % 210895.0
Write progress:  3 % 1301260.0
Write progress:  4 % 747353.0
Write progress:  5 % 514275.0
Write progress:  6 % 677934.0
Write progress:  7 % 717459.0
Write progress:  8 % 341182.0
Write progress:  9 % 589638.0
Write progress:  10 % 61367.0
Write progress:  11 % 1367411.0
Write progress:  12 % 76960.00001
Write progress:  13 % 116637.0
Write progress:  14 % 2676.00002
Write progress:  15 % 398969.0
Write progress:  16 % 1013729.0
Write progress:  17 % 1320028.0
Write progress:  18 % 186360.0
Write progress:  19 % 1041042.0
Write progress:  20 % 1286987.0
Write progress:  21 % 539842.0
Write progress:  22 % 580570.0
Write progress:  23 % 1084881.0
Write progress:  24 % 1085024.0
Write progress:  25 % 59857.0
Write progress:  26 % 4143.00007
Write progress:  27 % 877267.00001
Write progress:  28 % 847943.0
Write progress:  29 % 5444.00003
Write progress:  30 % 649047.0
Write progress:  31 % 1002766.0
Write progress:  32 % 562255.0
Write progress:  33 % 637932.0
Write progress:  34 % 649228.0
Write progress:  35 % 1071706.0
Write progress:  36 % 1253845.0
Write progress:  37 % 391476.0
Write progress:  38 % 1290038.0
Write progress:  39 % 1087119.0
Write progress:  40 % 1254493.0
Write progress:  41 % 606317.00001
Write progress:  42 % 888622.0
Write progress:  43 % 5328.00003
Write progress:  44 % 756459.0
Write progress:  45 % 1053178.0
Write progress:  46 % 1237595.0
Write progress:  47 % 124005.00002
Write progress:  48 % 545227.0
Write progress:  49 % 1103741.0
Write progress:  50 % 554081.0
Write progress:  51 % 1292204.0
Write progress:  52 % 3930.00002
Write progress:  53 % 1152415.0
Write progress:  54 % 1186438.0
Write progress:  55 % 57953.0
Write progress:  56 % 8598.0
Write progress:  57 % 111970.0
Write progress:  58 % 1340112.0
Write progress:  59 % 51161.0
Write progress:  60 % 568255.0
Write progress:  61 % 655556.0
Write progress:  62 % 225774.0
Write progress:  63 % 13334.00003
Write progress:  64 % 934081.0
Write progress:  65 % 577800.0
Write progress:  66 % 457988.0
Write progress:  67 % 529164.0
Write progress:  68 % 69524.00001
Write progress:  69 % 516994.00001
Write progress:  70 % 4640.00002
Write progress:  71 % 60451.00003
Write progress:  72 % 471777.0
Write progress:  73 % 68433.00001
Write progress:  74 % 871627.0
Write progress:  75 % 774362.0
Write progress:  76 % 946955.0
Write progress:  77 % 1108064.0
Write progress:  78 % 395187.0
Write progress:  79 % 629412.0
Write progress:  80 % 604058.0
Write progress:  81 % 54332.0
Write progress:  82 % 708736.0
Write progress:  83 % 1244121.0
Write progress:  84 % 290797.0
Write progress:  85 % 109282.0
Write progress:  86 % 34.00055
Write progress:  87 % 153944.0
Write progress:  88 % 619134.0
Write progress:  89 % 251733.0
Write progress:  90 % 1023509.0
Write progress:  91 % 1050994.0
Write progress:  92 % 1051120.0
Write progress:  93 % 479669.0
Write progress:  94 % 916580.0
Write progress:  95 % 792143.0
Write progress:  96 % 417961.00001
Write progress:  97 % 652896.0
Write progress:  98 % 1283077.0
Write progress:  99 % 113272.0
Reading in 'PartType4/ParticleIDs' for z = 7.05 using 8 thread(s) took 9.684411s
Reading in 'PartType4/ParticleIDs' for z = 8.075 using 8 thread(s) took 8.278218s
Reading in 'Subhalo/SubGroupNumber' for z = 8.075 using 8 thread(s) took 10.395459s
Reading in 'Subhalo/GroupNumber' for z = 8.075 using 8 thread(s) took 2.184025s
Reading in 'Subhalo/ApertureMeasurements/Mass/030kpc' for z = 8.075 using 8 thread(s) took 2.187694s
Reading in 'PartType4/Mass' for z = 8.075 using 8 thread(s) took 6.050177s
Reading in 'PartType4/ParticleIDs' for z = 5.971 using 8 thread(s) took 10.688345s
Reading in 'Subhalo/SubGroupNumber' for z = 5.971 using 8 thread(s) took 11.24391s
Reading in 'Subhalo/GroupNumber' for z = 5.971 using 8 thread(s) took 2.051259s
Reading in 'Subhalo/ApertureMeasurements/Mass/030kpc' for z = 5.971 using 8 thread(s) took 2.275315s
Reading in 'PartType4/Mass' for z = 5.971 using 8 thread(s) took 7.941341s
Reading in 'PartType4/ParticleIDs' for z = 7.05 using 8 thread(s) took 6.441401s
Reading in 'PartType4/GroupNumber' for z = 7.05 using 8 thread(s) took 3.547823s
Reading in 'PartType4/SubGroupNumber' for z = 7.05 using 8 thread(s) took 2.699051s
Reading in 'PartType4/GroupNumber' for z = 8.075 using 8 thread(s) took 2.82871s
Reading in 'PartType4/SubGroupNumber' for z = 8.075 using 8 thread(s) took 2.568569s
Reading in 'PartType4/ParticleIDs' for z = 8.075 using 8 thread(s) took 3.612437s
Reading in 'PartType4/GroupNumber' for z = 5.971 using 8 thread(s) took 3.500894s
Reading in 'PartType4/SubGroupNumber' for z = 5.971 using 8 thread(s) took 2.62528s
Reading in 'PartType4/ParticleIDs' for z = 5.971 using 8 thread(s) took 4.567317s
Graph progress:  0 % 466.0
Graph progress:  1 % 167408.0
Graph progress:  2 % 162787.0
Graph progress:  3 % 87000.0
Graph progress:  4 % 10947.00001
Graph progress:  5 % 412608.0
Graph progress:  6 % 188141.0
Graph progress:  7 % 58150.00001
Graph progress:  8 % 130728.00001
Graph progress:  9 % 1381.0
Graph progress:  10 % 58017.0
Graph progress:  11 % 87251.0
Graph progress:  12 % 142480.0
Graph progress:  13 % 294.00006
Graph progress:  14 % 12784.00001
Graph progress:  15 % 113342.0
Graph progress:  16 % 10211.00006
Graph progress:  17 % 6123.0
Graph progress:  18 % 141353.0
Graph progress:  19 % 330432.0
Graph progress:  20 % 184506.0
Graph progress:  21 % 52601.0
Graph progress:  22 % 98534.0
Graph progress:  23 % 162174.0
Graph progress:  24 % 76.00022
Graph progress:  25 % 218092.0
Graph progress:  26 % 4267.00006
Graph progress:  27 % 6329.0
Graph progress:  28 % 963.00014
Graph progress:  29 % 54067.00001
Graph progress:  30 % 261741.0
Graph progress:  31 % 291642.0
Graph progress:  32 % 9790.00001
Graph progress:  33 % 43366.0
Graph progress:  34 % 110641.0
Graph progress:  35 % 229193.0
Graph progress:  36 % 142638.0
Graph progress:  37 % 154285.0
Graph progress:  38 % 124905.0
Graph progress:  39 % 18831.00001
Graph progress:  40 % 10886.00004
Graph progress:  41 % 41076.0
Graph progress:  42 % 463925.0
Graph progress:  43 % 261692.0
Graph progress:  44 % 36722.0
Graph progress:  45 % 84830.0
Graph progress:  46 % 5904.00001
Graph progress:  47 % 822405.0
Graph progress:  48 % 10720.00001
Graph progress:  49 % 5205.00005
Graph progress:  50 % 241048.0
Graph progress:  51 % 252615.0
Graph progress:  52 % 89785.0
Graph progress:  53 % 177613.0
Graph progress:  54 % 156090.0
Graph progress:  55 % 45063.0
Graph progress:  56 % 376174.0
Graph progress:  57 % 79267.00001
Graph progress:  58 % 46310.00002
Graph progress:  59 % 42243.0
Graph progress:  60 % 219749.0
Graph progress:  61 % 344661.0
Graph progress:  62 % 246906.0
Graph progress:  63 % 29588.0
Graph progress:  64 % 36966.0
Graph progress:  65 % 280016.0
Graph progress:  66 % 80246.0
Graph progress:  67 % 85897.00001
Graph progress:  68 % 451446.0
Graph progress:  69 % 209340.0
Graph progress:  70 % 11970.0
Graph progress:  71 % 215171.0
Graph progress:  72 % 136446.0
Graph progress:  73 % 6702.00008
Graph progress:  74 % 33246.0
Graph progress:  75 % 96677.0
Graph progress:  76 % 37827.00001
Graph progress:  77 % 31013.0
Graph progress:  78 % 16608.0
Graph progress:  79 % 236260.0
Graph progress:  80 % 76636.0
Graph progress:  81 % 190822.0
Graph progress:  82 % 280334.0
Graph progress:  83 % 342884.0
Graph progress:  84 % 50666.00001
Graph progress:  85 % 40814.0
Graph progress:  86 % 277.00001
Graph progress:  87 % 71179.0
Graph progress:  88 % 369230.0
Graph progress:  89 % 17063.00003
Graph progress:  90 % 73523.0
Graph progress:  91 % 3744.00001
Graph progress:  92 % 160465.0
Graph progress:  93 % 42903.00001
Graph progress:  94 % 58758.00001
Graph progress:  95 % 30233.00001
Graph progress:  96 % 303971.0
Graph progress:  97 % 6110.00007
Graph progress:  98 % 4426.00001
Graph progress:  99 % 91.00012
Processed 242480 halos in snapshot 005_z007p050 of particle type 4
Reading in 'PartType5/ParticleIDs' for z = 7.05 using 8 thread(s) took 41.259685s
Reading in 'PartType5/ParticleIDs' for z = 8.075 using 8 thread(s) took 81.099594s
Reading in 'Subhalo/SubGroupNumber' for z = 8.075 using 8 thread(s) took 92.039971s
Reading in 'Subhalo/GroupNumber' for z = 8.075 using 8 thread(s) took 2.113987s
Reading in 'Subhalo/ApertureMeasurements/Mass/030kpc' for z = 8.075 using 8 thread(s) took 2.2996s
Reading in 'PartType5/Mass' for z = 8.075 using 8 thread(s) took 63.923087s
Reading in 'PartType5/ParticleIDs' for z = 5.971 using 8 thread(s) took 68.511809s
Reading in 'Subhalo/SubGroupNumber' for z = 5.971 using 8 thread(s) took 11.934346s
Reading in 'Subhalo/GroupNumber' for z = 5.971 using 8 thread(s) took 2.152218s
Reading in 'Subhalo/ApertureMeasurements/Mass/030kpc' for z = 5.971 using 8 thread(s) took 2.226105s
Reading in 'PartType5/Mass' for z = 5.971 using 8 thread(s) took 7.264208s
Reading in 'PartType5/ParticleIDs' for z = 7.05 using 8 thread(s) took 6.624482s
Reading in 'PartType5/GroupNumber' for z = 7.05 using 8 thread(s) took 2.86237s
Reading in 'PartType5/SubGroupNumber' for z = 7.05 using 8 thread(s) took 2.761042s
Reading in 'PartType5/GroupNumber' for z = 8.075 using 8 thread(s) took 3.224254s
Reading in 'PartType5/SubGroupNumber' for z = 8.075 using 8 thread(s) took 2.613627s
Reading in 'PartType5/ParticleIDs' for z = 8.075 using 8 thread(s) took 2.825984s
Reading in 'PartType5/GroupNumber' for z = 5.971 using 8 thread(s) took 3.014256s
Reading in 'PartType5/SubGroupNumber' for z = 5.971 using 8 thread(s) took 3.429627s
Reading in 'PartType5/ParticleIDs' for z = 5.971 using 8 thread(s) took 3.138447s
Graph progress:  0 % 466.0
Graph progress:  1 % 21984.00001
Graph progress:  2 % 7732.0
Graph progress:  3 % 229.00001
Graph progress:  4 % 3441.0
Graph progress:  5 % 118.0
Graph progress:  6 % 8357.0
Graph progress:  7 % 10820.00002
Graph progress:  8 % 420.00002
Graph progress:  9 % 8670.0
Graph progress:  10 % 11962.00001
Graph progress:  11 % 11472.0
Graph progress:  12 % 6431.00002
Graph progress:  13 % 9797.0
Graph progress:  14 % 6143.00001
Graph progress:  15 % 152.00026
Graph progress:  16 % 3243.0
Graph progress:  17 % 10875.0
Graph progress:  18 % 2903.0
Graph progress:  19 % 51340.00001
Graph progress:  20 % 6180.00003
Graph progress:  21 % 1139.0
Graph progress:  22 % 9682.0
Graph progress:  23 % 1406.0
Graph progress:  24 % 4341.00004
Graph progress:  25 % 8990.00003
Graph progress:  26 % 13342.0
Graph progress:  27 % 3841.0
Graph progress:  28 % 571.0
Graph progress:  29 % 8344.00002
Graph progress:  30 % 411.0
Graph progress:  31 % 604.00001
Graph progress:  32 % 2192.0
Graph progress:  33 % 4432.0
Graph progress:  34 % 212.00002
Graph progress:  35 % 3232.00007
Graph progress:  36 % 7050.00001
Graph progress:  37 % 706.00001
Graph progress:  38 % 8439.0
Graph progress:  39 % 65.00001
Graph progress:  40 % 5095.0
Graph progress:  41 % 7517.0
Graph progress:  42 % 73228.0
Graph progress:  43 % 5499.00004
Graph progress:  44 % 835.0
Graph progress:  45 % 1641.00001
Graph progress:  46 % 5836.00001
Graph progress:  47 % 13503.0
Graph progress:  48 % 2780.0
Graph progress:  49 % 1942.0
Graph progress:  50 % 7339.0
Graph progress:  51 % 9307.0
Graph progress:  52 % 8518.00001
Graph progress:  53 % 4433.0
Graph progress:  54 % 2658.0
Graph progress:  55 % 4405.0
Graph progress:  56 % 47.00022
Graph progress:  57 % 2940.00002
Graph progress:  58 % 7510.00004
Graph progress:  59 % 4203.00001
Graph progress:  60 % 7244.0
Graph progress:  61 % 13384.0
Graph progress:  62 % 496.00003
Graph progress:  63 % 10053.0
Graph progress:  64 % 10190.00002
Graph progress:  65 % 7645.0
Graph progress:  66 % 9087.00004
Graph progress:  67 % 13675.00002
Graph progress:  68 % 3592.0
Graph progress:  69 % 10799.00002
Graph progress:  70 % 379.0
Graph progress:  71 % 9589.00001
Graph progress:  72 % 62059.00001
Graph progress:  73 % 9792.00004
Graph progress:  74 % 1691.00006
Graph progress:  75 % 2772.0
Graph progress:  76 % 2489.0
Graph progress:  77 % 4906.00006
Graph progress:  78 % 14570.0
Graph progress:  79 % 6885.0
Graph progress:  80 % 2207.0
Graph progress:  81 % 9875.00002
Graph progress:  82 % 8552.0
Graph progress:  83 % 6961.0
Graph progress:  84 % 7965.0
Graph progress:  85 % 402.0
Graph progress:  86 % 8519.0
Graph progress:  87 % 2293.00006
Graph progress:  88 % 3686.0
Graph progress:  89 % 2614.0
Graph progress:  90 % 11647.0
Graph progress:  91 % 10209.0
Graph progress:  92 % 13527.00001
Graph progress:  93 % 1371.00008
Graph progress:  94 % 10847.0
Graph progress:  95 % 12628.00002
Graph progress:  96 % 6057.0
Graph progress:  97 % 6986.00001
Graph progress:  98 % 190.00028
Graph progress:  99 % 5470.00006
Processed 14671 halos in snapshot 005_z007p050 of particle type 5
Reading in 'PartType0/ParticleIDs' for z = 7.05 using 8 thread(s) took 62.395477s
Reading in 'PartType0/ParticleIDs' for z = 8.075 using 8 thread(s) took 61.959352s
Reading in 'Subhalo/SubGroupNumber' for z = 8.075 using 8 thread(s) took 9.251636s
Reading in 'Subhalo/GroupNumber' for z = 8.075 using 8 thread(s) took 2.272079s
Reading in 'Subhalo/ApertureMeasurements/Mass/030kpc' for z = 8.075 using 8 thread(s) took 2.693156s
Reading in 'PartType0/Mass' for z = 8.075 using 8 thread(s) took 7.314087s
Reading in 'PartType0/ParticleIDs' for z = 5.971 using 8 thread(s) took 63.988376s
Reading in 'Subhalo/SubGroupNumber' for z = 5.971 using 8 thread(s) took 10.197916s
Reading in 'Subhalo/GroupNumber' for z = 5.971 using 8 thread(s) took 2.700324s
Reading in 'Subhalo/ApertureMeasurements/Mass/030kpc' for z = 5.971 using 8 thread(s) took 2.85874s
Reading in 'PartType0/Mass' for z = 5.971 using 8 thread(s) took 50.287459s
Reading in 'PartType0/ParticleIDs' for z = 7.05 using 8 thread(s) took 16.661961s
Reading in 'PartType0/GroupNumber' for z = 7.05 using 8 thread(s) took 10.878114s
Reading in 'PartType0/SubGroupNumber' for z = 7.05 using 8 thread(s) took 5.328753s
Reading in 'PartType0/GroupNumber' for z = 8.075 using 8 thread(s) took 5.503089s
Reading in 'PartType0/SubGroupNumber' for z = 8.075 using 8 thread(s) took 4.253188s
Reading in 'PartType0/ParticleIDs' for z = 8.075 using 8 thread(s) took 8.439515s
Reading in 'PartType0/GroupNumber' for z = 5.971 using 8 thread(s) took 66.875422s
Reading in 'PartType0/SubGroupNumber' for z = 5.971 using 8 thread(s) took 27.527599s
Reading in 'PartType0/ParticleIDs' for z = 5.971 using 8 thread(s) took 51.96613s
Graph progress:  0 % 466.0
Graph progress:  1 % 1283659.0
Graph progress:  2 % 636188.0
Graph progress:  3 % 1025331.0
Graph progress:  4 % 1194841.0
Graph progress:  5 % 439817.0
Graph progress:  6 % 274019.0
Graph progress:  7 % 427356.0
Graph progress:  8 % 200091.00002
Graph progress:  9 % 761369.0
Graph progress:  10 % 1039839.0
Graph progress:  11 % 175647.00002
Graph progress:  12 % 1098292.0
Graph progress:  13 % 599868.0
Graph progress:  14 % 57212.0
Graph progress:  15 % 53185.00001
Graph progress:  16 % 308194.0
Graph progress:  17 % 1027196.0
Graph progress:  18 % 82036.0
Graph progress:  19 % 132792.00001
Graph progress:  20 % 152783.0
Graph progress:  21 % 523165.0
Graph progress:  22 % 988859.0
Graph progress:  23 % 856987.0
Graph progress:  24 % 610589.0
Graph progress:  25 % 1028203.0
Graph progress:  26 % 1234278.0
Graph progress:  27 % 867069.0
Graph progress:  28 % 740458.0
Graph progress:  29 % 1305556.0
Graph progress:  30 % 1116439.0
Graph progress:  31 % 161485.0
Graph progress:  32 % 245331.0
Graph progress:  33 % 161501.0
Graph progress:  34 % 463646.0
Graph progress:  35 % 8236.00004
Graph progress:  36 % 821539.0
Graph progress:  37 % 335161.00001
Graph progress:  38 % 24.00051
Graph progress:  39 % 87316.00001
Graph progress:  40 % 1117912.0
Graph progress:  41 % 22675.00002
Graph progress:  42 % 271323.0
Graph progress:  43 % 978964.0
Graph progress:  44 % 365686.0
Graph progress:  45 % 241099.0
Graph progress:  46 % 16878.0
Graph progress:  47 % 562926.0
Graph progress:  48 % 1073592.0
Graph progress:  49 % 297493.0
Graph progress:  50 % 1119437.0
Graph progress:  51 % 944254.0
Graph progress:  52 % 166289.0
Graph progress:  53 % 831861.0
Graph progress:  54 % 245362.0
Graph progress:  55 % 568017.0
Graph progress:  56 % 809320.0
Graph progress:  57 % 1352118.0
Graph progress:  58 % 113910.0
Graph progress:  59 % 922315.0
Graph progress:  60 % 1019444.0
Graph progress:  61 % 56618.0
Graph progress:  62 % 1075643.0
Graph progress:  63 % 378914.0
Graph progress:  64 % 901111.0
Graph progress:  65 % 172730.0
Graph progress:  66 % 1294783.0
Graph progress:  67 % 1311621.0
Graph progress:  68 % 255970.0
Graph progress:  69 % 1206046.0
Graph progress:  70 % 252920.0
Graph progress:  71 % 1076943.0
Graph progress:  72 % 327318.0
Graph progress:  73 % 815959.0
Graph progress:  74 % 1123340.0
Graph progress:  75 % 100701.0
Graph progress:  76 % 228462.0
Graph progress:  77 % 892148.00001
Graph progress:  78 % 843287.0
Graph progress:  79 % 1008945.0
Graph progress:  80 % 336562.0
Graph progress:  81 % 825487.0
Graph progress:  82 % 6632.00003
Graph progress:  83 % 5516.00006
Graph progress:  84 % 12954.00001
Graph progress:  85 % 712.00009
Graph progress:  86 % 1365142.0
Graph progress:  87 % 598420.0
Graph progress:  88 % 1036749.0
Graph progress:  89 % 569592.0
Graph progress:  90 % 676932.0
Graph progress:  91 % 1383800.0
Graph progress:  92 % 143566.0
Graph progress:  93 % 937437.0
Graph progress:  94 % 31145.0
Graph progress:  95 % 972992.0
Graph progress:  96 % 39163.0
Graph progress:  97 % 15314.0
Graph progress:  98 % 835749.0
Graph progress:  99 % 53407.0
Processed 1628498 halos in snapshot 005_z007p050 of particle type 0
Job done, info follows...
       JobID    JobName  Partition     MaxRSS    Elapsed ExitCode 
------------ ---------- ---------- ---------- ---------- -------- 
2040789_6      MEGA-REF     cosma7            2-02:10:55      0:0 
2040789_6.e+     extern                       2-02:10:55      0:0 
