====
Starting job 2043216 at Thu 23 Apr 23:32:12 BST 2020 for user dc-rope1.
Running on nodes: m6564
====
121
('29', '000_z015p000', '001_z014p000', '002_z013p000')
Reading in 'PartType1/ParticleIDs' for z = 14.0 using 8 thread(s) took 6.891761s
Reading in 'PartType1/ParticleIDs' for z = 14.0 using 8 thread(s) took 0.11017s
Reading in 'PartType1/GroupNumber' for z = 14.0 using 8 thread(s) took 0.070983s
Reading in 'PartType1/SubGroupNumber' for z = 14.0 using 8 thread(s) took 0.06266s
Reading in 'PartType1/GroupNumber' for z = 15.0 using 8 thread(s) took 0.115912s
Reading in 'PartType1/SubGroupNumber' for z = 15.0 using 8 thread(s) took 0.07172s
Reading in 'PartType1/ParticleIDs' for z = 15.0 using 8 thread(s) took 0.073555s
Reading in 'PartType1/GroupNumber' for z = 13.0 using 8 thread(s) took 3.085401s
Reading in 'PartType1/SubGroupNumber' for z = 13.0 using 8 thread(s) took 0.120704s
Reading in 'PartType1/ParticleIDs' for z = 13.0 using 8 thread(s) took 0.109322s
Graph progress:  0 % 415.0
Graph progress:  1 % 1086.0
Graph progress:  2 % 296.0
Graph progress:  3 % 410.0
Graph progress:  4 % 977.0
Graph progress:  5 % 93.0
Graph progress:  6 % 1101.0
Graph progress:  7 % 84.0
Graph progress:  8 % 568.0
Graph progress:  9 % 960.0
Graph progress:  10 % 639.0
Graph progress:  11 % 1194.0
Graph progress:  12 % 82.0
Graph progress:  13 % 744.0
Graph progress:  14 % 539.0
Graph progress:  15 % 149.0
Graph progress:  16 % 1499.0
Graph progress:  17 % 257.0
Graph progress:  18 % 814.0
Graph progress:  19 % 1489.0
Graph progress:  20 % 11.0
Graph progress:  21 % 957.0
Graph progress:  22 % 6.0
Graph progress:  23 % 29.00001
Graph progress:  24 % 949.0
Graph progress:  25 % 17.00001
Graph progress:  26 % 125.0
Graph progress:  27 % 1490.0
Graph progress:  28 % 426.0
Graph progress:  29 % 1403.0
Graph progress:  30 % 477.0
Graph progress:  31 % 1468.0
Graph progress:  32 % 901.0
Graph progress:  33 % 1267.0
Graph progress:  34 % 1135.0
Graph progress:  35 % 671.0
Graph progress:  36 % 1335.0
Graph progress:  37 % 260.0
Graph progress:  38 % 1294.0
Graph progress:  39 % 1161.0
Graph progress:  40 % 1496.0
Graph progress:  41 % 1277.0
Graph progress:  42 % 1096.0
Graph progress:  43 % 1408.0
Graph progress:  44 % 495.0
Graph progress:  45 % 1079.0
Graph progress:  46 % 339.0
Graph progress:  47 % 688.0
Graph progress:  48 % 1446.0
Graph progress:  49 % 1314.0
Graph progress:  50 % 1149.0
Graph progress:  51 % 558.0
Graph progress:  52 % 27.0
Graph progress:  53 % 1182.0
Graph progress:  54 % 656.0
Graph progress:  55 % 50.0
Graph progress:  56 % 254.0
Graph progress:  57 % 789.0
Graph progress:  58 % 441.0
Graph progress:  59 % 1167.0
Graph progress:  60 % 215.0
Graph progress:  61 % 905.0
Graph progress:  62 % 1093.0
Graph progress:  63 % 408.0
Graph progress:  64 % 1146.0
Graph progress:  65 % 1413.0
Graph progress:  66 % 1328.0
Graph progress:  67 % 58.0
Graph progress:  68 % 1250.0
Graph progress:  69 % 1332.0
Graph progress:  70 % 564.0
Graph progress:  71 % 1429.0
Graph progress:  72 % 683.0
Graph progress:  73 % 1463.0
Graph progress:  74 % 92.00001
Graph progress:  75 % 694.0
Graph progress:  76 % 37.0
Graph progress:  77 % 132.0
Graph progress:  78 % 807.0
Graph progress:  79 % 350.0
Graph progress:  80 % 352.0
Graph progress:  81 % 922.0
Graph progress:  82 % 1316.0
Graph progress:  83 % 487.0
Graph progress:  84 % 941.0
Graph progress:  85 % 42.0
Graph progress:  86 % 120.00001
Graph progress:  87 % 508.0
Graph progress:  88 % 1353.0
Graph progress:  89 % 343.0
Graph progress:  90 % 1315.0
Graph progress:  91 % 975.0
Graph progress:  92 % 33.0
Graph progress:  93 % 61.0
Graph progress:  94 % 917.0
Graph progress:  95 % 772.00001
Graph progress:  96 % 400.0
Graph progress:  97 % 72.0
Graph progress:  98 % 1367.0
Graph progress:  99 % 305.0
Processed 1551 halos in snapshot 001_z014p000 of particle type 1
Reading in 'PartType4/ParticleIDs' for z = 14.0 using 8 thread(s) took 0.064477s
Reading in 'PartType4/ParticleIDs' for z = 15.0 using 8 thread(s) took 0.167075s
Reading in 'Subhalo/SubGroupNumber' for z = 15.0 using 8 thread(s) took 2.797931s
Reading in 'Subhalo/GroupNumber' for z = 15.0 using 8 thread(s) took 0.125878s
Reading in 'Subhalo/ApertureMeasurements/Mass/030kpc' for z = 15.0 using 8 thread(s) took 0.10587s
Reading in 'PartType4/Mass' for z = 15.0 using 8 thread(s) took 0.068539s
Reading in 'PartType4/ParticleIDs' for z = 13.0 using 8 thread(s) took 0.848405s
Reading in 'Subhalo/SubGroupNumber' for z = 13.0 using 8 thread(s) took 3.721543s
Reading in 'Subhalo/GroupNumber' for z = 13.0 using 8 thread(s) took 0.129441s
Reading in 'Subhalo/ApertureMeasurements/Mass/030kpc' for z = 13.0 using 8 thread(s) took 0.109279s
Reading in 'PartType4/Mass' for z = 13.0 using 8 thread(s) took 0.069224s
Reading in 'PartType4/ParticleIDs' for z = 14.0 using 8 thread(s) took 0.06589s
Reading in 'PartType4/GroupNumber' for z = 14.0 using 8 thread(s) took 0.059768s
Reading in 'PartType4/SubGroupNumber' for z = 14.0 using 8 thread(s) took 0.067518s
Reading in 'PartType4/GroupNumber' for z = 15.0 using 8 thread(s) took 0.064336s
Reading in 'PartType4/SubGroupNumber' for z = 15.0 using 8 thread(s) took 0.059684s
Reading in 'PartType4/ParticleIDs' for z = 15.0 using 8 thread(s) took 0.066342s
Reading in 'PartType4/GroupNumber' for z = 13.0 using 8 thread(s) took 0.070991s
Reading in 'PartType4/SubGroupNumber' for z = 13.0 using 8 thread(s) took 0.078877s
Reading in 'PartType4/ParticleIDs' for z = 13.0 using 8 thread(s) took 0.080593s
Graph progress:  0 % 3.0
Graph progress:  1 % 126.0
Graph progress:  3 % 278.0
Graph progress:  4 % 355.0
Graph progress:  6 % 35.0
Graph progress:  8 % 102.0
Graph progress:  9 % 84.0
Graph progress:  11 % 91.0
Graph progress:  13 % 86.0
Graph progress:  14 % 166.0
Graph progress:  16 % 178.0
Graph progress:  18 % 193.0
Graph progress:  19 % 138.0
Graph progress:  21 % 104.0
Graph progress:  22 % 16.0
Graph progress:  24 % 31.0
Graph progress:  26 % 241.0
Graph progress:  27 % 7.0
Graph progress:  29 % 422.0
Graph progress:  31 % 135.0
Graph progress:  32 % 6.0
Graph progress:  34 % 85.0
Graph progress:  36 % 316.0
Graph progress:  37 % 17.0
Graph progress:  39 % 56.0
Graph progress:  40 % 12.0
Graph progress:  42 % 32.0
Graph progress:  44 % 165.0
Graph progress:  45 % 231.0
Graph progress:  47 % 90.0
Graph progress:  49 % 19.0
Graph progress:  50 % 189.0
Graph progress:  52 % 41.0
Graph progress:  54 % 27.0
Graph progress:  55 % 63.0
Graph progress:  57 % 9.0
Graph progress:  59 % 167.0
Graph progress:  60 % 254.0
Graph progress:  62 % 190.0
Graph progress:  63 % 25.0
Graph progress:  65 % 26.0
Graph progress:  67 % 18.0
Graph progress:  68 % 14.0
Graph progress:  70 % 235.0
Graph progress:  72 % 133.0
Graph progress:  73 % 199.0
Graph progress:  75 % 38.0
Graph progress:  77 % 431.0
Graph progress:  78 % 221.0
Graph progress:  80 % 55.0
Graph progress:  81 % 171.0
Graph progress:  83 % 42.0
Graph progress:  85 % 5.0
Graph progress:  86 % 24.0
Graph progress:  88 % 53.0
Graph progress:  90 % 4.0
Graph progress:  91 % 10.0
Graph progress:  93 % 123.0
Graph progress:  95 % 72.0
Graph progress:  96 % 201.0
Graph progress:  98 % 33.0
Processed 61 halos in snapshot 001_z014p000 of particle type 4
Reading in 'PartType5/ParticleIDs' for z = 14.0 using 8 thread(s) took 0.060774s
Reading in 'PartType5/ParticleIDs' for z = 15.0 using 8 thread(s) took 0.058667s
Reading in 'Subhalo/SubGroupNumber' for z = 15.0 using 8 thread(s) took 0.090794s
Reading in 'Subhalo/GroupNumber' for z = 15.0 using 8 thread(s) took 0.099989s
Reading in 'Subhalo/ApertureMeasurements/Mass/030kpc' for z = 15.0 using 8 thread(s) took 0.106183s
Reading in 'PartType5/Mass' for z = 15.0 using 8 thread(s) took 0.058531s
Reading in 'PartType5/ParticleIDs' for z = 13.0 using 8 thread(s) took 0.058423s
Reading in 'Subhalo/SubGroupNumber' for z = 13.0 using 8 thread(s) took 0.107745s
Reading in 'Subhalo/GroupNumber' for z = 13.0 using 8 thread(s) took 0.0962s
Reading in 'Subhalo/ApertureMeasurements/Mass/030kpc' for z = 13.0 using 8 thread(s) took 0.104481s
Reading in 'PartType5/Mass' for z = 13.0 using 8 thread(s) took 0.059396s
Reading in 'PartType5/ParticleIDs' for z = 14.0 using 8 thread(s) took 0.054488s
Reading in 'PartType5/GroupNumber' for z = 14.0 using 8 thread(s) took 0.138508s
Reading in 'PartType5/SubGroupNumber' for z = 14.0 using 8 thread(s) took 0.061104s
Reading in 'PartType5/GroupNumber' for z = 15.0 using 8 thread(s) took 0.053253s
Reading in 'PartType5/SubGroupNumber' for z = 15.0 using 8 thread(s) took 0.060497s
Reading in 'PartType5/ParticleIDs' for z = 15.0 using 8 thread(s) took 0.057012s
Reading in 'PartType5/GroupNumber' for z = 13.0 using 8 thread(s) took 0.055782s
Reading in 'PartType5/SubGroupNumber' for z = 13.0 using 8 thread(s) took 0.057007s
Reading in 'PartType5/ParticleIDs' for z = 13.0 using 8 thread(s) took 0.058588s
Processed 0 halos in snapshot 001_z014p000 of particle type 5
Reading in 'PartType0/ParticleIDs' for z = 14.0 using 8 thread(s) took 5.847039s
Reading in 'PartType0/ParticleIDs' for z = 15.0 using 8 thread(s) took 5.601598s
Reading in 'Subhalo/SubGroupNumber' for z = 15.0 using 8 thread(s) took 0.165389s
Reading in 'Subhalo/GroupNumber' for z = 15.0 using 8 thread(s) took 0.146413s
Reading in 'Subhalo/ApertureMeasurements/Mass/030kpc' for z = 15.0 using 8 thread(s) took 0.164999s
Reading in 'PartType0/Mass' for z = 15.0 using 8 thread(s) took 0.112568s
Reading in 'PartType0/ParticleIDs' for z = 13.0 using 8 thread(s) took 6.651274s
Reading in 'Subhalo/SubGroupNumber' for z = 13.0 using 8 thread(s) took 0.175453s
Reading in 'Subhalo/GroupNumber' for z = 13.0 using 8 thread(s) took 0.159178s
Reading in 'Subhalo/ApertureMeasurements/Mass/030kpc' for z = 13.0 using 8 thread(s) took 0.151611s
Reading in 'PartType0/Mass' for z = 13.0 using 8 thread(s) took 0.122927s
Reading in 'PartType0/ParticleIDs' for z = 14.0 using 8 thread(s) took 0.13804s
Reading in 'PartType0/GroupNumber' for z = 14.0 using 8 thread(s) took 0.130541s
Reading in 'PartType0/SubGroupNumber' for z = 14.0 using 8 thread(s) took 0.171373s
Reading in 'PartType0/GroupNumber' for z = 15.0 using 8 thread(s) took 0.142432s
Reading in 'PartType0/SubGroupNumber' for z = 15.0 using 8 thread(s) took 0.1356s
Reading in 'PartType0/ParticleIDs' for z = 15.0 using 8 thread(s) took 0.143033s
Reading in 'PartType0/GroupNumber' for z = 13.0 using 8 thread(s) took 1.205966s
Reading in 'PartType0/SubGroupNumber' for z = 13.0 using 8 thread(s) took 0.175359s
Reading in 'PartType0/ParticleIDs' for z = 13.0 using 8 thread(s) took 0.176095s
Graph progress:  0 % 415.0
Graph progress:  1 % 286.0
Graph progress:  2 % 381.0
Graph progress:  3 % 153.0
Graph progress:  4 % 851.0
Graph progress:  5 % 206.0
Graph progress:  6 % 241.0
Graph progress:  7 % 635.0
Graph progress:  8 % 939.0
Graph progress:  9 % 819.0
Graph progress:  10 % 197.00001
Graph progress:  11 % 313.0
Graph progress:  12 % 307.0
Graph progress:  13 % 990.0
Graph progress:  14 % 590.0
Graph progress:  15 % 149.0
Graph progress:  16 % 1389.0
Graph progress:  17 % 1033.0
Graph progress:  18 % 407.0
Graph progress:  19 % 1489.0
Graph progress:  20 % 746.0
Graph progress:  21 % 957.0
Graph progress:  22 % 979.0
Graph progress:  23 % 795.0
Graph progress:  24 % 70.00001
Graph progress:  25 % 950.0
Graph progress:  26 % 1098.0
Graph progress:  27 % 996.0
Graph progress:  28 % 1450.0
Graph progress:  29 % 359.0
Graph progress:  30 % 370.0
Graph progress:  31 % 1415.0
Graph progress:  32 % 1416.0
Graph progress:  33 % 12.00002
Graph progress:  34 % 672.0
Graph progress:  35 % 886.0
Graph progress:  36 % 1039.0
Graph progress:  37 % 647.0
Graph progress:  38 % 1460.0
Graph progress:  39 % 479.0
Graph progress:  40 % 34.00001
Graph progress:  41 % 94.0
Graph progress:  42 % 800.0
Graph progress:  43 % 1073.0
Graph progress:  44 % 1117.0
Graph progress:  45 % 1183.0
Graph progress:  46 % 710.0
Graph progress:  47 % 932.0
Graph progress:  48 % 1445.0
Graph progress:  49 % 1042.0
Graph progress:  50 % 494.0
Graph progress:  51 % 208.0
Graph progress:  52 % 1469.0
Graph progress:  53 % 1053.0
Graph progress:  54 % 54.0
Graph progress:  55 % 1035.0
Graph progress:  56 % 920.0
Graph progress:  57 % 636.0
Graph progress:  58 % 956.0
Graph progress:  59 % 695.0
Graph progress:  60 % 98.0
Graph progress:  61 % 1123.0
Graph progress:  62 % 419.0
Graph progress:  63 % 742.0
Graph progress:  64 % 1221.0
Graph progress:  65 % 551.0
Graph progress:  66 % 1356.0
Graph progress:  67 % 1223.0
Graph progress:  68 % 1406.0
Graph progress:  69 % 1332.0
Graph progress:  70 % 1303.0
Graph progress:  71 % 708.0
Graph progress:  72 % 232.0
Graph progress:  73 % 1463.0
Graph progress:  74 % 838.0
Graph progress:  75 % 425.0
Graph progress:  76 % 101.0
Graph progress:  77 % 132.0
Graph progress:  78 % 199.0
Graph progress:  79 % 236.0
Graph progress:  80 % 352.0
Graph progress:  81 % 1292.0
Graph progress:  82 % 431.0
Graph progress:  83 % 221.0
Graph progress:  84 % 643.0
Graph progress:  85 % 893.0
Graph progress:  86 % 593.0
Graph progress:  87 % 1259.0
Graph progress:  88 % 207.0
Graph progress:  89 % 343.0
Graph progress:  90 % 1315.0
Graph progress:  91 % 1397.0
Graph progress:  92 % 33.0
Graph progress:  93 % 64.0
Graph progress:  94 % 917.0
Graph progress:  95 % 772.00001
Graph progress:  96 % 400.0
Graph progress:  97 % 72.0
Graph progress:  98 % 1367.0
Graph progress:  99 % 305.0
Processed 1552 halos in snapshot 001_z014p000 of particle type 0
Write progress:  0 % 415.0
Write progress:  1 % 1086.0
Write progress:  2 % 296.0
Write progress:  3 % 410.0
Write progress:  4 % 977.0
Write progress:  5 % 93.0
Write progress:  6 % 1101.0
Write progress:  7 % 84.0
Write progress:  8 % 568.0
Write progress:  9 % 960.0
Write progress:  10 % 639.0
Write progress:  11 % 1194.0
Write progress:  12 % 82.0
Write progress:  13 % 744.0
Write progress:  14 % 539.0
Write progress:  15 % 149.0
Write progress:  16 % 1499.0
Write progress:  17 % 257.0
Write progress:  18 % 814.0
Write progress:  19 % 1489.0
Write progress:  20 % 11.0
Write progress:  21 % 957.0
Write progress:  22 % 6.0
Write progress:  23 % 29.00001
Write progress:  24 % 949.0
Write progress:  25 % 17.00001
Write progress:  26 % 125.0
Write progress:  27 % 1490.0
Write progress:  28 % 426.0
Write progress:  29 % 1403.0
Write progress:  30 % 477.0
Write progress:  31 % 1468.0
Write progress:  32 % 901.0
Write progress:  33 % 1267.0
Write progress:  34 % 1135.0
Write progress:  35 % 671.0
Write progress:  36 % 1335.0
Write progress:  37 % 260.0
Write progress:  38 % 1294.0
Write progress:  39 % 1161.0
Write progress:  40 % 1496.0
Write progress:  41 % 1277.0
Write progress:  42 % 1096.0
Write progress:  43 % 1408.0
Write progress:  44 % 495.0
Write progress:  45 % 1079.0
Write progress:  46 % 339.0
Write progress:  47 % 688.0
Write progress:  48 % 1446.0
Write progress:  49 % 1314.0
Write progress:  50 % 1149.0
Write progress:  51 % 558.0
Write progress:  52 % 27.0
Write progress:  53 % 1182.0
Write progress:  54 % 656.0
Write progress:  55 % 50.0
Write progress:  56 % 254.0
Write progress:  57 % 789.0
Write progress:  58 % 441.0
Write progress:  59 % 1167.0
Write progress:  60 % 215.0
Write progress:  61 % 905.0
Write progress:  62 % 1093.0
Write progress:  63 % 408.0
Write progress:  64 % 1146.0
Write progress:  65 % 1413.0
Write progress:  66 % 1328.0
Write progress:  67 % 58.0
Write progress:  68 % 1250.0
Write progress:  69 % 1332.0
Write progress:  70 % 564.0
Write progress:  71 % 1429.0
Write progress:  72 % 683.0
Write progress:  73 % 1463.0
Write progress:  74 % 92.00001
Write progress:  75 % 694.0
Write progress:  76 % 37.0
Write progress:  77 % 132.0
Write progress:  78 % 807.0
Write progress:  79 % 350.0
Write progress:  80 % 352.0
Write progress:  81 % 922.0
Write progress:  82 % 1316.0
Write progress:  83 % 487.0
Write progress:  84 % 941.0
Write progress:  85 % 42.0
Write progress:  86 % 120.00001
Write progress:  87 % 508.0
Write progress:  88 % 1353.0
Write progress:  89 % 343.0
Write progress:  90 % 1315.0
Write progress:  91 % 975.0
Write progress:  92 % 33.0
Write progress:  93 % 61.0
Write progress:  94 % 917.0
Write progress:  95 % 772.00001
Write progress:  96 % 400.0
Write progress:  97 % 72.0
Write progress:  98 % 1367.0
Write progress:  99 % 305.0
Job done, info follows...
       JobID    JobName  Partition     MaxRSS    Elapsed ExitCode 
------------ ---------- ---------- ---------- ---------- -------- 
2042958_122  MEGA-FLAR+     cosma6              00:02:19      0:0 
2042958_122+     extern                         00:02:19      0:0 
