====
Starting job 2043366 at Fri 24 Apr 00:48:57 BST 2020 for user dc-rope1.
Running on nodes: m6180
====
260
('18', '007_z008p000', '008_z007p000', '009_z006p000')
Reading in 'PartType1/ParticleIDs' for z = 7.0 using 8 thread(s) took 12.671446s
Reading in 'PartType1/ParticleIDs' for z = 7.0 using 8 thread(s) took 3.945566s
Reading in 'PartType1/GroupNumber' for z = 7.0 using 8 thread(s) took 1.720579s
Reading in 'PartType1/SubGroupNumber' for z = 7.0 using 8 thread(s) took 0.641708s
Reading in 'PartType1/GroupNumber' for z = 8.0 using 8 thread(s) took 2.998591s
Reading in 'PartType1/SubGroupNumber' for z = 8.0 using 8 thread(s) took 0.656037s
Reading in 'PartType1/ParticleIDs' for z = 8.0 using 8 thread(s) took 1.193999s
Reading in 'PartType1/GroupNumber' for z = 6.0 using 8 thread(s) took 1.959228s
Reading in 'PartType1/SubGroupNumber' for z = 6.0 using 8 thread(s) took 0.896011s
Reading in 'PartType1/ParticleIDs' for z = 6.0 using 8 thread(s) took 3.217049s
Graph progress:  0 % 53483.0
Graph progress:  1 % 61856.0
Graph progress:  2 % 194839.0
Graph progress:  3 % 186181.0
Graph progress:  4 % 200913.0
Graph progress:  5 % 48700.00001
Graph progress:  6 % 37581.00001
Graph progress:  7 % 184502.0
Graph progress:  8 % 171025.0
Graph progress:  9 % 119963.0
Graph progress:  10 % 95560.0
Graph progress:  11 % 5713.00002
Graph progress:  12 % 52429.0
Graph progress:  13 % 164160.0
Graph progress:  14 % 178360.0
Graph progress:  15 % 2122.0
Graph progress:  16 % 141099.0
Graph progress:  17 % 44576.0
Graph progress:  18 % 163231.0
Graph progress:  19 % 960.00001
Graph progress:  20 % 220.00007
Graph progress:  21 % 59332.0
Graph progress:  22 % 93554.0
Graph progress:  23 % 8112.00001
Graph progress:  24 % 127062.0
Graph progress:  25 % 66553.00001
Graph progress:  26 % 74253.0
Graph progress:  27 % 74670.0
Graph progress:  28 % 69479.0
Graph progress:  29 % 16804.0
Graph progress:  30 % 94488.0
Graph progress:  31 % 9070.00001
Graph progress:  32 % 133807.0
Graph progress:  33 % 88469.0
Graph progress:  34 % 10647.00001
Graph progress:  35 % 2185.0
Graph progress:  36 % 3596.00003
Graph progress:  37 % 5798.00001
Graph progress:  38 % 8954.00001
Graph progress:  39 % 9554.0
Graph progress:  40 % 65217.0
Graph progress:  41 % 94151.0
Graph progress:  42 % 153822.0
Graph progress:  43 % 4638.00001
Graph progress:  44 % 23245.00001
Graph progress:  45 % 146487.0
Graph progress:  46 % 96490.0
Graph progress:  47 % 135266.0
Graph progress:  48 % 155820.0
Graph progress:  49 % 44356.0
Graph progress:  50 % 98068.0
Graph progress:  51 % 118755.0
Graph progress:  52 % 16728.00001
Graph progress:  53 % 174072.0
Graph progress:  54 % 65745.0
Graph progress:  55 % 76156.0
Graph progress:  56 % 176117.0
Graph progress:  57 % 6798.00001
Graph progress:  58 % 114209.0
Graph progress:  59 % 6341.0
Graph progress:  60 % 173770.0
Graph progress:  61 % 208840.0
Graph progress:  62 % 89847.0
Graph progress:  63 % 136776.0
Graph progress:  64 % 74189.0
Graph progress:  65 % 56.00014
Graph progress:  66 % 9576.0
Graph progress:  67 % 9825.0
Graph progress:  68 % 25313.0
Graph progress:  69 % 176579.0
Graph progress:  70 % 161545.0
Graph progress:  71 % 192046.0
Graph progress:  72 % 164986.0
Graph progress:  73 % 63571.0
Graph progress:  74 % 193301.0
Graph progress:  75 % 132863.0
Graph progress:  76 % 17366.0
Graph progress:  77 % 163180.0
Graph progress:  78 % 100283.0
Graph progress:  79 % 159563.0
Graph progress:  80 % 70580.0
Graph progress:  81 % 102968.0
Graph progress:  82 % 97766.0
Graph progress:  83 % 2434.00003
Graph progress:  84 % 104.00003
Graph progress:  85 % 8184.0
Graph progress:  86 % 106443.0
Graph progress:  87 % 90709.0
Graph progress:  88 % 210356.0
Graph progress:  89 % 152737.0
Graph progress:  90 % 8480.0
Graph progress:  91 % 47662.0
Graph progress:  92 % 27485.00001
Graph progress:  93 % 5848.00002
Graph progress:  94 % 170695.0
Graph progress:  95 % 13755.00002
Graph progress:  96 % 46251.0
Graph progress:  97 % 45305.00001
Graph progress:  98 % 50603.0
Graph progress:  99 % 83585.0
Processed 245250 halos in snapshot 008_z007p000 of particle type 1
Reading in 'PartType4/ParticleIDs' for z = 7.0 using 8 thread(s) took 1.661158s
Reading in 'PartType4/ParticleIDs' for z = 8.0 using 8 thread(s) took 2.391783s
Reading in 'Subhalo/SubGroupNumber' for z = 8.0 using 8 thread(s) took 1.521724s
Reading in 'Subhalo/GroupNumber' for z = 8.0 using 8 thread(s) took 0.769811s
Reading in 'Subhalo/ApertureMeasurements/Mass/030kpc' for z = 8.0 using 8 thread(s) took 0.60033s
Reading in 'PartType4/Mass' for z = 8.0 using 8 thread(s) took 0.966631s
Reading in 'PartType4/ParticleIDs' for z = 6.0 using 8 thread(s) took 3.655276s
Reading in 'Subhalo/SubGroupNumber' for z = 6.0 using 8 thread(s) took 6.468638s
Reading in 'Subhalo/GroupNumber' for z = 6.0 using 8 thread(s) took 1.019797s
Reading in 'Subhalo/ApertureMeasurements/Mass/030kpc' for z = 6.0 using 8 thread(s) took 0.601904s
Reading in 'PartType4/Mass' for z = 6.0 using 8 thread(s) took 1.549728s
Reading in 'PartType4/ParticleIDs' for z = 7.0 using 8 thread(s) took 1.21139s
Reading in 'PartType4/GroupNumber' for z = 7.0 using 8 thread(s) took 0.668721s
Reading in 'PartType4/SubGroupNumber' for z = 7.0 using 8 thread(s) took 0.787061s
Reading in 'PartType4/GroupNumber' for z = 8.0 using 8 thread(s) took 0.70259s
Reading in 'PartType4/SubGroupNumber' for z = 8.0 using 8 thread(s) took 1.02689s
Reading in 'PartType4/ParticleIDs' for z = 8.0 using 8 thread(s) took 0.533026s
Reading in 'PartType4/GroupNumber' for z = 6.0 using 8 thread(s) took 0.854093s
Reading in 'PartType4/SubGroupNumber' for z = 6.0 using 8 thread(s) took 1.641508s
Reading in 'PartType4/ParticleIDs' for z = 6.0 using 8 thread(s) took 0.808365s
Graph progress:  0 % 9.0
Graph progress:  1 % 5219.00002
Graph progress:  2 % 16992.0
Graph progress:  3 % 18825.0
Graph progress:  4 % 5204.0
Graph progress:  5 % 21921.0
Graph progress:  6 % 31117.0
Graph progress:  7 % 4404.0
Graph progress:  8 % 1448.0
Graph progress:  9 % 1188.00002
Graph progress:  10 % 69168.0
Graph progress:  11 % 6102.00002
Graph progress:  12 % 253.00001
Graph progress:  13 % 9204.0
Graph progress:  14 % 3358.0
Graph progress:  15 % 1905.0
Graph progress:  16 % 56250.0
Graph progress:  17 % 962.0
Graph progress:  18 % 16017.0
Graph progress:  19 % 60410.0
Graph progress:  20 % 19408.0
Graph progress:  21 % 11024.0
Graph progress:  22 % 8552.0
Graph progress:  23 % 16601.0
Graph progress:  24 % 59.0002
Graph progress:  25 % 31629.0
Graph progress:  26 % 11819.0
Graph progress:  27 % 38999.0
Graph progress:  28 % 14294.0
Graph progress:  29 % 2942.0
Graph progress:  30 % 541.00004
Graph progress:  31 % 34746.0
Graph progress:  32 % 53686.0
Graph progress:  33 % 3975.00002
Graph progress:  34 % 7.00015
Graph progress:  35 % 11069.0
Graph progress:  36 % 47887.0
Graph progress:  37 % 3979.0
Graph progress:  38 % 1007.0
Graph progress:  39 % 7724.00001
Graph progress:  40 % 2398.0
Graph progress:  41 % 2198.0
Graph progress:  42 % 15738.0
Graph progress:  43 % 30998.0
Graph progress:  44 % 67.00003
Graph progress:  45 % 15496.0
Graph progress:  46 % 38753.0
Graph progress:  47 % 9518.0
Graph progress:  48 % 16383.0
Graph progress:  49 % 3613.00001
Graph progress:  50 % 8.00042
Graph progress:  51 % 58490.0
Graph progress:  52 % 185.00003
Graph progress:  53 % 6639.00001
Graph progress:  54 % 531.0
Graph progress:  55 % 1150.00008
Graph progress:  56 % 29152.0
Graph progress:  57 % 32932.0
Graph progress:  58 % 10730.0
Graph progress:  59 % 9830.00001
Graph progress:  60 % 20253.0
Graph progress:  61 % 4355.0
Graph progress:  62 % 51463.0
Graph progress:  63 % 5703.0
Graph progress:  64 % 6336.0
Graph progress:  65 % 11302.0
Graph progress:  66 % 4005.0
Graph progress:  67 % 31074.0
Graph progress:  68 % 524.0
Graph progress:  69 % 23496.0
Graph progress:  70 % 6146.0
Graph progress:  71 % 25750.0
Graph progress:  72 % 19168.0
Graph progress:  73 % 13791.0
Graph progress:  74 % 12820.0
Graph progress:  75 % 29304.0
Graph progress:  76 % 2673.00002
Graph progress:  77 % 860.00006
Graph progress:  78 % 73463.0
Graph progress:  79 % 2347.00003
Graph progress:  80 % 164.00005
Graph progress:  81 % 1252.0
Graph progress:  82 % 76034.0
Graph progress:  83 % 19686.0
Graph progress:  84 % 408.0
Graph progress:  85 % 1946.00001
Graph progress:  86 % 24692.0
Graph progress:  87 % 1559.00006
Graph progress:  88 % 7677.0
Graph progress:  89 % 46317.0
Graph progress:  90 % 19566.0
Graph progress:  91 % 14552.00001
Graph progress:  92 % 4880.0
Graph progress:  93 % 5499.0
Graph progress:  94 % 24915.0
Graph progress:  95 % 21768.00001
Graph progress:  96 % 6673.0
Graph progress:  97 % 6859.0
Graph progress:  98 % 12705.0
Graph progress:  99 % 4209.0
Processed 39108 halos in snapshot 008_z007p000 of particle type 4
Reading in 'PartType5/ParticleIDs' for z = 7.0 using 8 thread(s) took 1.621516s
Reading in 'PartType5/ParticleIDs' for z = 8.0 using 8 thread(s) took 2.817204s
Reading in 'Subhalo/SubGroupNumber' for z = 8.0 using 8 thread(s) took 0.595915s
Reading in 'Subhalo/GroupNumber' for z = 8.0 using 8 thread(s) took 0.597066s
Reading in 'Subhalo/ApertureMeasurements/Mass/030kpc' for z = 8.0 using 8 thread(s) took 0.604269s
Reading in 'PartType5/Mass' for z = 8.0 using 8 thread(s) took 1.211839s
Reading in 'PartType5/ParticleIDs' for z = 6.0 using 8 thread(s) took 3.252936s
Reading in 'Subhalo/SubGroupNumber' for z = 6.0 using 8 thread(s) took 0.586206s
Reading in 'Subhalo/GroupNumber' for z = 6.0 using 8 thread(s) took 0.550881s
Reading in 'Subhalo/ApertureMeasurements/Mass/030kpc' for z = 6.0 using 8 thread(s) took 0.573381s
Reading in 'PartType5/Mass' for z = 6.0 using 8 thread(s) took 1.382036s
Reading in 'PartType5/ParticleIDs' for z = 7.0 using 8 thread(s) took 1.069424s
Reading in 'PartType5/GroupNumber' for z = 7.0 using 8 thread(s) took 0.556105s
Reading in 'PartType5/SubGroupNumber' for z = 7.0 using 8 thread(s) took 0.483629s
Reading in 'PartType5/GroupNumber' for z = 8.0 using 8 thread(s) took 0.546584s
Reading in 'PartType5/SubGroupNumber' for z = 8.0 using 8 thread(s) took 0.504788s
Reading in 'PartType5/ParticleIDs' for z = 8.0 using 8 thread(s) took 0.841618s
Reading in 'PartType5/GroupNumber' for z = 6.0 using 8 thread(s) took 1.249224s
Reading in 'PartType5/SubGroupNumber' for z = 6.0 using 8 thread(s) took 0.703851s
Reading in 'PartType5/ParticleIDs' for z = 6.0 using 8 thread(s) took 1.034292s
Graph progress:  0 % 253.0
Graph progress:  1 % 874.00002
Graph progress:  2 % 1585.0
Graph progress:  3 % 542.0
Graph progress:  4 % 1542.0
Graph progress:  5 % 1212.0
Graph progress:  6 % 100.0
Graph progress:  7 % 62.0
Graph progress:  8 % 427.0
Graph progress:  9 % 1188.00002
Graph progress:  10 % 520.0
Graph progress:  11 % 2238.0
Graph progress:  12 % 677.0
Graph progress:  13 % 367.0
Graph progress:  14 % 2782.0
Graph progress:  15 % 95.0
Graph progress:  16 % 221.0
Graph progress:  17 % 1916.0
Graph progress:  18 % 1083.00005
Graph progress:  19 % 561.0
Graph progress:  20 % 946.0
Graph progress:  21 % 20.00001
Graph progress:  22 % 2117.0
Graph progress:  23 % 615.00004
Graph progress:  24 % 251.00002
Graph progress:  25 % 7647.0
Graph progress:  26 % 2125.0
Graph progress:  27 % 3911.0
Graph progress:  28 % 101.00004
Graph progress:  29 % 47.00018
Graph progress:  30 % 1307.0
Graph progress:  31 % 1273.0
Graph progress:  32 % 1243.00004
Graph progress:  33 % 645.0
Graph progress:  34 % 1235.0
Graph progress:  35 % 3223.0
Graph progress:  36 % 608.0
Graph progress:  37 % 1759.00005
Graph progress:  38 % 1397.00002
Graph progress:  39 % 487.0
Graph progress:  40 % 739.00002
Graph progress:  41 % 683.0
Graph progress:  42 % 12548.0
Graph progress:  43 % 425.00002
Graph progress:  44 % 63.00001
Graph progress:  45 % 85.00006
Graph progress:  46 % 259.00015
Graph progress:  47 % 2467.00001
Graph progress:  48 % 174.00002
Graph progress:  49 % 262.00007
Graph progress:  50 % 1696.0
Graph progress:  51 % 2974.0
Graph progress:  52 % 1201.0
Graph progress:  53 % 958.0
Graph progress:  54 % 97.0001
Graph progress:  55 % 1770.0
Graph progress:  56 % 501.00001
Graph progress:  57 % 571.00004
Graph progress:  58 % 1726.00005
Graph progress:  59 % 1548.00002
Graph progress:  60 % 1158.0
Graph progress:  61 % 60.00001
Graph progress:  62 % 1686.0
Graph progress:  63 % 38.00013
Graph progress:  64 % 2786.0
Graph progress:  65 % 2597.0
Graph progress:  66 % 1857.00003
Graph progress:  67 % 4020.0
Graph progress:  68 % 1853.00002
Graph progress:  69 % 56.0
Graph progress:  70 % 1549.0
Graph progress:  71 % 2128.0
Graph progress:  72 % 540.0
Graph progress:  73 % 1379.00002
Graph progress:  74 % 6960.0
Graph progress:  75 % 937.00004
Graph progress:  76 % 2555.0
Graph progress:  77 % 1953.00002
Graph progress:  78 % 5.0
Graph progress:  79 % 1944.0
Graph progress:  80 % 377.0
Graph progress:  81 % 1819.00002
Graph progress:  82 % 5970.0
Graph progress:  83 % 1410.00001
Graph progress:  84 % 644.00001
Graph progress:  85 % 2846.00001
Graph progress:  86 % 1670.00002
Graph progress:  87 % 2324.0
Graph progress:  88 % 1238.00001
Graph progress:  89 % 2049.0
Graph progress:  90 % 15612.0
Graph progress:  91 % 583.00003
Graph progress:  92 % 222.00003
Graph progress:  93 % 7904.00001
Graph progress:  94 % 1144.00005
Graph progress:  95 % 1475.00001
Graph progress:  96 % 284.0
Graph progress:  97 % 211.00001
Graph progress:  98 % 1532.00003
Graph progress:  99 % 200.0
Processed 3268 halos in snapshot 008_z007p000 of particle type 5
Reading in 'PartType0/ParticleIDs' for z = 7.0 using 8 thread(s) took 9.981507s
Reading in 'PartType0/ParticleIDs' for z = 8.0 using 8 thread(s) took 11.599962s
Reading in 'Subhalo/SubGroupNumber' for z = 8.0 using 8 thread(s) took 0.609685s
Reading in 'Subhalo/GroupNumber' for z = 8.0 using 8 thread(s) took 0.607769s
Reading in 'Subhalo/ApertureMeasurements/Mass/030kpc' for z = 8.0 using 8 thread(s) took 0.608199s
Reading in 'PartType0/Mass' for z = 8.0 using 8 thread(s) took 0.947691s
Reading in 'PartType0/ParticleIDs' for z = 6.0 using 8 thread(s) took 13.316064s
Reading in 'Subhalo/SubGroupNumber' for z = 6.0 using 8 thread(s) took 0.608049s
Reading in 'Subhalo/GroupNumber' for z = 6.0 using 8 thread(s) took 0.606582s
Reading in 'Subhalo/ApertureMeasurements/Mass/030kpc' for z = 6.0 using 8 thread(s) took 0.653901s
Reading in 'PartType0/Mass' for z = 6.0 using 8 thread(s) took 1.517315s
Reading in 'PartType0/ParticleIDs' for z = 7.0 using 8 thread(s) took 3.186201s
Reading in 'PartType0/GroupNumber' for z = 7.0 using 8 thread(s) took 1.083578s
Reading in 'PartType0/SubGroupNumber' for z = 7.0 using 8 thread(s) took 0.772295s
Reading in 'PartType0/GroupNumber' for z = 8.0 using 8 thread(s) took 0.94824s
Reading in 'PartType0/SubGroupNumber' for z = 8.0 using 8 thread(s) took 0.842807s
Reading in 'PartType0/ParticleIDs' for z = 8.0 using 8 thread(s) took 1.919792s
Reading in 'PartType0/GroupNumber' for z = 6.0 using 8 thread(s) took 1.441028s
Reading in 'PartType0/SubGroupNumber' for z = 6.0 using 8 thread(s) took 1.222134s
Reading in 'PartType0/ParticleIDs' for z = 6.0 using 8 thread(s) took 2.812245s
Graph progress:  0 % 181088.0
Graph progress:  1 % 160838.0
Graph progress:  2 % 130997.0
Graph progress:  3 % 162223.0
Graph progress:  4 % 164181.0
Graph progress:  5 % 187016.0
Graph progress:  6 % 126861.0
Graph progress:  7 % 208863.0
Graph progress:  8 % 24597.0
Graph progress:  9 % 168659.0
Graph progress:  10 % 183496.0
Graph progress:  11 % 9933.00001
Graph progress:  12 % 168978.0
Graph progress:  13 % 24926.00002
Graph progress:  14 % 133435.0
Graph progress:  15 % 5983.0
Graph progress:  16 % 27549.0
Graph progress:  17 % 208552.0
Graph progress:  18 % 15425.00001
Graph progress:  19 % 101908.0
Graph progress:  20 % 7518.0
Graph progress:  21 % 51704.0
Graph progress:  22 % 95562.0
Graph progress:  23 % 90743.0
Graph progress:  24 % 94449.0
Graph progress:  25 % 27670.00001
Graph progress:  26 % 207575.0
Graph progress:  27 % 136897.0
Graph progress:  28 % 67998.0
Graph progress:  29 % 123251.0
Graph progress:  30 % 66358.0
Graph progress:  31 % 92177.0
Graph progress:  32 % 194.00003
Graph progress:  33 % 149240.0
Graph progress:  34 % 171087.0
Graph progress:  35 % 84513.0
Graph progress:  36 % 2288.00004
Graph progress:  37 % 12359.0
Graph progress:  38 % 95722.0
Graph progress:  39 % 64334.0
Graph progress:  40 % 73592.0
Graph progress:  41 % 176269.0
Graph progress:  42 % 119053.0
Graph progress:  43 % 106056.0
Graph progress:  44 % 10234.00001
Graph progress:  45 % 44054.0
Graph progress:  46 % 17446.0
Graph progress:  47 % 117856.0
Graph progress:  48 % 4738.0
Graph progress:  49 % 80217.0
Graph progress:  50 % 127873.0
Graph progress:  51 % 37100.0
Graph progress:  52 % 175729.0
Graph progress:  53 % 47362.0
Graph progress:  54 % 107898.0
Graph progress:  55 % 51568.00001
Graph progress:  56 % 139291.0
Graph progress:  57 % 170879.0
Graph progress:  58 % 11236.0
Graph progress:  59 % 91272.0
Graph progress:  60 % 50608.0
Graph progress:  61 % 52661.0
Graph progress:  62 % 66653.0
Graph progress:  63 % 118735.0
Graph progress:  64 % 36406.0
Graph progress:  65 % 126027.0
Graph progress:  66 % 29441.0
Graph progress:  67 % 94603.0
Graph progress:  68 % 35892.0
Graph progress:  69 % 140810.0
Graph progress:  70 % 78026.0
Graph progress:  71 % 104814.0
Graph progress:  72 % 168143.0
Graph progress:  73 % 197119.0
Graph progress:  74 % 153393.0
Graph progress:  75 % 38758.00001
Graph progress:  76 % 84751.0
Graph progress:  77 % 145448.0
Graph progress:  78 % 79190.0
Graph progress:  79 % 51435.00001
Graph progress:  80 % 90132.0
Graph progress:  81 % 97739.0
Graph progress:  82 % 94405.0
Graph progress:  83 % 607.00002
Graph progress:  84 % 163569.0
Graph progress:  85 % 25285.0
Graph progress:  86 % 38583.0
Graph progress:  87 % 45892.0
Graph progress:  88 % 2989.0
Graph progress:  89 % 66585.0
Graph progress:  90 % 140940.0
Graph progress:  91 % 79987.0
Graph progress:  92 % 119862.0
Graph progress:  93 % 82110.00001
Graph progress:  94 % 9019.00001
Graph progress:  95 % 120519.0
Graph progress:  96 % 11092.0
Graph progress:  97 % 171374.0
Graph progress:  98 % 198247.0
Graph progress:  99 % 23326.0
Processed 235615 halos in snapshot 008_z007p000 of particle type 0
Write progress:  0 % 53483.0
Write progress:  1 % 61856.0
Write progress:  2 % 194839.0
Write progress:  3 % 186181.0
Write progress:  4 % 200913.0
Write progress:  5 % 48700.00001
Write progress:  6 % 37581.00001
Write progress:  7 % 184502.0
Write progress:  8 % 171025.0
Write progress:  9 % 119963.0
Write progress:  10 % 95560.0
Write progress:  11 % 5713.00002
Write progress:  12 % 52429.0
Write progress:  13 % 164160.0
Write progress:  14 % 178360.0
Write progress:  15 % 2122.0
Write progress:  16 % 141099.0
Write progress:  17 % 44576.0
Write progress:  18 % 163231.0
Write progress:  19 % 960.00001
Write progress:  20 % 220.00007
Write progress:  21 % 59332.0
Write progress:  22 % 93554.0
Write progress:  23 % 8112.00001
Write progress:  24 % 127062.0
Write progress:  25 % 66553.00001
Write progress:  26 % 74253.0
Write progress:  27 % 74670.0
Write progress:  28 % 69479.0
Write progress:  29 % 16804.0
Write progress:  30 % 94488.0
Write progress:  31 % 9070.00001
Write progress:  32 % 133807.0
Write progress:  33 % 88469.0
Write progress:  34 % 10647.00001
Write progress:  35 % 2185.0
Write progress:  36 % 3596.00003
Write progress:  37 % 5798.00001
Write progress:  38 % 8954.00001
Write progress:  39 % 9554.0
Write progress:  40 % 65217.0
Write progress:  41 % 94151.0
Write progress:  42 % 153822.0
Write progress:  43 % 4638.00001
Write progress:  44 % 23245.00001
Write progress:  45 % 146487.0
Write progress:  46 % 96490.0
Write progress:  47 % 135266.0
Write progress:  48 % 155820.0
Write progress:  49 % 44356.0
Write progress:  50 % 98068.0
Write progress:  51 % 118755.0
Write progress:  52 % 16728.00001
Write progress:  53 % 174072.0
Write progress:  54 % 65745.0
Write progress:  55 % 76156.0
Write progress:  56 % 176117.0
Write progress:  57 % 6798.00001
Write progress:  58 % 114209.0
Write progress:  59 % 6341.0
Write progress:  60 % 173770.0
Write progress:  61 % 208840.0
Write progress:  62 % 89847.0
Write progress:  63 % 136776.0
Write progress:  64 % 74189.0
Write progress:  65 % 56.00014
Write progress:  66 % 9576.0
Write progress:  67 % 9825.0
Write progress:  68 % 25313.0
Write progress:  69 % 176579.0
Write progress:  70 % 161545.0
Write progress:  71 % 192046.0
Write progress:  72 % 164986.0
Write progress:  73 % 63571.0
Write progress:  74 % 193301.0
Write progress:  75 % 132863.0
Write progress:  76 % 17366.0
Write progress:  77 % 163180.0
Write progress:  78 % 100283.0
Write progress:  79 % 159563.0
Write progress:  80 % 70580.0
Write progress:  81 % 102968.0
Write progress:  82 % 97766.0
Write progress:  83 % 2434.00003
Write progress:  84 % 104.00003
Write progress:  85 % 8184.0
Write progress:  86 % 106443.0
Write progress:  87 % 90709.0
Write progress:  88 % 210356.0
Write progress:  89 % 152737.0
Write progress:  90 % 8480.0
Write progress:  91 % 47662.0
Write progress:  92 % 27485.00001
Write progress:  93 % 5848.00002
Write progress:  94 % 170695.0
Write progress:  95 % 13755.00002
Write progress:  96 % 46251.0
Write progress:  97 % 45305.00001
Write progress:  98 % 50603.0
Write progress:  99 % 83585.0
Job done, info follows...
       JobID    JobName  Partition     MaxRSS    Elapsed ExitCode 
------------ ---------- ---------- ---------- ---------- -------- 
2042958_261  MEGA-FLAR+     cosma6              00:48:31      0:0 
2042958_261+     extern                         00:48:31      0:0 
