====
Starting job 2040829 at Wed 22 Apr 02:33:43 BST 2020 for user dc-rope1.
Running on nodes: m7312
====
['000_z020p000', '001_z015p132', '002_z009p993', '003_z008p988', '004_z008p075', '005_z007p050', '006_z005p971', '007_z005p487', '008_z005p037', '009_z004p485', '010_z003p984', '011_z003p528', '012_z003p017', '013_z002p478', '014_z002p237', '015_z002p012', '016_z001p737', '017_z001p487', '018_z001p259', '019_z001p004', '020_z000p865', '021_z000p736', '022_z000p615', '023_z000p503', '024_z000p366', '025_z000p271', '026_z000p183', '027_z000p101', '028_z000p000']
[None, '000_z020p000', '001_z015p132', '002_z009p993', '003_z008p988', '004_z008p075', '005_z007p050', '006_z005p971', '007_z005p487', '008_z005p037', '009_z004p485', '010_z003p984', '011_z003p528', '012_z003p017', '013_z002p478', '014_z002p237', '015_z002p012', '016_z001p737', '017_z001p487', '018_z001p259', '019_z001p004', '020_z000p865', '021_z000p736', '022_z000p615', '023_z000p503', '024_z000p366', '025_z000p271', '026_z000p183', '027_z000p101']
['001_z015p132', '002_z009p993', '003_z008p988', '004_z008p075', '005_z007p050', '006_z005p971', '007_z005p487', '008_z005p037', '009_z004p485', '010_z003p984', '011_z003p528', '012_z003p017', '013_z002p478', '014_z002p237', '015_z002p012', '016_z001p737', '017_z001p487', '018_z001p259', '019_z001p004', '020_z000p865', '021_z000p736', '022_z000p615', '023_z000p503', '024_z000p366', '025_z000p271', '026_z000p183', '027_z000p101', '028_z000p000', None]
009_z004p485
Reading in 'PartType1/ParticleIDs' for z = 4.485 using 8 thread(s) took 144.653923s
Reading in 'PartType1/ParticleIDs' for z = 4.485 using 8 thread(s) took 36.730464s
Reading in 'PartType1/GroupNumber' for z = 4.485 using 8 thread(s) took 24.592638s
Reading in 'PartType1/SubGroupNumber' for z = 4.485 using 8 thread(s) took 8.220787s
Reading in 'PartType1/GroupNumber' for z = 5.037 using 8 thread(s) took 13.082836s
Reading in 'PartType1/SubGroupNumber' for z = 5.037 using 8 thread(s) took 10.108856s
Reading in 'PartType1/ParticleIDs' for z = 5.037 using 8 thread(s) took 16.161059s
Reading in 'PartType1/GroupNumber' for z = 3.984 using 8 thread(s) took 15.951094s
Reading in 'PartType1/SubGroupNumber' for z = 3.984 using 8 thread(s) took 12.8895s
Reading in 'PartType1/ParticleIDs' for z = 3.984 using 8 thread(s) took 18.88834s
Graph progress:  0 % 1005038.0
Graph progress:  1 % 1950959.0
Graph progress:  2 % 133756.0
Graph progress:  3 % 1584844.0
Graph progress:  4 % 2665.00004
Graph progress:  5 % 58421.0
Graph progress:  6 % 1567427.0
Graph progress:  7 % 1981169.0
Graph progress:  8 % 1254260.0
Graph progress:  9 % 1586100.0
Graph progress:  10 % 1663667.0
Graph progress:  11 % 20013.0
Graph progress:  12 % 953226.0
Graph progress:  13 % 6226.0
Graph progress:  14 % 2041852.0
Graph progress:  15 % 1425559.0
Graph progress:  16 % 8514.00004
Graph progress:  17 % 1265612.0
Graph progress:  18 % 1875424.0
Graph progress:  19 % 1518173.0
Graph progress:  20 % 1921.00009
Graph progress:  21 % 6404.00004
Graph progress:  22 % 1080730.0
Graph progress:  23 % 1849524.0
Graph progress:  24 % 2134623.0
Graph progress:  25 % 2320068.0
Graph progress:  26 % 498587.0
Graph progress:  27 % 1299452.0
Graph progress:  28 % 1372883.0
Graph progress:  29 % 720801.0
Graph progress:  30 % 943371.0
Graph progress:  31 % 101014.0
Graph progress:  32 % 98691.0
Graph progress:  33 % 2047045.0
Graph progress:  34 % 3458.00009
Graph progress:  35 % 37535.00001
Graph progress:  36 % 285.00031
Graph progress:  37 % 77088.0
Graph progress:  38 % 1081768.0
Graph progress:  39 % 21936.0
Graph progress:  40 % 786739.00001
Graph progress:  41 % 164975.0
Graph progress:  42 % 1067593.0
Graph progress:  43 % 1497552.0
Graph progress:  44 % 14198.0001
Graph progress:  45 % 386087.0
Graph progress:  46 % 540801.00002
Graph progress:  47 % 147559.00001
Graph progress:  48 % 1014340.0
Graph progress:  49 % 897240.0
Graph progress:  50 % 816576.00001
Graph progress:  51 % 2257151.0
Graph progress:  52 % 2201966.0
Graph progress:  53 % 1146060.0
Graph progress:  54 % 808727.0
Graph progress:  55 % 2282944.0
Graph progress:  56 % 1857660.0
Graph progress:  57 % 1524325.0
Graph progress:  58 % 961349.0
Graph progress:  59 % 990503.0
Graph progress:  60 % 888190.0
Graph progress:  61 % 2204605.0
Graph progress:  62 % 2326354.0
Graph progress:  63 % 2205304.0
Graph progress:  64 % 2146376.0
Graph progress:  65 % 1182131.0
Graph progress:  66 % 1191255.0
Graph progress:  67 % 158154.0
Graph progress:  68 % 126033.0
Graph progress:  69 % 105.00056
Graph progress:  70 % 151170.00001
Graph progress:  71 % 1462526.0
Graph progress:  72 % 1478010.0
Graph progress:  73 % 2088811.0
Graph progress:  74 % 1741601.0
Graph progress:  75 % 874569.0
Graph progress:  76 % 1598153.0
Graph progress:  77 % 2310407.0
Graph progress:  78 % 1944411.0
Graph progress:  79 % 2060672.0
Graph progress:  80 % 904194.0
Graph progress:  81 % 1341402.0
Graph progress:  82 % 2289537.0
Graph progress:  83 % 47172.00003
Graph progress:  84 % 1531235.0
Graph progress:  85 % 2186.00013
Graph progress:  86 % 3939.00007
Graph progress:  87 % 178205.0
Graph progress:  88 % 6283.00002
Graph progress:  89 % 1193328.0
Graph progress:  90 % 14526.0
Graph progress:  91 % 2154555.0
Graph progress:  92 % 894774.0
Graph progress:  93 % 852866.0
Graph progress:  94 % 150444.0
Graph progress:  95 % 1893899.0
Graph progress:  96 % 2125754.0
Graph progress:  97 % 2096092.0
Graph progress:  98 % 1978246.0
Graph progress:  99 % 1437245.0
Processed 2803047 halos in snapshot 009_z004p485 of particle type 1
Write progress:  0 % 1005038.0
Write progress:  1 % 1950959.0
Write progress:  2 % 133756.0
Write progress:  3 % 1584844.0
Write progress:  4 % 2665.00004
Write progress:  5 % 58421.0
Write progress:  6 % 1567427.0
Write progress:  7 % 1981169.0
Write progress:  8 % 1254260.0
Write progress:  9 % 1586100.0
Write progress:  10 % 1663667.0
Write progress:  11 % 20013.0
Write progress:  12 % 953226.0
Write progress:  13 % 6226.0
Write progress:  14 % 2041852.0
Write progress:  15 % 1425559.0
Write progress:  16 % 8514.00004
Write progress:  17 % 1265612.0
Write progress:  18 % 1875424.0
Write progress:  19 % 1518173.0
Write progress:  20 % 1921.00009
Write progress:  21 % 6404.00004
Write progress:  22 % 1080730.0
Write progress:  23 % 1849524.0
Write progress:  24 % 2134623.0
Write progress:  25 % 2320068.0
Write progress:  26 % 498587.0
Write progress:  27 % 1299452.0
Write progress:  28 % 1372883.0
Write progress:  29 % 720801.0
Write progress:  30 % 943371.0
Write progress:  31 % 101014.0
Write progress:  32 % 98691.0
Write progress:  33 % 2047045.0
Write progress:  34 % 3458.00009
Write progress:  35 % 37535.00001
Write progress:  36 % 285.00031
Write progress:  37 % 77088.0
Write progress:  38 % 1081768.0
Write progress:  39 % 21936.0
Write progress:  40 % 786739.00001
Write progress:  41 % 164975.0
Write progress:  42 % 1067593.0
Write progress:  43 % 1497552.0
Write progress:  44 % 14198.0001
Write progress:  45 % 386087.0
Write progress:  46 % 540801.00002
Write progress:  47 % 147559.00001
Write progress:  48 % 1014340.0
Write progress:  49 % 897240.0
Write progress:  50 % 816576.00001
Write progress:  51 % 2257151.0
Write progress:  52 % 2201966.0
Write progress:  53 % 1146060.0
Write progress:  54 % 808727.0
Write progress:  55 % 2282944.0
Write progress:  56 % 1857660.0
Write progress:  57 % 1524325.0
Write progress:  58 % 961349.0
Write progress:  59 % 990503.0
Write progress:  60 % 888190.0
Write progress:  61 % 2204605.0
Write progress:  62 % 2326354.0
Write progress:  63 % 2205304.0
Write progress:  64 % 2146376.0
Write progress:  65 % 1182131.0
Write progress:  66 % 1191255.0
Write progress:  67 % 158154.0
Write progress:  68 % 126033.0
Write progress:  69 % 105.00056
Write progress:  70 % 151170.00001
Write progress:  71 % 1462526.0
Write progress:  72 % 1478010.0
Write progress:  73 % 2088811.0
Write progress:  74 % 1741601.0
Write progress:  75 % 874569.0
Write progress:  76 % 1598153.0
Write progress:  77 % 2310407.0
Write progress:  78 % 1944411.0
Write progress:  79 % 2060672.0
Write progress:  80 % 904194.0
Write progress:  81 % 1341402.0
Write progress:  82 % 2289537.0
Write progress:  83 % 47172.00003
Write progress:  84 % 1531235.0
Write progress:  85 % 2186.00013
Write progress:  86 % 3939.00007
Write progress:  87 % 178205.0
Write progress:  88 % 6283.00002
Write progress:  89 % 1193328.0
Write progress:  90 % 14526.0
Write progress:  91 % 2154555.0
Write progress:  92 % 894774.0
Write progress:  93 % 852866.0
Write progress:  94 % 150444.0
Write progress:  95 % 1893899.0
Write progress:  96 % 2125754.0
Write progress:  97 % 2096092.0
Write progress:  98 % 1978246.0
Write progress:  99 % 1437245.0
Reading in 'PartType4/ParticleIDs' for z = 4.485 using 8 thread(s) took 11.271729s
Reading in 'PartType4/ParticleIDs' for z = 5.037 using 8 thread(s) took 9.517805s
Reading in 'Subhalo/SubGroupNumber' for z = 5.037 using 8 thread(s) took 11.491672s
Reading in 'Subhalo/GroupNumber' for z = 5.037 using 8 thread(s) took 4.467085s
Reading in 'Subhalo/ApertureMeasurements/Mass/030kpc' for z = 5.037 using 8 thread(s) took 4.772271s
Reading in 'PartType4/Mass' for z = 5.037 using 8 thread(s) took 8.891537s
Reading in 'PartType4/ParticleIDs' for z = 3.984 using 8 thread(s) took 9.463795s
Reading in 'Subhalo/SubGroupNumber' for z = 3.984 using 8 thread(s) took 13.868393s
Reading in 'Subhalo/GroupNumber' for z = 3.984 using 8 thread(s) took 4.408621s
Reading in 'Subhalo/ApertureMeasurements/Mass/030kpc' for z = 3.984 using 8 thread(s) took 4.756719s
Reading in 'PartType4/Mass' for z = 3.984 using 8 thread(s) took 8.623014s
Reading in 'PartType4/ParticleIDs' for z = 4.485 using 8 thread(s) took 8.562386s
Reading in 'PartType4/GroupNumber' for z = 4.485 using 8 thread(s) took 5.912856s
Reading in 'PartType4/SubGroupNumber' for z = 4.485 using 8 thread(s) took 4.558891s
Reading in 'PartType4/GroupNumber' for z = 5.037 using 8 thread(s) took 5.717466s
Reading in 'PartType4/SubGroupNumber' for z = 5.037 using 8 thread(s) took 4.696475s
Reading in 'PartType4/ParticleIDs' for z = 5.037 using 8 thread(s) took 6.105512s
Reading in 'PartType4/GroupNumber' for z = 3.984 using 8 thread(s) took 5.974486s
Reading in 'PartType4/SubGroupNumber' for z = 3.984 using 8 thread(s) took 4.547454s
