====
Starting job 2061785 at Tue 28 Apr 23:23:27 BST 2020 for user dc-rope1.
Running on nodes: m7324
====
['000_z020p000', '001_z015p132', '002_z009p993', '003_z008p988', '004_z008p075', '005_z007p050', '006_z005p971', '007_z005p487', '008_z005p037', '009_z004p485', '010_z003p984', '011_z003p528', '012_z003p017', '013_z002p478', '014_z002p237', '015_z002p012', '016_z001p737', '017_z001p487', '018_z001p259', '019_z001p004', '020_z000p865', '021_z000p736', '022_z000p615', '023_z000p503', '024_z000p366', '025_z000p271', '026_z000p183', '027_z000p101', '028_z000p000']
[None, '000_z020p000', '001_z015p132', '002_z009p993', '003_z008p988', '004_z008p075', '005_z007p050', '006_z005p971', '007_z005p487', '008_z005p037', '009_z004p485', '010_z003p984', '011_z003p528', '012_z003p017', '013_z002p478', '014_z002p237', '015_z002p012', '016_z001p737', '017_z001p487', '018_z001p259', '019_z001p004', '020_z000p865', '021_z000p736', '022_z000p615', '023_z000p503', '024_z000p366', '025_z000p271', '026_z000p183', '027_z000p101']
['001_z015p132', '002_z009p993', '003_z008p988', '004_z008p075', '005_z007p050', '006_z005p971', '007_z005p487', '008_z005p037', '009_z004p485', '010_z003p984', '011_z003p528', '012_z003p017', '013_z002p478', '014_z002p237', '015_z002p012', '016_z001p737', '017_z001p487', '018_z001p259', '019_z001p004', '020_z000p865', '021_z000p736', '022_z000p615', '023_z000p503', '024_z000p366', '025_z000p271', '026_z000p183', '027_z000p101', '028_z000p000', None]
001_z015p132
Reading in 'PartType1/ParticleIDs' for z = 15.132 using 8 thread(s) took 55.135516s
Reading in 'PartType1/ParticleIDs' for z = 15.132 using 8 thread(s) took 2.342458s
Reading in 'PartType1/GroupNumber' for z = 15.132 using 8 thread(s) took 0.23674s
Reading in 'PartType1/SubGroupNumber' for z = 15.132 using 8 thread(s) took 0.231685s
Reading in 'PartType1/GroupNumber' for z = 20.0 using 8 thread(s) took 0.679659s
Reading in 'PartType1/SubGroupNumber' for z = 20.0 using 8 thread(s) took 0.470553s
Reading in 'PartType1/ParticleIDs' for z = 20.0 using 8 thread(s) took 0.464608s
Reading in 'PartType1/GroupNumber' for z = 9.993 using 8 thread(s) took 1.804227s
Reading in 'PartType1/SubGroupNumber' for z = 9.993 using 8 thread(s) took 1.010836s
Reading in 'PartType1/ParticleIDs' for z = 9.993 using 8 thread(s) took 1.852648s
Processed 15558 halos in snapshot 001_z015p132 of particle type 1
Reading in 'PartType4/ParticleIDs' for z = 15.132 using 8 thread(s) took 0.597239s
Reading in 'PartType4/ParticleIDs' for z = 20.0 using 8 thread(s) took 1.256122s
Reading in 'Subhalo/SubGroupNumber' for z = 20.0 using 8 thread(s) took 9.797779s
Reading in 'Subhalo/GroupNumber' for z = 20.0 using 8 thread(s) took 0.286348s
Reading in 'Subhalo/ApertureMeasurements/Mass/030kpc' for z = 20.0 using 8 thread(s) took 0.283977s
Reading in 'PartType4/Mass' for z = 20.0 using 8 thread(s) took 0.072231s
Reading in 'PartType4/ParticleIDs' for z = 9.993 using 8 thread(s) took 5.575354s
Reading in 'Subhalo/SubGroupNumber' for z = 9.993 using 8 thread(s) took 16.505141s
Reading in 'Subhalo/GroupNumber' for z = 9.993 using 8 thread(s) took 0.381789s
Reading in 'Subhalo/ApertureMeasurements/Mass/030kpc' for z = 9.993 using 8 thread(s) took 0.365968s
Reading in 'PartType4/Mass' for z = 9.993 using 8 thread(s) took 0.637553s
Reading in 'PartType4/ParticleIDs' for z = 15.132 using 8 thread(s) took 0.094599s
Reading in 'PartType4/GroupNumber' for z = 15.132 using 8 thread(s) took 0.094649s
Reading in 'PartType4/SubGroupNumber' for z = 15.132 using 8 thread(s) took 0.100873s
Reading in 'PartType4/GroupNumber' for z = 20.0 using 8 thread(s) took 0.087601s
Reading in 'PartType4/SubGroupNumber' for z = 20.0 using 8 thread(s) took 0.081469s
Reading in 'PartType4/ParticleIDs' for z = 20.0 using 8 thread(s) took 0.085663s
Reading in 'PartType4/GroupNumber' for z = 9.993 using 8 thread(s) took 0.103211s
Reading in 'PartType4/SubGroupNumber' for z = 9.993 using 8 thread(s) took 1.006617s
Reading in 'PartType4/ParticleIDs' for z = 9.993 using 8 thread(s) took 0.654914s
Processed 643 halos in snapshot 001_z015p132 of particle type 4
Reading in 'Subhalo/SubGroupNumber' for z = 20.0 using 8 thread(s) took 0.295476s
Reading in 'Subhalo/GroupNumber' for z = 20.0 using 8 thread(s) took 0.298837s
Reading in 'Subhalo/ApertureMeasurements/Mass/030kpc' for z = 20.0 using 8 thread(s) took 0.299596s
Reading in 'PartType5/ParticleIDs' for z = 9.993 using 8 thread(s) took 3.53273s
Reading in 'Subhalo/SubGroupNumber' for z = 9.993 using 8 thread(s) took 0.387024s
Reading in 'Subhalo/GroupNumber' for z = 9.993 using 8 thread(s) took 0.375021s
Reading in 'Subhalo/ApertureMeasurements/Mass/030kpc' for z = 9.993 using 8 thread(s) took 0.415668s
Reading in 'PartType5/Mass' for z = 9.993 using 8 thread(s) took 0.569546s
Reading in 'PartType5/GroupNumber' for z = 9.993 using 8 thread(s) took 0.218785s
Reading in 'PartType5/SubGroupNumber' for z = 9.993 using 8 thread(s) took 0.131129s
Reading in 'PartType5/ParticleIDs' for z = 9.993 using 8 thread(s) took 0.168306s
Processed 0 halos in snapshot 001_z015p132 of particle type 5
Reading in 'PartType0/ParticleIDs' for z = 15.132 using 8 thread(s) took 53.026164s
Reading in 'PartType0/ParticleIDs' for z = 20.0 using 8 thread(s) took 53.029988s
Reading in 'Subhalo/SubGroupNumber' for z = 20.0 using 8 thread(s) took 0.576406s
Reading in 'Subhalo/GroupNumber' for z = 20.0 using 8 thread(s) took 0.564464s
Reading in 'Subhalo/ApertureMeasurements/Mass/030kpc' for z = 20.0 using 8 thread(s) took 0.573047s
Reading in 'PartType0/Mass' for z = 20.0 using 8 thread(s) took 0.380202s
Reading in 'PartType0/ParticleIDs' for z = 9.993 using 8 thread(s) took 63.027915s
Reading in 'Subhalo/SubGroupNumber' for z = 9.993 using 8 thread(s) took 0.760014s
Reading in 'Subhalo/GroupNumber' for z = 9.993 using 8 thread(s) took 0.762187s
Reading in 'Subhalo/ApertureMeasurements/Mass/030kpc' for z = 9.993 using 8 thread(s) took 0.822791s
Reading in 'PartType0/Mass' for z = 9.993 using 8 thread(s) took 1.150707s
Reading in 'PartType0/ParticleIDs' for z = 15.132 using 8 thread(s) took 0.316305s
Reading in 'PartType0/GroupNumber' for z = 15.132 using 8 thread(s) took 0.274205s
Reading in 'PartType0/SubGroupNumber' for z = 15.132 using 8 thread(s) took 0.271187s
Reading in 'PartType0/GroupNumber' for z = 20.0 using 8 thread(s) took 0.488168s
Reading in 'PartType0/SubGroupNumber' for z = 20.0 using 8 thread(s) took 0.527045s
Reading in 'PartType0/ParticleIDs' for z = 20.0 using 8 thread(s) took 0.521418s
Reading in 'PartType0/GroupNumber' for z = 9.993 using 8 thread(s) took 18.788303s
Reading in 'PartType0/SubGroupNumber' for z = 9.993 using 8 thread(s) took 7.91853s
Reading in 'PartType0/ParticleIDs' for z = 9.993 using 8 thread(s) took 53.280222s
Processed 15557 halos in snapshot 001_z015p132 of particle type 0
Job done, info follows...
       JobID    JobName  Partition     MaxRSS    Elapsed ExitCode 
------------ ---------- ---------- ---------- ---------- -------- 
2061765_2      MEGA-REF     cosma7              00:38:00      0:0 
2061765_2.e+     extern                         00:38:00      0:0 
