====
Starting job 2040654 at Wed 22 Apr 00:10:41 BST 2020 for user dc-rope1.
Running on nodes: m7413
====
['000_z020p000', '001_z015p132', '002_z009p993', '003_z008p988', '004_z008p075', '005_z007p050', '006_z005p971', '007_z005p487', '008_z005p037', '009_z004p485', '010_z003p984', '011_z003p528', '012_z003p017', '013_z002p478', '014_z002p237', '015_z002p012', '016_z001p737', '017_z001p487', '018_z001p259', '019_z001p004', '020_z000p865', '021_z000p736', '022_z000p615', '023_z000p503', '024_z000p366', '025_z000p271', '026_z000p183', '027_z000p101', '028_z000p000']
[None, '000_z020p000', '001_z015p132', '002_z009p993', '003_z008p988', '004_z008p075', '005_z007p050', '006_z005p971', '007_z005p487', '008_z005p037', '009_z004p485', '010_z003p984', '011_z003p528', '012_z003p017', '013_z002p478', '014_z002p237', '015_z002p012', '016_z001p737', '017_z001p487', '018_z001p259', '019_z001p004', '020_z000p865', '021_z000p736', '022_z000p615', '023_z000p503', '024_z000p366', '025_z000p271', '026_z000p183', '027_z000p101']
['001_z015p132', '002_z009p993', '003_z008p988', '004_z008p075', '005_z007p050', '006_z005p971', '007_z005p487', '008_z005p037', '009_z004p485', '010_z003p984', '011_z003p528', '012_z003p017', '013_z002p478', '014_z002p237', '015_z002p012', '016_z001p737', '017_z001p487', '018_z001p259', '019_z001p004', '020_z000p865', '021_z000p736', '022_z000p615', '023_z000p503', '024_z000p366', '025_z000p271', '026_z000p183', '027_z000p101', '028_z000p000', None]
003_z008p988
Reading in 'PartType1/ParticleIDs' for z = 8.988 using 8 thread(s) took 64.810502s
Reading in 'PartType1/ParticleIDs' for z = 8.988 using 8 thread(s) took 7.106605s
Reading in 'PartType1/GroupNumber' for z = 8.988 using 8 thread(s) took 1.700551s
Reading in 'PartType1/SubGroupNumber' for z = 8.988 using 8 thread(s) took 0.911015s
Reading in 'PartType1/GroupNumber' for z = 9.993 using 8 thread(s) took 1.955773s
Reading in 'PartType1/SubGroupNumber' for z = 9.993 using 8 thread(s) took 1.266179s
Reading in 'PartType1/ParticleIDs' for z = 9.993 using 8 thread(s) took 2.343695s
Job done, info follows...
       JobID    JobName  Partition     MaxRSS    Elapsed ExitCode 
------------ ---------- ---------- ---------- ---------- -------- 
2040650_4      MEGA-REF     cosma7              00:10:19      0:0 
2040650_4.e+     extern                         00:10:19      0:0 
