====
Starting job 2043367 at Fri 24 Apr 00:49:23 BST 2020 for user dc-rope1.
Running on nodes: m6387
====
261
('18', '008_z007p000', '009_z006p000', '010_z005p000')
Reading in 'PartType1/ParticleIDs' for z = 6.0 using 8 thread(s) took 12.059752s
Reading in 'PartType1/ParticleIDs' for z = 6.0 using 8 thread(s) took 4.999953s
Reading in 'PartType1/GroupNumber' for z = 6.0 using 8 thread(s) took 1.916307s
Reading in 'PartType1/SubGroupNumber' for z = 6.0 using 8 thread(s) took 0.580256s
Reading in 'PartType1/GroupNumber' for z = 7.0 using 8 thread(s) took 2.696046s
Reading in 'PartType1/SubGroupNumber' for z = 7.0 using 8 thread(s) took 0.844786s
Reading in 'PartType1/ParticleIDs' for z = 7.0 using 8 thread(s) took 2.209658s
Reading in 'PartType1/GroupNumber' for z = 5.0 using 8 thread(s) took 2.078894s
Reading in 'PartType1/SubGroupNumber' for z = 5.0 using 8 thread(s) took 2.20978s
Reading in 'PartType1/ParticleIDs' for z = 5.0 using 8 thread(s) took 3.641446s
Graph progress:  0 % 151380.0
Graph progress:  1 % 104866.0
Graph progress:  2 % 189980.0
Graph progress:  3 % 245578.0
Graph progress:  4 % 215239.0
Graph progress:  5 % 3020.0
Graph progress:  6 % 111040.0
Graph progress:  7 % 17490.0
Graph progress:  8 % 241227.0
Graph progress:  9 % 117325.0
Graph progress:  10 % 29573.0
Graph progress:  11 % 42857.0
Graph progress:  12 % 148495.0
Graph progress:  13 % 212395.0
Graph progress:  14 % 157677.0
Graph progress:  15 % 196410.0
Graph progress:  16 % 233426.0
Graph progress:  17 % 33393.0
Graph progress:  18 % 76578.0
Graph progress:  19 % 245957.0
Graph progress:  20 % 112.00025
Graph progress:  21 % 141560.0
Graph progress:  22 % 20159.0
Graph progress:  23 % 147741.0
Graph progress:  24 % 5446.00002
Graph progress:  25 % 52516.0
Graph progress:  26 % 255299.0
Graph progress:  27 % 38425.0
Graph progress:  28 % 83869.0
Graph progress:  29 % 13958.00002
Graph progress:  30 % 11561.00001
Graph progress:  31 % 174556.0
Graph progress:  32 % 13.00004
Graph progress:  33 % 4099.00003
Graph progress:  34 % 35326.0
Graph progress:  35 % 51802.00001
Graph progress:  36 % 22550.0
Graph progress:  37 % 218936.0
Graph progress:  38 % 66005.0
Graph progress:  39 % 104938.0
Graph progress:  40 % 183494.0
Graph progress:  41 % 142784.0
Graph progress:  42 % 838.00002
Graph progress:  43 % 2949.00002
Graph progress:  44 % 18978.00002
Graph progress:  45 % 57146.0
Graph progress:  46 % 9043.0
Graph progress:  47 % 208463.0
Graph progress:  48 % 57225.0
Graph progress:  49 % 157744.0
Graph progress:  50 % 60308.0
Graph progress:  51 % 200345.0
Graph progress:  52 % 199871.0
Graph progress:  53 % 128871.0
Graph progress:  54 % 35261.0
Graph progress:  55 % 105436.0
Graph progress:  56 % 87739.0
Graph progress:  57 % 15571.00001
Graph progress:  58 % 41241.00001
Graph progress:  59 % 110354.0
Graph progress:  60 % 1883.00006
Graph progress:  61 % 203476.0
Graph progress:  62 % 67649.0
Graph progress:  63 % 53741.0
Graph progress:  64 % 111219.0
Graph progress:  65 % 114851.0
Graph progress:  66 % 23170.00001
Graph progress:  67 % 6762.00001
Graph progress:  68 % 176040.0
Graph progress:  69 % 16899.0
Graph progress:  70 % 13473.0
Graph progress:  71 % 28276.0
Graph progress:  72 % 126868.0
Graph progress:  73 % 213279.0
Graph progress:  74 % 40561.0
Graph progress:  75 % 26283.0
Graph progress:  76 % 236710.0
Graph progress:  77 % 36020.0
Graph progress:  78 % 11011.0
Graph progress:  79 % 127034.0
Graph progress:  80 % 162020.0
Graph progress:  81 % 202343.0
Graph progress:  82 % 122203.0
Graph progress:  83 % 236695.0
Graph progress:  84 % 236262.0
Graph progress:  85 % 154183.0
Graph progress:  86 % 253926.0
Graph progress:  87 % 23203.0
Graph progress:  88 % 117678.0
Graph progress:  89 % 37778.0
Graph progress:  90 % 139895.0
Graph progress:  91 % 2958.0
Graph progress:  92 % 224334.0
Graph progress:  93 % 159088.0
Graph progress:  94 % 154211.0
Graph progress:  95 % 228697.0
Graph progress:  96 % 11414.0
Graph progress:  97 % 104457.0
Graph progress:  98 % 61155.0
Graph progress:  99 % 2794.00003
Processed 294837 halos in snapshot 009_z006p000 of particle type 1
Reading in 'PartType4/ParticleIDs' for z = 6.0 using 8 thread(s) took 1.241521s
Reading in 'PartType4/ParticleIDs' for z = 7.0 using 8 thread(s) took 2.995341s
Reading in 'Subhalo/SubGroupNumber' for z = 7.0 using 8 thread(s) took 1.838061s
Reading in 'Subhalo/GroupNumber' for z = 7.0 using 8 thread(s) took 0.657482s
Reading in 'Subhalo/ApertureMeasurements/Mass/030kpc' for z = 7.0 using 8 thread(s) took 0.66424s
Reading in 'PartType4/Mass' for z = 7.0 using 8 thread(s) took 1.137065s
Reading in 'PartType4/ParticleIDs' for z = 5.0 using 8 thread(s) took 4.469718s
Reading in 'Subhalo/SubGroupNumber' for z = 5.0 using 8 thread(s) took 8.689661s
Reading in 'Subhalo/GroupNumber' for z = 5.0 using 8 thread(s) took 1.816977s
Reading in 'Subhalo/ApertureMeasurements/Mass/030kpc' for z = 5.0 using 8 thread(s) took 0.6845s
Reading in 'PartType4/Mass' for z = 5.0 using 8 thread(s) took 1.814109s
Reading in 'PartType4/ParticleIDs' for z = 6.0 using 8 thread(s) took 1.269893s
Reading in 'PartType4/GroupNumber' for z = 6.0 using 8 thread(s) took 0.920928s
Reading in 'PartType4/SubGroupNumber' for z = 6.0 using 8 thread(s) took 0.794144s
Reading in 'PartType4/GroupNumber' for z = 7.0 using 8 thread(s) took 0.683768s
Reading in 'PartType4/SubGroupNumber' for z = 7.0 using 8 thread(s) took 1.022982s
Reading in 'PartType4/ParticleIDs' for z = 7.0 using 8 thread(s) took 0.617632s
Reading in 'PartType4/GroupNumber' for z = 5.0 using 8 thread(s) took 0.683056s
Reading in 'PartType4/SubGroupNumber' for z = 5.0 using 8 thread(s) took 1.833121s
Reading in 'PartType4/ParticleIDs' for z = 5.0 using 8 thread(s) took 1.259761s
Graph progress:  0 % 20264.0
Graph progress:  1 % 12951.0
Graph progress:  2 % 404.00004
Graph progress:  3 % 39448.0
Graph progress:  4 % 7914.00001
Graph progress:  5 % 23224.0
Graph progress:  6 % 18030.0
Graph progress:  7 % 62.00001
Graph progress:  8 % 11466.0
Graph progress:  9 % 49486.0
Graph progress:  10 % 39994.0
Graph progress:  11 % 12669.00001
Graph progress:  12 % 19622.0
Graph progress:  13 % 21518.0
Graph progress:  14 % 1856.00006
Graph progress:  15 % 57163.0
Graph progress:  16 % 120.0002
Graph progress:  17 % 27677.0
Graph progress:  18 % 11998.0
Graph progress:  19 % 7298.0
Graph progress:  20 % 6605.0
Graph progress:  21 % 397.00006
Graph progress:  22 % 40435.0
Graph progress:  23 % 8991.0
Graph progress:  24 % 30961.0
Graph progress:  25 % 44871.0
Graph progress:  26 % 68804.0
Graph progress:  27 % 5602.00001
Graph progress:  28 % 28484.0
Graph progress:  29 % 48407.0
Graph progress:  30 % 3843.0
Graph progress:  31 % 29024.0
Graph progress:  32 % 897.00005
Graph progress:  33 % 470.00003
Graph progress:  34 % 31.00029
Graph progress:  35 % 134.0
Graph progress:  36 % 1667.00001
Graph progress:  37 % 52933.0
Graph progress:  38 % 28658.0
Graph progress:  39 % 3724.0
Graph progress:  40 % 82903.0
Graph progress:  41 % 13497.0
Graph progress:  42 % 3464.00001
Graph progress:  43 % 75060.0
Graph progress:  44 % 27179.0
Graph progress:  45 % 9559.0
Graph progress:  46 % 7990.00002
Graph progress:  47 % 2271.00001
Graph progress:  48 % 3993.0
Graph progress:  49 % 1811.00004
Graph progress:  50 % 21782.0
Graph progress:  51 % 47479.0
Graph progress:  52 % 64182.0
Graph progress:  53 % 30018.0
Graph progress:  54 % 5359.0
Graph progress:  55 % 71013.0
Graph progress:  56 % 632.00001
Graph progress:  57 % 11253.0
Graph progress:  58 % 53195.0
Graph progress:  59 % 35349.0
Graph progress:  60 % 11634.0
Graph progress:  61 % 31523.0
Graph progress:  62 % 19333.0
Graph progress:  63 % 109626.0
Graph progress:  64 % 9554.0
Graph progress:  65 % 10892.00001
Graph progress:  66 % 37994.0
Graph progress:  67 % 21817.0
Graph progress:  68 % 17549.0
Graph progress:  69 % 20427.0
Graph progress:  70 % 12087.0
Graph progress:  71 % 45216.0
Graph progress:  72 % 1439.00006
Graph progress:  73 % 1217.00003
Graph progress:  74 % 6217.0
Graph progress:  75 % 2097.0
Graph progress:  76 % 1211.00001
Graph progress:  77 % 24857.0
Graph progress:  78 % 68529.0
Graph progress:  79 % 10413.0
Graph progress:  80 % 8794.00001
Graph progress:  81 % 256.00015
Graph progress:  82 % 3340.00005
Graph progress:  83 % 29.00021
Graph progress:  84 % 955.00005
Graph progress:  85 % 47834.0
Graph progress:  86 % 33774.0
Graph progress:  87 % 52964.0
Graph progress:  88 % 24867.0
Graph progress:  89 % 7678.0
Graph progress:  90 % 9204.0
Graph progress:  91 % 18276.0
Graph progress:  92 % 22898.0
Graph progress:  93 % 69966.0
Graph progress:  94 % 126.0002
Graph progress:  95 % 10210.0
Graph progress:  96 % 1967.00005
Graph progress:  97 % 90.00009
Graph progress:  98 % 24797.0
Graph progress:  99 % 349.00005
Processed 52003 halos in snapshot 009_z006p000 of particle type 4
Reading in 'PartType5/ParticleIDs' for z = 6.0 using 8 thread(s) took 1.792082s
Reading in 'PartType5/ParticleIDs' for z = 7.0 using 8 thread(s) took 3.438048s
Reading in 'Subhalo/SubGroupNumber' for z = 7.0 using 8 thread(s) took 0.628326s
Reading in 'Subhalo/GroupNumber' for z = 7.0 using 8 thread(s) took 0.559518s
Reading in 'Subhalo/ApertureMeasurements/Mass/030kpc' for z = 7.0 using 8 thread(s) took 0.615653s
Reading in 'PartType5/Mass' for z = 7.0 using 8 thread(s) took 1.635359s
Reading in 'PartType5/ParticleIDs' for z = 5.0 using 8 thread(s) took 3.062446s
Reading in 'Subhalo/SubGroupNumber' for z = 5.0 using 8 thread(s) took 0.591267s
Reading in 'Subhalo/GroupNumber' for z = 5.0 using 8 thread(s) took 0.548071s
Reading in 'Subhalo/ApertureMeasurements/Mass/030kpc' for z = 5.0 using 8 thread(s) took 0.581743s
Reading in 'PartType5/Mass' for z = 5.0 using 8 thread(s) took 2.04394s
Reading in 'PartType5/ParticleIDs' for z = 6.0 using 8 thread(s) took 1.349294s
Reading in 'PartType5/GroupNumber' for z = 6.0 using 8 thread(s) took 0.804922s
Reading in 'PartType5/SubGroupNumber' for z = 6.0 using 8 thread(s) took 0.573098s
Reading in 'PartType5/GroupNumber' for z = 7.0 using 8 thread(s) took 0.824914s
Reading in 'PartType5/SubGroupNumber' for z = 7.0 using 8 thread(s) took 0.634297s
Reading in 'PartType5/ParticleIDs' for z = 7.0 using 8 thread(s) took 0.584301s
Reading in 'PartType5/GroupNumber' for z = 5.0 using 8 thread(s) took 1.10257s
Reading in 'PartType5/SubGroupNumber' for z = 5.0 using 8 thread(s) took 0.922614s
Reading in 'PartType5/ParticleIDs' for z = 5.0 using 8 thread(s) took 1.203295s
Graph progress:  0 % 15.00013
Graph progress:  1 % 595.0
Graph progress:  2 % 65.00001
Graph progress:  3 % 1063.0
Graph progress:  4 % 2984.0
Graph progress:  5 % 19.00001
Graph progress:  6 % 617.00002
Graph progress:  7 % 226.0
Graph progress:  8 % 3624.00001
Graph progress:  9 % 1692.0
Graph progress:  10 % 3671.0
Graph progress:  11 % 2140.0
Graph progress:  12 % 1960.0
Graph progress:  13 % 1733.0
Graph progress:  14 % 3381.00001
Graph progress:  15 % 7824.00001
Graph progress:  16 % 4280.0
Graph progress:  17 % 2165.0
Graph progress:  18 % 1296.0
Graph progress:  19 % 2977.00001
Graph progress:  20 % 1869.0
Graph progress:  21 % 5775.00001
Graph progress:  22 % 2261.00004
Graph progress:  23 % 1580.0
Graph progress:  24 % 1188.0
Graph progress:  25 % 379.00003
Graph progress:  26 % 3274.0
Graph progress:  27 % 5.00091
Graph progress:  28 % 6.00002
Graph progress:  29 % 4500.0
Graph progress:  30 % 2686.0
Graph progress:  31 % 1356.0
Graph progress:  32 % 12114.0
Graph progress:  33 % 81361.0
Graph progress:  34 % 997.0
Graph progress:  35 % 278.00018
Graph progress:  36 % 487.00008
Graph progress:  37 % 985.00001
Graph progress:  38 % 117.0
Graph progress:  39 % 880.00006
Graph progress:  40 % 923.00006
Graph progress:  41 % 2.00001
Graph progress:  42 % 2595.0
Graph progress:  43 % 158.0
Graph progress:  44 % 473.00003
Graph progress:  45 % 3905.00001
Graph progress:  46 % 1766.00004
Graph progress:  47 % 2536.00001
Graph progress:  48 % 81290.0
Graph progress:  49 % 1710.00003
Graph progress:  50 % 287.00001
Graph progress:  51 % 551.00005
Graph progress:  52 % 175.00001
Graph progress:  53 % 606.00006
Graph progress:  54 % 830.0
Graph progress:  55 % 2777.0
Graph progress:  56 % 202.00001
Graph progress:  57 % 2732.00002
Graph progress:  58 % 1750.0
Graph progress:  59 % 110.0
Graph progress:  60 % 2656.00002
Graph progress:  61 % 5665.0
Graph progress:  62 % 3179.00001
Graph progress:  63 % 238.00004
Graph progress:  64 % 8594.0
Graph progress:  65 % 4083.0
Graph progress:  66 % 2405.00001
Graph progress:  67 % 772.00002
Graph progress:  68 % 621.00008
Graph progress:  69 % 1461.0
Graph progress:  70 % 21759.0
Graph progress:  71 % 1505.00002
Graph progress:  72 % 3541.00001
Graph progress:  73 % 2690.0
Graph progress:  74 % 3838.0
Graph progress:  75 % 4450.00001
Graph progress:  76 % 1451.00005
Graph progress:  77 % 219.0
Graph progress:  78 % 4476.00002
Graph progress:  79 % 847.00001
Graph progress:  80 % 814.00004
Graph progress:  81 % 701.00004
Graph progress:  82 % 1459.0
Graph progress:  83 % 4218.0
Graph progress:  84 % 3385.0
Graph progress:  85 % 444.00003
Graph progress:  86 % 534.0
Graph progress:  87 % 4019.0
Graph progress:  88 % 1377.0
Graph progress:  89 % 251.00013
Graph progress:  90 % 2221.0
Graph progress:  91 % 45.0
Graph progress:  92 % 3449.00005
Graph progress:  93 % 2921.00002
Graph progress:  94 % 22977.0
Graph progress:  95 % 2671.00004
Graph progress:  96 % 3229.0
Graph progress:  97 % 40.00012
Graph progress:  98 % 2248.0
Graph progress:  99 % 457.0
Processed 5550 halos in snapshot 009_z006p000 of particle type 5
Reading in 'PartType0/ParticleIDs' for z = 6.0 using 8 thread(s) took 10.347775s
Reading in 'PartType0/ParticleIDs' for z = 7.0 using 8 thread(s) took 13.309129s
Reading in 'Subhalo/SubGroupNumber' for z = 7.0 using 8 thread(s) took 0.679942s
Reading in 'Subhalo/GroupNumber' for z = 7.0 using 8 thread(s) took 0.625268s
Reading in 'Subhalo/ApertureMeasurements/Mass/030kpc' for z = 7.0 using 8 thread(s) took 0.628058s
Reading in 'PartType0/Mass' for z = 7.0 using 8 thread(s) took 1.221708s
Reading in 'PartType0/ParticleIDs' for z = 5.0 using 8 thread(s) took 14.566135s
Reading in 'Subhalo/SubGroupNumber' for z = 5.0 using 8 thread(s) took 0.646926s
Reading in 'Subhalo/GroupNumber' for z = 5.0 using 8 thread(s) took 0.644392s
Reading in 'Subhalo/ApertureMeasurements/Mass/030kpc' for z = 5.0 using 8 thread(s) took 0.638679s
Reading in 'PartType0/Mass' for z = 5.0 using 8 thread(s) took 1.671123s
Reading in 'PartType0/ParticleIDs' for z = 6.0 using 8 thread(s) took 4.329053s
Reading in 'PartType0/GroupNumber' for z = 6.0 using 8 thread(s) took 2.23005s
Reading in 'PartType0/SubGroupNumber' for z = 6.0 using 8 thread(s) took 1.72273s
Reading in 'PartType0/GroupNumber' for z = 7.0 using 8 thread(s) took 1.936482s
Reading in 'PartType0/SubGroupNumber' for z = 7.0 using 8 thread(s) took 1.393745s
Reading in 'PartType0/ParticleIDs' for z = 7.0 using 8 thread(s) took 3.639496s
Reading in 'PartType0/GroupNumber' for z = 5.0 using 8 thread(s) took 1.565528s
Reading in 'PartType0/SubGroupNumber' for z = 5.0 using 8 thread(s) took 1.667014s
Reading in 'PartType0/ParticleIDs' for z = 5.0 using 8 thread(s) took 4.049601s
Graph progress:  0 % 151380.0
Graph progress:  1 % 116356.0
Graph progress:  2 % 244723.0
Graph progress:  3 % 227197.0
Graph progress:  4 % 160030.0
Graph progress:  5 % 100664.0
Graph progress:  6 % 70322.00001
Graph progress:  7 % 10040.00001
Graph progress:  8 % 96457.0
Graph progress:  9 % 111334.0
Graph progress:  10 % 8414.0
Graph progress:  11 % 208543.0
Graph progress:  12 % 112160.0
Graph progress:  13 % 66934.0
Graph progress:  14 % 134294.0
Graph progress:  15 % 138879.0
Graph progress:  16 % 46316.0
Graph progress:  17 % 83397.0
Graph progress:  18 % 106004.0
Graph progress:  19 % 24622.0
Graph progress:  20 % 233884.0
Graph progress:  21 % 14437.00001
Graph progress:  22 % 177792.0
Graph progress:  23 % 4123.00002
Graph progress:  24 % 19662.0
Graph progress:  25 % 80561.0
Graph progress:  26 % 2882.0
Graph progress:  27 % 191540.0
Graph progress:  28 % 18792.0
Graph progress:  29 % 145591.0
Graph progress:  30 % 184334.0
Graph progress:  31 % 63960.0
Graph progress:  32 % 62340.0
Graph progress:  33 % 89049.0
Graph progress:  34 % 112872.0
Graph progress:  35 % 235740.0
Graph progress:  36 % 4842.00002
Graph progress:  37 % 31871.0
Graph progress:  38 % 143318.0
Graph progress:  39 % 234993.0
Graph progress:  40 % 68729.0
Graph progress:  41 % 70637.0
Graph progress:  42 % 134346.0
Graph progress:  43 % 12798.00002
Graph progress:  44 % 154498.0
Graph progress:  45 % 220870.0
Graph progress:  46 % 159446.0
Graph progress:  47 % 137559.0
Graph progress:  48 % 5266.00002
Graph progress:  49 % 148782.0
Graph progress:  50 % 235605.0
Graph progress:  51 % 229167.0
Graph progress:  52 % 193194.0
Graph progress:  53 % 92704.0
Graph progress:  54 % 60660.0
Graph progress:  55 % 3232.00001
Graph progress:  56 % 71837.0
Graph progress:  57 % 19217.0
Graph progress:  58 % 73411.0
Graph progress:  59 % 22790.00001
Graph progress:  60 % 180384.0
Graph progress:  61 % 59486.0
Graph progress:  62 % 66147.0
Graph progress:  63 % 110010.0
Graph progress:  64 % 71322.0
Graph progress:  65 % 46746.0
Graph progress:  66 % 67338.0
Graph progress:  67 % 31570.0
Graph progress:  68 % 238484.0
Graph progress:  69 % 1663.0
Graph progress:  70 % 220954.0
Graph progress:  71 % 5421.00002
Graph progress:  72 % 2398.00003
Graph progress:  73 % 117598.0
Graph progress:  74 % 147974.0
Graph progress:  75 % 123143.0
Graph progress:  76 % 59841.00001
Graph progress:  77 % 199735.0
Graph progress:  78 % 212625.0
Graph progress:  79 % 204217.0
Graph progress:  80 % 168014.0
Graph progress:  81 % 2627.00003
Graph progress:  82 % 246332.0
Graph progress:  83 % 173808.0
Graph progress:  84 % 223445.0
Graph progress:  85 % 156935.0
Graph progress:  86 % 64986.0
Graph progress:  87 % 85466.0
Graph progress:  88 % 168791.0
Graph progress:  89 % 4888.00001
Graph progress:  90 % 184063.0
Graph progress:  91 % 69712.0
Graph progress:  92 % 166294.0
Graph progress:  93 % 142130.0
Graph progress:  94 % 202417.0
Graph progress:  95 % 228546.0
Graph progress:  96 % 35450.0
Graph progress:  97 % 176261.0
Graph progress:  98 % 10.00025
Graph progress:  99 % 260.00011
Processed 273947 halos in snapshot 009_z006p000 of particle type 0
Write progress:  0 % 151380.0
Write progress:  1 % 104866.0
Write progress:  2 % 189980.0
Write progress:  3 % 245578.0
Write progress:  4 % 215239.0
Write progress:  5 % 3020.0
Write progress:  6 % 111040.0
Write progress:  7 % 17490.0
Write progress:  8 % 241227.0
Write progress:  9 % 117325.0
Write progress:  10 % 29573.0
Write progress:  11 % 42857.0
Write progress:  12 % 148495.0
Write progress:  13 % 212395.0
Write progress:  14 % 157677.0
Write progress:  15 % 196410.0
Write progress:  16 % 233426.0
Write progress:  17 % 33393.0
Write progress:  18 % 76578.0
Write progress:  19 % 245957.0
Write progress:  20 % 112.00025
Write progress:  21 % 141560.0
Write progress:  22 % 20159.0
Write progress:  23 % 147741.0
Write progress:  24 % 5446.00002
Write progress:  25 % 52516.0
Write progress:  26 % 255299.0
Write progress:  27 % 38425.0
Write progress:  28 % 83869.0
Write progress:  29 % 13958.00002
Write progress:  30 % 11561.00001
Write progress:  31 % 174556.0
Write progress:  32 % 13.00004
Write progress:  33 % 4099.00003
Write progress:  34 % 35326.0
Write progress:  35 % 51802.00001
Write progress:  36 % 22550.0
Write progress:  37 % 218936.0
Write progress:  38 % 66005.0
Write progress:  39 % 104938.0
Write progress:  40 % 183494.0
Write progress:  41 % 142784.0
Write progress:  42 % 838.00002
Write progress:  43 % 2949.00002
Write progress:  44 % 18978.00002
Write progress:  45 % 57146.0
Write progress:  46 % 9043.0
Write progress:  47 % 208463.0
Write progress:  48 % 57225.0
Write progress:  49 % 157744.0
Write progress:  50 % 60308.0
Write progress:  51 % 200345.0
Write progress:  52 % 199871.0
Write progress:  53 % 128871.0
Write progress:  54 % 35261.0
Write progress:  55 % 105436.0
Write progress:  56 % 87739.0
Write progress:  57 % 15571.00001
Write progress:  58 % 41241.00001
Write progress:  59 % 110354.0
Write progress:  60 % 1883.00006
Write progress:  61 % 203476.0
Write progress:  62 % 67649.0
Write progress:  63 % 53741.0
Write progress:  64 % 111219.0
Write progress:  65 % 114851.0
Write progress:  66 % 23170.00001
Write progress:  67 % 6762.00001
Write progress:  68 % 176040.0
Write progress:  69 % 16899.0
Write progress:  70 % 13473.0
Write progress:  71 % 28276.0
Write progress:  72 % 126868.0
Write progress:  73 % 213279.0
Write progress:  74 % 40561.0
Write progress:  75 % 26283.0
Write progress:  76 % 236710.0
Write progress:  77 % 36020.0
Write progress:  78 % 11011.0
Write progress:  79 % 127034.0
Write progress:  80 % 162020.0
Write progress:  81 % 202343.0
Write progress:  82 % 122203.0
Write progress:  83 % 236695.0
Write progress:  84 % 236262.0
Write progress:  85 % 154183.0
Write progress:  86 % 253926.0
Write progress:  87 % 23203.0
Write progress:  88 % 117678.0
Write progress:  89 % 37778.0
Write progress:  90 % 139895.0
Write progress:  91 % 2958.0
Write progress:  92 % 224334.0
Write progress:  93 % 159088.0
Write progress:  94 % 154211.0
Write progress:  95 % 228697.0
Write progress:  96 % 11414.0
Write progress:  97 % 104457.0
Write progress:  98 % 61155.0
Write progress:  99 % 2794.00003
Job done, info follows...
       JobID    JobName  Partition     MaxRSS    Elapsed ExitCode 
------------ ---------- ---------- ---------- ---------- -------- 
2042958_262  MEGA-FLAR+     cosma6              01:01:32      0:0 
2042958_262+     extern                         01:01:32      0:0 
