====
Starting job 2043469 at Fri 24 Apr 01:54:57 BST 2020 for user dc-rope1.
Running on nodes: m6460
====
361
('09', '000_z015p000', '001_z014p000', '002_z013p000')
Reading in 'PartType1/ParticleIDs' for z = 14.0 using 8 thread(s) took 10.769714s
Reading in 'PartType1/ParticleIDs' for z = 14.0 using 8 thread(s) took 1.198127s
Reading in 'PartType1/GroupNumber' for z = 14.0 using 8 thread(s) took 0.10868s
Reading in 'PartType1/SubGroupNumber' for z = 14.0 using 8 thread(s) took 0.09222s
Reading in 'PartType1/GroupNumber' for z = 15.0 using 8 thread(s) took 0.214615s
Reading in 'PartType1/SubGroupNumber' for z = 15.0 using 8 thread(s) took 0.145513s
Reading in 'PartType1/ParticleIDs' for z = 15.0 using 8 thread(s) took 0.117326s
Reading in 'PartType1/GroupNumber' for z = 13.0 using 8 thread(s) took 1.133336s
Reading in 'PartType1/SubGroupNumber' for z = 13.0 using 8 thread(s) took 0.20235s
Reading in 'PartType1/ParticleIDs' for z = 13.0 using 8 thread(s) took 0.205034s
Graph progress:  0 % 6023.0
Graph progress:  1 % 5188.0
Graph progress:  2 % 6798.0
Graph progress:  3 % 7804.0
Graph progress:  4 % 7516.0
Graph progress:  5 % 11725.0
Graph progress:  6 % 4174.0
Graph progress:  7 % 294.0
Graph progress:  8 % 6030.0
Graph progress:  9 % 7956.0
Graph progress:  10 % 2044.0
Graph progress:  11 % 9209.0
Graph progress:  12 % 8811.0
Graph progress:  13 % 9015.0
Graph progress:  14 % 2494.0
Graph progress:  15 % 3277.0
Graph progress:  16 % 2146.0
Graph progress:  17 % 3275.0
Graph progress:  18 % 6811.0
Graph progress:  19 % 1662.00001
Graph progress:  20 % 2828.0
Graph progress:  21 % 6959.0
Graph progress:  22 % 3269.0
Graph progress:  23 % 8475.0
Graph progress:  24 % 3183.0
Graph progress:  25 % 95.0
Graph progress:  26 % 2284.0
Graph progress:  27 % 126.0
Graph progress:  28 % 8444.0
Graph progress:  29 % 1275.0
Graph progress:  30 % 917.0
Graph progress:  31 % 5402.0
Graph progress:  32 % 12572.0
Graph progress:  33 % 3878.0
Graph progress:  34 % 11366.0
Graph progress:  35 % 3149.0
Graph progress:  36 % 16.0
Graph progress:  37 % 11597.0
Graph progress:  38 % 3500.0
Graph progress:  39 % 7589.0
Graph progress:  40 % 12097.0
Graph progress:  41 % 481.0
Graph progress:  42 % 11130.0
Graph progress:  43 % 1088.0
Graph progress:  44 % 288.00002
Graph progress:  45 % 10614.0
Graph progress:  46 % 7621.0
Graph progress:  47 % 12167.0
Graph progress:  48 % 1685.00001
Graph progress:  49 % 4983.0
Graph progress:  50 % 10656.0
Graph progress:  51 % 8110.0
Graph progress:  52 % 9435.0
Graph progress:  53 % 10276.0
Graph progress:  54 % 87.00002
Graph progress:  55 % 12268.0
Graph progress:  56 % 348.00001
Graph progress:  57 % 4104.0
Graph progress:  58 % 2715.0
Graph progress:  59 % 8697.0
Graph progress:  60 % 174.0
Graph progress:  61 % 100.00001
Graph progress:  62 % 617.00001
Graph progress:  63 % 8911.0
Graph progress:  64 % 6260.0
Graph progress:  65 % 2359.00001
Graph progress:  66 % 403.00001
Graph progress:  67 % 11048.0
Graph progress:  68 % 7886.0
Graph progress:  69 % 4111.0
Graph progress:  70 % 5316.0
Graph progress:  71 % 10566.0
Graph progress:  72 % 6387.0
Graph progress:  73 % 2754.0
Graph progress:  74 % 2137.00001
Graph progress:  75 % 8209.0
Graph progress:  76 % 797.0
Graph progress:  77 % 2634.0
Graph progress:  78 % 3411.0
Graph progress:  79 % 5919.0
Graph progress:  80 % 2571.0
Graph progress:  81 % 3584.00001
Graph progress:  82 % 438.0
Graph progress:  83 % 8731.0
Graph progress:  84 % 12042.0
Graph progress:  85 % 3651.0
Graph progress:  86 % 12052.0
Graph progress:  87 % 4847.0
Graph progress:  88 % 10555.0
Graph progress:  89 % 310.00001
Graph progress:  90 % 10516.0
Graph progress:  91 % 12284.0
Graph progress:  92 % 3743.0
Graph progress:  93 % 9618.0
Graph progress:  94 % 4329.0
Graph progress:  95 % 3576.0
Graph progress:  96 % 11772.0
Graph progress:  97 % 8888.0
Graph progress:  98 % 1724.0
Graph progress:  99 % 5346.0
Processed 14442 halos in snapshot 001_z014p000 of particle type 1
Reading in 'PartType4/ParticleIDs' for z = 14.0 using 8 thread(s) took 0.159155s
Reading in 'PartType4/ParticleIDs' for z = 15.0 using 8 thread(s) took 0.40878s
Reading in 'Subhalo/SubGroupNumber' for z = 15.0 using 8 thread(s) took 3.653205s
Reading in 'Subhalo/GroupNumber' for z = 15.0 using 8 thread(s) took 0.172139s
Reading in 'Subhalo/ApertureMeasurements/Mass/030kpc' for z = 15.0 using 8 thread(s) took 0.144646s
Reading in 'PartType4/Mass' for z = 15.0 using 8 thread(s) took 0.104363s
Reading in 'PartType4/ParticleIDs' for z = 13.0 using 8 thread(s) took 2.89737s
Reading in 'Subhalo/SubGroupNumber' for z = 13.0 using 8 thread(s) took 2.422111s
Reading in 'Subhalo/GroupNumber' for z = 13.0 using 8 thread(s) took 0.151024s
Reading in 'Subhalo/ApertureMeasurements/Mass/030kpc' for z = 13.0 using 8 thread(s) took 0.137258s
Reading in 'PartType4/Mass' for z = 13.0 using 8 thread(s) took 0.102276s
Reading in 'PartType4/ParticleIDs' for z = 14.0 using 8 thread(s) took 0.099618s
Reading in 'PartType4/GroupNumber' for z = 14.0 using 8 thread(s) took 0.099228s
Reading in 'PartType4/SubGroupNumber' for z = 14.0 using 8 thread(s) took 0.098099s
Reading in 'PartType4/GroupNumber' for z = 15.0 using 8 thread(s) took 0.097139s
Reading in 'PartType4/SubGroupNumber' for z = 15.0 using 8 thread(s) took 0.095978s
Reading in 'PartType4/ParticleIDs' for z = 15.0 using 8 thread(s) took 0.102243s
Reading in 'PartType4/GroupNumber' for z = 13.0 using 8 thread(s) took 0.101839s
Reading in 'PartType4/SubGroupNumber' for z = 13.0 using 8 thread(s) took 0.133304s
Reading in 'PartType4/ParticleIDs' for z = 13.0 using 8 thread(s) took 0.094985s
Graph progress:  0 % 1594.0
Graph progress:  1 % 32.0
Graph progress:  2 % 334.0
Graph progress:  3 % 679.0
Graph progress:  4 % 1438.00001
Graph progress:  5 % 1601.0
Graph progress:  6 % 2198.0
Graph progress:  7 % 988.0
Graph progress:  8 % 627.0
Graph progress:  9 % 93.0
Graph progress:  10 % 58.0
Graph progress:  11 % 384.0
Graph progress:  12 % 652.0
Graph progress:  13 % 645.0
Graph progress:  14 % 1222.0
Graph progress:  15 % 2167.0
Graph progress:  16 % 504.0
Graph progress:  17 % 868.0
Graph progress:  18 % 83.0
Graph progress:  19 % 70.0
Graph progress:  20 % 230.0
Graph progress:  21 % 3217.0
Graph progress:  22 % 2.0
Graph progress:  23 % 137.0
Graph progress:  24 % 684.0
Graph progress:  25 % 2826.0
Graph progress:  26 % 903.0
Graph progress:  27 % 190.0
Graph progress:  28 % 738.0
Graph progress:  29 % 57.00002
Graph progress:  30 % 551.0
Graph progress:  31 % 3987.0
Graph progress:  32 % 280.0
Graph progress:  33 % 1460.0
Graph progress:  34 % 648.0
Graph progress:  35 % 196.0
Graph progress:  36 % 2413.0
Graph progress:  37 % 296.0
Graph progress:  38 % 358.0
Graph progress:  39 % 13.00003
Graph progress:  40 % 169.00001
Graph progress:  41 % 331.0
Graph progress:  42 % 192.0
Graph progress:  43 % 1909.0
Graph progress:  44 % 191.0
Graph progress:  45 % 33.0
Graph progress:  46 % 166.00001
Graph progress:  47 % 160.0
Graph progress:  48 % 208.0
Graph progress:  49 % 499.0
Graph progress:  50 % 6.00001
Graph progress:  51 % 41.0
Graph progress:  52 % 155.0
Graph progress:  53 % 1440.0
Graph progress:  54 % 305.0
Graph progress:  55 % 642.0
Graph progress:  56 % 60.0
Graph progress:  57 % 80.0
Graph progress:  58 % 1782.0
Graph progress:  59 % 25.0
Graph progress:  60 % 442.0
Graph progress:  61 % 78.0
Graph progress:  62 % 52.0
Graph progress:  63 % 185.0
Graph progress:  64 % 1053.0
Graph progress:  65 % 1432.0
Graph progress:  66 % 953.0
Graph progress:  67 % 368.0
Graph progress:  68 % 402.0
Graph progress:  69 % 277.0
Graph progress:  70 % 147.0
Graph progress:  71 % 610.0
Graph progress:  72 % 1528.0
Graph progress:  73 % 964.0
Graph progress:  74 % 994.0
Graph progress:  75 % 289.0
Graph progress:  76 % 586.0
Graph progress:  77 % 1284.0
Graph progress:  78 % 1687.0
Graph progress:  79 % 3402.0
Graph progress:  80 % 940.0
Graph progress:  81 % 1775.0
Graph progress:  82 % 923.0
Graph progress:  83 % 1240.0
Graph progress:  84 % 1382.0
Graph progress:  85 % 258.0
Graph progress:  86 % 1081.0
Graph progress:  87 % 249.0
Graph progress:  88 % 638.0
Graph progress:  89 % 23.00001
Graph progress:  90 % 1709.0
Graph progress:  91 % 3.00003
Graph progress:  92 % 843.0
Graph progress:  93 % 1186.0
Graph progress:  94 % 1183.0
Graph progress:  95 % 2587.0
Graph progress:  96 % 2230.0
Graph progress:  97 % 3804.0
Graph progress:  98 % 1402.0
Graph progress:  99 % 157.0
Processed 779 halos in snapshot 001_z014p000 of particle type 4
Reading in 'PartType5/ParticleIDs' for z = 14.0 using 8 thread(s) took 0.088676s
Reading in 'PartType5/ParticleIDs' for z = 15.0 using 8 thread(s) took 0.08483s
Reading in 'Subhalo/SubGroupNumber' for z = 15.0 using 8 thread(s) took 0.12624s
Reading in 'Subhalo/GroupNumber' for z = 15.0 using 8 thread(s) took 0.140518s
Reading in 'Subhalo/ApertureMeasurements/Mass/030kpc' for z = 15.0 using 8 thread(s) took 0.148473s
Reading in 'PartType5/Mass' for z = 15.0 using 8 thread(s) took 0.094124s
Reading in 'PartType5/ParticleIDs' for z = 13.0 using 8 thread(s) took 0.263732s
Reading in 'Subhalo/SubGroupNumber' for z = 13.0 using 8 thread(s) took 0.157481s
Reading in 'Subhalo/GroupNumber' for z = 13.0 using 8 thread(s) took 0.130264s
Reading in 'Subhalo/ApertureMeasurements/Mass/030kpc' for z = 13.0 using 8 thread(s) took 0.130818s
Reading in 'PartType5/Mass' for z = 13.0 using 8 thread(s) took 0.091487s
Reading in 'PartType5/ParticleIDs' for z = 14.0 using 8 thread(s) took 0.09015s
Reading in 'PartType5/GroupNumber' for z = 14.0 using 8 thread(s) took 0.083283s
Reading in 'PartType5/SubGroupNumber' for z = 14.0 using 8 thread(s) took 0.087429s
Reading in 'PartType5/GroupNumber' for z = 15.0 using 8 thread(s) took 0.086253s
Reading in 'PartType5/SubGroupNumber' for z = 15.0 using 8 thread(s) took 0.084798s
Reading in 'PartType5/ParticleIDs' for z = 15.0 using 8 thread(s) took 0.081193s
Reading in 'PartType5/GroupNumber' for z = 13.0 using 8 thread(s) took 0.089056s
Reading in 'PartType5/SubGroupNumber' for z = 13.0 using 8 thread(s) took 0.082098s
Reading in 'PartType5/ParticleIDs' for z = 13.0 using 8 thread(s) took 0.082329s
Graph progress:  0 % 4.0
Graph progress:  20 % 2.0
Graph progress:  40 % 7.0
Graph progress:  60 % 1.0
Graph progress:  80 % 3.0
Processed 5 halos in snapshot 001_z014p000 of particle type 5
Reading in 'PartType0/ParticleIDs' for z = 14.0 using 8 thread(s) took 8.722702s
Reading in 'PartType0/ParticleIDs' for z = 15.0 using 8 thread(s) took 8.898823s
Reading in 'Subhalo/SubGroupNumber' for z = 15.0 using 8 thread(s) took 0.211571s
Reading in 'Subhalo/GroupNumber' for z = 15.0 using 8 thread(s) took 0.210927s
Reading in 'Subhalo/ApertureMeasurements/Mass/030kpc' for z = 15.0 using 8 thread(s) took 0.206948s
Reading in 'PartType0/Mass' for z = 15.0 using 8 thread(s) took 0.178851s
Reading in 'PartType0/ParticleIDs' for z = 13.0 using 8 thread(s) took 11.689945s
Reading in 'Subhalo/SubGroupNumber' for z = 13.0 using 8 thread(s) took 0.234821s
Reading in 'Subhalo/GroupNumber' for z = 13.0 using 8 thread(s) took 0.211391s
Reading in 'Subhalo/ApertureMeasurements/Mass/030kpc' for z = 13.0 using 8 thread(s) took 0.220635s
Reading in 'PartType0/Mass' for z = 13.0 using 8 thread(s) took 0.213373s
Reading in 'PartType0/ParticleIDs' for z = 14.0 using 8 thread(s) took 0.206248s
Reading in 'PartType0/GroupNumber' for z = 14.0 using 8 thread(s) took 0.206385s
Reading in 'PartType0/SubGroupNumber' for z = 14.0 using 8 thread(s) took 0.211862s
Reading in 'PartType0/GroupNumber' for z = 15.0 using 8 thread(s) took 0.224545s
Reading in 'PartType0/SubGroupNumber' for z = 15.0 using 8 thread(s) took 0.242797s
Reading in 'PartType0/ParticleIDs' for z = 15.0 using 8 thread(s) took 0.243589s
Reading in 'PartType0/GroupNumber' for z = 13.0 using 8 thread(s) took 0.259234s
Reading in 'PartType0/SubGroupNumber' for z = 13.0 using 8 thread(s) took 0.298871s
Reading in 'PartType0/ParticleIDs' for z = 13.0 using 8 thread(s) took 0.301001s
Graph progress:  0 % 6023.0
Graph progress:  1 % 1237.00001
Graph progress:  2 % 10216.0
Graph progress:  3 % 12127.0
Graph progress:  4 % 7211.0
Graph progress:  5 % 11206.0
Graph progress:  6 % 12618.0
Graph progress:  7 % 9928.0
Graph progress:  8 % 8999.0
Graph progress:  9 % 10472.0
Graph progress:  10 % 8130.0
Graph progress:  11 % 9793.0
Graph progress:  12 % 3560.0
Graph progress:  13 % 3085.0
Graph progress:  14 % 12182.0
Graph progress:  15 % 11954.0
Graph progress:  16 % 7946.0
Graph progress:  17 % 7793.0
Graph progress:  18 % 426.00001
Graph progress:  19 % 5074.0
Graph progress:  20 % 8138.0
Graph progress:  21 % 12192.0
Graph progress:  22 % 12207.0
Graph progress:  23 % 9936.0
Graph progress:  24 % 76.00003
Graph progress:  25 % 7779.0
Graph progress:  26 % 10867.0
Graph progress:  27 % 1642.0
Graph progress:  28 % 1115.0
Graph progress:  29 % 1113.0
Graph progress:  30 % 3766.0
Graph progress:  31 % 5413.0
Graph progress:  32 % 10630.0
Graph progress:  33 % 3878.0
Graph progress:  34 % 6533.0
Graph progress:  35 % 8238.0
Graph progress:  36 % 8101.0
Graph progress:  37 % 4741.0
Graph progress:  38 % 4171.0
Graph progress:  39 % 4748.0
Graph progress:  40 % 10596.0
Graph progress:  41 % 12889.0
Graph progress:  42 % 12367.0
Graph progress:  43 % 8000.0
Graph progress:  44 % 499.0
Graph progress:  45 % 762.0
Graph progress:  46 % 10854.0
Graph progress:  47 % 1613.0
Graph progress:  48 % 6194.0
Graph progress:  49 % 3504.0
Graph progress:  50 % 1309.00001
Graph progress:  51 % 11369.0
Graph progress:  52 % 7014.0
Graph progress:  53 % 10271.0
Graph progress:  54 % 10045.0
Graph progress:  55 % 7894.0
Graph progress:  56 % 12478.0
Graph progress:  57 % 7247.0
Graph progress:  58 % 3190.0
Graph progress:  59 % 10761.0
Graph progress:  60 % 9847.0
Graph progress:  61 % 12012.0
Graph progress:  62 % 9257.0
Graph progress:  63 % 722.0
Graph progress:  64 % 4103.0
Graph progress:  65 % 11294.0
Graph progress:  66 % 104.00003
Graph progress:  67 % 12378.0
Graph progress:  68 % 484.00001
Graph progress:  69 % 5580.0
Graph progress:  70 % 108.00004
Graph progress:  71 % 1827.0
Graph progress:  72 % 4962.0
Graph progress:  73 % 2754.0
Graph progress:  74 % 3007.0
Graph progress:  75 % 9076.0
Graph progress:  76 % 10287.0
Graph progress:  77 % 9193.0
Graph progress:  78 % 11832.0
Graph progress:  79 % 6736.0
Graph progress:  80 % 2403.0
Graph progress:  81 % 6732.0
Graph progress:  82 % 9066.0
Graph progress:  83 % 4393.0
Graph progress:  84 % 8723.0
Graph progress:  85 % 6025.0
Graph progress:  86 % 8738.0
Graph progress:  87 % 5603.0
Graph progress:  88 % 9866.0
Graph progress:  89 % 5289.0
Graph progress:  90 % 12035.0
Graph progress:  91 % 10526.0
Graph progress:  92 % 4927.0
Graph progress:  93 % 5759.0
Graph progress:  94 % 6145.0
Graph progress:  95 % 7148.0
Graph progress:  96 % 5195.0
Graph progress:  97 % 10562.0
Graph progress:  98 % 4522.00001
Graph progress:  99 % 20.00004
Processed 14456 halos in snapshot 001_z014p000 of particle type 0
Write progress:  0 % 6023.0
Write progress:  1 % 5188.0
Write progress:  2 % 6798.0
Write progress:  3 % 7804.0
Write progress:  4 % 7516.0
Write progress:  5 % 11725.0
Write progress:  6 % 4174.0
Write progress:  7 % 294.0
Write progress:  8 % 6030.0
Write progress:  9 % 7956.0
Write progress:  10 % 2044.0
Write progress:  11 % 9209.0
Write progress:  12 % 8811.0
Write progress:  13 % 9015.0
Write progress:  14 % 2494.0
Write progress:  15 % 3277.0
Write progress:  16 % 2146.0
Write progress:  17 % 3275.0
Write progress:  18 % 6811.0
Write progress:  19 % 1662.00001
Write progress:  20 % 2828.0
Write progress:  21 % 6959.0
Write progress:  22 % 3269.0
Write progress:  23 % 8475.0
Write progress:  24 % 3183.0
Write progress:  25 % 95.0
Write progress:  26 % 2284.0
Write progress:  27 % 126.0
Write progress:  28 % 8444.0
Write progress:  29 % 1275.0
Write progress:  30 % 917.0
Write progress:  31 % 5402.0
Write progress:  32 % 12572.0
Write progress:  33 % 3878.0
Write progress:  34 % 11366.0
Write progress:  35 % 3149.0
Write progress:  36 % 16.0
Write progress:  37 % 11597.0
Write progress:  38 % 3500.0
Write progress:  39 % 7589.0
Write progress:  40 % 12097.0
Write progress:  41 % 481.0
Write progress:  42 % 11130.0
Write progress:  43 % 1088.0
Write progress:  44 % 288.00002
Write progress:  45 % 10614.0
Write progress:  46 % 7621.0
Write progress:  47 % 12167.0
Write progress:  48 % 1685.00001
Write progress:  49 % 4983.0
Write progress:  50 % 10656.0
Write progress:  51 % 8110.0
Write progress:  52 % 9435.0
Write progress:  53 % 10276.0
Write progress:  54 % 87.00002
Write progress:  55 % 12268.0
Write progress:  56 % 348.00001
Write progress:  57 % 4104.0
Write progress:  58 % 2715.0
Write progress:  59 % 8697.0
Write progress:  60 % 174.0
Write progress:  61 % 100.00001
Write progress:  62 % 617.00001
Write progress:  63 % 8911.0
Write progress:  64 % 6260.0
Write progress:  65 % 2359.00001
Write progress:  66 % 403.00001
Write progress:  67 % 11048.0
Write progress:  68 % 7886.0
Write progress:  69 % 4111.0
Write progress:  70 % 5316.0
Write progress:  71 % 10566.0
Write progress:  72 % 6387.0
Write progress:  73 % 2754.0
Write progress:  74 % 2137.00001
Write progress:  75 % 8209.0
Write progress:  76 % 797.0
Write progress:  77 % 2634.0
Write progress:  78 % 3411.0
Write progress:  79 % 5919.0
Write progress:  80 % 2571.0
Write progress:  81 % 3584.00001
Write progress:  82 % 438.0
Write progress:  83 % 8731.0
Write progress:  84 % 12042.0
Write progress:  85 % 3651.0
Write progress:  86 % 12052.0
Write progress:  87 % 4847.0
Write progress:  88 % 10555.0
Write progress:  89 % 310.00001
Write progress:  90 % 10516.0
Write progress:  91 % 12284.0
Write progress:  92 % 3743.0
Write progress:  93 % 9618.0
Write progress:  94 % 4329.0
Write progress:  95 % 3576.0
Write progress:  96 % 11772.0
Write progress:  97 % 8888.0
Write progress:  98 % 1724.0
Write progress:  99 % 5346.0
Job done, info follows...
       JobID    JobName  Partition     MaxRSS    Elapsed ExitCode 
------------ ---------- ---------- ---------- ---------- -------- 
2042958_362  MEGA-FLAR+     cosma6              00:05:55      0:0 
2042958_362+     extern                         00:05:55      0:0 
