====
Starting job 2040825 at Wed 22 Apr 01:23:51 BST 2020 for user dc-rope1.
Running on nodes: m7317
====
['000_z020p000', '001_z015p132', '002_z009p993', '003_z008p988', '004_z008p075', '005_z007p050', '006_z005p971', '007_z005p487', '008_z005p037', '009_z004p485', '010_z003p984', '011_z003p528', '012_z003p017', '013_z002p478', '014_z002p237', '015_z002p012', '016_z001p737', '017_z001p487', '018_z001p259', '019_z001p004', '020_z000p865', '021_z000p736', '022_z000p615', '023_z000p503', '024_z000p366', '025_z000p271', '026_z000p183', '027_z000p101', '028_z000p000']
[None, '000_z020p000', '001_z015p132', '002_z009p993', '003_z008p988', '004_z008p075', '005_z007p050', '006_z005p971', '007_z005p487', '008_z005p037', '009_z004p485', '010_z003p984', '011_z003p528', '012_z003p017', '013_z002p478', '014_z002p237', '015_z002p012', '016_z001p737', '017_z001p487', '018_z001p259', '019_z001p004', '020_z000p865', '021_z000p736', '022_z000p615', '023_z000p503', '024_z000p366', '025_z000p271', '026_z000p183', '027_z000p101']
['001_z015p132', '002_z009p993', '003_z008p988', '004_z008p075', '005_z007p050', '006_z005p971', '007_z005p487', '008_z005p037', '009_z004p485', '010_z003p984', '011_z003p528', '012_z003p017', '013_z002p478', '014_z002p237', '015_z002p012', '016_z001p737', '017_z001p487', '018_z001p259', '019_z001p004', '020_z000p865', '021_z000p736', '022_z000p615', '023_z000p503', '024_z000p366', '025_z000p271', '026_z000p183', '027_z000p101', '028_z000p000', None]
008_z005p037
Reading in 'PartType1/ParticleIDs' for z = 5.037 using 8 thread(s) took 54.531864s
Reading in 'PartType1/ParticleIDs' for z = 5.037 using 8 thread(s) took 13.831783s
Reading in 'PartType1/GroupNumber' for z = 5.037 using 8 thread(s) took 8.513847s
Reading in 'PartType1/SubGroupNumber' for z = 5.037 using 8 thread(s) took 6.714886s
Reading in 'PartType1/GroupNumber' for z = 5.487 using 8 thread(s) took 11.265101s
Reading in 'PartType1/SubGroupNumber' for z = 5.487 using 8 thread(s) took 10.221208s
Reading in 'PartType1/ParticleIDs' for z = 5.487 using 8 thread(s) took 14.927228s
Reading in 'PartType1/GroupNumber' for z = 4.485 using 8 thread(s) took 14.691601s
Reading in 'PartType1/SubGroupNumber' for z = 4.485 using 8 thread(s) took 11.108892s
Reading in 'PartType1/ParticleIDs' for z = 4.485 using 8 thread(s) took 17.599833s
Graph progress:  0 % 1093.0
Graph progress:  1 % 1699757.0
Graph progress:  2 % 1437378.0
Graph progress:  3 % 1843587.0
Graph progress:  4 % 240.00027
Graph progress:  5 % 937309.0
Graph progress:  6 % 800570.00001
Graph progress:  7 % 131479.00001
Graph progress:  8 % 66303.00002
Graph progress:  9 % 712729.0
Graph progress:  10 % 1487855.0
Graph progress:  11 % 1148126.0
Graph progress:  12 % 844088.0
Graph progress:  13 % 76008.00001
Graph progress:  14 % 1541096.0
Graph progress:  15 % 522845.00001
Graph progress:  16 % 75148.0
Graph progress:  17 % 1112580.0
Graph progress:  18 % 1703606.0
Graph progress:  19 % 17356.00004
Graph progress:  20 % 458144.0
Graph progress:  21 % 221889.0
Graph progress:  22 % 1524459.0
Graph progress:  23 % 1798559.0
Graph progress:  24 % 1000340.0
Graph progress:  25 % 18457.00008
Graph progress:  26 % 307587.00002
Graph progress:  27 % 1751576.0
Graph progress:  28 % 418604.0
Graph progress:  29 % 741073.0
Graph progress:  30 % 16848.00003
Graph progress:  31 % 328118.00001
Graph progress:  32 % 1526173.0
Graph progress:  33 % 1169118.0
Graph progress:  34 % 2107532.0
Graph progress:  35 % 1930823.0
Graph progress:  36 % 878295.0
Graph progress:  37 % 213348.00001
Graph progress:  38 % 2108373.0
Graph progress:  39 % 1290594.0
Graph progress:  40 % 4736.0
Graph progress:  41 % 871643.0
Graph progress:  42 % 1527992.0
Graph progress:  43 % 2146845.0
Graph progress:  44 % 725672.0
Graph progress:  45 % 12376.00004
Graph progress:  46 % 95496.00001
Graph progress:  47 % 155120.0
Graph progress:  48 % 474679.0
Graph progress:  49 % 1304130.0
Graph progress:  50 % 1279842.0
Graph progress:  51 % 1292085.0
Graph progress:  52 % 959040.0
Graph progress:  53 % 1529698.0
Graph progress:  54 % 505805.0
Graph progress:  55 % 2131412.0
Graph progress:  56 % 1734500.0
Graph progress:  57 % 846306.0
Graph progress:  58 % 400106.00001
Graph progress:  59 % 570928.0
Graph progress:  60 % 9568.00002
Graph progress:  61 % 706992.0
Graph progress:  62 % 1162202.0
Graph progress:  63 % 649779.0
Graph progress:  64 % 508598.0
Graph progress:  65 % 836530.0
Graph progress:  66 % 1074442.0
Graph progress:  67 % 2662.00008
Graph progress:  68 % 51943.00003
Graph progress:  69 % 1628814.0
Graph progress:  70 % 321895.0
Graph progress:  71 % 250984.00001
Graph progress:  72 % 1861004.0
Graph progress:  73 % 559908.0
Graph progress:  74 % 1967552.0
Graph progress:  75 % 44.00056
Graph progress:  76 % 1346510.0
Graph progress:  77 % 671110.0
Graph progress:  78 % 803824.0
Graph progress:  79 % 16426.00005
Graph progress:  80 % 372425.0
Graph progress:  81 % 208599.0
Graph progress:  82 % 2860.00008
Graph progress:  83 % 1226272.0
Graph progress:  84 % 814095.0
Graph progress:  85 % 1553881.0
Graph progress:  86 % 1434676.0
Graph progress:  87 % 154556.0
Graph progress:  88 % 501637.0
Graph progress:  89 % 813672.00001
Graph progress:  90 % 1653851.0
Graph progress:  91 % 566084.0
Graph progress:  92 % 477908.0
Graph progress:  93 % 1119104.0
Graph progress:  94 % 1110393.0
Graph progress:  95 % 1285303.0
Graph progress:  96 % 949304.0
Graph progress:  97 % 880043.0
Graph progress:  98 % 51576.00001
Graph progress:  99 % 89671.00001
Processed 2607531 halos in snapshot 008_z005p037 of particle type 1
Write progress:  0 % 1093.0
Write progress:  1 % 1699757.0
Write progress:  2 % 1437378.0
Write progress:  3 % 1843587.0
Write progress:  4 % 240.00027
Write progress:  5 % 937309.0
Write progress:  6 % 800570.00001
Write progress:  7 % 131479.00001
Write progress:  8 % 66303.00002
Write progress:  9 % 712729.0
Write progress:  10 % 1487855.0
Write progress:  11 % 1148126.0
Write progress:  12 % 844088.0
Write progress:  13 % 76008.00001
Write progress:  14 % 1541096.0
Write progress:  15 % 522845.00001
Write progress:  16 % 75148.0
Write progress:  17 % 1112580.0
Write progress:  18 % 1703606.0
Write progress:  19 % 17356.00004
Write progress:  20 % 458144.0
Write progress:  21 % 221889.0
Write progress:  22 % 1524459.0
Write progress:  23 % 1798559.0
Write progress:  24 % 1000340.0
Write progress:  25 % 18457.00008
Write progress:  26 % 307587.00002
Write progress:  27 % 1751576.0
Write progress:  28 % 418604.0
Write progress:  29 % 741073.0
Write progress:  30 % 16848.00003
Write progress:  31 % 328118.00001
Write progress:  32 % 1526173.0
Write progress:  33 % 1169118.0
Write progress:  34 % 2107532.0
Write progress:  35 % 1930823.0
Write progress:  36 % 878295.0
Write progress:  37 % 213348.00001
Write progress:  38 % 2108373.0
Write progress:  39 % 1290594.0
Write progress:  40 % 4736.0
Write progress:  41 % 871643.0
Write progress:  42 % 1527992.0
Write progress:  43 % 2146845.0
Write progress:  44 % 725672.0
Write progress:  45 % 12376.00004
Write progress:  46 % 95496.00001
Write progress:  47 % 155120.0
Write progress:  48 % 474679.0
Write progress:  49 % 1304130.0
Write progress:  50 % 1279842.0
Write progress:  51 % 1292085.0
Write progress:  52 % 959040.0
Write progress:  53 % 1529698.0
Write progress:  54 % 505805.0
Write progress:  55 % 2131412.0
Write progress:  56 % 1734500.0
Write progress:  57 % 846306.0
Write progress:  58 % 400106.00001
Write progress:  59 % 570928.0
Write progress:  60 % 9568.00002
Write progress:  61 % 706992.0
Write progress:  62 % 1162202.0
Write progress:  63 % 649779.0
Write progress:  64 % 508598.0
Write progress:  65 % 836530.0
Write progress:  66 % 1074442.0
Write progress:  67 % 2662.00008
Write progress:  68 % 51943.00003
Write progress:  69 % 1628814.0
Write progress:  70 % 321895.0
Write progress:  71 % 250984.00001
Write progress:  72 % 1861004.0
Write progress:  73 % 559908.0
Write progress:  74 % 1967552.0
Write progress:  75 % 44.00056
Write progress:  76 % 1346510.0
Write progress:  77 % 671110.0
Write progress:  78 % 803824.0
Write progress:  79 % 16426.00005
Write progress:  80 % 372425.0
Write progress:  81 % 208599.0
Write progress:  82 % 2860.00008
Write progress:  83 % 1226272.0
Write progress:  84 % 814095.0
Write progress:  85 % 1553881.0
Write progress:  86 % 1434676.0
Write progress:  87 % 154556.0
Write progress:  88 % 501637.0
Write progress:  89 % 813672.00001
Write progress:  90 % 1653851.0
Write progress:  91 % 566084.0
Write progress:  92 % 477908.0
Write progress:  93 % 1119104.0
Write progress:  94 % 1110393.0
Write progress:  95 % 1285303.0
Write progress:  96 % 949304.0
Write progress:  97 % 880043.0
Write progress:  98 % 51576.00001
Write progress:  99 % 89671.00001
Reading in 'PartType4/ParticleIDs' for z = 5.037 using 8 thread(s) took 14.368373s
Reading in 'PartType4/ParticleIDs' for z = 5.487 using 8 thread(s) took 12.359584s
Reading in 'Subhalo/SubGroupNumber' for z = 5.487 using 8 thread(s) took 14.076529s
Reading in 'Subhalo/GroupNumber' for z = 5.487 using 8 thread(s) took 4.00635s
Reading in 'Subhalo/ApertureMeasurements/Mass/030kpc' for z = 5.487 using 8 thread(s) took 4.022776s
Reading in 'PartType4/Mass' for z = 5.487 using 8 thread(s) took 10.879292s
Reading in 'PartType4/ParticleIDs' for z = 4.485 using 8 thread(s) took 12.6278s
Reading in 'Subhalo/SubGroupNumber' for z = 4.485 using 8 thread(s) took 16.966265s
Reading in 'Subhalo/GroupNumber' for z = 4.485 using 8 thread(s) took 3.688541s
Reading in 'Subhalo/ApertureMeasurements/Mass/030kpc' for z = 4.485 using 8 thread(s) took 4.039338s
Reading in 'PartType4/Mass' for z = 4.485 using 8 thread(s) took 10.298313s
Reading in 'PartType4/ParticleIDs' for z = 5.037 using 8 thread(s) took 10.188726s
Reading in 'PartType4/GroupNumber' for z = 5.037 using 8 thread(s) took 6.243066s
Reading in 'PartType4/SubGroupNumber' for z = 5.037 using 8 thread(s) took 4.130333s
Reading in 'PartType4/GroupNumber' for z = 5.487 using 8 thread(s) took 6.560039s
Reading in 'PartType4/SubGroupNumber' for z = 5.487 using 8 thread(s) took 4.38447s
Reading in 'PartType4/ParticleIDs' for z = 5.487 using 8 thread(s) took 6.692529s
Reading in 'PartType4/GroupNumber' for z = 4.485 using 8 thread(s) took 6.220857s
Reading in 'PartType4/SubGroupNumber' for z = 4.485 using 8 thread(s) took 4.586658s
Reading in 'PartType4/ParticleIDs' for z = 4.485 using 8 thread(s) took 7.646178s
Graph progress:  0 % 1093.0
Graph progress:  1 % 466657.0
Graph progress:  2 % 46817.00001
Graph progress:  3 % 156062.0
Graph progress:  4 % 175238.0
Graph progress:  5 % 231606.0
Graph progress:  6 % 299117.0
Graph progress:  7 % 202817.0
Graph progress:  8 % 322439.0
Graph progress:  9 % 41045.0
Graph progress:  10 % 46662.0
Graph progress:  11 % 109335.00001
Graph progress:  12 % 327921.0
Graph progress:  13 % 20353.00002
Graph progress:  14 % 40850.0
Graph progress:  15 % 75831.0
Graph progress:  16 % 216463.0
Graph progress:  17 % 340388.0
Graph progress:  18 % 106920.00002
Graph progress:  19 % 114236.0
Graph progress:  20 % 24982.00001
Graph progress:  21 % 15880.00002
Graph progress:  22 % 11058.00001
Graph progress:  23 % 310008.0
Graph progress:  24 % 8433.00007
Graph progress:  25 % 25979.0
Graph progress:  26 % 197779.0
Graph progress:  27 % 56390.00001
Graph progress:  28 % 1359.00011
Graph progress:  29 % 21585.00002
Graph progress:  30 % 263823.0
Graph progress:  31 % 237785.0
Graph progress:  32 % 488236.0
Graph progress:  33 % 81070.00001
Graph progress:  34 % 290312.0
Graph progress:  35 % 99842.00001
Graph progress:  36 % 58.00013
Graph progress:  37 % 34854.0
Graph progress:  38 % 470336.0
Graph progress:  39 % 392.00014
Graph progress:  40 % 112312.0
Graph progress:  41 % 8939.0
Graph progress:  42 % 20230.00002
Graph progress:  43 % 253.00005
Graph progress:  44 % 357273.0
Graph progress:  45 % 38729.0
Graph progress:  46 % 169666.0
Graph progress:  47 % 90094.0
Graph progress:  48 % 307811.0
Graph progress:  49 % 368536.0
Graph progress:  50 % 457751.0
Graph progress:  51 % 47992.0
Graph progress:  52 % 8184.00003
Graph progress:  53 % 154804.0
Graph progress:  54 % 179051.00001
Graph progress:  55 % 44198.0
Graph progress:  56 % 461151.0
Graph progress:  57 % 8872.0
Graph progress:  58 % 18685.0
Graph progress:  59 % 244320.0
Graph progress:  60 % 95962.0
Graph progress:  61 % 189960.0
Graph progress:  62 % 10673.0
Graph progress:  63 % 345473.0
Graph progress:  64 % 48550.0
Graph progress:  65 % 241974.0
Graph progress:  66 % 91044.00002
Graph progress:  67 % 84616.0
Graph progress:  68 % 262325.0
Graph progress:  69 % 33896.0
Graph progress:  70 % 28088.00001
Graph progress:  71 % 111041.0
Graph progress:  72 % 370656.0
Graph progress:  73 % 6684.00001
Graph progress:  74 % 141403.0
Graph progress:  75 % 331356.0
Graph progress:  76 % 225035.0
Graph progress:  77 % 211690.0
Graph progress:  78 % 52261.00002
Graph progress:  79 % 220919.0
Graph progress:  80 % 69774.0
Graph progress:  81 % 20987.0
Graph progress:  82 % 633611.0
Graph progress:  83 % 86706.00001
Graph progress:  84 % 167737.0
Graph progress:  85 % 263356.0
Graph progress:  86 % 400260.0
Graph progress:  87 % 696673.0
Graph progress:  88 % 33300.0
Graph progress:  89 % 11655.00002
Graph progress:  90 % 557568.0
Graph progress:  91 % 1624.00015
Graph progress:  92 % 26012.0
Graph progress:  93 % 264396.00001
Graph progress:  94 % 6138.00005
Graph progress:  95 % 312133.0
Graph progress:  96 % 143258.0
Graph progress:  97 % 169449.00001
Graph progress:  98 % 32937.00002
Graph progress:  99 % 8110.0
Processed 447998 halos in snapshot 008_z005p037 of particle type 4
Reading in 'PartType5/ParticleIDs' for z = 5.037 using 8 thread(s) took 7.783619s
Reading in 'PartType5/ParticleIDs' for z = 5.487 using 8 thread(s) took 6.248615s
Reading in 'Subhalo/SubGroupNumber' for z = 5.487 using 8 thread(s) took 10.84189s
Reading in 'Subhalo/GroupNumber' for z = 5.487 using 8 thread(s) took 3.866967s
Reading in 'Subhalo/ApertureMeasurements/Mass/030kpc' for z = 5.487 using 8 thread(s) took 4.066473s
Reading in 'PartType5/Mass' for z = 5.487 using 8 thread(s) took 6.265532s
Reading in 'PartType5/ParticleIDs' for z = 4.485 using 8 thread(s) took 7.433823s
Reading in 'Subhalo/SubGroupNumber' for z = 4.485 using 8 thread(s) took 10.745923s
Reading in 'Subhalo/GroupNumber' for z = 4.485 using 8 thread(s) took 3.856059s
Reading in 'Subhalo/ApertureMeasurements/Mass/030kpc' for z = 4.485 using 8 thread(s) took 4.063095s
Reading in 'PartType5/Mass' for z = 4.485 using 8 thread(s) took 7.094005s
Reading in 'PartType5/ParticleIDs' for z = 5.037 using 8 thread(s) took 5.544437s
Reading in 'PartType5/GroupNumber' for z = 5.037 using 8 thread(s) took 3.856081s
Reading in 'PartType5/SubGroupNumber' for z = 5.037 using 8 thread(s) took 3.86096s
Reading in 'PartType5/GroupNumber' for z = 5.487 using 8 thread(s) took 3.847748s
Reading in 'PartType5/SubGroupNumber' for z = 5.487 using 8 thread(s) took 4.046235s
Reading in 'PartType5/ParticleIDs' for z = 5.487 using 8 thread(s) took 4.119223s
Reading in 'PartType5/GroupNumber' for z = 4.485 using 8 thread(s) took 4.762892s
Reading in 'PartType5/SubGroupNumber' for z = 4.485 using 8 thread(s) took 4.651765s
