====
Starting job 2040820 at Wed 22 Apr 00:57:13 BST 2020 for user dc-rope1.
Running on nodes: m7342
====
['000_z020p000', '001_z015p132', '002_z009p993', '003_z008p988', '004_z008p075', '005_z007p050', '006_z005p971', '007_z005p487', '008_z005p037', '009_z004p485', '010_z003p984', '011_z003p528', '012_z003p017', '013_z002p478', '014_z002p237', '015_z002p012', '016_z001p737', '017_z001p487', '018_z001p259', '019_z001p004', '020_z000p865', '021_z000p736', '022_z000p615', '023_z000p503', '024_z000p366', '025_z000p271', '026_z000p183', '027_z000p101', '028_z000p000']
[None, '000_z020p000', '001_z015p132', '002_z009p993', '003_z008p988', '004_z008p075', '005_z007p050', '006_z005p971', '007_z005p487', '008_z005p037', '009_z004p485', '010_z003p984', '011_z003p528', '012_z003p017', '013_z002p478', '014_z002p237', '015_z002p012', '016_z001p737', '017_z001p487', '018_z001p259', '019_z001p004', '020_z000p865', '021_z000p736', '022_z000p615', '023_z000p503', '024_z000p366', '025_z000p271', '026_z000p183', '027_z000p101']
['001_z015p132', '002_z009p993', '003_z008p988', '004_z008p075', '005_z007p050', '006_z005p971', '007_z005p487', '008_z005p037', '009_z004p485', '010_z003p984', '011_z003p528', '012_z003p017', '013_z002p478', '014_z002p237', '015_z002p012', '016_z001p737', '017_z001p487', '018_z001p259', '019_z001p004', '020_z000p865', '021_z000p736', '022_z000p615', '023_z000p503', '024_z000p366', '025_z000p271', '026_z000p183', '027_z000p101', '028_z000p000', None]
006_z005p971
Reading in 'PartType1/ParticleIDs' for z = 5.971 using 8 thread(s) took 54.545529s
Reading in 'PartType1/ParticleIDs' for z = 5.971 using 8 thread(s) took 11.763347s
Reading in 'PartType1/GroupNumber' for z = 5.971 using 8 thread(s) took 6.24045s
Reading in 'PartType1/SubGroupNumber' for z = 5.971 using 8 thread(s) took 5.19508s
Reading in 'PartType1/GroupNumber' for z = 7.05 using 8 thread(s) took 6.615295s
Reading in 'PartType1/SubGroupNumber' for z = 7.05 using 8 thread(s) took 5.399356s
Reading in 'PartType1/ParticleIDs' for z = 7.05 using 8 thread(s) took 9.422626s
Reading in 'PartType1/GroupNumber' for z = 5.487 using 8 thread(s) took 9.662763s
Reading in 'PartType1/SubGroupNumber' for z = 5.487 using 8 thread(s) took 8.989586s
Reading in 'PartType1/ParticleIDs' for z = 5.487 using 8 thread(s) took 13.939603s
Graph progress:  0 % 646768.0
Graph progress:  1 % 749971.0
Graph progress:  2 % 1152319.0
Graph progress:  3 % 1386539.0
Graph progress:  4 % 23269.00001
Graph progress:  5 % 1584778.0
Graph progress:  6 % 490994.0
Graph progress:  7 % 444865.0
Graph progress:  8 % 1106670.0
Graph progress:  9 % 622636.0
Graph progress:  10 % 465796.0
Graph progress:  11 % 71465.00004
Graph progress:  12 % 460550.0
Graph progress:  13 % 1085608.0
Graph progress:  14 % 1462754.0
Graph progress:  15 % 435012.00001
Graph progress:  16 % 1522818.0
Graph progress:  17 % 1652458.0
Graph progress:  18 % 997858.0
Graph progress:  19 % 825500.0
Graph progress:  20 % 691767.0
Graph progress:  21 % 783813.0
Graph progress:  22 % 756444.0
Graph progress:  23 % 1778016.0
Graph progress:  24 % 1847207.0
Graph progress:  25 % 1247051.0
Graph progress:  26 % 795596.0
Graph progress:  27 % 398076.00001
Graph progress:  28 % 272000.0
Graph progress:  29 % 1131558.0
Graph progress:  30 % 198871.0
Graph progress:  31 % 8961.00001
Graph progress:  32 % 773245.00001
Graph progress:  33 % 1168536.0
Graph progress:  34 % 84258.00001
Graph progress:  35 % 265953.00001
Graph progress:  36 % 678787.0
Graph progress:  37 % 1194437.0
Graph progress:  38 % 2861.00001
Graph progress:  39 % 1345144.0
Graph progress:  40 % 1636871.0
Graph progress:  41 % 10058.00004
Graph progress:  42 % 1278697.00001
Graph progress:  43 % 1278817.0
Graph progress:  44 % 1078254.0
Graph progress:  45 % 13790.00001
Graph progress:  46 % 731827.0
Graph progress:  47 % 497994.0
Graph progress:  48 % 209748.0
Graph progress:  49 % 785340.0
Graph progress:  50 % 93860.0
Graph progress:  51 % 774266.0
Graph progress:  52 % 1617275.0
Graph progress:  53 % 235579.0
Graph progress:  54 % 136272.0
Graph progress:  55 % 324357.0
Graph progress:  56 % 1280659.0
Graph progress:  57 % 477985.0
Graph progress:  58 % 1109.00008
Graph progress:  59 % 3108.00007
Graph progress:  60 % 56181.0
Graph progress:  61 % 367785.0
Graph progress:  62 % 495527.0
Graph progress:  63 % 1001753.0
Graph progress:  64 % 492660.0
Graph progress:  65 % 1709139.0
Graph progress:  66 % 689270.0
Graph progress:  67 % 17423.0
Graph progress:  68 % 1211690.0
Graph progress:  69 % 223574.0
Graph progress:  70 % 178572.0
Graph progress:  71 % 1297943.0
Graph progress:  72 % 1298137.0
Graph progress:  73 % 1837529.0
Graph progress:  74 % 238846.0
Graph progress:  75 % 417245.0
Graph progress:  76 % 976402.0
Graph progress:  77 % 1770172.0
Graph progress:  78 % 108937.00001
Graph progress:  79 % 237853.0
Graph progress:  80 % 449262.0
Graph progress:  81 % 1812845.0
Graph progress:  82 % 594969.0
Graph progress:  83 % 584029.00001
Graph progress:  84 % 59869.00003
Graph progress:  85 % 855408.0
Graph progress:  86 % 12014.0
Graph progress:  87 % 1476750.0
Graph progress:  88 % 1093593.0
Graph progress:  89 % 1647775.0
Graph progress:  90 % 890873.0
Graph progress:  91 % 553190.0
Graph progress:  92 % 986519.0
Graph progress:  93 % 634099.0
Graph progress:  94 % 1271562.0
Graph progress:  95 % 1755461.0
Graph progress:  96 % 817701.0
Graph progress:  97 % 952934.0
Graph progress:  98 % 215964.0
Graph progress:  99 % 1440484.0
Processed 2199647 halos in snapshot 006_z005p971 of particle type 1
Write progress:  0 % 646768.0
Write progress:  1 % 749971.0
Write progress:  2 % 1152319.0
Write progress:  3 % 1386539.0
Write progress:  4 % 23269.00001
Write progress:  5 % 1584778.0
Write progress:  6 % 490994.0
Write progress:  7 % 444865.0
Write progress:  8 % 1106670.0
Write progress:  9 % 622636.0
Write progress:  10 % 465796.0
Write progress:  11 % 71465.00004
Write progress:  12 % 460550.0
Write progress:  13 % 1085608.0
Write progress:  14 % 1462754.0
Write progress:  15 % 435012.00001
Write progress:  16 % 1522818.0
Write progress:  17 % 1652458.0
Write progress:  18 % 997858.0
Write progress:  19 % 825500.0
Write progress:  20 % 691767.0
Write progress:  21 % 783813.0
Write progress:  22 % 756444.0
Write progress:  23 % 1778016.0
Write progress:  24 % 1847207.0
Write progress:  25 % 1247051.0
Write progress:  26 % 795596.0
Write progress:  27 % 398076.00001
Write progress:  28 % 272000.0
Write progress:  29 % 1131558.0
Write progress:  30 % 198871.0
Write progress:  31 % 8961.00001
Write progress:  32 % 773245.00001
Write progress:  33 % 1168536.0
Write progress:  34 % 84258.00001
Write progress:  35 % 265953.00001
Write progress:  36 % 678787.0
Write progress:  37 % 1194437.0
Write progress:  38 % 2861.00001
Write progress:  39 % 1345144.0
Write progress:  40 % 1636871.0
Write progress:  41 % 10058.00004
Write progress:  42 % 1278697.00001
Write progress:  43 % 1278817.0
Write progress:  44 % 1078254.0
Write progress:  45 % 13790.00001
Write progress:  46 % 731827.0
Write progress:  47 % 497994.0
Write progress:  48 % 209748.0
Write progress:  49 % 785340.0
Write progress:  50 % 93860.0
Write progress:  51 % 774266.0
Write progress:  52 % 1617275.0
Write progress:  53 % 235579.0
Write progress:  54 % 136272.0
Write progress:  55 % 324357.0
Write progress:  56 % 1280659.0
Write progress:  57 % 477985.0
Write progress:  58 % 1109.00008
Write progress:  59 % 3108.00007
Write progress:  60 % 56181.0
Write progress:  61 % 367785.0
Write progress:  62 % 495527.0
Write progress:  63 % 1001753.0
Write progress:  64 % 492660.0
Write progress:  65 % 1709139.0
Write progress:  66 % 689270.0
Write progress:  67 % 17423.0
Write progress:  68 % 1211690.0
Write progress:  69 % 223574.0
Write progress:  70 % 178572.0
Write progress:  71 % 1297943.0
Write progress:  72 % 1298137.0
Write progress:  73 % 1837529.0
Write progress:  74 % 238846.0
Write progress:  75 % 417245.0
Write progress:  76 % 976402.0
Write progress:  77 % 1770172.0
Write progress:  78 % 108937.00001
Write progress:  79 % 237853.0
Write progress:  80 % 449262.0
Write progress:  81 % 1812845.0
Write progress:  82 % 594969.0
Write progress:  83 % 584029.00001
Write progress:  84 % 59869.00003
Write progress:  85 % 855408.0
Write progress:  86 % 12014.0
Write progress:  87 % 1476750.0
Write progress:  88 % 1093593.0
Write progress:  89 % 1647775.0
Write progress:  90 % 890873.0
Write progress:  91 % 553190.0
Write progress:  92 % 986519.0
Write progress:  93 % 634099.0
Write progress:  94 % 1271562.0
Write progress:  95 % 1755461.0
Write progress:  96 % 817701.0
Write progress:  97 % 952934.0
Write progress:  98 % 215964.0
Write progress:  99 % 1440484.0
Reading in 'PartType4/ParticleIDs' for z = 5.971 using 8 thread(s) took 13.223515s
Reading in 'PartType4/ParticleIDs' for z = 7.05 using 8 thread(s) took 9.654731s
Reading in 'Subhalo/SubGroupNumber' for z = 7.05 using 8 thread(s) took 10.666558s
Reading in 'Subhalo/GroupNumber' for z = 7.05 using 8 thread(s) took 3.13928s
Reading in 'Subhalo/ApertureMeasurements/Mass/030kpc' for z = 7.05 using 8 thread(s) took 3.285809s
Reading in 'PartType4/Mass' for z = 7.05 using 8 thread(s) took 7.50955s
Reading in 'PartType4/ParticleIDs' for z = 5.487 using 8 thread(s) took 9.339891s
Reading in 'Subhalo/SubGroupNumber' for z = 5.487 using 8 thread(s) took 10.41692s
Reading in 'Subhalo/GroupNumber' for z = 5.487 using 8 thread(s) took 3.403472s
Reading in 'Subhalo/ApertureMeasurements/Mass/030kpc' for z = 5.487 using 8 thread(s) took 3.582579s
Reading in 'PartType4/Mass' for z = 5.487 using 8 thread(s) took 8.987877s
Reading in 'PartType4/ParticleIDs' for z = 5.971 using 8 thread(s) took 8.134623s
Reading in 'PartType4/GroupNumber' for z = 5.971 using 8 thread(s) took 5.334188s
Reading in 'PartType4/SubGroupNumber' for z = 5.971 using 8 thread(s) took 3.827346s
Reading in 'PartType4/GroupNumber' for z = 7.05 using 8 thread(s) took 4.962292s
Reading in 'PartType4/SubGroupNumber' for z = 7.05 using 8 thread(s) took 4.008466s
Reading in 'PartType4/ParticleIDs' for z = 7.05 using 8 thread(s) took 6.954218s
Reading in 'PartType4/GroupNumber' for z = 5.487 using 8 thread(s) took 5.597462s
Reading in 'PartType4/SubGroupNumber' for z = 5.487 using 8 thread(s) took 4.230239s
