====
Starting job 2040885 at Wed 22 Apr 07:42:14 BST 2020 for user dc-rope1.
Running on nodes: m7129
====
['000_z020p000', '001_z015p132', '002_z009p993', '003_z008p988', '004_z008p075', '005_z007p050', '006_z005p971', '007_z005p487', '008_z005p037', '009_z004p485', '010_z003p984', '011_z003p528', '012_z003p017', '013_z002p478', '014_z002p237', '015_z002p012', '016_z001p737', '017_z001p487', '018_z001p259', '019_z001p004', '020_z000p865', '021_z000p736', '022_z000p615', '023_z000p503', '024_z000p366', '025_z000p271', '026_z000p183', '027_z000p101', '028_z000p000']
[None, '000_z020p000', '001_z015p132', '002_z009p993', '003_z008p988', '004_z008p075', '005_z007p050', '006_z005p971', '007_z005p487', '008_z005p037', '009_z004p485', '010_z003p984', '011_z003p528', '012_z003p017', '013_z002p478', '014_z002p237', '015_z002p012', '016_z001p737', '017_z001p487', '018_z001p259', '019_z001p004', '020_z000p865', '021_z000p736', '022_z000p615', '023_z000p503', '024_z000p366', '025_z000p271', '026_z000p183', '027_z000p101']
['001_z015p132', '002_z009p993', '003_z008p988', '004_z008p075', '005_z007p050', '006_z005p971', '007_z005p487', '008_z005p037', '009_z004p485', '010_z003p984', '011_z003p528', '012_z003p017', '013_z002p478', '014_z002p237', '015_z002p012', '016_z001p737', '017_z001p487', '018_z001p259', '019_z001p004', '020_z000p865', '021_z000p736', '022_z000p615', '023_z000p503', '024_z000p366', '025_z000p271', '026_z000p183', '027_z000p101', '028_z000p000', None]
027_z000p101
Reading in 'PartType1/ParticleIDs' for z = 0.101 using 8 thread(s) took 58.550138s
Reading in 'PartType1/ParticleIDs' for z = 0.101 using 8 thread(s) took 35.642161s
Reading in 'PartType1/GroupNumber' for z = 0.101 using 8 thread(s) took 20.318881s
Reading in 'PartType1/SubGroupNumber' for z = 0.101 using 8 thread(s) took 20.97302s
Reading in 'PartType1/GroupNumber' for z = 0.183 using 8 thread(s) took 32.2879s
Reading in 'PartType1/SubGroupNumber' for z = 0.183 using 8 thread(s) took 42.022115s
Reading in 'PartType1/ParticleIDs' for z = 0.183 using 8 thread(s) took 45.822044s
Reading in 'PartType1/GroupNumber' for z = 0.0 using 8 thread(s) took 44.014112s
Reading in 'PartType1/SubGroupNumber' for z = 0.0 using 8 thread(s) took 43.172395s
Reading in 'PartType1/ParticleIDs' for z = 0.0 using 8 thread(s) took 66.082328s
Graph progress:  0 % 815894.0
Graph progress:  1 % 186283.0
Graph progress:  2 % 252213.0
Graph progress:  3 % 246.00128
Graph progress:  4 % 881717.0
Graph progress:  5 % 228837.0
Graph progress:  6 % 585236.0
Graph progress:  7 % 238105.0
Graph progress:  8 % 3167.00012
Graph progress:  9 % 145803.0
Graph progress:  10 % 364056.0
Graph progress:  11 % 214.00248
Graph progress:  12 % 1492634.0
Graph progress:  13 % 577.00096
Graph progress:  14 % 1001.00032
Graph progress:  15 % 177847.00002
Graph progress:  16 % 1438746.0
Graph progress:  17 % 1096489.0
Graph progress:  18 % 731.00045
Graph progress:  19 % 1867839.0
Graph progress:  20 % 766040.0
Graph progress:  21 % 1471022.0
Graph progress:  22 % 1840863.0
Graph progress:  23 % 809218.0
Graph progress:  24 % 1915665.0
Graph progress:  25 % 985907.0
Graph progress:  26 % 432204.0
Graph progress:  27 % 676386.0
Graph progress:  28 % 1869899.0
Graph progress:  29 % 773.00093
Graph progress:  30 % 1916381.0
Graph progress:  31 % 288756.00001
Graph progress:  32 % 434225.0
Graph progress:  33 % 498976.0
Graph progress:  34 % 1271595.0
Graph progress:  35 % 866950.0
Graph progress:  36 % 430364.0
Graph progress:  37 % 23467.00003
Graph progress:  38 % 281938.0
Graph progress:  39 % 413712.0
Graph progress:  40 % 1309301.0
Graph progress:  41 % 2794.0003
Graph progress:  42 % 1182122.00001
Graph progress:  43 % 1430511.0
Graph progress:  44 % 1755300.0
Graph progress:  45 % 965572.0
Graph progress:  46 % 11.00181
Graph progress:  47 % 2145.00009
Graph progress:  48 % 683033.0
Graph progress:  49 % 1463.00013
Graph progress:  50 % 953787.0
Graph progress:  51 % 1872989.0
Graph progress:  52 % 133.00417
Graph progress:  53 % 220957.0
Graph progress:  54 % 643043.00001
Graph progress:  55 % 117.00605
Graph progress:  56 % 1678702.0
Graph progress:  57 % 79243.0
Graph progress:  58 % 27.00057
Graph progress:  59 % 436733.0
Graph progress:  60 % 1331534.0
Graph progress:  61 % 1331757.0
Graph progress:  62 % 13867.00005
Graph progress:  63 % 150.00003
Graph progress:  64 % 5711.0001
Graph progress:  65 % 1207482.0
Graph progress:  66 % 97594.00003
Graph progress:  67 % 173.00132
Graph progress:  68 % 1552021.0
Graph progress:  69 % 101.00634
Graph progress:  70 % 1423.00031
Graph progress:  71 % 4805.00001
Graph progress:  72 % 947083.0
Graph progress:  73 % 1393808.0
Graph progress:  74 % 743025.0
Graph progress:  75 % 1394787.0
Graph progress:  76 % 1657882.0
Graph progress:  77 % 108682.0
Graph progress:  78 % 296240.00001
Graph progress:  79 % 1416633.0
Graph progress:  80 % 991164.0
Graph progress:  81 % 1315748.0
Graph progress:  82 % 1633839.0
Graph progress:  83 % 1531296.0
Graph progress:  84 % 253.00081
Graph progress:  85 % 2.06612
Graph progress:  86 % 465305.0
Graph progress:  87 % 1418069.0
Graph progress:  88 % 218559.0
Graph progress:  89 % 1477.00044
Graph progress:  90 % 815585.0
Graph progress:  91 % 3.06762
Graph progress:  92 % 111157.0
Graph progress:  93 % 1052.00022
Graph progress:  94 % 555899.0
Graph progress:  95 % 263146.0
Graph progress:  96 % 960690.0
Graph progress:  97 % 1831498.0
Graph progress:  98 % 463.00067
Graph progress:  99 % 807078.0
Processed 2316695 halos in snapshot 027_z000p101 of particle type 1
Write progress:  0 % 815894.0
Write progress:  1 % 186283.0
Write progress:  2 % 252213.0
Write progress:  3 % 246.00128
Write progress:  4 % 881717.0
Write progress:  5 % 228837.0
Write progress:  6 % 585236.0
Write progress:  7 % 238105.0
Write progress:  8 % 3167.00012
Write progress:  9 % 145803.0
Write progress:  10 % 364056.0
Write progress:  11 % 214.00248
Write progress:  12 % 1492634.0
Write progress:  13 % 577.00096
Write progress:  14 % 1001.00032
Write progress:  15 % 177847.00002
Write progress:  16 % 1438746.0
Write progress:  17 % 1096489.0
Write progress:  18 % 731.00045
Write progress:  19 % 1867839.0
Write progress:  20 % 766040.0
Write progress:  21 % 1471022.0
Write progress:  22 % 1840863.0
Write progress:  23 % 809218.0
Write progress:  24 % 1915665.0
Write progress:  25 % 985907.0
Write progress:  26 % 432204.0
Write progress:  27 % 676386.0
Write progress:  28 % 1869899.0
Write progress:  29 % 773.00093
Write progress:  30 % 1916381.0
Write progress:  31 % 288756.00001
Write progress:  32 % 434225.0
Write progress:  33 % 498976.0
Write progress:  34 % 1271595.0
Write progress:  35 % 866950.0
Write progress:  36 % 430364.0
Write progress:  37 % 23467.00003
Write progress:  38 % 281938.0
Write progress:  39 % 413712.0
Write progress:  40 % 1309301.0
Write progress:  41 % 2794.0003
Write progress:  42 % 1182122.00001
Write progress:  43 % 1430511.0
Write progress:  44 % 1755300.0
Write progress:  45 % 965572.0
Write progress:  46 % 11.00181
Write progress:  47 % 2145.00009
Write progress:  48 % 683033.0
Write progress:  49 % 1463.00013
Write progress:  50 % 953787.0
Write progress:  51 % 1872989.0
Write progress:  52 % 133.00417
Write progress:  53 % 220957.0
Write progress:  54 % 643043.00001
Write progress:  55 % 117.00605
Write progress:  56 % 1678702.0
Write progress:  57 % 79243.0
Write progress:  58 % 27.00057
Write progress:  59 % 436733.0
Write progress:  60 % 1331534.0
Write progress:  61 % 1331757.0
Write progress:  62 % 13867.00005
Write progress:  63 % 150.00003
Write progress:  64 % 5711.0001
Write progress:  65 % 1207482.0
Write progress:  66 % 97594.00003
Write progress:  67 % 173.00132
Write progress:  68 % 1552021.0
Write progress:  69 % 101.00634
Write progress:  70 % 1423.00031
Write progress:  71 % 4805.00001
Write progress:  72 % 947083.0
Write progress:  73 % 1393808.0
Write progress:  74 % 743025.0
Write progress:  75 % 1394787.0
Write progress:  76 % 1657882.0
Write progress:  77 % 108682.0
Write progress:  78 % 296240.00001
Write progress:  79 % 1416633.0
Write progress:  80 % 991164.0
Write progress:  81 % 1315748.0
Write progress:  82 % 1633839.0
Write progress:  83 % 1531296.0
Write progress:  84 % 253.00081
Write progress:  85 % 2.06612
Write progress:  86 % 465305.0
Write progress:  87 % 1418069.0
Write progress:  88 % 218559.0
Write progress:  89 % 1477.00044
Write progress:  90 % 815585.0
Write progress:  91 % 3.06762
Write progress:  92 % 111157.0
Write progress:  93 % 1052.00022
Write progress:  94 % 555899.0
Write progress:  95 % 263146.0
Write progress:  96 % 960690.0
Write progress:  97 % 1831498.0
Write progress:  98 % 463.00067
Write progress:  99 % 807078.0
Reading in 'PartType4/ParticleIDs' for z = 0.101 using 8 thread(s) took 27.349149s
Reading in 'PartType4/ParticleIDs' for z = 0.183 using 8 thread(s) took 20.797503s
Reading in 'Subhalo/SubGroupNumber' for z = 0.183 using 8 thread(s) took 9.511044s
Reading in 'Subhalo/GroupNumber' for z = 0.183 using 8 thread(s) took 9.18058s
Reading in 'Subhalo/ApertureMeasurements/Mass/030kpc' for z = 0.183 using 8 thread(s) took 9.449039s
Reading in 'PartType4/Mass' for z = 0.183 using 8 thread(s) took 18.018033s
Reading in 'PartType4/ParticleIDs' for z = 0.0 using 8 thread(s) took 24.626729s
Reading in 'Subhalo/SubGroupNumber' for z = 0.0 using 8 thread(s) took 13.093396s
Reading in 'Subhalo/GroupNumber' for z = 0.0 using 8 thread(s) took 9.585228s
Job done, info follows...
       JobID    JobName  Partition     MaxRSS    Elapsed ExitCode 
------------ ---------- ---------- ---------- ---------- -------- 
2040789_28     MEGA-REF     cosma7            1-12:45:16      0:0 
2040789_28.+     extern                       1-12:45:16      0:0 
