====
Starting job 2043116 at Thu 23 Apr 22:14:30 BST 2020 for user dc-rope1.
Running on nodes: m6261
====
25
('37', '000_z015p000', '001_z014p000', '002_z013p000')
Reading in 'PartType1/ParticleIDs' for z = 14.0 using 8 thread(s) took 7.271857s
Reading in 'PartType1/ParticleIDs' for z = 14.0 using 8 thread(s) took 0.083165s
Reading in 'PartType1/GroupNumber' for z = 14.0 using 8 thread(s) took 0.08161s
Reading in 'PartType1/SubGroupNumber' for z = 14.0 using 8 thread(s) took 0.063984s
Reading in 'PartType1/GroupNumber' for z = 15.0 using 8 thread(s) took 0.093251s
Reading in 'PartType1/SubGroupNumber' for z = 15.0 using 8 thread(s) took 0.096569s
Reading in 'PartType1/ParticleIDs' for z = 15.0 using 8 thread(s) took 0.10275s
Reading in 'PartType1/GroupNumber' for z = 13.0 using 8 thread(s) took 1.8978s
Reading in 'PartType1/SubGroupNumber' for z = 13.0 using 8 thread(s) took 0.155978s
Reading in 'PartType1/ParticleIDs' for z = 13.0 using 8 thread(s) took 0.114985s
Graph progress:  0 % 2595.0
Graph progress:  1 % 2114.0
Graph progress:  2 % 3537.0
Graph progress:  3 % 1369.0
Graph progress:  4 % 3958.0
Graph progress:  5 % 723.0
Graph progress:  6 % 1030.0
Graph progress:  7 % 404.0
Graph progress:  8 % 4163.0
Graph progress:  9 % 2432.0
Graph progress:  10 % 325.0
Graph progress:  11 % 1975.0
Graph progress:  12 % 3156.0
Graph progress:  13 % 2074.0
Graph progress:  14 % 3290.0
Graph progress:  15 % 724.0
Graph progress:  16 % 4248.0
Graph progress:  17 % 3375.0
Graph progress:  18 % 2436.0
Graph progress:  19 % 3539.0
Graph progress:  20 % 679.0
Graph progress:  21 % 647.0
Graph progress:  22 % 3828.0
Graph progress:  23 % 3383.0
Graph progress:  24 % 722.0
Graph progress:  25 % 392.0
Graph progress:  26 % 1053.0
Graph progress:  27 % 1331.0
Graph progress:  28 % 422.0
Graph progress:  29 % 1583.0
Graph progress:  30 % 2537.0
Graph progress:  31 % 2488.0
Graph progress:  32 % 468.0
Graph progress:  33 % 191.0
Graph progress:  34 % 2889.0
Graph progress:  35 % 3432.0
Graph progress:  36 % 1460.0
Graph progress:  37 % 1800.0
Graph progress:  38 % 585.0
Graph progress:  39 % 3342.0
Graph progress:  40 % 838.0
Graph progress:  41 % 80.0
Graph progress:  42 % 865.0
Graph progress:  43 % 2476.0
Graph progress:  44 % 2942.0
Graph progress:  45 % 3623.0
Graph progress:  46 % 2323.0
Graph progress:  47 % 1290.0
Graph progress:  48 % 4219.0
Graph progress:  49 % 684.00001
Graph progress:  50 % 2826.0
Graph progress:  51 % 2036.0
Graph progress:  52 % 3837.0
Graph progress:  53 % 1863.0
Graph progress:  54 % 39.0
Graph progress:  55 % 2994.0
Graph progress:  56 % 2858.0
Graph progress:  57 % 3117.0
Graph progress:  58 % 3351.0
Graph progress:  59 % 4181.0
Graph progress:  60 % 1864.0
Graph progress:  61 % 536.0
Graph progress:  62 % 3387.0
Graph progress:  63 % 3705.0
Graph progress:  64 % 2873.0
Graph progress:  65 % 603.0
Graph progress:  66 % 262.0
Graph progress:  67 % 1872.0
Graph progress:  68 % 2913.0
Graph progress:  69 % 1476.0
Graph progress:  70 % 166.00001
Graph progress:  71 % 2960.0
Graph progress:  72 % 2126.0
Graph progress:  73 % 1311.0
Graph progress:  74 % 2091.0
Graph progress:  75 % 3761.0
Graph progress:  76 % 3126.0
Graph progress:  77 % 3763.0
Graph progress:  78 % 2087.0
Graph progress:  79 % 2057.0
Graph progress:  80 % 1153.0
Graph progress:  81 % 1756.0
Graph progress:  82 % 2207.0
Graph progress:  83 % 1281.0
Graph progress:  84 % 3103.0
Graph progress:  85 % 1786.0
Graph progress:  86 % 3907.0
Graph progress:  87 % 3921.0
Graph progress:  88 % 3317.0
Graph progress:  89 % 1985.0
Graph progress:  90 % 3684.0
Graph progress:  91 % 1315.0
Graph progress:  92 % 1918.0
Graph progress:  93 % 772.0
Graph progress:  94 % 3476.0
Graph progress:  95 % 320.00001
Graph progress:  96 % 350.0
Graph progress:  97 % 3042.0
Graph progress:  98 % 3491.0
Graph progress:  99 % 2693.0
Processed 4443 halos in snapshot 001_z014p000 of particle type 1
Reading in 'PartType4/ParticleIDs' for z = 14.0 using 8 thread(s) took 0.1201s
Reading in 'PartType4/ParticleIDs' for z = 15.0 using 8 thread(s) took 0.112137s
Reading in 'Subhalo/SubGroupNumber' for z = 15.0 using 8 thread(s) took 5.414081s
Reading in 'Subhalo/GroupNumber' for z = 15.0 using 8 thread(s) took 0.164789s
Reading in 'Subhalo/ApertureMeasurements/Mass/030kpc' for z = 15.0 using 8 thread(s) took 0.162729s
Reading in 'PartType4/Mass' for z = 15.0 using 8 thread(s) took 0.081059s
Reading in 'PartType4/ParticleIDs' for z = 13.0 using 8 thread(s) took 3.232879s
Reading in 'Subhalo/SubGroupNumber' for z = 13.0 using 8 thread(s) took 2.715743s
Reading in 'Subhalo/GroupNumber' for z = 13.0 using 8 thread(s) took 0.148022s
Reading in 'Subhalo/ApertureMeasurements/Mass/030kpc' for z = 13.0 using 8 thread(s) took 0.108515s
Reading in 'PartType4/Mass' for z = 13.0 using 8 thread(s) took 0.07348s
Reading in 'PartType4/ParticleIDs' for z = 14.0 using 8 thread(s) took 0.074368s
Reading in 'PartType4/GroupNumber' for z = 14.0 using 8 thread(s) took 0.074838s
Reading in 'PartType4/SubGroupNumber' for z = 14.0 using 8 thread(s) took 0.078357s
Reading in 'PartType4/GroupNumber' for z = 15.0 using 8 thread(s) took 0.077593s
Reading in 'PartType4/SubGroupNumber' for z = 15.0 using 8 thread(s) took 0.082424s
Reading in 'PartType4/ParticleIDs' for z = 15.0 using 8 thread(s) took 0.071751s
Reading in 'PartType4/GroupNumber' for z = 13.0 using 8 thread(s) took 0.075243s
Reading in 'PartType4/SubGroupNumber' for z = 13.0 using 8 thread(s) took 0.077299s
Reading in 'PartType4/ParticleIDs' for z = 13.0 using 8 thread(s) took 0.090192s
Graph progress:  0 % 256.0
Graph progress:  1 % 142.0
Graph progress:  2 % 386.0
Graph progress:  3 % 27.0
Graph progress:  4 % 356.0
Graph progress:  5 % 276.0
Graph progress:  6 % 1231.0
Graph progress:  7 % 187.0
Graph progress:  8 % 1495.0
Graph progress:  9 % 229.0
Graph progress:  10 % 275.0
Graph progress:  11 % 792.0
Graph progress:  12 % 284.0
Graph progress:  13 % 1004.0
Graph progress:  14 % 851.0
Graph progress:  15 % 1814.0
Graph progress:  16 % 74.0
Graph progress:  17 % 277.0
Graph progress:  18 % 199.0
Graph progress:  19 % 12.0
Graph progress:  20 % 1901.0
Graph progress:  21 % 783.0
Graph progress:  22 % 991.0
Graph progress:  23 % 860.0
Graph progress:  24 % 968.0
Graph progress:  25 % 15.0
Graph progress:  26 % 307.0
Graph progress:  27 % 64.0
Graph progress:  28 % 167.0
Graph progress:  29 % 272.0
Graph progress:  30 % 93.0
Graph progress:  31 % 35.0
Graph progress:  32 % 501.0
Graph progress:  33 % 254.0
Graph progress:  34 % 203.0
Graph progress:  35 % 41.0
Graph progress:  36 % 308.0
Graph progress:  37 % 281.0
Graph progress:  38 % 5.0
Graph progress:  39 % 1.0
Graph progress:  40 % 96.0
Graph progress:  41 % 61.0
Graph progress:  42 % 125.0
Graph progress:  43 % 83.0
Graph progress:  44 % 123.0
Graph progress:  45 % 23.0
Graph progress:  46 % 29.0
Graph progress:  47 % 848.0
Graph progress:  48 % 58.0
Graph progress:  49 % 80.00001
Graph progress:  50 % 817.0
Graph progress:  51 % 435.0
Graph progress:  52 % 1002.0
Graph progress:  53 % 239.0
Graph progress:  54 % 30.0
Graph progress:  55 % 558.0
Graph progress:  56 % 1499.0
Graph progress:  57 % 158.0
Graph progress:  58 % 596.0
Graph progress:  59 % 840.0
Graph progress:  60 % 13.0
Graph progress:  61 % 972.0
Graph progress:  62 % 502.0
Graph progress:  63 % 347.0
Graph progress:  64 % 1023.0
Graph progress:  65 % 212.0
Graph progress:  66 % 26.0
Graph progress:  67 % 1127.0
Graph progress:  68 % 57.0
Graph progress:  69 % 60.0
Graph progress:  70 % 56.0
Graph progress:  71 % 370.0
Graph progress:  72 % 231.0
Graph progress:  73 % 11.0
Graph progress:  74 % 68.0
Graph progress:  75 % 214.0
Graph progress:  76 % 135.0
Graph progress:  77 % 368.0
Graph progress:  78 % 791.0
Graph progress:  79 % 376.0
Graph progress:  80 % 624.0
Graph progress:  81 % 98.0
Graph progress:  82 % 635.0
Graph progress:  83 % 636.0
Graph progress:  84 % 382.0
Graph progress:  85 % 516.0
Graph progress:  86 % 193.0
Graph progress:  87 % 1055.0
Graph progress:  88 % 188.00001
Graph progress:  89 % 65.0
Graph progress:  90 % 236.0
Graph progress:  91 % 1124.0
Graph progress:  92 % 129.0
Graph progress:  93 % 1120.0
Graph progress:  94 % 874.0
Graph progress:  95 % 155.0
Graph progress:  96 % 6.0
Graph progress:  97 % 1337.0
Graph progress:  98 % 209.0
Graph progress:  99 % 115.0
Processed 303 halos in snapshot 001_z014p000 of particle type 4
Reading in 'PartType5/ParticleIDs' for z = 14.0 using 8 thread(s) took 0.065827s
Reading in 'PartType5/ParticleIDs' for z = 15.0 using 8 thread(s) took 0.06294s
Reading in 'Subhalo/SubGroupNumber' for z = 15.0 using 8 thread(s) took 0.117939s
Reading in 'Subhalo/GroupNumber' for z = 15.0 using 8 thread(s) took 0.109068s
Reading in 'Subhalo/ApertureMeasurements/Mass/030kpc' for z = 15.0 using 8 thread(s) took 0.108999s
Reading in 'PartType5/Mass' for z = 15.0 using 8 thread(s) took 0.065615s
Reading in 'PartType5/ParticleIDs' for z = 13.0 using 8 thread(s) took 0.100362s
Reading in 'Subhalo/SubGroupNumber' for z = 13.0 using 8 thread(s) took 0.102018s
Reading in 'Subhalo/GroupNumber' for z = 13.0 using 8 thread(s) took 0.097771s
Reading in 'Subhalo/ApertureMeasurements/Mass/030kpc' for z = 13.0 using 8 thread(s) took 0.114529s
Reading in 'PartType5/Mass' for z = 13.0 using 8 thread(s) took 0.076842s
Reading in 'PartType5/ParticleIDs' for z = 14.0 using 8 thread(s) took 0.077995s
Reading in 'PartType5/GroupNumber' for z = 14.0 using 8 thread(s) took 0.068417s
Reading in 'PartType5/SubGroupNumber' for z = 14.0 using 8 thread(s) took 0.072246s
Reading in 'PartType5/GroupNumber' for z = 15.0 using 8 thread(s) took 0.072s
Reading in 'PartType5/SubGroupNumber' for z = 15.0 using 8 thread(s) took 0.072396s
Reading in 'PartType5/ParticleIDs' for z = 15.0 using 8 thread(s) took 0.077563s
Reading in 'PartType5/GroupNumber' for z = 13.0 using 8 thread(s) took 0.077541s
Reading in 'PartType5/SubGroupNumber' for z = 13.0 using 8 thread(s) took 0.076238s
Reading in 'PartType5/ParticleIDs' for z = 13.0 using 8 thread(s) took 0.077512s
Processed 0 halos in snapshot 001_z014p000 of particle type 5
Reading in 'PartType0/ParticleIDs' for z = 14.0 using 8 thread(s) took 6.64661s
Reading in 'PartType0/ParticleIDs' for z = 15.0 using 8 thread(s) took 6.968222s
Reading in 'Subhalo/SubGroupNumber' for z = 15.0 using 8 thread(s) took 0.200572s
Reading in 'Subhalo/GroupNumber' for z = 15.0 using 8 thread(s) took 0.152746s
Reading in 'Subhalo/ApertureMeasurements/Mass/030kpc' for z = 15.0 using 8 thread(s) took 0.160675s
Reading in 'PartType0/Mass' for z = 15.0 using 8 thread(s) took 0.142967s
Reading in 'PartType0/ParticleIDs' for z = 13.0 using 8 thread(s) took 9.930825s
Reading in 'Subhalo/SubGroupNumber' for z = 13.0 using 8 thread(s) took 0.212355s
Reading in 'Subhalo/GroupNumber' for z = 13.0 using 8 thread(s) took 0.174847s
Reading in 'Subhalo/ApertureMeasurements/Mass/030kpc' for z = 13.0 using 8 thread(s) took 0.167247s
Reading in 'PartType0/Mass' for z = 13.0 using 8 thread(s) took 0.141766s
Reading in 'PartType0/ParticleIDs' for z = 14.0 using 8 thread(s) took 0.17438s
Reading in 'PartType0/GroupNumber' for z = 14.0 using 8 thread(s) took 0.148507s
Reading in 'PartType0/SubGroupNumber' for z = 14.0 using 8 thread(s) took 0.149848s
Reading in 'PartType0/GroupNumber' for z = 15.0 using 8 thread(s) took 0.172611s
Reading in 'PartType0/SubGroupNumber' for z = 15.0 using 8 thread(s) took 0.166078s
Reading in 'PartType0/ParticleIDs' for z = 15.0 using 8 thread(s) took 0.171487s
Reading in 'PartType0/GroupNumber' for z = 13.0 using 8 thread(s) took 0.179809s
Reading in 'PartType0/SubGroupNumber' for z = 13.0 using 8 thread(s) took 0.184127s
Reading in 'PartType0/ParticleIDs' for z = 13.0 using 8 thread(s) took 0.194369s
Graph progress:  0 % 2595.0
Graph progress:  1 % 163.0
Graph progress:  2 % 7.0
Graph progress:  3 % 958.0
Graph progress:  4 % 534.0
Graph progress:  5 % 2696.0
Graph progress:  6 % 3444.0
Graph progress:  7 % 879.0
Graph progress:  8 % 1567.0
Graph progress:  9 % 238.0
Graph progress:  10 % 3.00002
Graph progress:  11 % 913.0
Graph progress:  12 % 1947.0
Graph progress:  13 % 2783.0
Graph progress:  14 % 3015.0
Graph progress:  15 % 1422.0
Graph progress:  16 % 1649.0
Graph progress:  17 % 4078.0
Graph progress:  18 % 1524.0
Graph progress:  19 % 2822.0
Graph progress:  20 % 472.0
Graph progress:  21 % 2068.0
Graph progress:  22 % 1326.0
Graph progress:  23 % 3088.0
Graph progress:  24 % 2122.0
Graph progress:  25 % 4120.0
Graph progress:  26 % 978.0
Graph progress:  27 % 1443.0
Graph progress:  28 % 3962.0
Graph progress:  29 % 168.00001
Graph progress:  30 % 3648.0
Graph progress:  31 % 3506.0
Graph progress:  32 % 396.0
Graph progress:  33 % 21.00002
Graph progress:  34 % 1233.0
Graph progress:  35 % 2238.0
Graph progress:  36 % 3515.0
Graph progress:  37 % 975.0
Graph progress:  38 % 1694.0
Graph progress:  39 % 3076.0
Graph progress:  40 % 4235.0
Graph progress:  41 % 1193.0
Graph progress:  42 % 2517.0
Graph progress:  43 % 82.00001
Graph progress:  44 % 1343.0
Graph progress:  45 % 355.0
Graph progress:  46 % 227.0
Graph progress:  47 % 1461.0
Graph progress:  48 % 748.0
Graph progress:  49 % 73.00002
Graph progress:  50 % 3438.0
Graph progress:  51 % 3599.0
Graph progress:  52 % 3692.0
Graph progress:  53 % 1227.0
Graph progress:  54 % 39.00001
Graph progress:  55 % 2099.0
Graph progress:  56 % 1815.0
Graph progress:  57 % 1087.0
Graph progress:  58 % 292.00001
Graph progress:  59 % 1960.0
Graph progress:  60 % 857.0
Graph progress:  61 % 3799.0
Graph progress:  62 % 171.0
Graph progress:  63 % 1769.0
Graph progress:  64 % 60.0
Graph progress:  65 % 1513.0
Graph progress:  66 % 2444.0
Graph progress:  67 % 265.0
Graph progress:  68 % 205.0
Graph progress:  69 % 97.0
Graph progress:  70 % 3560.0
Graph progress:  71 % 2055.0
Graph progress:  72 % 2417.0
Graph progress:  73 % 1311.0
Graph progress:  74 % 2125.0
Graph progress:  75 % 241.00001
Graph progress:  76 % 3866.0
Graph progress:  77 % 3062.0
Graph progress:  78 % 3559.0
Graph progress:  79 % 2057.0
Graph progress:  80 % 1431.0
Graph progress:  81 % 2847.0
Graph progress:  82 % 514.0
Graph progress:  83 % 3967.0
Graph progress:  84 % 2128.0
Graph progress:  85 % 1101.0
Graph progress:  86 % 3032.0
Graph progress:  87 % 458.0
Graph progress:  88 % 3114.0
Graph progress:  89 % 1285.0
Graph progress:  90 % 2648.0
Graph progress:  91 % 2553.0
Graph progress:  92 % 1314.0
Graph progress:  93 % 983.0
Graph progress:  94 % 1174.0
Graph progress:  95 % 2408.0
Graph progress:  96 % 3911.0
Graph progress:  97 % 2645.0
Graph progress:  98 % 2218.0
Graph progress:  99 % 2353.0
Processed 4457 halos in snapshot 001_z014p000 of particle type 0
Write progress:  0 % 2595.0
Write progress:  1 % 2114.0
Write progress:  2 % 3537.0
Write progress:  3 % 1369.0
Write progress:  4 % 3958.0
Write progress:  5 % 723.0
Write progress:  6 % 1030.0
Write progress:  7 % 404.0
Write progress:  8 % 4163.0
Write progress:  9 % 2432.0
Write progress:  10 % 325.0
Write progress:  11 % 1975.0
Write progress:  12 % 3156.0
Write progress:  13 % 2074.0
Write progress:  14 % 3290.0
Write progress:  15 % 724.0
Write progress:  16 % 4248.0
Write progress:  17 % 3375.0
Write progress:  18 % 2436.0
Write progress:  19 % 3539.0
Write progress:  20 % 679.0
Write progress:  21 % 647.0
Write progress:  22 % 3828.0
Write progress:  23 % 3383.0
Write progress:  24 % 722.0
Write progress:  25 % 392.0
Write progress:  26 % 1053.0
Write progress:  27 % 1331.0
Write progress:  28 % 422.0
Write progress:  29 % 1583.0
Write progress:  30 % 2537.0
Write progress:  31 % 2488.0
Write progress:  32 % 468.0
Write progress:  33 % 191.0
Write progress:  34 % 2889.0
Write progress:  35 % 3432.0
Write progress:  36 % 1460.0
Write progress:  37 % 1800.0
Write progress:  38 % 585.0
Write progress:  39 % 3342.0
Write progress:  40 % 838.0
Write progress:  41 % 80.0
Write progress:  42 % 865.0
Write progress:  43 % 2476.0
Write progress:  44 % 2942.0
Write progress:  45 % 3623.0
Write progress:  46 % 2323.0
Write progress:  47 % 1290.0
Write progress:  48 % 4219.0
Write progress:  49 % 684.00001
Write progress:  50 % 2826.0
Write progress:  51 % 2036.0
Write progress:  52 % 3837.0
Write progress:  53 % 1863.0
Write progress:  54 % 39.0
Write progress:  55 % 2994.0
Write progress:  56 % 2858.0
Write progress:  57 % 3117.0
Write progress:  58 % 3351.0
Write progress:  59 % 4181.0
Write progress:  60 % 1864.0
Write progress:  61 % 536.0
Write progress:  62 % 3387.0
Write progress:  63 % 3705.0
Write progress:  64 % 2873.0
Write progress:  65 % 603.0
Write progress:  66 % 262.0
Write progress:  67 % 1872.0
Write progress:  68 % 2913.0
Write progress:  69 % 1476.0
Write progress:  70 % 166.00001
Write progress:  71 % 2960.0
Write progress:  72 % 2126.0
Write progress:  73 % 1311.0
Write progress:  74 % 2091.0
Write progress:  75 % 3761.0
Write progress:  76 % 3126.0
Write progress:  77 % 3763.0
Write progress:  78 % 2087.0
Write progress:  79 % 2057.0
Write progress:  80 % 1153.0
Write progress:  81 % 1756.0
Write progress:  82 % 2207.0
Write progress:  83 % 1281.0
Write progress:  84 % 3103.0
Write progress:  85 % 1786.0
Write progress:  86 % 3907.0
Write progress:  87 % 3921.0
Write progress:  88 % 3317.0
Write progress:  89 % 1985.0
Write progress:  90 % 3684.0
Write progress:  91 % 1315.0
Write progress:  92 % 1918.0
Write progress:  93 % 772.0
Write progress:  94 % 3476.0
Write progress:  95 % 320.00001
Write progress:  96 % 350.0
Write progress:  97 % 3042.0
Write progress:  98 % 3491.0
Write progress:  99 % 2693.0
Job done, info follows...
       JobID    JobName  Partition     MaxRSS    Elapsed ExitCode 
------------ ---------- ---------- ---------- ---------- -------- 
2042958_26   MEGA-FLAR+     cosma6              00:03:10      0:0 
2042958_26.+     extern                         00:03:10      0:0 
