====
Starting job 2043170 at Thu 23 Apr 23:05:16 BST 2020 for user dc-rope1.
Running on nodes: m6386
====
77
('33', '004_z011p000', '005_z010p000', '006_z009p000')
Reading in 'PartType1/ParticleIDs' for z = 10.0 using 8 thread(s) took 6.734947s
Reading in 'PartType1/ParticleIDs' for z = 10.0 using 8 thread(s) took 0.436606s
Reading in 'PartType1/GroupNumber' for z = 10.0 using 8 thread(s) took 0.102953s
Reading in 'PartType1/SubGroupNumber' for z = 10.0 using 8 thread(s) took 0.10132s
Reading in 'PartType1/GroupNumber' for z = 11.0 using 8 thread(s) took 1.665326s
Reading in 'PartType1/SubGroupNumber' for z = 11.0 using 8 thread(s) took 0.138165s
Reading in 'PartType1/ParticleIDs' for z = 11.0 using 8 thread(s) took 0.126688s
Reading in 'PartType1/GroupNumber' for z = 9.0 using 8 thread(s) took 4.16214s
Reading in 'PartType1/SubGroupNumber' for z = 9.0 using 8 thread(s) took 0.295033s
Reading in 'PartType1/ParticleIDs' for z = 9.0 using 8 thread(s) took 0.222062s
Graph progress:  0 % 15192.0
Graph progress:  1 % 2161.00001
Graph progress:  2 % 705.0
Graph progress:  3 % 10003.0
Graph progress:  4 % 22400.0
Graph progress:  5 % 14092.0
Graph progress:  6 % 24528.0
Graph progress:  7 % 24134.0
Graph progress:  8 % 17410.0
Graph progress:  9 % 12363.0
Graph progress:  10 % 12361.0
Graph progress:  11 % 3724.0
Graph progress:  12 % 4144.0
Graph progress:  13 % 12383.0
Graph progress:  14 % 1587.0
Graph progress:  15 % 20895.0
Graph progress:  16 % 551.0
Graph progress:  17 % 21986.0
Graph progress:  18 % 21355.0
Graph progress:  19 % 16420.0
Graph progress:  20 % 9442.0
Graph progress:  21 % 15171.0
Graph progress:  22 % 16594.0
Graph progress:  23 % 22443.0
Graph progress:  24 % 11220.0
Graph progress:  25 % 6360.00001
Graph progress:  26 % 25046.0
Graph progress:  27 % 20540.0
Graph progress:  28 % 25738.0
Graph progress:  29 % 24625.0
Graph progress:  30 % 12056.0
Graph progress:  31 % 13479.0
Graph progress:  32 % 22088.0
Graph progress:  33 % 3508.0
Graph progress:  34 % 11082.0
Graph progress:  35 % 15397.0
Graph progress:  36 % 20564.0
Graph progress:  37 % 2242.00001
Graph progress:  38 % 4129.0
Graph progress:  39 % 14626.0
Graph progress:  40 % 5005.0
Graph progress:  41 % 14018.0
Graph progress:  42 % 13542.0
Graph progress:  43 % 19429.0
Graph progress:  44 % 39.00005
Graph progress:  45 % 20689.0
Graph progress:  46 % 20010.0
Graph progress:  47 % 19107.0
Graph progress:  48 % 6423.0
Graph progress:  49 % 23453.0
Graph progress:  50 % 21496.0
Graph progress:  51 % 9494.0
Graph progress:  52 % 13193.0
Graph progress:  53 % 516.00002
Graph progress:  54 % 23840.0
Graph progress:  55 % 10168.0
Graph progress:  56 % 19030.0
Graph progress:  57 % 21896.0
Graph progress:  58 % 20760.0
Graph progress:  59 % 3442.0
Graph progress:  60 % 590.00001
Graph progress:  61 % 13983.0
Graph progress:  62 % 8443.0
Graph progress:  63 % 8742.0
Graph progress:  64 % 19997.0
Graph progress:  65 % 701.0
Graph progress:  66 % 24673.0
Graph progress:  67 % 26235.0
Graph progress:  68 % 19411.0
Graph progress:  69 % 79.0
Graph progress:  70 % 1030.00001
Graph progress:  71 % 22321.0
Graph progress:  72 % 6539.0
Graph progress:  73 % 4139.00001
Graph progress:  74 % 12007.0
Graph progress:  75 % 9955.0
Graph progress:  76 % 23877.0
Graph progress:  77 % 18120.0
Graph progress:  78 % 4395.0
Graph progress:  79 % 5884.0
Graph progress:  80 % 15166.0
Graph progress:  81 % 14700.0
Graph progress:  82 % 5183.0
Graph progress:  83 % 6106.0
Graph progress:  84 % 9690.0
Graph progress:  85 % 26472.0
Graph progress:  86 % 5364.0
Graph progress:  87 % 16252.0
Graph progress:  88 % 14904.0
Graph progress:  89 % 584.00002
Graph progress:  90 % 2536.0
Graph progress:  91 % 12127.0
Graph progress:  92 % 12852.0
Graph progress:  93 % 577.00001
Graph progress:  94 % 13351.0
Graph progress:  95 % 25250.0
Graph progress:  96 % 7947.0
Graph progress:  97 % 13612.0
Graph progress:  98 % 10890.0
Graph progress:  99 % 463.0
Processed 29173 halos in snapshot 005_z010p000 of particle type 1
Reading in 'PartType4/ParticleIDs' for z = 10.0 using 8 thread(s) took 1.785796s
Reading in 'PartType4/ParticleIDs' for z = 11.0 using 8 thread(s) took 2.896561s
Reading in 'Subhalo/SubGroupNumber' for z = 11.0 using 8 thread(s) took 1.288359s
Reading in 'Subhalo/GroupNumber' for z = 11.0 using 8 thread(s) took 0.193698s
Reading in 'Subhalo/ApertureMeasurements/Mass/030kpc' for z = 11.0 using 8 thread(s) took 0.165838s
Reading in 'PartType4/Mass' for z = 11.0 using 8 thread(s) took 0.414385s
Reading in 'PartType4/ParticleIDs' for z = 9.0 using 8 thread(s) took 1.879061s
Reading in 'Subhalo/SubGroupNumber' for z = 9.0 using 8 thread(s) took 4.065518s
Reading in 'Subhalo/GroupNumber' for z = 9.0 using 8 thread(s) took 0.231473s
Reading in 'Subhalo/ApertureMeasurements/Mass/030kpc' for z = 9.0 using 8 thread(s) took 0.154317s
Reading in 'PartType4/Mass' for z = 9.0 using 8 thread(s) took 0.27733s
Reading in 'PartType4/ParticleIDs' for z = 10.0 using 8 thread(s) took 0.37243s
Reading in 'PartType4/GroupNumber' for z = 10.0 using 8 thread(s) took 0.167066s
Reading in 'PartType4/SubGroupNumber' for z = 10.0 using 8 thread(s) took 0.14352s
Reading in 'PartType4/GroupNumber' for z = 11.0 using 8 thread(s) took 0.51257s
Reading in 'PartType4/SubGroupNumber' for z = 11.0 using 8 thread(s) took 0.236684s
Reading in 'PartType4/ParticleIDs' for z = 11.0 using 8 thread(s) took 0.211061s
Reading in 'PartType4/GroupNumber' for z = 9.0 using 8 thread(s) took 0.420989s
Reading in 'PartType4/SubGroupNumber' for z = 9.0 using 8 thread(s) took 0.669577s
Reading in 'PartType4/ParticleIDs' for z = 9.0 using 8 thread(s) took 0.641989s
Graph progress:  0 % 17688.0
Graph progress:  1 % 1654.0
Graph progress:  2 % 766.0
Graph progress:  3 % 16912.0
Graph progress:  4 % 3035.00001
Graph progress:  5 % 739.0
Graph progress:  6 % 6688.0
Graph progress:  7 % 1748.0
Graph progress:  8 % 11375.0
Graph progress:  9 % 3244.0
Graph progress:  10 % 9911.0
Graph progress:  11 % 5687.0
Graph progress:  12 % 5849.0
Graph progress:  13 % 3086.0
Graph progress:  14 % 1725.0
Graph progress:  15 % 1389.0
Graph progress:  16 % 863.0
Graph progress:  17 % 3383.0
Graph progress:  18 % 3428.0
Graph progress:  19 % 2543.0
Graph progress:  20 % 1702.0
Graph progress:  21 % 1018.0
Graph progress:  22 % 1467.0
Graph progress:  23 % 9760.0
Graph progress:  24 % 2352.0
Graph progress:  25 % 6832.0
Graph progress:  26 % 1751.0
Graph progress:  27 % 5428.0
Graph progress:  28 % 1638.0
Graph progress:  29 % 10668.0
Graph progress:  30 % 328.00001
Graph progress:  31 % 1145.00001
Graph progress:  32 % 1750.0
Graph progress:  33 % 26497.0
Graph progress:  34 % 48.00002
Graph progress:  35 % 1155.0
Graph progress:  36 % 439.0
Graph progress:  37 % 496.00001
Graph progress:  38 % 4040.0
Graph progress:  39 % 1496.00001
Graph progress:  40 % 370.0
Graph progress:  41 % 1322.0
Graph progress:  42 % 100.0
Graph progress:  43 % 127.00001
Graph progress:  44 % 634.0
Graph progress:  45 % 507.0
Graph progress:  46 % 1119.0
Graph progress:  47 % 4165.0
Graph progress:  48 % 943.0
Graph progress:  49 % 610.0
Graph progress:  50 % 1375.0
Graph progress:  51 % 1283.0
Graph progress:  52 % 441.0
Graph progress:  53 % 1766.0
Graph progress:  54 % 744.0
Graph progress:  55 % 5770.0
Graph progress:  56 % 158.0
Graph progress:  57 % 1875.0
Graph progress:  58 % 1335.0
Graph progress:  59 % 5217.0
Graph progress:  60 % 3662.0
Graph progress:  61 % 43.00002
Graph progress:  62 % 62.0
Graph progress:  63 % 1803.0
Graph progress:  64 % 1006.0
Graph progress:  65 % 3810.0
Graph progress:  66 % 1393.0
Graph progress:  67 % 19.00005
Graph progress:  68 % 1143.0
Graph progress:  69 % 1024.0
Graph progress:  70 % 2511.0
Graph progress:  71 % 4203.0
Graph progress:  72 % 3118.0
Graph progress:  73 % 1191.0
Graph progress:  74 % 1529.0
Graph progress:  75 % 2827.0
Graph progress:  76 % 3171.0
Graph progress:  77 % 804.0
Graph progress:  78 % 75.0
Graph progress:  79 % 1939.0
Graph progress:  80 % 2967.0
Graph progress:  81 % 853.0
Graph progress:  82 % 1103.0
Graph progress:  83 % 992.0
Graph progress:  84 % 24.0
Graph progress:  85 % 74.00001
Graph progress:  86 % 2059.0
Graph progress:  87 % 9476.0
Graph progress:  88 % 8361.0
Graph progress:  89 % 2856.0
Graph progress:  90 % 632.0
Graph progress:  91 % 622.0
Graph progress:  92 % 7.00005
Graph progress:  93 % 6604.0
Graph progress:  94 % 8186.00001
Graph progress:  95 % 3361.0
Graph progress:  96 % 2312.0
Graph progress:  97 % 2301.0
Graph progress:  98 % 59.0
Graph progress:  99 % 748.0
Processed 2783 halos in snapshot 005_z010p000 of particle type 4
Reading in 'PartType5/ParticleIDs' for z = 10.0 using 8 thread(s) took 0.854682s
Reading in 'PartType5/ParticleIDs' for z = 11.0 using 8 thread(s) took 0.442679s
Reading in 'Subhalo/SubGroupNumber' for z = 11.0 using 8 thread(s) took 0.19865s
Reading in 'Subhalo/GroupNumber' for z = 11.0 using 8 thread(s) took 0.18788s
Reading in 'Subhalo/ApertureMeasurements/Mass/030kpc' for z = 11.0 using 8 thread(s) took 0.16236s
Reading in 'PartType5/Mass' for z = 11.0 using 8 thread(s) took 0.416427s
Reading in 'PartType5/ParticleIDs' for z = 9.0 using 8 thread(s) took 1.729503s
Reading in 'Subhalo/SubGroupNumber' for z = 9.0 using 8 thread(s) took 0.198151s
Reading in 'Subhalo/GroupNumber' for z = 9.0 using 8 thread(s) took 0.154864s
Reading in 'Subhalo/ApertureMeasurements/Mass/030kpc' for z = 9.0 using 8 thread(s) took 0.159487s
Reading in 'PartType5/Mass' for z = 9.0 using 8 thread(s) took 0.149438s
Reading in 'PartType5/ParticleIDs' for z = 10.0 using 8 thread(s) took 0.130321s
Reading in 'PartType5/GroupNumber' for z = 10.0 using 8 thread(s) took 0.109444s
Reading in 'PartType5/SubGroupNumber' for z = 10.0 using 8 thread(s) took 0.098902s
Reading in 'PartType5/GroupNumber' for z = 11.0 using 8 thread(s) took 0.097886s
Reading in 'PartType5/SubGroupNumber' for z = 11.0 using 8 thread(s) took 0.091831s
Reading in 'PartType5/ParticleIDs' for z = 11.0 using 8 thread(s) took 0.095878s
Reading in 'PartType5/GroupNumber' for z = 9.0 using 8 thread(s) took 0.178633s
Reading in 'PartType5/SubGroupNumber' for z = 9.0 using 8 thread(s) took 0.365142s
Reading in 'PartType5/ParticleIDs' for z = 9.0 using 8 thread(s) took 0.13939s
Graph progress:  0 % 1.0
Graph progress:  2 % 10.00001
Graph progress:  4 % 35.0
Graph progress:  6 % 14.00001
Graph progress:  8 % 117.0
Graph progress:  11 % 48.00001
Graph progress:  13 % 16.0
Graph progress:  15 % 49.00001
Graph progress:  17 % 4.0
Graph progress:  20 % 8.0
Graph progress:  22 % 23.00003
Graph progress:  24 % 50.00001
Graph progress:  26 % 22.0
Graph progress:  28 % 51.0
Graph progress:  31 % 4.00001
Graph progress:  33 % 341.0
Graph progress:  35 % 182.00001
Graph progress:  37 % 43.0
Graph progress:  40 % 41.00003
Graph progress:  42 % 18.00002
Graph progress:  44 % 2.0
Graph progress:  46 % 19.00005
Graph progress:  48 % 11.00001
Graph progress:  51 % 21.00001
Graph progress:  53 % 9.0
Graph progress:  55 % 3.0
Graph progress:  57 % 5.0
Graph progress:  60 % 26.0
Graph progress:  62 % 17.0
Graph progress:  64 % 31.0
Graph progress:  66 % 6.0
Graph progress:  68 % 30.0
Graph progress:  71 % 24.00003
Graph progress:  73 % 28.00001
Graph progress:  75 % 12.0
Graph progress:  77 % 27.00001
Graph progress:  80 % 20.0
Graph progress:  82 % 56.0
Graph progress:  84 % 7.0
Graph progress:  86 % 29.0
Graph progress:  88 % 13.00005
Graph progress:  91 % 58.0
Graph progress:  93 % 15.0
Graph progress:  95 % 25.0
Graph progress:  97 % 59.00001
Processed 45 halos in snapshot 005_z010p000 of particle type 5
Reading in 'PartType0/ParticleIDs' for z = 10.0 using 8 thread(s) took 6.82502s
Reading in 'PartType0/ParticleIDs' for z = 11.0 using 8 thread(s) took 8.721245s
Reading in 'Subhalo/SubGroupNumber' for z = 11.0 using 8 thread(s) took 0.238998s
Reading in 'Subhalo/GroupNumber' for z = 11.0 using 8 thread(s) took 0.199571s
Reading in 'Subhalo/ApertureMeasurements/Mass/030kpc' for z = 11.0 using 8 thread(s) took 0.203657s
Reading in 'PartType0/Mass' for z = 11.0 using 8 thread(s) took 0.190225s
Reading in 'PartType0/ParticleIDs' for z = 9.0 using 8 thread(s) took 7.956221s
Reading in 'Subhalo/SubGroupNumber' for z = 9.0 using 8 thread(s) took 0.258487s
Reading in 'Subhalo/GroupNumber' for z = 9.0 using 8 thread(s) took 0.21943s
Reading in 'Subhalo/ApertureMeasurements/Mass/030kpc' for z = 9.0 using 8 thread(s) took 0.240842s
Reading in 'PartType0/Mass' for z = 9.0 using 8 thread(s) took 0.234938s
Reading in 'PartType0/ParticleIDs' for z = 10.0 using 8 thread(s) took 0.206876s
Reading in 'PartType0/GroupNumber' for z = 10.0 using 8 thread(s) took 0.197374s
Reading in 'PartType0/SubGroupNumber' for z = 10.0 using 8 thread(s) took 0.169258s
Reading in 'PartType0/GroupNumber' for z = 11.0 using 8 thread(s) took 0.240479s
Reading in 'PartType0/SubGroupNumber' for z = 11.0 using 8 thread(s) took 0.340612s
Reading in 'PartType0/ParticleIDs' for z = 11.0 using 8 thread(s) took 0.235511s
Reading in 'PartType0/GroupNumber' for z = 9.0 using 8 thread(s) took 0.215483s
Reading in 'PartType0/SubGroupNumber' for z = 9.0 using 8 thread(s) took 0.221842s
Reading in 'PartType0/ParticleIDs' for z = 9.0 using 8 thread(s) took 0.256425s
Graph progress:  0 % 15192.0
Graph progress:  1 % 11064.0
Graph progress:  2 % 2631.0
Graph progress:  3 % 894.0
Graph progress:  4 % 15196.0
Graph progress:  5 % 159.00002
Graph progress:  6 % 1106.0
Graph progress:  7 % 16413.0
Graph progress:  8 % 11611.0
Graph progress:  9 % 3525.0
Graph progress:  10 % 1082.0
Graph progress:  11 % 24258.0
Graph progress:  12 % 535.0
Graph progress:  13 % 9067.0
Graph progress:  14 % 9913.0
Graph progress:  15 % 17984.0
Graph progress:  16 % 11092.0
Graph progress:  17 % 10778.0
Graph progress:  18 % 12878.0
Graph progress:  19 % 21669.0
Graph progress:  20 % 15637.0
Graph progress:  21 % 15171.0
Graph progress:  22 % 813.0
Graph progress:  23 % 11939.0
Graph progress:  24 % 23321.0
Graph progress:  25 % 18995.0
Graph progress:  26 % 20941.0
Graph progress:  27 % 14569.0
Graph progress:  28 % 19909.0
Graph progress:  29 % 18061.0
Graph progress:  30 % 21689.0
Graph progress:  31 % 3042.00001
Graph progress:  32 % 18069.0
Graph progress:  33 % 12566.0
Graph progress:  34 % 20566.0
Graph progress:  35 % 16406.0
Graph progress:  36 % 4575.0
Graph progress:  37 % 13354.0
Graph progress:  38 % 12802.0
Graph progress:  39 % 10087.0
Graph progress:  40 % 20302.0
Graph progress:  41 % 297.0
Graph progress:  42 % 249.0
Graph progress:  43 % 1840.00001
Graph progress:  44 % 14623.0
Graph progress:  45 % 23467.0
Graph progress:  46 % 2277.0
Graph progress:  47 % 12772.0
Graph progress:  48 % 10336.0
Graph progress:  49 % 809.00001
Graph progress:  50 % 10464.0
Graph progress:  51 % 13551.0
Graph progress:  52 % 20622.0
Graph progress:  53 % 15286.0
Graph progress:  54 % 24833.0
Graph progress:  55 % 2097.0
Graph progress:  56 % 109.0
Graph progress:  57 % 4470.0
Graph progress:  58 % 23932.0
Graph progress:  59 % 948.0
Graph progress:  60 % 20974.0
Graph progress:  61 % 11.0
Graph progress:  62 % 3516.00001
Graph progress:  63 % 23869.0
Graph progress:  64 % 24787.0
Graph progress:  65 % 773.0
Graph progress:  66 % 1222.00001
Graph progress:  67 % 23035.0
Graph progress:  68 % 1455.00001
Graph progress:  69 % 24499.0
Graph progress:  70 % 12180.0
Graph progress:  71 % 13826.0
Graph progress:  72 % 8038.0
Graph progress:  73 % 17375.0
Graph progress:  74 % 1668.0
Graph progress:  75 % 14470.0
Graph progress:  76 % 9923.0
Graph progress:  77 % 20442.0
Graph progress:  78 % 5444.00001
Graph progress:  79 % 1125.00001
Graph progress:  80 % 21771.0
Graph progress:  81 % 1434.00002
Graph progress:  82 % 1890.0
Graph progress:  83 % 17235.0
Graph progress:  84 % 1855.0
Graph progress:  85 % 3466.0
Graph progress:  86 % 5662.00001
Graph progress:  87 % 1540.0
Graph progress:  88 % 10307.0
Graph progress:  89 % 6815.0
Graph progress:  90 % 7009.0
Graph progress:  91 % 16808.0
Graph progress:  92 % 15105.0
Graph progress:  93 % 6724.0
Graph progress:  94 % 85.00004
Graph progress:  95 % 19348.0
Graph progress:  96 % 16453.0
Graph progress:  97 % 5512.0
Graph progress:  98 % 304.00002
Graph progress:  99 % 1043.00002
Processed 29068 halos in snapshot 005_z010p000 of particle type 0
Write progress:  0 % 15192.0
Write progress:  1 % 2161.00001
Write progress:  2 % 705.0
Write progress:  3 % 10003.0
Write progress:  4 % 22400.0
Write progress:  5 % 14092.0
Write progress:  6 % 24528.0
Write progress:  7 % 24134.0
Write progress:  8 % 17410.0
Write progress:  9 % 12363.0
Write progress:  10 % 12361.0
Write progress:  11 % 3724.0
Write progress:  12 % 4144.0
Write progress:  13 % 12383.0
Write progress:  14 % 1587.0
Write progress:  15 % 20895.0
Write progress:  16 % 551.0
Write progress:  17 % 21986.0
Write progress:  18 % 21355.0
Write progress:  19 % 16420.0
Write progress:  20 % 9442.0
Write progress:  21 % 15171.0
Write progress:  22 % 16594.0
Write progress:  23 % 22443.0
Write progress:  24 % 11220.0
Write progress:  25 % 6360.00001
Write progress:  26 % 25046.0
Write progress:  27 % 20540.0
Write progress:  28 % 25738.0
Write progress:  29 % 24625.0
Write progress:  30 % 12056.0
Write progress:  31 % 13479.0
Write progress:  32 % 22088.0
Write progress:  33 % 3508.0
Write progress:  34 % 11082.0
Write progress:  35 % 15397.0
Write progress:  36 % 20564.0
Write progress:  37 % 2242.00001
Write progress:  38 % 4129.0
Write progress:  39 % 14626.0
Write progress:  40 % 5005.0
Write progress:  41 % 14018.0
Write progress:  42 % 13542.0
Write progress:  43 % 19429.0
Write progress:  44 % 39.00005
Write progress:  45 % 20689.0
Write progress:  46 % 20010.0
Write progress:  47 % 19107.0
Write progress:  48 % 6423.0
Write progress:  49 % 23453.0
Write progress:  50 % 21496.0
Write progress:  51 % 9494.0
Write progress:  52 % 13193.0
Write progress:  53 % 516.00002
Write progress:  54 % 23840.0
Write progress:  55 % 10168.0
Write progress:  56 % 19030.0
Write progress:  57 % 21896.0
Write progress:  58 % 20760.0
Write progress:  59 % 3442.0
Write progress:  60 % 590.00001
Write progress:  61 % 13983.0
Write progress:  62 % 8443.0
Write progress:  63 % 8742.0
Write progress:  64 % 19997.0
Write progress:  65 % 701.0
Write progress:  66 % 24673.0
Write progress:  67 % 26235.0
Write progress:  68 % 19411.0
Write progress:  69 % 79.0
Write progress:  70 % 1030.00001
Write progress:  71 % 22321.0
Write progress:  72 % 6539.0
Write progress:  73 % 4139.00001
Write progress:  74 % 12007.0
Write progress:  75 % 9955.0
Write progress:  76 % 23877.0
Write progress:  77 % 18120.0
Write progress:  78 % 4395.0
Write progress:  79 % 5884.0
Write progress:  80 % 15166.0
Write progress:  81 % 14700.0
Write progress:  82 % 5183.0
Write progress:  83 % 6106.0
Write progress:  84 % 9690.0
Write progress:  85 % 26472.0
Write progress:  86 % 5364.0
Write progress:  87 % 16252.0
Write progress:  88 % 14904.0
Write progress:  89 % 584.00002
Write progress:  90 % 2536.0
Write progress:  91 % 12127.0
Write progress:  92 % 12852.0
Write progress:  93 % 577.00001
Write progress:  94 % 13351.0
Write progress:  95 % 25250.0
Write progress:  96 % 7947.0
Write progress:  97 % 13612.0
Write progress:  98 % 10890.0
Write progress:  99 % 463.0
Job done, info follows...
       JobID    JobName  Partition     MaxRSS    Elapsed ExitCode 
------------ ---------- ---------- ---------- ---------- -------- 
2042958_78   MEGA-FLAR+     cosma6              00:07:25      0:0 
2042958_78.+     extern                         00:07:25      0:0 
