====
Starting job 2039279 at Tue 21 Apr 12:55:08 BST 2020 for user dc-rope1.
Running on nodes: m7417
====
['000_z020p000', '001_z015p132', '002_z009p993', '003_z008p988', '004_z008p075', '005_z007p050', '006_z005p971', '007_z005p487', '008_z005p037', '009_z004p485', '010_z003p984', '011_z003p528', '012_z003p017', '013_z002p478', '014_z002p237', '015_z002p012', '016_z001p737', '017_z001p487', '018_z001p259', '019_z001p004', '020_z000p865', '021_z000p736', '022_z000p615', '023_z000p503', '024_z000p366', '025_z000p271', '026_z000p183', '027_z000p101', '028_z000p000']
[None, '000_z020p000', '001_z015p132', '002_z009p993', '003_z008p988', '004_z008p075', '005_z007p050', '006_z005p971', '007_z005p487', '008_z005p037', '009_z004p485', '010_z003p984', '011_z003p528', '012_z003p017', '013_z002p478', '014_z002p237', '015_z002p012', '016_z001p737', '017_z001p487', '018_z001p259', '019_z001p004', '020_z000p865', '021_z000p736', '022_z000p615', '023_z000p503', '024_z000p366', '025_z000p271', '026_z000p183', '027_z000p101']
['001_z015p132', '002_z009p993', '003_z008p988', '004_z008p075', '005_z007p050', '006_z005p971', '007_z005p487', '008_z005p037', '009_z004p485', '010_z003p984', '011_z003p528', '012_z003p017', '013_z002p478', '014_z002p237', '015_z002p012', '016_z001p737', '017_z001p487', '018_z001p259', '019_z001p004', '020_z000p865', '021_z000p736', '022_z000p615', '023_z000p503', '024_z000p366', '025_z000p271', '026_z000p183', '027_z000p101', '028_z000p000', None]
016_z001p737
Reading in 'PartType1/ParticleIDs' for z = 1.737 using 8 thread(s) took 55.371939s
Reading in 'PartType1/ParticleIDs' for z = 1.737 using 8 thread(s) took 23.838697s
Reading in 'PartType1/GroupNumber' for z = 1.737 using 8 thread(s) took 15.337442s
Reading in 'PartType1/SubGroupNumber' for z = 1.737 using 8 thread(s) took 14.248884s
Reading in 'PartType1/GroupNumber' for z = 2.012 using 8 thread(s) took 20.309248s
Reading in 'PartType1/SubGroupNumber' for z = 2.012 using 8 thread(s) took 20.570228s
Reading in 'PartType1/ParticleIDs' for z = 2.012 using 8 thread(s) took 28.088123s
Reading in 'PartType1/GroupNumber' for z = 1.487 using 8 thread(s) took 28.334472s
Reading in 'PartType1/SubGroupNumber' for z = 1.487 using 8 thread(s) took 30.633999s
Reading in 'PartType1/ParticleIDs' for z = 1.487 using 8 thread(s) took 39.504189s
Graph progress:  0 % 1421115.0
Graph progress:  1 % 1463244.0
Graph progress:  2 % 1335451.0
Graph progress:  3 % 2293160.0
Graph progress:  4 % 1877282.0
Graph progress:  5 % 1944328.0
Graph progress:  6 % 1243716.0
Graph progress:  7 % 895879.0
Graph progress:  8 % 242265.0
Graph progress:  9 % 579.00068
Graph progress:  10 % 267234.0
Graph progress:  11 % 132907.00001
Graph progress:  12 % 2095311.0
Graph progress:  13 % 1983517.0
Graph progress:  14 % 2377716.0
Graph progress:  15 % 161985.0
Graph progress:  16 % 1337994.0
Graph progress:  17 % 35378.00001
Graph progress:  18 % 9335.00007
Graph progress:  19 % 632017.0
Graph progress:  20 % 2259271.0
Graph progress:  21 % 1118689.0
Graph progress:  22 % 1467942.0
Graph progress:  23 % 1488766.0
Graph progress:  24 % 989737.0
Graph progress:  25 % 37220.00005
Graph progress:  26 % 122931.0
Graph progress:  27 % 85229.00002
Graph progress:  28 % 800518.0
Graph progress:  29 % 249314.0
Graph progress:  30 % 2395.00027
Graph progress:  31 % 1470539.0
Graph progress:  32 % 751524.0
Graph progress:  33 % 108231.0
Graph progress:  34 % 563391.0
Graph progress:  35 % 1097569.0
Graph progress:  36 % 2183459.0
Graph progress:  37 % 354895.0
Graph progress:  38 % 509073.0
Graph progress:  39 % 1535067.0
Graph progress:  40 % 171469.0
Graph progress:  41 % 509111.0
Graph progress:  42 % 4226.00006
Graph progress:  43 % 891490.0
Graph progress:  44 % 331.00117
Graph progress:  45 % 543815.00001
Graph progress:  46 % 1993854.0
Graph progress:  47 % 567851.0
Graph progress:  48 % 363591.0
Graph progress:  49 % 1764707.0
Graph progress:  50 % 780972.0
Graph progress:  51 % 1631808.0
Graph progress:  52 % 2148883.0
Graph progress:  53 % 226787.0
Graph progress:  54 % 1711746.0
Graph progress:  55 % 1997041.0
Graph progress:  56 % 2034077.0
Graph progress:  57 % 123976.00001
Graph progress:  58 % 20156.00004
Graph progress:  59 % 928181.0
Graph progress:  60 % 1998436.0
Graph progress:  61 % 2920.00027
Graph progress:  62 % 367826.0
Graph progress:  63 % 1079116.0
Graph progress:  64 % 2113740.0
Graph progress:  65 % 2276704.0
Graph progress:  66 % 347551.0
Graph progress:  67 % 2149387.0
Graph progress:  68 % 93021.0
Graph progress:  69 % 337502.0
Graph progress:  70 % 7104.00003
Graph progress:  71 % 1564934.0
Graph progress:  72 % 15.00017
Graph progress:  73 % 4293.00025
Graph progress:  74 % 1011677.00001
Graph progress:  75 % 91429.0
Graph progress:  76 % 2479020.0
Graph progress:  77 % 19256.00003
Graph progress:  78 % 1868265.0
Graph progress:  79 % 1776190.0
Graph progress:  80 % 99768.00001
Graph progress:  81 % 929908.0
Graph progress:  82 % 2082393.0
Graph progress:  83 % 1114019.0
Graph progress:  84 % 71612.00001
Graph progress:  85 % 2714.00018
Graph progress:  86 % 2284836.0
Graph progress:  87 % 711452.0
Graph progress:  88 % 986451.0
Graph progress:  89 % 2009888.0
Graph progress:  90 % 358247.0
Graph progress:  91 % 961708.0
Graph progress:  92 % 19748.00001
Graph progress:  93 % 2405289.0
Graph progress:  94 % 2048370.0
Graph progress:  95 % 1349.00005
Graph progress:  96 % 603951.0
Graph progress:  97 % 1404590.0
Graph progress:  98 % 3679.00021
Graph progress:  99 % 1286651.0
Processed 2937213 halos in snapshot 016_z001p737 of particle type 1
Reading in 'PartType4/ParticleIDs' for z = 1.737 using 8 thread(s) took 18.093008s
Reading in 'PartType4/ParticleIDs' for z = 2.012 using 8 thread(s) took 10.333213s
Reading in 'Subhalo/SubGroupNumber' for z = 2.012 using 8 thread(s) took 11.93988s
Reading in 'Subhalo/GroupNumber' for z = 2.012 using 8 thread(s) took 7.344151s
Reading in 'Subhalo/ApertureMeasurements/Mass/030kpc' for z = 2.012 using 8 thread(s) took 7.718191s
Reading in 'PartType4/Mass' for z = 2.012 using 8 thread(s) took 11.605868s
Reading in 'PartType4/ParticleIDs' for z = 1.487 using 8 thread(s) took 23.080561s
Reading in 'Subhalo/SubGroupNumber' for z = 1.487 using 8 thread(s) took 13.145496s
Reading in 'Subhalo/GroupNumber' for z = 1.487 using 8 thread(s) took 7.457136s
Reading in 'Subhalo/ApertureMeasurements/Mass/030kpc' for z = 1.487 using 8 thread(s) took 11.289922s
Reading in 'PartType4/Mass' for z = 1.487 using 8 thread(s) took 15.364788s
Reading in 'PartType4/ParticleIDs' for z = 1.737 using 8 thread(s) took 16.445098s
Reading in 'PartType4/GroupNumber' for z = 1.737 using 8 thread(s) took 10.917571s
Reading in 'PartType4/SubGroupNumber' for z = 1.737 using 8 thread(s) took 7.934178s
Reading in 'PartType4/GroupNumber' for z = 2.012 using 8 thread(s) took 7.761944s
Reading in 'PartType4/SubGroupNumber' for z = 2.012 using 8 thread(s) took 7.931549s
Reading in 'PartType4/ParticleIDs' for z = 2.012 using 8 thread(s) took 10.292511s
Reading in 'PartType4/GroupNumber' for z = 1.487 using 8 thread(s) took 8.875829s
Reading in 'PartType4/SubGroupNumber' for z = 1.487 using 8 thread(s) took 8.353702s
Reading in 'PartType4/ParticleIDs' for z = 1.487 using 8 thread(s) took 15.229325s
Graph progress:  0 % 125558.0
Graph progress:  1 % 58137.00001
Graph progress:  2 % 298.00001
Graph progress:  3 % 340875.0
Graph progress:  4 % 443.0
Graph progress:  5 % 20963.00001
Graph progress:  6 % 50952.0
Graph progress:  7 % 302752.0
Graph progress:  8 % 38939.0
Graph progress:  9 % 280303.0
Graph progress:  10 % 30815.00001
Graph progress:  11 % 271226.0
Graph progress:  12 % 1016.00039
Graph progress:  13 % 3757.00009
Graph progress:  14 % 48344.0
Graph progress:  15 % 5882.00015
Graph progress:  16 % 289666.0
Graph progress:  17 % 38339.0
Graph progress:  18 % 177.00047
Graph progress:  19 % 41918.0
Graph progress:  20 % 90186.0
Graph progress:  21 % 224045.0
Graph progress:  22 % 15174.00002
Graph progress:  23 % 365937.0
Graph progress:  24 % 317.00003
Graph progress:  25 % 54525.00002
Graph progress:  26 % 626.00001
Graph progress:  27 % 1296.00006
Graph progress:  28 % 6147.0
Graph progress:  29 % 79962.00001
Graph progress:  30 % 126935.0
Graph progress:  31 % 293470.0
Graph progress:  32 % 25478.0
Graph progress:  33 % 84228.0
Graph progress:  34 % 7043.00008
Graph progress:  35 % 66093.00001
Graph progress:  36 % 133427.0
Graph progress:  37 % 625.00006
Graph progress:  38 % 125.0005
Graph progress:  39 % 795776.0
Graph progress:  40 % 1794681.0
Graph progress:  41 % 29247.00001
Graph progress:  42 % 4.00223
Graph progress:  43 % 172001.0
Graph progress:  44 % 22286.00001
Graph progress:  45 % 7393.00008
Graph progress:  46 % 905.0002
Graph progress:  47 % 510752.0
Graph progress:  48 % 507687.0
Graph progress:  49 % 13876.00002
Graph progress:  50 % 153425.0
Graph progress:  51 % 3118.00017
Graph progress:  52 % 326116.0
Graph progress:  53 % 771157.0
Graph progress:  54 % 75987.0
Graph progress:  55 % 90.0001
Graph progress:  56 % 3017.00005
Graph progress:  57 % 217585.0
Graph progress:  58 % 53310.0
Graph progress:  59 % 452617.0
Graph progress:  60 % 198434.0
Graph progress:  61 % 206788.0
Graph progress:  62 % 4285.00014
Graph progress:  63 % 350029.0
Graph progress:  64 % 302438.0
Graph progress:  65 % 16873.00004
Graph progress:  66 % 3082.00004
Graph progress:  67 % 159737.0
Graph progress:  68 % 24042.0
Graph progress:  69 % 26.00066
Graph progress:  70 % 152449.0
Graph progress:  71 % 70655.0
Graph progress:  72 % 9546.00002
Graph progress:  73 % 132442.0
Graph progress:  74 % 2846.00005
Graph progress:  75 % 9460.00005
Graph progress:  76 % 9.00115
Graph progress:  77 % 167881.0
Graph progress:  78 % 71138.0
Graph progress:  79 % 123619.0
Graph progress:  80 % 408.00123
Graph progress:  81 % 16715.0
Graph progress:  82 % 383365.0
Graph progress:  83 % 130265.0
Graph progress:  84 % 34799.0
Graph progress:  85 % 15236.00001
Graph progress:  86 % 92628.0
Graph progress:  87 % 636985.0
Graph progress:  88 % 59264.0
Graph progress:  89 % 173327.0
Graph progress:  90 % 5162.00006
Graph progress:  91 % 37.00323
Graph progress:  92 % 53693.0
Graph progress:  93 % 58791.0
Graph progress:  94 % 500622.0
Graph progress:  95 % 27942.00006
Graph progress:  96 % 355969.0
Graph progress:  97 % 130686.0
Graph progress:  98 % 320687.0
Graph progress:  99 % 1950.00001
Processed 496555 halos in snapshot 016_z001p737 of particle type 4
Reading in 'PartType5/ParticleIDs' for z = 1.737 using 8 thread(s) took 7.070504s
Reading in 'PartType5/ParticleIDs' for z = 2.012 using 8 thread(s) took 7.028555s
Reading in 'Subhalo/SubGroupNumber' for z = 2.012 using 8 thread(s) took 8.325637s
Reading in 'Subhalo/GroupNumber' for z = 2.012 using 8 thread(s) took 7.621871s
Reading in 'Subhalo/ApertureMeasurements/Mass/030kpc' for z = 2.012 using 8 thread(s) took 8.299939s
Reading in 'PartType5/Mass' for z = 2.012 using 8 thread(s) took 7.158908s
Reading in 'PartType5/ParticleIDs' for z = 1.487 using 8 thread(s) took 7.432874s
Reading in 'Subhalo/SubGroupNumber' for z = 1.487 using 8 thread(s) took 6.767486s
Reading in 'Subhalo/GroupNumber' for z = 1.487 using 8 thread(s) took 7.139579s
Reading in 'Subhalo/ApertureMeasurements/Mass/030kpc' for z = 1.487 using 8 thread(s) took 7.07046s
Reading in 'PartType5/Mass' for z = 1.487 using 8 thread(s) took 7.21892s
Reading in 'PartType5/ParticleIDs' for z = 1.737 using 8 thread(s) took 6.480643s
Reading in 'PartType5/GroupNumber' for z = 1.737 using 8 thread(s) took 6.941767s
Reading in 'PartType5/SubGroupNumber' for z = 1.737 using 8 thread(s) took 6.789549s
Reading in 'PartType5/GroupNumber' for z = 2.012 using 8 thread(s) took 6.431279s
Reading in 'PartType5/SubGroupNumber' for z = 2.012 using 8 thread(s) took 6.599199s
Reading in 'PartType5/ParticleIDs' for z = 2.012 using 8 thread(s) took 7.131247s
Reading in 'PartType5/GroupNumber' for z = 1.487 using 8 thread(s) took 6.691624s
Reading in 'PartType5/SubGroupNumber' for z = 1.487 using 8 thread(s) took 6.708555s
Reading in 'PartType5/ParticleIDs' for z = 1.487 using 8 thread(s) took 6.809879s
Graph progress:  0 % 49143.0
Graph progress:  1 % 20455.0
Graph progress:  2 % 64133.00002
Graph progress:  3 % 15002.0
Graph progress:  4 % 16880.00001
Graph progress:  5 % 58813.00002
Graph progress:  6 % 72638.0
Graph progress:  7 % 88521.0
Graph progress:  8 % 4465.00001
Graph progress:  9 % 40004.0
Graph progress:  10 % 62587.00001
Graph progress:  11 % 38338.0
Graph progress:  12 % 52650.0
Graph progress:  13 % 5004.0
Graph progress:  14 % 238.00003
Graph progress:  15 % 28227.00001
Graph progress:  16 % 1571.00001
Graph progress:  17 % 69266.0
Graph progress:  18 % 40262.0
Graph progress:  19 % 9291.0
Graph progress:  20 % 17350.0
Graph progress:  21 % 54632.0
Graph progress:  22 % 45164.0
Graph progress:  23 % 76122.0
Graph progress:  24 % 48771.0
Graph progress:  25 % 49953.00001
Graph progress:  26 % 24954.0
Graph progress:  27 % 11634.00001
Graph progress:  28 % 22951.0
Graph progress:  29 % 55497.0
Graph progress:  30 % 405.00001
Graph progress:  31 % 4972.0
Graph progress:  32 % 65278.00001
Graph progress:  33 % 10221.00006
Graph progress:  34 % 3020.00003
Graph progress:  35 % 46455.0
Graph progress:  36 % 32346.0
Graph progress:  37 % 14.00003
Graph progress:  38 % 125.00004
Graph progress:  39 % 29164.0
Graph progress:  40 % 671.00005
Graph progress:  41 % 30078.0
Graph progress:  42 % 53324.0
Graph progress:  43 % 56299.00002
Graph progress:  44 % 4349.00001
Graph progress:  45 % 200698.0
Graph progress:  46 % 7328.00001
Graph progress:  47 % 396.00009
Graph progress:  48 % 1641.00007
Graph progress:  49 % 16513.00001
Graph progress:  50 % 3616.00001
Graph progress:  51 % 80137.0
Graph progress:  52 % 641.00001
Graph progress:  53 % 73125.00001
Graph progress:  54 % 21246.0
Graph progress:  55 % 1859.00005
Graph progress:  56 % 10582.0
Graph progress:  57 % 56869.0
Graph progress:  58 % 23949.0
Graph progress:  59 % 25446.00001
Graph progress:  60 % 8827.00013
Graph progress:  61 % 16746.00001
Graph progress:  62 % 78565.0
Graph progress:  63 % 23842.00002
Graph progress:  64 % 23743.0
Graph progress:  65 % 68292.0
Graph progress:  66 % 10482.0
Graph progress:  67 % 46530.0
Graph progress:  68 % 27417.0
Graph progress:  69 % 581.00001
Graph progress:  70 % 24207.0
Graph progress:  71 % 70684.0
Graph progress:  72 % 36264.00002
Graph progress:  73 % 29050.0
Graph progress:  74 % 44088.0
Graph progress:  75 % 3857.00004
Graph progress:  76 % 21412.0
Graph progress:  77 % 58823.00001
Graph progress:  78 % 16788.0
Graph progress:  79 % 52498.0
Graph progress:  80 % 58519.0
Graph progress:  81 % 44805.0
Graph progress:  82 % 125469.0
Graph progress:  83 % 58068.0
Graph progress:  84 % 9490.0
Graph progress:  85 % 1048.0
Graph progress:  86 % 61199.0
Graph progress:  87 % 41743.0
Graph progress:  88 % 58426.0
Graph progress:  89 % 22646.00001
Graph progress:  90 % 3269.00005
Graph progress:  91 % 25207.0
Graph progress:  92 % 30687.0
Graph progress:  93 % 69261.0
Graph progress:  94 % 1790.00001
Graph progress:  95 % 59878.00001
Graph progress:  96 % 65207.0
Graph progress:  97 % 71578.00002
Graph progress:  98 % 3141.0
Graph progress:  99 % 258.0
Processed 126706 halos in snapshot 016_z001p737 of particle type 5
Reading in 'PartType0/ParticleIDs' for z = 1.737 using 8 thread(s) took 64.530257s
Reading in 'PartType0/ParticleIDs' for z = 2.012 using 8 thread(s) took 63.681983s
Reading in 'Subhalo/SubGroupNumber' for z = 2.012 using 8 thread(s) took 8.666674s
Reading in 'Subhalo/GroupNumber' for z = 2.012 using 8 thread(s) took 8.744314s
Reading in 'Subhalo/ApertureMeasurements/Mass/030kpc' for z = 2.012 using 8 thread(s) took 8.499722s
Reading in 'PartType0/Mass' for z = 2.012 using 8 thread(s) took 19.11678s
Reading in 'PartType0/ParticleIDs' for z = 1.487 using 8 thread(s) took 76.856335s
Reading in 'Subhalo/SubGroupNumber' for z = 1.487 using 8 thread(s) took 7.889937s
Reading in 'Subhalo/GroupNumber' for z = 1.487 using 8 thread(s) took 7.426396s
Reading in 'Subhalo/ApertureMeasurements/Mass/030kpc' for z = 1.487 using 8 thread(s) took 7.812088s
