====
Starting job 2043344 at Fri 24 Apr 00:28:56 BST 2020 for user dc-rope1.
Running on nodes: m6311
====
239
('20', '010_z005p000', '011_z004p770', None)
Reading in 'PartType1/ParticleIDs' for z = 4.77 using 8 thread(s) took 10.459397s
Reading in 'PartType1/ParticleIDs' for z = 4.77 using 8 thread(s) took 4.979408s
Reading in 'PartType1/GroupNumber' for z = 4.77 using 8 thread(s) took 1.882421s
Reading in 'PartType1/SubGroupNumber' for z = 4.77 using 8 thread(s) took 0.975977s
Reading in 'PartType1/GroupNumber' for z = 5.0 using 8 thread(s) took 2.351842s
Reading in 'PartType1/SubGroupNumber' for z = 5.0 using 8 thread(s) took 0.743067s
Reading in 'PartType1/ParticleIDs' for z = 5.0 using 8 thread(s) took 2.951804s
Graph progress:  0 % 197126.0
Graph progress:  1 % 140714.0
Graph progress:  2 % 200361.0
Graph progress:  3 % 15498.00001
Graph progress:  4 % 191797.0
Graph progress:  5 % 166686.0
Graph progress:  6 % 14470.0
Graph progress:  7 % 186125.0
Graph progress:  8 % 142331.0
Graph progress:  9 % 99001.0
Graph progress:  10 % 72039.0
Graph progress:  11 % 165975.0
Graph progress:  12 % 29702.0
Graph progress:  13 % 5595.00001
Graph progress:  14 % 213018.0
Graph progress:  15 % 143543.0
Graph progress:  16 % 46832.0
Graph progress:  17 % 138836.0
Graph progress:  18 % 46946.0
Graph progress:  19 % 15299.0
Graph progress:  20 % 806.00006
Graph progress:  21 % 226550.0
Graph progress:  22 % 113135.0
Graph progress:  23 % 173639.0
Graph progress:  24 % 113277.0
Graph progress:  25 % 22611.0
Graph progress:  26 % 213154.0
Graph progress:  27 % 174742.0
Graph progress:  28 % 5984.00001
Graph progress:  29 % 170127.0
Graph progress:  30 % 70531.0
Graph progress:  31 % 49192.0
Graph progress:  32 % 99972.0
Graph progress:  33 % 243.00009
Graph progress:  34 % 210806.0
Graph progress:  35 % 34468.0
Graph progress:  36 % 50711.0
Graph progress:  37 % 80927.0
Graph progress:  38 % 174740.0
Graph progress:  39 % 119920.0
Graph progress:  40 % 42853.00001
Graph progress:  41 % 155644.0
Graph progress:  42 % 2272.00001
Graph progress:  43 % 156273.0
Graph progress:  44 % 2493.00002
Graph progress:  45 % 82419.0
Graph progress:  46 % 1951.00001
Graph progress:  47 % 54031.0
Graph progress:  48 % 67596.00001
Graph progress:  49 % 139231.0
Graph progress:  50 % 218919.0
Graph progress:  51 % 138349.0
Graph progress:  52 % 5696.00001
Graph progress:  53 % 101149.0
Graph progress:  54 % 30333.0
Graph progress:  55 % 79939.0
Graph progress:  56 % 5820.0
Graph progress:  57 % 141983.0
Graph progress:  58 % 1339.0001
Graph progress:  59 % 93379.00001
Graph progress:  60 % 225658.0
Graph progress:  61 % 144842.0
Graph progress:  62 % 48052.0
Graph progress:  63 % 13131.0
Graph progress:  64 % 1071.0
Graph progress:  65 % 199032.0
Graph progress:  66 % 58234.0
Graph progress:  67 % 190450.0
Graph progress:  68 % 204287.0
Graph progress:  69 % 170008.0
Graph progress:  70 % 3535.0
Graph progress:  71 % 146348.0
Graph progress:  72 % 112162.0
Graph progress:  73 % 66793.0
Graph progress:  74 % 782.00007
Graph progress:  75 % 245.00012
Graph progress:  76 % 73162.0
Graph progress:  77 % 29761.0
Graph progress:  78 % 212571.0
Graph progress:  79 % 194796.0
Graph progress:  80 % 176800.0
Graph progress:  81 % 114170.0
Graph progress:  82 % 115501.0
Graph progress:  83 % 116815.0
Graph progress:  84 % 28890.0
Graph progress:  85 % 127675.0
Graph progress:  86 % 70034.0
Graph progress:  87 % 178883.0
Graph progress:  88 % 2117.00001
Graph progress:  89 % 83106.0
Graph progress:  90 % 80006.0
Graph progress:  91 % 144354.0
Graph progress:  92 % 31366.0
Graph progress:  93 % 147652.0
Graph progress:  94 % 93308.0
Graph progress:  95 % 178778.0
Graph progress:  96 % 19875.00001
Graph progress:  97 % 814.00004
Graph progress:  98 % 46993.0
Graph progress:  99 % 144237.0
Processed 260828 halos in snapshot 011_z004p770 of particle type 1
Reading in 'PartType4/ParticleIDs' for z = 4.77 using 8 thread(s) took 1.924346s
Reading in 'PartType4/ParticleIDs' for z = 5.0 using 8 thread(s) took 1.714235s
Reading in 'Subhalo/SubGroupNumber' for z = 5.0 using 8 thread(s) took 1.540997s
Reading in 'Subhalo/GroupNumber' for z = 5.0 using 8 thread(s) took 0.553486s
Reading in 'Subhalo/ApertureMeasurements/Mass/030kpc' for z = 5.0 using 8 thread(s) took 0.533681s
Reading in 'PartType4/Mass' for z = 5.0 using 8 thread(s) took 1.050691s
Reading in 'PartType4/ParticleIDs' for z = 4.77 using 8 thread(s) took 1.209411s
Reading in 'PartType4/GroupNumber' for z = 4.77 using 8 thread(s) took 0.875219s
Reading in 'PartType4/SubGroupNumber' for z = 4.77 using 8 thread(s) took 1.295619s
Reading in 'PartType4/GroupNumber' for z = 5.0 using 8 thread(s) took 0.704268s
Reading in 'PartType4/SubGroupNumber' for z = 5.0 using 8 thread(s) took 0.947339s
Reading in 'PartType4/ParticleIDs' for z = 5.0 using 8 thread(s) took 0.790396s
Graph progress:  0 % 9.00001
Graph progress:  1 % 91.00025
Graph progress:  2 % 1148.0
Graph progress:  3 % 13143.0
Graph progress:  4 % 941.0001
Graph progress:  5 % 57816.0
Graph progress:  6 % 25628.0
Graph progress:  7 % 8839.0
Graph progress:  8 % 68268.0
Graph progress:  9 % 14130.0
Graph progress:  10 % 173.00005
Graph progress:  11 % 120.0
Graph progress:  12 % 42149.0
Graph progress:  13 % 192.00005
Graph progress:  14 % 87137.0
Graph progress:  15 % 3055.00001
Graph progress:  16 % 1618.00003
Graph progress:  17 % 3455.0
Graph progress:  18 % 4731.0
Graph progress:  19 % 61904.0
Graph progress:  20 % 71187.0
Graph progress:  21 % 35104.0
Graph progress:  22 % 875.00001
Graph progress:  23 % 3440.00001
Graph progress:  24 % 62754.0
Graph progress:  25 % 6.00046
Graph progress:  26 % 2319.0
Graph progress:  27 % 894.00001
Graph progress:  28 % 18.0
Graph progress:  29 % 13197.0
Graph progress:  30 % 14216.0
Graph progress:  31 % 924.0
Graph progress:  32 % 4771.0
Graph progress:  33 % 45830.0
Graph progress:  34 % 10888.0
Graph progress:  35 % 9456.0
Graph progress:  36 % 20854.0
Graph progress:  37 % 109933.0
Graph progress:  38 % 8214.0
Graph progress:  39 % 3309.00002
Graph progress:  40 % 17433.0
Graph progress:  41 % 11180.0
Graph progress:  42 % 229.00005
Graph progress:  43 % 63744.0
Graph progress:  44 % 14012.00001
Graph progress:  45 % 3436.0
Graph progress:  46 % 45662.0
Graph progress:  47 % 11657.00002
Graph progress:  48 % 32275.0
Graph progress:  49 % 17199.0
Graph progress:  50 % 14647.0
Graph progress:  51 % 43304.0
Graph progress:  52 % 25139.0
Graph progress:  53 % 2690.00001
Graph progress:  54 % 37299.0
Graph progress:  55 % 2939.0
Graph progress:  56 % 22703.0
Graph progress:  57 % 4652.0
Graph progress:  58 % 12998.00001
Graph progress:  59 % 491.00003
Graph progress:  60 % 3402.0
Graph progress:  61 % 2067.0
Graph progress:  62 % 14056.0
Graph progress:  63 % 21182.0
Graph progress:  64 % 65171.0
Graph progress:  65 % 56937.0
Graph progress:  66 % 2616.00001
Graph progress:  67 % 65879.0
Graph progress:  68 % 407.00001
Graph progress:  69 % 2833.00001
Graph progress:  70 % 57390.0
Graph progress:  71 % 2178.00002
Graph progress:  72 % 9599.00001
Graph progress:  73 % 10088.00001
Graph progress:  74 % 7552.0
Graph progress:  75 % 437.00003
Graph progress:  76 % 1590.0
Graph progress:  77 % 60103.0
Graph progress:  78 % 18037.0
Graph progress:  79 % 1029.00005
Graph progress:  80 % 23912.0
Graph progress:  81 % 6378.0
Graph progress:  82 % 4004.00001
Graph progress:  83 % 214.00013
Graph progress:  84 % 79873.0
Graph progress:  85 % 65085.0
Graph progress:  86 % 637.00001
Graph progress:  87 % 32452.0
Graph progress:  88 % 1637.00001
Graph progress:  89 % 42800.0
Graph progress:  90 % 522.00002
Graph progress:  91 % 3723.0
Graph progress:  92 % 389.00001
Graph progress:  93 % 7894.0
Graph progress:  94 % 11843.00001
Graph progress:  95 % 48816.0
Graph progress:  96 % 1446.0
Graph progress:  97 % 38638.0
Graph progress:  98 % 42237.0
Graph progress:  99 % 19139.00002
Processed 47536 halos in snapshot 011_z004p770 of particle type 4
Reading in 'PartType5/ParticleIDs' for z = 4.77 using 8 thread(s) took 2.725537s
Reading in 'PartType5/ParticleIDs' for z = 5.0 using 8 thread(s) took 1.313226s
Reading in 'Subhalo/SubGroupNumber' for z = 5.0 using 8 thread(s) took 0.619502s
Reading in 'Subhalo/GroupNumber' for z = 5.0 using 8 thread(s) took 0.626439s
Reading in 'Subhalo/ApertureMeasurements/Mass/030kpc' for z = 5.0 using 8 thread(s) took 1.454521s
Reading in 'PartType5/Mass' for z = 5.0 using 8 thread(s) took 0.882927s
Reading in 'PartType5/ParticleIDs' for z = 4.77 using 8 thread(s) took 1.304852s
Reading in 'PartType5/GroupNumber' for z = 4.77 using 8 thread(s) took 0.91079s
Reading in 'PartType5/SubGroupNumber' for z = 4.77 using 8 thread(s) took 0.664075s
Reading in 'PartType5/GroupNumber' for z = 5.0 using 8 thread(s) took 0.862117s
Reading in 'PartType5/SubGroupNumber' for z = 5.0 using 8 thread(s) took 0.619783s
Reading in 'PartType5/ParticleIDs' for z = 5.0 using 8 thread(s) took 0.550917s
Graph progress:  0 % 3191.0
Graph progress:  1 % 610.00011
Graph progress:  2 % 19894.0
Graph progress:  3 % 2489.0
Graph progress:  4 % 5142.0
Graph progress:  5 % 3014.0
Graph progress:  6 % 4426.0
Graph progress:  7 % 212.0
Graph progress:  8 % 1513.0
Graph progress:  9 % 1130.00001
Graph progress:  10 % 3816.0
Graph progress:  11 % 295.00001
Graph progress:  12 % 4190.00001
Graph progress:  13 % 1511.0
Graph progress:  14 % 362.00007
Graph progress:  15 % 201.00002
Graph progress:  16 % 2872.0
Graph progress:  17 % 16739.0
Graph progress:  18 % 1745.00005
Graph progress:  19 % 2150.0
Graph progress:  20 % 150.0
Graph progress:  21 % 295.0
Graph progress:  22 % 631.0
Graph progress:  23 % 4035.00002
Graph progress:  24 % 33.00001
Graph progress:  25 % 2955.0
Graph progress:  26 % 2.00044
Graph progress:  27 % 1736.0
Graph progress:  28 % 2967.0
Graph progress:  29 % 1647.0
Graph progress:  30 % 8357.00002
Graph progress:  31 % 3315.00001
Graph progress:  32 % 1754.00001
Graph progress:  33 % 342.00002
Graph progress:  34 % 2251.0
Graph progress:  35 % 1416.0
Graph progress:  36 % 3477.0
Graph progress:  37 % 3381.00001
Graph progress:  38 % 179.0
Graph progress:  39 % 3403.0
Graph progress:  40 % 3916.0
Graph progress:  41 % 1258.00009
Graph progress:  42 % 942.0
Graph progress:  43 % 20.0
Graph progress:  44 % 4653.0
Graph progress:  45 % 2073.0
Graph progress:  46 % 2410.0
Graph progress:  47 % 5035.0
Graph progress:  48 % 3952.0
Graph progress:  49 % 2063.00001
Graph progress:  50 % 7594.0
Graph progress:  51 % 777.00001
Graph progress:  52 % 59.0
Graph progress:  53 % 2445.0
Graph progress:  54 % 59.00007
Graph progress:  55 % 304.0
Graph progress:  56 % 818.00001
Graph progress:  57 % 3594.0
Graph progress:  58 % 1126.00003
Graph progress:  59 % 1965.0
Graph progress:  60 % 606.00001
Graph progress:  61 % 1703.00001
Graph progress:  62 % 3299.00003
Graph progress:  63 % 1727.00001
Graph progress:  64 % 5734.00002
Graph progress:  65 % 1708.0
Graph progress:  66 % 7.00041
Graph progress:  67 % 817.0
Graph progress:  68 % 105.00006
Graph progress:  69 % 2998.0
Graph progress:  70 % 5131.00001
Graph progress:  71 % 5158.00002
Graph progress:  72 % 1028.0
Graph progress:  73 % 1207.0
Graph progress:  74 % 42.00001
Graph progress:  75 % 1767.00001
Graph progress:  76 % 1964.00003
Graph progress:  77 % 857.0
Graph progress:  78 % 1580.00007
Graph progress:  79 % 14013.0
Graph progress:  80 % 78.00004
Graph progress:  81 % 1169.00005
Graph progress:  82 % 4037.00001
Graph progress:  83 % 4475.0
Graph progress:  84 % 2843.0
Graph progress:  85 % 1403.00005
Graph progress:  86 % 1086.0
Graph progress:  87 % 4015.0
Graph progress:  88 % 31.00002
Graph progress:  89 % 3873.0
Graph progress:  90 % 724.0
Graph progress:  91 % 1390.0
Graph progress:  92 % 1774.0
Graph progress:  93 % 1793.0
Graph progress:  94 % 1203.0
Graph progress:  95 % 3755.00001
Graph progress:  96 % 309.00003
Graph progress:  97 % 3092.00002
Graph progress:  98 % 64.00002
Graph progress:  99 % 1758.00001
Processed 6303 halos in snapshot 011_z004p770 of particle type 5
Reading in 'PartType0/ParticleIDs' for z = 4.77 using 8 thread(s) took 12.194426s
Reading in 'PartType0/ParticleIDs' for z = 5.0 using 8 thread(s) took 8.621656s
Reading in 'Subhalo/SubGroupNumber' for z = 5.0 using 8 thread(s) took 0.577177s
Reading in 'Subhalo/GroupNumber' for z = 5.0 using 8 thread(s) took 0.57494s
Reading in 'Subhalo/ApertureMeasurements/Mass/030kpc' for z = 5.0 using 8 thread(s) took 0.607674s
Reading in 'PartType0/Mass' for z = 5.0 using 8 thread(s) took 1.293131s
Reading in 'PartType0/ParticleIDs' for z = 4.77 using 8 thread(s) took 3.24306s
Reading in 'PartType0/GroupNumber' for z = 4.77 using 8 thread(s) took 1.428874s
Reading in 'PartType0/SubGroupNumber' for z = 4.77 using 8 thread(s) took 1.173196s
Reading in 'PartType0/GroupNumber' for z = 5.0 using 8 thread(s) took 1.294085s
Reading in 'PartType0/SubGroupNumber' for z = 5.0 using 8 thread(s) took 0.966893s
Reading in 'PartType0/ParticleIDs' for z = 5.0 using 8 thread(s) took 2.479181s
Graph progress:  0 % 97595.0
Graph progress:  1 % 158321.0
Graph progress:  2 % 76467.0
Graph progress:  3 % 152251.0
Graph progress:  4 % 83392.0
Graph progress:  5 % 91563.0
Graph progress:  6 % 110117.0
Graph progress:  7 % 145452.0
Graph progress:  8 % 75991.0
Graph progress:  9 % 173578.0
Graph progress:  10 % 73467.0
Graph progress:  11 % 27.00001
Graph progress:  12 % 9258.00001
Graph progress:  13 % 19561.0
Graph progress:  14 % 150271.0
Graph progress:  15 % 61070.0
Graph progress:  16 % 54713.0
Graph progress:  17 % 121466.0
Graph progress:  18 % 167964.0
Graph progress:  19 % 130575.0
Graph progress:  20 % 3379.0
Graph progress:  21 % 164675.0
Graph progress:  22 % 205642.0
Graph progress:  23 % 2038.0
Graph progress:  24 % 103457.0
Graph progress:  25 % 6609.00001
Graph progress:  26 % 170554.0
Graph progress:  27 % 214397.0
Graph progress:  28 % 81972.0
Graph progress:  29 % 29981.0
Graph progress:  30 % 34453.0
Graph progress:  31 % 56747.0
Graph progress:  32 % 155741.0
Graph progress:  33 % 29796.0
Graph progress:  34 % 173177.0
Graph progress:  35 % 14412.00001
Graph progress:  36 % 215846.0
Graph progress:  37 % 36060.0
Graph progress:  38 % 19605.0
Graph progress:  39 % 4197.0
Graph progress:  40 % 9393.0
Graph progress:  41 % 36912.0
Graph progress:  42 % 48098.0
Graph progress:  43 % 58865.0
Graph progress:  44 % 145473.0
Graph progress:  45 % 60525.0
Graph progress:  46 % 96190.0
Graph progress:  47 % 121382.0
Graph progress:  48 % 216310.0
Graph progress:  49 % 168677.0
Graph progress:  50 % 177803.0
Graph progress:  51 % 281.00005
Graph progress:  52 % 97109.0
Graph progress:  53 % 62630.0
Graph progress:  54 % 74368.0
Graph progress:  55 % 217541.0
Graph progress:  56 % 36579.0
Graph progress:  57 % 10877.0
Graph progress:  58 % 64190.0
Graph progress:  59 % 54143.0
Graph progress:  60 % 184185.0
Graph progress:  61 % 35756.0
Graph progress:  62 % 118695.0
Graph progress:  63 % 1312.00002
Graph progress:  64 % 179071.0
Graph progress:  65 % 3212.00002
Graph progress:  66 % 144712.0
Graph progress:  67 % 7151.00002
Graph progress:  68 % 120656.0
Graph progress:  69 % 14475.0
Graph progress:  70 % 18631.00002
Graph progress:  71 % 170335.0
Graph progress:  72 % 212166.0
Graph progress:  73 % 117693.0
Graph progress:  74 % 28499.0
Graph progress:  75 % 190042.0
Graph progress:  76 % 79974.0
Graph progress:  77 % 12587.00002
Graph progress:  78 % 19294.00001
Graph progress:  79 % 72490.0
Graph progress:  80 % 77844.0
Graph progress:  81 % 1580.00005
Graph progress:  82 % 64785.0
Graph progress:  83 % 32121.0
Graph progress:  84 % 151110.0
Graph progress:  85 % 5268.0
Graph progress:  86 % 122936.0
Graph progress:  87 % 109539.0
Graph progress:  88 % 16058.0
Graph progress:  89 % 1262.00003
Graph progress:  90 % 1337.00001
Graph progress:  91 % 1004.00006
Graph progress:  92 % 151318.0
Graph progress:  93 % 29961.00001
Graph progress:  94 % 138129.0
Graph progress:  95 % 142764.0
Graph progress:  96 % 221458.0
Graph progress:  97 % 47199.0
Graph progress:  98 % 29181.0
Graph progress:  99 % 112.00014
Processed 225250 halos in snapshot 011_z004p770 of particle type 0
Write progress:  0 % 197126.0
Write progress:  1 % 140714.0
Write progress:  2 % 200361.0
Write progress:  3 % 15498.00001
Write progress:  4 % 191797.0
Write progress:  5 % 166686.0
Write progress:  6 % 14470.0
Write progress:  7 % 186125.0
Write progress:  8 % 142331.0
Write progress:  9 % 99001.0
Write progress:  10 % 72039.0
Write progress:  11 % 165975.0
Write progress:  12 % 29702.0
Write progress:  13 % 5595.00001
Write progress:  14 % 213018.0
Write progress:  15 % 143543.0
Write progress:  16 % 46832.0
Write progress:  17 % 138836.0
Write progress:  18 % 46946.0
Write progress:  19 % 15299.0
Write progress:  20 % 806.00006
Write progress:  21 % 226550.0
Write progress:  22 % 113135.0
Write progress:  23 % 173639.0
Write progress:  24 % 113277.0
Write progress:  25 % 22611.0
Write progress:  26 % 213154.0
Write progress:  27 % 174742.0
Write progress:  28 % 5984.00001
Write progress:  29 % 170127.0
Write progress:  30 % 70531.0
Write progress:  31 % 49192.0
Write progress:  32 % 99972.0
Write progress:  33 % 243.00009
Write progress:  34 % 210806.0
Write progress:  35 % 34468.0
Write progress:  36 % 50711.0
Write progress:  37 % 80927.0
Write progress:  38 % 174740.0
Write progress:  39 % 119920.0
Write progress:  40 % 42853.00001
Write progress:  41 % 155644.0
Write progress:  42 % 2272.00001
Write progress:  43 % 156273.0
Write progress:  44 % 2493.00002
Write progress:  45 % 82419.0
Write progress:  46 % 1951.00001
Write progress:  47 % 54031.0
Write progress:  48 % 67596.00001
Write progress:  49 % 139231.0
Write progress:  50 % 218919.0
Write progress:  51 % 138349.0
Write progress:  52 % 5696.00001
Write progress:  53 % 101149.0
Write progress:  54 % 30333.0
Write progress:  55 % 79939.0
Write progress:  56 % 5820.0
Write progress:  57 % 141983.0
Write progress:  58 % 1339.0001
Write progress:  59 % 93379.00001
Write progress:  60 % 225658.0
Write progress:  61 % 144842.0
Write progress:  62 % 48052.0
Write progress:  63 % 13131.0
Write progress:  64 % 1071.0
Write progress:  65 % 199032.0
Write progress:  66 % 58234.0
Write progress:  67 % 190450.0
Write progress:  68 % 204287.0
Write progress:  69 % 170008.0
Write progress:  70 % 3535.0
Write progress:  71 % 146348.0
Write progress:  72 % 112162.0
Write progress:  73 % 66793.0
Write progress:  74 % 782.00007
Write progress:  75 % 245.00012
Write progress:  76 % 73162.0
Write progress:  77 % 29761.0
Write progress:  78 % 212571.0
Write progress:  79 % 194796.0
Write progress:  80 % 176800.0
Write progress:  81 % 114170.0
Write progress:  82 % 115501.0
Write progress:  83 % 116815.0
Write progress:  84 % 28890.0
Write progress:  85 % 127675.0
Write progress:  86 % 70034.0
Write progress:  87 % 178883.0
Write progress:  88 % 2117.00001
Write progress:  89 % 83106.0
Write progress:  90 % 80006.0
Write progress:  91 % 144354.0
Write progress:  92 % 31366.0
Write progress:  93 % 147652.0
Write progress:  94 % 93308.0
Write progress:  95 % 178778.0
Write progress:  96 % 19875.00001
Write progress:  97 % 814.00004
Write progress:  98 % 46993.0
Write progress:  99 % 144237.0
Job done, info follows...
       JobID    JobName  Partition     MaxRSS    Elapsed ExitCode 
------------ ---------- ---------- ---------- ---------- -------- 
2042958_240  MEGA-FLAR+     cosma6              00:48:50      0:0 
2042958_240+     extern                         00:48:50      0:0 
