====
Starting job 2043443 at Fri 24 Apr 01:34:19 BST 2020 for user dc-rope1.
Running on nodes: m6532
====
336
('11', None, '000_z015p000', '001_z014p000')
Reading in 'PartType1/ParticleIDs' for z = 15.0 using 8 thread(s) took 13.576269s
Reading in 'PartType1/ParticleIDs' for z = 15.0 using 8 thread(s) took 1.809268s
Reading in 'PartType1/GroupNumber' for z = 15.0 using 8 thread(s) took 0.099554s
Reading in 'PartType1/SubGroupNumber' for z = 15.0 using 8 thread(s) took 0.0846s
Reading in 'PartType1/GroupNumber' for z = 14.0 using 8 thread(s) took 5.942952s
Reading in 'PartType1/SubGroupNumber' for z = 14.0 using 8 thread(s) took 0.145779s
Reading in 'PartType1/ParticleIDs' for z = 14.0 using 8 thread(s) took 0.143489s
Graph progress:  0 % 2308.0
Graph progress:  1 % 6403.0
Graph progress:  2 % 3407.0
Graph progress:  3 % 2575.0
Graph progress:  4 % 2381.0
Graph progress:  5 % 215.0
Graph progress:  6 % 3248.0
Graph progress:  7 % 1146.0
Graph progress:  8 % 5936.0
Graph progress:  9 % 5579.0
Graph progress:  10 % 6255.0
Graph progress:  11 % 4526.0
Graph progress:  12 % 2854.0
Graph progress:  13 % 5305.0
Graph progress:  14 % 2677.0
Graph progress:  15 % 891.0
Graph progress:  16 % 2660.0
Graph progress:  17 % 5911.0
Graph progress:  18 % 4728.0
Graph progress:  19 % 3671.0
Graph progress:  20 % 1672.00001
Graph progress:  21 % 1751.0
Graph progress:  22 % 28.00003
Graph progress:  23 % 185.0
Graph progress:  24 % 1121.0
Graph progress:  25 % 6274.0
Graph progress:  26 % 3699.0
Graph progress:  27 % 2611.0
Graph progress:  28 % 2968.0
Graph progress:  29 % 659.0
Graph progress:  30 % 1607.0
Graph progress:  31 % 2187.0
Graph progress:  32 % 3717.0
Graph progress:  33 % 1061.00001
Graph progress:  34 % 106.0
Graph progress:  35 % 3328.0
Graph progress:  36 % 4661.0
Graph progress:  37 % 5225.0
Graph progress:  38 % 3828.0
Graph progress:  39 % 54.0
Graph progress:  40 % 1753.00001
Graph progress:  41 % 301.00001
Graph progress:  42 % 1653.0
Graph progress:  43 % 745.00001
Graph progress:  44 % 6156.0
Graph progress:  45 % 2578.0
Graph progress:  46 % 1464.0
Graph progress:  47 % 1991.0
Graph progress:  48 % 5096.0
Graph progress:  49 % 1992.0
Graph progress:  50 % 4217.0
Graph progress:  51 % 643.0
Graph progress:  52 % 5765.0
Graph progress:  53 % 1790.0
Graph progress:  54 % 3317.0
Graph progress:  55 % 5388.0
Graph progress:  56 % 221.0
Graph progress:  57 % 2175.0
Graph progress:  58 % 912.0
Graph progress:  59 % 601.0
Graph progress:  60 % 2411.0
Graph progress:  61 % 5742.0
Graph progress:  62 % 2631.0
Graph progress:  63 % 987.0
Graph progress:  64 % 2994.0
Graph progress:  65 % 377.00001
Graph progress:  66 % 3293.0
Graph progress:  67 % 6331.0
Graph progress:  68 % 375.0
Graph progress:  69 % 2026.0
Graph progress:  70 % 1936.0
Graph progress:  71 % 33.00002
Graph progress:  72 % 3440.0
Graph progress:  73 % 4969.0
Graph progress:  74 % 2296.0
Graph progress:  75 % 658.0
Graph progress:  76 % 3388.0
Graph progress:  77 % 6098.0
Graph progress:  78 % 5541.0
Graph progress:  79 % 699.00001
Graph progress:  80 % 5177.0
Graph progress:  81 % 5420.0
Graph progress:  82 % 1303.0
Graph progress:  83 % 2763.0
Graph progress:  84 % 2091.0
Graph progress:  85 % 2621.0
Graph progress:  86 % 5009.0
Graph progress:  87 % 382.00001
Graph progress:  88 % 5070.0
Graph progress:  89 % 4161.0
Graph progress:  90 % 1849.0
Graph progress:  91 % 2242.0
Graph progress:  92 % 278.00001
Graph progress:  93 % 1439.0
Graph progress:  94 % 1438.0
Graph progress:  95 % 4293.0
Graph progress:  96 % 87.0
Graph progress:  97 % 4590.0
Graph progress:  98 % 5159.0
Graph progress:  99 % 3587.0
Processed 7222 halos in snapshot 000_z015p000 of particle type 1
Reading in 'PartType4/ParticleIDs' for z = 15.0 using 8 thread(s) took 3.095442s
Reading in 'PartType4/ParticleIDs' for z = 14.0 using 8 thread(s) took 1.889477s
Reading in 'Subhalo/SubGroupNumber' for z = 14.0 using 8 thread(s) took 2.554541s
Reading in 'Subhalo/GroupNumber' for z = 14.0 using 8 thread(s) took 0.13977s
Reading in 'Subhalo/ApertureMeasurements/Mass/030kpc' for z = 14.0 using 8 thread(s) took 0.127861s
Reading in 'PartType4/Mass' for z = 14.0 using 8 thread(s) took 0.084012s
Reading in 'PartType4/ParticleIDs' for z = 15.0 using 8 thread(s) took 0.088297s
Reading in 'PartType4/GroupNumber' for z = 15.0 using 8 thread(s) took 0.083274s
Reading in 'PartType4/SubGroupNumber' for z = 15.0 using 8 thread(s) took 0.079602s
Reading in 'PartType4/GroupNumber' for z = 14.0 using 8 thread(s) took 0.081586s
Reading in 'PartType4/SubGroupNumber' for z = 14.0 using 8 thread(s) took 0.084992s
Reading in 'PartType4/ParticleIDs' for z = 14.0 using 8 thread(s) took 0.084351s
Graph progress:  0 % 980.0
Graph progress:  1 % 114.0
Graph progress:  2 % 255.0
Graph progress:  3 % 49.0
Graph progress:  4 % 322.0
Graph progress:  5 % 435.0
Graph progress:  6 % 380.0
Graph progress:  7 % 452.0
Graph progress:  8 % 133.0
Graph progress:  9 % 1388.0
Graph progress:  10 % 151.0
Graph progress:  11 % 507.0
Graph progress:  12 % 253.0
Graph progress:  13 % 1.0
Graph progress:  14 % 1.00007
Graph progress:  15 % 319.0
Graph progress:  16 % 136.0
Graph progress:  17 % 530.0
Graph progress:  18 % 108.0
Graph progress:  19 % 85.00001
Graph progress:  20 % 662.0
Graph progress:  21 % 761.0
Graph progress:  22 % 490.0
Graph progress:  23 % 647.0
Graph progress:  24 % 101.0
Graph progress:  25 % 28.0
Graph progress:  26 % 246.0
Graph progress:  27 % 400.0
Graph progress:  28 % 30.00003
Graph progress:  29 % 30.00002
Graph progress:  30 % 1476.0
Graph progress:  31 % 480.0
Graph progress:  32 % 171.0
Graph progress:  33 % 1011.0
Graph progress:  34 % 55.0
Graph progress:  35 % 8.00001
Graph progress:  36 % 223.0
Graph progress:  37 % 331.0
Graph progress:  38 % 115.0
Graph progress:  39 % 54.0
Graph progress:  40 % 736.0
Graph progress:  41 % 12.0
Graph progress:  42 % 48.0
Graph progress:  43 % 56.0
Graph progress:  44 % 517.0
Graph progress:  45 % 741.0
Graph progress:  46 % 139.0
Graph progress:  47 % 618.0
Graph progress:  48 % 131.0
Graph progress:  49 % 384.0
Graph progress:  50 % 11.00001
Graph progress:  51 % 686.0
Graph progress:  52 % 195.0
Graph progress:  53 % 455.0
Graph progress:  54 % 284.0
Graph progress:  55 % 272.0
Graph progress:  56 % 355.0
Graph progress:  57 % 20.0
Graph progress:  58 % 2.0
Graph progress:  59 % 665.0
Graph progress:  60 % 364.0
Graph progress:  61 % 503.0
Graph progress:  62 % 52.0
Graph progress:  63 % 866.0
Graph progress:  64 % 532.0
Graph progress:  65 % 78.0
Graph progress:  66 % 375.0
Graph progress:  67 % 289.0
Graph progress:  68 % 124.0
Graph progress:  69 % 3.00002
Graph progress:  70 % 142.0
Graph progress:  71 % 88.0
Graph progress:  72 % 219.0
Graph progress:  73 % 257.0
Graph progress:  74 % 150.0
Graph progress:  75 % 24.00002
Graph progress:  76 % 358.0
Graph progress:  77 % 687.0
Graph progress:  78 % 113.00001
Graph progress:  79 % 226.0
Graph progress:  80 % 675.0
Graph progress:  81 % 505.0
Graph progress:  82 % 282.0
Graph progress:  83 % 239.0
Graph progress:  84 % 461.0
Graph progress:  85 % 231.0
Graph progress:  86 % 1194.0
Graph progress:  87 % 1195.0
Graph progress:  88 % 557.0
Graph progress:  89 % 787.0
Graph progress:  90 % 75.0
Graph progress:  91 % 818.0
Graph progress:  92 % 405.0
Graph progress:  93 % 94.0
Graph progress:  94 % 145.0
Graph progress:  95 % 87.0
Graph progress:  96 % 73.0
Graph progress:  97 % 102.0
Graph progress:  98 % 46.0
Graph progress:  99 % 314.0
Processed 318 halos in snapshot 000_z015p000 of particle type 4
Reading in 'PartType5/ParticleIDs' for z = 15.0 using 8 thread(s) took 0.152669s
Reading in 'PartType5/ParticleIDs' for z = 14.0 using 8 thread(s) took 0.251876s
Reading in 'Subhalo/SubGroupNumber' for z = 14.0 using 8 thread(s) took 0.140537s
Reading in 'Subhalo/GroupNumber' for z = 14.0 using 8 thread(s) took 0.125584s
Reading in 'Subhalo/ApertureMeasurements/Mass/030kpc' for z = 14.0 using 8 thread(s) took 0.118935s
Reading in 'PartType5/Mass' for z = 14.0 using 8 thread(s) took 0.079742s
Reading in 'PartType5/ParticleIDs' for z = 15.0 using 8 thread(s) took 0.074113s
Reading in 'PartType5/GroupNumber' for z = 15.0 using 8 thread(s) took 0.067505s
Reading in 'PartType5/SubGroupNumber' for z = 15.0 using 8 thread(s) took 0.073724s
Reading in 'PartType5/GroupNumber' for z = 14.0 using 8 thread(s) took 0.078334s
Reading in 'PartType5/SubGroupNumber' for z = 14.0 using 8 thread(s) took 0.07428s
Reading in 'PartType5/ParticleIDs' for z = 14.0 using 8 thread(s) took 0.074215s
Graph progress:  0 % 1.00005
Processed 1 halos in snapshot 000_z015p000 of particle type 5
Reading in 'PartType0/ParticleIDs' for z = 15.0 using 8 thread(s) took 10.88758s
Reading in 'PartType0/ParticleIDs' for z = 14.0 using 8 thread(s) took 11.026131s
Reading in 'Subhalo/SubGroupNumber' for z = 14.0 using 8 thread(s) took 0.221081s
Reading in 'Subhalo/GroupNumber' for z = 14.0 using 8 thread(s) took 0.205195s
Reading in 'Subhalo/ApertureMeasurements/Mass/030kpc' for z = 14.0 using 8 thread(s) took 0.228781s
Reading in 'PartType0/Mass' for z = 14.0 using 8 thread(s) took 0.18559s
Reading in 'PartType0/ParticleIDs' for z = 15.0 using 8 thread(s) took 0.181972s
Reading in 'PartType0/GroupNumber' for z = 15.0 using 8 thread(s) took 0.189153s
Reading in 'PartType0/SubGroupNumber' for z = 15.0 using 8 thread(s) took 0.177395s
Reading in 'PartType0/GroupNumber' for z = 14.0 using 8 thread(s) took 0.202449s
Reading in 'PartType0/SubGroupNumber' for z = 14.0 using 8 thread(s) took 0.211228s
Reading in 'PartType0/ParticleIDs' for z = 14.0 using 8 thread(s) took 0.215526s
Graph progress:  0 % 721.0
Graph progress:  1 % 6426.0
Graph progress:  2 % 3407.0
Graph progress:  3 % 3641.0
Graph progress:  4 % 3803.0
Graph progress:  5 % 4851.0
Graph progress:  6 % 5797.0
Graph progress:  7 % 730.0
Graph progress:  8 % 1698.0
Graph progress:  9 % 1894.0
Graph progress:  10 % 6083.0
Graph progress:  11 % 3746.00001
Graph progress:  12 % 4751.0
Graph progress:  13 % 293.0
Graph progress:  14 % 5580.0
Graph progress:  15 % 967.0
Graph progress:  16 % 63.00001
Graph progress:  17 % 3507.0
Graph progress:  18 % 2658.0
Graph progress:  19 % 5928.0
Graph progress:  20 % 705.0
Graph progress:  21 % 3476.0
Graph progress:  22 % 629.00001
Graph progress:  23 % 1888.0
Graph progress:  24 % 5318.0
Graph progress:  25 % 1886.0
Graph progress:  26 % 496.0
Graph progress:  27 % 1282.0
Graph progress:  28 % 5816.0
Graph progress:  29 % 5788.0
Graph progress:  30 % 3086.0
Graph progress:  31 % 2300.0
Graph progress:  32 % 475.0
Graph progress:  33 % 4769.0
Graph progress:  34 % 5926.0
Graph progress:  35 % 4466.0
Graph progress:  36 % 396.0
Graph progress:  37 % 12.0
Graph progress:  38 % 2979.0
Graph progress:  39 % 3361.0
Graph progress:  40 % 5209.0
Graph progress:  41 % 2285.0
Graph progress:  42 % 6067.0
Graph progress:  43 % 745.0
Graph progress:  44 % 3004.0
Graph progress:  45 % 285.0
Graph progress:  46 % 4884.0
Graph progress:  47 % 211.00001
Graph progress:  48 % 4933.0
Graph progress:  49 % 6007.0
Graph progress:  50 % 2435.0
Graph progress:  51 % 2840.0
Graph progress:  52 % 1151.0
Graph progress:  53 % 11.0
Graph progress:  54 % 3175.0
Graph progress:  55 % 4409.0
Graph progress:  56 % 1397.0
Graph progress:  57 % 5748.0
Graph progress:  58 % 5493.0
Graph progress:  59 % 270.0
Graph progress:  60 % 2366.0
Graph progress:  61 % 2512.0
Graph progress:  62 % 5267.0
Graph progress:  63 % 1752.0
Graph progress:  64 % 413.0
Graph progress:  65 % 3394.0
Graph progress:  66 % 2579.0
Graph progress:  67 % 5444.0
Graph progress:  68 % 519.0
Graph progress:  69 % 5176.0
Graph progress:  70 % 3660.0
Graph progress:  71 % 6423.0
Graph progress:  72 % 3304.0
Graph progress:  73 % 3626.0
Graph progress:  74 % 3946.0
Graph progress:  75 % 6318.0
Graph progress:  76 % 3388.0
Graph progress:  77 % 2295.0
Graph progress:  78 % 6319.0
Graph progress:  79 % 4241.0
Graph progress:  80 % 1588.0
Graph progress:  81 % 1366.0
Graph progress:  82 % 1247.0
Graph progress:  83 % 2885.0
Graph progress:  84 % 6241.0
Graph progress:  85 % 2650.0
Graph progress:  86 % 3807.0
Graph progress:  87 % 1981.0
Graph progress:  88 % 1773.0
Graph progress:  89 % 3386.0
Graph progress:  90 % 5236.0
Graph progress:  91 % 1255.00001
Graph progress:  92 % 5235.0
Graph progress:  93 % 1568.0
Graph progress:  94 % 2735.0
Graph progress:  95 % 1534.0
Graph progress:  96 % 2038.0
Graph progress:  97 % 2585.0
Graph progress:  98 % 73.0
Graph progress:  99 % 3587.0
Processed 7230 halos in snapshot 000_z015p000 of particle type 0
Write progress:  0 % 2308.0
Write progress:  1 % 6403.0
Write progress:  2 % 3407.0
Write progress:  3 % 2575.0
Write progress:  4 % 2381.0
Write progress:  5 % 215.0
Write progress:  6 % 3248.0
Write progress:  7 % 1146.0
Write progress:  8 % 5936.0
Write progress:  9 % 5579.0
Write progress:  10 % 6255.0
Write progress:  11 % 4526.0
Write progress:  12 % 2854.0
Write progress:  13 % 5305.0
Write progress:  14 % 2677.0
Write progress:  15 % 891.0
Write progress:  16 % 2660.0
Write progress:  17 % 5911.0
Write progress:  18 % 4728.0
Write progress:  19 % 3671.0
Write progress:  20 % 1672.00001
Write progress:  21 % 1751.0
Write progress:  22 % 28.00003
Write progress:  23 % 185.0
Write progress:  24 % 1121.0
Write progress:  25 % 6274.0
Write progress:  26 % 3699.0
Write progress:  27 % 2611.0
Write progress:  28 % 2968.0
Write progress:  29 % 659.0
Write progress:  30 % 1607.0
Write progress:  31 % 2187.0
Write progress:  32 % 3717.0
Write progress:  33 % 1061.00001
Write progress:  34 % 106.0
Write progress:  35 % 3328.0
Write progress:  36 % 4661.0
Write progress:  37 % 5225.0
Write progress:  38 % 3828.0
Write progress:  39 % 54.0
Write progress:  40 % 1753.00001
Write progress:  41 % 301.00001
Write progress:  42 % 1653.0
Write progress:  43 % 745.00001
Write progress:  44 % 6156.0
Write progress:  45 % 2578.0
Write progress:  46 % 1464.0
Write progress:  47 % 1991.0
Write progress:  48 % 5096.0
Write progress:  49 % 1992.0
Write progress:  50 % 4217.0
Write progress:  51 % 643.0
Write progress:  52 % 5765.0
Write progress:  53 % 1790.0
Write progress:  54 % 3317.0
Write progress:  55 % 5388.0
Write progress:  56 % 221.0
Write progress:  57 % 2175.0
Write progress:  58 % 912.0
Write progress:  59 % 601.0
Write progress:  60 % 2411.0
Write progress:  61 % 5742.0
Write progress:  62 % 2631.0
Write progress:  63 % 987.0
Write progress:  64 % 2994.0
Write progress:  65 % 377.00001
Write progress:  66 % 3293.0
Write progress:  67 % 6331.0
Write progress:  68 % 375.0
Write progress:  69 % 2026.0
Write progress:  70 % 1936.0
Write progress:  71 % 33.00002
Write progress:  72 % 3440.0
Write progress:  73 % 4969.0
Write progress:  74 % 2296.0
Write progress:  75 % 658.0
Write progress:  76 % 3388.0
Write progress:  77 % 6098.0
Write progress:  78 % 5541.0
Write progress:  79 % 699.00001
Write progress:  80 % 5177.0
Write progress:  81 % 5420.0
Write progress:  82 % 1303.0
Write progress:  83 % 2763.0
Write progress:  84 % 2091.0
Write progress:  85 % 2621.0
Write progress:  86 % 5009.0
Write progress:  87 % 382.00001
Write progress:  88 % 5070.0
Write progress:  89 % 4161.0
Write progress:  90 % 1849.0
Write progress:  91 % 2242.0
Write progress:  92 % 278.00001
Write progress:  93 % 1439.0
Write progress:  94 % 1438.0
Write progress:  95 % 4293.0
Write progress:  96 % 87.0
Write progress:  97 % 4590.0
Write progress:  98 % 5159.0
Write progress:  99 % 3587.0
Job done, info follows...
       JobID    JobName  Partition     MaxRSS    Elapsed ExitCode 
------------ ---------- ---------- ---------- ---------- -------- 
2042958_337  MEGA-FLAR+     cosma6              00:04:40      0:0 
2042958_337+     extern                         00:04:40      0:0 
