====
Starting job 2040822 at Wed 22 Apr 01:09:17 BST 2020 for user dc-rope1.
Running on nodes: m7326
====
['000_z020p000', '001_z015p132', '002_z009p993', '003_z008p988', '004_z008p075', '005_z007p050', '006_z005p971', '007_z005p487', '008_z005p037', '009_z004p485', '010_z003p984', '011_z003p528', '012_z003p017', '013_z002p478', '014_z002p237', '015_z002p012', '016_z001p737', '017_z001p487', '018_z001p259', '019_z001p004', '020_z000p865', '021_z000p736', '022_z000p615', '023_z000p503', '024_z000p366', '025_z000p271', '026_z000p183', '027_z000p101', '028_z000p000']
[None, '000_z020p000', '001_z015p132', '002_z009p993', '003_z008p988', '004_z008p075', '005_z007p050', '006_z005p971', '007_z005p487', '008_z005p037', '009_z004p485', '010_z003p984', '011_z003p528', '012_z003p017', '013_z002p478', '014_z002p237', '015_z002p012', '016_z001p737', '017_z001p487', '018_z001p259', '019_z001p004', '020_z000p865', '021_z000p736', '022_z000p615', '023_z000p503', '024_z000p366', '025_z000p271', '026_z000p183', '027_z000p101']
['001_z015p132', '002_z009p993', '003_z008p988', '004_z008p075', '005_z007p050', '006_z005p971', '007_z005p487', '008_z005p037', '009_z004p485', '010_z003p984', '011_z003p528', '012_z003p017', '013_z002p478', '014_z002p237', '015_z002p012', '016_z001p737', '017_z001p487', '018_z001p259', '019_z001p004', '020_z000p865', '021_z000p736', '022_z000p615', '023_z000p503', '024_z000p366', '025_z000p271', '026_z000p183', '027_z000p101', '028_z000p000', None]
007_z005p487
Reading in 'PartType1/ParticleIDs' for z = 5.487 using 8 thread(s) took 54.613403s
Reading in 'PartType1/ParticleIDs' for z = 5.487 using 8 thread(s) took 12.848818s
Reading in 'PartType1/GroupNumber' for z = 5.487 using 8 thread(s) took 7.41796s
Reading in 'PartType1/SubGroupNumber' for z = 5.487 using 8 thread(s) took 6.404837s
Reading in 'PartType1/GroupNumber' for z = 5.971 using 8 thread(s) took 9.087606s
Reading in 'PartType1/SubGroupNumber' for z = 5.971 using 8 thread(s) took 7.70955s
Reading in 'PartType1/ParticleIDs' for z = 5.971 using 8 thread(s) took 12.919673s
Reading in 'PartType1/GroupNumber' for z = 5.037 using 8 thread(s) took 10.837033s
Reading in 'PartType1/SubGroupNumber' for z = 5.037 using 8 thread(s) took 9.89006s
Reading in 'PartType1/ParticleIDs' for z = 5.037 using 8 thread(s) took 15.331378s
Graph progress:  0 % 796.0
Graph progress:  1 % 201889.0
Graph progress:  2 % 1209958.0
Graph progress:  3 % 1911190.0
Graph progress:  4 % 539737.0
Graph progress:  5 % 1246985.0
Graph progress:  6 % 69728.00001
Graph progress:  7 % 809138.0
Graph progress:  8 % 1586695.0
Graph progress:  9 % 188875.0
Graph progress:  10 % 941732.0
Graph progress:  11 % 1721073.0
Graph progress:  12 % 1817800.0
Graph progress:  13 % 1114737.0
Graph progress:  14 % 1105095.0
Graph progress:  15 % 750768.0
Graph progress:  16 % 993381.0
Graph progress:  17 % 2048114.0
Graph progress:  18 % 449407.0
Graph progress:  19 % 120349.0
Graph progress:  20 % 600472.0
Graph progress:  21 % 728434.0
Graph progress:  22 % 41325.0
Graph progress:  23 % 94489.00002
Graph progress:  24 % 1700465.0
Graph progress:  25 % 1224734.0
Graph progress:  26 % 1821199.0
Graph progress:  27 % 724.00018
Graph progress:  28 % 372524.0
Graph progress:  29 % 896620.0
Graph progress:  30 % 950170.0
Graph progress:  31 % 1773625.0
Graph progress:  32 % 897981.00001
Graph progress:  33 % 482253.0
Graph progress:  34 % 50745.0
Graph progress:  35 % 2892.0
Graph progress:  36 % 890667.0
Graph progress:  37 % 1823676.0
Graph progress:  38 % 146077.0
Graph progress:  39 % 878506.0
Graph progress:  40 % 1179944.0
Graph progress:  41 % 923273.0
Graph progress:  42 % 1496086.0
Graph progress:  43 % 382029.00001
Graph progress:  44 % 63507.00001
Graph progress:  45 % 663070.00001
Graph progress:  46 % 1080149.0
Graph progress:  47 % 861002.0
Graph progress:  48 % 1461014.0
Graph progress:  49 % 1637916.0
Graph progress:  50 % 601512.0
Graph progress:  51 % 411963.0
Graph progress:  52 % 1638600.0
Graph progress:  53 % 1204066.0
Graph progress:  54 % 376657.00001
Graph progress:  55 % 178620.00001
Graph progress:  56 % 1852705.0
Graph progress:  57 % 182369.0
Graph progress:  58 % 1128913.0
Graph progress:  59 % 241830.0
Graph progress:  60 % 1756192.0
Graph progress:  61 % 176449.0
Graph progress:  62 % 364177.0
Graph progress:  63 % 2073.00003
Graph progress:  64 % 1641234.0
Graph progress:  65 % 1241834.0
Graph progress:  66 % 1217570.0
Graph progress:  67 % 1757983.0
Graph progress:  68 % 1558383.0
Graph progress:  69 % 79899.00001
Graph progress:  70 % 1029436.0
Graph progress:  71 % 1880394.0
Graph progress:  72 % 641396.0
Graph progress:  73 % 692021.0
Graph progress:  74 % 1520662.0
Graph progress:  75 % 668.00013
Graph progress:  76 % 30547.00002
Graph progress:  77 % 645214.0
Graph progress:  78 % 1809102.0
Graph progress:  79 % 851162.0
Graph progress:  80 % 17870.00002
Graph progress:  81 % 1983703.0
Graph progress:  82 % 569729.0
Graph progress:  83 % 1231610.0
Graph progress:  84 % 39723.0
Graph progress:  85 % 2037256.0
Graph progress:  86 % 1624256.0
Graph progress:  87 % 1542380.0
Graph progress:  88 % 1715150.0
Graph progress:  89 % 465909.00001
Graph progress:  90 % 824049.0
Graph progress:  91 % 1257621.0
Graph progress:  92 % 1950557.0
Graph progress:  93 % 1469181.0
Graph progress:  94 % 954541.0
Graph progress:  95 % 570094.00001
Graph progress:  96 % 373801.0
Graph progress:  97 % 491733.0
Graph progress:  98 % 947875.0
Graph progress:  99 % 1584747.0
Processed 2420571 halos in snapshot 007_z005p487 of particle type 1
Write progress:  0 % 796.0
Write progress:  1 % 201889.0
Write progress:  2 % 1209958.0
Write progress:  3 % 1911190.0
Write progress:  4 % 539737.0
Write progress:  5 % 1246985.0
Write progress:  6 % 69728.00001
Write progress:  7 % 809138.0
Write progress:  8 % 1586695.0
Write progress:  9 % 188875.0
Write progress:  10 % 941732.0
Write progress:  11 % 1721073.0
Write progress:  12 % 1817800.0
Write progress:  13 % 1114737.0
Write progress:  14 % 1105095.0
Write progress:  15 % 750768.0
Write progress:  16 % 993381.0
Write progress:  17 % 2048114.0
Write progress:  18 % 449407.0
Write progress:  19 % 120349.0
Write progress:  20 % 600472.0
Write progress:  21 % 728434.0
Write progress:  22 % 41325.0
Write progress:  23 % 94489.00002
Write progress:  24 % 1700465.0
Write progress:  25 % 1224734.0
Write progress:  26 % 1821199.0
Write progress:  27 % 724.00018
Write progress:  28 % 372524.0
Write progress:  29 % 896620.0
Write progress:  30 % 950170.0
Write progress:  31 % 1773625.0
Write progress:  32 % 897981.00001
Write progress:  33 % 482253.0
Write progress:  34 % 50745.0
Write progress:  35 % 2892.0
Write progress:  36 % 890667.0
Write progress:  37 % 1823676.0
Write progress:  38 % 146077.0
Write progress:  39 % 878506.0
Write progress:  40 % 1179944.0
Write progress:  41 % 923273.0
Write progress:  42 % 1496086.0
Write progress:  43 % 382029.00001
Write progress:  44 % 63507.00001
Write progress:  45 % 663070.00001
Write progress:  46 % 1080149.0
Write progress:  47 % 861002.0
Write progress:  48 % 1461014.0
Write progress:  49 % 1637916.0
Write progress:  50 % 601512.0
Write progress:  51 % 411963.0
Write progress:  52 % 1638600.0
Write progress:  53 % 1204066.0
Write progress:  54 % 376657.00001
Write progress:  55 % 178620.00001
Write progress:  56 % 1852705.0
Write progress:  57 % 182369.0
Write progress:  58 % 1128913.0
Write progress:  59 % 241830.0
Write progress:  60 % 1756192.0
Write progress:  61 % 176449.0
Write progress:  62 % 364177.0
Write progress:  63 % 2073.00003
Write progress:  64 % 1641234.0
Write progress:  65 % 1241834.0
Write progress:  66 % 1217570.0
Write progress:  67 % 1757983.0
Write progress:  68 % 1558383.0
Write progress:  69 % 79899.00001
Write progress:  70 % 1029436.0
Write progress:  71 % 1880394.0
Write progress:  72 % 641396.0
Write progress:  73 % 692021.0
Write progress:  74 % 1520662.0
Write progress:  75 % 668.00013
Write progress:  76 % 30547.00002
Write progress:  77 % 645214.0
Write progress:  78 % 1809102.0
Write progress:  79 % 851162.0
Write progress:  80 % 17870.00002
Write progress:  81 % 1983703.0
Write progress:  82 % 569729.0
Write progress:  83 % 1231610.0
Write progress:  84 % 39723.0
Write progress:  85 % 2037256.0
Write progress:  86 % 1624256.0
Write progress:  87 % 1542380.0
Write progress:  88 % 1715150.0
Write progress:  89 % 465909.00001
Write progress:  90 % 824049.0
Write progress:  91 % 1257621.0
Write progress:  92 % 1950557.0
Write progress:  93 % 1469181.0
Write progress:  94 % 954541.0
Write progress:  95 % 570094.00001
Write progress:  96 % 373801.0
Write progress:  97 % 491733.0
Write progress:  98 % 947875.0
Write progress:  99 % 1584747.0
Reading in 'PartType4/ParticleIDs' for z = 5.487 using 8 thread(s) took 22.609973s
Reading in 'PartType4/ParticleIDs' for z = 5.971 using 8 thread(s) took 18.048869s
Reading in 'Subhalo/SubGroupNumber' for z = 5.971 using 8 thread(s) took 19.806716s
Reading in 'Subhalo/GroupNumber' for z = 5.971 using 8 thread(s) took 3.261625s
Reading in 'Subhalo/ApertureMeasurements/Mass/030kpc' for z = 5.971 using 8 thread(s) took 3.430063s
Reading in 'PartType4/Mass' for z = 5.971 using 8 thread(s) took 14.256492s
Reading in 'PartType4/ParticleIDs' for z = 5.037 using 8 thread(s) took 16.480323s
Reading in 'Subhalo/SubGroupNumber' for z = 5.037 using 8 thread(s) took 21.025258s
Reading in 'Subhalo/GroupNumber' for z = 5.037 using 8 thread(s) took 3.326865s
Reading in 'Subhalo/ApertureMeasurements/Mass/030kpc' for z = 5.037 using 8 thread(s) took 3.54724s
Reading in 'PartType4/Mass' for z = 5.037 using 8 thread(s) took 14.979s
Reading in 'PartType4/ParticleIDs' for z = 5.487 using 8 thread(s) took 13.299354s
Reading in 'PartType4/GroupNumber' for z = 5.487 using 8 thread(s) took 15.161006s
Reading in 'PartType4/SubGroupNumber' for z = 5.487 using 8 thread(s) took 3.888247s
Reading in 'PartType4/GroupNumber' for z = 5.971 using 8 thread(s) took 10.519689s
Reading in 'PartType4/SubGroupNumber' for z = 5.971 using 8 thread(s) took 4.662207s
Reading in 'PartType4/ParticleIDs' for z = 5.971 using 8 thread(s) took 14.729123s
Reading in 'PartType4/GroupNumber' for z = 5.037 using 8 thread(s) took 7.288038s
Reading in 'PartType4/SubGroupNumber' for z = 5.037 using 8 thread(s) took 4.221622s
Reading in 'PartType4/ParticleIDs' for z = 5.037 using 8 thread(s) took 9.365628s
Graph progress:  0 % 796.0
Graph progress:  1 % 221062.0
Graph progress:  2 % 410973.0
Graph progress:  3 % 718728.0
Graph progress:  4 % 208.0
Graph progress:  5 % 81155.0
Graph progress:  6 % 277627.0
Graph progress:  7 % 1567.00011
Graph progress:  8 % 428254.0
Graph progress:  9 % 199322.0
Graph progress:  10 % 79460.0
Graph progress:  11 % 273115.0
Graph progress:  12 % 4656.00003
Graph progress:  13 % 210201.0
Graph progress:  14 % 1609.0002
Graph progress:  15 % 245658.0
Graph progress:  16 % 419684.0
Graph progress:  17 % 456631.0
Graph progress:  18 % 158286.0
Graph progress:  19 % 119568.00001
Graph progress:  20 % 151236.00001
Graph progress:  21 % 273249.0
Graph progress:  22 % 121982.0
Graph progress:  23 % 150518.0
Graph progress:  24 % 65650.0
Graph progress:  25 % 186649.0
Graph progress:  26 % 8761.00005
Graph progress:  27 % 14452.0
Graph progress:  28 % 30490.00001
Graph progress:  29 % 40891.00001
Graph progress:  30 % 213173.0
Graph progress:  31 % 2239.00007
Graph progress:  32 % 126051.0
Graph progress:  33 % 25960.0
Graph progress:  34 % 102172.0
Graph progress:  35 % 163282.0
Graph progress:  36 % 17585.00001
Graph progress:  37 % 562170.0
Graph progress:  38 % 405478.0
Graph progress:  39 % 9829.00001
Graph progress:  40 % 156287.0
Graph progress:  41 % 179096.0
Graph progress:  42 % 170825.0
Graph progress:  43 % 308504.0
Graph progress:  44 % 618688.0
Graph progress:  45 % 58828.0
Graph progress:  46 % 738579.0
Graph progress:  47 % 83106.0
Graph progress:  48 % 687001.0
Graph progress:  49 % 426882.0
Graph progress:  50 % 561115.0
Graph progress:  51 % 56289.00001
Graph progress:  52 % 21322.00001
Graph progress:  53 % 776058.0
Graph progress:  54 % 498590.0
Graph progress:  55 % 393844.0
Graph progress:  56 % 159322.0
Graph progress:  57 % 17538.00001
Graph progress:  58 % 578462.0
Graph progress:  59 % 80678.0
Graph progress:  60 % 117803.0
Graph progress:  61 % 487.00023
Graph progress:  62 % 39597.0
Graph progress:  63 % 45868.0
Graph progress:  64 % 1004694.0
Graph progress:  65 % 19489.00005
Graph progress:  66 % 8356.00003
Graph progress:  67 % 232912.0
Graph progress:  68 % 105084.0
Graph progress:  69 % 253663.0
Graph progress:  70 % 57712.0
Graph progress:  71 % 18691.0
Graph progress:  72 % 4064.00001
Graph progress:  73 % 236346.0
Graph progress:  74 % 21408.00002
Graph progress:  75 % 612660.0
Graph progress:  76 % 211326.0
Graph progress:  77 % 26898.0
Graph progress:  78 % 234.00003
Graph progress:  79 % 299389.0
Graph progress:  80 % 26263.0
Graph progress:  81 % 17501.00003
Graph progress:  82 % 480947.0
Graph progress:  83 % 83148.0
Graph progress:  84 % 99720.0
Graph progress:  85 % 2444.00001
Graph progress:  86 % 237992.0
Graph progress:  87 % 68296.0
Graph progress:  88 % 167677.0
Graph progress:  89 % 494136.0
Graph progress:  90 % 26746.00003
Graph progress:  91 % 12082.00002
Graph progress:  92 % 99156.0
Graph progress:  93 % 557759.0
Graph progress:  94 % 139825.0
Graph progress:  95 % 9438.00004
Graph progress:  96 % 97334.00001
Graph progress:  97 % 115414.0
Graph progress:  98 % 92696.00001
Graph progress:  99 % 175164.0
Processed 404339 halos in snapshot 007_z005p487 of particle type 4
Reading in 'PartType5/ParticleIDs' for z = 5.487 using 8 thread(s) took 8.076491s
Reading in 'PartType5/ParticleIDs' for z = 5.971 using 8 thread(s) took 7.279974s
Reading in 'Subhalo/SubGroupNumber' for z = 5.971 using 8 thread(s) took 8.855922s
Reading in 'Subhalo/GroupNumber' for z = 5.971 using 8 thread(s) took 3.59013s
Reading in 'Subhalo/ApertureMeasurements/Mass/030kpc' for z = 5.971 using 8 thread(s) took 3.580085s
Reading in 'PartType5/Mass' for z = 5.971 using 8 thread(s) took 6.312078s
Reading in 'PartType5/ParticleIDs' for z = 5.037 using 8 thread(s) took 7.054161s
Reading in 'Subhalo/SubGroupNumber' for z = 5.037 using 8 thread(s) took 9.699008s
Reading in 'Subhalo/GroupNumber' for z = 5.037 using 8 thread(s) took 3.626568s
Reading in 'Subhalo/ApertureMeasurements/Mass/030kpc' for z = 5.037 using 8 thread(s) took 3.494508s
Reading in 'PartType5/Mass' for z = 5.037 using 8 thread(s) took 6.731572s
Reading in 'PartType5/ParticleIDs' for z = 5.487 using 8 thread(s) took 6.286653s
Reading in 'PartType5/GroupNumber' for z = 5.487 using 8 thread(s) took 3.638387s
Reading in 'PartType5/SubGroupNumber' for z = 5.487 using 8 thread(s) took 3.738186s
Reading in 'PartType5/GroupNumber' for z = 5.971 using 8 thread(s) took 3.978418s
Reading in 'PartType5/SubGroupNumber' for z = 5.971 using 8 thread(s) took 3.681265s
Reading in 'PartType5/ParticleIDs' for z = 5.971 using 8 thread(s) took 3.647509s
Reading in 'PartType5/GroupNumber' for z = 5.037 using 8 thread(s) took 3.610606s
Reading in 'PartType5/SubGroupNumber' for z = 5.037 using 8 thread(s) took 3.600966s
