====
Starting job 2043128 at Thu 23 Apr 22:39:59 BST 2020 for user dc-rope1.
Running on nodes: m6180
====
35
('37', '010_z005p000', '011_z004p770', None)
Reading in 'PartType1/ParticleIDs' for z = 4.77 using 8 thread(s) took 11.439028s
Reading in 'PartType1/ParticleIDs' for z = 4.77 using 8 thread(s) took 3.097867s
Reading in 'PartType1/GroupNumber' for z = 4.77 using 8 thread(s) took 0.410043s
Reading in 'PartType1/SubGroupNumber' for z = 4.77 using 8 thread(s) took 0.370205s
Reading in 'PartType1/GroupNumber' for z = 5.0 using 8 thread(s) took 0.889432s
Reading in 'PartType1/SubGroupNumber' for z = 5.0 using 8 thread(s) took 0.73874s
Reading in 'PartType1/ParticleIDs' for z = 5.0 using 8 thread(s) took 1.706923s
Graph progress:  0 % 23458.0
Graph progress:  1 % 42793.0
Graph progress:  2 % 102793.0
Graph progress:  3 % 6996.0
Graph progress:  4 % 141975.0
Graph progress:  5 % 139944.0
Graph progress:  6 % 162946.0
Graph progress:  7 % 89478.0
Graph progress:  8 % 133839.0
Graph progress:  9 % 83477.0
Graph progress:  10 % 913.00004
Graph progress:  11 % 152875.0
Graph progress:  12 % 54298.0
Graph progress:  13 % 60511.0
Graph progress:  14 % 141863.0
Graph progress:  15 % 79901.0
Graph progress:  16 % 88825.0
Graph progress:  17 % 41184.0
Graph progress:  18 % 109616.0
Graph progress:  19 % 18913.0
Graph progress:  20 % 3223.0
Graph progress:  21 % 24873.00001
Graph progress:  22 % 157574.0
Graph progress:  23 % 67454.0
Graph progress:  24 % 90126.0
Graph progress:  25 % 22822.0
Graph progress:  26 % 5488.00001
Graph progress:  27 % 148842.0
Graph progress:  28 % 7.00004
Graph progress:  29 % 134147.0
Graph progress:  30 % 87220.0
Graph progress:  31 % 27837.0
Graph progress:  32 % 3962.0
Graph progress:  33 % 1085.00004
Graph progress:  34 % 50076.0
Graph progress:  35 % 75641.0
Graph progress:  36 % 58963.0
Graph progress:  37 % 86561.0
Graph progress:  38 % 109410.0
Graph progress:  39 % 109308.0
Graph progress:  40 % 53185.0
Graph progress:  41 % 2841.00003
Graph progress:  42 % 143765.0
Graph progress:  43 % 75106.0
Graph progress:  44 % 100625.0
Graph progress:  45 % 118987.0
Graph progress:  46 % 168163.0
Graph progress:  47 % 64207.0
Graph progress:  48 % 45471.0
Graph progress:  49 % 122748.0
Graph progress:  50 % 152000.0
Graph progress:  51 % 51498.0
Graph progress:  52 % 169613.0
Graph progress:  53 % 2275.00001
Graph progress:  54 % 63106.0
Graph progress:  55 % 1680.0
Graph progress:  56 % 107917.0
Graph progress:  57 % 158705.0
Graph progress:  58 % 77503.0
Graph progress:  59 % 49109.0
Graph progress:  60 % 165781.0
Graph progress:  61 % 19462.0
Graph progress:  62 % 98601.0
Graph progress:  63 % 100057.0
Graph progress:  64 % 78398.0
Graph progress:  65 % 134296.0
Graph progress:  66 % 74281.0
Graph progress:  67 % 3525.0
Graph progress:  68 % 31473.0
Graph progress:  69 % 128.00006
Graph progress:  70 % 121346.0
Graph progress:  71 % 94517.00001
Graph progress:  72 % 24027.0
Graph progress:  73 % 11320.0
Graph progress:  74 % 5859.0
Graph progress:  75 % 30301.0
Graph progress:  76 % 134437.0
Graph progress:  77 % 177.0001
Graph progress:  78 % 89705.0
Graph progress:  79 % 152155.0
Graph progress:  80 % 6726.0
Graph progress:  81 % 30158.00001
Graph progress:  82 % 4394.00001
Graph progress:  83 % 106496.0
Graph progress:  84 % 76310.0
Graph progress:  85 % 39983.0
Graph progress:  86 % 118018.0
Graph progress:  87 % 64898.0
Graph progress:  88 % 64934.0
Graph progress:  89 % 84928.0
Graph progress:  90 % 165355.0
Graph progress:  91 % 47698.0
Graph progress:  92 % 12078.0
Graph progress:  93 % 63414.0
Graph progress:  94 % 158551.0
Graph progress:  95 % 73068.0
Graph progress:  96 % 140507.0
Graph progress:  97 % 88415.0
Graph progress:  98 % 156223.0
Graph progress:  99 % 30835.0
Processed 198398 halos in snapshot 011_z004p770 of particle type 1
Reading in 'PartType4/ParticleIDs' for z = 4.77 using 8 thread(s) took 1.39973s
Reading in 'PartType4/ParticleIDs' for z = 5.0 using 8 thread(s) took 1.863173s
Reading in 'Subhalo/SubGroupNumber' for z = 5.0 using 8 thread(s) took 2.757442s
Reading in 'Subhalo/GroupNumber' for z = 5.0 using 8 thread(s) took 0.584638s
Reading in 'Subhalo/ApertureMeasurements/Mass/030kpc' for z = 5.0 using 8 thread(s) took 0.632363s
Reading in 'PartType4/Mass' for z = 5.0 using 8 thread(s) took 0.905834s
Reading in 'PartType4/ParticleIDs' for z = 4.77 using 8 thread(s) took 0.867707s
Reading in 'PartType4/GroupNumber' for z = 4.77 using 8 thread(s) took 0.714439s
Reading in 'PartType4/SubGroupNumber' for z = 4.77 using 8 thread(s) took 0.664558s
Reading in 'PartType4/GroupNumber' for z = 5.0 using 8 thread(s) took 0.43252s
Reading in 'PartType4/SubGroupNumber' for z = 5.0 using 8 thread(s) took 0.551274s
Reading in 'PartType4/ParticleIDs' for z = 5.0 using 8 thread(s) took 0.662041s
Graph progress:  0 % 6013.00001
Graph progress:  1 % 37290.0
Graph progress:  2 % 55454.0
Graph progress:  3 % 1856.00002
Graph progress:  4 % 74177.0
Graph progress:  5 % 15447.0
Graph progress:  6 % 48486.0
Graph progress:  7 % 22033.0
Graph progress:  8 % 451.00003
Graph progress:  9 % 16432.00001
Graph progress:  10 % 178.0
Graph progress:  11 % 20064.00001
Graph progress:  12 % 2793.00001
Graph progress:  13 % 3608.00001
Graph progress:  14 % 2280.0
Graph progress:  15 % 56.00018
Graph progress:  16 % 5799.0
Graph progress:  17 % 59631.0
Graph progress:  18 % 1082.00002
Graph progress:  19 % 1655.00001
Graph progress:  20 % 5933.0
Graph progress:  21 % 1801.00001
Graph progress:  22 % 21053.0
Graph progress:  23 % 9929.0
Graph progress:  24 % 37326.0
Graph progress:  25 % 1736.0
Graph progress:  26 % 41337.0
Graph progress:  27 % 26476.0
Graph progress:  28 % 62802.0
Graph progress:  29 % 21630.0
Graph progress:  30 % 14062.0
Graph progress:  31 % 51803.0
Graph progress:  32 % 1556.0
Graph progress:  33 % 80585.0
Graph progress:  34 % 33340.0
Graph progress:  35 % 9100.0
Graph progress:  36 % 14882.0
Graph progress:  37 % 4476.0
Graph progress:  38 % 3259.00001
Graph progress:  39 % 220.0
Graph progress:  40 % 3759.0
Graph progress:  41 % 46.00014
Graph progress:  42 % 23825.0
Graph progress:  43 % 25950.0
Graph progress:  44 % 3500.00003
Graph progress:  45 % 22893.0
Graph progress:  46 % 1036.00002
Graph progress:  47 % 12825.0
Graph progress:  48 % 7648.00002
Graph progress:  49 % 23362.0
Graph progress:  50 % 6637.0
Graph progress:  51 % 2313.00002
Graph progress:  52 % 11745.0
Graph progress:  53 % 522.00003
Graph progress:  54 % 487.0
Graph progress:  55 % 16103.0
Graph progress:  56 % 1195.00002
Graph progress:  57 % 20857.0
Graph progress:  58 % 4384.0
Graph progress:  59 % 11383.0
Graph progress:  60 % 5229.0
Graph progress:  61 % 72674.0
Graph progress:  62 % 37005.0
Graph progress:  63 % 2480.0
Graph progress:  64 % 49928.0
Graph progress:  65 % 6133.00002
Graph progress:  66 % 15250.00001
Graph progress:  67 % 1148.00005
Graph progress:  68 % 25671.0
Graph progress:  69 % 19.00023
Graph progress:  70 % 16504.00001
Graph progress:  71 % 8050.0
Graph progress:  72 % 3991.0
Graph progress:  73 % 46226.0
Graph progress:  74 % 39592.0
Graph progress:  75 % 5314.0
Graph progress:  76 % 599.00001
Graph progress:  77 % 730.00001
Graph progress:  78 % 39017.0
Graph progress:  79 % 16749.00001
Graph progress:  80 % 10027.0
Graph progress:  81 % 5106.0
Graph progress:  82 % 469.0
Graph progress:  83 % 7423.00001
Graph progress:  84 % 13662.0
Graph progress:  85 % 11148.0
Graph progress:  86 % 6071.0
Graph progress:  87 % 23097.0
Graph progress:  88 % 30829.0
Graph progress:  89 % 37.00019
Graph progress:  90 % 6792.0
Graph progress:  91 % 19393.0
Graph progress:  92 % 9134.0
Graph progress:  93 % 20558.0
Graph progress:  94 % 265.00012
Graph progress:  95 % 494.00011
Graph progress:  96 % 11634.0
Graph progress:  97 % 13366.0
Graph progress:  98 % 2215.00001
Graph progress:  99 % 20436.00001
Processed 34317 halos in snapshot 011_z004p770 of particle type 4
Reading in 'PartType5/ParticleIDs' for z = 4.77 using 8 thread(s) took 1.580575s
Reading in 'PartType5/ParticleIDs' for z = 5.0 using 8 thread(s) took 1.458805s
Reading in 'Subhalo/SubGroupNumber' for z = 5.0 using 8 thread(s) took 0.569348s
Reading in 'Subhalo/GroupNumber' for z = 5.0 using 8 thread(s) took 0.478464s
Reading in 'Subhalo/ApertureMeasurements/Mass/030kpc' for z = 5.0 using 8 thread(s) took 0.528713s
Reading in 'PartType5/Mass' for z = 5.0 using 8 thread(s) took 0.699142s
Reading in 'PartType5/ParticleIDs' for z = 4.77 using 8 thread(s) took 0.740863s
Reading in 'PartType5/GroupNumber' for z = 4.77 using 8 thread(s) took 0.516872s
Reading in 'PartType5/SubGroupNumber' for z = 4.77 using 8 thread(s) took 0.442634s
Reading in 'PartType5/GroupNumber' for z = 5.0 using 8 thread(s) took 0.492583s
Reading in 'PartType5/SubGroupNumber' for z = 5.0 using 8 thread(s) took 0.464049s
Reading in 'PartType5/ParticleIDs' for z = 5.0 using 8 thread(s) took 0.464527s
Graph progress:  0 % 2448.00004
Graph progress:  1 % 1702.0
Graph progress:  2 % 1706.00002
Graph progress:  3 % 2169.0
Graph progress:  4 % 1074.00005
Graph progress:  5 % 1957.0
Graph progress:  6 % 160.00001
Graph progress:  7 % 1762.00001
Graph progress:  8 % 20.0
Graph progress:  9 % 2220.0
Graph progress:  10 % 1453.0
Graph progress:  11 % 3167.0
Graph progress:  12 % 2854.00001
Graph progress:  13 % 35975.0
Graph progress:  14 % 1199.00001
Graph progress:  15 % 1269.0
Graph progress:  16 % 722.0
Graph progress:  17 % 55954.0
Graph progress:  18 % 1787.0
Graph progress:  19 % 2899.00003
Graph progress:  20 % 103.0
Graph progress:  21 % 972.00002
Graph progress:  22 % 1930.0
Graph progress:  23 % 1425.00001
Graph progress:  24 % 255.00011
Graph progress:  25 % 1625.00006
Graph progress:  26 % 2634.0
Graph progress:  27 % 255.0
Graph progress:  28 % 15.00002
Graph progress:  29 % 1796.0
Graph progress:  30 % 634.0
Graph progress:  31 % 1730.0
Graph progress:  32 % 2450.0
Graph progress:  33 % 222.00001
Graph progress:  34 % 570.0
Graph progress:  35 % 1614.0
Graph progress:  36 % 394.00001
Graph progress:  37 % 3075.0
Graph progress:  38 % 736.00001
Graph progress:  39 % 2830.0
Graph progress:  40 % 1871.0
Graph progress:  41 % 2162.00001
Graph progress:  42 % 3517.0
Graph progress:  43 % 329.0
Graph progress:  44 % 1601.0
Graph progress:  45 % 431.0
Graph progress:  46 % 1274.00003
Graph progress:  47 % 1176.0
Graph progress:  48 % 2121.0
Graph progress:  49 % 502.0
Graph progress:  50 % 2086.00001
Graph progress:  51 % 357.0
Graph progress:  52 % 1243.00002
Graph progress:  53 % 198.00003
Graph progress:  54 % 1107.0
Graph progress:  55 % 706.00001
Graph progress:  56 % 604.00005
Graph progress:  57 % 176.0
Graph progress:  58 % 2580.00001
Graph progress:  59 % 1915.0
Graph progress:  60 % 1725.00002
Graph progress:  61 % 142.00008
Graph progress:  62 % 987.0
Graph progress:  63 % 2210.0
Graph progress:  64 % 441.00008
Graph progress:  65 % 186.00002
Graph progress:  66 % 607.0
Graph progress:  67 % 3648.00001
Graph progress:  68 % 1257.00003
Graph progress:  69 % 260.00001
Graph progress:  70 % 2351.0
Graph progress:  71 % 35.0
Graph progress:  72 % 3460.0
Graph progress:  73 % 940.00006
Graph progress:  74 % 2201.0
Graph progress:  75 % 753.00007
Graph progress:  76 % 3260.0
Graph progress:  77 % 1379.00006
Graph progress:  78 % 1327.00002
Graph progress:  79 % 2943.0
Graph progress:  80 % 270.0
Graph progress:  81 % 240.00001
Graph progress:  82 % 1177.00001
Graph progress:  83 % 1491.0
Graph progress:  84 % 2342.0
Graph progress:  85 % 549.0
Graph progress:  86 % 3116.0
Graph progress:  87 % 498.0
Graph progress:  88 % 12.00002
Graph progress:  89 % 290.00001
Graph progress:  90 % 1570.0
Graph progress:  91 % 1.00045
Graph progress:  92 % 1753.0
Graph progress:  93 % 517.00001
Graph progress:  94 % 263.00013
Graph progress:  95 % 141.0
Graph progress:  96 % 1117.00003
Graph progress:  97 % 150.00001
Graph progress:  98 % 306.0
Graph progress:  99 % 2605.0
Processed 4199 halos in snapshot 011_z004p770 of particle type 5
Reading in 'PartType0/ParticleIDs' for z = 4.77 using 8 thread(s) took 8.841624s
Reading in 'PartType0/ParticleIDs' for z = 5.0 using 8 thread(s) took 8.782239s
Reading in 'Subhalo/SubGroupNumber' for z = 5.0 using 8 thread(s) took 0.570118s
Reading in 'Subhalo/GroupNumber' for z = 5.0 using 8 thread(s) took 0.58566s
Reading in 'Subhalo/ApertureMeasurements/Mass/030kpc' for z = 5.0 using 8 thread(s) took 0.565744s
Reading in 'PartType0/Mass' for z = 5.0 using 8 thread(s) took 0.848367s
Reading in 'PartType0/ParticleIDs' for z = 4.77 using 8 thread(s) took 1.330495s
Reading in 'PartType0/GroupNumber' for z = 4.77 using 8 thread(s) took 0.719344s
Reading in 'PartType0/SubGroupNumber' for z = 4.77 using 8 thread(s) took 0.812634s
Reading in 'PartType0/GroupNumber' for z = 5.0 using 8 thread(s) took 0.758106s
Reading in 'PartType0/SubGroupNumber' for z = 5.0 using 8 thread(s) took 0.851013s
Reading in 'PartType0/ParticleIDs' for z = 5.0 using 8 thread(s) took 1.376439s
Graph progress:  0 % 117444.0
Graph progress:  1 % 135565.0
Graph progress:  2 % 38003.0
Graph progress:  3 % 58751.0
Graph progress:  4 % 86651.0
Graph progress:  5 % 68394.0
Graph progress:  6 % 139621.0
Graph progress:  7 % 85039.0
Graph progress:  8 % 164058.0
Graph progress:  9 % 3925.00002
Graph progress:  10 % 48748.0
Graph progress:  11 % 74671.0
Graph progress:  12 % 2654.00002
Graph progress:  13 % 98008.0
Graph progress:  14 % 155130.0
Graph progress:  15 % 100159.0
Graph progress:  16 % 3863.00001
Graph progress:  17 % 102899.0
Graph progress:  18 % 39811.0
Graph progress:  19 % 107607.0
Graph progress:  20 % 288.00001
Graph progress:  21 % 29150.00001
Graph progress:  22 % 24610.0
Graph progress:  23 % 86795.0
Graph progress:  24 % 45812.0
Graph progress:  25 % 7520.00001
Graph progress:  26 % 31042.0
Graph progress:  27 % 43419.0
Graph progress:  28 % 113126.0
Graph progress:  29 % 90053.0
Graph progress:  30 % 121.00002
Graph progress:  31 % 110.00006
Graph progress:  32 % 148843.0
Graph progress:  33 % 171350.0
Graph progress:  34 % 48.00025
Graph progress:  35 % 37149.00001
Graph progress:  36 % 102911.0
Graph progress:  37 % 75136.0
Graph progress:  38 % 55973.0
Graph progress:  39 % 74979.0
Graph progress:  40 % 141044.0
Graph progress:  41 % 5318.0
Graph progress:  42 % 36221.0
Graph progress:  43 % 31045.0
Graph progress:  44 % 88041.0
Graph progress:  45 % 128231.0
Graph progress:  46 % 66666.0
Graph progress:  47 % 19533.0
Graph progress:  48 % 43698.0
Graph progress:  49 % 78082.0
Graph progress:  50 % 76037.0
Graph progress:  51 % 118397.0
Graph progress:  52 % 167648.0
Graph progress:  53 % 56172.0
Graph progress:  54 % 56452.0
Graph progress:  55 % 2737.0
Graph progress:  56 % 126078.0
Graph progress:  57 % 107861.0
Graph progress:  58 % 69296.0
Graph progress:  59 % 5882.0
Graph progress:  60 % 131654.0
Graph progress:  61 % 111455.0
Graph progress:  62 % 30348.0
Graph progress:  63 % 173822.0
Graph progress:  64 % 48851.0
Graph progress:  65 % 78865.0
Graph progress:  66 % 78849.0
Graph progress:  67 % 8360.0
Graph progress:  68 % 61552.0
Graph progress:  69 % 170520.0
Graph progress:  70 % 133400.0
Graph progress:  71 % 5.00026
Graph progress:  72 % 57640.0
Graph progress:  73 % 122566.0
Graph progress:  74 % 114966.0
Graph progress:  75 % 24900.0
Graph progress:  76 % 24995.0
Graph progress:  77 % 33628.0
Graph progress:  78 % 157879.0
Graph progress:  79 % 20046.0
Graph progress:  80 % 49488.0
Graph progress:  81 % 23958.0
Graph progress:  82 % 140566.0
Graph progress:  83 % 130545.0
Graph progress:  84 % 106523.0
Graph progress:  85 % 41079.00001
Graph progress:  86 % 57204.0
Graph progress:  87 % 12929.0
Graph progress:  88 % 34722.00001
Graph progress:  89 % 58161.0
Graph progress:  90 % 163327.0
Graph progress:  91 % 6053.0
Graph progress:  92 % 54389.0
Graph progress:  93 % 27667.0
Graph progress:  94 % 133005.0
Graph progress:  95 % 24043.00001
Graph progress:  96 % 46619.0
Graph progress:  97 % 147166.0
Graph progress:  98 % 64121.00001
Graph progress:  99 % 82419.0
Processed 175278 halos in snapshot 011_z004p770 of particle type 0
Write progress:  0 % 23458.0
Write progress:  1 % 42793.0
Write progress:  2 % 102793.0
Write progress:  3 % 6996.0
Write progress:  4 % 141975.0
Write progress:  5 % 139944.0
Write progress:  6 % 162946.0
Write progress:  7 % 89478.0
Write progress:  8 % 133839.0
Write progress:  9 % 83477.0
Write progress:  10 % 913.00004
Write progress:  11 % 152875.0
Write progress:  12 % 54298.0
Write progress:  13 % 60511.0
Write progress:  14 % 141863.0
Write progress:  15 % 79901.0
Write progress:  16 % 88825.0
Write progress:  17 % 41184.0
Write progress:  18 % 109616.0
Write progress:  19 % 18913.0
Write progress:  20 % 3223.0
Write progress:  21 % 24873.00001
Write progress:  22 % 157574.0
Write progress:  23 % 67454.0
Write progress:  24 % 90126.0
Write progress:  25 % 22822.0
Write progress:  26 % 5488.00001
Write progress:  27 % 148842.0
Write progress:  28 % 7.00004
Write progress:  29 % 134147.0
Write progress:  30 % 87220.0
Write progress:  31 % 27837.0
Write progress:  32 % 3962.0
Write progress:  33 % 1085.00004
Write progress:  34 % 50076.0
Write progress:  35 % 75641.0
Write progress:  36 % 58963.0
Write progress:  37 % 86561.0
Write progress:  38 % 109410.0
Write progress:  39 % 109308.0
Write progress:  40 % 53185.0
Write progress:  41 % 2841.00003
Write progress:  42 % 143765.0
Write progress:  43 % 75106.0
Write progress:  44 % 100625.0
Write progress:  45 % 118987.0
Write progress:  46 % 168163.0
Write progress:  47 % 64207.0
Write progress:  48 % 45471.0
Write progress:  49 % 122748.0
Write progress:  50 % 152000.0
Write progress:  51 % 51498.0
Write progress:  52 % 169613.0
Write progress:  53 % 2275.00001
Write progress:  54 % 63106.0
Write progress:  55 % 1680.0
Write progress:  56 % 107917.0
Write progress:  57 % 158705.0
Write progress:  58 % 77503.0
Write progress:  59 % 49109.0
Write progress:  60 % 165781.0
Write progress:  61 % 19462.0
Write progress:  62 % 98601.0
Write progress:  63 % 100057.0
Write progress:  64 % 78398.0
Write progress:  65 % 134296.0
Write progress:  66 % 74281.0
Write progress:  67 % 3525.0
Write progress:  68 % 31473.0
Write progress:  69 % 128.00006
Write progress:  70 % 121346.0
Write progress:  71 % 94517.00001
Write progress:  72 % 24027.0
Write progress:  73 % 11320.0
Write progress:  74 % 5859.0
Write progress:  75 % 30301.0
Write progress:  76 % 134437.0
Write progress:  77 % 177.0001
Write progress:  78 % 89705.0
Write progress:  79 % 152155.0
Write progress:  80 % 6726.0
Write progress:  81 % 30158.00001
Write progress:  82 % 4394.00001
Write progress:  83 % 106496.0
Write progress:  84 % 76310.0
Write progress:  85 % 39983.0
Write progress:  86 % 118018.0
Write progress:  87 % 64898.0
Write progress:  88 % 64934.0
Write progress:  89 % 84928.0
Write progress:  90 % 165355.0
Write progress:  91 % 47698.0
Write progress:  92 % 12078.0
Write progress:  93 % 63414.0
Write progress:  94 % 158551.0
Write progress:  95 % 73068.0
Write progress:  96 % 140507.0
Write progress:  97 % 88415.0
Write progress:  98 % 156223.0
Write progress:  99 % 30835.0
Job done, info follows...
       JobID    JobName  Partition     MaxRSS    Elapsed ExitCode 
------------ ---------- ---------- ---------- ---------- -------- 
2042958_36   MEGA-FLAR+     cosma6              00:35:10      0:0 
2042958_36.+     extern                         00:35:10      0:0 
