====
Starting job 2043482 at Fri 24 Apr 02:00:28 BST 2020 for user dc-rope1.
Running on nodes: m6214
====
371
('09', '010_z005p000', '011_z004p770', None)
Reading in 'PartType1/ParticleIDs' for z = 4.77 using 8 thread(s) took 10.339249s
Reading in 'PartType1/ParticleIDs' for z = 4.77 using 8 thread(s) took 5.589444s
Reading in 'PartType1/GroupNumber' for z = 4.77 using 8 thread(s) took 2.545466s
Reading in 'PartType1/SubGroupNumber' for z = 4.77 using 8 thread(s) took 2.24431s
Reading in 'PartType1/GroupNumber' for z = 5.0 using 8 thread(s) took 13.391501s
Reading in 'PartType1/SubGroupNumber' for z = 5.0 using 8 thread(s) took 3.009933s
Reading in 'PartType1/ParticleIDs' for z = 5.0 using 8 thread(s) took 4.364478s
Graph progress:  0 % 119875.0
Graph progress:  1 % 252460.0
Graph progress:  2 % 9693.00001
Graph progress:  3 % 281090.0
Graph progress:  4 % 74199.0
Graph progress:  5 % 221833.0
Graph progress:  6 % 6981.00001
Graph progress:  7 % 348230.0
Graph progress:  8 % 7074.0
Graph progress:  9 % 42.00049
Graph progress:  10 % 98427.0
Graph progress:  11 % 300514.0
Graph progress:  12 % 113524.0
Graph progress:  13 % 312936.0
Graph progress:  14 % 167712.0
Graph progress:  15 % 15276.00001
Graph progress:  16 % 209933.0
Graph progress:  17 % 201742.0
Graph progress:  18 % 95729.0
Graph progress:  19 % 317541.0
Graph progress:  20 % 325462.0
Graph progress:  21 % 68104.0
Graph progress:  22 % 196277.0
Graph progress:  23 % 284626.0
Graph progress:  24 % 107259.0
Graph progress:  25 % 17843.00001
Graph progress:  26 % 218618.0
Graph progress:  27 % 248262.0
Graph progress:  28 % 5453.00003
Graph progress:  29 % 2333.00002
Graph progress:  30 % 32556.0
Graph progress:  31 % 332194.0
Graph progress:  32 % 16692.00002
Graph progress:  33 % 151.00011
Graph progress:  34 % 71287.0
Graph progress:  35 % 124816.0
Graph progress:  36 % 339295.0
Graph progress:  37 % 192288.0
Graph progress:  38 % 203359.0
Graph progress:  39 % 741.00013
Graph progress:  40 % 32909.0
Graph progress:  41 % 126316.0
Graph progress:  42 % 266343.0
Graph progress:  43 % 164254.0
Graph progress:  44 % 12555.00001
Graph progress:  45 % 262959.0
Graph progress:  46 % 81534.0
Graph progress:  47 % 305611.0
Graph progress:  48 % 293298.0
Graph progress:  49 % 322696.0
Graph progress:  50 % 246756.0
Graph progress:  51 % 32282.0
Graph progress:  52 % 35207.0
Graph progress:  53 % 126548.0
Graph progress:  54 % 189859.0
Graph progress:  55 % 263115.0
Graph progress:  56 % 10204.00001
Graph progress:  57 % 158716.0
Graph progress:  58 % 193902.0
Graph progress:  59 % 9780.0
Graph progress:  60 % 156942.0
Graph progress:  61 % 45024.0
Graph progress:  62 % 51036.0
Graph progress:  63 % 307724.0
Graph progress:  64 % 177749.0
Graph progress:  65 % 99329.0
Graph progress:  66 % 282458.0
Graph progress:  67 % 348802.0
Graph progress:  68 % 227783.0
Graph progress:  69 % 346660.0
Graph progress:  70 % 335616.0
Graph progress:  71 % 9510.00001
Graph progress:  72 % 92658.0
Graph progress:  73 % 133719.0
Graph progress:  74 % 42921.0
Graph progress:  75 % 57.00093
Graph progress:  76 % 129316.0
Graph progress:  77 % 153620.0
Graph progress:  78 % 83470.0
Graph progress:  79 % 125498.0
Graph progress:  80 % 116845.0
Graph progress:  81 % 290108.0
Graph progress:  82 % 325482.0
Graph progress:  83 % 217900.0
Graph progress:  84 % 84777.0
Graph progress:  85 % 35638.0
Graph progress:  86 % 152721.0
Graph progress:  87 % 302513.0
Graph progress:  88 % 243405.0
Graph progress:  89 % 44256.0
Graph progress:  90 % 309587.0
Graph progress:  91 % 66319.0
Graph progress:  92 % 340648.0
Graph progress:  93 % 39246.0
Graph progress:  94 % 277963.0
Graph progress:  95 % 59910.0
Graph progress:  96 % 93386.0
Graph progress:  97 % 10.00181
Graph progress:  98 % 200627.0
Graph progress:  99 % 9918.00003
Processed 408703 halos in snapshot 011_z004p770 of particle type 1
Reading in 'PartType4/ParticleIDs' for z = 4.77 using 8 thread(s) took 2.884954s
Reading in 'PartType4/ParticleIDs' for z = 5.0 using 8 thread(s) took 4.899291s
Reading in 'Subhalo/SubGroupNumber' for z = 5.0 using 8 thread(s) took 6.193188s
Reading in 'Subhalo/GroupNumber' for z = 5.0 using 8 thread(s) took 0.787461s
Reading in 'Subhalo/ApertureMeasurements/Mass/030kpc' for z = 5.0 using 8 thread(s) took 0.764483s
Reading in 'PartType4/Mass' for z = 5.0 using 8 thread(s) took 2.388664s
Reading in 'PartType4/ParticleIDs' for z = 4.77 using 8 thread(s) took 1.715607s
Reading in 'PartType4/GroupNumber' for z = 4.77 using 8 thread(s) took 1.286293s
Reading in 'PartType4/SubGroupNumber' for z = 4.77 using 8 thread(s) took 1.100343s
Reading in 'PartType4/GroupNumber' for z = 5.0 using 8 thread(s) took 0.974089s
Reading in 'PartType4/SubGroupNumber' for z = 5.0 using 8 thread(s) took 2.481793s
Reading in 'PartType4/ParticleIDs' for z = 5.0 using 8 thread(s) took 1.353105s
Graph progress:  0 % 1442.0
Graph progress:  1 % 68415.0
Graph progress:  2 % 13630.00001
Graph progress:  3 % 10936.0
Graph progress:  4 % 85537.0
Graph progress:  5 % 17623.00001
Graph progress:  6 % 3551.00001
Graph progress:  7 % 1681.00004
Graph progress:  8 % 21258.0
Graph progress:  9 % 15354.0
Graph progress:  10 % 4451.00001
Graph progress:  11 % 8342.0
Graph progress:  12 % 10518.0
Graph progress:  13 % 2493.00003
Graph progress:  14 % 13426.0
Graph progress:  15 % 139.0002
Graph progress:  16 % 2050.00001
Graph progress:  17 % 201.00002
Graph progress:  18 % 1611.00001
Graph progress:  19 % 126141.0
Graph progress:  20 % 18392.0
Graph progress:  21 % 102668.0
Graph progress:  22 % 458.00016
Graph progress:  23 % 17035.0
Graph progress:  24 % 8365.00002
Graph progress:  25 % 14291.00001
Graph progress:  26 % 17922.0
Graph progress:  27 % 60743.0
Graph progress:  28 % 1083.00006
Graph progress:  29 % 20628.0
Graph progress:  30 % 28659.0
Graph progress:  31 % 5760.00001
Graph progress:  32 % 2188.00002
Graph progress:  33 % 5901.00003
Graph progress:  34 % 78393.0
Graph progress:  35 % 758.00013
Graph progress:  36 % 28143.0
Graph progress:  37 % 317.00013
Graph progress:  38 % 23.00103
Graph progress:  39 % 4875.00002
Graph progress:  40 % 2.00068
Graph progress:  41 % 5942.0
Graph progress:  42 % 20379.0
Graph progress:  43 % 3679.00004
Graph progress:  44 % 10103.00002
Graph progress:  45 % 47629.0
Graph progress:  46 % 14794.0
Graph progress:  47 % 59450.0
Graph progress:  48 % 81.00014
Graph progress:  49 % 19213.0
Graph progress:  50 % 3791.00001
Graph progress:  51 % 70119.0
Graph progress:  52 % 3447.0
Graph progress:  53 % 6903.0
Graph progress:  54 % 15090.00001
Graph progress:  55 % 39493.0
Graph progress:  56 % 14073.00001
Graph progress:  57 % 8704.0
Graph progress:  58 % 6593.0
Graph progress:  59 % 34797.0
Graph progress:  60 % 15060.00001
Graph progress:  61 % 3471.00001
Graph progress:  62 % 3448.0
Graph progress:  63 % 7952.0
Graph progress:  64 % 55099.0
Graph progress:  65 % 427.00001
Graph progress:  66 % 65846.0
Graph progress:  67 % 14.00086
Graph progress:  68 % 9474.0
Graph progress:  69 % 17696.00002
Graph progress:  70 % 31526.0
Graph progress:  71 % 9760.00002
Graph progress:  72 % 3510.0
Graph progress:  73 % 3543.00003
Graph progress:  74 % 33724.0
Graph progress:  75 % 28987.0
Graph progress:  76 % 12042.0
Graph progress:  77 % 1519.0
Graph progress:  78 % 4461.00003
Graph progress:  79 % 1.00064
Graph progress:  80 % 101.00031
Graph progress:  81 % 5724.00003
Graph progress:  82 % 3295.0
Graph progress:  83 % 633.00004
Graph progress:  84 % 13961.0
Graph progress:  85 % 37152.0
Graph progress:  86 % 12.00075
Graph progress:  87 % 10860.00001
Graph progress:  88 % 24448.0
Graph progress:  89 % 16212.0
Graph progress:  90 % 89561.0
Graph progress:  91 % 30169.0
Graph progress:  92 % 83759.0
Graph progress:  93 % 4774.00003
Graph progress:  94 % 551.0002
Graph progress:  95 % 4699.0
Graph progress:  96 % 8153.00003
Graph progress:  97 % 89657.0
Graph progress:  98 % 20849.0
Graph progress:  99 % 1079.00006
Processed 84385 halos in snapshot 011_z004p770 of particle type 4
Reading in 'PartType5/ParticleIDs' for z = 4.77 using 8 thread(s) took 9.437421s
Reading in 'PartType5/ParticleIDs' for z = 5.0 using 8 thread(s) took 1.898001s
Reading in 'Subhalo/SubGroupNumber' for z = 5.0 using 8 thread(s) took 0.814515s
Reading in 'Subhalo/GroupNumber' for z = 5.0 using 8 thread(s) took 0.791019s
Reading in 'Subhalo/ApertureMeasurements/Mass/030kpc' for z = 5.0 using 8 thread(s) took 0.823927s
Reading in 'PartType5/Mass' for z = 5.0 using 8 thread(s) took 1.556827s
Reading in 'PartType5/ParticleIDs' for z = 4.77 using 8 thread(s) took 1.592072s
Reading in 'PartType5/GroupNumber' for z = 4.77 using 8 thread(s) took 1.866561s
Reading in 'PartType5/SubGroupNumber' for z = 4.77 using 8 thread(s) took 0.974613s
Reading in 'PartType5/GroupNumber' for z = 5.0 using 8 thread(s) took 2.600107s
Reading in 'PartType5/SubGroupNumber' for z = 5.0 using 8 thread(s) took 1.511055s
Reading in 'PartType5/ParticleIDs' for z = 5.0 using 8 thread(s) took 0.982043s
Graph progress:  0 % 522.00001
Graph progress:  1 % 978.00006
Graph progress:  2 % 7163.00002
Graph progress:  3 % 1780.0
Graph progress:  4 % 3380.0
Graph progress:  5 % 3138.0
Graph progress:  6 % 2218.0
Graph progress:  7 % 1416.00001
Graph progress:  8 % 4000.0
Graph progress:  9 % 82919.0
Graph progress:  10 % 4823.00004
Graph progress:  11 % 8507.0
Graph progress:  12 % 3582.0
Graph progress:  13 % 2957.0
Graph progress:  14 % 139.0
Graph progress:  15 % 616.0
Graph progress:  16 % 36445.0
Graph progress:  17 % 4443.0
Graph progress:  18 % 3689.0
Graph progress:  19 % 7439.0
Graph progress:  20 % 95.00004
Graph progress:  21 % 7529.00001
Graph progress:  22 % 5516.0
Graph progress:  23 % 213.00002
Graph progress:  24 % 2309.0
Graph progress:  25 % 5598.00001
Graph progress:  26 % 3592.0
Graph progress:  27 % 60.00003
Graph progress:  28 % 6422.0
Graph progress:  29 % 2.00064
Graph progress:  30 % 308.00005
Graph progress:  31 % 1123.00001
Graph progress:  32 % 7738.00001
Graph progress:  33 % 5688.0
Graph progress:  34 % 19024.0
Graph progress:  35 % 287.0
Graph progress:  36 % 22.00002
Graph progress:  37 % 4689.0
Graph progress:  38 % 94.00011
Graph progress:  39 % 1111.00001
Graph progress:  40 % 4188.00001
Graph progress:  41 % 211.00021
Graph progress:  42 % 4858.0
Graph progress:  43 % 1265.0
Graph progress:  44 % 2289.00002
Graph progress:  45 % 6363.0
Graph progress:  46 % 9854.00001
Graph progress:  47 % 7504.0
Graph progress:  48 % 11245.0
Graph progress:  49 % 8427.0
Graph progress:  50 % 5854.0
Graph progress:  51 % 6278.00001
Graph progress:  52 % 5617.0
Graph progress:  53 % 5922.00002
Graph progress:  54 % 196.00009
Graph progress:  55 % 7474.0
Graph progress:  56 % 4114.0
Graph progress:  57 % 4945.0
Graph progress:  58 % 2227.0
Graph progress:  59 % 3846.0
Graph progress:  60 % 2636.0
Graph progress:  61 % 6438.0
Graph progress:  62 % 9318.00001
Graph progress:  63 % 1983.0
Graph progress:  64 % 6134.0
Graph progress:  65 % 1348.00005
Graph progress:  66 % 7160.00001
Graph progress:  67 % 346.00031
Graph progress:  68 % 5491.00001
Graph progress:  69 % 2368.0
Graph progress:  70 % 2736.0
Graph progress:  71 % 1434.0
Graph progress:  72 % 9446.00001
Graph progress:  73 % 2622.0
Graph progress:  74 % 7066.00001
Graph progress:  75 % 7799.0
Graph progress:  76 % 1481.00003
Graph progress:  77 % 5839.00002
Graph progress:  78 % 8300.00002
Graph progress:  79 % 1591.0
Graph progress:  80 % 1437.0
Graph progress:  81 % 362.00001
Graph progress:  82 % 1464.0
Graph progress:  83 % 1774.0
Graph progress:  84 % 23044.0
Graph progress:  85 % 413.0
Graph progress:  86 % 4182.0
Graph progress:  87 % 149.0
Graph progress:  88 % 1421.00001
Graph progress:  89 % 6998.0
Graph progress:  90 % 5216.00001
Graph progress:  91 % 2973.00002
Graph progress:  92 % 3172.0
Graph progress:  93 % 1738.0
Graph progress:  94 % 10.00014
Graph progress:  95 % 5431.00004
Graph progress:  96 % 9183.0
Graph progress:  97 % 889.0
Graph progress:  98 % 185.0
Graph progress:  99 % 7230.0
Processed 12100 halos in snapshot 011_z004p770 of particle type 5
Reading in 'PartType0/ParticleIDs' for z = 4.77 using 8 thread(s) took 15.716746s
Reading in 'PartType0/ParticleIDs' for z = 5.0 using 8 thread(s) took 17.560548s
Reading in 'Subhalo/SubGroupNumber' for z = 5.0 using 8 thread(s) took 0.867242s
Reading in 'Subhalo/GroupNumber' for z = 5.0 using 8 thread(s) took 0.824954s
Reading in 'Subhalo/ApertureMeasurements/Mass/030kpc' for z = 5.0 using 8 thread(s) took 0.84228s
Reading in 'PartType0/Mass' for z = 5.0 using 8 thread(s) took 2.185528s
Reading in 'PartType0/ParticleIDs' for z = 4.77 using 8 thread(s) took 5.482519s
Reading in 'PartType0/GroupNumber' for z = 4.77 using 8 thread(s) took 2.190414s
Reading in 'PartType0/SubGroupNumber' for z = 4.77 using 8 thread(s) took 2.17485s
Reading in 'PartType0/GroupNumber' for z = 5.0 using 8 thread(s) took 2.398534s
Reading in 'PartType0/SubGroupNumber' for z = 5.0 using 8 thread(s) took 1.967897s
Reading in 'PartType0/ParticleIDs' for z = 5.0 using 8 thread(s) took 5.001937s
Graph progress:  0 % 35447.00001
Graph progress:  1 % 28.0
Graph progress:  2 % 18848.0
Graph progress:  3 % 5174.00002
Graph progress:  4 % 19710.0
Graph progress:  5 % 74219.0
Graph progress:  6 % 129781.0
Graph progress:  7 % 80775.0
Graph progress:  8 % 174531.0
Graph progress:  9 % 313689.0
Graph progress:  10 % 40246.0
Graph progress:  11 % 170207.0
Graph progress:  12 % 86216.0
Graph progress:  13 % 4919.00001
Graph progress:  14 % 29645.0
Graph progress:  15 % 346807.0
Graph progress:  16 % 6442.00001
Graph progress:  17 % 42334.0
Graph progress:  18 % 96240.0
Graph progress:  19 % 912.00007
Graph progress:  20 % 25105.0
Graph progress:  21 % 99415.0
Graph progress:  22 % 8575.00001
Graph progress:  23 % 114510.0
Graph progress:  24 % 239944.0
Graph progress:  25 % 16726.0
Graph progress:  26 % 33137.0
Graph progress:  27 % 78387.0
Graph progress:  28 % 7880.00001
Graph progress:  29 % 21761.0
Graph progress:  30 % 337.00008
Graph progress:  31 % 4058.00004
Graph progress:  32 % 931.00003
Graph progress:  33 % 60721.00001
Graph progress:  34 % 22668.0
Graph progress:  35 % 18519.0
Graph progress:  36 % 223653.0
Graph progress:  37 % 117948.0
Graph progress:  38 % 100271.0
Graph progress:  39 % 144.00015
Graph progress:  40 % 65132.0
Graph progress:  41 % 11571.0
Graph progress:  42 % 5351.00001
Graph progress:  43 % 132800.0
Graph progress:  44 % 173133.0
Graph progress:  45 % 324737.0
Graph progress:  46 % 25851.00001
Graph progress:  47 % 70526.0
Graph progress:  48 % 152378.0
Graph progress:  49 % 204496.0
Graph progress:  50 % 107858.0
Graph progress:  51 % 173741.0
Graph progress:  52 % 340499.0
Graph progress:  53 % 77816.0
Graph progress:  54 % 3044.00001
Graph progress:  55 % 238149.0
Graph progress:  56 % 79128.00001
Graph progress:  57 % 309918.0
Graph progress:  58 % 915.00002
Graph progress:  59 % 75990.0
Graph progress:  60 % 31606.0
Graph progress:  61 % 137660.0
Graph progress:  62 % 331887.0
Graph progress:  63 % 29519.0
Graph progress:  64 % 225496.0
Graph progress:  65 % 89281.0
Graph progress:  66 % 274680.0
Graph progress:  67 % 4728.00001
Graph progress:  68 % 859.00007
Graph progress:  69 % 215739.0
Graph progress:  70 % 19280.00003
Graph progress:  71 % 412.00004
Graph progress:  72 % 194504.0
Graph progress:  73 % 96252.0
Graph progress:  74 % 143289.0
Graph progress:  75 % 316900.0
Graph progress:  76 % 37241.00001
Graph progress:  77 % 182137.0
Graph progress:  78 % 49590.0
Graph progress:  79 % 122315.0
Graph progress:  80 % 213173.0
Graph progress:  81 % 1428.00008
Graph progress:  82 % 110270.0
Graph progress:  83 % 83396.0
Graph progress:  84 % 168359.0
Graph progress:  85 % 2533.0
Graph progress:  86 % 208917.0
Graph progress:  87 % 339773.0
Graph progress:  88 % 90031.0
Graph progress:  89 % 2329.00004
Graph progress:  90 % 330933.0
Graph progress:  91 % 39095.0
Graph progress:  92 % 88775.0
Graph progress:  93 % 49890.0
Graph progress:  94 % 142549.0
Graph progress:  95 % 31939.0
Graph progress:  96 % 157763.0
Graph progress:  97 % 23068.0
Graph progress:  98 % 92970.00001
Graph progress:  99 % 15401.0
Processed 336509 halos in snapshot 011_z004p770 of particle type 0
Write progress:  0 % 119875.0
Write progress:  1 % 252460.0
Write progress:  2 % 9693.00001
Write progress:  3 % 281090.0
Write progress:  4 % 74199.0
Write progress:  5 % 221833.0
Write progress:  6 % 6981.00001
Write progress:  7 % 348230.0
Write progress:  8 % 7074.0
Write progress:  9 % 42.00049
Write progress:  10 % 98427.0
Write progress:  11 % 300514.0
Write progress:  12 % 113524.0
Write progress:  13 % 312936.0
Write progress:  14 % 167712.0
Write progress:  15 % 15276.00001
Write progress:  16 % 209933.0
Write progress:  17 % 201742.0
Write progress:  18 % 95729.0
Write progress:  19 % 317541.0
Write progress:  20 % 325462.0
Write progress:  21 % 68104.0
Write progress:  22 % 196277.0
Write progress:  23 % 284626.0
Write progress:  24 % 107259.0
Write progress:  25 % 17843.00001
Write progress:  26 % 218618.0
Write progress:  27 % 248262.0
Write progress:  28 % 5453.00003
Write progress:  29 % 2333.00002
Write progress:  30 % 32556.0
Write progress:  31 % 332194.0
Write progress:  32 % 16692.00002
Write progress:  33 % 151.00011
Write progress:  34 % 71287.0
Write progress:  35 % 124816.0
Write progress:  36 % 339295.0
Write progress:  37 % 192288.0
Write progress:  38 % 203359.0
Write progress:  39 % 741.00013
Write progress:  40 % 32909.0
Write progress:  41 % 126316.0
Write progress:  42 % 266343.0
Write progress:  43 % 164254.0
Write progress:  44 % 12555.00001
Write progress:  45 % 262959.0
Write progress:  46 % 81534.0
Write progress:  47 % 305611.0
Write progress:  48 % 293298.0
Write progress:  49 % 322696.0
Write progress:  50 % 246756.0
Write progress:  51 % 32282.0
Write progress:  52 % 35207.0
Write progress:  53 % 126548.0
Write progress:  54 % 189859.0
Write progress:  55 % 263115.0
Write progress:  56 % 10204.00001
Write progress:  57 % 158716.0
Write progress:  58 % 193902.0
Write progress:  59 % 9780.0
Write progress:  60 % 156942.0
Write progress:  61 % 45024.0
Write progress:  62 % 51036.0
Write progress:  63 % 307724.0
Write progress:  64 % 177749.0
Write progress:  65 % 99329.0
Write progress:  66 % 282458.0
Write progress:  67 % 348802.0
Write progress:  68 % 227783.0
Write progress:  69 % 346660.0
Write progress:  70 % 335616.0
Write progress:  71 % 9510.00001
Write progress:  72 % 92658.0
Write progress:  73 % 133719.0
Write progress:  74 % 42921.0
Write progress:  75 % 57.00093
Write progress:  76 % 129316.0
Write progress:  77 % 153620.0
Write progress:  78 % 83470.0
Write progress:  79 % 125498.0
Write progress:  80 % 116845.0
Write progress:  81 % 290108.0
Write progress:  82 % 325482.0
Write progress:  83 % 217900.0
Write progress:  84 % 84777.0
Write progress:  85 % 35638.0
Write progress:  86 % 152721.0
Write progress:  87 % 302513.0
Write progress:  88 % 243405.0
Write progress:  89 % 44256.0
Write progress:  90 % 309587.0
Write progress:  91 % 66319.0
Write progress:  92 % 340648.0
Write progress:  93 % 39246.0
Write progress:  94 % 277963.0
Write progress:  95 % 59910.0
Write progress:  96 % 93386.0
Write progress:  97 % 10.00181
Write progress:  98 % 200627.0
Write progress:  99 % 9918.00003
Job done, info follows...
       JobID    JobName  Partition     MaxRSS    Elapsed ExitCode 
------------ ---------- ---------- ---------- ---------- -------- 
2042958_372  MEGA-FLAR+     cosma6              01:19:58      0:0 
2042958_372+     extern                         01:19:58      0:0 
