====
Starting job 2043316 at Fri 24 Apr 00:17:50 BST 2020 for user dc-rope1.
Running on nodes: m6190
====
215
('22', '010_z005p000', '011_z004p770', None)
Reading in 'PartType1/ParticleIDs' for z = 4.77 using 8 thread(s) took 11.106229s
Reading in 'PartType1/ParticleIDs' for z = 4.77 using 8 thread(s) took 4.196719s
Reading in 'PartType1/GroupNumber' for z = 4.77 using 8 thread(s) took 1.035112s
Reading in 'PartType1/SubGroupNumber' for z = 4.77 using 8 thread(s) took 0.827001s
Reading in 'PartType1/GroupNumber' for z = 5.0 using 8 thread(s) took 1.699414s
Reading in 'PartType1/SubGroupNumber' for z = 5.0 using 8 thread(s) took 0.64863s
Reading in 'PartType1/ParticleIDs' for z = 5.0 using 8 thread(s) took 2.980844s
Graph progress:  0 % 136987.0
Graph progress:  1 % 112926.0
Graph progress:  2 % 171195.0
Graph progress:  3 % 600.00003
Graph progress:  4 % 3407.00001
Graph progress:  5 % 70421.0
Graph progress:  6 % 35887.0
Graph progress:  7 % 143913.0
Graph progress:  8 % 94507.0
Graph progress:  9 % 111916.0
Graph progress:  10 % 78226.0
Graph progress:  11 % 1196.00001
Graph progress:  12 % 90621.0
Graph progress:  13 % 171726.0
Graph progress:  14 % 20772.00001
Graph progress:  15 % 39973.00001
Graph progress:  16 % 27399.0
Graph progress:  17 % 122108.0
Graph progress:  18 % 309.00008
Graph progress:  19 % 1081.0
Graph progress:  20 % 33051.0
Graph progress:  21 % 3018.0
Graph progress:  22 % 176664.0
Graph progress:  23 % 148721.0
Graph progress:  24 % 62157.0
Graph progress:  25 % 7815.00002
Graph progress:  26 % 102576.0
Graph progress:  27 % 160644.0
Graph progress:  28 % 146993.0
Graph progress:  29 % 140778.0
Graph progress:  30 % 123759.0
Graph progress:  31 % 17894.0
Graph progress:  32 % 118961.0
Graph progress:  33 % 113881.0
Graph progress:  34 % 178456.0
Graph progress:  35 % 81708.0
Graph progress:  36 % 131673.0
Graph progress:  37 % 18578.0
Graph progress:  38 % 71123.0
Graph progress:  39 % 103137.0
Graph progress:  40 % 170271.0
Graph progress:  41 % 81668.0
Graph progress:  42 % 122574.0
Graph progress:  43 % 62055.0
Graph progress:  44 % 114861.0
Graph progress:  45 % 80665.0
Graph progress:  46 % 106210.0
Graph progress:  47 % 49337.0
Graph progress:  48 % 24007.0
Graph progress:  49 % 155039.0
Graph progress:  50 % 80673.0
Graph progress:  51 % 9884.00002
Graph progress:  52 % 183874.0
Graph progress:  53 % 93943.0
Graph progress:  54 % 69471.0
Graph progress:  55 % 22183.0
Graph progress:  56 % 26989.0
Graph progress:  57 % 71903.0
Graph progress:  58 % 122590.0
Graph progress:  59 % 66709.0
Graph progress:  60 % 165567.0
Graph progress:  61 % 10512.0
Graph progress:  62 % 16996.00001
Graph progress:  63 % 82382.0
Graph progress:  64 % 224.00001
Graph progress:  65 % 40679.0
Graph progress:  66 % 63461.0
Graph progress:  67 % 119894.0
Graph progress:  68 % 8611.0
Graph progress:  69 % 118421.0
Graph progress:  70 % 43834.0
Graph progress:  71 % 28343.00001
Graph progress:  72 % 50372.0
Graph progress:  73 % 50265.0
Graph progress:  74 % 145286.0
Graph progress:  75 % 5930.00001
Graph progress:  76 % 13525.0
Graph progress:  77 % 24019.0
Graph progress:  78 % 65792.0
Graph progress:  79 % 125755.0
Graph progress:  80 % 159939.0
Graph progress:  81 % 25922.0
Graph progress:  82 % 134848.0
Graph progress:  83 % 75606.0
Graph progress:  84 % 83467.0
Graph progress:  85 % 179721.0
Graph progress:  86 % 51903.0
Graph progress:  87 % 14133.0
Graph progress:  88 % 85788.0
Graph progress:  89 % 62406.00001
Graph progress:  90 % 20168.0
Graph progress:  91 % 127611.0
Graph progress:  92 % 55044.0
Graph progress:  93 % 3975.00003
Graph progress:  94 % 122893.0
Graph progress:  95 % 93232.0
Graph progress:  96 % 162067.0
Graph progress:  97 % 2284.00001
Graph progress:  98 % 109174.0
Graph progress:  99 % 102.00016
Processed 210030 halos in snapshot 011_z004p770 of particle type 1
Reading in 'PartType4/ParticleIDs' for z = 4.77 using 8 thread(s) took 2.62934s
Reading in 'PartType4/ParticleIDs' for z = 5.0 using 8 thread(s) took 2.648984s
Reading in 'Subhalo/SubGroupNumber' for z = 5.0 using 8 thread(s) took 3.178428s
Reading in 'Subhalo/GroupNumber' for z = 5.0 using 8 thread(s) took 0.836414s
Reading in 'Subhalo/ApertureMeasurements/Mass/030kpc' for z = 5.0 using 8 thread(s) took 0.511719s
Reading in 'PartType4/Mass' for z = 5.0 using 8 thread(s) took 0.826289s
Reading in 'PartType4/ParticleIDs' for z = 4.77 using 8 thread(s) took 0.888796s
Reading in 'PartType4/GroupNumber' for z = 4.77 using 8 thread(s) took 0.591319s
Reading in 'PartType4/SubGroupNumber' for z = 4.77 using 8 thread(s) took 1.530714s
Reading in 'PartType4/GroupNumber' for z = 5.0 using 8 thread(s) took 0.731524s
Reading in 'PartType4/SubGroupNumber' for z = 5.0 using 8 thread(s) took 1.158736s
Reading in 'PartType4/ParticleIDs' for z = 5.0 using 8 thread(s) took 0.647871s
Graph progress:  0 % 5555.0
Graph progress:  1 % 980.0
Graph progress:  2 % 2113.0
Graph progress:  3 % 13045.0
Graph progress:  4 % 1067.00001
Graph progress:  5 % 6784.0
Graph progress:  6 % 8548.0
Graph progress:  7 % 1014.00004
Graph progress:  8 % 26140.0
Graph progress:  9 % 57290.0
Graph progress:  10 % 29.00014
Graph progress:  11 % 17886.0
Graph progress:  12 % 211.00018
Graph progress:  13 % 116.00016
Graph progress:  14 % 14.00048
Graph progress:  15 % 5302.0
Graph progress:  16 % 6812.00001
Graph progress:  17 % 1247.00003
Graph progress:  18 % 9155.00001
Graph progress:  19 % 2068.00001
Graph progress:  20 % 1946.0
Graph progress:  21 % 1308.00002
Graph progress:  22 % 9931.0
Graph progress:  23 % 42398.0
Graph progress:  24 % 1834.00002
Graph progress:  25 % 2261.00006
Graph progress:  26 % 2829.0
Graph progress:  27 % 1297.0
Graph progress:  28 % 10041.0
Graph progress:  29 % 58143.0
Graph progress:  30 % 26669.0
Graph progress:  31 % 7596.0
Graph progress:  32 % 1347.00001
Graph progress:  33 % 49115.0
Graph progress:  34 % 34495.0
Graph progress:  35 % 44008.0
Graph progress:  36 % 31118.0
Graph progress:  37 % 42740.0
Graph progress:  38 % 4957.0
Graph progress:  39 % 15844.0
Graph progress:  40 % 35039.0
Graph progress:  41 % 640.00009
Graph progress:  42 % 21522.0
Graph progress:  43 % 3325.0
Graph progress:  44 % 709.0
Graph progress:  45 % 3654.00001
Graph progress:  46 % 14059.0
Graph progress:  47 % 887.00001
Graph progress:  48 % 1.00064
Graph progress:  49 % 12510.0
Graph progress:  50 % 46512.0
Graph progress:  51 % 11636.00001
Graph progress:  52 % 7993.00001
Graph progress:  53 % 35034.0
Graph progress:  54 % 26795.0
Graph progress:  55 % 44209.0
Graph progress:  56 % 1100.00002
Graph progress:  57 % 53.0
Graph progress:  58 % 27004.0
Graph progress:  59 % 24990.0
Graph progress:  60 % 8088.0
Graph progress:  61 % 19567.0
Graph progress:  62 % 30605.00001
Graph progress:  63 % 11550.0
Graph progress:  64 % 15526.0
Graph progress:  65 % 13380.00001
Graph progress:  66 % 7621.0
Graph progress:  67 % 41.00005
Graph progress:  68 % 7210.0
Graph progress:  69 % 46829.0
Graph progress:  70 % 43257.0
Graph progress:  71 % 536.00002
Graph progress:  72 % 332.00007
Graph progress:  73 % 15798.0
Graph progress:  74 % 8689.0
Graph progress:  75 % 10980.0
Graph progress:  76 % 1189.0
Graph progress:  77 % 11349.00003
Graph progress:  78 % 5066.0
Graph progress:  79 % 36655.0
Graph progress:  80 % 77.00019
Graph progress:  81 % 5164.0
Graph progress:  82 % 1824.00004
Graph progress:  83 % 8670.00001
Graph progress:  84 % 34221.0
Graph progress:  85 % 925.0
Graph progress:  86 % 24167.0
Graph progress:  87 % 17992.0
Graph progress:  88 % 1083.00001
Graph progress:  89 % 8613.0
Graph progress:  90 % 2342.00003
Graph progress:  91 % 51910.0
Graph progress:  92 % 24605.0
Graph progress:  93 % 41936.0
Graph progress:  94 % 28620.0
Graph progress:  95 % 45105.0
Graph progress:  96 % 2739.00001
Graph progress:  97 % 18240.0
Graph progress:  98 % 177.00002
Graph progress:  99 % 23899.0
Processed 37706 halos in snapshot 011_z004p770 of particle type 4
Reading in 'PartType5/ParticleIDs' for z = 4.77 using 8 thread(s) took 2.420409s
Reading in 'PartType5/ParticleIDs' for z = 5.0 using 8 thread(s) took 3.352789s
Reading in 'Subhalo/SubGroupNumber' for z = 5.0 using 8 thread(s) took 0.60225s
Reading in 'Subhalo/GroupNumber' for z = 5.0 using 8 thread(s) took 0.496191s
Reading in 'Subhalo/ApertureMeasurements/Mass/030kpc' for z = 5.0 using 8 thread(s) took 0.506251s
Reading in 'PartType5/Mass' for z = 5.0 using 8 thread(s) took 1.023575s
Reading in 'PartType5/ParticleIDs' for z = 4.77 using 8 thread(s) took 1.078522s
Reading in 'PartType5/GroupNumber' for z = 4.77 using 8 thread(s) took 0.747242s
Reading in 'PartType5/SubGroupNumber' for z = 4.77 using 8 thread(s) took 0.584536s
Reading in 'PartType5/GroupNumber' for z = 5.0 using 8 thread(s) took 0.481474s
Reading in 'PartType5/SubGroupNumber' for z = 5.0 using 8 thread(s) took 0.765303s
Reading in 'PartType5/ParticleIDs' for z = 5.0 using 8 thread(s) took 0.583376s
Graph progress:  0 % 754.0
Graph progress:  1 % 203.0
Graph progress:  2 % 60.0
Graph progress:  3 % 1144.0
Graph progress:  4 % 294.0
Graph progress:  5 % 3561.00002
Graph progress:  6 % 4103.0
Graph progress:  7 % 2570.00001
Graph progress:  8 % 351.0
Graph progress:  9 % 1895.0
Graph progress:  10 % 3669.00001
Graph progress:  11 % 3150.00001
Graph progress:  12 % 1058.0
Graph progress:  13 % 2009.00001
Graph progress:  14 % 1401.0
Graph progress:  15 % 14.00009
Graph progress:  16 % 1784.0
Graph progress:  17 % 1520.0
Graph progress:  18 % 335.0
Graph progress:  19 % 3547.0
Graph progress:  20 % 1448.0
Graph progress:  21 % 116.00001
Graph progress:  22 % 400.00014
Graph progress:  23 % 1978.0
Graph progress:  24 % 437.0
Graph progress:  25 % 588.0
Graph progress:  26 % 320.00007
Graph progress:  27 % 2056.0
Graph progress:  28 % 1721.00001
Graph progress:  29 % 197.0
Graph progress:  30 % 3734.0
Graph progress:  31 % 209.00001
Graph progress:  32 % 1347.00001
Graph progress:  33 % 3194.0
Graph progress:  34 % 4035.00002
Graph progress:  35 % 3005.00001
Graph progress:  36 % 743.00002
Graph progress:  37 % 1232.0
Graph progress:  38 % 3544.0
Graph progress:  39 % 816.00002
Graph progress:  40 % 457.00007
Graph progress:  41 % 1105.0
Graph progress:  42 % 672.0
Graph progress:  43 % 1171.0
Graph progress:  44 % 240.00001
Graph progress:  45 % 472.0
Graph progress:  46 % 2088.0
Graph progress:  47 % 2346.00002
Graph progress:  48 % 751.0
Graph progress:  49 % 2025.0
Graph progress:  50 % 781.0
Graph progress:  51 % 3562.0
Graph progress:  52 % 1838.00001
Graph progress:  53 % 52.0
Graph progress:  54 % 761.0
Graph progress:  55 % 438.0
Graph progress:  56 % 2083.0
Graph progress:  57 % 1567.0
Graph progress:  58 % 3496.0
Graph progress:  59 % 2.00007
Graph progress:  60 % 1904.0
Graph progress:  61 % 3694.00001
Graph progress:  62 % 1207.00001
Graph progress:  63 % 2000.00003
Graph progress:  64 % 50.00002
Graph progress:  65 % 610.00001
Graph progress:  66 % 702.00007
Graph progress:  67 % 1363.0
Graph progress:  68 % 6197.0
Graph progress:  69 % 288.0
Graph progress:  70 % 3115.00001
Graph progress:  71 % 218.0001
Graph progress:  72 % 1515.0
Graph progress:  73 % 837.0
Graph progress:  74 % 2209.00001
Graph progress:  75 % 1943.0
Graph progress:  76 % 4671.00001
Graph progress:  77 % 598.00004
Graph progress:  78 % 3034.00001
Graph progress:  79 % 5.00004
Graph progress:  80 % 3538.0
Graph progress:  81 % 164.0
Graph progress:  82 % 22.00002
Graph progress:  83 % 3357.0
Graph progress:  84 % 820.00005
Graph progress:  85 % 77.00001
Graph progress:  86 % 113.00007
Graph progress:  87 % 1518.0
Graph progress:  88 % 3656.00001
Graph progress:  89 % 6835.0
Graph progress:  90 % 2046.00002
Graph progress:  91 % 3259.00001
Graph progress:  92 % 3787.0
Graph progress:  93 % 493.0
Graph progress:  94 % 575.00003
Graph progress:  95 % 1812.00004
Graph progress:  96 % 2486.0
Graph progress:  97 % 10.00017
Graph progress:  98 % 2777.00001
Graph progress:  99 % 176.00014
Processed 4572 halos in snapshot 011_z004p770 of particle type 5
Reading in 'PartType0/ParticleIDs' for z = 4.77 using 8 thread(s) took 10.290962s
Reading in 'PartType0/ParticleIDs' for z = 5.0 using 8 thread(s) took 9.60021s
Reading in 'Subhalo/SubGroupNumber' for z = 5.0 using 8 thread(s) took 0.570444s
Reading in 'Subhalo/GroupNumber' for z = 5.0 using 8 thread(s) took 0.588613s
Reading in 'Subhalo/ApertureMeasurements/Mass/030kpc' for z = 5.0 using 8 thread(s) took 0.54683s
Reading in 'PartType0/Mass' for z = 5.0 using 8 thread(s) took 0.935889s
Reading in 'PartType0/ParticleIDs' for z = 4.77 using 8 thread(s) took 2.76048s
Reading in 'PartType0/GroupNumber' for z = 4.77 using 8 thread(s) took 0.887902s
Reading in 'PartType0/SubGroupNumber' for z = 4.77 using 8 thread(s) took 1.019151s
Reading in 'PartType0/GroupNumber' for z = 5.0 using 8 thread(s) took 1.123003s
Reading in 'PartType0/SubGroupNumber' for z = 5.0 using 8 thread(s) took 0.805267s
Reading in 'PartType0/ParticleIDs' for z = 5.0 using 8 thread(s) took 1.961755s
Graph progress:  0 % 157089.0
Graph progress:  1 % 8352.0
Graph progress:  2 % 109271.0
Graph progress:  3 % 185510.0
Graph progress:  4 % 124921.0
Graph progress:  5 % 75170.0
Graph progress:  6 % 68490.0
Graph progress:  7 % 159395.0
Graph progress:  8 % 61062.0
Graph progress:  9 % 53260.0
Graph progress:  10 % 155390.0
Graph progress:  11 % 103451.0
Graph progress:  12 % 1891.00007
Graph progress:  13 % 61445.0
Graph progress:  14 % 116680.0
Graph progress:  15 % 115453.0
Graph progress:  16 % 12885.0
Graph progress:  17 % 9683.0
Graph progress:  18 % 22326.0
Graph progress:  19 % 43534.0
Graph progress:  20 % 43979.0
Graph progress:  21 % 18113.00001
Graph progress:  22 % 16203.00001
Graph progress:  23 % 178437.0
Graph progress:  24 % 50343.0
Graph progress:  25 % 93000.0
Graph progress:  26 % 172238.0
Graph progress:  27 % 100588.0
Graph progress:  28 % 69373.0
Graph progress:  29 % 116768.0
Graph progress:  30 % 68596.0
Graph progress:  31 % 155898.0
Graph progress:  32 % 52778.0
Graph progress:  33 % 74682.0
Graph progress:  34 % 5358.00003
Graph progress:  35 % 9694.0
Graph progress:  36 % 120398.0
Graph progress:  37 % 165385.0
Graph progress:  38 % 30352.0
Graph progress:  39 % 118284.0
Graph progress:  40 % 15069.0
Graph progress:  41 % 48712.0
Graph progress:  42 % 155941.0
Graph progress:  43 % 59168.0
Graph progress:  44 % 22756.00001
Graph progress:  45 % 47638.0
Graph progress:  46 % 62003.0
Graph progress:  47 % 80130.0
Graph progress:  48 % 140234.0
Graph progress:  49 % 149196.0
Graph progress:  50 % 15418.0
Graph progress:  51 % 107250.0
Graph progress:  52 % 37.00002
Graph progress:  53 % 8038.00002
Graph progress:  54 % 151856.0
Graph progress:  55 % 149441.0
Graph progress:  56 % 40764.0
Graph progress:  57 % 170506.0
Graph progress:  58 % 103763.0
Graph progress:  59 % 94039.0
Graph progress:  60 % 11245.0
Graph progress:  61 % 174835.0
Graph progress:  62 % 178288.0
Graph progress:  63 % 17797.0
Graph progress:  64 % 6205.0
Graph progress:  65 % 78850.0
Graph progress:  66 % 20719.0
Graph progress:  67 % 53661.0
Graph progress:  68 % 51839.0
Graph progress:  69 % 151232.0
Graph progress:  70 % 422.00004
Graph progress:  71 % 116070.0
Graph progress:  72 % 1119.00001
Graph progress:  73 % 88201.0
Graph progress:  74 % 170723.0
Graph progress:  75 % 130514.0
Graph progress:  76 % 24312.0
Graph progress:  77 % 3564.00002
Graph progress:  78 % 179482.0
Graph progress:  79 % 31650.0
Graph progress:  80 % 28486.0
Graph progress:  81 % 170824.0
Graph progress:  82 % 2405.0
Graph progress:  83 % 52434.0
Graph progress:  84 % 85805.0
Graph progress:  85 % 19185.0
Graph progress:  86 % 108125.0
Graph progress:  87 % 3460.00001
Graph progress:  88 % 44895.0
Graph progress:  89 % 168663.0
Graph progress:  90 % 28089.0
Graph progress:  91 % 6693.00001
Graph progress:  92 % 94206.0
Graph progress:  93 % 152516.0
Graph progress:  94 % 2588.0
Graph progress:  95 % 99302.0
Graph progress:  96 % 152178.0
Graph progress:  97 % 143956.0
Graph progress:  98 % 3320.0
Graph progress:  99 % 169208.0
Processed 183805 halos in snapshot 011_z004p770 of particle type 0
Write progress:  0 % 136987.0
Write progress:  1 % 112926.0
Write progress:  2 % 171195.0
Write progress:  3 % 600.00003
Write progress:  4 % 3407.00001
Write progress:  5 % 70421.0
Write progress:  6 % 35887.0
Write progress:  7 % 143913.0
Write progress:  8 % 94507.0
Write progress:  9 % 111916.0
Write progress:  10 % 78226.0
Write progress:  11 % 1196.00001
Write progress:  12 % 90621.0
Write progress:  13 % 171726.0
Write progress:  14 % 20772.00001
Write progress:  15 % 39973.00001
Write progress:  16 % 27399.0
Write progress:  17 % 122108.0
Write progress:  18 % 309.00008
Write progress:  19 % 1081.0
Write progress:  20 % 33051.0
Write progress:  21 % 3018.0
Write progress:  22 % 176664.0
Write progress:  23 % 148721.0
Write progress:  24 % 62157.0
Write progress:  25 % 7815.00002
Write progress:  26 % 102576.0
Write progress:  27 % 160644.0
Write progress:  28 % 146993.0
Write progress:  29 % 140778.0
Write progress:  30 % 123759.0
Write progress:  31 % 17894.0
Write progress:  32 % 118961.0
Write progress:  33 % 113881.0
Write progress:  34 % 178456.0
Write progress:  35 % 81708.0
Write progress:  36 % 131673.0
Write progress:  37 % 18578.0
Write progress:  38 % 71123.0
Write progress:  39 % 103137.0
Write progress:  40 % 170271.0
Write progress:  41 % 81668.0
Write progress:  42 % 122574.0
Write progress:  43 % 62055.0
Write progress:  44 % 114861.0
Write progress:  45 % 80665.0
Write progress:  46 % 106210.0
Write progress:  47 % 49337.0
Write progress:  48 % 24007.0
Write progress:  49 % 155039.0
Write progress:  50 % 80673.0
Write progress:  51 % 9884.00002
Write progress:  52 % 183874.0
Write progress:  53 % 93943.0
Write progress:  54 % 69471.0
Write progress:  55 % 22183.0
Write progress:  56 % 26989.0
Write progress:  57 % 71903.0
Write progress:  58 % 122590.0
Write progress:  59 % 66709.0
Write progress:  60 % 165567.0
Write progress:  61 % 10512.0
Write progress:  62 % 16996.00001
Write progress:  63 % 82382.0
Write progress:  64 % 224.00001
Write progress:  65 % 40679.0
Write progress:  66 % 63461.0
Write progress:  67 % 119894.0
Write progress:  68 % 8611.0
Write progress:  69 % 118421.0
Write progress:  70 % 43834.0
Write progress:  71 % 28343.00001
Write progress:  72 % 50372.0
Write progress:  73 % 50265.0
Write progress:  74 % 145286.0
Write progress:  75 % 5930.00001
Write progress:  76 % 13525.0
Write progress:  77 % 24019.0
Write progress:  78 % 65792.0
Write progress:  79 % 125755.0
Write progress:  80 % 159939.0
Write progress:  81 % 25922.0
Write progress:  82 % 134848.0
Write progress:  83 % 75606.0
Write progress:  84 % 83467.0
Write progress:  85 % 179721.0
Write progress:  86 % 51903.0
Write progress:  87 % 14133.0
Write progress:  88 % 85788.0
Write progress:  89 % 62406.00001
Write progress:  90 % 20168.0
Write progress:  91 % 127611.0
Write progress:  92 % 55044.0
Write progress:  93 % 3975.00003
Write progress:  94 % 122893.0
Write progress:  95 % 93232.0
Write progress:  96 % 162067.0
Write progress:  97 % 2284.00001
Write progress:  98 % 109174.0
Write progress:  99 % 102.00016
Job done, info follows...
       JobID    JobName  Partition     MaxRSS    Elapsed ExitCode 
------------ ---------- ---------- ---------- ---------- -------- 
2042958_216  MEGA-FLAR+     cosma6              00:47:21      0:0 
2042958_216+     extern                         00:47:21      0:0 
