====
Starting job 2043369 at Fri 24 Apr 00:53:59 BST 2020 for user dc-rope1.
Running on nodes: m6229
====
263
('18', '010_z005p000', '011_z004p770', None)
Reading in 'PartType1/ParticleIDs' for z = 4.77 using 8 thread(s) took 11.826301s
Reading in 'PartType1/ParticleIDs' for z = 4.77 using 8 thread(s) took 6.043274s
Reading in 'PartType1/GroupNumber' for z = 4.77 using 8 thread(s) took 2.87642s
Reading in 'PartType1/SubGroupNumber' for z = 4.77 using 8 thread(s) took 1.587093s
Reading in 'PartType1/GroupNumber' for z = 5.0 using 8 thread(s) took 2.693999s
Reading in 'PartType1/SubGroupNumber' for z = 5.0 using 8 thread(s) took 2.014953s
Reading in 'PartType1/ParticleIDs' for z = 5.0 using 8 thread(s) took 4.090339s
Graph progress:  0 % 163297.0
Graph progress:  1 % 41273.00001
Graph progress:  2 % 56254.0
Graph progress:  3 % 20176.0
Graph progress:  4 % 428.00014
Graph progress:  5 % 215308.0
Graph progress:  6 % 29463.0
Graph progress:  7 % 269657.0
Graph progress:  8 % 165819.0
Graph progress:  9 % 176932.0
Graph progress:  10 % 175130.0
Graph progress:  11 % 10265.00002
Graph progress:  12 % 221180.0
Graph progress:  13 % 157417.0
Graph progress:  14 % 84005.0
Graph progress:  15 % 81382.00001
Graph progress:  16 % 94693.0
Graph progress:  17 % 4718.00004
Graph progress:  18 % 208651.0
Graph progress:  19 % 45284.00001
Graph progress:  20 % 140401.0
Graph progress:  21 % 2326.00004
Graph progress:  22 % 255248.0
Graph progress:  23 % 260630.0
Graph progress:  24 % 127585.0
Graph progress:  25 % 7431.00001
Graph progress:  26 % 231857.0
Graph progress:  27 % 104005.0
Graph progress:  28 % 5490.00003
Graph progress:  29 % 154876.0
Graph progress:  30 % 72.00011
Graph progress:  31 % 170117.0
Graph progress:  32 % 238844.0
Graph progress:  33 % 79509.0
Graph progress:  34 % 257325.0
Graph progress:  35 % 164737.0
Graph progress:  36 % 16938.00001
Graph progress:  37 % 24803.0
Graph progress:  38 % 119912.0
Graph progress:  39 % 76.0002
Graph progress:  40 % 262116.0
Graph progress:  41 % 195241.0
Graph progress:  42 % 12407.0
Graph progress:  43 % 43146.00001
Graph progress:  44 % 174810.0
Graph progress:  45 % 11.00056
Graph progress:  46 % 224261.0
Graph progress:  47 % 7060.00001
Graph progress:  48 % 10130.0
Graph progress:  49 % 9730.0
Graph progress:  50 % 154316.0
Graph progress:  51 % 281950.0
Graph progress:  52 % 159962.0
Graph progress:  53 % 10327.0
Graph progress:  54 % 251291.0
Graph progress:  55 % 194383.0
Graph progress:  56 % 155637.0
Graph progress:  57 % 55453.0
Graph progress:  58 % 167677.0
Graph progress:  59 % 139866.0
Graph progress:  60 % 53395.0
Graph progress:  61 % 204106.0
Graph progress:  62 % 67358.0
Graph progress:  63 % 4675.00002
Graph progress:  64 % 84951.0
Graph progress:  65 % 4429.00003
Graph progress:  66 % 274935.0
Graph progress:  67 % 284405.0
Graph progress:  68 % 121599.0
Graph progress:  69 % 134240.0
Graph progress:  70 % 191041.0
Graph progress:  71 % 21786.0
Graph progress:  72 % 119614.0
Graph progress:  73 % 13171.00001
Graph progress:  74 % 119743.0
Graph progress:  75 % 252058.0
Graph progress:  76 % 14842.00001
Graph progress:  77 % 196485.0
Graph progress:  78 % 25323.00001
Graph progress:  79 % 31464.0
Graph progress:  80 % 29759.00002
Graph progress:  81 % 264195.0
Graph progress:  82 % 23124.00002
Graph progress:  83 % 84834.0
Graph progress:  84 % 261272.0
Graph progress:  85 % 290380.0
Graph progress:  86 % 164029.0
Graph progress:  87 % 138604.0
Graph progress:  88 % 144038.0
Graph progress:  89 % 144304.0
Graph progress:  90 % 50213.0
Graph progress:  91 % 281174.0
Graph progress:  92 % 186986.0
Graph progress:  93 % 15786.00002
Graph progress:  94 % 45771.0
Graph progress:  95 % 4.00208
Graph progress:  96 % 18610.0
Graph progress:  97 % 6808.00002
Graph progress:  98 % 218494.0
Graph progress:  99 % 42936.0
Processed 336086 halos in snapshot 011_z004p770 of particle type 1
Reading in 'PartType4/ParticleIDs' for z = 4.77 using 8 thread(s) took 2.208406s
Reading in 'PartType4/ParticleIDs' for z = 5.0 using 8 thread(s) took 5.937825s
Reading in 'Subhalo/SubGroupNumber' for z = 5.0 using 8 thread(s) took 3.347952s
Reading in 'Subhalo/GroupNumber' for z = 5.0 using 8 thread(s) took 1.01571s
Reading in 'Subhalo/ApertureMeasurements/Mass/030kpc' for z = 5.0 using 8 thread(s) took 0.660615s
Reading in 'PartType4/Mass' for z = 5.0 using 8 thread(s) took 3.411307s
Reading in 'PartType4/ParticleIDs' for z = 4.77 using 8 thread(s) took 2.128644s
Reading in 'PartType4/GroupNumber' for z = 4.77 using 8 thread(s) took 1.881638s
Reading in 'PartType4/SubGroupNumber' for z = 4.77 using 8 thread(s) took 0.782715s
Reading in 'PartType4/GroupNumber' for z = 5.0 using 8 thread(s) took 0.741893s
Reading in 'PartType4/SubGroupNumber' for z = 5.0 using 8 thread(s) took 2.545323s
Reading in 'PartType4/ParticleIDs' for z = 5.0 using 8 thread(s) took 1.975778s
Graph progress:  0 % 1715.0
Graph progress:  1 % 735.00004
Graph progress:  2 % 3108.0
Graph progress:  3 % 54514.0
Graph progress:  4 % 1108.00003
Graph progress:  5 % 71822.0
Graph progress:  6 % 3372.0
Graph progress:  7 % 1906.0
Graph progress:  8 % 11764.00002
Graph progress:  9 % 791.00002
Graph progress:  10 % 2801.00005
Graph progress:  11 % 411.00015
Graph progress:  12 % 6176.0
Graph progress:  13 % 25109.0
Graph progress:  14 % 9302.0
Graph progress:  15 % 65708.0
Graph progress:  16 % 945.00011
Graph progress:  17 % 64883.0
Graph progress:  18 % 1658.0
Graph progress:  19 % 5636.00003
Graph progress:  20 % 1134.0
Graph progress:  21 % 98.00007
Graph progress:  22 % 1738.00001
Graph progress:  23 % 54129.0
Graph progress:  24 % 1352.00006
Graph progress:  25 % 35641.0
Graph progress:  26 % 19672.0
Graph progress:  27 % 7201.00001
Graph progress:  28 % 1199.00007
Graph progress:  29 % 3092.00005
Graph progress:  30 % 179.00002
Graph progress:  31 % 1847.00001
Graph progress:  32 % 6039.00001
Graph progress:  33 % 14211.0
Graph progress:  34 % 49673.0
Graph progress:  35 % 1.00103
Graph progress:  36 % 27614.00001
Graph progress:  37 % 2458.0
Graph progress:  38 % 27573.0
Graph progress:  39 % 19012.0
Graph progress:  40 % 49211.0
Graph progress:  41 % 605.0
Graph progress:  42 % 46489.0
Graph progress:  43 % 27651.0
Graph progress:  44 % 75449.0
Graph progress:  45 % 2.00225
Graph progress:  46 % 27341.0
Graph progress:  47 % 47189.0
Graph progress:  48 % 57896.0
Graph progress:  49 % 8616.00001
Graph progress:  50 % 12528.0
Graph progress:  51 % 6203.0
Graph progress:  52 % 184019.0
Graph progress:  53 % 5815.0
Graph progress:  54 % 63.00005
Graph progress:  55 % 2332.00002
Graph progress:  56 % 29205.0
Graph progress:  57 % 1671.00002
Graph progress:  58 % 10686.0
Graph progress:  59 % 78280.0
Graph progress:  60 % 6650.0
Graph progress:  61 % 43291.0
Graph progress:  62 % 84294.0
Graph progress:  63 % 49031.0
Graph progress:  64 % 518.00002
Graph progress:  65 % 10770.0
Graph progress:  66 % 25658.0
Graph progress:  67 % 2902.00001
Graph progress:  68 % 74421.0
Graph progress:  69 % 7421.0
Graph progress:  70 % 9637.00001
Graph progress:  71 % 2754.00006
Graph progress:  72 % 6701.00001
Graph progress:  73 % 716.00011
Graph progress:  74 % 3909.00001
Graph progress:  75 % 5684.0
Graph progress:  76 % 11372.0
Graph progress:  77 % 6607.0
Graph progress:  78 % 91653.0
Graph progress:  79 % 34110.0
Graph progress:  80 % 111752.0
Graph progress:  81 % 275.00001
Graph progress:  82 % 10524.00003
Graph progress:  83 % 42448.0
Graph progress:  84 % 5320.00001
Graph progress:  85 % 721.00004
Graph progress:  86 % 5733.00001
Graph progress:  87 % 5895.00001
Graph progress:  88 % 11011.00002
Graph progress:  89 % 24384.0
Graph progress:  90 % 22976.0
Graph progress:  91 % 9.00022
Graph progress:  92 % 648.00005
Graph progress:  93 % 19804.0
Graph progress:  94 % 27756.0
Graph progress:  95 % 9330.00002
Graph progress:  96 % 1179.00001
Graph progress:  97 % 3778.0
Graph progress:  98 % 30724.0
Graph progress:  99 % 11095.0
Processed 64702 halos in snapshot 011_z004p770 of particle type 4
Reading in 'PartType5/ParticleIDs' for z = 4.77 using 8 thread(s) took 4.093087s
Reading in 'PartType5/ParticleIDs' for z = 5.0 using 8 thread(s) took 7.05365s
Reading in 'Subhalo/SubGroupNumber' for z = 5.0 using 8 thread(s) took 0.678222s
Reading in 'Subhalo/GroupNumber' for z = 5.0 using 8 thread(s) took 0.609973s
Reading in 'Subhalo/ApertureMeasurements/Mass/030kpc' for z = 5.0 using 8 thread(s) took 0.656863s
Reading in 'PartType5/Mass' for z = 5.0 using 8 thread(s) took 3.048926s
Reading in 'PartType5/ParticleIDs' for z = 4.77 using 8 thread(s) took 2.675619s
Reading in 'PartType5/GroupNumber' for z = 4.77 using 8 thread(s) took 1.685551s
Reading in 'PartType5/SubGroupNumber' for z = 4.77 using 8 thread(s) took 0.834467s
Reading in 'PartType5/GroupNumber' for z = 5.0 using 8 thread(s) took 2.466123s
Reading in 'PartType5/SubGroupNumber' for z = 5.0 using 8 thread(s) took 1.335644s
Reading in 'PartType5/ParticleIDs' for z = 5.0 using 8 thread(s) took 1.763782s
Graph progress:  0 % 1192.0
Graph progress:  1 % 531.00008
Graph progress:  2 % 6163.00001
Graph progress:  3 % 1880.0
Graph progress:  4 % 4280.00001
Graph progress:  5 % 103.00002
Graph progress:  6 % 5154.00001
Graph progress:  7 % 2737.0
Graph progress:  8 % 3121.0
Graph progress:  9 % 766.00009
Graph progress:  10 % 2108.0
Graph progress:  11 % 6452.0
Graph progress:  12 % 68.00005
Graph progress:  13 % 2032.0
Graph progress:  14 % 50.00003
Graph progress:  15 % 1266.0
Graph progress:  16 % 4048.00001
Graph progress:  17 % 6109.00001
Graph progress:  18 % 300.00001
Graph progress:  19 % 3982.0
Graph progress:  20 % 5658.0
Graph progress:  21 % 3118.0
Graph progress:  22 % 157.00002
Graph progress:  23 % 623.00005
Graph progress:  24 % 585.00007
Graph progress:  25 % 3250.0
Graph progress:  26 % 2264.0
Graph progress:  27 % 802.0
Graph progress:  28 % 441.0
Graph progress:  29 % 78.00006
Graph progress:  30 % 4957.00001
Graph progress:  31 % 4054.00002
Graph progress:  32 % 4471.00002
Graph progress:  33 % 43.0
Graph progress:  34 % 5665.0
Graph progress:  35 % 4620.00001
Graph progress:  36 % 1114.00001
Graph progress:  37 % 165.00001
Graph progress:  38 % 356.0
Graph progress:  39 % 2209.00003
Graph progress:  40 % 2501.00004
Graph progress:  41 % 1288.0
Graph progress:  42 % 4583.0
Graph progress:  43 % 2259.00001
Graph progress:  44 % 1688.0
Graph progress:  45 % 947.0
Graph progress:  46 % 20.00019
Graph progress:  47 % 1019.0
Graph progress:  48 % 4828.0
Graph progress:  49 % 3579.00001
Graph progress:  50 % 1833.00003
Graph progress:  51 % 272.0
Graph progress:  52 % 1665.0
Graph progress:  53 % 5439.0
Graph progress:  54 % 6002.0
Graph progress:  55 % 6051.0
Graph progress:  56 % 4387.0
Graph progress:  57 % 2676.0
Graph progress:  58 % 3488.00003
Graph progress:  59 % 1127.00002
Graph progress:  60 % 4515.0
Graph progress:  61 % 4039.0
Graph progress:  62 % 109.0
Graph progress:  63 % 1990.0
Graph progress:  64 % 1605.00005
Graph progress:  65 % 2189.0
Graph progress:  66 % 879.0
Graph progress:  67 % 3005.0
Graph progress:  68 % 5050.00001
Graph progress:  69 % 871.0
Graph progress:  70 % 3368.0
Graph progress:  71 % 6016.00001
Graph progress:  72 % 2636.0
Graph progress:  73 % 4086.0
Graph progress:  74 % 2248.00005
Graph progress:  75 % 4608.0
Graph progress:  76 % 199.0
Graph progress:  77 % 3519.0
Graph progress:  78 % 6191.00002
Graph progress:  79 % 64.0
Graph progress:  80 % 1433.0
Graph progress:  81 % 1504.00001
Graph progress:  82 % 19449.0
Graph progress:  83 % 21.00019
Graph progress:  84 % 3501.0
Graph progress:  85 % 1112.0
Graph progress:  86 % 801.00011
Graph progress:  87 % 1693.0
Graph progress:  88 % 4386.00001
Graph progress:  89 % 320.00001
Graph progress:  90 % 804.00001
Graph progress:  91 % 648.0
Graph progress:  92 % 3755.0
Graph progress:  93 % 51.0
Graph progress:  94 % 408.00001
Graph progress:  95 % 2269.00003
Graph progress:  96 % 2643.0
Graph progress:  97 % 2216.0
Graph progress:  98 % 6368.0
Graph progress:  99 % 2073.0
Processed 9114 halos in snapshot 011_z004p770 of particle type 5
Reading in 'PartType0/ParticleIDs' for z = 4.77 using 8 thread(s) took 11.497006s
Reading in 'PartType0/ParticleIDs' for z = 5.0 using 8 thread(s) took 15.112929s
Reading in 'Subhalo/SubGroupNumber' for z = 5.0 using 8 thread(s) took 0.682629s
Reading in 'Subhalo/GroupNumber' for z = 5.0 using 8 thread(s) took 0.707218s
Reading in 'Subhalo/ApertureMeasurements/Mass/030kpc' for z = 5.0 using 8 thread(s) took 0.678307s
Reading in 'PartType0/Mass' for z = 5.0 using 8 thread(s) took 2.612329s
Reading in 'PartType0/ParticleIDs' for z = 4.77 using 8 thread(s) took 7.04122s
Reading in 'PartType0/GroupNumber' for z = 4.77 using 8 thread(s) took 4.130252s
Reading in 'PartType0/SubGroupNumber' for z = 4.77 using 8 thread(s) took 3.009099s
Reading in 'PartType0/GroupNumber' for z = 5.0 using 8 thread(s) took 3.664697s
Reading in 'PartType0/SubGroupNumber' for z = 5.0 using 8 thread(s) took 1.888934s
Reading in 'PartType0/ParticleIDs' for z = 5.0 using 8 thread(s) took 5.471002s
Graph progress:  0 % 52165.0
Graph progress:  1 % 18881.00001
Graph progress:  2 % 162586.0
Graph progress:  3 % 144607.0
Graph progress:  4 % 32365.00001
Graph progress:  5 % 79445.0
Graph progress:  6 % 137627.0
Graph progress:  7 % 77611.00001
Graph progress:  8 % 287155.0
Graph progress:  9 % 46192.0
Graph progress:  10 % 103322.0
Graph progress:  11 % 13351.0
Graph progress:  12 % 38301.0
Graph progress:  13 % 61380.0
Graph progress:  14 % 20973.0
Graph progress:  15 % 21612.0
Graph progress:  16 % 139258.0
Graph progress:  17 % 26170.0
Graph progress:  18 % 34859.00001
Graph progress:  19 % 28054.0
Graph progress:  20 % 3118.00001
Graph progress:  21 % 114459.0
Graph progress:  22 % 51357.0
Graph progress:  23 % 4355.0
Graph progress:  24 % 203663.0
Graph progress:  25 % 206146.0
Graph progress:  26 % 137.00029
Graph progress:  27 % 256456.0
Graph progress:  28 % 72707.0
Graph progress:  29 % 559.00004
Graph progress:  30 % 709.00004
Graph progress:  31 % 36.00037
Graph progress:  32 % 126302.0
Graph progress:  33 % 9851.0
Graph progress:  34 % 184590.0
Graph progress:  35 % 34079.00001
Graph progress:  36 % 139079.0
Graph progress:  37 % 94047.0
Graph progress:  38 % 23194.0
Graph progress:  39 % 145541.0
Graph progress:  40 % 37382.0
Graph progress:  41 % 1441.00001
Graph progress:  42 % 192953.0
Graph progress:  43 % 202519.0
Graph progress:  44 % 145254.0
Graph progress:  45 % 231090.0
Graph progress:  46 % 12826.0
Graph progress:  47 % 16755.0
Graph progress:  48 % 52111.0
Graph progress:  49 % 81555.0
Graph progress:  50 % 13529.0
Graph progress:  51 % 31702.0
Graph progress:  52 % 11597.00001
Graph progress:  53 % 34548.0
Graph progress:  54 % 118534.0
Graph progress:  55 % 98964.0
Graph progress:  56 % 204999.0
Graph progress:  57 % 81911.0
Graph progress:  58 % 97972.0
Graph progress:  59 % 4064.00001
Graph progress:  60 % 157187.0
Graph progress:  61 % 49244.0
Graph progress:  62 % 12967.00001
Graph progress:  63 % 44024.0
Graph progress:  64 % 144541.0
Graph progress:  65 % 105445.0
Graph progress:  66 % 211643.0
Graph progress:  67 % 169671.0
Graph progress:  68 % 43221.0
Graph progress:  69 % 135332.0
Graph progress:  70 % 40443.0
Graph progress:  71 % 87153.00001
Graph progress:  72 % 159290.0
Graph progress:  73 % 165528.0
Graph progress:  74 % 73992.0
Graph progress:  75 % 534.00003
Graph progress:  76 % 74535.0
Graph progress:  77 % 132074.0
Graph progress:  78 % 130203.0
Graph progress:  79 % 229832.0
Graph progress:  80 % 257565.0
Graph progress:  81 % 14450.0
Graph progress:  82 % 203377.0
Graph progress:  83 % 283176.0
Graph progress:  84 % 76924.0
Graph progress:  85 % 130192.0
Graph progress:  86 % 81095.0
Graph progress:  87 % 37825.0
Graph progress:  88 % 118935.0
Graph progress:  89 % 206803.0
Graph progress:  90 % 168692.0
Graph progress:  91 % 133960.0
Graph progress:  92 % 130536.0
Graph progress:  93 % 204230.0
Graph progress:  94 % 10583.00001
Graph progress:  95 % 16884.00001
Graph progress:  96 % 193634.0
Graph progress:  97 % 281839.0
Graph progress:  98 % 265294.0
Graph progress:  99 % 1356.00002
Processed 280589 halos in snapshot 011_z004p770 of particle type 0
Write progress:  0 % 163297.0
Write progress:  1 % 41273.00001
Write progress:  2 % 56254.0
Write progress:  3 % 20176.0
Write progress:  4 % 428.00014
Write progress:  5 % 215308.0
Write progress:  6 % 29463.0
Write progress:  7 % 269657.0
Write progress:  8 % 165819.0
Write progress:  9 % 176932.0
Write progress:  10 % 175130.0
Write progress:  11 % 10265.00002
Write progress:  12 % 221180.0
Write progress:  13 % 157417.0
Write progress:  14 % 84005.0
Write progress:  15 % 81382.00001
Write progress:  16 % 94693.0
Write progress:  17 % 4718.00004
Write progress:  18 % 208651.0
Write progress:  19 % 45284.00001
Write progress:  20 % 140401.0
Write progress:  21 % 2326.00004
Write progress:  22 % 255248.0
Write progress:  23 % 260630.0
Write progress:  24 % 127585.0
Write progress:  25 % 7431.00001
Write progress:  26 % 231857.0
Write progress:  27 % 104005.0
Write progress:  28 % 5490.00003
Write progress:  29 % 154876.0
Write progress:  30 % 72.00011
Write progress:  31 % 170117.0
Write progress:  32 % 238844.0
Write progress:  33 % 79509.0
Write progress:  34 % 257325.0
Write progress:  35 % 164737.0
Write progress:  36 % 16938.00001
Write progress:  37 % 24803.0
Write progress:  38 % 119912.0
Write progress:  39 % 76.0002
Write progress:  40 % 262116.0
Write progress:  41 % 195241.0
Write progress:  42 % 12407.0
Write progress:  43 % 43146.00001
Write progress:  44 % 174810.0
Write progress:  45 % 11.00056
Write progress:  46 % 224261.0
Write progress:  47 % 7060.00001
Write progress:  48 % 10130.0
Write progress:  49 % 9730.0
Write progress:  50 % 154316.0
Write progress:  51 % 281950.0
Write progress:  52 % 159962.0
Write progress:  53 % 10327.0
Write progress:  54 % 251291.0
Write progress:  55 % 194383.0
Write progress:  56 % 155637.0
Write progress:  57 % 55453.0
Write progress:  58 % 167677.0
Write progress:  59 % 139866.0
Write progress:  60 % 53395.0
Write progress:  61 % 204106.0
Write progress:  62 % 67358.0
Write progress:  63 % 4675.00002
Write progress:  64 % 84951.0
Write progress:  65 % 4429.00003
Write progress:  66 % 274935.0
Write progress:  67 % 284405.0
Write progress:  68 % 121599.0
Write progress:  69 % 134240.0
Write progress:  70 % 191041.0
Write progress:  71 % 21786.0
Write progress:  72 % 119614.0
Write progress:  73 % 13171.00001
Write progress:  74 % 119743.0
Write progress:  75 % 252058.0
Write progress:  76 % 14842.00001
Write progress:  77 % 196485.0
Write progress:  78 % 25323.00001
Write progress:  79 % 31464.0
Write progress:  80 % 29759.00002
Write progress:  81 % 264195.0
Write progress:  82 % 23124.00002
Write progress:  83 % 84834.0
Write progress:  84 % 261272.0
Write progress:  85 % 290380.0
Write progress:  86 % 164029.0
Write progress:  87 % 138604.0
Write progress:  88 % 144038.0
Write progress:  89 % 144304.0
Write progress:  90 % 50213.0
Write progress:  91 % 281174.0
Write progress:  92 % 186986.0
Write progress:  93 % 15786.00002
Write progress:  94 % 45771.0
Write progress:  95 % 4.00208
Write progress:  96 % 18610.0
Write progress:  97 % 6808.00002
Write progress:  98 % 218494.0
Write progress:  99 % 42936.0
Job done, info follows...
       JobID    JobName  Partition     MaxRSS    Elapsed ExitCode 
------------ ---------- ---------- ---------- ---------- -------- 
2042958_264  MEGA-FLAR+     cosma6              01:02:26      0:0 
2042958_264+     extern                         01:02:26      0:0 
