====
Starting job 2043582 at Fri 24 Apr 02:46:47 BST 2020 for user dc-rope1.
Running on nodes: m6090
====
445
('02', '000_z015p000', '001_z014p000', '002_z013p000')
Reading in 'PartType1/ParticleIDs' for z = 14.0 using 8 thread(s) took 10.837981s
Reading in 'PartType1/ParticleIDs' for z = 14.0 using 8 thread(s) took 1.008946s
Reading in 'PartType1/GroupNumber' for z = 14.0 using 8 thread(s) took 0.107574s
Reading in 'PartType1/SubGroupNumber' for z = 14.0 using 8 thread(s) took 0.082051s
Reading in 'PartType1/GroupNumber' for z = 15.0 using 8 thread(s) took 0.162357s
Reading in 'PartType1/SubGroupNumber' for z = 15.0 using 8 thread(s) took 0.110969s
Reading in 'PartType1/ParticleIDs' for z = 15.0 using 8 thread(s) took 0.110504s
Reading in 'PartType1/GroupNumber' for z = 13.0 using 8 thread(s) took 1.250766s
Reading in 'PartType1/SubGroupNumber' for z = 13.0 using 8 thread(s) took 0.185784s
Reading in 'PartType1/ParticleIDs' for z = 13.0 using 8 thread(s) took 0.178831s
Graph progress:  0 % 561.0
Graph progress:  1 % 10080.0
Graph progress:  2 % 3506.0
Graph progress:  3 % 11073.0
Graph progress:  4 % 2248.0
Graph progress:  5 % 4112.0
Graph progress:  6 % 6502.00001
Graph progress:  7 % 93.00002
Graph progress:  8 % 10815.0
Graph progress:  9 % 2167.0
Graph progress:  10 % 413.00001
Graph progress:  11 % 10823.0
Graph progress:  12 % 4844.0
Graph progress:  13 % 3624.0
Graph progress:  14 % 12782.0
Graph progress:  15 % 5018.0
Graph progress:  16 % 9973.0
Graph progress:  17 % 2017.0
Graph progress:  18 % 8414.0
Graph progress:  19 % 6077.0
Graph progress:  20 % 4043.0
Graph progress:  21 % 9395.0
Graph progress:  22 % 5872.0
Graph progress:  23 % 11809.0
Graph progress:  24 % 11526.0
Graph progress:  25 % 3523.0
Graph progress:  26 % 7524.0
Graph progress:  27 % 5656.0
Graph progress:  28 % 11464.0
Graph progress:  29 % 7261.0
Graph progress:  30 % 5682.0
Graph progress:  31 % 7436.0
Graph progress:  32 % 3430.0
Graph progress:  33 % 12459.0
Graph progress:  34 % 10473.0
Graph progress:  35 % 10745.00001
Graph progress:  36 % 6676.0
Graph progress:  37 % 10774.0
Graph progress:  38 % 4.00001
Graph progress:  39 % 10563.0
Graph progress:  40 % 4433.0
Graph progress:  41 % 112.00001
Graph progress:  42 % 10642.0
Graph progress:  43 % 1756.0
Graph progress:  44 % 10174.0
Graph progress:  45 % 8712.0
Graph progress:  46 % 11845.0
Graph progress:  47 % 2363.0
Graph progress:  48 % 8924.0
Graph progress:  49 % 6051.0
Graph progress:  50 % 10778.0
Graph progress:  51 % 11443.0
Graph progress:  52 % 3621.0
Graph progress:  53 % 563.00003
Graph progress:  54 % 937.0
Graph progress:  55 % 2495.0
Graph progress:  56 % 11187.0
Graph progress:  57 % 10109.0
Graph progress:  58 % 12756.0
Graph progress:  59 % 52.00001
Graph progress:  60 % 10846.0
Graph progress:  61 % 18.00007
Graph progress:  62 % 5403.0
Graph progress:  63 % 6331.0
Graph progress:  64 % 6703.0
Graph progress:  65 % 3753.0
Graph progress:  66 % 5399.0
Graph progress:  67 % 2260.0
Graph progress:  68 % 7607.0
Graph progress:  69 % 1347.0
Graph progress:  70 % 44.00001
Graph progress:  71 % 6595.0
Graph progress:  72 % 528.0
Graph progress:  73 % 944.0
Graph progress:  74 % 12899.0
Graph progress:  75 % 1040.0
Graph progress:  76 % 171.0
Graph progress:  77 % 6952.0
Graph progress:  78 % 5950.0
Graph progress:  79 % 8186.0
Graph progress:  80 % 2687.0
Graph progress:  81 % 7667.0
Graph progress:  82 % 8933.0
Graph progress:  83 % 399.00001
Graph progress:  84 % 3549.0
Graph progress:  85 % 10339.0
Graph progress:  86 % 4066.0
Graph progress:  87 % 2328.0
Graph progress:  88 % 5560.0
Graph progress:  89 % 906.0
Graph progress:  90 % 11004.0
Graph progress:  91 % 12340.0
Graph progress:  92 % 4291.0
Graph progress:  93 % 536.0
Graph progress:  94 % 2823.00001
Graph progress:  95 % 2208.00001
Graph progress:  96 % 14.00003
Graph progress:  97 % 9623.0
Graph progress:  98 % 8638.0
Graph progress:  99 % 942.00001
Processed 14496 halos in snapshot 001_z014p000 of particle type 1
Reading in 'PartType4/ParticleIDs' for z = 14.0 using 8 thread(s) took 0.106364s
Reading in 'PartType4/ParticleIDs' for z = 15.0 using 8 thread(s) took 0.236048s
Reading in 'Subhalo/SubGroupNumber' for z = 15.0 using 8 thread(s) took 2.433607s
Reading in 'Subhalo/GroupNumber' for z = 15.0 using 8 thread(s) took 0.171475s
Reading in 'Subhalo/ApertureMeasurements/Mass/030kpc' for z = 15.0 using 8 thread(s) took 0.129804s
Reading in 'PartType4/Mass' for z = 15.0 using 8 thread(s) took 0.093917s
Reading in 'PartType4/ParticleIDs' for z = 13.0 using 8 thread(s) took 2.468011s
Reading in 'Subhalo/SubGroupNumber' for z = 13.0 using 8 thread(s) took 3.991499s
Reading in 'Subhalo/GroupNumber' for z = 13.0 using 8 thread(s) took 0.159648s
Reading in 'Subhalo/ApertureMeasurements/Mass/030kpc' for z = 13.0 using 8 thread(s) took 0.153118s
Reading in 'PartType4/Mass' for z = 13.0 using 8 thread(s) took 0.107278s
Reading in 'PartType4/ParticleIDs' for z = 14.0 using 8 thread(s) took 0.100701s
Reading in 'PartType4/GroupNumber' for z = 14.0 using 8 thread(s) took 0.09471s
Reading in 'PartType4/SubGroupNumber' for z = 14.0 using 8 thread(s) took 0.099064s
Reading in 'PartType4/GroupNumber' for z = 15.0 using 8 thread(s) took 0.102074s
Reading in 'PartType4/SubGroupNumber' for z = 15.0 using 8 thread(s) took 0.091963s
Reading in 'PartType4/ParticleIDs' for z = 15.0 using 8 thread(s) took 0.09513s
Reading in 'PartType4/GroupNumber' for z = 13.0 using 8 thread(s) took 0.097423s
Reading in 'PartType4/SubGroupNumber' for z = 13.0 using 8 thread(s) took 0.094693s
Reading in 'PartType4/ParticleIDs' for z = 13.0 using 8 thread(s) took 0.093557s
Graph progress:  0 % 2276.0
Graph progress:  1 % 338.0
Graph progress:  2 % 8.0
Graph progress:  3 % 3264.0
Graph progress:  4 % 666.0
Graph progress:  5 % 1607.0
Graph progress:  6 % 753.0
Graph progress:  7 % 1942.0
Graph progress:  8 % 139.00001
Graph progress:  9 % 1119.0
Graph progress:  10 % 454.0
Graph progress:  11 % 2339.0
Graph progress:  12 % 12.0
Graph progress:  13 % 1385.0
Graph progress:  14 % 2306.0
Graph progress:  15 % 546.0
Graph progress:  16 % 2714.0
Graph progress:  17 % 355.0
Graph progress:  18 % 2223.0
Graph progress:  19 % 956.0
Graph progress:  20 % 1032.0
Graph progress:  21 % 564.0
Graph progress:  22 % 259.0
Graph progress:  23 % 1527.0
Graph progress:  24 % 879.0
Graph progress:  25 % 787.0
Graph progress:  26 % 27.00002
Graph progress:  27 % 59.0
Graph progress:  28 % 908.0
Graph progress:  29 % 237.0
Graph progress:  30 % 1216.0
Graph progress:  31 % 42.0
Graph progress:  32 % 477.00001
Graph progress:  33 % 352.0
Graph progress:  34 % 2293.0
Graph progress:  35 % 120.0
Graph progress:  36 % 299.0
Graph progress:  37 % 398.0
Graph progress:  38 % 860.0
Graph progress:  39 % 927.0
Graph progress:  40 % 773.0
Graph progress:  41 % 407.0
Graph progress:  42 % 3.00002
Graph progress:  43 % 225.0
Graph progress:  44 % 196.0
Graph progress:  45 % 1674.0
Graph progress:  46 % 1665.0
Graph progress:  47 % 500.0
Graph progress:  48 % 19.00001
Graph progress:  49 % 24.00002
Graph progress:  50 % 54.0
Graph progress:  51 % 1101.0
Graph progress:  52 % 1236.0
Graph progress:  53 % 7.00002
Graph progress:  54 % 541.0
Graph progress:  55 % 80.0
Graph progress:  56 % 162.0
Graph progress:  57 % 1502.0
Graph progress:  58 % 113.0
Graph progress:  59 % 392.0
Graph progress:  60 % 249.0
Graph progress:  61 % 226.0
Graph progress:  62 % 306.0
Graph progress:  63 % 749.0
Graph progress:  64 % 479.0
Graph progress:  65 % 1028.0
Graph progress:  66 % 863.0
Graph progress:  67 % 1060.0
Graph progress:  68 % 949.0
Graph progress:  69 % 318.0
Graph progress:  70 % 168.0
Graph progress:  71 % 476.0
Graph progress:  72 % 374.0
Graph progress:  73 % 215.0
Graph progress:  74 % 912.0
Graph progress:  75 % 44.0
Graph progress:  76 % 1723.0
Graph progress:  77 % 6.00002
Graph progress:  78 % 741.0
Graph progress:  79 % 102.0
Graph progress:  80 % 84.0
Graph progress:  81 % 1955.0
Graph progress:  82 % 705.0
Graph progress:  83 % 2247.0
Graph progress:  84 % 820.0
Graph progress:  85 % 67.0
Graph progress:  86 % 1733.0
Graph progress:  87 % 650.0
Graph progress:  88 % 671.0
Graph progress:  89 % 1102.0
Graph progress:  90 % 1850.0
Graph progress:  91 % 536.0
Graph progress:  92 % 53.0
Graph progress:  93 % 448.0
Graph progress:  94 % 76.0
Graph progress:  95 % 14.0
Graph progress:  96 % 174.0
Graph progress:  97 % 5.0
Graph progress:  98 % 106.0
Graph progress:  99 % 184.0
Processed 820 halos in snapshot 001_z014p000 of particle type 4
Reading in 'PartType5/ParticleIDs' for z = 14.0 using 8 thread(s) took 0.081904s
Reading in 'PartType5/ParticleIDs' for z = 15.0 using 8 thread(s) took 0.085387s
Reading in 'Subhalo/SubGroupNumber' for z = 15.0 using 8 thread(s) took 0.129393s
Reading in 'Subhalo/GroupNumber' for z = 15.0 using 8 thread(s) took 0.129952s
Reading in 'Subhalo/ApertureMeasurements/Mass/030kpc' for z = 15.0 using 8 thread(s) took 0.14675s
Reading in 'PartType5/Mass' for z = 15.0 using 8 thread(s) took 0.092817s
Reading in 'PartType5/ParticleIDs' for z = 13.0 using 8 thread(s) took 0.671768s
Reading in 'Subhalo/SubGroupNumber' for z = 13.0 using 8 thread(s) took 0.150541s
Reading in 'Subhalo/GroupNumber' for z = 13.0 using 8 thread(s) took 0.14547s
Reading in 'Subhalo/ApertureMeasurements/Mass/030kpc' for z = 13.0 using 8 thread(s) took 0.130996s
Reading in 'PartType5/Mass' for z = 13.0 using 8 thread(s) took 0.09159s
Reading in 'PartType5/ParticleIDs' for z = 14.0 using 8 thread(s) took 0.097777s
Reading in 'PartType5/GroupNumber' for z = 14.0 using 8 thread(s) took 0.095437s
Reading in 'PartType5/SubGroupNumber' for z = 14.0 using 8 thread(s) took 0.081851s
Reading in 'PartType5/GroupNumber' for z = 15.0 using 8 thread(s) took 0.086245s
Reading in 'PartType5/SubGroupNumber' for z = 15.0 using 8 thread(s) took 0.080556s
Reading in 'PartType5/ParticleIDs' for z = 15.0 using 8 thread(s) took 0.083175s
Reading in 'PartType5/GroupNumber' for z = 13.0 using 8 thread(s) took 0.085353s
Reading in 'PartType5/SubGroupNumber' for z = 13.0 using 8 thread(s) took 0.087152s
Reading in 'PartType5/ParticleIDs' for z = 13.0 using 8 thread(s) took 0.084845s
Graph progress:  0 % 8.0
Graph progress:  9 % 4.0
Graph progress:  18 % 3.0
Graph progress:  27 % 2.0
Graph progress:  36 % 7.0
Graph progress:  45 % 9.00001
Graph progress:  54 % 1.0
Graph progress:  63 % 125.0
Graph progress:  72 % 6.00001
Graph progress:  81 % 10.00001
Graph progress:  90 % 5.00001
Processed 11 halos in snapshot 001_z014p000 of particle type 5
Reading in 'PartType0/ParticleIDs' for z = 14.0 using 8 thread(s) took 8.86505s
Reading in 'PartType0/ParticleIDs' for z = 15.0 using 8 thread(s) took 9.290565s
Reading in 'Subhalo/SubGroupNumber' for z = 15.0 using 8 thread(s) took 0.238265s
Reading in 'Subhalo/GroupNumber' for z = 15.0 using 8 thread(s) took 0.192712s
Reading in 'Subhalo/ApertureMeasurements/Mass/030kpc' for z = 15.0 using 8 thread(s) took 0.20851s
Reading in 'PartType0/Mass' for z = 15.0 using 8 thread(s) took 0.174204s
Reading in 'PartType0/ParticleIDs' for z = 13.0 using 8 thread(s) took 9.681901s
Reading in 'Subhalo/SubGroupNumber' for z = 13.0 using 8 thread(s) took 0.214079s
Reading in 'Subhalo/GroupNumber' for z = 13.0 using 8 thread(s) took 0.205026s
Reading in 'Subhalo/ApertureMeasurements/Mass/030kpc' for z = 13.0 using 8 thread(s) took 0.235774s
Reading in 'PartType0/Mass' for z = 13.0 using 8 thread(s) took 0.173432s
Reading in 'PartType0/ParticleIDs' for z = 14.0 using 8 thread(s) took 0.20306s
Reading in 'PartType0/GroupNumber' for z = 14.0 using 8 thread(s) took 0.224006s
Reading in 'PartType0/SubGroupNumber' for z = 14.0 using 8 thread(s) took 0.209147s
Reading in 'PartType0/GroupNumber' for z = 15.0 using 8 thread(s) took 0.205205s
Reading in 'PartType0/SubGroupNumber' for z = 15.0 using 8 thread(s) took 0.214518s
Reading in 'PartType0/ParticleIDs' for z = 15.0 using 8 thread(s) took 0.208562s
Reading in 'PartType0/GroupNumber' for z = 13.0 using 8 thread(s) took 0.224192s
Reading in 'PartType0/SubGroupNumber' for z = 13.0 using 8 thread(s) took 0.260923s
Reading in 'PartType0/ParticleIDs' for z = 13.0 using 8 thread(s) took 0.25833s
Graph progress:  0 % 561.0
Graph progress:  1 % 3263.0
Graph progress:  2 % 9418.0
Graph progress:  3 % 765.00001
Graph progress:  4 % 6182.0
Graph progress:  5 % 7158.0
Graph progress:  6 % 6661.0
Graph progress:  7 % 9551.0
Graph progress:  8 % 1099.0
Graph progress:  9 % 2415.0
Graph progress:  10 % 9054.0
Graph progress:  11 % 8303.0
Graph progress:  12 % 2403.0
Graph progress:  13 % 10671.0
Graph progress:  14 % 11233.0
Graph progress:  15 % 11227.0
Graph progress:  16 % 2638.0
Graph progress:  17 % 12254.0
Graph progress:  18 % 12237.0
Graph progress:  19 % 4143.0
Graph progress:  20 % 3107.0
Graph progress:  21 % 6266.0
Graph progress:  22 % 11780.0
Graph progress:  23 % 2875.0
Graph progress:  24 % 1298.00001
Graph progress:  25 % 7790.0
Graph progress:  26 % 10984.0
Graph progress:  27 % 712.00001
Graph progress:  28 % 1124.0
Graph progress:  29 % 1977.0
Graph progress:  30 % 7029.0
Graph progress:  31 % 3841.0
Graph progress:  32 % 4393.0
Graph progress:  33 % 10508.0
Graph progress:  34 % 11556.0
Graph progress:  35 % 4973.0
Graph progress:  36 % 8627.0
Graph progress:  37 % 12877.0
Graph progress:  38 % 3535.0
Graph progress:  39 % 3291.0
Graph progress:  40 % 6015.0
Graph progress:  41 % 1034.0
Graph progress:  42 % 4996.0
Graph progress:  43 % 1487.0
Graph progress:  44 % 11711.0
Graph progress:  45 % 5313.0
Graph progress:  46 % 372.0
Graph progress:  47 % 9226.0
Graph progress:  48 % 5191.0
Graph progress:  49 % 10647.0
Graph progress:  50 % 8855.0
Graph progress:  51 % 2469.0
Graph progress:  52 % 6179.0
Graph progress:  53 % 12394.0
Graph progress:  54 % 10378.0
Graph progress:  55 % 3106.00001
Graph progress:  56 % 3404.00001
Graph progress:  57 % 2701.0
Graph progress:  58 % 8726.0
Graph progress:  59 % 2525.0
Graph progress:  60 % 10846.0
Graph progress:  61 % 18.00008
Graph progress:  62 % 10890.0
Graph progress:  63 % 357.00001
Graph progress:  64 % 11435.0
Graph progress:  65 % 107.0
Graph progress:  66 % 7531.0
Graph progress:  67 % 4987.0
Graph progress:  68 % 7607.0
Graph progress:  69 % 1347.00001
Graph progress:  70 % 476.0
Graph progress:  71 % 6172.0
Graph progress:  72 % 977.0
Graph progress:  73 % 469.00001
Graph progress:  74 % 10725.0
Graph progress:  75 % 12303.0
Graph progress:  76 % 81.00001
Graph progress:  77 % 4090.0
Graph progress:  78 % 744.0
Graph progress:  79 % 5171.0
Graph progress:  80 % 12680.0
Graph progress:  81 % 4025.0
Graph progress:  82 % 1640.0
Graph progress:  83 % 399.00001
Graph progress:  84 % 11816.0
Graph progress:  85 % 990.0
Graph progress:  86 % 86.00001
Graph progress:  87 % 4962.0
Graph progress:  88 % 6302.0
Graph progress:  89 % 8214.0
Graph progress:  90 % 10404.0
Graph progress:  91 % 3412.0
Graph progress:  92 % 8336.0
Graph progress:  93 % 6648.0
Graph progress:  94 % 1315.0
Graph progress:  95 % 4797.00001
Graph progress:  96 % 10857.0
Graph progress:  97 % 8182.0
Graph progress:  98 % 3945.0
Graph progress:  99 % 3961.0
Processed 14499 halos in snapshot 001_z014p000 of particle type 0
Write progress:  0 % 561.0
Write progress:  1 % 10080.0
Write progress:  2 % 3506.0
Write progress:  3 % 11073.0
Write progress:  4 % 2248.0
Write progress:  5 % 4112.0
Write progress:  6 % 6502.00001
Write progress:  7 % 93.00002
Write progress:  8 % 10815.0
Write progress:  9 % 2167.0
Write progress:  10 % 413.00001
Write progress:  11 % 10823.0
Write progress:  12 % 4844.0
Write progress:  13 % 3624.0
Write progress:  14 % 12782.0
Write progress:  15 % 5018.0
Write progress:  16 % 9973.0
Write progress:  17 % 2017.0
Write progress:  18 % 8414.0
Write progress:  19 % 6077.0
Write progress:  20 % 4043.0
Write progress:  21 % 9395.0
Write progress:  22 % 5872.0
Write progress:  23 % 11809.0
Write progress:  24 % 11526.0
Write progress:  25 % 3523.0
Write progress:  26 % 7524.0
Write progress:  27 % 5656.0
Write progress:  28 % 11464.0
Write progress:  29 % 7261.0
Write progress:  30 % 5682.0
Write progress:  31 % 7436.0
Write progress:  32 % 3430.0
Write progress:  33 % 12459.0
Write progress:  34 % 10473.0
Write progress:  35 % 10745.00001
Write progress:  36 % 6676.0
Write progress:  37 % 10774.0
Write progress:  38 % 4.00001
Write progress:  39 % 10563.0
Write progress:  40 % 4433.0
Write progress:  41 % 112.00001
Write progress:  42 % 10642.0
Write progress:  43 % 1756.0
Write progress:  44 % 10174.0
Write progress:  45 % 8712.0
Write progress:  46 % 11845.0
Write progress:  47 % 2363.0
Write progress:  48 % 8924.0
Write progress:  49 % 6051.0
Write progress:  50 % 10778.0
Write progress:  51 % 11443.0
Write progress:  52 % 3621.0
Write progress:  53 % 563.00003
Write progress:  54 % 937.0
Write progress:  55 % 2495.0
Write progress:  56 % 11187.0
Write progress:  57 % 10109.0
Write progress:  58 % 12756.0
Write progress:  59 % 52.00001
Write progress:  60 % 10846.0
Write progress:  61 % 18.00007
Write progress:  62 % 5403.0
Write progress:  63 % 6331.0
Write progress:  64 % 6703.0
Write progress:  65 % 3753.0
Write progress:  66 % 5399.0
Write progress:  67 % 2260.0
Write progress:  68 % 7607.0
Write progress:  69 % 1347.0
Write progress:  70 % 44.00001
Write progress:  71 % 6595.0
Write progress:  72 % 528.0
Write progress:  73 % 944.0
Write progress:  74 % 12899.0
Write progress:  75 % 1040.0
Write progress:  76 % 171.0
Write progress:  77 % 6952.0
Write progress:  78 % 5950.0
Write progress:  79 % 8186.0
Write progress:  80 % 2687.0
Write progress:  81 % 7667.0
Write progress:  82 % 8933.0
Write progress:  83 % 399.00001
Write progress:  84 % 3549.0
Write progress:  85 % 10339.0
Write progress:  86 % 4066.0
Write progress:  87 % 2328.0
Write progress:  88 % 5560.0
Write progress:  89 % 906.0
Write progress:  90 % 11004.0
Write progress:  91 % 12340.0
Write progress:  92 % 4291.0
Write progress:  93 % 536.0
Write progress:  94 % 2823.00001
Write progress:  95 % 2208.00001
Write progress:  96 % 14.00003
Write progress:  97 % 9623.0
Write progress:  98 % 8638.0
Write progress:  99 % 942.00001
Job done, info follows...
       JobID    JobName  Partition     MaxRSS    Elapsed ExitCode 
------------ ---------- ---------- ---------- ---------- -------- 
2042958_446  MEGA-FLAR+     cosma6              00:05:58      0:0 
2042958_446+     extern                         00:05:58      0:0 
