====
Starting job 2043442 at Fri 24 Apr 01:33:27 BST 2020 for user dc-rope1.
Running on nodes: m6315
====
335
('12', '010_z005p000', '011_z004p770', None)
Reading in 'PartType1/ParticleIDs' for z = 4.77 using 8 thread(s) took 10.702614s
Reading in 'PartType1/ParticleIDs' for z = 4.77 using 8 thread(s) took 7.228586s
Reading in 'PartType1/GroupNumber' for z = 4.77 using 8 thread(s) took 4.512104s
Reading in 'PartType1/SubGroupNumber' for z = 4.77 using 8 thread(s) took 2.297522s
Reading in 'PartType1/GroupNumber' for z = 5.0 using 8 thread(s) took 3.122035s
Reading in 'PartType1/SubGroupNumber' for z = 5.0 using 8 thread(s) took 2.813367s
Reading in 'PartType1/ParticleIDs' for z = 5.0 using 8 thread(s) took 11.585303s
Graph progress:  0 % 243289.0
Graph progress:  1 % 347563.0
Graph progress:  2 % 138334.0
Graph progress:  3 % 51568.0
Graph progress:  4 % 265461.0
Graph progress:  5 % 55.00069
Graph progress:  6 % 14675.00002
Graph progress:  7 % 133701.0
Graph progress:  8 % 64708.0
Graph progress:  9 % 161332.0
Graph progress:  10 % 178283.0
Graph progress:  11 % 119902.0
Graph progress:  12 % 97976.0
Graph progress:  13 % 297689.0
Graph progress:  14 % 224450.0
Graph progress:  15 % 267231.0
Graph progress:  16 % 80950.0
Graph progress:  17 % 3905.00001
Graph progress:  18 % 6841.00002
Graph progress:  19 % 300923.0
Graph progress:  20 % 12954.00001
Graph progress:  21 % 345978.0
Graph progress:  22 % 289311.0
Graph progress:  23 % 334019.0
Graph progress:  24 % 186063.0
Graph progress:  25 % 2868.0
Graph progress:  26 % 329972.0
Graph progress:  27 % 335515.0
Graph progress:  28 % 195466.0
Graph progress:  29 % 190802.0
Graph progress:  30 % 112447.0
Graph progress:  31 % 147834.0
Graph progress:  32 % 24293.0
Graph progress:  33 % 115906.0
Graph progress:  34 % 59781.0
Graph progress:  35 % 7.00006
Graph progress:  36 % 87611.0
Graph progress:  37 % 51096.0
Graph progress:  38 % 99995.0
Graph progress:  39 % 114326.0
Graph progress:  40 % 347240.0
Graph progress:  41 % 99658.0
Graph progress:  42 % 72427.0
Graph progress:  43 % 190.00042
Graph progress:  44 % 5116.00004
Graph progress:  45 % 179488.0
Graph progress:  46 % 103117.0
Graph progress:  47 % 100914.0
Graph progress:  48 % 269573.0
Graph progress:  49 % 219.00045
Graph progress:  50 % 304746.0
Graph progress:  51 % 343299.0
Graph progress:  52 % 261703.0
Graph progress:  53 % 224741.0
Graph progress:  54 % 1181.00002
Graph progress:  55 % 304257.0
Graph progress:  56 % 216338.0
Graph progress:  57 % 3247.00003
Graph progress:  58 % 72632.0
Graph progress:  59 % 346326.0
Graph progress:  60 % 113241.0
Graph progress:  61 % 72358.0
Graph progress:  62 % 3833.00001
Graph progress:  63 % 78953.0
Graph progress:  64 % 10464.0
Graph progress:  65 % 48.00054
Graph progress:  66 % 226545.0
Graph progress:  67 % 17168.0
Graph progress:  68 % 231611.0
Graph progress:  69 % 6986.00002
Graph progress:  70 % 310528.0
Graph progress:  71 % 967.00014
Graph progress:  72 % 184482.0
Graph progress:  73 % 270275.0
Graph progress:  74 % 318880.0
Graph progress:  75 % 163107.0
Graph progress:  76 % 96739.0
Graph progress:  77 % 108852.0
Graph progress:  78 % 15237.0
Graph progress:  79 % 3222.00002
Graph progress:  80 % 326555.0
Graph progress:  81 % 95802.0
Graph progress:  82 % 67032.0
Graph progress:  83 % 322224.0
Graph progress:  84 % 67193.0
Graph progress:  85 % 7659.00002
Graph progress:  86 % 159938.0
Graph progress:  87 % 16706.00001
Graph progress:  88 % 319718.0
Graph progress:  89 % 98749.0
Graph progress:  90 % 265716.0
Graph progress:  91 % 295845.0
Graph progress:  92 % 261599.0
Graph progress:  93 % 234923.0
Graph progress:  94 % 18091.0
Graph progress:  95 % 343985.0
Graph progress:  96 % 182545.0
Graph progress:  97 % 24642.0
Graph progress:  98 % 238316.0
Graph progress:  99 % 5.00183
Processed 419163 halos in snapshot 011_z004p770 of particle type 1
Reading in 'PartType4/ParticleIDs' for z = 4.77 using 8 thread(s) took 1.973319s
Reading in 'PartType4/ParticleIDs' for z = 5.0 using 8 thread(s) took 2.841734s
Reading in 'Subhalo/SubGroupNumber' for z = 5.0 using 8 thread(s) took 4.74003s
Reading in 'Subhalo/GroupNumber' for z = 5.0 using 8 thread(s) took 0.940311s
Reading in 'Subhalo/ApertureMeasurements/Mass/030kpc' for z = 5.0 using 8 thread(s) took 0.91548s
Reading in 'PartType4/Mass' for z = 5.0 using 8 thread(s) took 1.86288s
Reading in 'PartType4/ParticleIDs' for z = 4.77 using 8 thread(s) took 3.350932s
Reading in 'PartType4/GroupNumber' for z = 4.77 using 8 thread(s) took 1.479937s
Reading in 'PartType4/SubGroupNumber' for z = 4.77 using 8 thread(s) took 1.341935s
Reading in 'PartType4/GroupNumber' for z = 5.0 using 8 thread(s) took 0.854674s
Reading in 'PartType4/SubGroupNumber' for z = 5.0 using 8 thread(s) took 1.234269s
Reading in 'PartType4/ParticleIDs' for z = 5.0 using 8 thread(s) took 1.376232s
Graph progress:  0 % 99.0
Graph progress:  1 % 2761.0
Graph progress:  2 % 96660.0
Graph progress:  3 % 6472.0
Graph progress:  4 % 37377.00002
Graph progress:  5 % 170362.0
Graph progress:  6 % 68201.0
Graph progress:  7 % 45192.0
Graph progress:  8 % 419.00013
Graph progress:  9 % 64472.0
Graph progress:  10 % 33561.0
Graph progress:  11 % 41671.0
Graph progress:  12 % 189.0003
Graph progress:  13 % 7627.00001
Graph progress:  14 % 5535.00001
Graph progress:  15 % 10348.0
Graph progress:  16 % 468.00021
Graph progress:  17 % 93357.0
Graph progress:  18 % 921.00008
Graph progress:  19 % 76775.0
Graph progress:  20 % 17414.00001
Graph progress:  21 % 17762.0
Graph progress:  22 % 3976.00004
Graph progress:  23 % 25251.00001
Graph progress:  24 % 72823.0
Graph progress:  25 % 66960.0
Graph progress:  26 % 176.00002
Graph progress:  27 % 92581.0
Graph progress:  28 % 40435.00001
Graph progress:  29 % 3919.0
Graph progress:  30 % 60784.0
Graph progress:  31 % 73184.0
Graph progress:  32 % 34024.0
Graph progress:  33 % 18274.0
Graph progress:  34 % 9952.0
Graph progress:  35 % 173154.0
Graph progress:  36 % 3085.0
Graph progress:  37 % 11267.0
Graph progress:  38 % 3106.00007
Graph progress:  39 % 51.00048
Graph progress:  40 % 8098.00002
Graph progress:  41 % 19122.0
Graph progress:  42 % 4903.00001
Graph progress:  43 % 12746.00001
Graph progress:  44 % 11640.00003
Graph progress:  45 % 7575.00002
Graph progress:  46 % 1100.00002
Graph progress:  47 % 36443.0
Graph progress:  48 % 23629.0
Graph progress:  49 % 18817.0
Graph progress:  50 % 9728.0
Graph progress:  51 % 9681.0
Graph progress:  52 % 67355.0
Graph progress:  53 % 1321.00002
Graph progress:  54 % 1000.0
Graph progress:  55 % 1895.00006
Graph progress:  56 % 606.00004
Graph progress:  57 % 25.00055
Graph progress:  58 % 2461.00005
Graph progress:  59 % 15405.0
Graph progress:  60 % 6363.00001
Graph progress:  61 % 28219.0
Graph progress:  62 % 74737.0
Graph progress:  63 % 54597.0
Graph progress:  64 % 3149.00009
Graph progress:  65 % 11841.00003
Graph progress:  66 % 6275.00001
Graph progress:  67 % 43769.0
Graph progress:  68 % 44479.0
Graph progress:  69 % 2346.00003
Graph progress:  70 % 6082.00001
Graph progress:  71 % 10585.0
Graph progress:  72 % 47422.0
Graph progress:  73 % 74929.0
Graph progress:  74 % 107406.0
Graph progress:  75 % 12.00131
Graph progress:  76 % 813.00001
Graph progress:  77 % 4.00136
Graph progress:  78 % 68855.0
Graph progress:  79 % 1020.0
Graph progress:  80 % 10719.00002
Graph progress:  81 % 66654.0
Graph progress:  82 % 11250.00001
Graph progress:  83 % 9451.00001
Graph progress:  84 % 22247.00001
Graph progress:  85 % 77125.0
Graph progress:  86 % 27161.00001
Graph progress:  87 % 15547.00002
Graph progress:  88 % 12058.0
Graph progress:  89 % 22763.0
Graph progress:  90 % 8116.00001
Graph progress:  91 % 22.00029
Graph progress:  92 % 21559.0
Graph progress:  93 % 94861.0
Graph progress:  94 % 47613.0
Graph progress:  95 % 1499.00005
Graph progress:  96 % 15371.0
Graph progress:  97 % 48976.0
Graph progress:  98 % 8618.00003
Graph progress:  99 % 9677.0
Processed 87323 halos in snapshot 011_z004p770 of particle type 4
Reading in 'PartType5/ParticleIDs' for z = 4.77 using 8 thread(s) took 1.754401s
Reading in 'PartType5/ParticleIDs' for z = 5.0 using 8 thread(s) took 2.015847s
Reading in 'Subhalo/SubGroupNumber' for z = 5.0 using 8 thread(s) took 1.067621s
Reading in 'Subhalo/GroupNumber' for z = 5.0 using 8 thread(s) took 0.995849s
Reading in 'Subhalo/ApertureMeasurements/Mass/030kpc' for z = 5.0 using 8 thread(s) took 0.975979s
Reading in 'PartType5/Mass' for z = 5.0 using 8 thread(s) took 1.334441s
Reading in 'PartType5/ParticleIDs' for z = 4.77 using 8 thread(s) took 1.229452s
Reading in 'PartType5/GroupNumber' for z = 4.77 using 8 thread(s) took 1.125149s
Reading in 'PartType5/SubGroupNumber' for z = 4.77 using 8 thread(s) took 0.895195s
Reading in 'PartType5/GroupNumber' for z = 5.0 using 8 thread(s) took 0.998664s
Reading in 'PartType5/SubGroupNumber' for z = 5.0 using 8 thread(s) took 0.84355s
Reading in 'PartType5/ParticleIDs' for z = 5.0 using 8 thread(s) took 0.907288s
Graph progress:  0 % 3669.00002
Graph progress:  1 % 3267.0
Graph progress:  2 % 14279.0
Graph progress:  3 % 2341.0
Graph progress:  4 % 4112.0
Graph progress:  5 % 6765.0
Graph progress:  6 % 3008.00001
Graph progress:  7 % 6204.0
Graph progress:  8 % 483.00016
Graph progress:  9 % 5858.0
Graph progress:  10 % 2864.0
Graph progress:  11 % 8168.00001
Graph progress:  12 % 40.00004
Graph progress:  13 % 426.00003
Graph progress:  14 % 7151.0
Graph progress:  15 % 7926.00001
Graph progress:  16 % 1714.00005
Graph progress:  17 % 5367.00001
Graph progress:  18 % 2191.0
Graph progress:  19 % 6131.0
Graph progress:  20 % 5080.0
Graph progress:  21 % 1.00098
Graph progress:  22 % 7384.00002
Graph progress:  23 % 8170.0
Graph progress:  24 % 2991.00004
Graph progress:  25 % 1612.00002
Graph progress:  26 % 879.00001
Graph progress:  27 % 6154.00001
Graph progress:  28 % 276.00011
Graph progress:  29 % 3371.00001
Graph progress:  30 % 7402.0
Graph progress:  31 % 3615.00001
Graph progress:  32 % 2362.0
Graph progress:  33 % 5252.0
Graph progress:  34 % 6733.0
Graph progress:  35 % 5621.0
Graph progress:  36 % 102.00002
Graph progress:  37 % 1145.0
Graph progress:  38 % 2824.0
Graph progress:  39 % 6962.00003
Graph progress:  40 % 51.00031
Graph progress:  41 % 926.00006
Graph progress:  42 % 4250.0
Graph progress:  43 % 423.00002
Graph progress:  44 % 9081.0
Graph progress:  45 % 6492.00001
Graph progress:  46 % 430.0
Graph progress:  47 % 11830.0
Graph progress:  48 % 8833.0
Graph progress:  49 % 5947.00002
Graph progress:  50 % 3103.0
Graph progress:  51 % 9405.00001
Graph progress:  52 % 2942.0
Graph progress:  53 % 505.0
Graph progress:  54 % 81407.0
Graph progress:  55 % 1288.0
Graph progress:  56 % 1203.0
Graph progress:  57 % 1681.00004
Graph progress:  58 % 1538.00001
Graph progress:  59 % 578.00009
Graph progress:  60 % 1461.0
Graph progress:  61 % 72.00005
Graph progress:  62 % 610.0
Graph progress:  63 % 7498.0
Graph progress:  64 % 906.00001
Graph progress:  65 % 9015.00002
Graph progress:  66 % 377.00001
Graph progress:  67 % 2299.00006
Graph progress:  68 % 2913.0
Graph progress:  69 % 5991.0
Graph progress:  70 % 44604.0
Graph progress:  71 % 8962.00002
Graph progress:  72 % 9163.0
Graph progress:  73 % 625.0
Graph progress:  74 % 502.00008
Graph progress:  75 % 12.00008
Graph progress:  76 % 714.0
Graph progress:  77 % 963.00008
Graph progress:  78 % 2523.00002
Graph progress:  79 % 5752.00002
Graph progress:  80 % 5392.0
Graph progress:  81 % 811.00001
Graph progress:  82 % 2666.00002
Graph progress:  83 % 2044.0
Graph progress:  84 % 8546.0
Graph progress:  85 % 7246.0
Graph progress:  86 % 2230.00001
Graph progress:  87 % 6734.00002
Graph progress:  88 % 1238.00001
Graph progress:  89 % 3241.0
Graph progress:  90 % 70446.0
Graph progress:  91 % 49.00003
Graph progress:  92 % 902.00013
Graph progress:  93 % 5466.00001
Graph progress:  94 % 604.00014
Graph progress:  95 % 183.00004
Graph progress:  96 % 156.00018
Graph progress:  97 % 2453.0
Graph progress:  98 % 8829.0
Graph progress:  99 % 132.00002
Processed 12679 halos in snapshot 011_z004p770 of particle type 5
Reading in 'PartType0/ParticleIDs' for z = 4.77 using 8 thread(s) took 11.881564s
Reading in 'PartType0/ParticleIDs' for z = 5.0 using 8 thread(s) took 12.845948s
Reading in 'Subhalo/SubGroupNumber' for z = 5.0 using 8 thread(s) took 1.058251s
Reading in 'Subhalo/GroupNumber' for z = 5.0 using 8 thread(s) took 1.071781s
Reading in 'Subhalo/ApertureMeasurements/Mass/030kpc' for z = 5.0 using 8 thread(s) took 1.067445s
Reading in 'PartType0/Mass' for z = 5.0 using 8 thread(s) took 3.620941s
Reading in 'PartType0/ParticleIDs' for z = 4.77 using 8 thread(s) took 6.744369s
Reading in 'PartType0/GroupNumber' for z = 4.77 using 8 thread(s) took 2.23847s
Reading in 'PartType0/SubGroupNumber' for z = 4.77 using 8 thread(s) took 2.126978s
Reading in 'PartType0/GroupNumber' for z = 5.0 using 8 thread(s) took 2.372372s
Reading in 'PartType0/SubGroupNumber' for z = 5.0 using 8 thread(s) took 2.040318s
Reading in 'PartType0/ParticleIDs' for z = 5.0 using 8 thread(s) took 5.272867s
Graph progress:  0 % 211959.0
Graph progress:  1 % 279870.0
Graph progress:  2 % 1313.00001
Graph progress:  3 % 291696.0
Graph progress:  4 % 28876.00001
Graph progress:  5 % 64941.0
Graph progress:  6 % 355689.0
Graph progress:  7 % 12974.00002
Graph progress:  8 % 101454.0
Graph progress:  9 % 171928.0
Graph progress:  10 % 269030.0
Graph progress:  11 % 12186.0
Graph progress:  12 % 64748.0
Graph progress:  13 % 577.00001
Graph progress:  14 % 250908.0
Graph progress:  15 % 170821.0
Graph progress:  16 % 286.00003
Graph progress:  17 % 24104.0
Graph progress:  18 % 44329.0
Graph progress:  19 % 241593.0
Graph progress:  20 % 19150.0
Graph progress:  21 % 338088.0
Graph progress:  22 % 122328.0
Graph progress:  23 % 37418.0
Graph progress:  24 % 55305.0
Graph progress:  25 % 2852.0
Graph progress:  26 % 100711.0
Graph progress:  27 % 188873.0
Graph progress:  28 % 256392.0
Graph progress:  29 % 143683.0
Graph progress:  30 % 32785.0
Graph progress:  31 % 8223.00002
Graph progress:  32 % 146206.0
Graph progress:  33 % 1233.00001
Graph progress:  34 % 156539.0
Graph progress:  35 % 58006.0
Graph progress:  36 % 308860.0
Graph progress:  37 % 84062.0
Graph progress:  38 % 233608.0
Graph progress:  39 % 45090.00001
Graph progress:  40 % 77.00003
Graph progress:  41 % 307553.0
Graph progress:  42 % 234838.0
Graph progress:  43 % 51574.0
Graph progress:  44 % 38761.0
Graph progress:  45 % 150845.0
Graph progress:  46 % 178485.0
Graph progress:  47 % 188647.0
Graph progress:  48 % 156194.0
Graph progress:  49 % 213644.0
Graph progress:  50 % 24306.0
Graph progress:  51 % 187076.0
Graph progress:  52 % 114907.0
Graph progress:  53 % 19559.0
Graph progress:  54 % 183440.0
Graph progress:  55 % 315953.0
Graph progress:  56 % 3792.00002
Graph progress:  57 % 91528.0
Graph progress:  58 % 43652.0
Graph progress:  59 % 171536.0
Graph progress:  60 % 123349.0
Graph progress:  61 % 143892.0
Graph progress:  62 % 9873.0
Graph progress:  63 % 19306.0
Graph progress:  64 % 4063.00003
Graph progress:  65 % 222802.0
Graph progress:  66 % 237644.0
Graph progress:  67 % 46842.0
Graph progress:  68 % 24502.00001
Graph progress:  69 % 335558.0
Graph progress:  70 % 254342.0
Graph progress:  71 % 14204.00002
Graph progress:  72 % 23147.00001
Graph progress:  73 % 138.00018
Graph progress:  74 % 1153.00003
Graph progress:  75 % 13289.00001
Graph progress:  76 % 182973.0
Graph progress:  77 % 23345.0
Graph progress:  78 % 16725.0
Graph progress:  79 % 345320.0
Graph progress:  80 % 224104.0
Graph progress:  81 % 345328.0
Graph progress:  82 % 109841.0
Graph progress:  83 % 212882.0
Graph progress:  84 % 4523.00002
Graph progress:  85 % 47551.0
Graph progress:  86 % 290439.0
Graph progress:  87 % 10.00128
Graph progress:  88 % 61296.0
Graph progress:  89 % 60259.0
Graph progress:  90 % 153751.0
Graph progress:  91 % 5381.00001
Graph progress:  92 % 204145.0
Graph progress:  93 % 120767.0
Graph progress:  94 % 287591.0
Graph progress:  95 % 8415.00003
Graph progress:  96 % 209850.0
Graph progress:  97 % 299328.0
Graph progress:  98 % 346585.0
Graph progress:  99 % 225645.0
Processed 343601 halos in snapshot 011_z004p770 of particle type 0
Write progress:  0 % 243289.0
Write progress:  1 % 347563.0
Write progress:  2 % 138334.0
Write progress:  3 % 51568.0
Write progress:  4 % 265461.0
Write progress:  5 % 55.00069
Write progress:  6 % 14675.00002
Write progress:  7 % 133701.0
Write progress:  8 % 64708.0
Write progress:  9 % 161332.0
Write progress:  10 % 178283.0
Write progress:  11 % 119902.0
Write progress:  12 % 97976.0
Write progress:  13 % 297689.0
Write progress:  14 % 224450.0
Write progress:  15 % 267231.0
Write progress:  16 % 80950.0
Write progress:  17 % 3905.00001
Write progress:  18 % 6841.00002
Write progress:  19 % 300923.0
Write progress:  20 % 12954.00001
Write progress:  21 % 345978.0
Write progress:  22 % 289311.0
Write progress:  23 % 334019.0
Write progress:  24 % 186063.0
Write progress:  25 % 2868.0
Write progress:  26 % 329972.0
Write progress:  27 % 335515.0
Write progress:  28 % 195466.0
Write progress:  29 % 190802.0
Write progress:  30 % 112447.0
Write progress:  31 % 147834.0
Write progress:  32 % 24293.0
Write progress:  33 % 115906.0
Write progress:  34 % 59781.0
Write progress:  35 % 7.00006
Write progress:  36 % 87611.0
Write progress:  37 % 51096.0
Write progress:  38 % 99995.0
Write progress:  39 % 114326.0
Write progress:  40 % 347240.0
Write progress:  41 % 99658.0
Write progress:  42 % 72427.0
Write progress:  43 % 190.00042
Write progress:  44 % 5116.00004
Write progress:  45 % 179488.0
Write progress:  46 % 103117.0
Write progress:  47 % 100914.0
Write progress:  48 % 269573.0
Write progress:  49 % 219.00045
Write progress:  50 % 304746.0
Write progress:  51 % 343299.0
Write progress:  52 % 261703.0
Write progress:  53 % 224741.0
Write progress:  54 % 1181.00002
Write progress:  55 % 304257.0
Write progress:  56 % 216338.0
Write progress:  57 % 3247.00003
Write progress:  58 % 72632.0
Write progress:  59 % 346326.0
Write progress:  60 % 113241.0
Write progress:  61 % 72358.0
Write progress:  62 % 3833.00001
Write progress:  63 % 78953.0
Write progress:  64 % 10464.0
Write progress:  65 % 48.00054
Write progress:  66 % 226545.0
Write progress:  67 % 17168.0
Write progress:  68 % 231611.0
Write progress:  69 % 6986.00002
Write progress:  70 % 310528.0
Write progress:  71 % 967.00014
Write progress:  72 % 184482.0
Write progress:  73 % 270275.0
Write progress:  74 % 318880.0
Write progress:  75 % 163107.0
Write progress:  76 % 96739.0
Write progress:  77 % 108852.0
Write progress:  78 % 15237.0
Write progress:  79 % 3222.00002
Write progress:  80 % 326555.0
Write progress:  81 % 95802.0
Write progress:  82 % 67032.0
Write progress:  83 % 322224.0
Write progress:  84 % 67193.0
Write progress:  85 % 7659.00002
Write progress:  86 % 159938.0
Write progress:  87 % 16706.00001
Write progress:  88 % 319718.0
Write progress:  89 % 98749.0
Write progress:  90 % 265716.0
Write progress:  91 % 295845.0
Write progress:  92 % 261599.0
Write progress:  93 % 234923.0
Write progress:  94 % 18091.0
Write progress:  95 % 343985.0
Write progress:  96 % 182545.0
Write progress:  97 % 24642.0
Write progress:  98 % 238316.0
Write progress:  99 % 5.00183
Job done, info follows...
       JobID    JobName  Partition     MaxRSS    Elapsed ExitCode 
------------ ---------- ---------- ---------- ---------- -------- 
2042958_336  MEGA-FLAR+     cosma6              01:18:56      0:0 
2042958_336+     extern                         01:18:56      0:0 
