====
Starting job 2043597 at Fri 24 Apr 02:54:22 BST 2020 for user dc-rope1.
Running on nodes: m6387
====
456
('01', None, '000_z015p000', '001_z014p000')
Reading in 'PartType1/ParticleIDs' for z = 15.0 using 8 thread(s) took 11.066611s
Reading in 'PartType1/ParticleIDs' for z = 15.0 using 8 thread(s) took 2.003912s
Reading in 'PartType1/GroupNumber' for z = 15.0 using 8 thread(s) took 0.103697s
Reading in 'PartType1/SubGroupNumber' for z = 15.0 using 8 thread(s) took 0.168789s
Reading in 'PartType1/GroupNumber' for z = 14.0 using 8 thread(s) took 0.214006s
Reading in 'PartType1/SubGroupNumber' for z = 14.0 using 8 thread(s) took 0.140283s
Reading in 'PartType1/ParticleIDs' for z = 14.0 using 8 thread(s) took 0.137121s
Graph progress:  0 % 2348.0
Graph progress:  1 % 3307.0
Graph progress:  2 % 4004.0
Graph progress:  3 % 1337.0
Graph progress:  4 % 1538.0
Graph progress:  5 % 6326.0
Graph progress:  6 % 1509.0
Graph progress:  7 % 4461.0
Graph progress:  8 % 4703.0
Graph progress:  9 % 3501.0
Graph progress:  10 % 62.00002
Graph progress:  11 % 5934.0
Graph progress:  12 % 6156.0
Graph progress:  13 % 5491.0
Graph progress:  14 % 3664.0
Graph progress:  15 % 1952.00001
Graph progress:  16 % 4136.0
Graph progress:  17 % 4527.0
Graph progress:  18 % 8.00003
Graph progress:  19 % 53.0
Graph progress:  20 % 3896.0
Graph progress:  21 % 229.00002
Graph progress:  22 % 1808.0
Graph progress:  23 % 6139.0
Graph progress:  24 % 745.0
Graph progress:  25 % 1506.0
Graph progress:  26 % 5085.0
Graph progress:  27 % 1107.0
Graph progress:  28 % 48.00004
Graph progress:  29 % 3785.0
Graph progress:  30 % 4305.0
Graph progress:  31 % 1368.0
Graph progress:  32 % 3486.0
Graph progress:  33 % 1023.0
Graph progress:  34 % 137.0
Graph progress:  35 % 1910.0
Graph progress:  36 % 2291.0
Graph progress:  37 % 1403.0
Graph progress:  38 % 2868.0
Graph progress:  39 % 4878.0
Graph progress:  40 % 5054.0
Graph progress:  41 % 93.00001
Graph progress:  42 % 1447.0
Graph progress:  43 % 1082.0
Graph progress:  44 % 5719.0
Graph progress:  45 % 2349.0
Graph progress:  46 % 2711.0
Graph progress:  47 % 922.0
Graph progress:  48 % 337.00001
Graph progress:  49 % 997.0
Graph progress:  50 % 4798.0
Graph progress:  51 % 2258.0
Graph progress:  52 % 930.00001
Graph progress:  53 % 2571.0
Graph progress:  54 % 6485.0
Graph progress:  55 % 1704.0
Graph progress:  56 % 1596.0
Graph progress:  57 % 6071.0
Graph progress:  58 % 6992.0
Graph progress:  59 % 1096.0
Graph progress:  60 % 955.0
Graph progress:  61 % 1937.0
Graph progress:  62 % 7241.0
Graph progress:  63 % 4364.0
Graph progress:  64 % 1429.0
Graph progress:  65 % 418.0
Graph progress:  66 % 6741.0
Graph progress:  67 % 6305.0
Graph progress:  68 % 78.00001
Graph progress:  69 % 1608.0
Graph progress:  70 % 818.00001
Graph progress:  71 % 869.0
Graph progress:  72 % 2782.0
Graph progress:  73 % 463.0
Graph progress:  74 % 132.00001
Graph progress:  75 % 3025.0
Graph progress:  76 % 539.0
Graph progress:  77 % 2197.0
Graph progress:  78 % 2644.0
Graph progress:  79 % 1575.0
Graph progress:  80 % 6573.0
Graph progress:  81 % 6709.0
Graph progress:  82 % 980.00001
Graph progress:  83 % 82.00002
Graph progress:  84 % 6824.0
Graph progress:  85 % 4029.0
Graph progress:  86 % 260.0
Graph progress:  87 % 127.0
Graph progress:  88 % 4714.0
Graph progress:  89 % 5062.0
Graph progress:  90 % 2673.0
Graph progress:  91 % 6193.0
Graph progress:  92 % 6189.0
Graph progress:  93 % 3380.0
Graph progress:  94 % 4758.0
Graph progress:  95 % 2506.0
Graph progress:  96 % 49.0
Graph progress:  97 % 3013.0
Graph progress:  98 % 899.0
Graph progress:  99 % 69.00001
Processed 7738 halos in snapshot 000_z015p000 of particle type 1
Reading in 'PartType4/ParticleIDs' for z = 15.0 using 8 thread(s) took 1.315321s
Reading in 'PartType4/ParticleIDs' for z = 14.0 using 8 thread(s) took 1.538326s
Reading in 'Subhalo/SubGroupNumber' for z = 14.0 using 8 thread(s) took 3.463974s
Reading in 'Subhalo/GroupNumber' for z = 14.0 using 8 thread(s) took 0.19076s
Reading in 'Subhalo/ApertureMeasurements/Mass/030kpc' for z = 14.0 using 8 thread(s) took 0.135307s
Reading in 'PartType4/Mass' for z = 14.0 using 8 thread(s) took 0.56297s
Reading in 'PartType4/ParticleIDs' for z = 15.0 using 8 thread(s) took 0.300307s
Reading in 'PartType4/GroupNumber' for z = 15.0 using 8 thread(s) took 0.325101s
Reading in 'PartType4/SubGroupNumber' for z = 15.0 using 8 thread(s) took 0.130095s
Reading in 'PartType4/GroupNumber' for z = 14.0 using 8 thread(s) took 0.145474s
Reading in 'PartType4/SubGroupNumber' for z = 14.0 using 8 thread(s) took 0.109009s
Reading in 'PartType4/ParticleIDs' for z = 14.0 using 8 thread(s) took 0.156245s
Graph progress:  0 % 211.0
Graph progress:  1 % 302.0
Graph progress:  2 % 15.0
Graph progress:  3 % 224.0
Graph progress:  4 % 10.0
Graph progress:  5 % 333.0
Graph progress:  6 % 445.0
Graph progress:  7 % 90.0
Graph progress:  8 % 326.0
Graph progress:  9 % 60.0
Graph progress:  10 % 61.0
Graph progress:  11 % 214.0
Graph progress:  12 % 2494.0
Graph progress:  13 % 188.0
Graph progress:  14 % 411.0
Graph progress:  15 % 133.0
Graph progress:  16 % 615.0
Graph progress:  17 % 53.00001
Graph progress:  18 % 1051.0
Graph progress:  19 % 57.00001
Graph progress:  20 % 50.0
Graph progress:  21 % 338.0
Graph progress:  22 % 582.0
Graph progress:  23 % 54.00001
Graph progress:  24 % 11.00001
Graph progress:  25 % 392.0
Graph progress:  26 % 102.0
Graph progress:  27 % 401.0
Graph progress:  28 % 174.0
Graph progress:  29 % 120.0
Graph progress:  30 % 1.0
Graph progress:  31 % 138.0
Graph progress:  32 % 231.0
Graph progress:  33 % 340.0
Graph progress:  34 % 537.0
Graph progress:  35 % 902.0
Graph progress:  36 % 904.0
Graph progress:  37 % 1266.0
Graph progress:  38 % 1351.0
Graph progress:  39 % 757.0
Graph progress:  40 % 19.0
Graph progress:  41 % 3754.0
Graph progress:  42 % 85.0
Graph progress:  43 % 263.0
Graph progress:  44 % 435.0
Graph progress:  45 % 772.0
Graph progress:  46 % 1146.0
Graph progress:  47 % 1179.0
Graph progress:  48 % 814.0
Graph progress:  49 % 205.0
Graph progress:  50 % 801.0
Graph progress:  51 % 920.0
Graph progress:  52 % 228.0
Graph progress:  53 % 5.0
Graph progress:  54 % 187.0
Graph progress:  55 % 80.0
Graph progress:  56 % 98.0
Graph progress:  57 % 167.0
Graph progress:  58 % 204.0
Graph progress:  59 % 1165.0
Graph progress:  60 % 139.0
Graph progress:  61 % 29.0
Graph progress:  62 % 79.0
Graph progress:  63 % 245.0
Graph progress:  64 % 7.0
Graph progress:  65 % 18.00002
Graph progress:  66 % 81.0
Graph progress:  67 % 679.0
Graph progress:  68 % 196.0
Graph progress:  69 % 14.0
Graph progress:  70 % 21.0
Graph progress:  71 % 607.0
Graph progress:  72 % 293.0
Graph progress:  73 % 927.0
Graph progress:  74 % 28.0
Graph progress:  75 % 13.0
Graph progress:  76 % 358.0
Graph progress:  77 % 148.0
Graph progress:  78 % 608.0
Graph progress:  79 % 1047.0
Graph progress:  80 % 52.0
Graph progress:  81 % 168.0
Graph progress:  82 % 202.0
Graph progress:  83 % 83.0
Graph progress:  84 % 44.0
Graph progress:  85 % 91.0
Graph progress:  86 % 113.0
Graph progress:  87 % 388.0
Graph progress:  88 % 471.0
Graph progress:  89 % 74.0
Graph progress:  90 % 31.0
Graph progress:  91 % 87.0
Graph progress:  92 % 35.0
Graph progress:  93 % 518.0
Graph progress:  94 % 117.0
Graph progress:  95 % 157.0
Graph progress:  96 % 728.0
Graph progress:  97 % 249.0
Graph progress:  98 % 154.0
Graph progress:  99 % 286.0
Processed 292 halos in snapshot 000_z015p000 of particle type 4
Reading in 'PartType5/ParticleIDs' for z = 15.0 using 8 thread(s) took 0.15247s
Reading in 'PartType5/ParticleIDs' for z = 14.0 using 8 thread(s) took 0.2011s
Reading in 'Subhalo/SubGroupNumber' for z = 14.0 using 8 thread(s) took 0.158518s
Reading in 'Subhalo/GroupNumber' for z = 14.0 using 8 thread(s) took 0.132397s
Reading in 'Subhalo/ApertureMeasurements/Mass/030kpc' for z = 14.0 using 8 thread(s) took 0.126731s
Reading in 'PartType5/Mass' for z = 14.0 using 8 thread(s) took 0.084087s
Reading in 'PartType5/ParticleIDs' for z = 15.0 using 8 thread(s) took 0.079782s
Reading in 'PartType5/GroupNumber' for z = 15.0 using 8 thread(s) took 0.082551s
Reading in 'PartType5/SubGroupNumber' for z = 15.0 using 8 thread(s) took 0.080915s
Reading in 'PartType5/GroupNumber' for z = 14.0 using 8 thread(s) took 0.082729s
Reading in 'PartType5/SubGroupNumber' for z = 14.0 using 8 thread(s) took 0.078752s
Reading in 'PartType5/ParticleIDs' for z = 14.0 using 8 thread(s) took 0.0829s
Graph progress:  0 % 1.0
Processed 1 halos in snapshot 000_z015p000 of particle type 5
Reading in 'PartType0/ParticleIDs' for z = 15.0 using 8 thread(s) took 10.355878s
Reading in 'PartType0/ParticleIDs' for z = 14.0 using 8 thread(s) took 10.680301s
Reading in 'Subhalo/SubGroupNumber' for z = 14.0 using 8 thread(s) took 0.210501s
Reading in 'Subhalo/GroupNumber' for z = 14.0 using 8 thread(s) took 0.193919s
Reading in 'Subhalo/ApertureMeasurements/Mass/030kpc' for z = 14.0 using 8 thread(s) took 0.190254s
Reading in 'PartType0/Mass' for z = 14.0 using 8 thread(s) took 0.176414s
Reading in 'PartType0/ParticleIDs' for z = 15.0 using 8 thread(s) took 0.178382s
Reading in 'PartType0/GroupNumber' for z = 15.0 using 8 thread(s) took 0.193916s
Reading in 'PartType0/SubGroupNumber' for z = 15.0 using 8 thread(s) took 0.229841s
Reading in 'PartType0/GroupNumber' for z = 14.0 using 8 thread(s) took 0.227586s
Reading in 'PartType0/SubGroupNumber' for z = 14.0 using 8 thread(s) took 0.236622s
Reading in 'PartType0/ParticleIDs' for z = 14.0 using 8 thread(s) took 0.241883s
Graph progress:  0 % 2348.0
Graph progress:  1 % 6370.0
Graph progress:  2 % 4004.0
Graph progress:  3 % 2685.0
Graph progress:  4 % 1538.0
Graph progress:  5 % 1572.0
Graph progress:  6 % 1657.0
Graph progress:  7 % 843.0
Graph progress:  8 % 1477.0
Graph progress:  9 % 42.0
Graph progress:  10 % 5801.0
Graph progress:  11 % 62.00002
Graph progress:  12 % 3997.0
Graph progress:  13 % 283.0
Graph progress:  14 % 5501.0
Graph progress:  15 % 3119.0
Graph progress:  16 % 2558.0
Graph progress:  17 % 2412.0
Graph progress:  18 % 6692.0
Graph progress:  19 % 1551.0
Graph progress:  20 % 876.0
Graph progress:  21 % 7206.0
Graph progress:  22 % 57.00003
Graph progress:  23 % 6316.0
Graph progress:  24 % 4129.0
Graph progress:  25 % 1749.0
Graph progress:  26 % 5412.0
Graph progress:  27 % 6760.0
Graph progress:  28 % 73.0
Graph progress:  29 % 5983.0
Graph progress:  30 % 2804.0
Graph progress:  31 % 3568.0
Graph progress:  32 % 5634.0
Graph progress:  33 % 5129.0
Graph progress:  34 % 4509.0
Graph progress:  35 % 1236.0
Graph progress:  36 % 7131.0
Graph progress:  37 % 505.00001
Graph progress:  38 % 5441.0
Graph progress:  39 % 2606.0
Graph progress:  40 % 1141.0
Graph progress:  41 % 5286.0
Graph progress:  42 % 2764.0
Graph progress:  43 % 3431.0
Graph progress:  44 % 521.0
Graph progress:  45 % 2067.0
Graph progress:  46 % 841.0
Graph progress:  47 % 4655.0
Graph progress:  48 % 5863.0
Graph progress:  49 % 4267.0
Graph progress:  50 % 2598.0
Graph progress:  51 % 2036.0
Graph progress:  52 % 5722.0
Graph progress:  53 % 2954.0
Graph progress:  54 % 4397.0
Graph progress:  55 % 2094.0
Graph progress:  56 % 300.0
Graph progress:  57 % 1792.0
Graph progress:  58 % 2482.0
Graph progress:  59 % 1158.0
Graph progress:  60 % 5.0
Graph progress:  61 % 3646.0
Graph progress:  62 % 1491.0
Graph progress:  63 % 2396.00001
Graph progress:  64 % 2480.0
Graph progress:  65 % 2508.0
Graph progress:  66 % 1134.0
Graph progress:  67 % 7237.0
Graph progress:  68 % 1057.0
Graph progress:  69 % 5830.0
Graph progress:  70 % 6747.0
Graph progress:  71 % 4769.0
Graph progress:  72 % 2134.0
Graph progress:  73 % 5757.0
Graph progress:  74 % 3813.0
Graph progress:  75 % 2771.0
Graph progress:  76 % 835.00001
Graph progress:  77 % 3702.0
Graph progress:  78 % 6060.0
Graph progress:  79 % 3035.0
Graph progress:  80 % 4235.0
Graph progress:  81 % 2419.0
Graph progress:  82 % 6215.0
Graph progress:  83 % 3032.0
Graph progress:  84 % 3693.0
Graph progress:  85 % 6986.0
Graph progress:  86 % 6942.0
Graph progress:  87 % 1285.0
Graph progress:  88 % 1271.0
Graph progress:  89 % 1516.0
Graph progress:  90 % 1358.0
Graph progress:  91 % 6500.0
Graph progress:  92 % 6653.0
Graph progress:  93 % 1599.0
Graph progress:  94 % 5394.0
Graph progress:  95 % 4118.0
Graph progress:  96 % 3335.0
Graph progress:  97 % 4918.0
Graph progress:  98 % 249.00001
Graph progress:  99 % 3185.0
Processed 7743 halos in snapshot 000_z015p000 of particle type 0
Write progress:  0 % 2348.0
Write progress:  1 % 3307.0
Write progress:  2 % 4004.0
Write progress:  3 % 1337.0
Write progress:  4 % 1538.0
Write progress:  5 % 6326.0
Write progress:  6 % 1509.0
Write progress:  7 % 4461.0
Write progress:  8 % 4703.0
Write progress:  9 % 3501.0
Write progress:  10 % 62.00002
Write progress:  11 % 5934.0
Write progress:  12 % 6156.0
Write progress:  13 % 5491.0
Write progress:  14 % 3664.0
Write progress:  15 % 1952.00001
Write progress:  16 % 4136.0
Write progress:  17 % 4527.0
Write progress:  18 % 8.00003
Write progress:  19 % 53.0
Write progress:  20 % 3896.0
Write progress:  21 % 229.00002
Write progress:  22 % 1808.0
Write progress:  23 % 6139.0
Write progress:  24 % 745.0
Write progress:  25 % 1506.0
Write progress:  26 % 5085.0
Write progress:  27 % 1107.0
Write progress:  28 % 48.00004
Write progress:  29 % 3785.0
Write progress:  30 % 4305.0
Write progress:  31 % 1368.0
Write progress:  32 % 3486.0
Write progress:  33 % 1023.0
Write progress:  34 % 137.0
Write progress:  35 % 1910.0
Write progress:  36 % 2291.0
Write progress:  37 % 1403.0
Write progress:  38 % 2868.0
Write progress:  39 % 4878.0
Write progress:  40 % 5054.0
Write progress:  41 % 93.00001
Write progress:  42 % 1447.0
Write progress:  43 % 1082.0
Write progress:  44 % 5719.0
Write progress:  45 % 2349.0
Write progress:  46 % 2711.0
Write progress:  47 % 922.0
Write progress:  48 % 337.00001
Write progress:  49 % 997.0
Write progress:  50 % 4798.0
Write progress:  51 % 2258.0
Write progress:  52 % 930.00001
Write progress:  53 % 2571.0
Write progress:  54 % 6485.0
Write progress:  55 % 1704.0
Write progress:  56 % 1596.0
Write progress:  57 % 6071.0
Write progress:  58 % 6992.0
Write progress:  59 % 1096.0
Write progress:  60 % 955.0
Write progress:  61 % 1937.0
Write progress:  62 % 7241.0
Write progress:  63 % 4364.0
Write progress:  64 % 1429.0
Write progress:  65 % 418.0
Write progress:  66 % 6741.0
Write progress:  67 % 6305.0
Write progress:  68 % 78.00001
Write progress:  69 % 1608.0
Write progress:  70 % 818.00001
Write progress:  71 % 869.0
Write progress:  72 % 2782.0
Write progress:  73 % 463.0
Write progress:  74 % 132.00001
Write progress:  75 % 3025.0
Write progress:  76 % 539.0
Write progress:  77 % 2197.0
Write progress:  78 % 2644.0
Write progress:  79 % 1575.0
Write progress:  80 % 6573.0
Write progress:  81 % 6709.0
Write progress:  82 % 980.00001
Write progress:  83 % 82.00002
Write progress:  84 % 6824.0
Write progress:  85 % 4029.0
Write progress:  86 % 260.0
Write progress:  87 % 127.0
Write progress:  88 % 4714.0
Write progress:  89 % 5062.0
Write progress:  90 % 2673.0
Write progress:  91 % 6193.0
Write progress:  92 % 6189.0
Write progress:  93 % 3380.0
Write progress:  94 % 4758.0
Write progress:  95 % 2506.0
Write progress:  96 % 49.0
Write progress:  97 % 3013.0
Write progress:  98 % 899.0
Write progress:  99 % 69.00001
Job done, info follows...
       JobID    JobName  Partition     MaxRSS    Elapsed ExitCode 
------------ ---------- ---------- ---------- ---------- -------- 
2042958_457  MEGA-FLAR+     cosma6              00:04:26      0:0 
2042958_457+     extern                         00:04:26      0:0 
