====
Starting job 2043282 at Fri 24 Apr 00:09:00 BST 2020 for user dc-rope1.
Running on nodes: m6171
====
181
('24', '000_z015p000', '001_z014p000', '002_z013p000')
Reading in 'PartType1/ParticleIDs' for z = 14.0 using 8 thread(s) took 8.774617s
Reading in 'PartType1/ParticleIDs' for z = 14.0 using 8 thread(s) took 2.538936s
Reading in 'PartType1/GroupNumber' for z = 14.0 using 8 thread(s) took 0.086862s
Reading in 'PartType1/SubGroupNumber' for z = 14.0 using 8 thread(s) took 0.075318s
Reading in 'PartType1/GroupNumber' for z = 15.0 using 8 thread(s) took 0.65352s
Reading in 'PartType1/SubGroupNumber' for z = 15.0 using 8 thread(s) took 0.122675s
Reading in 'PartType1/ParticleIDs' for z = 15.0 using 8 thread(s) took 0.103321s
Reading in 'PartType1/GroupNumber' for z = 13.0 using 8 thread(s) took 0.181811s
Reading in 'PartType1/SubGroupNumber' for z = 13.0 using 8 thread(s) took 0.112279s
Reading in 'PartType1/ParticleIDs' for z = 13.0 using 8 thread(s) took 0.109025s
Graph progress:  0 % 2230.0
Graph progress:  1 % 2501.0
Graph progress:  2 % 1285.0
Graph progress:  3 % 1359.0
Graph progress:  4 % 463.0
Graph progress:  5 % 1224.0
Graph progress:  6 % 36.00001
Graph progress:  7 % 2623.0
Graph progress:  8 % 1155.0
Graph progress:  9 % 767.0
Graph progress:  10 % 1696.0
Graph progress:  11 % 350.0
Graph progress:  12 % 1347.0
Graph progress:  13 % 1414.0
Graph progress:  14 % 1760.0
Graph progress:  15 % 2241.0
Graph progress:  16 % 1973.0
Graph progress:  17 % 633.0
Graph progress:  18 % 452.0
Graph progress:  19 % 1132.0
Graph progress:  20 % 118.0
Graph progress:  21 % 168.0
Graph progress:  22 % 2073.0
Graph progress:  23 % 660.00001
Graph progress:  24 % 2244.0
Graph progress:  25 % 1377.0
Graph progress:  26 % 1999.0
Graph progress:  27 % 2451.0
Graph progress:  28 % 1153.0
Graph progress:  29 % 1895.0
Graph progress:  30 % 1932.0
Graph progress:  31 % 1823.0
Graph progress:  32 % 2518.0
Graph progress:  33 % 1271.0
Graph progress:  34 % 441.0
Graph progress:  35 % 332.0
Graph progress:  36 % 2745.0
Graph progress:  37 % 586.0
Graph progress:  38 % 860.0
Graph progress:  39 % 1751.0
Graph progress:  40 % 137.0
Graph progress:  41 % 2173.0
Graph progress:  42 % 73.00001
Graph progress:  43 % 30.0
Graph progress:  44 % 1323.0
Graph progress:  45 % 1868.0
Graph progress:  46 % 2622.0
Graph progress:  47 % 2408.0
Graph progress:  48 % 2169.0
Graph progress:  49 % 135.0
Graph progress:  50 % 930.0
Graph progress:  51 % 1409.0
Graph progress:  52 % 1059.0
Graph progress:  53 % 241.00001
Graph progress:  54 % 315.0
Graph progress:  55 % 1027.0
Graph progress:  56 % 2512.0
Graph progress:  57 % 1580.0
Graph progress:  58 % 996.0
Graph progress:  59 % 1667.0
Graph progress:  60 % 2085.00001
Graph progress:  61 % 1624.0
Graph progress:  62 % 197.0
Graph progress:  63 % 2586.0
Graph progress:  64 % 387.0
Graph progress:  65 % 1313.0
Graph progress:  66 % 682.0
Graph progress:  67 % 445.00001
Graph progress:  68 % 1796.0
Graph progress:  69 % 516.0
Graph progress:  70 % 190.0
Graph progress:  71 % 202.0
Graph progress:  72 % 1324.0
Graph progress:  73 % 547.0
Graph progress:  74 % 2423.0
Graph progress:  75 % 2066.0
Graph progress:  76 % 96.00001
Graph progress:  77 % 374.0
Graph progress:  78 % 2127.0
Graph progress:  79 % 66.00001
Graph progress:  80 % 1065.0
Graph progress:  81 % 81.0
Graph progress:  82 % 1395.0
Graph progress:  83 % 2072.0
Graph progress:  84 % 2337.0
Graph progress:  85 % 1797.0
Graph progress:  86 % 2594.0
Graph progress:  87 % 2433.0
Graph progress:  88 % 2421.0
Graph progress:  89 % 2598.0
Graph progress:  90 % 43.00001
Graph progress:  91 % 1388.0
Graph progress:  92 % 1638.0
Graph progress:  93 % 776.0
Graph progress:  94 % 1279.0
Graph progress:  95 % 2698.0
Graph progress:  96 % 264.0
Graph progress:  97 % 1645.0
Graph progress:  98 % 1402.0
Graph progress:  99 % 1492.0
Processed 2941 halos in snapshot 001_z014p000 of particle type 1
Reading in 'PartType4/ParticleIDs' for z = 14.0 using 8 thread(s) took 0.098748s
Reading in 'PartType4/ParticleIDs' for z = 15.0 using 8 thread(s) took 0.485541s
Reading in 'Subhalo/SubGroupNumber' for z = 15.0 using 8 thread(s) took 2.914595s
Reading in 'Subhalo/GroupNumber' for z = 15.0 using 8 thread(s) took 0.229529s
Reading in 'Subhalo/ApertureMeasurements/Mass/030kpc' for z = 15.0 using 8 thread(s) took 0.124862s
Reading in 'PartType4/Mass' for z = 15.0 using 8 thread(s) took 0.092889s
Reading in 'PartType4/ParticleIDs' for z = 13.0 using 8 thread(s) took 0.218062s
Reading in 'Subhalo/SubGroupNumber' for z = 13.0 using 8 thread(s) took 3.966281s
Reading in 'Subhalo/GroupNumber' for z = 13.0 using 8 thread(s) took 0.247389s
Reading in 'Subhalo/ApertureMeasurements/Mass/030kpc' for z = 13.0 using 8 thread(s) took 0.136724s
Reading in 'PartType4/Mass' for z = 13.0 using 8 thread(s) took 0.65667s
Reading in 'PartType4/ParticleIDs' for z = 14.0 using 8 thread(s) took 0.283319s
Reading in 'PartType4/GroupNumber' for z = 14.0 using 8 thread(s) took 0.106586s
Reading in 'PartType4/SubGroupNumber' for z = 14.0 using 8 thread(s) took 0.075972s
Reading in 'PartType4/GroupNumber' for z = 15.0 using 8 thread(s) took 0.097892s
Reading in 'PartType4/SubGroupNumber' for z = 15.0 using 8 thread(s) took 0.073165s
Reading in 'PartType4/ParticleIDs' for z = 15.0 using 8 thread(s) took 0.069285s
Reading in 'PartType4/GroupNumber' for z = 13.0 using 8 thread(s) took 0.123266s
Reading in 'PartType4/SubGroupNumber' for z = 13.0 using 8 thread(s) took 0.322735s
Reading in 'PartType4/ParticleIDs' for z = 13.0 using 8 thread(s) took 0.175171s
Graph progress:  0 % 786.0
Graph progress:  1 % 33.0
Graph progress:  2 % 37.0
Graph progress:  3 % 57.0
Graph progress:  4 % 140.0
Graph progress:  5 % 128.0
Graph progress:  6 % 119.0
Graph progress:  7 % 27.0
Graph progress:  8 % 145.0
Graph progress:  9 % 48.0
Graph progress:  10 % 10.00001
Graph progress:  11 % 10.0
Graph progress:  12 % 84.0
Graph progress:  13 % 185.0
Graph progress:  14 % 60.0
Graph progress:  15 % 87.0
Graph progress:  16 % 19.0
Graph progress:  17 % 46.0
Graph progress:  18 % 134.0
Graph progress:  19 % 347.0
Graph progress:  20 % 542.0
Graph progress:  21 % 188.0
Graph progress:  22 % 324.0
Graph progress:  23 % 41.0
Graph progress:  24 % 5.0
Graph progress:  25 % 47.0
Graph progress:  26 % 493.0
Graph progress:  27 % 822.0
Graph progress:  28 % 9.0
Graph progress:  29 % 247.0
Graph progress:  30 % 59.0
Graph progress:  31 % 199.0
Graph progress:  32 % 441.0
Graph progress:  33 % 42.0
Graph progress:  34 % 159.0
Graph progress:  35 % 39.0
Graph progress:  36 % 95.0
Graph progress:  37 % 771.0
Graph progress:  38 % 176.0
Graph progress:  39 % 426.0
Graph progress:  40 % 18.0
Graph progress:  41 % 102.0
Graph progress:  42 % 32.0
Graph progress:  43 % 175.0
Graph progress:  44 % 22.0
Graph progress:  45 % 40.0
Graph progress:  46 % 244.0
Graph progress:  47 % 284.0
Graph progress:  48 % 138.0
Graph progress:  49 % 38.0
Graph progress:  50 % 45.0
Graph progress:  51 % 122.0
Graph progress:  52 % 6.0
Graph progress:  53 % 484.0
Graph progress:  54 % 323.0
Graph progress:  55 % 203.0
Graph progress:  56 % 212.0
Graph progress:  57 % 311.0
Graph progress:  58 % 151.0
Graph progress:  59 % 163.0
Graph progress:  60 % 112.0
Graph progress:  61 % 12.0
Graph progress:  62 % 92.0
Graph progress:  63 % 2.00003
Graph progress:  64 % 2.0
Graph progress:  65 % 68.0
Graph progress:  66 % 1.0
Graph progress:  67 % 1.00001
Graph progress:  68 % 31.0
Graph progress:  69 % 15.0
Graph progress:  70 % 13.0
Graph progress:  71 % 16.0
Graph progress:  72 % 4.0
Graph progress:  73 % 4.00001
Graph progress:  74 % 211.0
Graph progress:  75 % 162.0
Graph progress:  76 % 221.0
Graph progress:  77 % 14.0
Graph progress:  78 % 395.0
Graph progress:  79 % 149.0
Graph progress:  80 % 11.0
Graph progress:  81 % 111.0
Graph progress:  82 % 80.0
Graph progress:  83 % 81.0
Graph progress:  84 % 545.0
Graph progress:  85 % 183.0
Graph progress:  86 % 99.0
Graph progress:  87 % 343.0
Graph progress:  88 % 142.0
Graph progress:  89 % 77.0
Graph progress:  90 % 62.0
Graph progress:  91 % 303.0
Graph progress:  92 % 43.0
Graph progress:  93 % 7.0
Graph progress:  94 % 186.0
Graph progress:  95 % 524.0
Graph progress:  96 % 125.0
Graph progress:  97 % 88.0
Graph progress:  98 % 94.0
Graph progress:  99 % 674.0
Processed 126 halos in snapshot 001_z014p000 of particle type 4
Reading in 'PartType5/ParticleIDs' for z = 14.0 using 8 thread(s) took 0.086408s
Reading in 'PartType5/ParticleIDs' for z = 15.0 using 8 thread(s) took 0.066834s
Reading in 'Subhalo/SubGroupNumber' for z = 15.0 using 8 thread(s) took 0.113928s
Reading in 'Subhalo/GroupNumber' for z = 15.0 using 8 thread(s) took 0.106846s
Reading in 'Subhalo/ApertureMeasurements/Mass/030kpc' for z = 15.0 using 8 thread(s) took 0.104683s
Reading in 'PartType5/Mass' for z = 15.0 using 8 thread(s) took 0.065s
Reading in 'PartType5/ParticleIDs' for z = 13.0 using 8 thread(s) took 0.085119s
Reading in 'Subhalo/SubGroupNumber' for z = 13.0 using 8 thread(s) took 0.107469s
Reading in 'Subhalo/GroupNumber' for z = 13.0 using 8 thread(s) took 0.107502s
Reading in 'Subhalo/ApertureMeasurements/Mass/030kpc' for z = 13.0 using 8 thread(s) took 0.116644s
Reading in 'PartType5/Mass' for z = 13.0 using 8 thread(s) took 0.070009s
Reading in 'PartType5/ParticleIDs' for z = 14.0 using 8 thread(s) took 0.064675s
Reading in 'PartType5/GroupNumber' for z = 14.0 using 8 thread(s) took 0.059684s
Reading in 'PartType5/SubGroupNumber' for z = 14.0 using 8 thread(s) took 0.065862s
Reading in 'PartType5/GroupNumber' for z = 15.0 using 8 thread(s) took 0.068451s
Reading in 'PartType5/SubGroupNumber' for z = 15.0 using 8 thread(s) took 0.060826s
Reading in 'PartType5/ParticleIDs' for z = 15.0 using 8 thread(s) took 0.067111s
Reading in 'PartType5/GroupNumber' for z = 13.0 using 8 thread(s) took 0.065404s
Reading in 'PartType5/SubGroupNumber' for z = 13.0 using 8 thread(s) took 0.066624s
Reading in 'PartType5/ParticleIDs' for z = 13.0 using 8 thread(s) took 0.06597s
Processed 0 halos in snapshot 001_z014p000 of particle type 5
Reading in 'PartType0/ParticleIDs' for z = 14.0 using 8 thread(s) took 7.227509s
Reading in 'PartType0/ParticleIDs' for z = 15.0 using 8 thread(s) took 7.030418s
Reading in 'Subhalo/SubGroupNumber' for z = 15.0 using 8 thread(s) took 0.181168s
Reading in 'Subhalo/GroupNumber' for z = 15.0 using 8 thread(s) took 0.152536s
Reading in 'Subhalo/ApertureMeasurements/Mass/030kpc' for z = 15.0 using 8 thread(s) took 0.159162s
Reading in 'PartType0/Mass' for z = 15.0 using 8 thread(s) took 0.427355s
Reading in 'PartType0/ParticleIDs' for z = 13.0 using 8 thread(s) took 6.932664s
Reading in 'Subhalo/SubGroupNumber' for z = 13.0 using 8 thread(s) took 0.203354s
Reading in 'Subhalo/GroupNumber' for z = 13.0 using 8 thread(s) took 0.157518s
Reading in 'Subhalo/ApertureMeasurements/Mass/030kpc' for z = 13.0 using 8 thread(s) took 0.172846s
Reading in 'PartType0/Mass' for z = 13.0 using 8 thread(s) took 0.226241s
Reading in 'PartType0/ParticleIDs' for z = 14.0 using 8 thread(s) took 0.172786s
Reading in 'PartType0/GroupNumber' for z = 14.0 using 8 thread(s) took 0.496299s
Reading in 'PartType0/SubGroupNumber' for z = 14.0 using 8 thread(s) took 0.209059s
Reading in 'PartType0/GroupNumber' for z = 15.0 using 8 thread(s) took 0.18694s
Reading in 'PartType0/SubGroupNumber' for z = 15.0 using 8 thread(s) took 0.181872s
Reading in 'PartType0/ParticleIDs' for z = 15.0 using 8 thread(s) took 0.212677s
Reading in 'PartType0/GroupNumber' for z = 13.0 using 8 thread(s) took 0.245228s
Reading in 'PartType0/SubGroupNumber' for z = 13.0 using 8 thread(s) took 0.208312s
Reading in 'PartType0/ParticleIDs' for z = 13.0 using 8 thread(s) took 0.201459s
Graph progress:  0 % 2230.0
Graph progress:  1 % 245.00001
Graph progress:  2 % 1285.00001
Graph progress:  3 % 399.0
Graph progress:  4 % 597.0
Graph progress:  5 % 123.00001
Graph progress:  6 % 2047.0
Graph progress:  7 % 169.0
Graph progress:  8 % 189.0
Graph progress:  9 % 2234.0
Graph progress:  10 % 2561.0
Graph progress:  11 % 1016.0
Graph progress:  12 % 1567.0
Graph progress:  13 % 809.0
Graph progress:  14 % 1428.0
Graph progress:  15 % 1942.0
Graph progress:  16 % 738.00001
Graph progress:  17 % 1316.0
Graph progress:  18 % 2565.0
Graph progress:  19 % 452.0
Graph progress:  20 % 1793.0
Graph progress:  21 % 296.0
Graph progress:  22 % 1777.0
Graph progress:  23 % 1412.0
Graph progress:  24 % 289.0
Graph progress:  25 % 2750.0
Graph progress:  26 % 716.0
Graph progress:  27 % 1475.0
Graph progress:  28 % 2706.0
Graph progress:  29 % 25.00001
Graph progress:  30 % 440.0
Graph progress:  31 % 1622.0
Graph progress:  32 % 17.00001
Graph progress:  33 % 2229.0
Graph progress:  34 % 2617.0
Graph progress:  35 % 2240.0
Graph progress:  36 % 1587.0
Graph progress:  37 % 2194.0
Graph progress:  38 % 1671.0
Graph progress:  39 % 1137.0
Graph progress:  40 % 1029.0
Graph progress:  41 % 357.0
Graph progress:  42 % 207.0
Graph progress:  43 % 1910.0
Graph progress:  44 % 53.0
Graph progress:  45 % 2057.0
Graph progress:  46 % 2519.0
Graph progress:  47 % 468.0
Graph progress:  48 % 1169.0
Graph progress:  49 % 1229.0
Graph progress:  50 % 1351.0
Graph progress:  51 % 887.0
Graph progress:  52 % 1059.0
Graph progress:  53 % 358.0
Graph progress:  54 % 2707.0
Graph progress:  55 % 2437.0
Graph progress:  56 % 1843.0
Graph progress:  57 % 2367.0
Graph progress:  58 % 733.0
Graph progress:  59 % 1174.0
Graph progress:  60 % 508.0
Graph progress:  61 % 311.0
Graph progress:  62 % 363.0
Graph progress:  63 % 1015.0
Graph progress:  64 % 2657.0
Graph progress:  65 % 411.0
Graph progress:  66 % 608.0
Graph progress:  67 % 875.0
Graph progress:  68 % 613.00001
Graph progress:  69 % 516.0
Graph progress:  70 % 1903.0
Graph progress:  71 % 202.0
Graph progress:  72 % 2147.0
Graph progress:  73 % 2544.0
Graph progress:  74 % 2423.0
Graph progress:  75 % 353.0
Graph progress:  76 % 640.0
Graph progress:  77 % 829.0
Graph progress:  78 % 2632.0
Graph progress:  79 % 1721.0
Graph progress:  80 % 201.0
Graph progress:  81 % 240.0
Graph progress:  82 % 405.0
Graph progress:  83 % 1513.0
Graph progress:  84 % 653.0
Graph progress:  85 % 458.0
Graph progress:  86 % 273.0
Graph progress:  87 % 1192.0
Graph progress:  88 % 78.00001
Graph progress:  89 % 2532.0
Graph progress:  90 % 2320.0
Graph progress:  91 % 3.00003
Graph progress:  92 % 1842.0
Graph progress:  93 % 108.0
Graph progress:  94 % 1661.0
Graph progress:  95 % 605.0
Graph progress:  96 % 2329.0
Graph progress:  97 % 1765.0
Graph progress:  98 % 876.0
Graph progress:  99 % 1699.0
Processed 2952 halos in snapshot 001_z014p000 of particle type 0
Write progress:  0 % 2230.0
Write progress:  1 % 2501.0
Write progress:  2 % 1285.0
Write progress:  3 % 1359.0
Write progress:  4 % 463.0
Write progress:  5 % 1224.0
Write progress:  6 % 36.00001
Write progress:  7 % 2623.0
Write progress:  8 % 1155.0
Write progress:  9 % 767.0
Write progress:  10 % 1696.0
Write progress:  11 % 350.0
Write progress:  12 % 1347.0
Write progress:  13 % 1414.0
Write progress:  14 % 1760.0
Write progress:  15 % 2241.0
Write progress:  16 % 1973.0
Write progress:  17 % 633.0
Write progress:  18 % 452.0
Write progress:  19 % 1132.0
Write progress:  20 % 118.0
Write progress:  21 % 168.0
Write progress:  22 % 2073.0
Write progress:  23 % 660.00001
Write progress:  24 % 2244.0
Write progress:  25 % 1377.0
Write progress:  26 % 1999.0
Write progress:  27 % 2451.0
Write progress:  28 % 1153.0
Write progress:  29 % 1895.0
Write progress:  30 % 1932.0
Write progress:  31 % 1823.0
Write progress:  32 % 2518.0
Write progress:  33 % 1271.0
Write progress:  34 % 441.0
Write progress:  35 % 332.0
Write progress:  36 % 2745.0
Write progress:  37 % 586.0
Write progress:  38 % 860.0
Write progress:  39 % 1751.0
Write progress:  40 % 137.0
Write progress:  41 % 2173.0
Write progress:  42 % 73.00001
Write progress:  43 % 30.0
Write progress:  44 % 1323.0
Write progress:  45 % 1868.0
Write progress:  46 % 2622.0
Write progress:  47 % 2408.0
Write progress:  48 % 2169.0
Write progress:  49 % 135.0
Write progress:  50 % 930.0
Write progress:  51 % 1409.0
Write progress:  52 % 1059.0
Write progress:  53 % 241.00001
Write progress:  54 % 315.0
Write progress:  55 % 1027.0
Write progress:  56 % 2512.0
Write progress:  57 % 1580.0
Write progress:  58 % 996.0
Write progress:  59 % 1667.0
Write progress:  60 % 2085.00001
Write progress:  61 % 1624.0
Write progress:  62 % 197.0
Write progress:  63 % 2586.0
Write progress:  64 % 387.0
Write progress:  65 % 1313.0
Write progress:  66 % 682.0
Write progress:  67 % 445.00001
Write progress:  68 % 1796.0
Write progress:  69 % 516.0
Write progress:  70 % 190.0
Write progress:  71 % 202.0
Write progress:  72 % 1324.0
Write progress:  73 % 547.0
Write progress:  74 % 2423.0
Write progress:  75 % 2066.0
Write progress:  76 % 96.00001
Write progress:  77 % 374.0
Write progress:  78 % 2127.0
Write progress:  79 % 66.00001
Write progress:  80 % 1065.0
Write progress:  81 % 81.0
Write progress:  82 % 1395.0
Write progress:  83 % 2072.0
Write progress:  84 % 2337.0
Write progress:  85 % 1797.0
Write progress:  86 % 2594.0
Write progress:  87 % 2433.0
Write progress:  88 % 2421.0
Write progress:  89 % 2598.0
Write progress:  90 % 43.00001
Write progress:  91 % 1388.0
Write progress:  92 % 1638.0
Write progress:  93 % 776.0
Write progress:  94 % 1279.0
Write progress:  95 % 2698.0
Write progress:  96 % 264.0
Write progress:  97 % 1645.0
Write progress:  98 % 1402.0
Write progress:  99 % 1492.0
Job done, info follows...
       JobID    JobName  Partition     MaxRSS    Elapsed ExitCode 
------------ ---------- ---------- ---------- ---------- -------- 
2042958_182  MEGA-FLAR+     cosma6              00:03:00      0:0 
2042958_182+     extern                         00:03:00      0:0 
