====
Starting job 2043229 at Thu 23 Apr 23:37:43 BST 2020 for user dc-rope1.
Running on nodes: m6517
====
134
('28', '001_z014p000', '002_z013p000', '003_z012p000')
Reading in 'PartType1/ParticleIDs' for z = 13.0 using 8 thread(s) took 10.300227s
Reading in 'PartType1/ParticleIDs' for z = 13.0 using 8 thread(s) took 4.727715s
Reading in 'PartType1/GroupNumber' for z = 13.0 using 8 thread(s) took 0.09748s
Reading in 'PartType1/SubGroupNumber' for z = 13.0 using 8 thread(s) took 0.067902s
Reading in 'PartType1/GroupNumber' for z = 14.0 using 8 thread(s) took 1.663166s
Reading in 'PartType1/SubGroupNumber' for z = 14.0 using 8 thread(s) took 0.298057s
Reading in 'PartType1/ParticleIDs' for z = 14.0 using 8 thread(s) took 0.107522s
Reading in 'PartType1/GroupNumber' for z = 12.0 using 8 thread(s) took 3.961128s
Reading in 'PartType1/SubGroupNumber' for z = 12.0 using 8 thread(s) took 0.162191s
Reading in 'PartType1/ParticleIDs' for z = 12.0 using 8 thread(s) took 0.128436s
Graph progress:  0 % 1347.0
Graph progress:  1 % 2551.0
Graph progress:  2 % 528.0
Graph progress:  3 % 236.00001
Graph progress:  4 % 1638.0
Graph progress:  5 % 16.00001
Graph progress:  6 % 1034.0
Graph progress:  7 % 89.0
Graph progress:  8 % 69.00001
Graph progress:  9 % 1364.0
Graph progress:  10 % 1458.0
Graph progress:  11 % 652.0
Graph progress:  12 % 2655.0
Graph progress:  13 % 1280.0
Graph progress:  14 % 369.00001
Graph progress:  15 % 105.0
Graph progress:  16 % 317.0
Graph progress:  17 % 379.0
Graph progress:  18 % 1819.0
Graph progress:  19 % 587.0
Graph progress:  20 % 2430.0
Graph progress:  21 % 2499.0
Graph progress:  22 % 713.0
Graph progress:  23 % 1297.0
Graph progress:  24 % 1440.0
Graph progress:  25 % 1747.0
Graph progress:  26 % 1432.0
Graph progress:  27 % 1990.0
Graph progress:  28 % 902.0
Graph progress:  29 % 2264.0
Graph progress:  30 % 1207.0
Graph progress:  31 % 1343.00001
Graph progress:  32 % 617.00001
Graph progress:  33 % 2444.0
Graph progress:  34 % 2449.0
Graph progress:  35 % 527.0
Graph progress:  36 % 31.0
Graph progress:  37 % 875.0
Graph progress:  38 % 1555.0
Graph progress:  39 % 115.0
Graph progress:  40 % 2676.0
Graph progress:  41 % 597.0
Graph progress:  42 % 1590.0
Graph progress:  43 % 1095.0
Graph progress:  44 % 172.0
Graph progress:  45 % 2342.0
Graph progress:  46 % 1096.0
Graph progress:  47 % 30.0
Graph progress:  48 % 2098.0
Graph progress:  49 % 1098.0
Graph progress:  50 % 2833.0
Graph progress:  51 % 2527.0
Graph progress:  52 % 805.0
Graph progress:  53 % 51.0
Graph progress:  54 % 1446.0
Graph progress:  55 % 1286.0
Graph progress:  56 % 2772.0
Graph progress:  57 % 1473.0
Graph progress:  58 % 1625.0
Graph progress:  59 % 2780.0
Graph progress:  60 % 1399.0
Graph progress:  61 % 2719.0
Graph progress:  62 % 888.0
Graph progress:  63 % 2221.0
Graph progress:  64 % 440.0
Graph progress:  65 % 526.0
Graph progress:  66 % 2134.0
Graph progress:  67 % 2585.0
Graph progress:  68 % 413.0
Graph progress:  69 % 525.0
Graph progress:  70 % 938.0
Graph progress:  71 % 915.0
Graph progress:  72 % 2539.0
Graph progress:  73 % 2.00007
Graph progress:  74 % 1833.00001
Graph progress:  75 % 2241.0
Graph progress:  76 % 1176.00001
Graph progress:  77 % 2640.0
Graph progress:  78 % 1127.0
Graph progress:  79 % 833.0
Graph progress:  80 % 1898.0
Graph progress:  81 % 2638.0
Graph progress:  82 % 2770.0
Graph progress:  83 % 800.0
Graph progress:  84 % 319.0
Graph progress:  85 % 1457.0
Graph progress:  86 % 100.0
Graph progress:  87 % 2478.0
Graph progress:  88 % 720.0
Graph progress:  89 % 181.00001
Graph progress:  90 % 2409.0
Graph progress:  91 % 2410.0
Graph progress:  92 % 699.0
Graph progress:  93 % 1321.0
Graph progress:  94 % 1318.0
Graph progress:  95 % 1156.0
Graph progress:  96 % 2548.0
Graph progress:  97 % 2293.0
Graph progress:  98 % 329.0
Graph progress:  99 % 1131.0
Processed 3044 halos in snapshot 002_z013p000 of particle type 1
Reading in 'PartType4/ParticleIDs' for z = 13.0 using 8 thread(s) took 0.690456s
Reading in 'PartType4/ParticleIDs' for z = 14.0 using 8 thread(s) took 1.65643s
Reading in 'Subhalo/SubGroupNumber' for z = 14.0 using 8 thread(s) took 1.074084s
Reading in 'Subhalo/GroupNumber' for z = 14.0 using 8 thread(s) took 0.162016s
Reading in 'Subhalo/ApertureMeasurements/Mass/030kpc' for z = 14.0 using 8 thread(s) took 0.114223s
Reading in 'PartType4/Mass' for z = 14.0 using 8 thread(s) took 0.419647s
Reading in 'PartType4/ParticleIDs' for z = 12.0 using 8 thread(s) took 2.566211s
Reading in 'Subhalo/SubGroupNumber' for z = 12.0 using 8 thread(s) took 4.456913s
Reading in 'Subhalo/GroupNumber' for z = 12.0 using 8 thread(s) took 0.408862s
Reading in 'Subhalo/ApertureMeasurements/Mass/030kpc' for z = 12.0 using 8 thread(s) took 0.139384s
Reading in 'PartType4/Mass' for z = 12.0 using 8 thread(s) took 0.671424s
Reading in 'PartType4/ParticleIDs' for z = 13.0 using 8 thread(s) took 0.116334s
Reading in 'PartType4/GroupNumber' for z = 13.0 using 8 thread(s) took 0.077894s
Reading in 'PartType4/SubGroupNumber' for z = 13.0 using 8 thread(s) took 0.075271s
Reading in 'PartType4/GroupNumber' for z = 14.0 using 8 thread(s) took 0.376869s
Reading in 'PartType4/SubGroupNumber' for z = 14.0 using 8 thread(s) took 0.201112s
Reading in 'PartType4/ParticleIDs' for z = 14.0 using 8 thread(s) took 0.187467s
Reading in 'PartType4/GroupNumber' for z = 12.0 using 8 thread(s) took 0.918482s
Reading in 'PartType4/SubGroupNumber' for z = 12.0 using 8 thread(s) took 0.806762s
Reading in 'PartType4/ParticleIDs' for z = 12.0 using 8 thread(s) took 0.289478s
Graph progress:  0 % 88.0
Graph progress:  1 % 656.0
Graph progress:  2 % 1208.0
Graph progress:  3 % 268.0
Graph progress:  4 % 520.0
Graph progress:  5 % 79.0
Graph progress:  6 % 898.0
Graph progress:  7 % 289.0
Graph progress:  8 % 4.0
Graph progress:  9 % 3.0
Graph progress:  10 % 17.0
Graph progress:  11 % 81.0
Graph progress:  12 % 38.0
Graph progress:  13 % 24.00001
Graph progress:  14 % 109.0
Graph progress:  15 % 241.0
Graph progress:  16 % 244.0
Graph progress:  17 % 12.0
Graph progress:  18 % 49.0
Graph progress:  19 % 279.0
Graph progress:  20 % 165.0
Graph progress:  21 % 153.0
Graph progress:  22 % 322.0
Graph progress:  23 % 94.0
Graph progress:  24 % 47.0
Graph progress:  25 % 65.0
Graph progress:  26 % 261.0
Graph progress:  27 % 195.0
Graph progress:  28 % 82.0
Graph progress:  29 % 98.0
Graph progress:  30 % 303.0
Graph progress:  31 % 113.0
Graph progress:  32 % 281.0
Graph progress:  33 % 763.0
Graph progress:  34 % 247.0
Graph progress:  35 % 214.0
Graph progress:  36 % 148.0
Graph progress:  37 % 155.0
Graph progress:  38 % 349.0
Graph progress:  39 % 605.0
Graph progress:  40 % 48.0
Graph progress:  41 % 308.0
Graph progress:  42 % 180.0
Graph progress:  43 % 366.0
Graph progress:  44 % 18.0
Graph progress:  45 % 905.0
Graph progress:  46 % 467.0
Graph progress:  47 % 39.0
Graph progress:  48 % 188.0
Graph progress:  49 % 361.0
Graph progress:  50 % 84.0
Graph progress:  51 % 233.0
Graph progress:  52 % 505.0
Graph progress:  53 % 346.0
Graph progress:  54 % 30.0
Graph progress:  55 % 93.0
Graph progress:  56 % 160.0
Graph progress:  57 % 298.0
Graph progress:  58 % 55.0
Graph progress:  59 % 473.0
Graph progress:  60 % 22.0
Graph progress:  61 % 607.0
Graph progress:  62 % 169.0
Graph progress:  63 % 166.0
Graph progress:  64 % 391.0
Graph progress:  65 % 183.0
Graph progress:  66 % 5.0
Graph progress:  67 % 938.0
Graph progress:  68 % 663.0
Graph progress:  69 % 277.0
Graph progress:  70 % 8.00002
Graph progress:  71 % 102.0
Graph progress:  72 % 316.0
Graph progress:  73 % 619.0
Graph progress:  74 % 26.0
Graph progress:  75 % 695.0
Graph progress:  76 % 698.0
Graph progress:  77 % 234.0
Graph progress:  78 % 73.0
Graph progress:  79 % 235.0
Graph progress:  80 % 7.0
Graph progress:  81 % 220.0
Graph progress:  82 % 562.0
Graph progress:  83 % 1.00001
Graph progress:  84 % 14.0
Graph progress:  85 % 10.0
Graph progress:  86 % 600.0
Graph progress:  87 % 444.0
Graph progress:  88 % 85.0
Graph progress:  89 % 205.0
Graph progress:  90 % 164.0
Graph progress:  91 % 120.0
Graph progress:  92 % 219.0
Graph progress:  93 % 374.0
Graph progress:  94 % 751.0
Graph progress:  95 % 423.0
Graph progress:  96 % 329.0
Graph progress:  97 % 101.0
Graph progress:  98 % 33.0
Graph progress:  99 % 468.0
Processed 186 halos in snapshot 002_z013p000 of particle type 4
Reading in 'PartType5/ParticleIDs' for z = 13.0 using 8 thread(s) took 0.070841s
Reading in 'PartType5/ParticleIDs' for z = 14.0 using 8 thread(s) took 0.068393s
Reading in 'Subhalo/SubGroupNumber' for z = 14.0 using 8 thread(s) took 0.103153s
Reading in 'Subhalo/GroupNumber' for z = 14.0 using 8 thread(s) took 0.109388s
Reading in 'Subhalo/ApertureMeasurements/Mass/030kpc' for z = 14.0 using 8 thread(s) took 0.104576s
Reading in 'PartType5/Mass' for z = 14.0 using 8 thread(s) took 0.062914s
Reading in 'PartType5/ParticleIDs' for z = 12.0 using 8 thread(s) took 0.069503s
Reading in 'Subhalo/SubGroupNumber' for z = 12.0 using 8 thread(s) took 0.109071s
Reading in 'Subhalo/GroupNumber' for z = 12.0 using 8 thread(s) took 0.105916s
Reading in 'Subhalo/ApertureMeasurements/Mass/030kpc' for z = 12.0 using 8 thread(s) took 0.109553s
Reading in 'PartType5/Mass' for z = 12.0 using 8 thread(s) took 0.066987s
Reading in 'PartType5/ParticleIDs' for z = 13.0 using 8 thread(s) took 0.063371s
Reading in 'PartType5/GroupNumber' for z = 13.0 using 8 thread(s) took 0.063161s
Reading in 'PartType5/SubGroupNumber' for z = 13.0 using 8 thread(s) took 0.062788s
Reading in 'PartType5/GroupNumber' for z = 14.0 using 8 thread(s) took 0.066568s
Reading in 'PartType5/SubGroupNumber' for z = 14.0 using 8 thread(s) took 0.065678s
Reading in 'PartType5/ParticleIDs' for z = 14.0 using 8 thread(s) took 0.062791s
Reading in 'PartType5/GroupNumber' for z = 12.0 using 8 thread(s) took 0.065952s
Reading in 'PartType5/SubGroupNumber' for z = 12.0 using 8 thread(s) took 0.068171s
Reading in 'PartType5/ParticleIDs' for z = 12.0 using 8 thread(s) took 0.066509s
Processed 0 halos in snapshot 002_z013p000 of particle type 5
Reading in 'PartType0/ParticleIDs' for z = 13.0 using 8 thread(s) took 9.382025s
Reading in 'PartType0/ParticleIDs' for z = 14.0 using 8 thread(s) took 8.818082s
Reading in 'Subhalo/SubGroupNumber' for z = 14.0 using 8 thread(s) took 0.17852s
Reading in 'Subhalo/GroupNumber' for z = 14.0 using 8 thread(s) took 0.170844s
Reading in 'Subhalo/ApertureMeasurements/Mass/030kpc' for z = 14.0 using 8 thread(s) took 0.162471s
Reading in 'PartType0/Mass' for z = 14.0 using 8 thread(s) took 0.431314s
Reading in 'PartType0/ParticleIDs' for z = 12.0 using 8 thread(s) took 9.284979s
Reading in 'Subhalo/SubGroupNumber' for z = 12.0 using 8 thread(s) took 0.190267s
Reading in 'Subhalo/GroupNumber' for z = 12.0 using 8 thread(s) took 0.160119s
Reading in 'Subhalo/ApertureMeasurements/Mass/030kpc' for z = 12.0 using 8 thread(s) took 0.164038s
Reading in 'PartType0/Mass' for z = 12.0 using 8 thread(s) took 0.149327s
Reading in 'PartType0/ParticleIDs' for z = 13.0 using 8 thread(s) took 0.152793s
Reading in 'PartType0/GroupNumber' for z = 13.0 using 8 thread(s) took 0.204143s
Reading in 'PartType0/SubGroupNumber' for z = 13.0 using 8 thread(s) took 0.175799s
Reading in 'PartType0/GroupNumber' for z = 14.0 using 8 thread(s) took 0.194214s
Reading in 'PartType0/SubGroupNumber' for z = 14.0 using 8 thread(s) took 0.173669s
Reading in 'PartType0/ParticleIDs' for z = 14.0 using 8 thread(s) took 0.168687s
Reading in 'PartType0/GroupNumber' for z = 12.0 using 8 thread(s) took 0.199381s
Reading in 'PartType0/SubGroupNumber' for z = 12.0 using 8 thread(s) took 0.184098s
Reading in 'PartType0/ParticleIDs' for z = 12.0 using 8 thread(s) took 0.173077s
Graph progress:  0 % 1347.0
Graph progress:  1 % 1007.0
Graph progress:  2 % 1582.0
Graph progress:  3 % 236.0
Graph progress:  4 % 1638.0
Graph progress:  5 % 16.0
Graph progress:  6 % 2764.0
Graph progress:  7 % 89.0
Graph progress:  8 % 1948.0
Graph progress:  9 % 1718.0
Graph progress:  10 % 757.0
Graph progress:  11 % 1976.0
Graph progress:  12 % 2655.0
Graph progress:  13 % 398.0
Graph progress:  14 % 2377.0
Graph progress:  15 % 12.00002
Graph progress:  16 % 912.0
Graph progress:  17 % 1878.0
Graph progress:  18 % 2072.0
Graph progress:  19 % 968.0
Graph progress:  20 % 68.0
Graph progress:  21 % 1946.0
Graph progress:  22 % 964.0
Graph progress:  23 % 78.00001
Graph progress:  24 % 357.0
Graph progress:  25 % 480.0
Graph progress:  26 % 1994.0
Graph progress:  27 % 131.0
Graph progress:  28 % 1051.0
Graph progress:  29 % 2153.0
Graph progress:  30 % 2152.0
Graph progress:  31 % 1343.0
Graph progress:  32 % 471.0
Graph progress:  33 % 722.0
Graph progress:  34 % 403.00001
Graph progress:  35 % 790.0
Graph progress:  36 % 1444.0
Graph progress:  37 % 605.0
Graph progress:  38 % 2512.0
Graph progress:  39 % 48.00001
Graph progress:  40 % 2038.0
Graph progress:  41 % 2226.0
Graph progress:  42 % 2576.0
Graph progress:  43 % 2122.0
Graph progress:  44 % 2279.0
Graph progress:  45 % 2824.0
Graph progress:  46 % 1331.0
Graph progress:  47 % 842.0
Graph progress:  48 % 530.0
Graph progress:  49 % 506.0
Graph progress:  50 % 1527.0
Graph progress:  51 % 1695.0
Graph progress:  52 % 473.0
Graph progress:  53 % 2524.0
Graph progress:  54 % 725.0
Graph progress:  55 % 2790.0
Graph progress:  56 % 2772.0
Graph progress:  57 % 1771.0
Graph progress:  58 % 2614.0
Graph progress:  59 % 2179.0
Graph progress:  60 % 2742.0
Graph progress:  61 % 2396.0
Graph progress:  62 % 2629.0
Graph progress:  63 % 861.0
Graph progress:  64 % 2722.0
Graph progress:  65 % 1245.0
Graph progress:  66 % 9.00001
Graph progress:  67 % 1896.0
Graph progress:  68 % 1430.0
Graph progress:  69 % 2249.0
Graph progress:  70 % 396.00001
Graph progress:  71 % 2013.0
Graph progress:  72 % 1386.0
Graph progress:  73 % 2.00003
Graph progress:  74 % 420.0
Graph progress:  75 % 724.0
Graph progress:  76 % 551.0
Graph progress:  77 % 837.0
Graph progress:  78 % 1409.0
Graph progress:  79 % 309.0
Graph progress:  80 % 673.0
Graph progress:  81 % 2852.0
Graph progress:  82 % 633.0
Graph progress:  83 % 1563.0
Graph progress:  84 % 328.0
Graph progress:  85 % 1616.0
Graph progress:  86 % 7.00001
Graph progress:  87 % 1.00005
Graph progress:  88 % 720.0
Graph progress:  89 % 181.00001
Graph progress:  90 % 2314.0
Graph progress:  91 % 2410.0
Graph progress:  92 % 444.0
Graph progress:  93 % 100.00001
Graph progress:  94 % 548.0
Graph progress:  95 % 1156.0
Graph progress:  96 % 1003.0
Graph progress:  97 % 1664.0
Graph progress:  98 % 329.0
Graph progress:  99 % 1131.0
Processed 3047 halos in snapshot 002_z013p000 of particle type 0
Write progress:  0 % 1347.0
Write progress:  1 % 2551.0
Write progress:  2 % 528.0
Write progress:  3 % 236.00001
Write progress:  4 % 1638.0
Write progress:  5 % 16.00001
Write progress:  6 % 1034.0
Write progress:  7 % 89.0
Write progress:  8 % 69.00001
Write progress:  9 % 1364.0
Write progress:  10 % 1458.0
Write progress:  11 % 652.0
Write progress:  12 % 2655.0
Write progress:  13 % 1280.0
Write progress:  14 % 369.00001
Write progress:  15 % 105.0
Write progress:  16 % 317.0
Write progress:  17 % 379.0
Write progress:  18 % 1819.0
Write progress:  19 % 587.0
Write progress:  20 % 2430.0
Write progress:  21 % 2499.0
Write progress:  22 % 713.0
Write progress:  23 % 1297.0
Write progress:  24 % 1440.0
Write progress:  25 % 1747.0
Write progress:  26 % 1432.0
Write progress:  27 % 1990.0
Write progress:  28 % 902.0
Write progress:  29 % 2264.0
Write progress:  30 % 1207.0
Write progress:  31 % 1343.00001
Write progress:  32 % 617.00001
Write progress:  33 % 2444.0
Write progress:  34 % 2449.0
Write progress:  35 % 527.0
Write progress:  36 % 31.0
Write progress:  37 % 875.0
Write progress:  38 % 1555.0
Write progress:  39 % 115.0
Write progress:  40 % 2676.0
Write progress:  41 % 597.0
Write progress:  42 % 1590.0
Write progress:  43 % 1095.0
Write progress:  44 % 172.0
Write progress:  45 % 2342.0
Write progress:  46 % 1096.0
Write progress:  47 % 30.0
Write progress:  48 % 2098.0
Write progress:  49 % 1098.0
Write progress:  50 % 2833.0
Write progress:  51 % 2527.0
Write progress:  52 % 805.0
Write progress:  53 % 51.0
Write progress:  54 % 1446.0
Write progress:  55 % 1286.0
Write progress:  56 % 2772.0
Write progress:  57 % 1473.0
Write progress:  58 % 1625.0
Write progress:  59 % 2780.0
Write progress:  60 % 1399.0
Write progress:  61 % 2719.0
Write progress:  62 % 888.0
Write progress:  63 % 2221.0
Write progress:  64 % 440.0
Write progress:  65 % 526.0
Write progress:  66 % 2134.0
Write progress:  67 % 2585.0
Write progress:  68 % 413.0
Write progress:  69 % 525.0
Write progress:  70 % 938.0
Write progress:  71 % 915.0
Write progress:  72 % 2539.0
Write progress:  73 % 2.00007
Write progress:  74 % 1833.00001
Write progress:  75 % 2241.0
Write progress:  76 % 1176.00001
Write progress:  77 % 2640.0
Write progress:  78 % 1127.0
Write progress:  79 % 833.0
Write progress:  80 % 1898.0
Write progress:  81 % 2638.0
Write progress:  82 % 2770.0
Write progress:  83 % 800.0
Write progress:  84 % 319.0
Write progress:  85 % 1457.0
Write progress:  86 % 100.0
Write progress:  87 % 2478.0
Write progress:  88 % 720.0
Write progress:  89 % 181.00001
Write progress:  90 % 2409.0
Write progress:  91 % 2410.0
Write progress:  92 % 699.0
Write progress:  93 % 1321.0
Write progress:  94 % 1318.0
Write progress:  95 % 1156.0
Write progress:  96 % 2548.0
Write progress:  97 % 2293.0
Write progress:  98 % 329.0
Write progress:  99 % 1131.0
Job done, info follows...
       JobID    JobName  Partition     MaxRSS    Elapsed ExitCode 
------------ ---------- ---------- ---------- ---------- -------- 
2042958_135  MEGA-FLAR+     cosma6              00:02:57      0:0 
2042958_135+     extern                         00:02:57      0:0 
