====
Starting job 2043420 at Fri 24 Apr 01:20:55 BST 2020 for user dc-rope1.
Running on nodes: m6029
====
314
('13', '001_z014p000', '002_z013p000', '003_z012p000')
Reading in 'PartType1/ParticleIDs' for z = 13.0 using 8 thread(s) took 10.585854s
Reading in 'PartType1/ParticleIDs' for z = 13.0 using 8 thread(s) took 1.30894s
Reading in 'PartType1/GroupNumber' for z = 13.0 using 8 thread(s) took 0.116968s
Reading in 'PartType1/SubGroupNumber' for z = 13.0 using 8 thread(s) took 0.084804s
Reading in 'PartType1/GroupNumber' for z = 14.0 using 8 thread(s) took 0.173719s
Reading in 'PartType1/SubGroupNumber' for z = 14.0 using 8 thread(s) took 0.148454s
Reading in 'PartType1/ParticleIDs' for z = 14.0 using 8 thread(s) took 0.142334s
Reading in 'PartType1/GroupNumber' for z = 12.0 using 8 thread(s) took 0.294184s
Reading in 'PartType1/SubGroupNumber' for z = 12.0 using 8 thread(s) took 0.203783s
Reading in 'PartType1/ParticleIDs' for z = 12.0 using 8 thread(s) took 0.216748s
Graph progress:  0 % 18770.0
Graph progress:  1 % 416.00002
Graph progress:  2 % 10262.0
Graph progress:  3 % 19188.0
Graph progress:  4 % 3601.0
Graph progress:  5 % 19199.0
Graph progress:  6 % 110.00003
Graph progress:  7 % 231.00001
Graph progress:  8 % 19586.0
Graph progress:  9 % 1206.0
Graph progress:  10 % 11143.0
Graph progress:  11 % 6044.0
Graph progress:  12 % 734.0
Graph progress:  13 % 13363.0
Graph progress:  14 % 15851.0
Graph progress:  15 % 1884.0
Graph progress:  16 % 4140.0
Graph progress:  17 % 20757.0
Graph progress:  18 % 20740.0
Graph progress:  19 % 6466.0
Graph progress:  20 % 15821.0
Graph progress:  21 % 3797.0
Graph progress:  22 % 1112.00001
Graph progress:  23 % 23032.0
Graph progress:  24 % 25502.0
Graph progress:  25 % 2070.0
Graph progress:  26 % 16407.0
Graph progress:  27 % 11295.00001
Graph progress:  28 % 78.00004
Graph progress:  29 % 23492.0
Graph progress:  30 % 232.0
Graph progress:  31 % 15331.0
Graph progress:  32 % 7996.0
Graph progress:  33 % 22550.0
Graph progress:  34 % 12557.0
Graph progress:  35 % 13809.0
Graph progress:  36 % 9469.0
Graph progress:  37 % 4207.0
Graph progress:  38 % 8231.0
Graph progress:  39 % 4686.0
Graph progress:  40 % 24821.0
Graph progress:  41 % 2187.00001
Graph progress:  42 % 12731.0
Graph progress:  43 % 18306.0
Graph progress:  44 % 8318.0
Graph progress:  45 % 1438.00001
Graph progress:  46 % 3682.0
Graph progress:  47 % 7288.0
Graph progress:  48 % 19054.0
Graph progress:  49 % 14784.0
Graph progress:  50 % 1462.00001
Graph progress:  51 % 18991.0
Graph progress:  52 % 2568.0
Graph progress:  53 % 22419.0
Graph progress:  54 % 1377.00001
Graph progress:  55 % 23394.0
Graph progress:  56 % 23836.0
Graph progress:  57 % 1156.0
Graph progress:  58 % 484.00002
Graph progress:  59 % 1635.0
Graph progress:  60 % 2958.0
Graph progress:  61 % 7822.0
Graph progress:  62 % 17870.0
Graph progress:  63 % 6968.0
Graph progress:  64 % 23773.0
Graph progress:  65 % 21068.0
Graph progress:  66 % 9946.0
Graph progress:  67 % 19878.0
Graph progress:  68 % 9778.0
Graph progress:  69 % 2551.00001
Graph progress:  70 % 2922.00001
Graph progress:  71 % 15735.0
Graph progress:  72 % 3705.0
Graph progress:  73 % 5097.0
Graph progress:  74 % 9915.0
Graph progress:  75 % 7608.00001
Graph progress:  76 % 423.00002
Graph progress:  77 % 18159.0
Graph progress:  78 % 4544.0
Graph progress:  79 % 7712.0
Graph progress:  80 % 19644.0
Graph progress:  81 % 18501.0
Graph progress:  82 % 11362.0
Graph progress:  83 % 9412.0
Graph progress:  84 % 7984.0
Graph progress:  85 % 10563.0
Graph progress:  86 % 7501.0
Graph progress:  87 % 9900.0
Graph progress:  88 % 5472.0
Graph progress:  89 % 17081.0
Graph progress:  90 % 17095.0
Graph progress:  91 % 822.00001
Graph progress:  92 % 19314.0
Graph progress:  93 % 8071.0
Graph progress:  94 % 1202.00001
Graph progress:  95 % 24658.0
Graph progress:  96 % 1265.00001
Graph progress:  97 % 3892.0
Graph progress:  98 % 8722.0
Graph progress:  99 % 3606.0
Processed 29645 halos in snapshot 002_z013p000 of particle type 1
Reading in 'PartType4/ParticleIDs' for z = 13.0 using 8 thread(s) took 0.125309s
Reading in 'PartType4/ParticleIDs' for z = 14.0 using 8 thread(s) took 0.246992s
Reading in 'Subhalo/SubGroupNumber' for z = 14.0 using 8 thread(s) took 0.210387s
Reading in 'Subhalo/GroupNumber' for z = 14.0 using 8 thread(s) took 0.146359s
Reading in 'Subhalo/ApertureMeasurements/Mass/030kpc' for z = 14.0 using 8 thread(s) took 0.161054s
Reading in 'PartType4/Mass' for z = 14.0 using 8 thread(s) took 0.109745s
Reading in 'PartType4/ParticleIDs' for z = 12.0 using 8 thread(s) took 1.161222s
Reading in 'Subhalo/SubGroupNumber' for z = 12.0 using 8 thread(s) took 2.028402s
Reading in 'Subhalo/GroupNumber' for z = 12.0 using 8 thread(s) took 0.19794s
Reading in 'Subhalo/ApertureMeasurements/Mass/030kpc' for z = 12.0 using 8 thread(s) took 0.160901s
Reading in 'PartType4/Mass' for z = 12.0 using 8 thread(s) took 0.121288s
Reading in 'PartType4/ParticleIDs' for z = 13.0 using 8 thread(s) took 0.115323s
Reading in 'PartType4/GroupNumber' for z = 13.0 using 8 thread(s) took 0.12681s
Reading in 'PartType4/SubGroupNumber' for z = 13.0 using 8 thread(s) took 0.126445s
Reading in 'PartType4/GroupNumber' for z = 14.0 using 8 thread(s) took 0.129228s
Reading in 'PartType4/SubGroupNumber' for z = 14.0 using 8 thread(s) took 0.128484s
Reading in 'PartType4/ParticleIDs' for z = 14.0 using 8 thread(s) took 0.123506s
Reading in 'PartType4/GroupNumber' for z = 12.0 using 8 thread(s) took 0.132741s
Reading in 'PartType4/SubGroupNumber' for z = 12.0 using 8 thread(s) took 0.127505s
Reading in 'PartType4/ParticleIDs' for z = 12.0 using 8 thread(s) took 0.126447s
Graph progress:  0 % 819.0
Graph progress:  1 % 5287.0
Graph progress:  2 % 3378.0
Graph progress:  3 % 2563.0
Graph progress:  4 % 470.0
Graph progress:  5 % 193.00001
Graph progress:  6 % 272.0
Graph progress:  7 % 478.0
Graph progress:  8 % 431.0
Graph progress:  9 % 114.00001
Graph progress:  10 % 503.0
Graph progress:  11 % 1107.0
Graph progress:  12 % 2318.0
Graph progress:  13 % 2816.0
Graph progress:  14 % 697.0
Graph progress:  15 % 486.0
Graph progress:  16 % 1073.0
Graph progress:  17 % 1259.0
Graph progress:  18 % 3612.0
Graph progress:  19 % 433.0
Graph progress:  20 % 1464.00001
Graph progress:  21 % 207.00002
Graph progress:  22 % 1470.0
Graph progress:  23 % 996.0
Graph progress:  24 % 2341.0
Graph progress:  25 % 3201.0
Graph progress:  26 % 1005.0
Graph progress:  27 % 601.0
Graph progress:  28 % 971.0
Graph progress:  29 % 300.00002
Graph progress:  30 % 3654.0
Graph progress:  31 % 5709.0
Graph progress:  32 % 5974.0
Graph progress:  33 % 108.00001
Graph progress:  34 % 5836.0
Graph progress:  35 % 652.0
Graph progress:  36 % 1018.0
Graph progress:  37 % 785.00001
Graph progress:  38 % 1782.0
Graph progress:  39 % 924.0
Graph progress:  40 % 1995.0
Graph progress:  41 % 1263.0
Graph progress:  42 % 2314.0
Graph progress:  43 % 910.0
Graph progress:  44 % 347.0
Graph progress:  45 % 359.00002
Graph progress:  46 % 4753.0
Graph progress:  47 % 3808.0
Graph progress:  48 % 461.0
Graph progress:  49 % 2084.0
Graph progress:  50 % 377.0
Graph progress:  51 % 1739.0
Graph progress:  52 % 1779.0
Graph progress:  53 % 1872.0
Graph progress:  54 % 2489.0
Graph progress:  55 % 1436.0
Graph progress:  56 % 6600.0
Graph progress:  57 % 1785.0
Graph progress:  58 % 1188.0
Graph progress:  59 % 2832.0
Graph progress:  60 % 842.0
Graph progress:  61 % 1178.0
Graph progress:  62 % 2283.0
Graph progress:  63 % 1283.0
Graph progress:  64 % 739.0
Graph progress:  65 % 6187.0
Graph progress:  66 % 246.00001
Graph progress:  67 % 3770.0
Graph progress:  68 % 3414.0
Graph progress:  69 % 563.00001
Graph progress:  70 % 1147.0
Graph progress:  71 % 670.0
Graph progress:  72 % 4597.0
Graph progress:  73 % 1079.0
Graph progress:  74 % 7171.0
Graph progress:  75 % 465.0
Graph progress:  76 % 777.0
Graph progress:  77 % 1863.0
Graph progress:  78 % 899.0
Graph progress:  79 % 3014.0
Graph progress:  80 % 2897.0
Graph progress:  81 % 270.00001
Graph progress:  82 % 648.0
Graph progress:  83 % 991.0
Graph progress:  84 % 1237.0
Graph progress:  85 % 145.0
Graph progress:  86 % 2876.0
Graph progress:  87 % 3.0001
Graph progress:  88 % 723.0
Graph progress:  89 % 468.0
Graph progress:  90 % 1121.0
Graph progress:  91 % 2418.0
Graph progress:  92 % 249.00001
Graph progress:  93 % 237.0
Graph progress:  94 % 4829.0
Graph progress:  95 % 64.0
Graph progress:  96 % 1666.0
Graph progress:  97 % 297.00002
Graph progress:  98 % 1472.0
Graph progress:  99 % 474.0
Processed 2024 halos in snapshot 002_z013p000 of particle type 4
Reading in 'PartType5/ParticleIDs' for z = 13.0 using 8 thread(s) took 0.111414s
Reading in 'PartType5/ParticleIDs' for z = 14.0 using 8 thread(s) took 0.109449s
Reading in 'Subhalo/SubGroupNumber' for z = 14.0 using 8 thread(s) took 0.175194s
Reading in 'Subhalo/GroupNumber' for z = 14.0 using 8 thread(s) took 0.168879s
Reading in 'Subhalo/ApertureMeasurements/Mass/030kpc' for z = 14.0 using 8 thread(s) took 0.1696s
Reading in 'PartType5/Mass' for z = 14.0 using 8 thread(s) took 0.109633s
Reading in 'PartType5/ParticleIDs' for z = 12.0 using 8 thread(s) took 0.968338s
Reading in 'Subhalo/SubGroupNumber' for z = 12.0 using 8 thread(s) took 0.205425s
Reading in 'Subhalo/GroupNumber' for z = 12.0 using 8 thread(s) took 0.176729s
Reading in 'Subhalo/ApertureMeasurements/Mass/030kpc' for z = 12.0 using 8 thread(s) took 0.187261s
Reading in 'PartType5/Mass' for z = 12.0 using 8 thread(s) took 0.141845s
Reading in 'PartType5/ParticleIDs' for z = 13.0 using 8 thread(s) took 0.103547s
Reading in 'PartType5/GroupNumber' for z = 13.0 using 8 thread(s) took 0.10815s
Reading in 'PartType5/SubGroupNumber' for z = 13.0 using 8 thread(s) took 0.11391s
Reading in 'PartType5/GroupNumber' for z = 14.0 using 8 thread(s) took 0.109117s
Reading in 'PartType5/SubGroupNumber' for z = 14.0 using 8 thread(s) took 0.10346s
Reading in 'PartType5/ParticleIDs' for z = 14.0 using 8 thread(s) took 0.103757s
Reading in 'PartType5/GroupNumber' for z = 12.0 using 8 thread(s) took 0.11788s
Reading in 'PartType5/SubGroupNumber' for z = 12.0 using 8 thread(s) took 0.117738s
Reading in 'PartType5/ParticleIDs' for z = 12.0 using 8 thread(s) took 0.121929s
Graph progress:  0 % 22.0
Graph progress:  3 % 8.0
Graph progress:  7 % 16.0
Graph progress:  10 % 13.00003
Graph progress:  14 % 33.0
Graph progress:  17 % 15.00001
Graph progress:  21 % 420.00001
Graph progress:  25 % 9.0
Graph progress:  28 % 12.0
Graph progress:  32 % 2.0
Graph progress:  35 % 6.0
Graph progress:  39 % 20.00001
Graph progress:  42 % 1.0
Graph progress:  46 % 153.0
Graph progress:  50 % 23.0
Graph progress:  53 % 11.00002
Graph progress:  57 % 18.00002
Graph progress:  60 % 21.0
Graph progress:  64 % 14.00007
Graph progress:  67 % 10.0
Graph progress:  71 % 19.0
Graph progress:  75 % 332.0
Graph progress:  78 % 4.0
Graph progress:  82 % 5.0
Graph progress:  85 % 7.00002
Graph progress:  89 % 3.00002
Graph progress:  92 % 3.00001
Graph progress:  96 % 17.0
Processed 28 halos in snapshot 002_z013p000 of particle type 5
Reading in 'PartType0/ParticleIDs' for z = 13.0 using 8 thread(s) took 9.742131s
Reading in 'PartType0/ParticleIDs' for z = 14.0 using 8 thread(s) took 9.195823s
Reading in 'Subhalo/SubGroupNumber' for z = 14.0 using 8 thread(s) took 0.214451s
Reading in 'Subhalo/GroupNumber' for z = 14.0 using 8 thread(s) took 0.192204s
Reading in 'Subhalo/ApertureMeasurements/Mass/030kpc' for z = 14.0 using 8 thread(s) took 0.193919s
Reading in 'PartType0/Mass' for z = 14.0 using 8 thread(s) took 0.175142s
Reading in 'PartType0/ParticleIDs' for z = 12.0 using 8 thread(s) took 9.792851s
Reading in 'Subhalo/SubGroupNumber' for z = 12.0 using 8 thread(s) took 0.200557s
Reading in 'Subhalo/GroupNumber' for z = 12.0 using 8 thread(s) took 0.202902s
Reading in 'Subhalo/ApertureMeasurements/Mass/030kpc' for z = 12.0 using 8 thread(s) took 0.206894s
Reading in 'PartType0/Mass' for z = 12.0 using 8 thread(s) took 0.212294s
Reading in 'PartType0/ParticleIDs' for z = 13.0 using 8 thread(s) took 0.25297s
Reading in 'PartType0/GroupNumber' for z = 13.0 using 8 thread(s) took 0.236595s
Reading in 'PartType0/SubGroupNumber' for z = 13.0 using 8 thread(s) took 0.226733s
Reading in 'PartType0/GroupNumber' for z = 14.0 using 8 thread(s) took 0.219378s
Reading in 'PartType0/SubGroupNumber' for z = 14.0 using 8 thread(s) took 0.235602s
Reading in 'PartType0/ParticleIDs' for z = 14.0 using 8 thread(s) took 0.228538s
Reading in 'PartType0/GroupNumber' for z = 12.0 using 8 thread(s) took 0.265747s
Reading in 'PartType0/SubGroupNumber' for z = 12.0 using 8 thread(s) took 0.277738s
Reading in 'PartType0/ParticleIDs' for z = 12.0 using 8 thread(s) took 0.308626s
Graph progress:  0 % 18770.0
Graph progress:  1 % 275.00001
Graph progress:  2 % 1569.0
Graph progress:  3 % 24186.0
Graph progress:  4 % 23572.0
Graph progress:  5 % 16163.0
Graph progress:  6 % 110.0
Graph progress:  7 % 23126.0
Graph progress:  8 % 538.0
Graph progress:  9 % 3211.0
Graph progress:  10 % 16489.0
Graph progress:  11 % 17705.0
Graph progress:  12 % 20986.0
Graph progress:  13 % 1025.00002
Graph progress:  14 % 768.00001
Graph progress:  15 % 14581.0
Graph progress:  16 % 7076.0
Graph progress:  17 % 11322.0
Graph progress:  18 % 240.00003
Graph progress:  19 % 23537.0
Graph progress:  20 % 14605.0
Graph progress:  21 % 21234.0
Graph progress:  22 % 20775.0
Graph progress:  23 % 20354.0
Graph progress:  24 % 23472.0
Graph progress:  25 % 19088.0
Graph progress:  26 % 16292.0
Graph progress:  27 % 20171.0
Graph progress:  28 % 1171.0
Graph progress:  29 % 18936.0
Graph progress:  30 % 25268.0
Graph progress:  31 % 9225.0
Graph progress:  32 % 9187.0
Graph progress:  33 % 129.00002
Graph progress:  34 % 7551.0
Graph progress:  35 % 14074.0
Graph progress:  36 % 25971.0
Graph progress:  37 % 14723.0
Graph progress:  38 % 1633.0
Graph progress:  39 % 21991.0
Graph progress:  40 % 1348.0
Graph progress:  41 % 452.0
Graph progress:  42 % 16644.0
Graph progress:  43 % 12920.0
Graph progress:  44 % 23.00005
Graph progress:  45 % 7844.0
Graph progress:  46 % 2865.0
Graph progress:  47 % 10777.0
Graph progress:  48 % 21575.0
Graph progress:  49 % 4881.0
Graph progress:  50 % 10927.0
Graph progress:  51 % 18.0
Graph progress:  52 % 17253.0
Graph progress:  53 % 351.0
Graph progress:  54 % 24788.0
Graph progress:  55 % 248.00001
Graph progress:  56 % 3022.0
Graph progress:  57 % 15149.0
Graph progress:  58 % 10136.0
Graph progress:  59 % 1635.00001
Graph progress:  60 % 1670.00002
Graph progress:  61 % 23804.0
Graph progress:  62 % 3411.0
Graph progress:  63 % 19392.0
Graph progress:  64 % 7552.00001
Graph progress:  65 % 21067.0
Graph progress:  66 % 162.0
Graph progress:  67 % 21050.0
Graph progress:  68 % 4096.0
Graph progress:  69 % 14974.0
Graph progress:  70 % 162.00003
Graph progress:  71 % 5074.0
Graph progress:  72 % 21075.0
Graph progress:  73 % 203.00001
Graph progress:  74 % 696.00002
Graph progress:  75 % 22581.0
Graph progress:  76 % 3466.0
Graph progress:  77 % 23697.0
Graph progress:  78 % 19245.0
Graph progress:  79 % 23238.0
Graph progress:  80 % 5401.0
Graph progress:  81 % 23255.0
Graph progress:  82 % 12068.0
Graph progress:  83 % 11542.0
Graph progress:  84 % 3084.0
Graph progress:  85 % 3321.0
Graph progress:  86 % 3267.0
Graph progress:  87 % 765.0
Graph progress:  88 % 11192.0
Graph progress:  89 % 25320.0
Graph progress:  90 % 14659.0
Graph progress:  91 % 12620.0
Graph progress:  92 % 4001.0
Graph progress:  93 % 11864.0
Graph progress:  94 % 21336.0
Graph progress:  95 % 2807.0
Graph progress:  96 % 8924.0
Graph progress:  97 % 9631.0
Graph progress:  98 % 179.00002
Graph progress:  99 % 20964.0
Processed 29638 halos in snapshot 002_z013p000 of particle type 0
Write progress:  0 % 18770.0
Write progress:  1 % 416.00002
Write progress:  2 % 10262.0
Write progress:  3 % 19188.0
Write progress:  4 % 3601.0
Write progress:  5 % 19199.0
Write progress:  6 % 110.00003
Write progress:  7 % 231.00001
Write progress:  8 % 19586.0
Write progress:  9 % 1206.0
Write progress:  10 % 11143.0
Write progress:  11 % 6044.0
Write progress:  12 % 734.0
Write progress:  13 % 13363.0
Write progress:  14 % 15851.0
Write progress:  15 % 1884.0
Write progress:  16 % 4140.0
Write progress:  17 % 20757.0
Write progress:  18 % 20740.0
Write progress:  19 % 6466.0
Write progress:  20 % 15821.0
Write progress:  21 % 3797.0
Write progress:  22 % 1112.00001
Write progress:  23 % 23032.0
Write progress:  24 % 25502.0
Write progress:  25 % 2070.0
Write progress:  26 % 16407.0
Write progress:  27 % 11295.00001
Write progress:  28 % 78.00004
Write progress:  29 % 23492.0
Write progress:  30 % 232.0
Write progress:  31 % 15331.0
Write progress:  32 % 7996.0
Write progress:  33 % 22550.0
Write progress:  34 % 12557.0
Write progress:  35 % 13809.0
Write progress:  36 % 9469.0
Write progress:  37 % 4207.0
Write progress:  38 % 8231.0
Write progress:  39 % 4686.0
Write progress:  40 % 24821.0
Write progress:  41 % 2187.00001
Write progress:  42 % 12731.0
Write progress:  43 % 18306.0
Write progress:  44 % 8318.0
Write progress:  45 % 1438.00001
Write progress:  46 % 3682.0
Write progress:  47 % 7288.0
Write progress:  48 % 19054.0
Write progress:  49 % 14784.0
Write progress:  50 % 1462.00001
Write progress:  51 % 18991.0
Write progress:  52 % 2568.0
Write progress:  53 % 22419.0
Write progress:  54 % 1377.00001
Write progress:  55 % 23394.0
Write progress:  56 % 23836.0
Write progress:  57 % 1156.0
Write progress:  58 % 484.00002
Write progress:  59 % 1635.0
Write progress:  60 % 2958.0
Write progress:  61 % 7822.0
Write progress:  62 % 17870.0
Write progress:  63 % 6968.0
Write progress:  64 % 23773.0
Write progress:  65 % 21068.0
Write progress:  66 % 9946.0
Write progress:  67 % 19878.0
Write progress:  68 % 9778.0
Write progress:  69 % 2551.00001
Write progress:  70 % 2922.00001
Write progress:  71 % 15735.0
Write progress:  72 % 3705.0
Write progress:  73 % 5097.0
Write progress:  74 % 9915.0
Write progress:  75 % 7608.00001
Write progress:  76 % 423.00002
Write progress:  77 % 18159.0
Write progress:  78 % 4544.0
Write progress:  79 % 7712.0
Write progress:  80 % 19644.0
Write progress:  81 % 18501.0
Write progress:  82 % 11362.0
Write progress:  83 % 9412.0
Write progress:  84 % 7984.0
Write progress:  85 % 10563.0
Write progress:  86 % 7501.0
Write progress:  87 % 9900.0
Write progress:  88 % 5472.0
Write progress:  89 % 17081.0
Write progress:  90 % 17095.0
Write progress:  91 % 822.00001
Write progress:  92 % 19314.0
Write progress:  93 % 8071.0
Write progress:  94 % 1202.00001
Write progress:  95 % 24658.0
Write progress:  96 % 1265.00001
Write progress:  97 % 3892.0
Write progress:  98 % 8722.0
Write progress:  99 % 3606.0
Job done, info follows...
       JobID    JobName  Partition     MaxRSS    Elapsed ExitCode 
------------ ---------- ---------- ---------- ---------- -------- 
2042958_315  MEGA-FLAR+     cosma6              00:08:08      0:0 
2042958_315+     extern                         00:08:08      0:0 
