====
Starting job 2043269 at Thu 23 Apr 23:57:38 BST 2020 for user dc-rope1.
Running on nodes: m6508
====
171
('25', '002_z013p000', '003_z012p000', '004_z011p000')
Reading in 'PartType1/ParticleIDs' for z = 12.0 using 8 thread(s) took 7.852993s
Reading in 'PartType1/ParticleIDs' for z = 12.0 using 8 thread(s) took 0.140876s
Reading in 'PartType1/GroupNumber' for z = 12.0 using 8 thread(s) took 0.062466s
Reading in 'PartType1/SubGroupNumber' for z = 12.0 using 8 thread(s) took 0.06973s
Reading in 'PartType1/GroupNumber' for z = 13.0 using 8 thread(s) took 0.156037s
Reading in 'PartType1/SubGroupNumber' for z = 13.0 using 8 thread(s) took 0.112663s
Reading in 'PartType1/ParticleIDs' for z = 13.0 using 8 thread(s) took 0.136992s
Reading in 'PartType1/GroupNumber' for z = 11.0 using 8 thread(s) took 0.206753s
Reading in 'PartType1/SubGroupNumber' for z = 11.0 using 8 thread(s) took 0.156259s
Reading in 'PartType1/ParticleIDs' for z = 11.0 using 8 thread(s) took 0.140281s
Graph progress:  0 % 5535.0
Graph progress:  1 % 8508.0
Graph progress:  2 % 7713.0
Graph progress:  3 % 5206.0
Graph progress:  4 % 9195.0
Graph progress:  5 % 3764.0
Graph progress:  6 % 1484.0
Graph progress:  7 % 5809.0
Graph progress:  8 % 5801.0
Graph progress:  9 % 4481.0
Graph progress:  10 % 6205.0
Graph progress:  11 % 797.0
Graph progress:  12 % 5361.0
Graph progress:  13 % 932.00001
Graph progress:  14 % 5788.0
Graph progress:  15 % 3807.0
Graph progress:  16 % 8624.0
Graph progress:  17 % 6159.0
Graph progress:  18 % 1982.0
Graph progress:  19 % 605.0
Graph progress:  20 % 7654.0
Graph progress:  21 % 1615.0
Graph progress:  22 % 1350.0
Graph progress:  23 % 1920.0
Graph progress:  24 % 599.0
Graph progress:  25 % 5602.0
Graph progress:  26 % 1405.0
Graph progress:  27 % 70.0
Graph progress:  28 % 2777.0
Graph progress:  29 % 458.00002
Graph progress:  30 % 1894.0
Graph progress:  31 % 6966.0
Graph progress:  32 % 471.0
Graph progress:  33 % 729.0
Graph progress:  34 % 413.0
Graph progress:  35 % 4905.0
Graph progress:  36 % 3960.0
Graph progress:  37 % 8439.0
Graph progress:  38 % 3121.0
Graph progress:  39 % 7789.0
Graph progress:  40 % 8575.0
Graph progress:  41 % 2007.0
Graph progress:  42 % 7779.0
Graph progress:  43 % 949.0
Graph progress:  44 % 9532.0
Graph progress:  45 % 7782.0
Graph progress:  46 % 3450.0
Graph progress:  47 % 1200.00001
Graph progress:  48 % 259.0
Graph progress:  49 % 4724.0
Graph progress:  50 % 5457.0
Graph progress:  51 % 4311.0
Graph progress:  52 % 4246.0
Graph progress:  53 % 9026.0
Graph progress:  54 % 2914.0
Graph progress:  55 % 154.00001
Graph progress:  56 % 6566.0
Graph progress:  57 % 402.00001
Graph progress:  58 % 6220.0
Graph progress:  59 % 115.0
Graph progress:  60 % 864.00001
Graph progress:  61 % 8518.0
Graph progress:  62 % 1833.0
Graph progress:  63 % 6463.0
Graph progress:  64 % 6797.0
Graph progress:  65 % 4503.0
Graph progress:  66 % 1282.0
Graph progress:  67 % 2023.0
Graph progress:  68 % 6128.0
Graph progress:  69 % 137.0
Graph progress:  70 % 1474.0
Graph progress:  71 % 4806.0
Graph progress:  72 % 1518.0
Graph progress:  73 % 85.0
Graph progress:  74 % 7069.0
Graph progress:  75 % 3115.0
Graph progress:  76 % 1476.0
Graph progress:  77 % 130.0
Graph progress:  78 % 2153.0
Graph progress:  79 % 885.0
Graph progress:  80 % 8645.0
Graph progress:  81 % 9263.0
Graph progress:  82 % 9512.0
Graph progress:  83 % 3797.0
Graph progress:  84 % 7381.0
Graph progress:  85 % 4767.0
Graph progress:  86 % 650.00001
Graph progress:  87 % 2179.0
Graph progress:  88 % 4933.0
Graph progress:  89 % 2286.0
Graph progress:  90 % 2742.00001
Graph progress:  91 % 2980.0
Graph progress:  92 % 1009.0
Graph progress:  93 % 6413.0
Graph progress:  94 % 7010.0
Graph progress:  95 % 127.0
Graph progress:  96 % 45.00002
Graph progress:  97 % 9467.0
Graph progress:  98 % 3696.00001
Graph progress:  99 % 1806.0
Processed 10855 halos in snapshot 003_z012p000 of particle type 1
Reading in 'PartType4/ParticleIDs' for z = 12.0 using 8 thread(s) took 0.107617s
Reading in 'PartType4/ParticleIDs' for z = 13.0 using 8 thread(s) took 0.268246s
Reading in 'Subhalo/SubGroupNumber' for z = 13.0 using 8 thread(s) took 0.199949s
Reading in 'Subhalo/GroupNumber' for z = 13.0 using 8 thread(s) took 0.125417s
Reading in 'Subhalo/ApertureMeasurements/Mass/030kpc' for z = 13.0 using 8 thread(s) took 0.140383s
Reading in 'PartType4/Mass' for z = 13.0 using 8 thread(s) took 0.103585s
Reading in 'PartType4/ParticleIDs' for z = 11.0 using 8 thread(s) took 1.050493s
Reading in 'Subhalo/SubGroupNumber' for z = 11.0 using 8 thread(s) took 1.92052s
Reading in 'Subhalo/GroupNumber' for z = 11.0 using 8 thread(s) took 0.149131s
Reading in 'Subhalo/ApertureMeasurements/Mass/030kpc' for z = 11.0 using 8 thread(s) took 0.131428s
Reading in 'PartType4/Mass' for z = 11.0 using 8 thread(s) took 0.085335s
Reading in 'PartType4/ParticleIDs' for z = 12.0 using 8 thread(s) took 0.099877s
Reading in 'PartType4/GroupNumber' for z = 12.0 using 8 thread(s) took 0.087971s
Reading in 'PartType4/SubGroupNumber' for z = 12.0 using 8 thread(s) took 0.086534s
Reading in 'PartType4/GroupNumber' for z = 13.0 using 8 thread(s) took 0.095085s
Reading in 'PartType4/SubGroupNumber' for z = 13.0 using 8 thread(s) took 0.088929s
Reading in 'PartType4/ParticleIDs' for z = 13.0 using 8 thread(s) took 0.085262s
Reading in 'PartType4/GroupNumber' for z = 11.0 using 8 thread(s) took 0.099073s
Reading in 'PartType4/SubGroupNumber' for z = 11.0 using 8 thread(s) took 0.082274s
Reading in 'PartType4/ParticleIDs' for z = 11.0 using 8 thread(s) took 0.089308s
Graph progress:  0 % 59.0
Graph progress:  1 % 592.0
Graph progress:  2 % 490.0
Graph progress:  3 % 293.0
Graph progress:  4 % 1856.0
Graph progress:  5 % 262.0
Graph progress:  6 % 553.0
Graph progress:  7 % 346.0
Graph progress:  8 % 1214.0
Graph progress:  9 % 228.00001
Graph progress:  10 % 660.0
Graph progress:  11 % 797.0
Graph progress:  12 % 470.0
Graph progress:  13 % 63.00001
Graph progress:  14 % 7.0
Graph progress:  15 % 951.0
Graph progress:  16 % 1801.0
Graph progress:  17 % 1419.0
Graph progress:  18 % 1918.0
Graph progress:  19 % 320.0
Graph progress:  20 % 244.0
Graph progress:  21 % 1321.0
Graph progress:  22 % 94.0
Graph progress:  23 % 563.0
Graph progress:  24 % 82.00001
Graph progress:  25 % 1275.0
Graph progress:  26 % 555.0
Graph progress:  27 % 291.0
Graph progress:  28 % 851.0
Graph progress:  29 % 388.0
Graph progress:  30 % 398.0
Graph progress:  31 % 1662.0
Graph progress:  32 % 590.0
Graph progress:  33 % 112.0
Graph progress:  34 % 992.0
Graph progress:  35 % 554.0
Graph progress:  36 % 692.0
Graph progress:  37 % 15.00002
Graph progress:  38 % 1149.0
Graph progress:  39 % 426.0
Graph progress:  40 % 357.0
Graph progress:  41 % 6.0
Graph progress:  42 % 472.0
Graph progress:  43 % 329.0
Graph progress:  44 % 283.0
Graph progress:  45 % 653.0
Graph progress:  46 % 90.0
Graph progress:  47 % 96.0
Graph progress:  48 % 4722.0
Graph progress:  49 % 494.0
Graph progress:  50 % 2993.0
Graph progress:  51 % 16.0
Graph progress:  52 % 5456.0
Graph progress:  53 % 2471.0
Graph progress:  54 % 562.0
Graph progress:  55 % 451.0
Graph progress:  56 % 1948.0
Graph progress:  57 % 2888.0
Graph progress:  58 % 34.0
Graph progress:  59 % 373.0
Graph progress:  60 % 445.0
Graph progress:  61 % 682.0
Graph progress:  62 % 890.0
Graph progress:  63 % 1911.0
Graph progress:  64 % 779.0
Graph progress:  65 % 2719.0
Graph progress:  66 % 871.0
Graph progress:  67 % 240.0
Graph progress:  68 % 621.00001
Graph progress:  69 % 749.0
Graph progress:  70 % 475.0
Graph progress:  71 % 225.0
Graph progress:  72 % 750.0
Graph progress:  73 % 667.0
Graph progress:  74 % 781.0
Graph progress:  75 % 130.0
Graph progress:  76 % 72.0
Graph progress:  77 % 221.0
Graph progress:  78 % 2.0
Graph progress:  79 % 3660.0
Graph progress:  80 % 1164.0
Graph progress:  81 % 60.0
Graph progress:  82 % 1120.0
Graph progress:  83 % 4931.0
Graph progress:  84 % 180.0
Graph progress:  85 % 1528.0
Graph progress:  86 % 477.0
Graph progress:  87 % 2145.00001
Graph progress:  88 % 1804.0
Graph progress:  89 % 1352.0
Graph progress:  90 % 325.0
Graph progress:  91 % 493.0
Graph progress:  92 % 777.0
Graph progress:  93 % 1924.0
Graph progress:  94 % 3278.0
Graph progress:  95 % 1880.0
Graph progress:  96 % 93.00001
Graph progress:  97 % 579.0
Graph progress:  98 % 2188.0
Graph progress:  99 % 7561.0
Processed 922 halos in snapshot 003_z012p000 of particle type 4
Reading in 'PartType5/ParticleIDs' for z = 12.0 using 8 thread(s) took 0.085512s
Reading in 'PartType5/ParticleIDs' for z = 13.0 using 8 thread(s) took 0.081282s
Reading in 'Subhalo/SubGroupNumber' for z = 13.0 using 8 thread(s) took 0.122145s
Reading in 'Subhalo/GroupNumber' for z = 13.0 using 8 thread(s) took 0.12397s
Reading in 'Subhalo/ApertureMeasurements/Mass/030kpc' for z = 13.0 using 8 thread(s) took 0.122247s
Reading in 'PartType5/Mass' for z = 13.0 using 8 thread(s) took 0.079015s
Reading in 'PartType5/ParticleIDs' for z = 11.0 using 8 thread(s) took 0.317581s
Reading in 'Subhalo/SubGroupNumber' for z = 11.0 using 8 thread(s) took 0.169641s
Reading in 'Subhalo/GroupNumber' for z = 11.0 using 8 thread(s) took 0.126812s
Reading in 'Subhalo/ApertureMeasurements/Mass/030kpc' for z = 11.0 using 8 thread(s) took 0.138951s
Reading in 'PartType5/Mass' for z = 11.0 using 8 thread(s) took 0.082343s
Reading in 'PartType5/ParticleIDs' for z = 12.0 using 8 thread(s) took 0.08516s
Reading in 'PartType5/GroupNumber' for z = 12.0 using 8 thread(s) took 0.075954s
Reading in 'PartType5/SubGroupNumber' for z = 12.0 using 8 thread(s) took 0.081645s
Reading in 'PartType5/GroupNumber' for z = 13.0 using 8 thread(s) took 0.074731s
Reading in 'PartType5/SubGroupNumber' for z = 13.0 using 8 thread(s) took 0.077386s
Reading in 'PartType5/ParticleIDs' for z = 13.0 using 8 thread(s) took 0.08725s
Reading in 'PartType5/GroupNumber' for z = 11.0 using 8 thread(s) took 0.081396s
Reading in 'PartType5/SubGroupNumber' for z = 11.0 using 8 thread(s) took 0.079067s
Reading in 'PartType5/ParticleIDs' for z = 11.0 using 8 thread(s) took 0.082712s
Graph progress:  0 % 1.00006
Graph progress:  25 % 3.0
Graph progress:  50 % 2.0
Graph progress:  75 % 4.00001
Processed 4 halos in snapshot 003_z012p000 of particle type 5
Reading in 'PartType0/ParticleIDs' for z = 12.0 using 8 thread(s) took 7.01329s
Reading in 'PartType0/ParticleIDs' for z = 13.0 using 8 thread(s) took 6.638214s
Reading in 'Subhalo/SubGroupNumber' for z = 13.0 using 8 thread(s) took 0.199107s
Reading in 'Subhalo/GroupNumber' for z = 13.0 using 8 thread(s) took 0.161314s
Reading in 'Subhalo/ApertureMeasurements/Mass/030kpc' for z = 13.0 using 8 thread(s) took 0.172705s
Reading in 'PartType0/Mass' for z = 13.0 using 8 thread(s) took 0.141089s
Reading in 'PartType0/ParticleIDs' for z = 11.0 using 8 thread(s) took 7.542214s
Reading in 'Subhalo/SubGroupNumber' for z = 11.0 using 8 thread(s) took 0.264075s
Reading in 'Subhalo/GroupNumber' for z = 11.0 using 8 thread(s) took 0.224137s
Reading in 'Subhalo/ApertureMeasurements/Mass/030kpc' for z = 11.0 using 8 thread(s) took 0.219504s
Reading in 'PartType0/Mass' for z = 11.0 using 8 thread(s) took 0.217083s
Reading in 'PartType0/ParticleIDs' for z = 12.0 using 8 thread(s) took 0.216581s
Reading in 'PartType0/GroupNumber' for z = 12.0 using 8 thread(s) took 0.204742s
Reading in 'PartType0/SubGroupNumber' for z = 12.0 using 8 thread(s) took 0.200306s
Reading in 'PartType0/GroupNumber' for z = 13.0 using 8 thread(s) took 0.205726s
Reading in 'PartType0/SubGroupNumber' for z = 13.0 using 8 thread(s) took 0.237872s
Reading in 'PartType0/ParticleIDs' for z = 13.0 using 8 thread(s) took 0.216024s
Reading in 'PartType0/GroupNumber' for z = 11.0 using 8 thread(s) took 0.233525s
Reading in 'PartType0/SubGroupNumber' for z = 11.0 using 8 thread(s) took 0.258518s
Reading in 'PartType0/ParticleIDs' for z = 11.0 using 8 thread(s) took 0.250471s
Graph progress:  0 % 5535.0
Graph progress:  1 % 9343.0
Graph progress:  2 % 8502.0
Graph progress:  3 % 4477.0
Graph progress:  4 % 586.00001
Graph progress:  5 % 8160.0
Graph progress:  6 % 5710.0
Graph progress:  7 % 8831.0
Graph progress:  8 % 203.0
Graph progress:  9 % 184.0
Graph progress:  10 % 2989.0
Graph progress:  11 % 8503.0
Graph progress:  12 % 1950.0
Graph progress:  13 % 8692.0
Graph progress:  14 % 5107.0
Graph progress:  15 % 2546.0
Graph progress:  16 % 6998.0
Graph progress:  17 % 8946.0
Graph progress:  18 % 5004.0
Graph progress:  19 % 2656.00001
Graph progress:  20 % 7823.0
Graph progress:  21 % 1543.0
Graph progress:  22 % 88.0
Graph progress:  23 % 4534.0
Graph progress:  24 % 925.0
Graph progress:  25 % 3851.0
Graph progress:  26 % 1073.0
Graph progress:  27 % 4026.0
Graph progress:  28 % 9429.0
Graph progress:  29 % 5864.0
Graph progress:  30 % 161.0
Graph progress:  31 % 9125.0
Graph progress:  32 % 19.00003
Graph progress:  33 % 2212.0
Graph progress:  34 % 4913.0
Graph progress:  35 % 4605.0
Graph progress:  36 % 512.0
Graph progress:  37 % 3451.0
Graph progress:  38 % 5763.0
Graph progress:  39 % 1444.0
Graph progress:  40 % 892.0
Graph progress:  41 % 6954.0
Graph progress:  42 % 6069.0
Graph progress:  43 % 5671.0
Graph progress:  44 % 4262.0
Graph progress:  45 % 2062.0
Graph progress:  46 % 5613.0
Graph progress:  47 % 744.00001
Graph progress:  48 % 287.00001
Graph progress:  49 % 5130.0
Graph progress:  50 % 5193.0
Graph progress:  51 % 1399.0
Graph progress:  52 % 8017.0
Graph progress:  53 % 6336.0
Graph progress:  54 % 464.0
Graph progress:  55 % 9047.0
Graph progress:  56 % 3173.0
Graph progress:  57 % 9497.0
Graph progress:  58 % 747.0
Graph progress:  59 % 2497.0
Graph progress:  60 % 5432.0
Graph progress:  61 % 6116.0
Graph progress:  62 % 6113.0
Graph progress:  63 % 9229.0
Graph progress:  64 % 9508.0
Graph progress:  65 % 4825.0
Graph progress:  66 % 5651.0
Graph progress:  67 % 1625.0
Graph progress:  68 % 8381.0
Graph progress:  69 % 7469.0
Graph progress:  70 % 1097.00001
Graph progress:  71 % 1197.0
Graph progress:  72 % 476.00002
Graph progress:  73 % 4604.00001
Graph progress:  74 % 2304.0
Graph progress:  75 % 9596.0
Graph progress:  76 % 3043.0
Graph progress:  77 % 6235.0
Graph progress:  78 % 3953.0
Graph progress:  79 % 353.0
Graph progress:  80 % 3681.0
Graph progress:  81 % 72.00002
Graph progress:  82 % 2539.0
Graph progress:  83 % 2166.0
Graph progress:  84 % 9161.0
Graph progress:  85 % 3237.0
Graph progress:  86 % 56.00001
Graph progress:  87 % 6854.0
Graph progress:  88 % 9416.0
Graph progress:  89 % 2183.0
Graph progress:  90 % 3088.0
Graph progress:  91 % 2980.0
Graph progress:  92 % 4105.0
Graph progress:  93 % 369.00001
Graph progress:  94 % 5996.0
Graph progress:  95 % 5517.0
Graph progress:  96 % 45.00001
Graph progress:  97 % 9162.0
Graph progress:  98 % 3569.0
Graph progress:  99 % 5703.0
Processed 10864 halos in snapshot 003_z012p000 of particle type 0
Write progress:  0 % 5535.0
Write progress:  1 % 8508.0
Write progress:  2 % 7713.0
Write progress:  3 % 5206.0
Write progress:  4 % 9195.0
Write progress:  5 % 3764.0
Write progress:  6 % 1484.0
Write progress:  7 % 5809.0
Write progress:  8 % 5801.0
Write progress:  9 % 4481.0
Write progress:  10 % 6205.0
Write progress:  11 % 797.0
Write progress:  12 % 5361.0
Write progress:  13 % 932.00001
Write progress:  14 % 5788.0
Write progress:  15 % 3807.0
Write progress:  16 % 8624.0
Write progress:  17 % 6159.0
Write progress:  18 % 1982.0
Write progress:  19 % 605.0
Write progress:  20 % 7654.0
Write progress:  21 % 1615.0
Write progress:  22 % 1350.0
Write progress:  23 % 1920.0
Write progress:  24 % 599.0
Write progress:  25 % 5602.0
Write progress:  26 % 1405.0
Write progress:  27 % 70.0
Write progress:  28 % 2777.0
Write progress:  29 % 458.00002
Write progress:  30 % 1894.0
Write progress:  31 % 6966.0
Write progress:  32 % 471.0
Write progress:  33 % 729.0
Write progress:  34 % 413.0
Write progress:  35 % 4905.0
Write progress:  36 % 3960.0
Write progress:  37 % 8439.0
Write progress:  38 % 3121.0
Write progress:  39 % 7789.0
Write progress:  40 % 8575.0
Write progress:  41 % 2007.0
Write progress:  42 % 7779.0
Write progress:  43 % 949.0
Write progress:  44 % 9532.0
Write progress:  45 % 7782.0
Write progress:  46 % 3450.0
Write progress:  47 % 1200.00001
Write progress:  48 % 259.0
Write progress:  49 % 4724.0
Write progress:  50 % 5457.0
Write progress:  51 % 4311.0
Write progress:  52 % 4246.0
Write progress:  53 % 9026.0
Write progress:  54 % 2914.0
Write progress:  55 % 154.00001
Write progress:  56 % 6566.0
Write progress:  57 % 402.00001
Write progress:  58 % 6220.0
Write progress:  59 % 115.0
Write progress:  60 % 864.00001
Write progress:  61 % 8518.0
Write progress:  62 % 1833.0
Write progress:  63 % 6463.0
Write progress:  64 % 6797.0
Write progress:  65 % 4503.0
Write progress:  66 % 1282.0
Write progress:  67 % 2023.0
Write progress:  68 % 6128.0
Write progress:  69 % 137.0
Write progress:  70 % 1474.0
Write progress:  71 % 4806.0
Write progress:  72 % 1518.0
Write progress:  73 % 85.0
Write progress:  74 % 7069.0
Write progress:  75 % 3115.0
Write progress:  76 % 1476.0
Write progress:  77 % 130.0
Write progress:  78 % 2153.0
Write progress:  79 % 885.0
Write progress:  80 % 8645.0
Write progress:  81 % 9263.0
Write progress:  82 % 9512.0
Write progress:  83 % 3797.0
Write progress:  84 % 7381.0
Write progress:  85 % 4767.0
Write progress:  86 % 650.00001
Write progress:  87 % 2179.0
Write progress:  88 % 4933.0
Write progress:  89 % 2286.0
Write progress:  90 % 2742.00001
Write progress:  91 % 2980.0
Write progress:  92 % 1009.0
Write progress:  93 % 6413.0
Write progress:  94 % 7010.0
Write progress:  95 % 127.0
Write progress:  96 % 45.00002
Write progress:  97 % 9467.0
Write progress:  98 % 3696.00001
Write progress:  99 % 1806.0
Job done, info follows...
       JobID    JobName  Partition     MaxRSS    Elapsed ExitCode 
------------ ---------- ---------- ---------- ---------- -------- 
2042958_172  MEGA-FLAR+     cosma6              00:03:52      0:0 
2042958_172+     extern                         00:03:52      0:0 
