====
Starting job 2043589 at Fri 24 Apr 02:50:44 BST 2020 for user dc-rope1.
Running on nodes: m6456
====
449
('02', '004_z011p000', '005_z010p000', '006_z009p000')
Reading in 'PartType1/ParticleIDs' for z = 10.0 using 8 thread(s) took 10.38419s
Reading in 'PartType1/ParticleIDs' for z = 10.0 using 8 thread(s) took 0.46335s
Reading in 'PartType1/GroupNumber' for z = 10.0 using 8 thread(s) took 0.151041s
Reading in 'PartType1/SubGroupNumber' for z = 10.0 using 8 thread(s) took 0.186428s
Reading in 'PartType1/GroupNumber' for z = 11.0 using 8 thread(s) took 0.465373s
Reading in 'PartType1/SubGroupNumber' for z = 11.0 using 8 thread(s) took 0.23808s
Reading in 'PartType1/ParticleIDs' for z = 11.0 using 8 thread(s) took 0.296511s
Reading in 'PartType1/GroupNumber' for z = 9.0 using 8 thread(s) took 0.694031s
Reading in 'PartType1/SubGroupNumber' for z = 9.0 using 8 thread(s) took 0.416384s
Reading in 'PartType1/ParticleIDs' for z = 9.0 using 8 thread(s) took 0.580258s
Graph progress:  0 % 44270.0
Graph progress:  1 % 57962.0
Graph progress:  2 % 54095.0
Graph progress:  3 % 16862.0
Graph progress:  4 % 21435.0
Graph progress:  5 % 17411.0
Graph progress:  6 % 15922.0
Graph progress:  7 % 86839.0
Graph progress:  8 % 46228.0
Graph progress:  9 % 19690.0
Graph progress:  10 % 10245.00002
Graph progress:  11 % 23657.0
Graph progress:  12 % 26487.0
Graph progress:  13 % 74406.0
Graph progress:  14 % 21407.0
Graph progress:  15 % 29038.0
Graph progress:  16 % 32302.0
Graph progress:  17 % 21520.0
Graph progress:  18 % 66131.0
Graph progress:  19 % 60277.0
Graph progress:  20 % 37953.0
Graph progress:  21 % 93811.0
Graph progress:  22 % 11473.0
Graph progress:  23 % 48057.0
Graph progress:  24 % 71673.0
Graph progress:  25 % 82459.0
Graph progress:  26 % 23127.0
Graph progress:  27 % 78462.0
Graph progress:  28 % 60303.0
Graph progress:  29 % 24111.00001
Graph progress:  30 % 24967.0
Graph progress:  31 % 11985.0
Graph progress:  32 % 95.00005
Graph progress:  33 % 12590.0
Graph progress:  34 % 26857.0
Graph progress:  35 % 45135.0
Graph progress:  36 % 56133.0
Graph progress:  37 % 35564.0
Graph progress:  38 % 101377.0
Graph progress:  39 % 37448.0
Graph progress:  40 % 46288.0
Graph progress:  41 % 1027.0
Graph progress:  42 % 47852.0
Graph progress:  43 % 1.0
Graph progress:  44 % 4929.0
Graph progress:  45 % 50392.0
Graph progress:  46 % 100375.0
Graph progress:  47 % 12972.00001
Graph progress:  48 % 97564.0
Graph progress:  49 % 7455.0
Graph progress:  50 % 47102.0
Graph progress:  51 % 76399.0
Graph progress:  52 % 27398.0
Graph progress:  53 % 86697.0
Graph progress:  54 % 81212.0
Graph progress:  55 % 82997.0
Graph progress:  56 % 99824.0
Graph progress:  57 % 87402.0
Graph progress:  58 % 41368.00001
Graph progress:  59 % 52400.0
Graph progress:  60 % 88966.0
Graph progress:  61 % 65299.0
Graph progress:  62 % 55480.0
Graph progress:  63 % 46755.0
Graph progress:  64 % 100202.0
Graph progress:  65 % 30020.0
Graph progress:  66 % 100689.0
Graph progress:  67 % 23701.0
Graph progress:  68 % 30615.0
Graph progress:  69 % 12406.00001
Graph progress:  70 % 90351.0
Graph progress:  71 % 30154.0
Graph progress:  72 % 3659.0
Graph progress:  73 % 13176.0
Graph progress:  74 % 79377.0
Graph progress:  75 % 101678.0
Graph progress:  76 % 17530.0
Graph progress:  77 % 32792.0
Graph progress:  78 % 89356.0
Graph progress:  79 % 31424.0
Graph progress:  80 % 14113.0
Graph progress:  81 % 41695.0
Graph progress:  82 % 39061.0
Graph progress:  83 % 6242.0
Graph progress:  84 % 74326.0
Graph progress:  85 % 19023.0
Graph progress:  86 % 17391.0
Graph progress:  87 % 24940.0
Graph progress:  88 % 19866.0
Graph progress:  89 % 4983.0
Graph progress:  90 % 101184.0
Graph progress:  91 % 55526.0
Graph progress:  92 % 20200.00001
Graph progress:  93 % 54043.0
Graph progress:  94 % 6527.0
Graph progress:  95 % 97758.0
Graph progress:  96 % 14319.0
Graph progress:  97 % 42868.0
Graph progress:  98 % 48855.0
Graph progress:  99 % 39302.0
Processed 126267 halos in snapshot 005_z010p000 of particle type 1
Reading in 'PartType4/ParticleIDs' for z = 10.0 using 8 thread(s) took 0.265046s
Reading in 'PartType4/ParticleIDs' for z = 11.0 using 8 thread(s) took 0.362424s
Reading in 'Subhalo/SubGroupNumber' for z = 11.0 using 8 thread(s) took 0.371487s
Reading in 'Subhalo/GroupNumber' for z = 11.0 using 8 thread(s) took 0.257565s
Reading in 'Subhalo/ApertureMeasurements/Mass/030kpc' for z = 11.0 using 8 thread(s) took 0.266277s
Reading in 'PartType4/Mass' for z = 11.0 using 8 thread(s) took 0.259129s
Reading in 'PartType4/ParticleIDs' for z = 9.0 using 8 thread(s) took 1.161734s
Reading in 'Subhalo/SubGroupNumber' for z = 9.0 using 8 thread(s) took 1.780047s
Reading in 'Subhalo/GroupNumber' for z = 9.0 using 8 thread(s) took 0.288465s
Reading in 'Subhalo/ApertureMeasurements/Mass/030kpc' for z = 9.0 using 8 thread(s) took 0.280064s
Reading in 'PartType4/Mass' for z = 9.0 using 8 thread(s) took 0.309137s
Reading in 'PartType4/ParticleIDs' for z = 10.0 using 8 thread(s) took 0.230621s
Reading in 'PartType4/GroupNumber' for z = 10.0 using 8 thread(s) took 0.221245s
Reading in 'PartType4/SubGroupNumber' for z = 10.0 using 8 thread(s) took 0.218113s
Reading in 'PartType4/GroupNumber' for z = 11.0 using 8 thread(s) took 0.202502s
Reading in 'PartType4/SubGroupNumber' for z = 11.0 using 8 thread(s) took 0.225311s
Reading in 'PartType4/ParticleIDs' for z = 11.0 using 8 thread(s) took 0.229176s
Reading in 'PartType4/GroupNumber' for z = 9.0 using 8 thread(s) took 0.218628s
Reading in 'PartType4/SubGroupNumber' for z = 9.0 using 8 thread(s) took 0.28186s
Reading in 'PartType4/ParticleIDs' for z = 9.0 using 8 thread(s) took 0.286081s
Graph progress:  0 % 3826.0
Graph progress:  1 % 3466.0
Graph progress:  2 % 21750.0
Graph progress:  3 % 4252.0
Graph progress:  4 % 837.0
Graph progress:  5 % 27487.0
Graph progress:  6 % 2265.0
Graph progress:  7 % 23473.0
Graph progress:  8 % 8137.0
Graph progress:  9 % 7718.0
Graph progress:  10 % 13154.0
Graph progress:  11 % 5508.0
Graph progress:  12 % 4063.0
Graph progress:  13 % 9215.0
Graph progress:  14 % 9011.0
Graph progress:  15 % 9895.0
Graph progress:  16 % 1907.0
Graph progress:  17 % 16509.0
Graph progress:  18 % 12925.0
Graph progress:  19 % 152.00001
Graph progress:  20 % 14665.0
Graph progress:  21 % 1569.0
Graph progress:  22 % 2846.0
Graph progress:  23 % 4033.00002
Graph progress:  24 % 28.0001
Graph progress:  25 % 1140.00002
Graph progress:  26 % 340.0
Graph progress:  27 % 16007.0
Graph progress:  28 % 4700.0
Graph progress:  29 % 21140.0
Graph progress:  30 % 9032.0
Graph progress:  31 % 19097.0
Graph progress:  32 % 18647.0
Graph progress:  33 % 2168.0
Graph progress:  34 % 41083.0
Graph progress:  35 % 3179.0
Graph progress:  36 % 3271.0
Graph progress:  37 % 1988.00001
Graph progress:  38 % 19773.0
Graph progress:  39 % 4818.0
Graph progress:  40 % 151.00001
Graph progress:  41 % 634.00004
Graph progress:  42 % 7573.0
Graph progress:  43 % 5479.0
Graph progress:  44 % 12474.0
Graph progress:  45 % 8486.0
Graph progress:  46 % 3971.0
Graph progress:  47 % 2462.0
Graph progress:  48 % 6423.0
Graph progress:  49 % 12847.0
Graph progress:  50 % 1686.0
Graph progress:  51 % 9655.0
Graph progress:  52 % 29390.0
Graph progress:  53 % 165.00004
Graph progress:  54 % 3356.00001
Graph progress:  55 % 414.00001
Graph progress:  56 % 13329.0
Graph progress:  57 % 69.00005
Graph progress:  58 % 1479.00001
Graph progress:  59 % 1508.00002
Graph progress:  60 % 3010.0
Graph progress:  61 % 5353.0
Graph progress:  62 % 4785.0
Graph progress:  63 % 2452.00001
Graph progress:  64 % 33804.0
Graph progress:  65 % 30981.0
Graph progress:  66 % 114.00002
Graph progress:  67 % 28773.0
Graph progress:  68 % 1771.00001
Graph progress:  69 % 3003.00002
Graph progress:  70 % 15618.0
Graph progress:  71 % 12440.0
Graph progress:  72 % 10264.0
Graph progress:  73 % 2183.0
Graph progress:  74 % 6209.0
Graph progress:  75 % 4944.0
Graph progress:  76 % 3985.0
Graph progress:  77 % 18779.0
Graph progress:  78 % 10066.0
Graph progress:  79 % 895.00001
Graph progress:  80 % 12643.0
Graph progress:  81 % 15510.0
Graph progress:  82 % 8726.0
Graph progress:  83 % 7717.0
Graph progress:  84 % 1342.0
Graph progress:  85 % 791.0
Graph progress:  86 % 16982.0
Graph progress:  87 % 19.00003
Graph progress:  88 % 11280.0
Graph progress:  89 % 167.00002
Graph progress:  90 % 9841.0
Graph progress:  91 % 8318.0
Graph progress:  92 % 14578.0
Graph progress:  93 % 4479.0
Graph progress:  94 % 20233.0
Graph progress:  95 % 698.00001
Graph progress:  96 % 16900.0
Graph progress:  97 % 330.0
Graph progress:  98 % 3675.0
Graph progress:  99 % 23693.0
Processed 14841 halos in snapshot 005_z010p000 of particle type 4
Reading in 'PartType5/ParticleIDs' for z = 10.0 using 8 thread(s) took 0.218216s
Reading in 'PartType5/ParticleIDs' for z = 11.0 using 8 thread(s) took 0.231237s
Reading in 'Subhalo/SubGroupNumber' for z = 11.0 using 8 thread(s) took 0.268304s
Reading in 'Subhalo/GroupNumber' for z = 11.0 using 8 thread(s) took 0.265127s
Reading in 'Subhalo/ApertureMeasurements/Mass/030kpc' for z = 11.0 using 8 thread(s) took 0.268468s
Reading in 'PartType5/Mass' for z = 11.0 using 8 thread(s) took 0.219932s
Reading in 'PartType5/ParticleIDs' for z = 9.0 using 8 thread(s) took 1.553265s
Reading in 'Subhalo/SubGroupNumber' for z = 9.0 using 8 thread(s) took 0.29919s
Reading in 'Subhalo/GroupNumber' for z = 9.0 using 8 thread(s) took 0.260307s
Reading in 'Subhalo/ApertureMeasurements/Mass/030kpc' for z = 9.0 using 8 thread(s) took 0.300365s
Reading in 'PartType5/Mass' for z = 9.0 using 8 thread(s) took 0.321523s
Reading in 'PartType5/ParticleIDs' for z = 10.0 using 8 thread(s) took 0.211041s
Reading in 'PartType5/GroupNumber' for z = 10.0 using 8 thread(s) took 0.224152s
Reading in 'PartType5/SubGroupNumber' for z = 10.0 using 8 thread(s) took 0.219102s
Reading in 'PartType5/GroupNumber' for z = 11.0 using 8 thread(s) took 0.213779s
Reading in 'PartType5/SubGroupNumber' for z = 11.0 using 8 thread(s) took 0.216894s
Reading in 'PartType5/ParticleIDs' for z = 11.0 using 8 thread(s) took 0.215073s
Reading in 'PartType5/GroupNumber' for z = 9.0 using 8 thread(s) took 0.243737s
Reading in 'PartType5/SubGroupNumber' for z = 9.0 using 8 thread(s) took 0.234421s
Reading in 'PartType5/ParticleIDs' for z = 9.0 using 8 thread(s) took 0.216251s
Graph progress:  0 % 36.00017
Graph progress:  1 % 673.00001
Graph progress:  2 % 13.00001
Graph progress:  3 % 129.00005
Graph progress:  4 % 25.00004
Graph progress:  5 % 25.00014
Graph progress:  6 % 259.0
Graph progress:  7 % 395.0
Graph progress:  8 % 38.0
Graph progress:  9 % 3289.0
Graph progress:  10 % 13.0
Graph progress:  11 % 347.0
Graph progress:  12 % 520.0
Graph progress:  13 % 87.0
Graph progress:  14 % 828.0
Graph progress:  15 % 996.00001
Graph progress:  16 % 26.0
Graph progress:  17 % 326.00002
Graph progress:  18 % 262.0
Graph progress:  19 % 28.0
Graph progress:  20 % 202.0
Graph progress:  21 % 279.0
Graph progress:  22 % 475.00002
Graph progress:  23 % 16.00001
Graph progress:  24 % 884.0
Graph progress:  25 % 320.0
Graph progress:  26 % 371.00001
Graph progress:  27 % 349.0
Graph progress:  28 % 257.00002
Graph progress:  29 % 529.0
Graph progress:  30 % 338.00001
Graph progress:  31 % 353.0
Graph progress:  32 % 366.0
Graph progress:  33 % 771.00002
Graph progress:  34 % 209.0
Graph progress:  35 % 406.0
Graph progress:  36 % 30.0
Graph progress:  37 % 269.00001
Graph progress:  38 % 4.00004
Graph progress:  39 % 117.00001
Graph progress:  40 % 163.0
Graph progress:  41 % 219.00003
Graph progress:  42 % 418.00004
Graph progress:  43 % 104.0
Graph progress:  44 % 309.00004
Graph progress:  45 % 554.00001
Graph progress:  46 % 660.0
Graph progress:  47 % 706.0
Graph progress:  48 % 519.0
Graph progress:  49 % 69.00005
Graph progress:  50 % 264.0
Graph progress:  51 % 41.0
Graph progress:  52 % 47.00011
Graph progress:  53 % 500.00002
Graph progress:  54 % 675.0
Graph progress:  55 % 267.00003
Graph progress:  56 % 292.0
Graph progress:  57 % 589.00001
Graph progress:  58 % 114.0
Graph progress:  59 % 5.0002
Graph progress:  60 % 277.00002
Graph progress:  61 % 49.00009
Graph progress:  62 % 39.0
Graph progress:  63 % 1338.0
Graph progress:  64 % 182.0
Graph progress:  65 % 135.0
Graph progress:  66 % 66.00007
Graph progress:  67 % 230.0
Graph progress:  68 % 85.0
Graph progress:  69 % 1148.0
Graph progress:  70 % 213.0
Graph progress:  71 % 6.00032
Graph progress:  72 % 35.00001
Graph progress:  73 % 472.00003
Graph progress:  74 % 175.0
Graph progress:  75 % 193.0
Graph progress:  76 % 278.00002
Graph progress:  77 % 75.0
Graph progress:  78 % 498.00002
Graph progress:  79 % 271.00002
Graph progress:  80 % 18.0
Graph progress:  81 % 489.00002
Graph progress:  82 % 1522.0
Graph progress:  83 % 3.00016
Graph progress:  84 % 89.00001
Graph progress:  85 % 203.0
Graph progress:  86 % 1651.0
Graph progress:  87 % 200.0
Graph progress:  88 % 402.00003
Graph progress:  89 % 3.00001
Graph progress:  90 % 420.00002
Graph progress:  91 % 246.0
Graph progress:  92 % 61.00005
Graph progress:  93 % 296.00001
Graph progress:  94 % 110.00006
Graph progress:  95 % 147.00002
Graph progress:  96 % 29.00005
Graph progress:  97 % 487.00003
Graph progress:  98 % 511.00001
Graph progress:  99 % 563.0
Processed 622 halos in snapshot 005_z010p000 of particle type 5
Reading in 'PartType0/ParticleIDs' for z = 10.0 using 8 thread(s) took 9.461913s
Reading in 'PartType0/ParticleIDs' for z = 11.0 using 8 thread(s) took 9.868999s
Reading in 'Subhalo/SubGroupNumber' for z = 11.0 using 8 thread(s) took 0.351523s
Reading in 'Subhalo/GroupNumber' for z = 11.0 using 8 thread(s) took 0.344447s
Reading in 'Subhalo/ApertureMeasurements/Mass/030kpc' for z = 11.0 using 8 thread(s) took 0.344328s
Reading in 'PartType0/Mass' for z = 11.0 using 8 thread(s) took 0.375536s
Reading in 'PartType0/ParticleIDs' for z = 9.0 using 8 thread(s) took 11.303176s
Reading in 'Subhalo/SubGroupNumber' for z = 9.0 using 8 thread(s) took 0.405795s
Reading in 'Subhalo/GroupNumber' for z = 9.0 using 8 thread(s) took 0.412118s
Reading in 'Subhalo/ApertureMeasurements/Mass/030kpc' for z = 9.0 using 8 thread(s) took 0.394364s
Reading in 'PartType0/Mass' for z = 9.0 using 8 thread(s) took 0.488763s
Reading in 'PartType0/ParticleIDs' for z = 10.0 using 8 thread(s) took 0.534349s
Reading in 'PartType0/GroupNumber' for z = 10.0 using 8 thread(s) took 0.430096s
Reading in 'PartType0/SubGroupNumber' for z = 10.0 using 8 thread(s) took 0.430183s
Reading in 'PartType0/GroupNumber' for z = 11.0 using 8 thread(s) took 0.430131s
Reading in 'PartType0/SubGroupNumber' for z = 11.0 using 8 thread(s) took 0.452808s
Reading in 'PartType0/ParticleIDs' for z = 11.0 using 8 thread(s) took 0.497388s
Reading in 'PartType0/GroupNumber' for z = 9.0 using 8 thread(s) took 0.530797s
Reading in 'PartType0/SubGroupNumber' for z = 9.0 using 8 thread(s) took 0.546685s
Reading in 'PartType0/ParticleIDs' for z = 9.0 using 8 thread(s) took 0.752683s
Graph progress:  0 % 52741.0
Graph progress:  1 % 68317.0
Graph progress:  2 % 10247.0
Graph progress:  3 % 33587.0
Graph progress:  4 % 54081.0
Graph progress:  5 % 47469.0
Graph progress:  6 % 97212.0
Graph progress:  7 % 13147.0
Graph progress:  8 % 2666.00001
Graph progress:  9 % 1398.0
Graph progress:  10 % 6935.00001
Graph progress:  11 % 26272.0
Graph progress:  12 % 84152.0
Graph progress:  13 % 56778.0
Graph progress:  14 % 21241.0
Graph progress:  15 % 4603.0
Graph progress:  16 % 93878.0
Graph progress:  17 % 10872.0
Graph progress:  18 % 33768.0
Graph progress:  19 % 76121.0
Graph progress:  20 % 92359.0
Graph progress:  21 % 31527.0
Graph progress:  22 % 15155.0
Graph progress:  23 % 4352.0
Graph progress:  24 % 59559.0
Graph progress:  25 % 29037.00001
Graph progress:  26 % 23427.0
Graph progress:  27 % 89513.0
Graph progress:  28 % 100842.0
Graph progress:  29 % 33494.0
Graph progress:  30 % 21555.0
Graph progress:  31 % 72294.0
Graph progress:  32 % 95.0
Graph progress:  33 % 15578.00001
Graph progress:  34 % 70947.0
Graph progress:  35 % 71297.0
Graph progress:  36 % 9493.0
Graph progress:  37 % 3054.00001
Graph progress:  38 % 1290.0
Graph progress:  39 % 46311.0
Graph progress:  40 % 78931.0
Graph progress:  41 % 53731.0
Graph progress:  42 % 78948.0
Graph progress:  43 % 44955.0
Graph progress:  44 % 79441.0
Graph progress:  45 % 92709.0
Graph progress:  46 % 4291.0
Graph progress:  47 % 12356.0
Graph progress:  48 % 8211.0
Graph progress:  49 % 17877.0
Graph progress:  50 % 72643.0
Graph progress:  51 % 83987.0
Graph progress:  52 % 17859.0
Graph progress:  53 % 50596.0
Graph progress:  54 % 60343.0
Graph progress:  55 % 87450.0
Graph progress:  56 % 65910.0
Graph progress:  57 % 106056.0
Graph progress:  58 % 31197.0
Graph progress:  59 % 58535.0
Graph progress:  60 % 47355.0
Graph progress:  61 % 22869.0
Graph progress:  62 % 48374.00001
Graph progress:  63 % 16080.0
Graph progress:  64 % 60006.0
Graph progress:  65 % 22499.0
Graph progress:  66 % 71840.0
Graph progress:  67 % 91993.0
Graph progress:  68 % 94031.0
Graph progress:  69 % 16221.0
Graph progress:  70 % 1480.00001
Graph progress:  71 % 898.0
Graph progress:  72 % 79348.0
Graph progress:  73 % 76073.0
Graph progress:  74 % 86426.0
Graph progress:  75 % 40584.0
Graph progress:  76 % 54880.0
Graph progress:  77 % 54237.0
Graph progress:  78 % 85003.0
Graph progress:  79 % 100011.0
Graph progress:  80 % 4383.00001
Graph progress:  81 % 1599.00001
Graph progress:  82 % 25856.0
Graph progress:  83 % 103500.0
Graph progress:  84 % 26077.0
Graph progress:  85 % 9424.0
Graph progress:  86 % 956.00002
Graph progress:  87 % 66327.0
Graph progress:  88 % 56032.0
Graph progress:  89 % 29581.0
Graph progress:  90 % 54651.0
Graph progress:  91 % 72820.0
Graph progress:  92 % 48851.0
Graph progress:  93 % 36408.0
Graph progress:  94 % 1846.00001
Graph progress:  95 % 39293.0
Graph progress:  96 % 25144.0
Graph progress:  97 % 41689.00001
Graph progress:  98 % 21.00013
Graph progress:  99 % 2018.00001
Processed 125337 halos in snapshot 005_z010p000 of particle type 0
Write progress:  0 % 44270.0
Write progress:  1 % 57962.0
Write progress:  2 % 54095.0
Write progress:  3 % 16862.0
Write progress:  4 % 21435.0
Write progress:  5 % 17411.0
Write progress:  6 % 15922.0
Write progress:  7 % 86839.0
Write progress:  8 % 46228.0
Write progress:  9 % 19690.0
Write progress:  10 % 10245.00002
Write progress:  11 % 23657.0
Write progress:  12 % 26487.0
Write progress:  13 % 74406.0
Write progress:  14 % 21407.0
Write progress:  15 % 29038.0
Write progress:  16 % 32302.0
Write progress:  17 % 21520.0
Write progress:  18 % 66131.0
Write progress:  19 % 60277.0
Write progress:  20 % 37953.0
Write progress:  21 % 93811.0
Write progress:  22 % 11473.0
Write progress:  23 % 48057.0
Write progress:  24 % 71673.0
Write progress:  25 % 82459.0
Write progress:  26 % 23127.0
Write progress:  27 % 78462.0
Write progress:  28 % 60303.0
Write progress:  29 % 24111.00001
Write progress:  30 % 24967.0
Write progress:  31 % 11985.0
Write progress:  32 % 95.00005
Write progress:  33 % 12590.0
Write progress:  34 % 26857.0
Write progress:  35 % 45135.0
Write progress:  36 % 56133.0
Write progress:  37 % 35564.0
Write progress:  38 % 101377.0
Write progress:  39 % 37448.0
Write progress:  40 % 46288.0
Write progress:  41 % 1027.0
Write progress:  42 % 47852.0
Write progress:  43 % 1.0
Write progress:  44 % 4929.0
Write progress:  45 % 50392.0
Write progress:  46 % 100375.0
Write progress:  47 % 12972.00001
Write progress:  48 % 97564.0
Write progress:  49 % 7455.0
Write progress:  50 % 47102.0
Write progress:  51 % 76399.0
Write progress:  52 % 27398.0
Write progress:  53 % 86697.0
Write progress:  54 % 81212.0
Write progress:  55 % 82997.0
Write progress:  56 % 99824.0
Write progress:  57 % 87402.0
Write progress:  58 % 41368.00001
Write progress:  59 % 52400.0
Write progress:  60 % 88966.0
Write progress:  61 % 65299.0
Write progress:  62 % 55480.0
Write progress:  63 % 46755.0
Write progress:  64 % 100202.0
Write progress:  65 % 30020.0
Write progress:  66 % 100689.0
Write progress:  67 % 23701.0
Write progress:  68 % 30615.0
Write progress:  69 % 12406.00001
Write progress:  70 % 90351.0
Write progress:  71 % 30154.0
Write progress:  72 % 3659.0
Write progress:  73 % 13176.0
Write progress:  74 % 79377.0
Write progress:  75 % 101678.0
Write progress:  76 % 17530.0
Write progress:  77 % 32792.0
Write progress:  78 % 89356.0
Write progress:  79 % 31424.0
Write progress:  80 % 14113.0
Write progress:  81 % 41695.0
Write progress:  82 % 39061.0
Write progress:  83 % 6242.0
Write progress:  84 % 74326.0
Write progress:  85 % 19023.0
Write progress:  86 % 17391.0
Write progress:  87 % 24940.0
Write progress:  88 % 19866.0
Write progress:  89 % 4983.0
Write progress:  90 % 101184.0
Write progress:  91 % 55526.0
Write progress:  92 % 20200.00001
Write progress:  93 % 54043.0
Write progress:  94 % 6527.0
Write progress:  95 % 97758.0
Write progress:  96 % 14319.0
Write progress:  97 % 42868.0
Write progress:  98 % 48855.0
Write progress:  99 % 39302.0
Job done, info follows...
       JobID    JobName  Partition     MaxRSS    Elapsed ExitCode 
------------ ---------- ---------- ---------- ---------- -------- 
2042958_450  MEGA-FLAR+     cosma6              00:24:29      0:0 
2042958_450+     extern                         00:24:29      0:0 
