====
Starting job 2043533 at Fri 24 Apr 02:23:12 BST 2020 for user dc-rope1.
Running on nodes: m6564
====
410
('05', '001_z014p000', '002_z013p000', '003_z012p000')
Reading in 'PartType1/ParticleIDs' for z = 13.0 using 8 thread(s) took 9.837764s
Reading in 'PartType1/ParticleIDs' for z = 13.0 using 8 thread(s) took 1.122938s
Reading in 'PartType1/GroupNumber' for z = 13.0 using 8 thread(s) took 0.112776s
Reading in 'PartType1/SubGroupNumber' for z = 13.0 using 8 thread(s) took 0.092599s
Reading in 'PartType1/GroupNumber' for z = 14.0 using 8 thread(s) took 0.300252s
Reading in 'PartType1/SubGroupNumber' for z = 14.0 using 8 thread(s) took 0.12547s
Reading in 'PartType1/ParticleIDs' for z = 14.0 using 8 thread(s) took 0.145182s
Reading in 'PartType1/GroupNumber' for z = 12.0 using 8 thread(s) took 2.045347s
Reading in 'PartType1/SubGroupNumber' for z = 12.0 using 8 thread(s) took 0.220514s
Reading in 'PartType1/ParticleIDs' for z = 12.0 using 8 thread(s) took 0.223957s
Graph progress:  0 % 19963.0
Graph progress:  1 % 7791.0
Graph progress:  2 % 411.0
Graph progress:  3 % 19998.0
Graph progress:  4 % 22391.0
Graph progress:  5 % 18000.0
Graph progress:  6 % 17652.0
Graph progress:  7 % 16023.0
Graph progress:  8 % 21301.0
Graph progress:  9 % 1548.00001
Graph progress:  10 % 662.0
Graph progress:  11 % 18685.0
Graph progress:  12 % 1235.00001
Graph progress:  13 % 3439.0
Graph progress:  14 % 2251.00001
Graph progress:  15 % 3888.0
Graph progress:  16 % 22567.0
Graph progress:  17 % 3294.0
Graph progress:  18 % 14253.0
Graph progress:  19 % 15059.0
Graph progress:  20 % 10374.0
Graph progress:  21 % 17611.0
Graph progress:  22 % 3062.0
Graph progress:  23 % 476.00001
Graph progress:  24 % 12268.0
Graph progress:  25 % 5455.0
Graph progress:  26 % 20879.0
Graph progress:  27 % 22811.0
Graph progress:  28 % 22467.0
Graph progress:  29 % 9110.0
Graph progress:  30 % 9952.0
Graph progress:  31 % 14047.0
Graph progress:  32 % 20023.0
Graph progress:  33 % 6401.0
Graph progress:  34 % 884.0
Graph progress:  35 % 19641.0
Graph progress:  36 % 5585.0
Graph progress:  37 % 19598.0
Graph progress:  38 % 18388.0
Graph progress:  39 % 22096.0
Graph progress:  40 % 54.00001
Graph progress:  41 % 7423.0
Graph progress:  42 % 237.00002
Graph progress:  43 % 12925.0
Graph progress:  44 % 15387.0
Graph progress:  45 % 21488.0
Graph progress:  46 % 17091.0
Graph progress:  47 % 20514.0
Graph progress:  48 % 8248.0
Graph progress:  49 % 9040.0
Graph progress:  50 % 20526.0
Graph progress:  51 % 21401.0
Graph progress:  52 % 21462.0
Graph progress:  53 % 17834.0
Graph progress:  54 % 14073.0
Graph progress:  55 % 3365.00001
Graph progress:  56 % 18901.0
Graph progress:  57 % 11577.0
Graph progress:  58 % 10394.0
Graph progress:  59 % 13175.0
Graph progress:  60 % 6404.0
Graph progress:  61 % 627.00001
Graph progress:  62 % 218.00003
Graph progress:  63 % 692.0
Graph progress:  64 % 22695.0
Graph progress:  65 % 11040.0
Graph progress:  66 % 5841.0
Graph progress:  67 % 10745.0
Graph progress:  68 % 15846.0
Graph progress:  69 % 9156.0
Graph progress:  70 % 21138.00001
Graph progress:  71 % 20755.0
Graph progress:  72 % 15593.0
Graph progress:  73 % 5961.0
Graph progress:  74 % 1552.0
Graph progress:  75 % 3054.0
Graph progress:  76 % 17200.0
Graph progress:  77 % 6577.0
Graph progress:  78 % 14179.0
Graph progress:  79 % 3825.0
Graph progress:  80 % 21157.0
Graph progress:  81 % 6423.0
Graph progress:  82 % 22294.0
Graph progress:  83 % 20734.0
Graph progress:  84 % 996.00003
Graph progress:  85 % 11073.0
Graph progress:  86 % 21956.0
Graph progress:  87 % 5541.0
Graph progress:  88 % 16226.0
Graph progress:  89 % 12410.0
Graph progress:  90 % 20835.0
Graph progress:  91 % 3542.0
Graph progress:  92 % 5303.0
Graph progress:  93 % 13561.0
Graph progress:  94 % 16991.0
Graph progress:  95 % 12690.0
Graph progress:  96 % 6025.0
Graph progress:  97 % 17164.0
Graph progress:  98 % 18985.0
Graph progress:  99 % 16837.0
Processed 26195 halos in snapshot 002_z013p000 of particle type 1
Reading in 'PartType4/ParticleIDs' for z = 13.0 using 8 thread(s) took 0.137201s
Reading in 'PartType4/ParticleIDs' for z = 14.0 using 8 thread(s) took 0.301156s
Reading in 'Subhalo/SubGroupNumber' for z = 14.0 using 8 thread(s) took 0.215047s
Reading in 'Subhalo/GroupNumber' for z = 14.0 using 8 thread(s) took 0.15988s
Reading in 'Subhalo/ApertureMeasurements/Mass/030kpc' for z = 14.0 using 8 thread(s) took 0.162096s
Reading in 'PartType4/Mass' for z = 14.0 using 8 thread(s) took 0.130775s
Reading in 'PartType4/ParticleIDs' for z = 12.0 using 8 thread(s) took 2.915471s
Reading in 'Subhalo/SubGroupNumber' for z = 12.0 using 8 thread(s) took 2.027808s
Reading in 'Subhalo/GroupNumber' for z = 12.0 using 8 thread(s) took 0.193856s
Reading in 'Subhalo/ApertureMeasurements/Mass/030kpc' for z = 12.0 using 8 thread(s) took 0.172737s
Reading in 'PartType4/Mass' for z = 12.0 using 8 thread(s) took 0.12989s
Reading in 'PartType4/ParticleIDs' for z = 13.0 using 8 thread(s) took 0.12945s
Reading in 'PartType4/GroupNumber' for z = 13.0 using 8 thread(s) took 0.145027s
Reading in 'PartType4/SubGroupNumber' for z = 13.0 using 8 thread(s) took 0.126269s
Reading in 'PartType4/GroupNumber' for z = 14.0 using 8 thread(s) took 0.130358s
Reading in 'PartType4/SubGroupNumber' for z = 14.0 using 8 thread(s) took 0.13985s
Reading in 'PartType4/ParticleIDs' for z = 14.0 using 8 thread(s) took 0.136351s
Reading in 'PartType4/GroupNumber' for z = 12.0 using 8 thread(s) took 0.143159s
Reading in 'PartType4/SubGroupNumber' for z = 12.0 using 8 thread(s) took 0.135982s
Reading in 'PartType4/ParticleIDs' for z = 12.0 using 8 thread(s) took 0.133559s
Graph progress:  0 % 263.0
Graph progress:  1 % 589.0
Graph progress:  2 % 840.0
Graph progress:  3 % 495.0
Graph progress:  4 % 2752.0
Graph progress:  5 % 14.00001
Graph progress:  6 % 2199.0
Graph progress:  7 % 77.0
Graph progress:  8 % 2045.0
Graph progress:  9 % 1842.0
Graph progress:  10 % 964.0
Graph progress:  11 % 37.0
Graph progress:  12 % 1242.0
Graph progress:  13 % 463.0
Graph progress:  14 % 1783.0
Graph progress:  15 % 1159.0
Graph progress:  16 % 1844.0
Graph progress:  17 % 89.00001
Graph progress:  18 % 3093.0
Graph progress:  19 % 957.0
Graph progress:  20 % 4.00001
Graph progress:  21 % 204.00001
Graph progress:  22 % 477.0
Graph progress:  23 % 217.0
Graph progress:  24 % 139.0
Graph progress:  25 % 199.0
Graph progress:  26 % 5690.0
Graph progress:  27 % 3780.0
Graph progress:  28 % 157.0
Graph progress:  29 % 67.00001
Graph progress:  30 % 444.0
Graph progress:  31 % 3119.0
Graph progress:  32 % 119.00001
Graph progress:  33 % 28.00005
Graph progress:  34 % 196.0
Graph progress:  35 % 661.0
Graph progress:  36 % 3841.0
Graph progress:  37 % 2539.0
Graph progress:  38 % 2074.0
Graph progress:  39 % 1644.0
Graph progress:  40 % 681.0
Graph progress:  41 % 4795.0
Graph progress:  42 % 18.0
Graph progress:  43 % 246.0
Graph progress:  44 % 1744.0
Graph progress:  45 % 2344.0
Graph progress:  46 % 153.0
Graph progress:  47 % 214.0
Graph progress:  48 % 3185.0
Graph progress:  49 % 1287.0
Graph progress:  50 % 823.0
Graph progress:  51 % 178.0
Graph progress:  52 % 1008.0
Graph progress:  53 % 701.0
Graph progress:  54 % 897.0
Graph progress:  55 % 175.0
Graph progress:  56 % 470.0
Graph progress:  57 % 2613.0
Graph progress:  58 % 1601.0
Graph progress:  59 % 1694.0
Graph progress:  60 % 1097.0
Graph progress:  61 % 1212.0
Graph progress:  62 % 2688.0
Graph progress:  63 % 1560.0
Graph progress:  64 % 126.00003
Graph progress:  65 % 121.0
Graph progress:  66 % 267.0
Graph progress:  67 % 403.0
Graph progress:  68 % 397.0
Graph progress:  69 % 96.00001
Graph progress:  70 % 61.0
Graph progress:  71 % 4600.0
Graph progress:  72 % 7.00001
Graph progress:  73 % 291.0
Graph progress:  74 % 134.0
Graph progress:  75 % 707.0
Graph progress:  76 % 25.00003
Graph progress:  77 % 335.0
Graph progress:  78 % 490.0
Graph progress:  79 % 9179.0
Graph progress:  80 % 2314.0
Graph progress:  81 % 310.0
Graph progress:  82 % 657.0
Graph progress:  83 % 186.0
Graph progress:  84 % 133.0
Graph progress:  85 % 604.0
Graph progress:  86 % 3494.0
Graph progress:  87 % 6.0
Graph progress:  88 % 74.0
Graph progress:  89 % 26.0
Graph progress:  90 % 158.0
Graph progress:  91 % 52.0
Graph progress:  92 % 904.0
Graph progress:  93 % 793.0
Graph progress:  94 % 3342.0
Graph progress:  95 % 1982.0
Graph progress:  96 % 84.0
Graph progress:  97 % 1718.0
Graph progress:  98 % 1703.0
Graph progress:  99 % 4221.0
Processed 1804 halos in snapshot 002_z013p000 of particle type 4
Reading in 'PartType5/ParticleIDs' for z = 13.0 using 8 thread(s) took 0.112066s
Reading in 'PartType5/ParticleIDs' for z = 14.0 using 8 thread(s) took 0.114225s
Reading in 'Subhalo/SubGroupNumber' for z = 14.0 using 8 thread(s) took 0.15198s
Reading in 'Subhalo/GroupNumber' for z = 14.0 using 8 thread(s) took 0.166712s
Reading in 'Subhalo/ApertureMeasurements/Mass/030kpc' for z = 14.0 using 8 thread(s) took 0.164187s
Reading in 'PartType5/Mass' for z = 14.0 using 8 thread(s) took 0.107556s
Reading in 'PartType5/ParticleIDs' for z = 12.0 using 8 thread(s) took 1.629763s
Reading in 'Subhalo/SubGroupNumber' for z = 12.0 using 8 thread(s) took 0.20106s
Reading in 'Subhalo/GroupNumber' for z = 12.0 using 8 thread(s) took 0.154816s
Reading in 'Subhalo/ApertureMeasurements/Mass/030kpc' for z = 12.0 using 8 thread(s) took 0.164576s
Reading in 'PartType5/Mass' for z = 12.0 using 8 thread(s) took 0.122912s
Reading in 'PartType5/ParticleIDs' for z = 13.0 using 8 thread(s) took 0.107269s
Reading in 'PartType5/GroupNumber' for z = 13.0 using 8 thread(s) took 0.111773s
Reading in 'PartType5/SubGroupNumber' for z = 13.0 using 8 thread(s) took 0.105339s
Reading in 'PartType5/GroupNumber' for z = 14.0 using 8 thread(s) took 0.110807s
Reading in 'PartType5/SubGroupNumber' for z = 14.0 using 8 thread(s) took 0.101604s
Reading in 'PartType5/ParticleIDs' for z = 14.0 using 8 thread(s) took 0.102627s
Reading in 'PartType5/GroupNumber' for z = 12.0 using 8 thread(s) took 0.111877s
Reading in 'PartType5/SubGroupNumber' for z = 12.0 using 8 thread(s) took 0.108957s
Reading in 'PartType5/ParticleIDs' for z = 12.0 using 8 thread(s) took 0.108805s
Graph progress:  0 % 12.0
Graph progress:  3 % 14.0
Graph progress:  6 % 23.0
Graph progress:  10 % 9.0
Graph progress:  13 % 4.0
Graph progress:  17 % 22.00002
Graph progress:  20 % 4.00001
Graph progress:  24 % 28.0
Graph progress:  27 % 29.00001
Graph progress:  31 % 20.00002
Graph progress:  34 % 17.00001
Graph progress:  37 % 2.0
Graph progress:  41 % 16.0
Graph progress:  44 % 8.00001
Graph progress:  48 % 15.0
Graph progress:  51 % 5.0
Graph progress:  55 % 24.0
Graph progress:  58 % 1.0
Graph progress:  62 % 11.00003
Graph progress:  65 % 19.0
Graph progress:  68 % 25.0
Graph progress:  72 % 10.00001
Graph progress:  75 % 257.0
Graph progress:  79 % 102.0
Graph progress:  82 % 3.0
Graph progress:  86 % 1.00001
Graph progress:  89 % 6.0
Graph progress:  93 % 7.0
Graph progress:  96 % 52.00002
Processed 29 halos in snapshot 002_z013p000 of particle type 5
Reading in 'PartType0/ParticleIDs' for z = 13.0 using 8 thread(s) took 10.190108s
Reading in 'PartType0/ParticleIDs' for z = 14.0 using 8 thread(s) took 9.459336s
Reading in 'Subhalo/SubGroupNumber' for z = 14.0 using 8 thread(s) took 0.29308s
Reading in 'Subhalo/GroupNumber' for z = 14.0 using 8 thread(s) took 0.25783s
Reading in 'Subhalo/ApertureMeasurements/Mass/030kpc' for z = 14.0 using 8 thread(s) took 0.234157s
Reading in 'PartType0/Mass' for z = 14.0 using 8 thread(s) took 0.213811s
Reading in 'PartType0/ParticleIDs' for z = 12.0 using 8 thread(s) took 11.516837s
Reading in 'Subhalo/SubGroupNumber' for z = 12.0 using 8 thread(s) took 0.281456s
Reading in 'Subhalo/GroupNumber' for z = 12.0 using 8 thread(s) took 0.252059s
Reading in 'Subhalo/ApertureMeasurements/Mass/030kpc' for z = 12.0 using 8 thread(s) took 0.250689s
Reading in 'PartType0/Mass' for z = 12.0 using 8 thread(s) took 0.255006s
Reading in 'PartType0/ParticleIDs' for z = 13.0 using 8 thread(s) took 0.271119s
Reading in 'PartType0/GroupNumber' for z = 13.0 using 8 thread(s) took 0.24751s
Reading in 'PartType0/SubGroupNumber' for z = 13.0 using 8 thread(s) took 0.24985s
Reading in 'PartType0/GroupNumber' for z = 14.0 using 8 thread(s) took 0.260712s
Reading in 'PartType0/SubGroupNumber' for z = 14.0 using 8 thread(s) took 0.264616s
Reading in 'PartType0/ParticleIDs' for z = 14.0 using 8 thread(s) took 0.270621s
Reading in 'PartType0/GroupNumber' for z = 12.0 using 8 thread(s) took 0.294145s
Reading in 'PartType0/SubGroupNumber' for z = 12.0 using 8 thread(s) took 0.318654s
Reading in 'PartType0/ParticleIDs' for z = 12.0 using 8 thread(s) took 0.324237s
Graph progress:  0 % 19963.0
Graph progress:  1 % 13329.0
Graph progress:  2 % 5320.0
Graph progress:  3 % 8616.0
Graph progress:  4 % 11315.0
Graph progress:  5 % 22939.0
Graph progress:  6 % 19950.0
Graph progress:  7 % 7420.0
Graph progress:  8 % 869.00002
Graph progress:  9 % 14005.0
Graph progress:  10 % 5668.0
Graph progress:  11 % 14545.0
Graph progress:  12 % 5931.0
Graph progress:  13 % 505.00002
Graph progress:  14 % 10033.0
Graph progress:  15 % 7231.0
Graph progress:  16 % 14240.0
Graph progress:  17 % 3380.00001
Graph progress:  18 % 9220.0
Graph progress:  19 % 10346.0
Graph progress:  20 % 13718.0
Graph progress:  21 % 13997.0
Graph progress:  22 % 1431.00001
Graph progress:  23 % 10958.0
Graph progress:  24 % 20924.0
Graph progress:  25 % 4415.0
Graph progress:  26 % 16416.0
Graph progress:  27 % 22988.0
Graph progress:  28 % 9136.0
Graph progress:  29 % 15151.0
Graph progress:  30 % 13159.0
Graph progress:  31 % 9399.0
Graph progress:  32 % 10415.0
Graph progress:  33 % 18842.0
Graph progress:  34 % 27.00004
Graph progress:  35 % 13838.0
Graph progress:  36 % 19696.0
Graph progress:  37 % 2607.0
Graph progress:  38 % 22420.0
Graph progress:  39 % 2071.00001
Graph progress:  40 % 11911.0
Graph progress:  41 % 9958.0
Graph progress:  42 % 14332.0
Graph progress:  43 % 20905.0
Graph progress:  44 % 16607.0
Graph progress:  45 % 8242.0
Graph progress:  46 % 5407.0
Graph progress:  47 % 1471.0
Graph progress:  48 % 1077.00001
Graph progress:  49 % 13230.0
Graph progress:  50 % 17062.0
Graph progress:  51 % 7717.0
Graph progress:  52 % 1174.00001
Graph progress:  53 % 12156.0
Graph progress:  54 % 2048.00001
Graph progress:  55 % 5083.0
Graph progress:  56 % 16796.0
Graph progress:  57 % 563.0
Graph progress:  58 % 11414.0
Graph progress:  59 % 13643.0
Graph progress:  60 % 8228.0
Graph progress:  61 % 3869.0
Graph progress:  62 % 94.00001
Graph progress:  63 % 189.00001
Graph progress:  64 % 11355.0
Graph progress:  65 % 195.00001
Graph progress:  66 % 6052.0
Graph progress:  67 % 126.00001
Graph progress:  68 % 15505.0
Graph progress:  69 % 14372.0
Graph progress:  70 % 16876.0
Graph progress:  71 % 10154.0
Graph progress:  72 % 96.00002
Graph progress:  73 % 55.0
Graph progress:  74 % 15619.0
Graph progress:  75 % 49.00006
Graph progress:  76 % 49.00003
Graph progress:  77 % 6781.0
Graph progress:  78 % 12627.0
Graph progress:  79 % 13937.0
Graph progress:  80 % 14502.0
Graph progress:  81 % 1156.00001
Graph progress:  82 % 8068.0
Graph progress:  83 % 5743.0
Graph progress:  84 % 2417.00001
Graph progress:  85 % 13671.0
Graph progress:  86 % 7861.0
Graph progress:  87 % 7582.0
Graph progress:  88 % 10009.0
Graph progress:  89 % 10169.0
Graph progress:  90 % 2012.0
Graph progress:  91 % 6447.0
Graph progress:  92 % 76.0
Graph progress:  93 % 11436.0
Graph progress:  94 % 16987.0
Graph progress:  95 % 13531.0
Graph progress:  96 % 9092.0
Graph progress:  97 % 21612.0
Graph progress:  98 % 564.00001
Graph progress:  99 % 3560.0
Processed 26218 halos in snapshot 002_z013p000 of particle type 0
Write progress:  0 % 19963.0
Write progress:  1 % 7791.0
Write progress:  2 % 411.0
Write progress:  3 % 19998.0
Write progress:  4 % 22391.0
Write progress:  5 % 18000.0
Write progress:  6 % 17652.0
Write progress:  7 % 16023.0
Write progress:  8 % 21301.0
Write progress:  9 % 1548.00001
Write progress:  10 % 662.0
Write progress:  11 % 18685.0
Write progress:  12 % 1235.00001
Write progress:  13 % 3439.0
Write progress:  14 % 2251.00001
Write progress:  15 % 3888.0
Write progress:  16 % 22567.0
Write progress:  17 % 3294.0
Write progress:  18 % 14253.0
Write progress:  19 % 15059.0
Write progress:  20 % 10374.0
Write progress:  21 % 17611.0
Write progress:  22 % 3062.0
Write progress:  23 % 476.00001
Write progress:  24 % 12268.0
Write progress:  25 % 5455.0
Write progress:  26 % 20879.0
Write progress:  27 % 22811.0
Write progress:  28 % 22467.0
Write progress:  29 % 9110.0
Write progress:  30 % 9952.0
Write progress:  31 % 14047.0
Write progress:  32 % 20023.0
Write progress:  33 % 6401.0
Write progress:  34 % 884.0
Write progress:  35 % 19641.0
Write progress:  36 % 5585.0
Write progress:  37 % 19598.0
Write progress:  38 % 18388.0
Write progress:  39 % 22096.0
Write progress:  40 % 54.00001
Write progress:  41 % 7423.0
Write progress:  42 % 237.00002
Write progress:  43 % 12925.0
Write progress:  44 % 15387.0
Write progress:  45 % 21488.0
Write progress:  46 % 17091.0
Write progress:  47 % 20514.0
Write progress:  48 % 8248.0
Write progress:  49 % 9040.0
Write progress:  50 % 20526.0
Write progress:  51 % 21401.0
Write progress:  52 % 21462.0
Write progress:  53 % 17834.0
Write progress:  54 % 14073.0
Write progress:  55 % 3365.00001
Write progress:  56 % 18901.0
Write progress:  57 % 11577.0
Write progress:  58 % 10394.0
Write progress:  59 % 13175.0
Write progress:  60 % 6404.0
Write progress:  61 % 627.00001
Write progress:  62 % 218.00003
Write progress:  63 % 692.0
Write progress:  64 % 22695.0
Write progress:  65 % 11040.0
Write progress:  66 % 5841.0
Write progress:  67 % 10745.0
Write progress:  68 % 15846.0
Write progress:  69 % 9156.0
Write progress:  70 % 21138.00001
Write progress:  71 % 20755.0
Write progress:  72 % 15593.0
Write progress:  73 % 5961.0
Write progress:  74 % 1552.0
Write progress:  75 % 3054.0
Write progress:  76 % 17200.0
Write progress:  77 % 6577.0
Write progress:  78 % 14179.0
Write progress:  79 % 3825.0
Write progress:  80 % 21157.0
Write progress:  81 % 6423.0
Write progress:  82 % 22294.0
Write progress:  83 % 20734.0
Write progress:  84 % 996.00003
Write progress:  85 % 11073.0
Write progress:  86 % 21956.0
Write progress:  87 % 5541.0
Write progress:  88 % 16226.0
Write progress:  89 % 12410.0
Write progress:  90 % 20835.0
Write progress:  91 % 3542.0
Write progress:  92 % 5303.0
Write progress:  93 % 13561.0
Write progress:  94 % 16991.0
Write progress:  95 % 12690.0
Write progress:  96 % 6025.0
Write progress:  97 % 17164.0
Write progress:  98 % 18985.0
Write progress:  99 % 16837.0
Job done, info follows...
       JobID    JobName  Partition     MaxRSS    Elapsed ExitCode 
------------ ---------- ---------- ---------- ---------- -------- 
2042958_411  MEGA-FLAR+     cosma6              00:07:44      0:0 
2042958_411+     extern                         00:07:44      0:0 
