====
Starting job 2043242 at Thu 23 Apr 23:42:59 BST 2020 for user dc-rope1.
Running on nodes: m6568
====
146
('27', '001_z014p000', '002_z013p000', '003_z012p000')
Reading in 'PartType1/ParticleIDs' for z = 13.0 using 8 thread(s) took 9.319363s
Reading in 'PartType1/ParticleIDs' for z = 13.0 using 8 thread(s) took 1.227231s
Reading in 'PartType1/GroupNumber' for z = 13.0 using 8 thread(s) took 0.066258s
Reading in 'PartType1/SubGroupNumber' for z = 13.0 using 8 thread(s) took 0.064939s
Reading in 'PartType1/GroupNumber' for z = 14.0 using 8 thread(s) took 0.120057s
Reading in 'PartType1/SubGroupNumber' for z = 14.0 using 8 thread(s) took 0.08381s
Reading in 'PartType1/ParticleIDs' for z = 14.0 using 8 thread(s) took 0.079576s
Reading in 'PartType1/GroupNumber' for z = 12.0 using 8 thread(s) took 0.157461s
Reading in 'PartType1/SubGroupNumber' for z = 12.0 using 8 thread(s) took 0.100913s
Reading in 'PartType1/ParticleIDs' for z = 12.0 using 8 thread(s) took 0.104081s
Graph progress:  0 % 3048.0
Graph progress:  1 % 1901.0
Graph progress:  2 % 2553.0
Graph progress:  3 % 3421.0
Graph progress:  4 % 2192.0
Graph progress:  5 % 1574.0
Graph progress:  6 % 1316.0
Graph progress:  7 % 3126.0
Graph progress:  8 % 2722.0
Graph progress:  9 % 786.0
Graph progress:  10 % 1466.0
Graph progress:  11 % 609.0
Graph progress:  12 % 51.00001
Graph progress:  13 % 620.0
Graph progress:  14 % 3197.0
Graph progress:  15 % 404.0
Graph progress:  16 % 1539.0
Graph progress:  17 % 1751.0
Graph progress:  18 % 3067.0
Graph progress:  19 % 872.0
Graph progress:  20 % 1682.0
Graph progress:  21 % 1614.0
Graph progress:  22 % 3110.0
Graph progress:  23 % 1775.0
Graph progress:  24 % 1907.0
Graph progress:  25 % 1469.0
Graph progress:  26 % 3431.0
Graph progress:  27 % 1895.0
Graph progress:  28 % 1744.0
Graph progress:  29 % 2626.0
Graph progress:  30 % 243.00001
Graph progress:  31 % 1996.0
Graph progress:  32 % 1369.0
Graph progress:  33 % 2643.0
Graph progress:  34 % 2124.0
Graph progress:  35 % 812.0
Graph progress:  36 % 3466.0
Graph progress:  37 % 1313.0
Graph progress:  38 % 1290.0
Graph progress:  39 % 1191.0
Graph progress:  40 % 1999.0
Graph progress:  41 % 3405.0
Graph progress:  42 % 459.0
Graph progress:  43 % 881.0
Graph progress:  44 % 846.0
Graph progress:  45 % 1161.0
Graph progress:  46 % 774.0
Graph progress:  47 % 3124.0
Graph progress:  48 % 212.0
Graph progress:  49 % 205.0
Graph progress:  50 % 2658.0
Graph progress:  51 % 2778.0
Graph progress:  52 % 2461.0
Graph progress:  53 % 486.0
Graph progress:  54 % 1034.0
Graph progress:  55 % 3156.0
Graph progress:  56 % 556.0
Graph progress:  57 % 2239.0
Graph progress:  58 % 541.0
Graph progress:  59 % 2614.0
Graph progress:  60 % 3053.0
Graph progress:  61 % 3669.0
Graph progress:  62 % 2897.0
Graph progress:  63 % 1392.0
Graph progress:  64 % 2315.0
Graph progress:  65 % 1259.0
Graph progress:  66 % 2811.0
Graph progress:  67 % 1549.0
Graph progress:  68 % 49.0
Graph progress:  69 % 3516.0
Graph progress:  70 % 1270.0
Graph progress:  71 % 1009.0
Graph progress:  72 % 1065.0
Graph progress:  73 % 3234.0
Graph progress:  74 % 2536.0
Graph progress:  75 % 3383.0
Graph progress:  76 % 613.0
Graph progress:  77 % 528.0
Graph progress:  78 % 1524.0
Graph progress:  79 % 1137.0
Graph progress:  80 % 1064.0
Graph progress:  81 % 2241.0
Graph progress:  82 % 3691.0
Graph progress:  83 % 2567.0
Graph progress:  84 % 1647.0
Graph progress:  85 % 3730.0
Graph progress:  86 % 2958.0
Graph progress:  87 % 1982.0
Graph progress:  88 % 3561.0
Graph progress:  89 % 2041.0
Graph progress:  90 % 3070.0
Graph progress:  91 % 3223.0
Graph progress:  92 % 3158.0
Graph progress:  93 % 501.0
Graph progress:  94 % 324.0
Graph progress:  95 % 394.0
Graph progress:  96 % 3228.0
Graph progress:  97 % 2895.0
Graph progress:  98 % 713.0
Graph progress:  99 % 2360.0
Processed 4091 halos in snapshot 002_z013p000 of particle type 1
Reading in 'PartType4/ParticleIDs' for z = 13.0 using 8 thread(s) took 0.523791s
Reading in 'PartType4/ParticleIDs' for z = 14.0 using 8 thread(s) took 0.255325s
Reading in 'Subhalo/SubGroupNumber' for z = 14.0 using 8 thread(s) took 2.409588s
Reading in 'Subhalo/GroupNumber' for z = 14.0 using 8 thread(s) took 0.145998s
Reading in 'Subhalo/ApertureMeasurements/Mass/030kpc' for z = 14.0 using 8 thread(s) took 0.100894s
Reading in 'PartType4/Mass' for z = 14.0 using 8 thread(s) took 0.073372s
Reading in 'PartType4/ParticleIDs' for z = 12.0 using 8 thread(s) took 1.15336s
Reading in 'Subhalo/SubGroupNumber' for z = 12.0 using 8 thread(s) took 1.690103s
Reading in 'Subhalo/GroupNumber' for z = 12.0 using 8 thread(s) took 0.132189s
Reading in 'Subhalo/ApertureMeasurements/Mass/030kpc' for z = 12.0 using 8 thread(s) took 0.103118s
Reading in 'PartType4/Mass' for z = 12.0 using 8 thread(s) took 0.075063s
Reading in 'PartType4/ParticleIDs' for z = 13.0 using 8 thread(s) took 0.067935s
Reading in 'PartType4/GroupNumber' for z = 13.0 using 8 thread(s) took 0.071944s
Reading in 'PartType4/SubGroupNumber' for z = 13.0 using 8 thread(s) took 0.068564s
Reading in 'PartType4/GroupNumber' for z = 14.0 using 8 thread(s) took 0.067299s
Reading in 'PartType4/SubGroupNumber' for z = 14.0 using 8 thread(s) took 0.073067s
Reading in 'PartType4/ParticleIDs' for z = 14.0 using 8 thread(s) took 0.072883s
Reading in 'PartType4/GroupNumber' for z = 12.0 using 8 thread(s) took 0.070318s
Reading in 'PartType4/SubGroupNumber' for z = 12.0 using 8 thread(s) took 0.07486s
Reading in 'PartType4/ParticleIDs' for z = 12.0 using 8 thread(s) took 0.076194s
Graph progress:  0 % 262.0
Graph progress:  1 % 13.0
Graph progress:  2 % 14.0
Graph progress:  3 % 1246.0
Graph progress:  4 % 188.0
Graph progress:  5 % 1053.0
Graph progress:  6 % 313.0
Graph progress:  7 % 30.0
Graph progress:  8 % 526.0
Graph progress:  9 % 623.0
Graph progress:  10 % 1245.0
Graph progress:  11 % 722.0
Graph progress:  12 % 510.0
Graph progress:  13 % 518.0
Graph progress:  14 % 1054.0
Graph progress:  15 % 818.0
Graph progress:  16 % 2.0
Graph progress:  17 % 105.0
Graph progress:  18 % 1147.0
Graph progress:  19 % 69.00001
Graph progress:  20 % 215.0
Graph progress:  21 % 245.0
Graph progress:  22 % 366.0
Graph progress:  23 % 64.0
Graph progress:  24 % 520.0
Graph progress:  25 % 915.0
Graph progress:  26 % 128.0
Graph progress:  27 % 399.0
Graph progress:  28 % 189.0
Graph progress:  29 % 275.0
Graph progress:  30 % 259.0
Graph progress:  31 % 43.0
Graph progress:  32 % 146.0
Graph progress:  33 % 277.0
Graph progress:  34 % 840.0
Graph progress:  35 % 15.0
Graph progress:  36 % 666.0
Graph progress:  37 % 182.0
Graph progress:  38 % 6.0
Graph progress:  39 % 20.0
Graph progress:  40 % 98.0
Graph progress:  41 % 558.0
Graph progress:  42 % 258.0
Graph progress:  43 % 1100.0
Graph progress:  44 % 616.0
Graph progress:  45 % 1998.0
Graph progress:  46 % 297.0
Graph progress:  47 % 9.00001
Graph progress:  48 % 294.00001
Graph progress:  49 % 629.0
Graph progress:  50 % 147.0
Graph progress:  51 % 1274.0
Graph progress:  52 % 337.0
Graph progress:  53 % 31.0
Graph progress:  54 % 155.0
Graph progress:  55 % 205.0
Graph progress:  56 % 832.0
Graph progress:  57 % 384.0
Graph progress:  58 % 145.0
Graph progress:  59 % 209.0
Graph progress:  60 % 28.00001
Graph progress:  61 % 60.0
Graph progress:  62 % 1168.0
Graph progress:  63 % 1375.0
Graph progress:  64 % 196.0
Graph progress:  65 % 12.00002
Graph progress:  66 % 481.0
Graph progress:  67 % 37.0
Graph progress:  68 % 81.0
Graph progress:  69 % 266.0
Graph progress:  70 % 88.0
Graph progress:  71 % 531.0
Graph progress:  72 % 548.0
Graph progress:  73 % 102.0
Graph progress:  74 % 40.0
Graph progress:  75 % 1282.0
Graph progress:  76 % 1035.0
Graph progress:  77 % 1447.0
Graph progress:  78 % 1118.0
Graph progress:  79 % 387.0
Graph progress:  80 % 516.0
Graph progress:  81 % 241.0
Graph progress:  82 % 671.0
Graph progress:  83 % 256.0
Graph progress:  84 % 1421.0
Graph progress:  85 % 269.0
Graph progress:  86 % 704.0
Graph progress:  87 % 375.0
Graph progress:  88 % 1227.0
Graph progress:  89 % 242.0
Graph progress:  90 % 458.0
Graph progress:  91 % 824.0
Graph progress:  92 % 394.0
Graph progress:  93 % 371.0
Graph progress:  94 % 530.0
Graph progress:  95 % 306.00001
Graph progress:  96 % 406.0
Graph progress:  97 % 400.0
Graph progress:  98 % 429.0
Graph progress:  99 % 529.0
Processed 330 halos in snapshot 002_z013p000 of particle type 4
Reading in 'PartType5/ParticleIDs' for z = 13.0 using 8 thread(s) took 0.067784s
Reading in 'PartType5/ParticleIDs' for z = 14.0 using 8 thread(s) took 0.065391s
Reading in 'Subhalo/SubGroupNumber' for z = 14.0 using 8 thread(s) took 0.108049s
Reading in 'Subhalo/GroupNumber' for z = 14.0 using 8 thread(s) took 0.102787s
Reading in 'Subhalo/ApertureMeasurements/Mass/030kpc' for z = 14.0 using 8 thread(s) took 0.115518s
Reading in 'PartType5/Mass' for z = 14.0 using 8 thread(s) took 0.088816s
Reading in 'PartType5/ParticleIDs' for z = 12.0 using 8 thread(s) took 0.188871s
Reading in 'Subhalo/SubGroupNumber' for z = 12.0 using 8 thread(s) took 0.120937s
Reading in 'Subhalo/GroupNumber' for z = 12.0 using 8 thread(s) took 0.09701s
Reading in 'Subhalo/ApertureMeasurements/Mass/030kpc' for z = 12.0 using 8 thread(s) took 0.111181s
Reading in 'PartType5/Mass' for z = 12.0 using 8 thread(s) took 0.06566s
Reading in 'PartType5/ParticleIDs' for z = 13.0 using 8 thread(s) took 0.063734s
Reading in 'PartType5/GroupNumber' for z = 13.0 using 8 thread(s) took 0.06427s
Reading in 'PartType5/SubGroupNumber' for z = 13.0 using 8 thread(s) took 0.062179s
Reading in 'PartType5/GroupNumber' for z = 14.0 using 8 thread(s) took 0.063614s
Reading in 'PartType5/SubGroupNumber' for z = 14.0 using 8 thread(s) took 0.065783s
Reading in 'PartType5/ParticleIDs' for z = 14.0 using 8 thread(s) took 0.069558s
Reading in 'PartType5/GroupNumber' for z = 12.0 using 8 thread(s) took 0.068616s
Reading in 'PartType5/SubGroupNumber' for z = 12.0 using 8 thread(s) took 0.062945s
Reading in 'PartType5/ParticleIDs' for z = 12.0 using 8 thread(s) took 0.061062s
Graph progress:  0 % 2.0
Processed 1 halos in snapshot 002_z013p000 of particle type 5
Reading in 'PartType0/ParticleIDs' for z = 13.0 using 8 thread(s) took 7.366279s
Reading in 'PartType0/ParticleIDs' for z = 14.0 using 8 thread(s) took 6.47584s
Reading in 'Subhalo/SubGroupNumber' for z = 14.0 using 8 thread(s) took 0.194518s
Reading in 'Subhalo/GroupNumber' for z = 14.0 using 8 thread(s) took 0.173644s
Reading in 'Subhalo/ApertureMeasurements/Mass/030kpc' for z = 14.0 using 8 thread(s) took 0.175872s
Reading in 'PartType0/Mass' for z = 14.0 using 8 thread(s) took 0.13737s
Reading in 'PartType0/ParticleIDs' for z = 12.0 using 8 thread(s) took 6.387225s
Reading in 'Subhalo/SubGroupNumber' for z = 12.0 using 8 thread(s) took 0.188806s
Reading in 'Subhalo/GroupNumber' for z = 12.0 using 8 thread(s) took 0.17692s
Reading in 'Subhalo/ApertureMeasurements/Mass/030kpc' for z = 12.0 using 8 thread(s) took 0.194058s
Reading in 'PartType0/Mass' for z = 12.0 using 8 thread(s) took 0.15303s
Reading in 'PartType0/ParticleIDs' for z = 13.0 using 8 thread(s) took 0.165466s
Reading in 'PartType0/GroupNumber' for z = 13.0 using 8 thread(s) took 0.167052s
Reading in 'PartType0/SubGroupNumber' for z = 13.0 using 8 thread(s) took 0.167177s
Reading in 'PartType0/GroupNumber' for z = 14.0 using 8 thread(s) took 0.189478s
Reading in 'PartType0/SubGroupNumber' for z = 14.0 using 8 thread(s) took 0.174875s
Reading in 'PartType0/ParticleIDs' for z = 14.0 using 8 thread(s) took 0.166821s
Reading in 'PartType0/GroupNumber' for z = 12.0 using 8 thread(s) took 0.1822s
Reading in 'PartType0/SubGroupNumber' for z = 12.0 using 8 thread(s) took 0.18805s
Reading in 'PartType0/ParticleIDs' for z = 12.0 using 8 thread(s) took 0.192742s
Graph progress:  0 % 3048.0
Graph progress:  1 % 2409.0
Graph progress:  2 % 428.0
Graph progress:  3 % 30.00001
Graph progress:  4 % 732.0
Graph progress:  5 % 2067.0
Graph progress:  6 % 3281.0
Graph progress:  7 % 2570.0
Graph progress:  8 % 1409.0
Graph progress:  9 % 1801.0
Graph progress:  10 % 1772.0
Graph progress:  11 % 1869.0
Graph progress:  12 % 720.0
Graph progress:  13 % 2464.0
Graph progress:  14 % 3473.0
Graph progress:  15 % 153.00001
Graph progress:  16 % 1972.0
Graph progress:  17 % 1751.0
Graph progress:  18 % 1031.0
Graph progress:  19 % 1926.0
Graph progress:  20 % 1341.0
Graph progress:  21 % 436.0
Graph progress:  22 % 949.0
Graph progress:  23 % 950.00001
Graph progress:  24 % 1907.0
Graph progress:  25 % 1428.0
Graph progress:  26 % 1000.0
Graph progress:  27 % 3288.0
Graph progress:  28 % 443.0
Graph progress:  29 % 6.00001
Graph progress:  30 % 3332.0
Graph progress:  31 % 3697.0
Graph progress:  32 % 1394.0
Graph progress:  33 % 2643.0
Graph progress:  34 % 1124.00001
Graph progress:  35 % 2222.0
Graph progress:  36 % 2771.0
Graph progress:  37 % 1313.0
Graph progress:  38 % 1193.0
Graph progress:  39 % 1010.00001
Graph progress:  40 % 407.0
Graph progress:  41 % 1798.0
Graph progress:  42 % 2813.0
Graph progress:  43 % 881.0
Graph progress:  44 % 2817.0
Graph progress:  45 % 1965.0
Graph progress:  46 % 2418.0
Graph progress:  47 % 2036.0
Graph progress:  48 % 1175.0
Graph progress:  49 % 2765.0
Graph progress:  50 % 448.0
Graph progress:  51 % 1050.0
Graph progress:  52 % 838.0
Graph progress:  53 % 2508.0
Graph progress:  54 % 2955.0
Graph progress:  55 % 1672.0
Graph progress:  56 % 1646.0
Graph progress:  57 % 3266.0
Graph progress:  58 % 3623.0
Graph progress:  59 % 1286.0
Graph progress:  60 % 1963.0
Graph progress:  61 % 1649.0
Graph progress:  62 % 2305.0
Graph progress:  63 % 2915.0
Graph progress:  64 % 2365.0
Graph progress:  65 % 1347.0
Graph progress:  66 % 3693.0
Graph progress:  67 % 3458.0
Graph progress:  68 % 1820.0
Graph progress:  69 % 2855.0
Graph progress:  70 % 3514.0
Graph progress:  71 % 3758.0
Graph progress:  72 % 1791.0
Graph progress:  73 % 266.00001
Graph progress:  74 % 46.0
Graph progress:  75 % 3145.0
Graph progress:  76 % 3215.0
Graph progress:  77 % 3438.0
Graph progress:  78 % 2242.0
Graph progress:  79 % 656.0
Graph progress:  80 % 1288.0
Graph progress:  81 % 1326.0
Graph progress:  82 % 203.00001
Graph progress:  83 % 847.0
Graph progress:  84 % 745.0
Graph progress:  85 % 3544.0
Graph progress:  86 % 596.0
Graph progress:  87 % 1014.0
Graph progress:  88 % 3545.0
Graph progress:  89 % 286.00001
Graph progress:  90 % 1076.0
Graph progress:  91 % 1784.0
Graph progress:  92 % 3501.0
Graph progress:  93 % 702.0
Graph progress:  94 % 1088.0
Graph progress:  95 % 2478.0
Graph progress:  96 % 3078.0
Graph progress:  97 % 3073.0
Graph progress:  98 % 487.0
Graph progress:  99 % 41.00001
Processed 4096 halos in snapshot 002_z013p000 of particle type 0
Write progress:  0 % 3048.0
Write progress:  1 % 1901.0
Write progress:  2 % 2553.0
Write progress:  3 % 3421.0
Write progress:  4 % 2192.0
Write progress:  5 % 1574.0
Write progress:  6 % 1316.0
Write progress:  7 % 3126.0
Write progress:  8 % 2722.0
Write progress:  9 % 786.0
Write progress:  10 % 1466.0
Write progress:  11 % 609.0
Write progress:  12 % 51.00001
Write progress:  13 % 620.0
Write progress:  14 % 3197.0
Write progress:  15 % 404.0
Write progress:  16 % 1539.0
Write progress:  17 % 1751.0
Write progress:  18 % 3067.0
Write progress:  19 % 872.0
Write progress:  20 % 1682.0
Write progress:  21 % 1614.0
Write progress:  22 % 3110.0
Write progress:  23 % 1775.0
Write progress:  24 % 1907.0
Write progress:  25 % 1469.0
Write progress:  26 % 3431.0
Write progress:  27 % 1895.0
Write progress:  28 % 1744.0
Write progress:  29 % 2626.0
Write progress:  30 % 243.00001
Write progress:  31 % 1996.0
Write progress:  32 % 1369.0
Write progress:  33 % 2643.0
Write progress:  34 % 2124.0
Write progress:  35 % 812.0
Write progress:  36 % 3466.0
Write progress:  37 % 1313.0
Write progress:  38 % 1290.0
Write progress:  39 % 1191.0
Write progress:  40 % 1999.0
Write progress:  41 % 3405.0
Write progress:  42 % 459.0
Write progress:  43 % 881.0
Write progress:  44 % 846.0
Write progress:  45 % 1161.0
Write progress:  46 % 774.0
Write progress:  47 % 3124.0
Write progress:  48 % 212.0
Write progress:  49 % 205.0
Write progress:  50 % 2658.0
Write progress:  51 % 2778.0
Write progress:  52 % 2461.0
Write progress:  53 % 486.0
Write progress:  54 % 1034.0
Write progress:  55 % 3156.0
Write progress:  56 % 556.0
Write progress:  57 % 2239.0
Write progress:  58 % 541.0
Write progress:  59 % 2614.0
Write progress:  60 % 3053.0
Write progress:  61 % 3669.0
Write progress:  62 % 2897.0
Write progress:  63 % 1392.0
Write progress:  64 % 2315.0
Write progress:  65 % 1259.0
Write progress:  66 % 2811.0
Write progress:  67 % 1549.0
Write progress:  68 % 49.0
Write progress:  69 % 3516.0
Write progress:  70 % 1270.0
Write progress:  71 % 1009.0
Write progress:  72 % 1065.0
Write progress:  73 % 3234.0
Write progress:  74 % 2536.0
Write progress:  75 % 3383.0
Write progress:  76 % 613.0
Write progress:  77 % 528.0
Write progress:  78 % 1524.0
Write progress:  79 % 1137.0
Write progress:  80 % 1064.0
Write progress:  81 % 2241.0
Write progress:  82 % 3691.0
Write progress:  83 % 2567.0
Write progress:  84 % 1647.0
Write progress:  85 % 3730.0
Write progress:  86 % 2958.0
Write progress:  87 % 1982.0
Write progress:  88 % 3561.0
Write progress:  89 % 2041.0
Write progress:  90 % 3070.0
Write progress:  91 % 3223.0
Write progress:  92 % 3158.0
Write progress:  93 % 501.0
Write progress:  94 % 324.0
Write progress:  95 % 394.0
Write progress:  96 % 3228.0
Write progress:  97 % 2895.0
Write progress:  98 % 713.0
Write progress:  99 % 2360.0
Job done, info follows...
       JobID    JobName  Partition     MaxRSS    Elapsed ExitCode 
------------ ---------- ---------- ---------- ---------- -------- 
2042958_147  MEGA-FLAR+     cosma6              00:02:45      0:0 
2042958_147+     extern                         00:02:45      0:0 
