====
Starting job 2043418 at Fri 24 Apr 01:20:55 BST 2020 for user dc-rope1.
Running on nodes: m6022
====
312
('13', None, '000_z015p000', '001_z014p000')
Reading in 'PartType1/ParticleIDs' for z = 15.0 using 8 thread(s) took 10.879479s
Reading in 'PartType1/ParticleIDs' for z = 15.0 using 8 thread(s) took 1.407213s
Reading in 'PartType1/GroupNumber' for z = 15.0 using 8 thread(s) took 0.103027s
Reading in 'PartType1/SubGroupNumber' for z = 15.0 using 8 thread(s) took 0.07205s
Reading in 'PartType1/GroupNumber' for z = 14.0 using 8 thread(s) took 0.166195s
Reading in 'PartType1/SubGroupNumber' for z = 14.0 using 8 thread(s) took 0.115041s
Reading in 'PartType1/ParticleIDs' for z = 14.0 using 8 thread(s) took 0.120357s
Graph progress:  0 % 3292.0
Graph progress:  1 % 5390.0
Graph progress:  2 % 3513.0
Graph progress:  3 % 2569.0
Graph progress:  4 % 3496.0
Graph progress:  5 % 5124.0
Graph progress:  6 % 6056.0
Graph progress:  7 % 7365.0
Graph progress:  8 % 7021.0
Graph progress:  9 % 974.0
Graph progress:  10 % 2862.0
Graph progress:  11 % 4694.0
Graph progress:  12 % 4986.0
Graph progress:  13 % 3928.0
Graph progress:  14 % 9.00002
Graph progress:  15 % 2929.0
Graph progress:  16 % 266.00001
Graph progress:  17 % 3423.00001
Graph progress:  18 % 769.00001
Graph progress:  19 % 6533.0
Graph progress:  20 % 784.0
Graph progress:  21 % 1241.0
Graph progress:  22 % 3093.0
Graph progress:  23 % 5367.0
Graph progress:  24 % 1297.0
Graph progress:  25 % 101.00001
Graph progress:  26 % 5876.0
Graph progress:  27 % 4546.0
Graph progress:  28 % 1889.0
Graph progress:  29 % 1736.0
Graph progress:  30 % 6174.0
Graph progress:  31 % 6118.0
Graph progress:  32 % 7123.0
Graph progress:  33 % 5875.0
Graph progress:  34 % 503.0
Graph progress:  35 % 6494.0
Graph progress:  36 % 5448.0
Graph progress:  37 % 6359.0
Graph progress:  38 % 693.0
Graph progress:  39 % 6972.0
Graph progress:  40 % 6792.0
Graph progress:  41 % 2782.0
Graph progress:  42 % 133.00001
Graph progress:  43 % 452.0
Graph progress:  44 % 2968.0
Graph progress:  45 % 6159.0
Graph progress:  46 % 7117.0
Graph progress:  47 % 6329.0
Graph progress:  48 % 1343.0
Graph progress:  49 % 4245.0
Graph progress:  50 % 4951.0
Graph progress:  51 % 1333.0
Graph progress:  52 % 1909.0
Graph progress:  53 % 1219.0
Graph progress:  54 % 5220.0
Graph progress:  55 % 1732.00001
Graph progress:  56 % 212.00001
Graph progress:  57 % 4940.0
Graph progress:  58 % 3263.0
Graph progress:  59 % 3690.0
Graph progress:  60 % 189.0
Graph progress:  61 % 927.0
Graph progress:  62 % 7409.0
Graph progress:  63 % 6619.0
Graph progress:  64 % 5204.0
Graph progress:  65 % 5679.0
Graph progress:  66 % 1342.0
Graph progress:  67 % 1020.0
Graph progress:  68 % 6417.0
Graph progress:  69 % 3107.0
Graph progress:  70 % 3968.0
Graph progress:  71 % 2171.0
Graph progress:  72 % 6947.0
Graph progress:  73 % 12.00005
Graph progress:  74 % 1511.0
Graph progress:  75 % 6263.0
Graph progress:  76 % 3802.0
Graph progress:  77 % 7246.0
Graph progress:  78 % 5791.0
Graph progress:  79 % 121.0
Graph progress:  80 % 938.0
Graph progress:  81 % 3727.00001
Graph progress:  82 % 21.0
Graph progress:  83 % 715.0
Graph progress:  84 % 4025.0
Graph progress:  85 % 2898.0
Graph progress:  86 % 5433.0
Graph progress:  87 % 3662.0
Graph progress:  88 % 1353.0
Graph progress:  89 % 803.0
Graph progress:  90 % 6908.0
Graph progress:  91 % 865.0
Graph progress:  92 % 2816.0
Graph progress:  93 % 960.0
Graph progress:  94 % 1864.0
Graph progress:  95 % 2574.0
Graph progress:  96 % 6589.0
Graph progress:  97 % 6105.0
Graph progress:  98 % 3253.0
Graph progress:  99 % 2990.00001
Processed 8120 halos in snapshot 000_z015p000 of particle type 1
Reading in 'PartType4/ParticleIDs' for z = 15.0 using 8 thread(s) took 0.783515s
Reading in 'PartType4/ParticleIDs' for z = 14.0 using 8 thread(s) took 1.164115s
Reading in 'Subhalo/SubGroupNumber' for z = 14.0 using 8 thread(s) took 2.574733s
Reading in 'Subhalo/GroupNumber' for z = 14.0 using 8 thread(s) took 0.142674s
Reading in 'Subhalo/ApertureMeasurements/Mass/030kpc' for z = 14.0 using 8 thread(s) took 0.122786s
Reading in 'PartType4/Mass' for z = 14.0 using 8 thread(s) took 0.083887s
Reading in 'PartType4/ParticleIDs' for z = 15.0 using 8 thread(s) took 0.081974s
Reading in 'PartType4/GroupNumber' for z = 15.0 using 8 thread(s) took 0.072578s
Reading in 'PartType4/SubGroupNumber' for z = 15.0 using 8 thread(s) took 0.074634s
Reading in 'PartType4/GroupNumber' for z = 14.0 using 8 thread(s) took 0.082358s
Reading in 'PartType4/SubGroupNumber' for z = 14.0 using 8 thread(s) took 0.112921s
Reading in 'PartType4/ParticleIDs' for z = 14.0 using 8 thread(s) took 0.109181s
Graph progress:  0 % 818.0
Graph progress:  1 % 19.0
Graph progress:  2 % 119.0
Graph progress:  3 % 161.0
Graph progress:  4 % 697.0
Graph progress:  5 % 58.0
Graph progress:  6 % 349.0
Graph progress:  7 % 658.0
Graph progress:  8 % 30.0
Graph progress:  9 % 2299.0
Graph progress:  10 % 4.00001
Graph progress:  11 % 139.0
Graph progress:  12 % 270.0
Graph progress:  13 % 281.0
Graph progress:  14 % 170.0
Graph progress:  15 % 26.0
Graph progress:  16 % 664.0
Graph progress:  17 % 899.0
Graph progress:  18 % 69.00001
Graph progress:  19 % 1611.0
Graph progress:  20 % 1017.0
Graph progress:  21 % 479.0
Graph progress:  22 % 508.0
Graph progress:  23 % 176.0
Graph progress:  24 % 102.0
Graph progress:  25 % 92.0
Graph progress:  26 % 234.0
Graph progress:  27 % 48.0
Graph progress:  28 % 214.0
Graph progress:  29 % 101.0
Graph progress:  30 % 890.0
Graph progress:  31 % 328.0
Graph progress:  32 % 300.0
Graph progress:  33 % 428.0
Graph progress:  34 % 1389.0
Graph progress:  35 % 243.0
Graph progress:  36 % 972.0
Graph progress:  37 % 152.0
Graph progress:  38 % 849.0
Graph progress:  39 % 681.0
Graph progress:  40 % 599.0
Graph progress:  41 % 363.0
Graph progress:  42 % 1237.0
Graph progress:  43 % 77.0
Graph progress:  44 % 810.0
Graph progress:  45 % 1.00001
Graph progress:  46 % 1337.0
Graph progress:  47 % 1101.0
Graph progress:  48 % 81.0
Graph progress:  49 % 480.0
Graph progress:  50 % 614.0
Graph progress:  51 % 7.00005
Graph progress:  52 % 646.0
Graph progress:  53 % 256.0
Graph progress:  54 % 153.0
Graph progress:  55 % 6.0
Graph progress:  56 % 565.0
Graph progress:  57 % 348.0
Graph progress:  58 % 57.0
Graph progress:  59 % 36.0
Graph progress:  60 % 522.0
Graph progress:  61 % 47.0
Graph progress:  62 % 212.0
Graph progress:  63 % 31.0
Graph progress:  64 % 146.0
Graph progress:  65 % 304.0
Graph progress:  66 % 700.0
Graph progress:  67 % 5.00001
Graph progress:  68 % 17.0
Graph progress:  69 % 2074.0
Graph progress:  70 % 38.00001
Graph progress:  71 % 628.0
Graph progress:  72 % 83.00001
Graph progress:  73 % 443.0
Graph progress:  74 % 1054.0
Graph progress:  75 % 1180.0
Graph progress:  76 % 253.0
Graph progress:  77 % 78.00001
Graph progress:  78 % 32.0
Graph progress:  79 % 360.0
Graph progress:  80 % 137.0
Graph progress:  81 % 90.0
Graph progress:  82 % 173.0
Graph progress:  83 % 1031.0
Graph progress:  84 % 302.0
Graph progress:  85 % 1122.0
Graph progress:  86 % 833.0
Graph progress:  87 % 166.0
Graph progress:  88 % 45.0
Graph progress:  89 % 11.00001
Graph progress:  90 % 140.0
Graph progress:  91 % 1074.0
Graph progress:  92 % 865.0
Graph progress:  93 % 1574.0
Graph progress:  94 % 376.0
Graph progress:  95 % 25.0
Graph progress:  96 % 182.0
Graph progress:  97 % 421.0
Graph progress:  98 % 1355.0
Graph progress:  99 % 222.0
Processed 355 halos in snapshot 000_z015p000 of particle type 4
Reading in 'PartType5/ParticleIDs' for z = 15.0 using 8 thread(s) took 0.075359s
Reading in 'PartType5/ParticleIDs' for z = 14.0 using 8 thread(s) took 0.184184s
Reading in 'Subhalo/SubGroupNumber' for z = 14.0 using 8 thread(s) took 0.132282s
Reading in 'Subhalo/GroupNumber' for z = 14.0 using 8 thread(s) took 0.110492s
Reading in 'Subhalo/ApertureMeasurements/Mass/030kpc' for z = 14.0 using 8 thread(s) took 0.118158s
Reading in 'PartType5/Mass' for z = 14.0 using 8 thread(s) took 0.091959s
Reading in 'PartType5/ParticleIDs' for z = 15.0 using 8 thread(s) took 0.06883s
Reading in 'PartType5/GroupNumber' for z = 15.0 using 8 thread(s) took 0.072258s
Reading in 'PartType5/SubGroupNumber' for z = 15.0 using 8 thread(s) took 0.074728s
Reading in 'PartType5/GroupNumber' for z = 14.0 using 8 thread(s) took 0.078211s
Reading in 'PartType5/SubGroupNumber' for z = 14.0 using 8 thread(s) took 0.073805s
Reading in 'PartType5/ParticleIDs' for z = 14.0 using 8 thread(s) took 0.074824s
Processed 0 halos in snapshot 000_z015p000 of particle type 5
Reading in 'PartType0/ParticleIDs' for z = 15.0 using 8 thread(s) took 9.602961s
Reading in 'PartType0/ParticleIDs' for z = 14.0 using 8 thread(s) took 9.792817s
Reading in 'Subhalo/SubGroupNumber' for z = 14.0 using 8 thread(s) took 0.213505s
Reading in 'Subhalo/GroupNumber' for z = 14.0 using 8 thread(s) took 0.189495s
Reading in 'Subhalo/ApertureMeasurements/Mass/030kpc' for z = 14.0 using 8 thread(s) took 0.195326s
Reading in 'PartType0/Mass' for z = 14.0 using 8 thread(s) took 0.172178s
Reading in 'PartType0/ParticleIDs' for z = 15.0 using 8 thread(s) took 0.486649s
Reading in 'PartType0/GroupNumber' for z = 15.0 using 8 thread(s) took 0.471259s
Reading in 'PartType0/SubGroupNumber' for z = 15.0 using 8 thread(s) took 0.460874s
Reading in 'PartType0/GroupNumber' for z = 14.0 using 8 thread(s) took 0.210159s
Reading in 'PartType0/SubGroupNumber' for z = 14.0 using 8 thread(s) took 0.245456s
Reading in 'PartType0/ParticleIDs' for z = 14.0 using 8 thread(s) took 0.22813s
Graph progress:  0 % 3292.0
Graph progress:  1 % 5390.0
Graph progress:  2 % 2568.0
Graph progress:  3 % 1872.0
Graph progress:  4 % 5536.0
Graph progress:  5 % 2088.0
Graph progress:  6 % 5778.0
Graph progress:  7 % 5396.0
Graph progress:  8 % 4558.0
Graph progress:  9 % 5116.0
Graph progress:  10 % 4007.0
Graph progress:  11 % 6351.0
Graph progress:  12 % 499.00001
Graph progress:  13 % 3928.0
Graph progress:  14 % 9.0
Graph progress:  15 % 5903.0
Graph progress:  16 % 2808.0
Graph progress:  17 % 385.00001
Graph progress:  18 % 5572.0
Graph progress:  19 % 4647.0
Graph progress:  20 % 3780.0
Graph progress:  21 % 1076.0
Graph progress:  22 % 3093.0
Graph progress:  23 % 7418.0
Graph progress:  24 % 1544.0
Graph progress:  25 % 7073.0
Graph progress:  26 % 6922.0
Graph progress:  27 % 1850.0
Graph progress:  28 % 1452.0
Graph progress:  29 % 2609.0
Graph progress:  30 % 6176.0
Graph progress:  31 % 1271.0
Graph progress:  32 % 3220.0
Graph progress:  33 % 3284.0
Graph progress:  34 % 2188.0
Graph progress:  35 % 7122.0
Graph progress:  36 % 4750.0
Graph progress:  37 % 93.0
Graph progress:  38 % 168.00002
Graph progress:  39 % 6972.0
Graph progress:  40 % 7230.0
Graph progress:  41 % 6436.0
Graph progress:  42 % 3534.0
Graph progress:  43 % 3620.0
Graph progress:  44 % 7116.0
Graph progress:  45 % 3191.0
Graph progress:  46 % 2923.0
Graph progress:  47 % 745.0
Graph progress:  48 % 5353.0
Graph progress:  49 % 634.0
Graph progress:  50 % 921.0
Graph progress:  51 % 5471.0
Graph progress:  52 % 6787.0
Graph progress:  53 % 4513.0
Graph progress:  54 % 1047.0
Graph progress:  55 % 2031.0
Graph progress:  56 % 2736.0
Graph progress:  57 % 389.0
Graph progress:  58 % 4721.0
Graph progress:  59 % 3826.0
Graph progress:  60 % 2594.0
Graph progress:  61 % 1360.0
Graph progress:  62 % 6295.0
Graph progress:  63 % 5591.0
Graph progress:  64 % 3682.0
Graph progress:  65 % 1273.0
Graph progress:  66 % 5592.0
Graph progress:  67 % 1592.0
Graph progress:  68 % 332.0
Graph progress:  69 % 2249.0
Graph progress:  70 % 3605.0
Graph progress:  71 % 4402.0
Graph progress:  72 % 4212.0
Graph progress:  73 % 12.0
Graph progress:  74 % 471.0
Graph progress:  75 % 5803.0
Graph progress:  76 % 578.0
Graph progress:  77 % 6566.0
Graph progress:  78 % 3175.0
Graph progress:  79 % 3371.0
Graph progress:  80 % 7407.0
Graph progress:  81 % 3170.0
Graph progress:  82 % 6100.0
Graph progress:  83 % 2462.0
Graph progress:  84 % 7180.0
Graph progress:  85 % 3000.0
Graph progress:  86 % 1836.0
Graph progress:  87 % 4794.0
Graph progress:  88 % 269.0
Graph progress:  89 % 6224.0
Graph progress:  90 % 3057.0
Graph progress:  91 % 6586.0
Graph progress:  92 % 1792.0
Graph progress:  93 % 3437.0
Graph progress:  94 % 6404.0
Graph progress:  95 % 7057.0
Graph progress:  96 % 1742.0
Graph progress:  97 % 3113.0
Graph progress:  98 % 2234.0
Graph progress:  99 % 5927.0
Processed 8124 halos in snapshot 000_z015p000 of particle type 0
Write progress:  0 % 3292.0
Write progress:  1 % 5390.0
Write progress:  2 % 3513.0
Write progress:  3 % 2569.0
Write progress:  4 % 3496.0
Write progress:  5 % 5124.0
Write progress:  6 % 6056.0
Write progress:  7 % 7365.0
Write progress:  8 % 7021.0
Write progress:  9 % 974.0
Write progress:  10 % 2862.0
Write progress:  11 % 4694.0
Write progress:  12 % 4986.0
Write progress:  13 % 3928.0
Write progress:  14 % 9.00002
Write progress:  15 % 2929.0
Write progress:  16 % 266.00001
Write progress:  17 % 3423.00001
Write progress:  18 % 769.00001
Write progress:  19 % 6533.0
Write progress:  20 % 784.0
Write progress:  21 % 1241.0
Write progress:  22 % 3093.0
Write progress:  23 % 5367.0
Write progress:  24 % 1297.0
Write progress:  25 % 101.00001
Write progress:  26 % 5876.0
Write progress:  27 % 4546.0
Write progress:  28 % 1889.0
Write progress:  29 % 1736.0
Write progress:  30 % 6174.0
Write progress:  31 % 6118.0
Write progress:  32 % 7123.0
Write progress:  33 % 5875.0
Write progress:  34 % 503.0
Write progress:  35 % 6494.0
Write progress:  36 % 5448.0
Write progress:  37 % 6359.0
Write progress:  38 % 693.0
Write progress:  39 % 6972.0
Write progress:  40 % 6792.0
Write progress:  41 % 2782.0
Write progress:  42 % 133.00001
Write progress:  43 % 452.0
Write progress:  44 % 2968.0
Write progress:  45 % 6159.0
Write progress:  46 % 7117.0
Write progress:  47 % 6329.0
Write progress:  48 % 1343.0
Write progress:  49 % 4245.0
Write progress:  50 % 4951.0
Write progress:  51 % 1333.0
Write progress:  52 % 1909.0
Write progress:  53 % 1219.0
Write progress:  54 % 5220.0
Write progress:  55 % 1732.00001
Write progress:  56 % 212.00001
Write progress:  57 % 4940.0
Write progress:  58 % 3263.0
Write progress:  59 % 3690.0
Write progress:  60 % 189.0
Write progress:  61 % 927.0
Write progress:  62 % 7409.0
Write progress:  63 % 6619.0
Write progress:  64 % 5204.0
Write progress:  65 % 5679.0
Write progress:  66 % 1342.0
Write progress:  67 % 1020.0
Write progress:  68 % 6417.0
Write progress:  69 % 3107.0
Write progress:  70 % 3968.0
Write progress:  71 % 2171.0
Write progress:  72 % 6947.0
Write progress:  73 % 12.00005
Write progress:  74 % 1511.0
Write progress:  75 % 6263.0
Write progress:  76 % 3802.0
Write progress:  77 % 7246.0
Write progress:  78 % 5791.0
Write progress:  79 % 121.0
Write progress:  80 % 938.0
Write progress:  81 % 3727.00001
Write progress:  82 % 21.0
Write progress:  83 % 715.0
Write progress:  84 % 4025.0
Write progress:  85 % 2898.0
Write progress:  86 % 5433.0
Write progress:  87 % 3662.0
Write progress:  88 % 1353.0
Write progress:  89 % 803.0
Write progress:  90 % 6908.0
Write progress:  91 % 865.0
Write progress:  92 % 2816.0
Write progress:  93 % 960.0
Write progress:  94 % 1864.0
Write progress:  95 % 2574.0
Write progress:  96 % 6589.0
Write progress:  97 % 6105.0
Write progress:  98 % 3253.0
Write progress:  99 % 2990.00001
Job done, info follows...
       JobID    JobName  Partition     MaxRSS    Elapsed ExitCode 
------------ ---------- ---------- ---------- ---------- -------- 
2042958_313  MEGA-FLAR+     cosma6              00:04:20      0:0 
2042958_313+     extern                         00:04:20      0:0 
