====
Starting job 2043483 at Fri 24 Apr 02:00:28 BST 2020 for user dc-rope1.
Running on nodes: m6230
====
372
('08', None, '000_z015p000', '001_z014p000')
Reading in 'PartType1/ParticleIDs' for z = 15.0 using 8 thread(s) took 11.271825s
Reading in 'PartType1/ParticleIDs' for z = 15.0 using 8 thread(s) took 1.684991s
Reading in 'PartType1/GroupNumber' for z = 15.0 using 8 thread(s) took 0.105459s
Reading in 'PartType1/SubGroupNumber' for z = 15.0 using 8 thread(s) took 0.079906s
Reading in 'PartType1/GroupNumber' for z = 14.0 using 8 thread(s) took 0.176999s
Reading in 'PartType1/SubGroupNumber' for z = 14.0 using 8 thread(s) took 0.128748s
Reading in 'PartType1/ParticleIDs' for z = 14.0 using 8 thread(s) took 0.13434s
Graph progress:  0 % 7876.0
Graph progress:  1 % 7637.0
Graph progress:  2 % 4502.0
Graph progress:  3 % 4669.0
Graph progress:  4 % 6775.0
Graph progress:  5 % 6015.0
Graph progress:  6 % 619.00001
Graph progress:  7 % 6754.0
Graph progress:  8 % 7771.0
Graph progress:  9 % 3849.0
Graph progress:  10 % 356.0
Graph progress:  11 % 1092.0
Graph progress:  12 % 2356.0
Graph progress:  13 % 1218.00001
Graph progress:  14 % 1439.0
Graph progress:  15 % 6073.0
Graph progress:  16 % 5352.0
Graph progress:  17 % 630.0
Graph progress:  18 % 3492.0
Graph progress:  19 % 5340.0
Graph progress:  20 % 6598.0
Graph progress:  21 % 3995.0
Graph progress:  22 % 1375.0
Graph progress:  23 % 5519.0
Graph progress:  24 % 3307.0
Graph progress:  25 % 7546.0
Graph progress:  26 % 6914.0
Graph progress:  27 % 5861.0
Graph progress:  28 % 502.0
Graph progress:  29 % 3559.0
Graph progress:  30 % 118.0
Graph progress:  31 % 334.00001
Graph progress:  32 % 1080.0
Graph progress:  33 % 5689.0
Graph progress:  34 % 6842.0
Graph progress:  35 % 5199.0
Graph progress:  36 % 5125.0
Graph progress:  37 % 6347.0
Graph progress:  38 % 437.0
Graph progress:  39 % 6506.0
Graph progress:  40 % 26.0
Graph progress:  41 % 5012.0
Graph progress:  42 % 6158.0
Graph progress:  43 % 6188.0
Graph progress:  44 % 1069.0
Graph progress:  45 % 4633.0
Graph progress:  46 % 239.0
Graph progress:  47 % 637.0
Graph progress:  48 % 3267.0
Graph progress:  49 % 3794.0
Graph progress:  50 % 1742.0
Graph progress:  51 % 7571.0
Graph progress:  52 % 1500.0
Graph progress:  53 % 261.0
Graph progress:  54 % 5643.0
Graph progress:  55 % 3423.0
Graph progress:  56 % 3288.0
Graph progress:  57 % 1291.0
Graph progress:  58 % 2047.0
Graph progress:  59 % 3859.0
Graph progress:  60 % 5949.0
Graph progress:  61 % 1996.0
Graph progress:  62 % 6830.0
Graph progress:  63 % 14.0
Graph progress:  64 % 1534.0
Graph progress:  65 % 4539.0
Graph progress:  66 % 4158.0
Graph progress:  67 % 7577.0
Graph progress:  68 % 4465.0
Graph progress:  69 % 4215.0
Graph progress:  70 % 2276.0
Graph progress:  71 % 6098.0
Graph progress:  72 % 3965.0
Graph progress:  73 % 3324.0
Graph progress:  74 % 2552.0
Graph progress:  75 % 2089.0
Graph progress:  76 % 3133.0
Graph progress:  77 % 2462.0
Graph progress:  78 % 3737.0
Graph progress:  79 % 2366.0
Graph progress:  80 % 3981.0
Graph progress:  81 % 1747.0
Graph progress:  82 % 7976.0
Graph progress:  83 % 3703.0
Graph progress:  84 % 382.00001
Graph progress:  85 % 8000.0
Graph progress:  86 % 4084.0
Graph progress:  87 % 138.0
Graph progress:  88 % 1311.0
Graph progress:  89 % 4619.0
Graph progress:  90 % 7432.0
Graph progress:  91 % 3035.0
Graph progress:  92 % 3156.0
Graph progress:  93 % 1521.0
Graph progress:  94 % 5797.0
Graph progress:  95 % 6498.0
Graph progress:  96 % 3036.0
Graph progress:  97 % 6030.0
Graph progress:  98 % 7248.0
Graph progress:  99 % 2623.0
Processed 8862 halos in snapshot 000_z015p000 of particle type 1
Reading in 'PartType4/ParticleIDs' for z = 15.0 using 8 thread(s) took 0.729546s
Reading in 'PartType4/ParticleIDs' for z = 14.0 using 8 thread(s) took 2.494863s
Reading in 'Subhalo/SubGroupNumber' for z = 14.0 using 8 thread(s) took 4.739044s
Reading in 'Subhalo/GroupNumber' for z = 14.0 using 8 thread(s) took 0.211781s
Reading in 'Subhalo/ApertureMeasurements/Mass/030kpc' for z = 14.0 using 8 thread(s) took 0.179512s
Reading in 'PartType4/Mass' for z = 14.0 using 8 thread(s) took 0.089688s
Reading in 'PartType4/ParticleIDs' for z = 15.0 using 8 thread(s) took 0.08961s
Reading in 'PartType4/GroupNumber' for z = 15.0 using 8 thread(s) took 0.086733s
Reading in 'PartType4/SubGroupNumber' for z = 15.0 using 8 thread(s) took 0.083222s
Reading in 'PartType4/GroupNumber' for z = 14.0 using 8 thread(s) took 0.080354s
Reading in 'PartType4/SubGroupNumber' for z = 14.0 using 8 thread(s) took 0.079431s
Reading in 'PartType4/ParticleIDs' for z = 14.0 using 8 thread(s) took 0.078623s
Graph progress:  0 % 505.0
Graph progress:  1 % 1251.0
Graph progress:  2 % 1956.0
Graph progress:  3 % 507.0
Graph progress:  4 % 1813.0
Graph progress:  5 % 415.0
Graph progress:  6 % 1878.0
Graph progress:  7 % 189.0
Graph progress:  8 % 371.0
Graph progress:  9 % 327.0
Graph progress:  10 % 153.0
Graph progress:  11 % 380.0
Graph progress:  12 % 56.0
Graph progress:  13 % 192.0
Graph progress:  14 % 149.0
Graph progress:  15 % 6.00001
Graph progress:  16 % 87.0
Graph progress:  17 % 1783.0
Graph progress:  18 % 152.0
Graph progress:  19 % 291.0
Graph progress:  20 % 369.0
Graph progress:  21 % 775.0
Graph progress:  22 % 201.0
Graph progress:  23 % 366.0
Graph progress:  24 % 44.0
Graph progress:  25 % 596.0
Graph progress:  26 % 589.0
Graph progress:  27 % 129.0
Graph progress:  28 % 1898.0
Graph progress:  29 % 381.0
Graph progress:  30 % 177.0
Graph progress:  31 % 25.00001
Graph progress:  32 % 948.0
Graph progress:  33 % 93.0
Graph progress:  34 % 139.0
Graph progress:  35 % 536.0
Graph progress:  36 % 256.0
Graph progress:  37 % 290.0
Graph progress:  38 % 858.0
Graph progress:  39 % 235.0
Graph progress:  40 % 10.0
Graph progress:  41 % 7.00001
Graph progress:  42 % 385.0
Graph progress:  43 % 420.0
Graph progress:  44 % 239.0
Graph progress:  45 % 233.0
Graph progress:  46 % 50.0
Graph progress:  47 % 643.0
Graph progress:  48 % 525.0
Graph progress:  49 % 755.0
Graph progress:  50 % 653.0
Graph progress:  51 % 528.0
Graph progress:  52 % 358.0
Graph progress:  53 % 1066.0
Graph progress:  54 % 19.00002
Graph progress:  55 % 21.00002
Graph progress:  56 % 795.0
Graph progress:  57 % 484.0
Graph progress:  58 % 593.0
Graph progress:  59 % 1348.0
Graph progress:  60 % 417.0
Graph progress:  61 % 57.0
Graph progress:  62 % 15.0
Graph progress:  63 % 555.0
Graph progress:  64 % 24.00001
Graph progress:  65 % 156.0
Graph progress:  66 % 14.0
Graph progress:  67 % 22.0
Graph progress:  68 % 738.0
Graph progress:  69 % 88.0
Graph progress:  70 % 11.0
Graph progress:  71 % 28.0
Graph progress:  72 % 395.0
Graph progress:  73 % 556.0
Graph progress:  74 % 17.00001
Graph progress:  75 % 571.0
Graph progress:  76 % 45.0
Graph progress:  77 % 323.0
Graph progress:  78 % 51.0
Graph progress:  79 % 1177.0
Graph progress:  80 % 207.0
Graph progress:  81 % 497.0
Graph progress:  82 % 160.0
Graph progress:  83 % 49.0
Graph progress:  84 % 376.0
Graph progress:  85 % 104.0
Graph progress:  86 % 130.0
Graph progress:  87 % 471.0
Graph progress:  88 % 8.00002
Graph progress:  89 % 43.00001
Graph progress:  90 % 79.0
Graph progress:  91 % 221.0
Graph progress:  92 % 1.0
Graph progress:  93 % 122.0
Graph progress:  94 % 1035.0
Graph progress:  95 % 283.0
Graph progress:  96 % 66.00001
Graph progress:  97 % 481.0
Graph progress:  98 % 138.0
Graph progress:  99 % 65.0
Processed 403 halos in snapshot 000_z015p000 of particle type 4
Reading in 'PartType5/ParticleIDs' for z = 15.0 using 8 thread(s) took 0.234297s
Reading in 'PartType5/ParticleIDs' for z = 14.0 using 8 thread(s) took 0.353617s
Reading in 'Subhalo/SubGroupNumber' for z = 14.0 using 8 thread(s) took 0.217094s
Reading in 'Subhalo/GroupNumber' for z = 14.0 using 8 thread(s) took 0.157863s
Reading in 'Subhalo/ApertureMeasurements/Mass/030kpc' for z = 14.0 using 8 thread(s) took 0.171123s
Reading in 'PartType5/Mass' for z = 14.0 using 8 thread(s) took 0.073285s
Reading in 'PartType5/ParticleIDs' for z = 15.0 using 8 thread(s) took 0.078514s
Reading in 'PartType5/GroupNumber' for z = 15.0 using 8 thread(s) took 0.073816s
Reading in 'PartType5/SubGroupNumber' for z = 15.0 using 8 thread(s) took 0.076331s
Reading in 'PartType5/GroupNumber' for z = 14.0 using 8 thread(s) took 0.080428s
Reading in 'PartType5/SubGroupNumber' for z = 14.0 using 8 thread(s) took 0.076264s
Reading in 'PartType5/ParticleIDs' for z = 14.0 using 8 thread(s) took 0.072522s
Graph progress:  0 % 4.0
Graph progress:  20 % 3.0
Graph progress:  40 % 2.0
Graph progress:  60 % 8.0
Graph progress:  80 % 1.0
Processed 5 halos in snapshot 000_z015p000 of particle type 5
Reading in 'PartType0/ParticleIDs' for z = 15.0 using 8 thread(s) took 11.877756s
Reading in 'PartType0/ParticleIDs' for z = 14.0 using 8 thread(s) took 10.383822s
Reading in 'Subhalo/SubGroupNumber' for z = 14.0 using 8 thread(s) took 0.259832s
Reading in 'Subhalo/GroupNumber' for z = 14.0 using 8 thread(s) took 0.234654s
Reading in 'Subhalo/ApertureMeasurements/Mass/030kpc' for z = 14.0 using 8 thread(s) took 0.235228s
Reading in 'PartType0/Mass' for z = 14.0 using 8 thread(s) took 0.175171s
Reading in 'PartType0/ParticleIDs' for z = 15.0 using 8 thread(s) took 0.187984s
Reading in 'PartType0/GroupNumber' for z = 15.0 using 8 thread(s) took 0.19201s
Reading in 'PartType0/SubGroupNumber' for z = 15.0 using 8 thread(s) took 0.179984s
Reading in 'PartType0/GroupNumber' for z = 14.0 using 8 thread(s) took 0.214004s
Reading in 'PartType0/SubGroupNumber' for z = 14.0 using 8 thread(s) took 0.222918s
Reading in 'PartType0/ParticleIDs' for z = 14.0 using 8 thread(s) took 0.219911s
Graph progress:  0 % 7876.0
Graph progress:  1 % 714.0
Graph progress:  2 % 6155.0
Graph progress:  3 % 64.0
Graph progress:  4 % 4596.0
Graph progress:  5 % 2534.0
Graph progress:  6 % 7877.0
Graph progress:  7 % 3717.0
Graph progress:  8 % 2073.0
Graph progress:  9 % 2833.0
Graph progress:  10 % 5099.0
Graph progress:  11 % 7450.0
Graph progress:  12 % 7653.0
Graph progress:  13 % 2320.0
Graph progress:  14 % 7267.0
Graph progress:  15 % 955.0
Graph progress:  16 % 490.00001
Graph progress:  17 % 4582.0
Graph progress:  18 % 7442.0
Graph progress:  19 % 6602.0
Graph progress:  20 % 641.0
Graph progress:  21 % 4579.0
Graph progress:  22 % 2083.0
Graph progress:  23 % 3549.0
Graph progress:  24 % 5033.0
Graph progress:  25 % 1714.0
Graph progress:  26 % 5743.0
Graph progress:  27 % 2152.0
Graph progress:  28 % 2740.0
Graph progress:  29 % 5946.0
Graph progress:  30 % 6378.0
Graph progress:  31 % 7843.0
Graph progress:  32 % 4714.0
Graph progress:  33 % 4209.0
Graph progress:  34 % 6459.0
Graph progress:  35 % 4147.0
Graph progress:  36 % 4129.0
Graph progress:  37 % 6805.00001
Graph progress:  38 % 5153.0
Graph progress:  39 % 6506.0
Graph progress:  40 % 4541.0
Graph progress:  41 % 1550.0
Graph progress:  42 % 4174.0
Graph progress:  43 % 5780.0
Graph progress:  44 % 4185.0
Graph progress:  45 % 673.0
Graph progress:  46 % 7520.0
Graph progress:  47 % 7673.0
Graph progress:  48 % 3378.0
Graph progress:  49 % 57.0
Graph progress:  50 % 6180.0
Graph progress:  51 % 5843.0
Graph progress:  52 % 5953.0
Graph progress:  53 % 794.0
Graph progress:  54 % 3118.0
Graph progress:  55 % 973.0
Graph progress:  56 % 3862.0
Graph progress:  57 % 3451.0
Graph progress:  58 % 4513.0
Graph progress:  59 % 1330.0
Graph progress:  60 % 24.00005
Graph progress:  61 % 532.0
Graph progress:  62 % 4304.0
Graph progress:  63 % 14.0
Graph progress:  64 % 7365.0
Graph progress:  65 % 882.00001
Graph progress:  66 % 83.00002
Graph progress:  67 % 1536.0
Graph progress:  68 % 6728.0
Graph progress:  69 % 3610.0
Graph progress:  70 % 4214.0
Graph progress:  71 % 6097.0
Graph progress:  72 % 6878.0
Graph progress:  73 % 4737.0
Graph progress:  74 % 3335.0
Graph progress:  75 % 2089.0
Graph progress:  76 % 1177.0
Graph progress:  77 % 6908.0
Graph progress:  78 % 818.00001
Graph progress:  79 % 2605.0
Graph progress:  80 % 691.0
Graph progress:  81 % 3736.00001
Graph progress:  82 % 7067.0
Graph progress:  83 % 4921.0
Graph progress:  84 % 5325.0
Graph progress:  85 % 5987.0
Graph progress:  86 % 104.0
Graph progress:  87 % 3322.0
Graph progress:  88 % 6810.0
Graph progress:  89 % 1351.0
Graph progress:  90 % 3200.0
Graph progress:  91 % 7807.0
Graph progress:  92 % 2279.0
Graph progress:  93 % 2291.0
Graph progress:  94 % 262.0
Graph progress:  95 % 158.00001
Graph progress:  96 % 1.00003
Graph progress:  97 % 1514.0
Graph progress:  98 % 8.00005
Graph progress:  99 % 2623.0
Processed 8870 halos in snapshot 000_z015p000 of particle type 0
Write progress:  0 % 7876.0
Write progress:  1 % 7637.0
Write progress:  2 % 4502.0
Write progress:  3 % 4669.0
Write progress:  4 % 6775.0
Write progress:  5 % 6015.0
Write progress:  6 % 619.00001
Write progress:  7 % 6754.0
Write progress:  8 % 7771.0
Write progress:  9 % 3849.0
Write progress:  10 % 356.0
Write progress:  11 % 1092.0
Write progress:  12 % 2356.0
Write progress:  13 % 1218.00001
Write progress:  14 % 1439.0
Write progress:  15 % 6073.0
Write progress:  16 % 5352.0
Write progress:  17 % 630.0
Write progress:  18 % 3492.0
Write progress:  19 % 5340.0
Write progress:  20 % 6598.0
Write progress:  21 % 3995.0
Write progress:  22 % 1375.0
Write progress:  23 % 5519.0
Write progress:  24 % 3307.0
Write progress:  25 % 7546.0
Write progress:  26 % 6914.0
Write progress:  27 % 5861.0
Write progress:  28 % 502.0
Write progress:  29 % 3559.0
Write progress:  30 % 118.0
Write progress:  31 % 334.00001
Write progress:  32 % 1080.0
Write progress:  33 % 5689.0
Write progress:  34 % 6842.0
Write progress:  35 % 5199.0
Write progress:  36 % 5125.0
Write progress:  37 % 6347.0
Write progress:  38 % 437.0
Write progress:  39 % 6506.0
Write progress:  40 % 26.0
Write progress:  41 % 5012.0
Write progress:  42 % 6158.0
Write progress:  43 % 6188.0
Write progress:  44 % 1069.0
Write progress:  45 % 4633.0
Write progress:  46 % 239.0
Write progress:  47 % 637.0
Write progress:  48 % 3267.0
Write progress:  49 % 3794.0
Write progress:  50 % 1742.0
Write progress:  51 % 7571.0
Write progress:  52 % 1500.0
Write progress:  53 % 261.0
Write progress:  54 % 5643.0
Write progress:  55 % 3423.0
Write progress:  56 % 3288.0
Write progress:  57 % 1291.0
Write progress:  58 % 2047.0
Write progress:  59 % 3859.0
Write progress:  60 % 5949.0
Write progress:  61 % 1996.0
Write progress:  62 % 6830.0
Write progress:  63 % 14.0
Write progress:  64 % 1534.0
Write progress:  65 % 4539.0
Write progress:  66 % 4158.0
Write progress:  67 % 7577.0
Write progress:  68 % 4465.0
Write progress:  69 % 4215.0
Write progress:  70 % 2276.0
Write progress:  71 % 6098.0
Write progress:  72 % 3965.0
Write progress:  73 % 3324.0
Write progress:  74 % 2552.0
Write progress:  75 % 2089.0
Write progress:  76 % 3133.0
Write progress:  77 % 2462.0
Write progress:  78 % 3737.0
Write progress:  79 % 2366.0
Write progress:  80 % 3981.0
Write progress:  81 % 1747.0
Write progress:  82 % 7976.0
Write progress:  83 % 3703.0
Write progress:  84 % 382.00001
Write progress:  85 % 8000.0
Write progress:  86 % 4084.0
Write progress:  87 % 138.0
Write progress:  88 % 1311.0
Write progress:  89 % 4619.0
Write progress:  90 % 7432.0
Write progress:  91 % 3035.0
Write progress:  92 % 3156.0
Write progress:  93 % 1521.0
Write progress:  94 % 5797.0
Write progress:  95 % 6498.0
Write progress:  96 % 3036.0
Write progress:  97 % 6030.0
Write progress:  98 % 7248.0
Write progress:  99 % 2623.0
Job done, info follows...
       JobID    JobName  Partition     MaxRSS    Elapsed ExitCode 
------------ ---------- ---------- ---------- ---------- -------- 
2042958_373  MEGA-FLAR+     cosma6              00:04:36      0:0 
2042958_373+     extern                         00:04:36      0:0 
