====
Starting job 2043414 at Fri 24 Apr 01:18:54 BST 2020 for user dc-rope1.
Running on nodes: m6243
====
308
('14', '007_z008p000', '008_z007p000', '009_z006p000')
Reading in 'PartType1/ParticleIDs' for z = 7.0 using 8 thread(s) took 10.483312s
Reading in 'PartType1/ParticleIDs' for z = 7.0 using 8 thread(s) took 3.748207s
Reading in 'PartType1/GroupNumber' for z = 7.0 using 8 thread(s) took 0.674842s
Reading in 'PartType1/SubGroupNumber' for z = 7.0 using 8 thread(s) took 0.469103s
Reading in 'PartType1/GroupNumber' for z = 8.0 using 8 thread(s) took 1.004637s
Reading in 'PartType1/SubGroupNumber' for z = 8.0 using 8 thread(s) took 0.70379s
Reading in 'PartType1/ParticleIDs' for z = 8.0 using 8 thread(s) took 1.349726s
Reading in 'PartType1/GroupNumber' for z = 6.0 using 8 thread(s) took 1.880401s
Reading in 'PartType1/SubGroupNumber' for z = 6.0 using 8 thread(s) took 1.603503s
Reading in 'PartType1/ParticleIDs' for z = 6.0 using 8 thread(s) took 3.597227s
Graph progress:  0 % 50281.0
Graph progress:  1 % 1859.0
Graph progress:  2 % 12366.00001
Graph progress:  3 % 496.00004
Graph progress:  4 % 27988.00001
Graph progress:  5 % 269.00013
Graph progress:  6 % 57959.0
Graph progress:  7 % 111619.0
Graph progress:  8 % 828.00009
Graph progress:  9 % 2868.0
Graph progress:  10 % 45380.0
Graph progress:  11 % 116194.0
Graph progress:  12 % 125961.0
Graph progress:  13 % 10956.0
Graph progress:  14 % 251136.0
Graph progress:  15 % 143268.0
Graph progress:  16 % 257567.0
Graph progress:  17 % 85036.00001
Graph progress:  18 % 211984.0
Graph progress:  19 % 139210.0
Graph progress:  20 % 250874.0
Graph progress:  21 % 215662.0
Graph progress:  22 % 12668.0
Graph progress:  23 % 100096.0
Graph progress:  24 % 49793.0
Graph progress:  25 % 16705.0
Graph progress:  26 % 129462.0
Graph progress:  27 % 14821.00001
Graph progress:  28 % 20561.0
Graph progress:  29 % 55044.0
Graph progress:  30 % 180515.0
Graph progress:  31 % 55068.0
Graph progress:  32 % 14674.0
Graph progress:  33 % 236531.0
Graph progress:  34 % 212482.0
Graph progress:  35 % 192235.0
Graph progress:  36 % 215204.0
Graph progress:  37 % 25.00023
Graph progress:  38 % 76439.0
Graph progress:  39 % 1002.00005
Graph progress:  40 % 191485.0
Graph progress:  41 % 233683.0
Graph progress:  42 % 10094.00002
Graph progress:  43 % 7265.0
Graph progress:  44 % 11916.0
Graph progress:  45 % 100746.0
Graph progress:  46 % 91629.0
Graph progress:  47 % 45578.00001
Graph progress:  48 % 11502.00001
Graph progress:  49 % 145592.0
Graph progress:  50 % 66069.0
Graph progress:  51 % 209714.0
Graph progress:  52 % 194357.0
Graph progress:  53 % 231113.0
Graph progress:  54 % 10130.0
Graph progress:  55 % 210702.0
Graph progress:  56 % 44425.0
Graph progress:  57 % 193149.0
Graph progress:  58 % 3975.00002
Graph progress:  59 % 52446.0
Graph progress:  60 % 114636.0
Graph progress:  61 % 2347.00001
Graph progress:  62 % 174520.0
Graph progress:  63 % 32614.0
Graph progress:  64 % 65640.0
Graph progress:  65 % 204573.0
Graph progress:  66 % 4151.0
Graph progress:  67 % 132164.0
Graph progress:  68 % 15830.00001
Graph progress:  69 % 59119.0
Graph progress:  70 % 127561.0
Graph progress:  71 % 35966.00001
Graph progress:  72 % 170552.0
Graph progress:  73 % 228537.0
Graph progress:  74 % 115602.0
Graph progress:  75 % 45471.0
Graph progress:  76 % 216272.0
Graph progress:  77 % 27433.00001
Graph progress:  78 % 122547.0
Graph progress:  79 % 282.00006
Graph progress:  80 % 111354.0
Graph progress:  81 % 119442.0
Graph progress:  82 % 107308.0
Graph progress:  83 % 7190.00004
Graph progress:  84 % 263.00016
Graph progress:  85 % 3016.00002
Graph progress:  86 % 87053.0
Graph progress:  87 % 2796.00003
Graph progress:  88 % 93108.0
Graph progress:  89 % 257179.0
Graph progress:  90 % 221.0
Graph progress:  91 % 217059.0
Graph progress:  92 % 211146.0
Graph progress:  93 % 58782.0
Graph progress:  94 % 190340.0
Graph progress:  95 % 179170.0
Graph progress:  96 % 10389.00001
Graph progress:  97 % 238194.0
Graph progress:  98 % 240784.0
Graph progress:  99 % 340.00008
Processed 307747 halos in snapshot 008_z007p000 of particle type 1
Reading in 'PartType4/ParticleIDs' for z = 7.0 using 8 thread(s) took 0.620852s
Reading in 'PartType4/ParticleIDs' for z = 8.0 using 8 thread(s) took 0.752386s
Reading in 'Subhalo/SubGroupNumber' for z = 8.0 using 8 thread(s) took 0.913171s
Reading in 'Subhalo/GroupNumber' for z = 8.0 using 8 thread(s) took 0.708999s
Reading in 'Subhalo/ApertureMeasurements/Mass/030kpc' for z = 8.0 using 8 thread(s) took 0.711195s
Reading in 'PartType4/Mass' for z = 8.0 using 8 thread(s) took 0.538934s
Reading in 'PartType4/ParticleIDs' for z = 6.0 using 8 thread(s) took 1.466039s
Reading in 'Subhalo/SubGroupNumber' for z = 6.0 using 8 thread(s) took 4.348916s
Reading in 'Subhalo/GroupNumber' for z = 6.0 using 8 thread(s) took 0.703849s
Reading in 'Subhalo/ApertureMeasurements/Mass/030kpc' for z = 6.0 using 8 thread(s) took 0.706487s
Reading in 'PartType4/Mass' for z = 6.0 using 8 thread(s) took 1.292654s
Reading in 'PartType4/ParticleIDs' for z = 7.0 using 8 thread(s) took 0.540281s
Reading in 'PartType4/GroupNumber' for z = 7.0 using 8 thread(s) took 0.530876s
Reading in 'PartType4/SubGroupNumber' for z = 7.0 using 8 thread(s) took 0.553692s
Reading in 'PartType4/GroupNumber' for z = 8.0 using 8 thread(s) took 0.532286s
Reading in 'PartType4/SubGroupNumber' for z = 8.0 using 8 thread(s) took 0.541416s
Reading in 'PartType4/ParticleIDs' for z = 8.0 using 8 thread(s) took 0.549081s
Reading in 'PartType4/GroupNumber' for z = 6.0 using 8 thread(s) took 0.55918s
Reading in 'PartType4/SubGroupNumber' for z = 6.0 using 8 thread(s) took 0.746582s
Reading in 'PartType4/ParticleIDs' for z = 6.0 using 8 thread(s) took 1.177924s
Graph progress:  0 % 5.0
Graph progress:  1 % 41563.0
Graph progress:  2 % 16673.00002
Graph progress:  3 % 11141.0
Graph progress:  4 % 35596.0
Graph progress:  5 % 6716.00002
Graph progress:  6 % 286.00004
Graph progress:  7 % 6567.00003
Graph progress:  8 % 4064.0
Graph progress:  9 % 2211.0
Graph progress:  10 % 15550.0
Graph progress:  11 % 2458.0
Graph progress:  12 % 18761.00001
Graph progress:  13 % 55606.0
Graph progress:  14 % 3909.0
Graph progress:  15 % 1999.00001
Graph progress:  16 % 2488.00003
Graph progress:  17 % 6714.0
Graph progress:  18 % 3331.00001
Graph progress:  19 % 57405.0
Graph progress:  20 % 12806.0
Graph progress:  21 % 38865.0
Graph progress:  22 % 1726.0
Graph progress:  23 % 7257.0
Graph progress:  24 % 188.0001
Graph progress:  25 % 206671.0
Graph progress:  26 % 15495.00001
Graph progress:  27 % 8918.0
Graph progress:  28 % 12570.0
Graph progress:  29 % 21827.0
Graph progress:  30 % 10710.0
Graph progress:  31 % 13417.0
Graph progress:  32 % 40661.0
Graph progress:  33 % 12318.0
Graph progress:  34 % 6682.00001
Graph progress:  35 % 8.00014
Graph progress:  36 % 13494.0
Graph progress:  37 % 15020.00001
Graph progress:  38 % 3842.0
Graph progress:  39 % 16518.0
Graph progress:  40 % 9807.00003
Graph progress:  41 % 3829.0
Graph progress:  42 % 15014.0
Graph progress:  43 % 11849.0
Graph progress:  44 % 34492.0
Graph progress:  45 % 17126.0
Graph progress:  46 % 9193.0
Graph progress:  47 % 1489.0
Graph progress:  48 % 36036.0
Graph progress:  49 % 7166.0
Graph progress:  50 % 5105.0
Graph progress:  51 % 1653.00003
Graph progress:  52 % 17260.0
Graph progress:  53 % 5949.00002
Graph progress:  54 % 31.00023
Graph progress:  55 % 22755.0
Graph progress:  56 % 35565.0
Graph progress:  57 % 12005.0
Graph progress:  58 % 4564.0
Graph progress:  59 % 4574.0
Graph progress:  60 % 15254.0
Graph progress:  61 % 31042.0
Graph progress:  62 % 8298.0
Graph progress:  63 % 1420.00003
Graph progress:  64 % 78089.0
Graph progress:  65 % 12680.00001
Graph progress:  66 % 2580.0
Graph progress:  67 % 56301.0
Graph progress:  68 % 76.00018
Graph progress:  69 % 48.00012
Graph progress:  70 % 11347.0
Graph progress:  71 % 52486.0
Graph progress:  72 % 25242.0
Graph progress:  73 % 744.00007
Graph progress:  74 % 122.00002
Graph progress:  75 % 55436.0
Graph progress:  76 % 5634.00001
Graph progress:  77 % 59.00003
Graph progress:  78 % 26890.0
Graph progress:  79 % 9304.00002
Graph progress:  80 % 9291.0
Graph progress:  81 % 4387.00002
Graph progress:  82 % 2064.0
Graph progress:  83 % 263.00003
Graph progress:  84 % 54543.0
Graph progress:  85 % 50409.0
Graph progress:  86 % 339.00003
Graph progress:  87 % 34425.0
Graph progress:  88 % 18803.0
Graph progress:  89 % 47049.0
Graph progress:  90 % 4997.00001
Graph progress:  91 % 10756.0
Graph progress:  92 % 1061.00005
Graph progress:  93 % 28699.0
Graph progress:  94 % 15172.00001
Graph progress:  95 % 28884.0
Graph progress:  96 % 13314.0
Graph progress:  97 % 3113.0
Graph progress:  98 % 77.00009
Graph progress:  99 % 11177.0
Processed 52520 halos in snapshot 008_z007p000 of particle type 4
Reading in 'PartType5/ParticleIDs' for z = 7.0 using 8 thread(s) took 0.578789s
Reading in 'PartType5/ParticleIDs' for z = 8.0 using 8 thread(s) took 0.565786s
Reading in 'Subhalo/SubGroupNumber' for z = 8.0 using 8 thread(s) took 0.749665s
Reading in 'Subhalo/GroupNumber' for z = 8.0 using 8 thread(s) took 0.706021s
Reading in 'Subhalo/ApertureMeasurements/Mass/030kpc' for z = 8.0 using 8 thread(s) took 0.756582s
Reading in 'PartType5/Mass' for z = 8.0 using 8 thread(s) took 0.571843s
Reading in 'PartType5/ParticleIDs' for z = 6.0 using 8 thread(s) took 2.318189s
Reading in 'Subhalo/SubGroupNumber' for z = 6.0 using 8 thread(s) took 0.724211s
Reading in 'Subhalo/GroupNumber' for z = 6.0 using 8 thread(s) took 0.68181s
Reading in 'Subhalo/ApertureMeasurements/Mass/030kpc' for z = 6.0 using 8 thread(s) took 0.710439s
Reading in 'PartType5/Mass' for z = 6.0 using 8 thread(s) took 1.144307s
Reading in 'PartType5/ParticleIDs' for z = 7.0 using 8 thread(s) took 0.531624s
Reading in 'PartType5/GroupNumber' for z = 7.0 using 8 thread(s) took 0.538416s
Reading in 'PartType5/SubGroupNumber' for z = 7.0 using 8 thread(s) took 0.549098s
Reading in 'PartType5/GroupNumber' for z = 8.0 using 8 thread(s) took 0.541118s
Reading in 'PartType5/SubGroupNumber' for z = 8.0 using 8 thread(s) took 0.548042s
Reading in 'PartType5/ParticleIDs' for z = 8.0 using 8 thread(s) took 0.556469s
Reading in 'PartType5/GroupNumber' for z = 6.0 using 8 thread(s) took 1.613649s
Reading in 'PartType5/SubGroupNumber' for z = 6.0 using 8 thread(s) took 0.625996s
Reading in 'PartType5/ParticleIDs' for z = 6.0 using 8 thread(s) took 0.57789s
Graph progress:  0 % 2477.00003
Graph progress:  1 % 63.0
Graph progress:  2 % 1113.00002
Graph progress:  3 % 1717.0
Graph progress:  4 % 806.00005
Graph progress:  5 % 11744.0
Graph progress:  6 % 2.00001
Graph progress:  7 % 984.0
Graph progress:  8 % 1074.0
Graph progress:  9 % 2870.0
Graph progress:  10 % 4153.0
Graph progress:  11 % 466.00006
Graph progress:  12 % 3145.0
Graph progress:  13 % 787.0
Graph progress:  14 % 295.0
Graph progress:  15 % 3571.0
Graph progress:  16 % 2849.0
Graph progress:  17 % 1103.00004
Graph progress:  18 % 186.00009
Graph progress:  19 % 455.00002
Graph progress:  20 % 2808.0
Graph progress:  21 % 247.00001
Graph progress:  22 % 783.0
Graph progress:  23 % 33.00038
Graph progress:  24 % 4248.0
Graph progress:  25 % 374.00005
Graph progress:  26 % 2428.0
Graph progress:  27 % 2353.0
Graph progress:  28 % 1346.0
Graph progress:  29 % 1028.00007
Graph progress:  30 % 3863.00002
Graph progress:  31 % 1124.00001
Graph progress:  32 % 1630.0
Graph progress:  33 % 1523.0
Graph progress:  34 % 12.00001
Graph progress:  35 % 1710.00004
Graph progress:  36 % 9.00003
Graph progress:  37 % 6404.00001
Graph progress:  38 % 24043.00001
Graph progress:  39 % 2134.00002
Graph progress:  40 % 630.0
Graph progress:  41 % 1411.0
Graph progress:  42 % 1356.0
Graph progress:  43 % 2973.0
Graph progress:  44 % 5524.00001
Graph progress:  45 % 1140.00001
Graph progress:  46 % 498.0
Graph progress:  47 % 2729.00002
Graph progress:  48 % 3495.0
Graph progress:  49 % 70643.0
Graph progress:  50 % 2855.0
Graph progress:  51 % 48858.0
Graph progress:  52 % 1892.00004
Graph progress:  53 % 162.00007
Graph progress:  54 % 5055.0
Graph progress:  55 % 1809.0
Graph progress:  56 % 796.00006
Graph progress:  57 % 1769.0
Graph progress:  58 % 30.00017
Graph progress:  59 % 3247.0
Graph progress:  60 % 220.00004
Graph progress:  61 % 405.0
Graph progress:  62 % 1909.0
Graph progress:  63 % 391.0
Graph progress:  64 % 3420.0
Graph progress:  65 % 2270.0
Graph progress:  66 % 1358.0
Graph progress:  67 % 1936.0
Graph progress:  68 % 2884.0
Graph progress:  69 % 3132.0
Graph progress:  70 % 242.00001
Graph progress:  71 % 1545.0
Graph progress:  72 % 454.0
Graph progress:  73 % 29.00002
Graph progress:  74 % 802.0
Graph progress:  75 % 2331.00004
Graph progress:  76 % 328.00001
Graph progress:  77 % 744.0
Graph progress:  78 % 2312.0
Graph progress:  79 % 393.0
Graph progress:  80 % 2691.00002
Graph progress:  81 % 435.0
Graph progress:  82 % 2886.0
Graph progress:  83 % 490.0
Graph progress:  84 % 13.00048
Graph progress:  85 % 431.0
Graph progress:  86 % 1901.00001
Graph progress:  87 % 79.00003
Graph progress:  88 % 3114.00002
Graph progress:  89 % 1172.0
Graph progress:  90 % 244.0
Graph progress:  91 % 20.00005
Graph progress:  92 % 654.0
Graph progress:  93 % 304.00003
Graph progress:  94 % 14004.0
Graph progress:  95 % 3301.0
Graph progress:  96 % 2785.00004
Graph progress:  97 % 1793.00001
Graph progress:  98 % 7.00014
Graph progress:  99 % 854.00001
Processed 4817 halos in snapshot 008_z007p000 of particle type 5
Reading in 'PartType0/ParticleIDs' for z = 7.0 using 8 thread(s) took 10.179765s
Reading in 'PartType0/ParticleIDs' for z = 8.0 using 8 thread(s) took 9.977295s
Reading in 'Subhalo/SubGroupNumber' for z = 8.0 using 8 thread(s) took 0.947508s
Reading in 'Subhalo/GroupNumber' for z = 8.0 using 8 thread(s) took 0.894156s
Reading in 'Subhalo/ApertureMeasurements/Mass/030kpc' for z = 8.0 using 8 thread(s) took 0.828514s
Reading in 'PartType0/Mass' for z = 8.0 using 8 thread(s) took 1.01124s
Reading in 'PartType0/ParticleIDs' for z = 6.0 using 8 thread(s) took 11.566819s
Reading in 'Subhalo/SubGroupNumber' for z = 6.0 using 8 thread(s) took 0.904042s
Reading in 'Subhalo/GroupNumber' for z = 6.0 using 8 thread(s) took 0.80721s
Reading in 'Subhalo/ApertureMeasurements/Mass/030kpc' for z = 6.0 using 8 thread(s) took 0.802255s
Reading in 'PartType0/Mass' for z = 6.0 using 8 thread(s) took 2.731984s
Reading in 'PartType0/ParticleIDs' for z = 7.0 using 8 thread(s) took 1.652469s
Reading in 'PartType0/GroupNumber' for z = 7.0 using 8 thread(s) took 1.133725s
Reading in 'PartType0/SubGroupNumber' for z = 7.0 using 8 thread(s) took 1.104313s
Reading in 'PartType0/GroupNumber' for z = 8.0 using 8 thread(s) took 1.03227s
Reading in 'PartType0/SubGroupNumber' for z = 8.0 using 8 thread(s) took 1.098377s
Reading in 'PartType0/ParticleIDs' for z = 8.0 using 8 thread(s) took 1.237093s
Reading in 'PartType0/GroupNumber' for z = 6.0 using 8 thread(s) took 1.577756s
Reading in 'PartType0/SubGroupNumber' for z = 6.0 using 8 thread(s) took 1.767956s
Reading in 'PartType0/ParticleIDs' for z = 6.0 using 8 thread(s) took 4.771343s
Graph progress:  0 % 201092.0
Graph progress:  1 % 108400.0
Graph progress:  2 % 19036.0
Graph progress:  3 % 214599.0
Graph progress:  4 % 162587.0
Graph progress:  5 % 109098.0
Graph progress:  6 % 184149.0
Graph progress:  7 % 10035.00002
Graph progress:  8 % 43847.0
Graph progress:  9 % 17470.0
Graph progress:  10 % 55528.0
Graph progress:  11 % 58918.0
Graph progress:  12 % 226621.0
Graph progress:  13 % 36237.0
Graph progress:  14 % 13772.0
Graph progress:  15 % 166157.0
Graph progress:  16 % 1407.0
Graph progress:  17 % 60708.0
Graph progress:  18 % 24.00023
Graph progress:  19 % 45638.0
Graph progress:  20 % 25390.0
Graph progress:  21 % 259470.0
Graph progress:  22 % 14981.0
Graph progress:  23 % 13544.00002
Graph progress:  24 % 180043.0
Graph progress:  25 % 108753.00001
Graph progress:  26 % 230309.0
Graph progress:  27 % 697.00001
Graph progress:  28 % 21820.0
Graph progress:  29 % 82389.0
Graph progress:  30 % 115581.0
Graph progress:  31 % 53813.00001
Graph progress:  32 % 23350.0
Graph progress:  33 % 65404.0
Graph progress:  34 % 122251.0
Graph progress:  35 % 60682.0
Graph progress:  36 % 168448.0
Graph progress:  37 % 149066.0
Graph progress:  38 % 32590.00001
Graph progress:  39 % 28870.0
Graph progress:  40 % 180129.0
Graph progress:  41 % 164975.0
Graph progress:  42 % 125929.0
Graph progress:  43 % 139431.0
Graph progress:  44 % 19285.0
Graph progress:  45 % 259926.0
Graph progress:  46 % 9734.0
Graph progress:  47 % 85009.0
Graph progress:  48 % 102521.0
Graph progress:  49 % 1467.00006
Graph progress:  50 % 2062.00007
Graph progress:  51 % 245014.0
Graph progress:  52 % 61133.0
Graph progress:  53 % 34709.0
Graph progress:  54 % 169382.0
Graph progress:  55 % 129086.0
Graph progress:  56 % 92579.0
Graph progress:  57 % 1088.00004
Graph progress:  58 % 238636.0
Graph progress:  59 % 70742.0
Graph progress:  60 % 61134.0
Graph progress:  61 % 23316.0
Graph progress:  62 % 256756.0
Graph progress:  63 % 795.00002
Graph progress:  64 % 252401.0
Graph progress:  65 % 37010.0
Graph progress:  66 % 62985.0
Graph progress:  67 % 30136.0
Graph progress:  68 % 3405.00004
Graph progress:  69 % 102048.0
Graph progress:  70 % 13322.0
Graph progress:  71 % 159964.0
Graph progress:  72 % 18745.00002
Graph progress:  73 % 174713.0
Graph progress:  74 % 73363.0
Graph progress:  75 % 88.00014
Graph progress:  76 % 194823.0
Graph progress:  77 % 139720.0
Graph progress:  78 % 32384.00001
Graph progress:  79 % 8199.00002
Graph progress:  80 % 81043.0
Graph progress:  81 % 67529.0
Graph progress:  82 % 83186.0
Graph progress:  83 % 170866.0
Graph progress:  84 % 65173.0
Graph progress:  85 % 138571.0
Graph progress:  86 % 13347.0
Graph progress:  87 % 174876.0
Graph progress:  88 % 145249.0
Graph progress:  89 % 40739.0
Graph progress:  90 % 29955.0
Graph progress:  91 % 179151.0
Graph progress:  92 % 28808.0
Graph progress:  93 % 81569.0
Graph progress:  94 % 34687.0
Graph progress:  95 % 162154.0
Graph progress:  96 % 208203.0
Graph progress:  97 % 60567.0
Graph progress:  98 % 139938.0
Graph progress:  99 % 200313.0
Processed 294016 halos in snapshot 008_z007p000 of particle type 0
Write progress:  0 % 50281.0
Write progress:  1 % 1859.0
Write progress:  2 % 12366.00001
Write progress:  3 % 496.00004
Write progress:  4 % 27988.00001
Write progress:  5 % 269.00013
Write progress:  6 % 57959.0
Write progress:  7 % 111619.0
Write progress:  8 % 828.00009
Write progress:  9 % 2868.0
Write progress:  10 % 45380.0
Write progress:  11 % 116194.0
Write progress:  12 % 125961.0
Write progress:  13 % 10956.0
Write progress:  14 % 251136.0
Write progress:  15 % 143268.0
Write progress:  16 % 257567.0
Write progress:  17 % 85036.00001
Write progress:  18 % 211984.0
Write progress:  19 % 139210.0
Write progress:  20 % 250874.0
Write progress:  21 % 215662.0
Write progress:  22 % 12668.0
Write progress:  23 % 100096.0
Write progress:  24 % 49793.0
Write progress:  25 % 16705.0
Write progress:  26 % 129462.0
Write progress:  27 % 14821.00001
Write progress:  28 % 20561.0
Write progress:  29 % 55044.0
Write progress:  30 % 180515.0
Write progress:  31 % 55068.0
Write progress:  32 % 14674.0
Write progress:  33 % 236531.0
Write progress:  34 % 212482.0
Write progress:  35 % 192235.0
Write progress:  36 % 215204.0
Write progress:  37 % 25.00023
Write progress:  38 % 76439.0
Write progress:  39 % 1002.00005
Write progress:  40 % 191485.0
Write progress:  41 % 233683.0
Write progress:  42 % 10094.00002
Write progress:  43 % 7265.0
Write progress:  44 % 11916.0
Write progress:  45 % 100746.0
Write progress:  46 % 91629.0
Write progress:  47 % 45578.00001
Write progress:  48 % 11502.00001
Write progress:  49 % 145592.0
Write progress:  50 % 66069.0
Write progress:  51 % 209714.0
Write progress:  52 % 194357.0
Write progress:  53 % 231113.0
Write progress:  54 % 10130.0
Write progress:  55 % 210702.0
Write progress:  56 % 44425.0
Write progress:  57 % 193149.0
Write progress:  58 % 3975.00002
Write progress:  59 % 52446.0
Write progress:  60 % 114636.0
Write progress:  61 % 2347.00001
Write progress:  62 % 174520.0
Write progress:  63 % 32614.0
Write progress:  64 % 65640.0
Write progress:  65 % 204573.0
Write progress:  66 % 4151.0
Write progress:  67 % 132164.0
Write progress:  68 % 15830.00001
Write progress:  69 % 59119.0
Write progress:  70 % 127561.0
Write progress:  71 % 35966.00001
Write progress:  72 % 170552.0
Write progress:  73 % 228537.0
Write progress:  74 % 115602.0
Write progress:  75 % 45471.0
Write progress:  76 % 216272.0
Write progress:  77 % 27433.00001
Write progress:  78 % 122547.0
Write progress:  79 % 282.00006
Write progress:  80 % 111354.0
Write progress:  81 % 119442.0
Write progress:  82 % 107308.0
Write progress:  83 % 7190.00004
Write progress:  84 % 263.00016
Write progress:  85 % 3016.00002
Write progress:  86 % 87053.0
Write progress:  87 % 2796.00003
Write progress:  88 % 93108.0
Write progress:  89 % 257179.0
Write progress:  90 % 221.0
Write progress:  91 % 217059.0
Write progress:  92 % 211146.0
Write progress:  93 % 58782.0
Write progress:  94 % 190340.0
Write progress:  95 % 179170.0
Write progress:  96 % 10389.00001
Write progress:  97 % 238194.0
Write progress:  98 % 240784.0
Write progress:  99 % 340.00008
Job done, info follows...
       JobID    JobName  Partition     MaxRSS    Elapsed ExitCode 
------------ ---------- ---------- ---------- ---------- -------- 
2042958_309  MEGA-FLAR+     cosma6              01:00:42      0:0 
2042958_309+     extern                         01:00:42      0:0 
