====
Starting job 2043310 at Fri 24 Apr 00:14:31 BST 2020 for user dc-rope1.
Running on nodes: m6421
====
209
('22', '004_z011p000', '005_z010p000', '006_z009p000')
Reading in 'PartType1/ParticleIDs' for z = 10.0 using 8 thread(s) took 9.574409s
Reading in 'PartType1/ParticleIDs' for z = 10.0 using 8 thread(s) took 4.511209s
Reading in 'PartType1/GroupNumber' for z = 10.0 using 8 thread(s) took 0.142001s
Reading in 'PartType1/SubGroupNumber' for z = 10.0 using 8 thread(s) took 0.136558s
Reading in 'PartType1/GroupNumber' for z = 11.0 using 8 thread(s) took 1.697676s
Reading in 'PartType1/SubGroupNumber' for z = 11.0 using 8 thread(s) took 0.175824s
Reading in 'PartType1/ParticleIDs' for z = 11.0 using 8 thread(s) took 0.169736s
Reading in 'PartType1/GroupNumber' for z = 9.0 using 8 thread(s) took 0.445863s
Reading in 'PartType1/SubGroupNumber' for z = 9.0 using 8 thread(s) took 0.202292s
Reading in 'PartType1/ParticleIDs' for z = 9.0 using 8 thread(s) took 0.250963s
Graph progress:  0 % 12879.0
Graph progress:  1 % 8948.0
Graph progress:  2 % 8687.0
Graph progress:  3 % 17455.0
Graph progress:  4 % 15050.0
Graph progress:  5 % 9078.0
Graph progress:  6 % 38845.0
Graph progress:  7 % 3467.0
Graph progress:  8 % 82.0
Graph progress:  9 % 16073.0
Graph progress:  10 % 2448.00001
Graph progress:  11 % 19526.0
Graph progress:  12 % 3054.0
Graph progress:  13 % 38917.0
Graph progress:  14 % 30835.0
Graph progress:  15 % 6864.00001
Graph progress:  16 % 28829.0
Graph progress:  17 % 10322.0
Graph progress:  18 % 37721.0
Graph progress:  19 % 146.00001
Graph progress:  20 % 19705.0
Graph progress:  21 % 20686.0
Graph progress:  22 % 8601.0
Graph progress:  23 % 35936.0
Graph progress:  24 % 20418.0
Graph progress:  25 % 1335.0
Graph progress:  26 % 18216.0
Graph progress:  27 % 37725.0
Graph progress:  28 % 39392.0
Graph progress:  29 % 4418.0
Graph progress:  30 % 4700.0
Graph progress:  31 % 38974.0
Graph progress:  32 % 33527.0
Graph progress:  33 % 21016.0
Graph progress:  34 % 11542.0
Graph progress:  35 % 14249.0
Graph progress:  36 % 11849.0
Graph progress:  37 % 6841.0
Graph progress:  38 % 6117.0
Graph progress:  39 % 40251.0
Graph progress:  40 % 13289.0
Graph progress:  41 % 14523.0
Graph progress:  42 % 7146.0
Graph progress:  43 % 8865.0
Graph progress:  44 % 2.00009
Graph progress:  45 % 36900.0
Graph progress:  46 % 18437.0
Graph progress:  47 % 39204.0
Graph progress:  48 % 21998.0
Graph progress:  49 % 3650.0
Graph progress:  50 % 15782.0
Graph progress:  51 % 12139.0
Graph progress:  52 % 6986.0
Graph progress:  53 % 35.00004
Graph progress:  54 % 21366.0
Graph progress:  55 % 34126.0
Graph progress:  56 % 6680.0
Graph progress:  57 % 15458.0
Graph progress:  58 % 17400.0
Graph progress:  59 % 873.00001
Graph progress:  60 % 18354.0
Graph progress:  61 % 36773.0
Graph progress:  62 % 32509.0
Graph progress:  63 % 31969.0
Graph progress:  64 % 24960.0
Graph progress:  65 % 475.0
Graph progress:  66 % 34892.0
Graph progress:  67 % 9731.0
Graph progress:  68 % 32494.0
Graph progress:  69 % 28122.0
Graph progress:  70 % 4149.0
Graph progress:  71 % 15067.0
Graph progress:  72 % 32613.0
Graph progress:  73 % 12559.0
Graph progress:  74 % 30503.0
Graph progress:  75 % 21636.0
Graph progress:  76 % 29004.0
Graph progress:  77 % 186.00001
Graph progress:  78 % 35385.0
Graph progress:  79 % 15792.0
Graph progress:  80 % 28362.0
Graph progress:  81 % 3184.0
Graph progress:  82 % 34282.0
Graph progress:  83 % 8251.00001
Graph progress:  84 % 18957.0
Graph progress:  85 % 32086.0
Graph progress:  86 % 29557.0
Graph progress:  87 % 13316.0
Graph progress:  88 % 19156.0
Graph progress:  89 % 11833.0
Graph progress:  90 % 19891.0
Graph progress:  91 % 21149.0
Graph progress:  92 % 527.00001
Graph progress:  93 % 15167.0
Graph progress:  94 % 3174.0
Graph progress:  95 % 32780.0
Graph progress:  96 % 884.0
Graph progress:  97 % 31077.0
Graph progress:  98 % 38663.0
Graph progress:  99 % 6319.0
Processed 45637 halos in snapshot 005_z010p000 of particle type 1
Reading in 'PartType4/ParticleIDs' for z = 10.0 using 8 thread(s) took 0.826651s
Reading in 'PartType4/ParticleIDs' for z = 11.0 using 8 thread(s) took 2.300031s
Reading in 'Subhalo/SubGroupNumber' for z = 11.0 using 8 thread(s) took 1.447804s
Reading in 'Subhalo/GroupNumber' for z = 11.0 using 8 thread(s) took 0.227117s
Reading in 'Subhalo/ApertureMeasurements/Mass/030kpc' for z = 11.0 using 8 thread(s) took 0.173305s
Reading in 'PartType4/Mass' for z = 11.0 using 8 thread(s) took 0.493966s
Reading in 'PartType4/ParticleIDs' for z = 9.0 using 8 thread(s) took 1.85569s
Reading in 'Subhalo/SubGroupNumber' for z = 9.0 using 8 thread(s) took 6.049495s
Reading in 'Subhalo/GroupNumber' for z = 9.0 using 8 thread(s) took 1.143175s
Reading in 'Subhalo/ApertureMeasurements/Mass/030kpc' for z = 9.0 using 8 thread(s) took 0.237688s
Reading in 'PartType4/Mass' for z = 9.0 using 8 thread(s) took 0.26346s
Reading in 'PartType4/ParticleIDs' for z = 10.0 using 8 thread(s) took 0.294209s
Reading in 'PartType4/GroupNumber' for z = 10.0 using 8 thread(s) took 0.204543s
Reading in 'PartType4/SubGroupNumber' for z = 10.0 using 8 thread(s) took 0.183669s
Reading in 'PartType4/GroupNumber' for z = 11.0 using 8 thread(s) took 0.284063s
Reading in 'PartType4/SubGroupNumber' for z = 11.0 using 8 thread(s) took 0.290939s
Reading in 'PartType4/ParticleIDs' for z = 11.0 using 8 thread(s) took 0.496704s
Reading in 'PartType4/GroupNumber' for z = 9.0 using 8 thread(s) took 0.220701s
Reading in 'PartType4/SubGroupNumber' for z = 9.0 using 8 thread(s) took 0.344541s
Reading in 'PartType4/ParticleIDs' for z = 9.0 using 8 thread(s) took 0.220084s
Graph progress:  0 % 1685.0
Graph progress:  1 % 28835.0
Graph progress:  2 % 464.0
Graph progress:  3 % 4608.00001
Graph progress:  4 % 10501.0
Graph progress:  5 % 11755.0
Graph progress:  6 % 981.0
Graph progress:  7 % 1502.0
Graph progress:  8 % 25271.0
Graph progress:  9 % 5474.0
Graph progress:  10 % 10214.0
Graph progress:  11 % 579.00001
Graph progress:  12 % 6550.0
Graph progress:  13 % 1876.0
Graph progress:  14 % 3179.0
Graph progress:  15 % 2159.0
Graph progress:  16 % 8748.0
Graph progress:  17 % 5145.0
Graph progress:  18 % 4836.0
Graph progress:  19 % 8690.0
Graph progress:  20 % 1183.0
Graph progress:  21 % 310.0
Graph progress:  22 % 1978.0
Graph progress:  23 % 1133.0
Graph progress:  24 % 3127.0
Graph progress:  25 % 648.00001
Graph progress:  26 % 9091.0
Graph progress:  27 % 2478.0
Graph progress:  28 % 5911.0
Graph progress:  29 % 4168.0
Graph progress:  30 % 46.0
Graph progress:  31 % 6562.0
Graph progress:  32 % 2386.0
Graph progress:  33 % 6183.0
Graph progress:  34 % 3711.0
Graph progress:  35 % 2444.0
Graph progress:  36 % 7468.0
Graph progress:  37 % 51.00001
Graph progress:  38 % 6788.0
Graph progress:  39 % 2779.0
Graph progress:  40 % 616.00001
Graph progress:  41 % 15507.0
Graph progress:  42 % 5.00003
Graph progress:  43 % 2210.0
Graph progress:  44 % 6239.0
Graph progress:  45 % 4155.0
Graph progress:  46 % 9584.0
Graph progress:  47 % 19167.0
Graph progress:  48 % 1107.0
Graph progress:  49 % 530.0
Graph progress:  50 % 1270.00001
Graph progress:  51 % 7107.0
Graph progress:  52 % 290.0
Graph progress:  53 % 8569.0
Graph progress:  54 % 1128.0
Graph progress:  55 % 1507.0
Graph progress:  56 % 4284.0
Graph progress:  57 % 2188.0
Graph progress:  58 % 4123.0
Graph progress:  59 % 367.00001
Graph progress:  60 % 7968.0
Graph progress:  61 % 5841.0
Graph progress:  62 % 985.0
Graph progress:  63 % 107.0
Graph progress:  64 % 2702.0
Graph progress:  65 % 209.00001
Graph progress:  66 % 366.0
Graph progress:  67 % 1680.0
Graph progress:  68 % 3651.0
Graph progress:  69 % 2007.0
Graph progress:  70 % 1323.0
Graph progress:  71 % 13943.0
Graph progress:  72 % 707.0
Graph progress:  73 % 1633.0
Graph progress:  74 % 3477.0
Graph progress:  75 % 1788.0
Graph progress:  76 % 2500.0
Graph progress:  77 % 522.0
Graph progress:  78 % 10728.0
Graph progress:  79 % 12.00004
Graph progress:  80 % 1609.0
Graph progress:  81 % 7447.0
Graph progress:  82 % 79.0
Graph progress:  83 % 309.0
Graph progress:  84 % 7939.0
Graph progress:  85 % 459.00001
Graph progress:  86 % 1131.0
Graph progress:  87 % 5379.0
Graph progress:  88 % 3435.0
Graph progress:  89 % 4823.0
Graph progress:  90 % 1727.0
Graph progress:  91 % 278.00002
Graph progress:  92 % 3214.0
Graph progress:  93 % 3021.0
Graph progress:  94 % 1556.0
Graph progress:  95 % 6897.0
Graph progress:  96 % 99.00002
Graph progress:  97 % 14.00006
Graph progress:  98 % 25699.0
Graph progress:  99 % 2008.0
Processed 5577 halos in snapshot 005_z010p000 of particle type 4
Reading in 'PartType5/ParticleIDs' for z = 10.0 using 8 thread(s) took 1.436593s
Reading in 'PartType5/ParticleIDs' for z = 11.0 using 8 thread(s) took 1.498275s
Reading in 'Subhalo/SubGroupNumber' for z = 11.0 using 8 thread(s) took 0.220425s
Reading in 'Subhalo/GroupNumber' for z = 11.0 using 8 thread(s) took 0.188791s
Reading in 'Subhalo/ApertureMeasurements/Mass/030kpc' for z = 11.0 using 8 thread(s) took 0.21441s
Reading in 'PartType5/Mass' for z = 11.0 using 8 thread(s) took 0.419816s
Reading in 'PartType5/ParticleIDs' for z = 9.0 using 8 thread(s) took 2.548398s
Reading in 'Subhalo/SubGroupNumber' for z = 9.0 using 8 thread(s) took 0.224864s
Reading in 'Subhalo/GroupNumber' for z = 9.0 using 8 thread(s) took 0.18775s
Reading in 'Subhalo/ApertureMeasurements/Mass/030kpc' for z = 9.0 using 8 thread(s) took 0.188496s
Reading in 'PartType5/Mass' for z = 9.0 using 8 thread(s) took 0.357077s
Reading in 'PartType5/ParticleIDs' for z = 10.0 using 8 thread(s) took 0.21925s
Reading in 'PartType5/GroupNumber' for z = 10.0 using 8 thread(s) took 0.177226s
Reading in 'PartType5/SubGroupNumber' for z = 10.0 using 8 thread(s) took 0.138612s
Reading in 'PartType5/GroupNumber' for z = 11.0 using 8 thread(s) took 0.131915s
Reading in 'PartType5/SubGroupNumber' for z = 11.0 using 8 thread(s) took 0.120632s
Reading in 'PartType5/ParticleIDs' for z = 11.0 using 8 thread(s) took 0.139626s
Reading in 'PartType5/GroupNumber' for z = 9.0 using 8 thread(s) took 0.142031s
Reading in 'PartType5/SubGroupNumber' for z = 9.0 using 8 thread(s) took 0.344675s
Reading in 'PartType5/ParticleIDs' for z = 9.0 using 8 thread(s) took 0.571242s
Graph progress:  0 % 96.0
Graph progress:  1 % 32.00006
Graph progress:  2 % 63.00003
Graph progress:  3 % 69.0
Graph progress:  4 % 752.0
Graph progress:  5 % 34.0
Graph progress:  6 % 65.00002
Graph progress:  7 % 114.00001
Graph progress:  8 % 113.0
Graph progress:  9 % 71.00002
Graph progress:  10 % 1152.00001
Graph progress:  11 % 18.0
Graph progress:  12 % 54.00001
Graph progress:  13 % 11.0
Graph progress:  14 % 48.0
Graph progress:  15 % 144.00001
Graph progress:  16 % 21.0
Graph progress:  17 % 85.00002
Graph progress:  18 % 29.0
Graph progress:  19 % 148.00002
Graph progress:  20 % 36.0
Graph progress:  21 % 125.0
Graph progress:  22 % 51.00001
Graph progress:  23 % 17.0
Graph progress:  24 % 68.00001
Graph progress:  25 % 89.0
Graph progress:  26 % 9.00011
Graph progress:  27 % 24.0
Graph progress:  28 % 91.0
Graph progress:  29 % 2.00001
Graph progress:  30 % 55.0
Graph progress:  31 % 52.00004
Graph progress:  32 % 4.00019
Graph progress:  33 % 15.0
Graph progress:  34 % 189.0
Graph progress:  35 % 39.00001
Graph progress:  36 % 117.00001
Graph progress:  37 % 27.00001
Graph progress:  38 % 2.00019
Graph progress:  39 % 5.00006
Graph progress:  40 % 4.00001
Graph progress:  41 % 314.0
Graph progress:  42 % 110.0
Graph progress:  43 % 59.00003
Graph progress:  44 % 101.00001
Graph progress:  45 % 76.0
Graph progress:  46 % 47.0
Graph progress:  47 % 66.0
Graph progress:  48 % 173.00001
Graph progress:  49 % 1.00002
Graph progress:  50 % 383.0
Graph progress:  51 % 10.0
Graph progress:  52 % 50.00004
Graph progress:  53 % 123.0
Graph progress:  54 % 81.0
Graph progress:  55 % 73.00001
Graph progress:  56 % 131.00001
Graph progress:  57 % 70.0
Graph progress:  58 % 1145.0
Graph progress:  59 % 53.0
Graph progress:  60 % 8.00011
Graph progress:  61 % 37.00002
Graph progress:  62 % 45.0
Graph progress:  63 % 1.00001
Graph progress:  64 % 86.0
Graph progress:  65 % 112.0
Graph progress:  66 % 80.0
Graph progress:  67 % 60.0
Graph progress:  68 % 12.00009
Graph progress:  69 % 6399.0
Graph progress:  70 % 12.0
Graph progress:  71 % 12.00004
Graph progress:  72 % 56.00003
Graph progress:  73 % 74.0
Graph progress:  74 % 19.00004
Graph progress:  75 % 25.0
Graph progress:  76 % 370.00001
Graph progress:  77 % 1490.00001
Graph progress:  78 % 61.00001
Graph progress:  79 % 72.00004
Graph progress:  80 % 7.0
Graph progress:  81 % 3.0
Graph progress:  82 % 126.0
Graph progress:  83 % 57.0
Graph progress:  84 % 3.00001
Graph progress:  85 % 30.0
Graph progress:  86 % 95.0
Graph progress:  87 % 16.00006
Graph progress:  88 % 28.0
Graph progress:  89 % 43.00004
Graph progress:  90 % 56.00004
Graph progress:  91 % 58.00003
Graph progress:  92 % 14.00002
Graph progress:  93 % 42.0
Graph progress:  94 % 44.00003
Graph progress:  95 % 83.00001
Graph progress:  96 % 13.00003
Graph progress:  97 % 14.00006
Graph progress:  98 % 31.00001
Graph progress:  99 % 99.00001
Processed 134 halos in snapshot 005_z010p000 of particle type 5
Reading in 'PartType0/ParticleIDs' for z = 10.0 using 8 thread(s) took 7.315738s
Reading in 'PartType0/ParticleIDs' for z = 11.0 using 8 thread(s) took 8.379976s
Reading in 'Subhalo/SubGroupNumber' for z = 11.0 using 8 thread(s) took 0.26054s
Reading in 'Subhalo/GroupNumber' for z = 11.0 using 8 thread(s) took 0.224751s
Reading in 'Subhalo/ApertureMeasurements/Mass/030kpc' for z = 11.0 using 8 thread(s) took 0.255956s
Reading in 'PartType0/Mass' for z = 11.0 using 8 thread(s) took 0.364789s
Reading in 'PartType0/ParticleIDs' for z = 9.0 using 8 thread(s) took 8.551826s
Reading in 'Subhalo/SubGroupNumber' for z = 9.0 using 8 thread(s) took 0.270309s
Reading in 'Subhalo/GroupNumber' for z = 9.0 using 8 thread(s) took 0.257405s
Reading in 'Subhalo/ApertureMeasurements/Mass/030kpc' for z = 9.0 using 8 thread(s) took 0.245631s
Reading in 'PartType0/Mass' for z = 9.0 using 8 thread(s) took 0.631655s
Reading in 'PartType0/ParticleIDs' for z = 10.0 using 8 thread(s) took 0.292275s
Reading in 'PartType0/GroupNumber' for z = 10.0 using 8 thread(s) took 0.262909s
Reading in 'PartType0/SubGroupNumber' for z = 10.0 using 8 thread(s) took 0.239528s
Reading in 'PartType0/GroupNumber' for z = 11.0 using 8 thread(s) took 0.280188s
Reading in 'PartType0/SubGroupNumber' for z = 11.0 using 8 thread(s) took 0.316172s
Reading in 'PartType0/ParticleIDs' for z = 11.0 using 8 thread(s) took 0.275572s
Reading in 'PartType0/GroupNumber' for z = 9.0 using 8 thread(s) took 0.29431s
Reading in 'PartType0/SubGroupNumber' for z = 9.0 using 8 thread(s) took 0.744839s
Reading in 'PartType0/ParticleIDs' for z = 9.0 using 8 thread(s) took 0.36s
Graph progress:  0 % 39781.0
Graph progress:  1 % 7743.0
Graph progress:  2 % 37713.0
Graph progress:  3 % 859.00002
Graph progress:  4 % 26007.0
Graph progress:  5 % 38337.0
Graph progress:  6 % 15358.0
Graph progress:  7 % 25996.0
Graph progress:  8 % 1986.00001
Graph progress:  9 % 140.00001
Graph progress:  10 % 30840.0
Graph progress:  11 % 4387.0
Graph progress:  12 % 40306.0
Graph progress:  13 % 20432.0
Graph progress:  14 % 6050.0
Graph progress:  15 % 31314.0
Graph progress:  16 % 19512.0
Graph progress:  17 % 28444.0
Graph progress:  18 % 12378.0
Graph progress:  19 % 10308.0
Graph progress:  20 % 15441.0
Graph progress:  21 % 6470.0
Graph progress:  22 % 11317.0
Graph progress:  23 % 14287.0
Graph progress:  24 % 30342.0
Graph progress:  25 % 4596.00001
Graph progress:  26 % 40112.0
Graph progress:  27 % 37853.0
Graph progress:  28 % 34601.0
Graph progress:  29 % 37153.0
Graph progress:  30 % 1573.0
Graph progress:  31 % 339.00002
Graph progress:  32 % 1420.0
Graph progress:  33 % 9884.0
Graph progress:  34 % 8081.0
Graph progress:  35 % 20742.0
Graph progress:  36 % 3708.00001
Graph progress:  37 % 36316.0
Graph progress:  38 % 26674.0
Graph progress:  39 % 952.0
Graph progress:  40 % 18480.0
Graph progress:  41 % 34351.0
Graph progress:  42 % 3610.00001
Graph progress:  43 % 7689.0
Graph progress:  44 % 55.00002
Graph progress:  45 % 36277.0
Graph progress:  46 % 39675.0
Graph progress:  47 % 33854.0
Graph progress:  48 % 8191.0
Graph progress:  49 % 5686.00001
Graph progress:  50 % 27434.0
Graph progress:  51 % 15979.0
Graph progress:  52 % 1384.00001
Graph progress:  53 % 18665.0
Graph progress:  54 % 27280.0
Graph progress:  55 % 28983.0
Graph progress:  56 % 26229.0
Graph progress:  57 % 36743.0
Graph progress:  58 % 13238.0
Graph progress:  59 % 2803.00001
Graph progress:  60 % 11511.0
Graph progress:  61 % 20301.0
Graph progress:  62 % 23711.0
Graph progress:  63 % 11030.0
Graph progress:  64 % 8537.00001
Graph progress:  65 % 25135.0
Graph progress:  66 % 19796.0
Graph progress:  67 % 35493.0
Graph progress:  68 % 2563.00001
Graph progress:  69 % 1680.00001
Graph progress:  70 % 12543.00001
Graph progress:  71 % 4603.0
Graph progress:  72 % 16066.0
Graph progress:  73 % 31196.0
Graph progress:  74 % 21493.0
Graph progress:  75 % 14882.0
Graph progress:  76 % 33043.0
Graph progress:  77 % 9299.0
Graph progress:  78 % 30452.0
Graph progress:  79 % 4613.0
Graph progress:  80 % 33613.0
Graph progress:  81 % 32685.0
Graph progress:  82 % 5567.0
Graph progress:  83 % 2517.0
Graph progress:  84 % 3350.0
Graph progress:  85 % 20913.0
Graph progress:  86 % 10352.0
Graph progress:  87 % 7681.0
Graph progress:  88 % 34906.0
Graph progress:  89 % 7.00003
Graph progress:  90 % 7007.0
Graph progress:  91 % 26259.0
Graph progress:  92 % 14355.0
Graph progress:  93 % 34926.0
Graph progress:  94 % 30087.0
Graph progress:  95 % 7809.0
Graph progress:  96 % 7289.0
Graph progress:  97 % 31519.0
Graph progress:  98 % 9516.0
Graph progress:  99 % 34970.0
Processed 45307 halos in snapshot 005_z010p000 of particle type 0
Write progress:  0 % 12879.0
Write progress:  1 % 8948.0
Write progress:  2 % 8687.0
Write progress:  3 % 17455.0
Write progress:  4 % 15050.0
Write progress:  5 % 9078.0
Write progress:  6 % 38845.0
Write progress:  7 % 3467.0
Write progress:  8 % 82.0
Write progress:  9 % 16073.0
Write progress:  10 % 2448.00001
Write progress:  11 % 19526.0
Write progress:  12 % 3054.0
Write progress:  13 % 38917.0
Write progress:  14 % 30835.0
Write progress:  15 % 6864.00001
Write progress:  16 % 28829.0
Write progress:  17 % 10322.0
Write progress:  18 % 37721.0
Write progress:  19 % 146.00001
Write progress:  20 % 19705.0
Write progress:  21 % 20686.0
Write progress:  22 % 8601.0
Write progress:  23 % 35936.0
Write progress:  24 % 20418.0
Write progress:  25 % 1335.0
Write progress:  26 % 18216.0
Write progress:  27 % 37725.0
Write progress:  28 % 39392.0
Write progress:  29 % 4418.0
Write progress:  30 % 4700.0
Write progress:  31 % 38974.0
Write progress:  32 % 33527.0
Write progress:  33 % 21016.0
Write progress:  34 % 11542.0
Write progress:  35 % 14249.0
Write progress:  36 % 11849.0
Write progress:  37 % 6841.0
Write progress:  38 % 6117.0
Write progress:  39 % 40251.0
Write progress:  40 % 13289.0
Write progress:  41 % 14523.0
Write progress:  42 % 7146.0
Write progress:  43 % 8865.0
Write progress:  44 % 2.00009
Write progress:  45 % 36900.0
Write progress:  46 % 18437.0
Write progress:  47 % 39204.0
Write progress:  48 % 21998.0
Write progress:  49 % 3650.0
Write progress:  50 % 15782.0
Write progress:  51 % 12139.0
Write progress:  52 % 6986.0
Write progress:  53 % 35.00004
Write progress:  54 % 21366.0
Write progress:  55 % 34126.0
Write progress:  56 % 6680.0
Write progress:  57 % 15458.0
Write progress:  58 % 17400.0
Write progress:  59 % 873.00001
Write progress:  60 % 18354.0
Write progress:  61 % 36773.0
Write progress:  62 % 32509.0
Write progress:  63 % 31969.0
Write progress:  64 % 24960.0
Write progress:  65 % 475.0
Write progress:  66 % 34892.0
Write progress:  67 % 9731.0
Write progress:  68 % 32494.0
Write progress:  69 % 28122.0
Write progress:  70 % 4149.0
Write progress:  71 % 15067.0
Write progress:  72 % 32613.0
Write progress:  73 % 12559.0
Write progress:  74 % 30503.0
Write progress:  75 % 21636.0
Write progress:  76 % 29004.0
Write progress:  77 % 186.00001
Write progress:  78 % 35385.0
Write progress:  79 % 15792.0
Write progress:  80 % 28362.0
Write progress:  81 % 3184.0
Write progress:  82 % 34282.0
Write progress:  83 % 8251.00001
Write progress:  84 % 18957.0
Write progress:  85 % 32086.0
Write progress:  86 % 29557.0
Write progress:  87 % 13316.0
Write progress:  88 % 19156.0
Write progress:  89 % 11833.0
Write progress:  90 % 19891.0
Write progress:  91 % 21149.0
Write progress:  92 % 527.00001
Write progress:  93 % 15167.0
Write progress:  94 % 3174.0
Write progress:  95 % 32780.0
Write progress:  96 % 884.0
Write progress:  97 % 31077.0
Write progress:  98 % 38663.0
Write progress:  99 % 6319.0
Job done, info follows...
       JobID    JobName  Partition     MaxRSS    Elapsed ExitCode 
------------ ---------- ---------- ---------- ---------- -------- 
2042958_210  MEGA-FLAR+     cosma6              00:09:55      0:0 
2042958_210+     extern                         00:09:55      0:0 
