====
Starting job 2043457 at Fri 24 Apr 01:45:38 BST 2020 for user dc-rope1.
Running on nodes: m6171
====
350
('10', '001_z014p000', '002_z013p000', '003_z012p000')
Reading in 'PartType1/ParticleIDs' for z = 13.0 using 8 thread(s) took 10.442928s
Reading in 'PartType1/ParticleIDs' for z = 13.0 using 8 thread(s) took 1.024322s
Reading in 'PartType1/GroupNumber' for z = 13.0 using 8 thread(s) took 0.089033s
Reading in 'PartType1/SubGroupNumber' for z = 13.0 using 8 thread(s) took 0.087534s
Reading in 'PartType1/GroupNumber' for z = 14.0 using 8 thread(s) took 0.190796s
Reading in 'PartType1/SubGroupNumber' for z = 14.0 using 8 thread(s) took 0.165436s
Reading in 'PartType1/ParticleIDs' for z = 14.0 using 8 thread(s) took 0.141793s
Reading in 'PartType1/GroupNumber' for z = 12.0 using 8 thread(s) took 1.41229s
Reading in 'PartType1/SubGroupNumber' for z = 12.0 using 8 thread(s) took 0.210152s
Reading in 'PartType1/ParticleIDs' for z = 12.0 using 8 thread(s) took 0.226458s
Graph progress:  0 % 20954.0
Graph progress:  1 % 3602.0
Graph progress:  2 % 7782.0
Graph progress:  3 % 15664.0
Graph progress:  4 % 14046.0
Graph progress:  5 % 22098.0
Graph progress:  6 % 10463.0
Graph progress:  7 % 4590.0
Graph progress:  8 % 20021.0
Graph progress:  9 % 18763.0
Graph progress:  10 % 12058.0
Graph progress:  11 % 196.00002
Graph progress:  12 % 18043.0
Graph progress:  13 % 6027.0
Graph progress:  14 % 8336.0
Graph progress:  15 % 8239.0
Graph progress:  16 % 2935.0
Graph progress:  17 % 3768.0
Graph progress:  18 % 23134.0
Graph progress:  19 % 17013.0
Graph progress:  20 % 10509.0
Graph progress:  21 % 3518.0
Graph progress:  22 % 2419.00001
Graph progress:  23 % 14630.0
Graph progress:  24 % 5327.0
Graph progress:  25 % 17010.0
Graph progress:  26 % 23238.0
Graph progress:  27 % 11027.0
Graph progress:  28 % 17738.0
Graph progress:  29 % 2572.00001
Graph progress:  30 % 400.00001
Graph progress:  31 % 8842.0
Graph progress:  32 % 17869.0
Graph progress:  33 % 21125.0
Graph progress:  34 % 8971.0
Graph progress:  35 % 16801.0
Graph progress:  36 % 10892.0
Graph progress:  37 % 1001.0
Graph progress:  38 % 23146.0
Graph progress:  39 % 3185.0
Graph progress:  40 % 13273.0
Graph progress:  41 % 18315.0
Graph progress:  42 % 5946.0
Graph progress:  43 % 11513.0
Graph progress:  44 % 16232.0
Graph progress:  45 % 17223.0
Graph progress:  46 % 5432.0
Graph progress:  47 % 3053.0
Graph progress:  48 % 4617.0
Graph progress:  49 % 11482.0
Graph progress:  50 % 1592.0
Graph progress:  51 % 21640.0
Graph progress:  52 % 12343.0
Graph progress:  53 % 14519.0
Graph progress:  54 % 12988.0
Graph progress:  55 % 14675.0
Graph progress:  56 % 12403.0
Graph progress:  57 % 9269.0
Graph progress:  58 % 5301.0
Graph progress:  59 % 3129.0
Graph progress:  60 % 18700.0
Graph progress:  61 % 8079.0
Graph progress:  62 % 6008.0
Graph progress:  63 % 153.00003
Graph progress:  64 % 1175.00002
Graph progress:  65 % 3037.0
Graph progress:  66 % 16785.0
Graph progress:  67 % 14968.0
Graph progress:  68 % 14490.0
Graph progress:  69 % 12983.0
Graph progress:  70 % 10522.0
Graph progress:  71 % 21622.0
Graph progress:  72 % 12013.0
Graph progress:  73 % 18261.0
Graph progress:  74 % 248.00002
Graph progress:  75 % 14211.0
Graph progress:  76 % 12391.0
Graph progress:  77 % 17842.0
Graph progress:  78 % 13872.0
Graph progress:  79 % 17074.0
Graph progress:  80 % 21484.0
Graph progress:  81 % 7255.0
Graph progress:  82 % 22978.0
Graph progress:  83 % 10217.00001
Graph progress:  84 % 21462.0
Graph progress:  85 % 3695.0
Graph progress:  86 % 7520.0
Graph progress:  87 % 13420.0
Graph progress:  88 % 20072.0
Graph progress:  89 % 20921.0
Graph progress:  90 % 11776.0
Graph progress:  91 % 1762.0
Graph progress:  92 % 8679.0
Graph progress:  93 % 4368.0
Graph progress:  94 % 18826.0
Graph progress:  95 % 4523.0
Graph progress:  96 % 3016.0
Graph progress:  97 % 15072.0
Graph progress:  98 % 5993.0
Graph progress:  99 % 4365.00001
Processed 26421 halos in snapshot 002_z013p000 of particle type 1
Reading in 'PartType4/ParticleIDs' for z = 13.0 using 8 thread(s) took 0.120098s
Reading in 'PartType4/ParticleIDs' for z = 14.0 using 8 thread(s) took 0.247045s
Reading in 'Subhalo/SubGroupNumber' for z = 14.0 using 8 thread(s) took 0.352832s
Reading in 'Subhalo/GroupNumber' for z = 14.0 using 8 thread(s) took 0.22671s
Reading in 'Subhalo/ApertureMeasurements/Mass/030kpc' for z = 14.0 using 8 thread(s) took 0.214946s
Reading in 'PartType4/Mass' for z = 14.0 using 8 thread(s) took 0.116666s
Reading in 'PartType4/ParticleIDs' for z = 12.0 using 8 thread(s) took 2.960027s
Reading in 'Subhalo/SubGroupNumber' for z = 12.0 using 8 thread(s) took 4.820333s
Reading in 'Subhalo/GroupNumber' for z = 12.0 using 8 thread(s) took 0.264891s
Reading in 'Subhalo/ApertureMeasurements/Mass/030kpc' for z = 12.0 using 8 thread(s) took 0.255931s
Reading in 'PartType4/Mass' for z = 12.0 using 8 thread(s) took 0.144688s
Reading in 'PartType4/ParticleIDs' for z = 13.0 using 8 thread(s) took 0.12956s
Reading in 'PartType4/GroupNumber' for z = 13.0 using 8 thread(s) took 0.13335s
Reading in 'PartType4/SubGroupNumber' for z = 13.0 using 8 thread(s) took 0.132933s
Reading in 'PartType4/GroupNumber' for z = 14.0 using 8 thread(s) took 0.133412s
Reading in 'PartType4/SubGroupNumber' for z = 14.0 using 8 thread(s) took 0.132441s
Reading in 'PartType4/ParticleIDs' for z = 14.0 using 8 thread(s) took 0.128604s
Reading in 'PartType4/GroupNumber' for z = 12.0 using 8 thread(s) took 0.130323s
Reading in 'PartType4/SubGroupNumber' for z = 12.0 using 8 thread(s) took 0.125135s
Reading in 'PartType4/ParticleIDs' for z = 12.0 using 8 thread(s) took 0.124737s
Graph progress:  0 % 1.0
Graph progress:  1 % 101.0
Graph progress:  2 % 73.0
Graph progress:  3 % 3218.0
Graph progress:  4 % 268.0
Graph progress:  5 % 1528.0
Graph progress:  6 % 192.0
Graph progress:  7 % 617.0
Graph progress:  8 % 357.0
Graph progress:  9 % 422.0
Graph progress:  10 % 3545.0
Graph progress:  11 % 600.0
Graph progress:  12 % 3360.0
Graph progress:  13 % 199.0
Graph progress:  14 % 2962.0
Graph progress:  15 % 722.0
Graph progress:  16 % 2165.0
Graph progress:  17 % 555.0
Graph progress:  18 % 2502.0
Graph progress:  19 % 1325.0
Graph progress:  20 % 1495.0
Graph progress:  21 % 3220.0
Graph progress:  22 % 5148.0
Graph progress:  23 % 20.00004
Graph progress:  24 % 273.0
Graph progress:  25 % 2597.0
Graph progress:  26 % 501.0
Graph progress:  27 % 473.0
Graph progress:  28 % 2596.0
Graph progress:  29 % 334.0
Graph progress:  30 % 2786.0
Graph progress:  31 % 244.0
Graph progress:  32 % 122.0
Graph progress:  33 % 3880.0
Graph progress:  34 % 2131.0
Graph progress:  35 % 92.0
Graph progress:  36 % 163.00001
Graph progress:  37 % 837.00001
Graph progress:  38 % 1870.0
Graph progress:  39 % 119.0
Graph progress:  40 % 76.0
Graph progress:  41 % 826.0
Graph progress:  42 % 3971.0
Graph progress:  43 % 222.0
Graph progress:  44 % 2.00001
Graph progress:  45 % 1593.0
Graph progress:  46 % 1938.0
Graph progress:  47 % 2.00002
Graph progress:  48 % 1723.0
Graph progress:  49 % 35.0
Graph progress:  50 % 849.0
Graph progress:  51 % 5180.0
Graph progress:  52 % 1269.0
Graph progress:  53 % 1951.0
Graph progress:  54 % 673.0
Graph progress:  55 % 319.0
Graph progress:  56 % 1014.0
Graph progress:  57 % 1016.0
Graph progress:  58 % 3887.0
Graph progress:  59 % 1680.0
Graph progress:  60 % 8.00005
Graph progress:  61 % 15.00001
Graph progress:  62 % 110.00001
Graph progress:  63 % 1218.0
Graph progress:  64 % 1711.0
Graph progress:  65 % 2838.0
Graph progress:  66 % 689.0
Graph progress:  67 % 1311.0
Graph progress:  68 % 2472.0
Graph progress:  69 % 1692.0
Graph progress:  70 % 4347.0
Graph progress:  71 % 2000.0
Graph progress:  72 % 1124.0
Graph progress:  73 % 1872.0
Graph progress:  74 % 6835.0
Graph progress:  75 % 4743.0
Graph progress:  76 % 5002.0
Graph progress:  77 % 5557.0
Graph progress:  78 % 191.00001
Graph progress:  79 % 18.0
Graph progress:  80 % 2877.0
Graph progress:  81 % 661.0
Graph progress:  82 % 2113.0
Graph progress:  83 % 1079.0
Graph progress:  84 % 1840.0
Graph progress:  85 % 624.0
Graph progress:  86 % 1158.0
Graph progress:  87 % 3002.0
Graph progress:  88 % 3032.0
Graph progress:  89 % 786.0
Graph progress:  90 % 940.0
Graph progress:  91 % 4306.0
Graph progress:  92 % 2224.0
Graph progress:  93 % 3367.0
Graph progress:  94 % 755.0
Graph progress:  95 % 821.0
Graph progress:  96 % 4766.0
Graph progress:  97 % 33.0
Graph progress:  98 % 1151.0
Graph progress:  99 % 445.0
Processed 1836 halos in snapshot 002_z013p000 of particle type 4
Reading in 'PartType5/ParticleIDs' for z = 13.0 using 8 thread(s) took 0.11672s
Reading in 'PartType5/ParticleIDs' for z = 14.0 using 8 thread(s) took 0.108449s
Reading in 'Subhalo/SubGroupNumber' for z = 14.0 using 8 thread(s) took 0.218051s
Reading in 'Subhalo/GroupNumber' for z = 14.0 using 8 thread(s) took 0.216848s
Reading in 'Subhalo/ApertureMeasurements/Mass/030kpc' for z = 14.0 using 8 thread(s) took 0.228091s
Reading in 'PartType5/Mass' for z = 14.0 using 8 thread(s) took 0.125398s
Reading in 'PartType5/ParticleIDs' for z = 12.0 using 8 thread(s) took 1.050453s
Reading in 'Subhalo/SubGroupNumber' for z = 12.0 using 8 thread(s) took 0.264499s
Reading in 'Subhalo/GroupNumber' for z = 12.0 using 8 thread(s) took 0.224497s
Reading in 'Subhalo/ApertureMeasurements/Mass/030kpc' for z = 12.0 using 8 thread(s) took 0.235066s
Reading in 'PartType5/Mass' for z = 12.0 using 8 thread(s) took 0.12655s
Reading in 'PartType5/ParticleIDs' for z = 13.0 using 8 thread(s) took 0.110723s
Reading in 'PartType5/GroupNumber' for z = 13.0 using 8 thread(s) took 0.110476s
Reading in 'PartType5/SubGroupNumber' for z = 13.0 using 8 thread(s) took 0.129536s
Reading in 'PartType5/GroupNumber' for z = 14.0 using 8 thread(s) took 0.112951s
Reading in 'PartType5/SubGroupNumber' for z = 14.0 using 8 thread(s) took 0.106568s
Reading in 'PartType5/ParticleIDs' for z = 14.0 using 8 thread(s) took 0.117151s
Reading in 'PartType5/GroupNumber' for z = 12.0 using 8 thread(s) took 0.13059s
Reading in 'PartType5/SubGroupNumber' for z = 12.0 using 8 thread(s) took 0.121291s
Reading in 'PartType5/ParticleIDs' for z = 12.0 using 8 thread(s) took 0.115251s
Graph progress:  0 % 13.0
Graph progress:  3 % 1.0
Graph progress:  6 % 19.0
Graph progress:  9 % 6.00001
Graph progress:  12 % 6.0
Graph progress:  15 % 211.0
Graph progress:  18 % 20.00001
Graph progress:  21 % 9.0
Graph progress:  24 % 14.0
Graph progress:  27 % 4.0
Graph progress:  30 % 21.0
Graph progress:  33 % 2.0
Graph progress:  36 % 2.00004
Graph progress:  39 % 26.0
Graph progress:  42 % 23.00001
Graph progress:  45 % 30.00001
Graph progress:  48 % 37.00002
Graph progress:  51 % 8.00004
Graph progress:  54 % 24.00001
Graph progress:  57 % 32.0
Graph progress:  60 % 15.0
Graph progress:  63 % 84.00003
Graph progress:  66 % 12.00001
Graph progress:  69 % 22.0
Graph progress:  72 % 45.00001
Graph progress:  75 % 18.00001
Graph progress:  78 % 10.0
Graph progress:  81 % 3.0
Graph progress:  84 % 16.0
Graph progress:  87 % 5.0
Graph progress:  90 % 7.0
Graph progress:  93 % 36.0
Graph progress:  96 % 28.0
Processed 33 halos in snapshot 002_z013p000 of particle type 5
Reading in 'PartType0/ParticleIDs' for z = 13.0 using 8 thread(s) took 9.24572s
Reading in 'PartType0/ParticleIDs' for z = 14.0 using 8 thread(s) took 9.192543s
Reading in 'Subhalo/SubGroupNumber' for z = 14.0 using 8 thread(s) took 0.308891s
Reading in 'Subhalo/GroupNumber' for z = 14.0 using 8 thread(s) took 0.260573s
Reading in 'Subhalo/ApertureMeasurements/Mass/030kpc' for z = 14.0 using 8 thread(s) took 0.28757s
Reading in 'PartType0/Mass' for z = 14.0 using 8 thread(s) took 0.188773s
Reading in 'PartType0/ParticleIDs' for z = 12.0 using 8 thread(s) took 9.682847s
Reading in 'Subhalo/SubGroupNumber' for z = 12.0 using 8 thread(s) took 0.343921s
Reading in 'Subhalo/GroupNumber' for z = 12.0 using 8 thread(s) took 0.330297s
Reading in 'Subhalo/ApertureMeasurements/Mass/030kpc' for z = 12.0 using 8 thread(s) took 0.32118s
Reading in 'PartType0/Mass' for z = 12.0 using 8 thread(s) took 0.238757s
Reading in 'PartType0/ParticleIDs' for z = 13.0 using 8 thread(s) took 0.268076s
Reading in 'PartType0/GroupNumber' for z = 13.0 using 8 thread(s) took 0.205964s
Reading in 'PartType0/SubGroupNumber' for z = 13.0 using 8 thread(s) took 0.216719s
Reading in 'PartType0/GroupNumber' for z = 14.0 using 8 thread(s) took 0.214668s
Reading in 'PartType0/SubGroupNumber' for z = 14.0 using 8 thread(s) took 0.229992s
Reading in 'PartType0/ParticleIDs' for z = 14.0 using 8 thread(s) took 0.233532s
Reading in 'PartType0/GroupNumber' for z = 12.0 using 8 thread(s) took 0.256138s
Reading in 'PartType0/SubGroupNumber' for z = 12.0 using 8 thread(s) took 0.260506s
Reading in 'PartType0/ParticleIDs' for z = 12.0 using 8 thread(s) took 0.301047s
Graph progress:  0 % 4760.0
Graph progress:  1 % 1013.0
Graph progress:  2 % 18354.0
Graph progress:  3 % 22121.0
Graph progress:  4 % 12448.0
Graph progress:  5 % 694.0
Graph progress:  6 % 4367.00001
Graph progress:  7 % 10300.0
Graph progress:  8 % 15344.0
Graph progress:  9 % 21716.0
Graph progress:  10 % 5185.0
Graph progress:  11 % 6079.0
Graph progress:  12 % 4159.0
Graph progress:  13 % 6382.0
Graph progress:  14 % 20076.0
Graph progress:  15 % 5922.0
Graph progress:  16 % 17352.0
Graph progress:  17 % 12508.0
Graph progress:  18 % 21845.0
Graph progress:  19 % 6555.0
Graph progress:  20 % 8453.0
Graph progress:  21 % 5329.0
Graph progress:  22 % 5086.0
Graph progress:  23 % 3677.00001
Graph progress:  24 % 7363.0
Graph progress:  25 % 19285.0
Graph progress:  26 % 2015.0
Graph progress:  27 % 16701.0
Graph progress:  28 % 12118.0
Graph progress:  29 % 803.0
Graph progress:  30 % 21808.0
Graph progress:  31 % 17509.0
Graph progress:  32 % 11975.0
Graph progress:  33 % 21128.0
Graph progress:  34 % 17132.0
Graph progress:  35 % 20595.0
Graph progress:  36 % 20263.0
Graph progress:  37 % 19842.0
Graph progress:  38 % 3699.0
Graph progress:  39 % 1087.00001
Graph progress:  40 % 11678.0
Graph progress:  41 % 16229.0
Graph progress:  42 % 20810.0
Graph progress:  43 % 22884.0
Graph progress:  44 % 6443.0
Graph progress:  45 % 14524.0
Graph progress:  46 % 18322.0
Graph progress:  47 % 8916.0
Graph progress:  48 % 302.0
Graph progress:  49 % 6913.0
Graph progress:  50 % 6161.0
Graph progress:  51 % 20192.0
Graph progress:  52 % 6233.0
Graph progress:  53 % 21600.0
Graph progress:  54 % 18981.0
Graph progress:  55 % 1422.0
Graph progress:  56 % 17560.0
Graph progress:  57 % 9554.00001
Graph progress:  58 % 8772.0
Graph progress:  59 % 8390.00001
Graph progress:  60 % 12187.0
Graph progress:  61 % 6430.0
Graph progress:  62 % 3706.0
Graph progress:  63 % 1454.0
Graph progress:  64 % 14080.0
Graph progress:  65 % 10874.0
Graph progress:  66 % 12757.0
Graph progress:  67 % 5007.0
Graph progress:  68 % 8370.0
Graph progress:  69 % 22291.0
Graph progress:  70 % 8482.0
Graph progress:  71 % 7927.0
Graph progress:  72 % 3883.0
Graph progress:  73 % 5171.0
Graph progress:  74 % 22012.0
Graph progress:  75 % 9261.0
Graph progress:  76 % 3713.0
Graph progress:  77 % 5754.0
Graph progress:  78 % 166.0
Graph progress:  79 % 7704.0
Graph progress:  80 % 5546.0
Graph progress:  81 % 13881.0
Graph progress:  82 % 5278.0
Graph progress:  83 % 17445.0
Graph progress:  84 % 7812.0
Graph progress:  85 % 1158.0
Graph progress:  86 % 506.0
Graph progress:  87 % 15776.0
Graph progress:  88 % 2150.0
Graph progress:  89 % 15774.0
Graph progress:  90 % 11219.0
Graph progress:  91 % 6315.0
Graph progress:  92 % 2590.0
Graph progress:  93 % 6866.0
Graph progress:  94 % 1727.00001
Graph progress:  95 % 6790.0
Graph progress:  96 % 12461.0
Graph progress:  97 % 21910.0
Graph progress:  98 % 6960.0
Graph progress:  99 % 20637.0
Processed 26431 halos in snapshot 002_z013p000 of particle type 0
Write progress:  0 % 20954.0
Write progress:  1 % 3602.0
Write progress:  2 % 7782.0
Write progress:  3 % 15664.0
Write progress:  4 % 14046.0
Write progress:  5 % 22098.0
Write progress:  6 % 10463.0
Write progress:  7 % 4590.0
Write progress:  8 % 20021.0
Write progress:  9 % 18763.0
Write progress:  10 % 12058.0
Write progress:  11 % 196.00002
Write progress:  12 % 18043.0
Write progress:  13 % 6027.0
Write progress:  14 % 8336.0
Write progress:  15 % 8239.0
Write progress:  16 % 2935.0
Write progress:  17 % 3768.0
Write progress:  18 % 23134.0
Write progress:  19 % 17013.0
Write progress:  20 % 10509.0
Write progress:  21 % 3518.0
Write progress:  22 % 2419.00001
Write progress:  23 % 14630.0
Write progress:  24 % 5327.0
Write progress:  25 % 17010.0
Write progress:  26 % 23238.0
Write progress:  27 % 11027.0
Write progress:  28 % 17738.0
Write progress:  29 % 2572.00001
Write progress:  30 % 400.00001
Write progress:  31 % 8842.0
Write progress:  32 % 17869.0
Write progress:  33 % 21125.0
Write progress:  34 % 8971.0
Write progress:  35 % 16801.0
Write progress:  36 % 10892.0
Write progress:  37 % 1001.0
Write progress:  38 % 23146.0
Write progress:  39 % 3185.0
Write progress:  40 % 13273.0
Write progress:  41 % 18315.0
Write progress:  42 % 5946.0
Write progress:  43 % 11513.0
Write progress:  44 % 16232.0
Write progress:  45 % 17223.0
Write progress:  46 % 5432.0
Write progress:  47 % 3053.0
Write progress:  48 % 4617.0
Write progress:  49 % 11482.0
Write progress:  50 % 1592.0
Write progress:  51 % 21640.0
Write progress:  52 % 12343.0
Write progress:  53 % 14519.0
Write progress:  54 % 12988.0
Write progress:  55 % 14675.0
Write progress:  56 % 12403.0
Write progress:  57 % 9269.0
Write progress:  58 % 5301.0
Write progress:  59 % 3129.0
Write progress:  60 % 18700.0
Write progress:  61 % 8079.0
Write progress:  62 % 6008.0
Write progress:  63 % 153.00003
Write progress:  64 % 1175.00002
Write progress:  65 % 3037.0
Write progress:  66 % 16785.0
Write progress:  67 % 14968.0
Write progress:  68 % 14490.0
Write progress:  69 % 12983.0
Write progress:  70 % 10522.0
Write progress:  71 % 21622.0
Write progress:  72 % 12013.0
Write progress:  73 % 18261.0
Write progress:  74 % 248.00002
Write progress:  75 % 14211.0
Write progress:  76 % 12391.0
Write progress:  77 % 17842.0
Write progress:  78 % 13872.0
Write progress:  79 % 17074.0
Write progress:  80 % 21484.0
Write progress:  81 % 7255.0
Write progress:  82 % 22978.0
Write progress:  83 % 10217.00001
Write progress:  84 % 21462.0
Write progress:  85 % 3695.0
Write progress:  86 % 7520.0
Write progress:  87 % 13420.0
Write progress:  88 % 20072.0
Write progress:  89 % 20921.0
Write progress:  90 % 11776.0
Write progress:  91 % 1762.0
Write progress:  92 % 8679.0
Write progress:  93 % 4368.0
Write progress:  94 % 18826.0
Write progress:  95 % 4523.0
Write progress:  96 % 3016.0
Write progress:  97 % 15072.0
Write progress:  98 % 5993.0
Write progress:  99 % 4365.00001
Job done, info follows...
       JobID    JobName  Partition     MaxRSS    Elapsed ExitCode 
------------ ---------- ---------- ---------- ---------- -------- 
2042958_351  MEGA-FLAR+     cosma6              00:07:38      0:0 
2042958_351+     extern                         00:07:38      0:0 
